2013-11-14 22:10:42 URL:http://br0gspot.wordpress.com/ [33478] -> "br0gspot.wordpress.com_20131114/br0gspot.wordpress.com/index.html" [1]
2013-11-14 22:10:42 URL:http://br0gspot.wordpress.com/xmlrpc.php [42] -> "br0gspot.wordpress.com_20131114/br0gspot.wordpress.com/xmlrpc.php" [1]
2013-11-14 22:10:43 URL:http://br0gspot.wordpress.com/feed/ [10186] -> "br0gspot.wordpress.com_20131114/br0gspot.wordpress.com/feed/index.html" [1]
2013-11-14 22:10:43 URL:http://br0gspot.wordpress.com/comments/feed/ [1394] -> "br0gspot.wordpress.com_20131114/br0gspot.wordpress.com/comments/feed/index.html" [1]
2013-11-14 22:10:44 URL:http://br0gspot.wordpress.com/xmlrpc.php?rsd [869] -> "br0gspot.wordpress.com_20131114/br0gspot.wordpress.com/xmlrpc.php?rsd" [1]
2013-11-14 22:10:44 URL:http://br0gspot.wordpress.com/wp-includes/wlwmanifest.xml [1052/1052] -> "br0gspot.wordpress.com_20131114/br0gspot.wordpress.com/wp-includes/wlwmanifest.xml" [1]
2013-11-14 22:10:44 URL:http://br0gspot.wordpress.com/?openidserver=1 [24] -> "br0gspot.wordpress.com_20131114/br0gspot.wordpress.com/index.html?openidserver=1.html" [1]
2013-11-14 22:10:45 URL:http://br0gspot.wordpress.com/osd.xml [1569] -> "br0gspot.wordpress.com_20131114/br0gspot.wordpress.com/osd.xml" [1]
2013-11-14 22:10:47 URL:http://br0gspot.wordpress.com/about/ [40704] -> "br0gspot.wordpress.com_20131114/br0gspot.wordpress.com/about/index.html" [1]
2013-11-14 22:10:49 URL:http://br0gspot.wordpress.com/2013/01/29/return-of-the-hazardous-exercise-equipment/ [47983] -> "br0gspot.wordpress.com_20131114/br0gspot.wordpress.com/2013/01/29/return-of-the-hazardous-exercise-equipment/index.html" [1]
2013-11-14 22:10:50 URL:http://br0gspot.files.wordpress.com/2013/01/icon_ingame.jpg?w=640 [40376/40376] -> "br0gspot.wordpress.com_20131114/br0gspot.files.wordpress.com/2013/01/icon_ingame.jpg?w=640" [1]
2013-11-14 22:10:51 URL:http://br0gspot.wordpress.com/author/drshadowborg/ [24183] -> "br0gspot.wordpress.com_20131114/br0gspot.wordpress.com/author/drshadowborg/index.html" [1]
2013-11-14 22:10:52 URL:http://br0gspot.wordpress.com/2013/01/22/the-dangers-of-hazardous-exercise-equipment/ [47951] -> "br0gspot.wordpress.com_20131114/br0gspot.wordpress.com/2013/01/22/the-dangers-of-hazardous-exercise-equipment/index.html" [1]
2013-11-14 22:10:52 URL:http://br0gspot.files.wordpress.com/2013/01/icon.jpg?w=640 [63592/63592] -> "br0gspot.wordpress.com_20131114/br0gspot.files.wordpress.com/2013/01/icon.jpg?w=640" [1]
2013-11-14 22:10:53 URL:http://br0gspot.wordpress.com/2013/01/21/hellsmash-beta-3-special-edition-progress/ [48777] -> "br0gspot.wordpress.com_20131114/br0gspot.wordpress.com/2013/01/21/hellsmash-beta-3-special-edition-progress/index.html" [1]
2013-11-14 22:10:54 URL:http://br0gspot.files.wordpress.com/2013/01/furybreaker_wire.png?w=640 [7846/7846] -> "br0gspot.wordpress.com_20131114/br0gspot.files.wordpress.com/2013/01/furybreaker_wire.png?w=640" [1]
2013-11-14 22:10:54 URL:http://br0gspot.wordpress.com/tag/hellsmash-beta-3/ [18154] -> "br0gspot.wordpress.com_20131114/br0gspot.wordpress.com/tag/hellsmash-beta-3/index.html" [1]
2013-11-14 22:10:55 URL:http://br0gspot.wordpress.com/2013/01/21/teh-br0gspot-opens/ [48933] -> "br0gspot.wordpress.com_20131114/br0gspot.wordpress.com/2013/01/21/teh-br0gspot-opens/index.html" [1]
2013-11-14 22:10:56 URL:http://br0gspot.wordpress.com/tag/general-news/ [17518] -> "br0gspot.wordpress.com_20131114/br0gspot.wordpress.com/tag/general-news/index.html" [1]
2013-11-14 22:10:56 URL:http://br0gspot.wordpress.com/2013/01/ [23022] -> "br0gspot.wordpress.com_20131114/br0gspot.wordpress.com/2013/01/index.html" [1]
2013-11-14 22:10:57 URL:http://br0gspot.wordpress.com/category/uncategorized/ [23274] -> "br0gspot.wordpress.com_20131114/br0gspot.wordpress.com/category/uncategorized/index.html" [1]
2013-11-14 22:10:57 URL:http://br0gspot.wordpress.com/wp-login.php [7544] -> "br0gspot.wordpress.com_20131114/br0gspot.wordpress.com/wp-login.php.html" [1]
2013-11-14 22:10:58 URL:http://br0gspot.wordpress.com/about/feed/ [875] -> "br0gspot.wordpress.com_20131114/br0gspot.wordpress.com/about/feed/index.html" [1]
2013-11-14 22:10:58 URL:http://br0gspot.wordpress.com/wp-login.php?redirect_to=http%3A%2F%2Fbr0gspot.wordpress.com%2Fwp-admin%2Fpost-new.php%3Fpost_type%3Dpage&reauth=1 [7571] -> "br0gspot.wordpress.com_20131114/br0gspot.wordpress.com/wp-admin/post-new.php?post_type=page.html" [1]
2013-11-14 22:10:59 URL:http://br0gspot.wordpress.com/2013/01/29/return-of-the-hazardous-exercise-equipment/feed/ [1015] -> "br0gspot.wordpress.com_20131114/br0gspot.wordpress.com/2013/01/29/return-of-the-hazardous-exercise-equipment/feed/index.html" [1]
2013-11-14 22:10:59 URL:http://br0gspot.wordpress.com/author/drshadowborg/feed/ [10230] -> "br0gspot.wordpress.com_20131114/br0gspot.wordpress.com/author/drshadowborg/feed/index.html" [1]
2013-11-14 22:10:59 URL:http://br0gspot.wordpress.com/2013/01/22/the-dangers-of-hazardous-exercise-equipment/feed/ [1025] -> "br0gspot.wordpress.com_20131114/br0gspot.wordpress.com/2013/01/22/the-dangers-of-hazardous-exercise-equipment/feed/index.html" [1]
2013-11-14 22:11:00 URL:http://br0gspot.wordpress.com/2013/01/21/hellsmash-beta-3-special-edition-progress/feed/ [1012] -> "br0gspot.wordpress.com_20131114/br0gspot.wordpress.com/2013/01/21/hellsmash-beta-3-special-edition-progress/feed/index.html" [1]
2013-11-14 22:11:00 URL:http://br0gspot.wordpress.com/tag/hellsmash-beta-3/feed/ [4232] -> "br0gspot.wordpress.com_20131114/br0gspot.wordpress.com/tag/hellsmash-beta-3/feed/index.html" [1]
2013-11-14 22:11:01 URL:http://br0gspot.wordpress.com/2013/01/21/teh-br0gspot-opens/feed/ [1423] -> "br0gspot.wordpress.com_20131114/br0gspot.wordpress.com/2013/01/21/teh-br0gspot-opens/feed/index.html" [1]
2013-11-14 22:11:01 URL:http://br0gspot.wordpress.com/2013/01/21/teh-br0gspot-opens/comment-page-1/ [49046] -> "br0gspot.wordpress.com_20131114/br0gspot.wordpress.com/2013/01/21/teh-br0gspot-opens/comment-page-1/index.html" [1]
2013-11-14 22:11:02 URL:http://br0gspot.wordpress.com/tag/general-news/feed/ [3514] -> "br0gspot.wordpress.com_20131114/br0gspot.wordpress.com/tag/general-news/feed/index.html" [1]
2013-11-14 22:11:02 URL:http://br0gspot.wordpress.com/category/uncategorized/feed/ [10235] -> "br0gspot.wordpress.com_20131114/br0gspot.wordpress.com/category/uncategorized/feed/index.html" [1]
FINISHED --2013-11-14 22:11:02--
Total wall clock time: 22s
Downloaded: 33 files, 585K in 5.3s (109 KB/s)
