2015-08-08 20:13:14 URL:http://demospecs.half-empty.de/ [2183/2183] -> "demospecs.half-empty.de_20150808/index.html" [1]
2015-08-08 20:13:14 URL:http://demospecs.half-empty.de/dem/ [1277/1277] -> "demospecs.half-empty.de_20150808/dem/index.html" [1]
2015-08-08 20:13:15 URL:http://demospecs.half-empty.de/dm2/ [1319/1319] -> "demospecs.half-empty.de_20150808/dm2/index.html" [1]
2015-08-08 20:13:15 URL:http://demospecs.half-empty.de/dmo/ [1402/1402] -> "demospecs.half-empty.de_20150808/dmo/index.html" [1]
2015-08-08 20:13:15 URL:http://demospecs.half-empty.de/faq/ [1149/1149] -> "demospecs.half-empty.de_20150808/faq/index.html" [1]
2015-08-08 20:13:15 URL:http://demospecs.half-empty.de/lmp/ [1301/1301] -> "demospecs.half-empty.de_20150808/lmp/index.html" [1]
2015-08-08 20:13:15 URL:http://demospecs.half-empty.de/lmpc-beta/ [3570/3570] -> "demospecs.half-empty.de_20150808/lmpc-beta/index.html" [1]
2015-08-08 20:13:15 URL:http://demospecs.half-empty.de/lmpc-stable/ [3625/3625] -> "demospecs.half-empty.de_20150808/lmpc-stable/index.html" [1]
2015-08-08 20:13:15 URL:http://demospecs.half-empty.de/lmpc-alpha/ [2753/2753] -> "demospecs.half-empty.de_20150808/lmpc-alpha/index.html" [1]
2015-08-08 20:13:15 URL:http://demospecs.half-empty.de/misc/ [1542/1542] -> "demospecs.half-empty.de_20150808/misc/index.html" [1]
2015-08-08 20:13:15 URL:http://demospecs.half-empty.de/qwd/ [1207/1207] -> "demospecs.half-empty.de_20150808/qwd/index.html" [1]
2015-08-08 20:13:15 URL:http://demospecs.half-empty.de/pics/FreePower2.1.gif [19174/19174] -> "demospecs.half-empty.de_20150808/pics/FreePower2.1.gif" [1]
2015-08-08 20:13:15 URL:http://demospecs.half-empty.de/pics/anybrowser3.gif [2060/2060] -> "demospecs.half-empty.de_20150808/pics/anybrowser3.gif" [1]
2015-08-08 20:13:16 URL:http://demospecs.half-empty.de/dem/dem.html [90011/90011] -> "demospecs.half-empty.de_20150808/dem/dem.html" [1]
2015-08-08 20:13:16 URL:http://demospecs.half-empty.de/dem/dem.pdf [394154/394154] -> "demospecs.half-empty.de_20150808/dem/dem.pdf" [1]
2015-08-08 20:13:17 URL:http://demospecs.half-empty.de/dem/dem.sgml [98172/98172] -> "demospecs.half-empty.de_20150808/dem/dem.sgml" [1]
2015-08-08 20:13:17 URL:http://demospecs.half-empty.de/dm2/dm2.html [90087/90087] -> "demospecs.half-empty.de_20150808/dm2/dm2.html" [1]
2015-08-08 20:13:18 URL:http://demospecs.half-empty.de/dm2/dm2.pdf [405364/405364] -> "demospecs.half-empty.de_20150808/dm2/dm2.pdf" [1]
2015-08-08 20:13:18 URL:http://demospecs.half-empty.de/dm2/dm2.sgml [103944/103944] -> "demospecs.half-empty.de_20150808/dm2/dm2.sgml" [1]
2015-08-08 20:13:18 URL:http://demospecs.half-empty.de/dmo/dmo.html [27342/27342] -> "demospecs.half-empty.de_20150808/dmo/dmo.html" [1]
2015-08-08 20:13:18 URL:http://demospecs.half-empty.de/dmo/dmo.pdf [135689/135689] -> "demospecs.half-empty.de_20150808/dmo/dmo.pdf" [1]
2015-08-08 20:13:19 URL:http://demospecs.half-empty.de/dmo/dmo.sgml [26954/26954] -> "demospecs.half-empty.de_20150808/dmo/dmo.sgml" [1]
2015-08-08 20:13:19 URL:http://demospecs.half-empty.de/faq/faq.html [34863/34863] -> "demospecs.half-empty.de_20150808/faq/faq.html" [1]
2015-08-08 20:13:19 URL:http://demospecs.half-empty.de/faq/faq.pdf [204429/204429] -> "demospecs.half-empty.de_20150808/faq/faq.pdf" [1]
2015-08-08 20:13:19 URL:http://demospecs.half-empty.de/faq/faq.sgml [31807/31807] -> "demospecs.half-empty.de_20150808/faq/faq.sgml" [1]
2015-08-08 20:13:19 URL:http://demospecs.half-empty.de/lmp/lmp.html [50473/50473] -> "demospecs.half-empty.de_20150808/lmp/lmp.html" [1]
2015-08-08 20:13:20 URL:http://demospecs.half-empty.de/lmp/lmp.pdf [190808/190808] -> "demospecs.half-empty.de_20150808/lmp/lmp.pdf" [1]
2015-08-08 20:13:20 URL:http://demospecs.half-empty.de/lmp/lmp.sgml [52918/52918] -> "demospecs.half-empty.de_20150808/lmp/lmp.sgml" [1]
2015-08-08 20:13:20 URL:http://demospecs.half-empty.de/lmpc-beta/README [7853/7853] -> "demospecs.half-empty.de_20150808/lmpc-beta/README" [1]
2015-08-08 20:13:20 URL:http://demospecs.half-empty.de/lmpc-beta/lmpc.html [2863/2863] -> "demospecs.half-empty.de_20150808/lmpc-beta/lmpc.html" [1]
2015-08-08 20:13:20 URL:http://demospecs.half-empty.de/lmpc-beta/lmpc.txt [81255/81255] -> "demospecs.half-empty.de_20150808/lmpc-beta/lmpc.txt" [1]
2015-08-08 20:13:21 URL:http://demospecs.half-empty.de/lmpc-beta/lmpc.doc [72565/72565] -> "demospecs.half-empty.de_20150808/lmpc-beta/lmpc.doc" [1]
2015-08-08 20:13:21 URL:http://demospecs.half-empty.de/lmpc-beta/lmpc.ps [248377/248377] -> "demospecs.half-empty.de_20150808/lmpc-beta/lmpc.ps" [1]
2015-08-08 20:13:21 URL:http://demospecs.half-empty.de/lmpc-beta/lmpc.sgml [77094/77094] -> "demospecs.half-empty.de_20150808/lmpc-beta/lmpc.sgml" [1]
http://demospecs.half-empty.de/counter/count.exe?srgb=00ff00&prgb=101010&ft=0&tr=1&pad=0&df=pqdemospecs:
2015-08-08 20:13:22 ERROR 404: Not Found.
http://demospecs.half-empty.de/demospecs/icons/FreePower2.1.gif:
2015-08-08 20:13:22 ERROR 404: Not Found.
http://demospecs.half-empty.de/demospecs/icons/anybrowser3.gif:
2015-08-08 20:13:22 ERROR 404: Not Found.
2015-08-08 20:13:22 URL:http://demospecs.half-empty.de/lmpc-stable/README [8742/8742] -> "demospecs.half-empty.de_20150808/lmpc-stable/README" [1]
2015-08-08 20:13:22 URL:http://demospecs.half-empty.de/lmpc-stable/lmpc.html [3027/3027] -> "demospecs.half-empty.de_20150808/lmpc-stable/lmpc.html" [1]
2015-08-08 20:13:22 URL:http://demospecs.half-empty.de/lmpc-stable/lmpc.txt [88844/88844] -> "demospecs.half-empty.de_20150808/lmpc-stable/lmpc.txt" [1]
2015-08-08 20:13:22 URL:http://demospecs.half-empty.de/lmpc-stable/lmpc.doc [78910/78910] -> "demospecs.half-empty.de_20150808/lmpc-stable/lmpc.doc" [1]
2015-08-08 20:13:23 URL:http://demospecs.half-empty.de/lmpc-stable/lmpc.ps [262020/262020] -> "demospecs.half-empty.de_20150808/lmpc-stable/lmpc.ps" [1]
2015-08-08 20:13:23 URL:http://demospecs.half-empty.de/lmpc-stable/lmpc.sgml [84059/84059] -> "demospecs.half-empty.de_20150808/lmpc-stable/lmpc.sgml" [1]
2015-08-08 20:13:23 URL:http://demospecs.half-empty.de/lmpc-alpha/README [10383/10383] -> "demospecs.half-empty.de_20150808/lmpc-alpha/README" [1]
2015-08-08 20:13:23 URL:http://demospecs.half-empty.de/lmpc-alpha/lmpc.html [118470/118470] -> "demospecs.half-empty.de_20150808/lmpc-alpha/lmpc.html" [1]
2015-08-08 20:13:25 URL:http://demospecs.half-empty.de/lmpc-alpha/lmpc.pdf [468363/468363] -> "demospecs.half-empty.de_20150808/lmpc-alpha/lmpc.pdf" [1]
2015-08-08 20:13:25 URL:http://demospecs.half-empty.de/lmpc-alpha/lmpc.sgml [127701/127701] -> "demospecs.half-empty.de_20150808/lmpc-alpha/lmpc.sgml" [1]
2015-08-08 20:13:26 URL:http://demospecs.half-empty.de/misc/cd.html [2223/2223] -> "demospecs.half-empty.de_20150808/misc/cd.html" [1]
2015-08-08 20:13:26 URL:http://demospecs.half-empty.de/misc/ers.html [6205/6205] -> "demospecs.half-empty.de_20150808/misc/ers.html" [1]
2015-08-08 20:13:26 URL:http://demospecs.half-empty.de/misc/mulder.html [2762/2762] -> "demospecs.half-empty.de_20150808/misc/mulder.html" [1]
2015-08-08 20:13:26 URL:http://demospecs.half-empty.de/misc/procdm2.html [14649/14649] -> "demospecs.half-empty.de_20150808/misc/procdm2.html" [1]
2015-08-08 20:13:26 URL:http://demospecs.half-empty.de/misc/qfont.html [7348/7348] -> "demospecs.half-empty.de_20150808/misc/qfont.html" [1]
2015-08-08 20:13:26 URL:http://demospecs.half-empty.de/misc/win32.html [799/799] -> "demospecs.half-empty.de_20150808/misc/win32.html" [1]
2015-08-08 20:13:27 URL:http://demospecs.half-empty.de/qwd/qwd.html [104730/104730] -> "demospecs.half-empty.de_20150808/qwd/qwd.html" [1]
2015-08-08 20:13:28 URL:http://demospecs.half-empty.de/qwd/qwd.pdf [483378/483378] -> "demospecs.half-empty.de_20150808/qwd/qwd.pdf" [1]
2015-08-08 20:13:28 URL:http://demospecs.half-empty.de/qwd/qwd.sgml [117642/117642] -> "demospecs.half-empty.de_20150808/qwd/qwd.sgml" [1]
2015-08-08 20:13:29 URL:http://demospecs.half-empty.de/lmp/ [1301/1301] -> "demospecs.half-empty.de_20150808/lmp.1.html" [1]
2015-08-08 20:13:29 URL:http://demospecs.half-empty.de/dmo/ [1402/1402] -> "demospecs.half-empty.de_20150808/dmo.1.html" [1]
2015-08-08 20:13:29 URL:http://demospecs.half-empty.de/dem/ [1277/1277] -> "demospecs.half-empty.de_20150808/dem.1.html" [1]
2015-08-08 20:13:29 URL:http://demospecs.half-empty.de/qwd/ [1207/1207] -> "demospecs.half-empty.de_20150808/qwd.1.html" [1]
2015-08-08 20:13:29 URL:http://demospecs.half-empty.de/dm2/ [1319/1319] -> "demospecs.half-empty.de_20150808/dm2.1.html" [1]
2015-08-08 20:13:29 URL:http://demospecs.half-empty.de/lmpc-alpha/ [2753/2753] -> "demospecs.half-empty.de_20150808/lmpc-alpha.1.html" [1]
2015-08-08 20:13:29 URL:http://demospecs.half-empty.de/lmpc-beta/ [3570/3570] -> "demospecs.half-empty.de_20150808/lmpc-beta.1.html" [1]
2015-08-08 20:13:29 URL:http://demospecs.half-empty.de/lmpc-stable/ [3625/3625] -> "demospecs.half-empty.de_20150808/lmpc-stable.1.html" [1]
http://demospecs.half-empty.de/faq/www.opt-sci.Arizona.EDU/Pandora/q2:
2015-08-08 20:13:29 ERROR 404: Not Found.
2015-08-08 20:13:29 URL:http://demospecs.half-empty.de/lmpc-beta/lmpc-1.html [1789/1789] -> "demospecs.half-empty.de_20150808/lmpc-beta/lmpc-1.html" [1]
2015-08-08 20:13:29 URL:http://demospecs.half-empty.de/lmpc-beta/lmpc-2.html [17266/17266] -> "demospecs.half-empty.de_20150808/lmpc-beta/lmpc-2.html" [1]
2015-08-08 20:13:30 URL:http://demospecs.half-empty.de/lmpc-beta/lmpc-3.html [1272/1272] -> "demospecs.half-empty.de_20150808/lmpc-beta/lmpc-3.html" [1]
2015-08-08 20:13:30 URL:http://demospecs.half-empty.de/lmpc-beta/lmpc-4.html [15664/15664] -> "demospecs.half-empty.de_20150808/lmpc-beta/lmpc-4.html" [1]
2015-08-08 20:13:30 URL:http://demospecs.half-empty.de/lmpc-beta/lmpc-5.html [4217/4217] -> "demospecs.half-empty.de_20150808/lmpc-beta/lmpc-5.html" [1]
2015-08-08 20:13:30 URL:http://demospecs.half-empty.de/lmpc-beta/lmpc-6.html [16077/16077] -> "demospecs.half-empty.de_20150808/lmpc-beta/lmpc-6.html" [1]
2015-08-08 20:13:30 URL:http://demospecs.half-empty.de/lmpc-beta/lmpc-7.html [1385/1385] -> "demospecs.half-empty.de_20150808/lmpc-beta/lmpc-7.html" [1]
2015-08-08 20:13:30 URL:http://demospecs.half-empty.de/lmpc-beta/lmpc-8.html [1180/1180] -> "demospecs.half-empty.de_20150808/lmpc-beta/lmpc-8.html" [1]
2015-08-08 20:13:30 URL:http://demospecs.half-empty.de/lmpc-beta/lmpc-9.html [1168/1168] -> "demospecs.half-empty.de_20150808/lmpc-beta/lmpc-9.html" [1]
2015-08-08 20:13:30 URL:http://demospecs.half-empty.de/lmpc-beta/lmpc-10.html [1993/1993] -> "demospecs.half-empty.de_20150808/lmpc-beta/lmpc-10.html" [1]
2015-08-08 20:13:30 URL:http://demospecs.half-empty.de/lmpc-beta/lmpc-11.html [24608/24608] -> "demospecs.half-empty.de_20150808/lmpc-beta/lmpc-11.html" [1]
2015-08-08 20:13:30 URL:http://demospecs.half-empty.de/lmpc-stable/lmpc-1.html [2046/2046] -> "demospecs.half-empty.de_20150808/lmpc-stable/lmpc-1.html" [1]
2015-08-08 20:13:30 URL:http://demospecs.half-empty.de/lmpc-stable/lmpc-2.html [17525/17525] -> "demospecs.half-empty.de_20150808/lmpc-stable/lmpc-2.html" [1]
2015-08-08 20:13:30 URL:http://demospecs.half-empty.de/lmpc-stable/lmpc-3.html [1272/1272] -> "demospecs.half-empty.de_20150808/lmpc-stable/lmpc-3.html" [1]
2015-08-08 20:13:30 URL:http://demospecs.half-empty.de/lmpc-stable/lmpc-4.html [15663/15663] -> "demospecs.half-empty.de_20150808/lmpc-stable/lmpc-4.html" [1]
2015-08-08 20:13:30 URL:http://demospecs.half-empty.de/lmpc-stable/lmpc-5.html [4215/4215] -> "demospecs.half-empty.de_20150808/lmpc-stable/lmpc-5.html" [1]
2015-08-08 20:13:30 URL:http://demospecs.half-empty.de/lmpc-stable/lmpc-6.html [974/974] -> "demospecs.half-empty.de_20150808/lmpc-stable/lmpc-6.html" [1]
2015-08-08 20:13:31 URL:http://demospecs.half-empty.de/lmpc-stable/lmpc-7.html [16077/16077] -> "demospecs.half-empty.de_20150808/lmpc-stable/lmpc-7.html" [1]
2015-08-08 20:13:31 URL:http://demospecs.half-empty.de/lmpc-stable/lmpc-8.html [1385/1385] -> "demospecs.half-empty.de_20150808/lmpc-stable/lmpc-8.html" [1]
2015-08-08 20:13:31 URL:http://demospecs.half-empty.de/lmpc-stable/lmpc-9.html [1183/1183] -> "demospecs.half-empty.de_20150808/lmpc-stable/lmpc-9.html" [1]
2015-08-08 20:13:31 URL:http://demospecs.half-empty.de/lmpc-stable/lmpc-10.html [1173/1173] -> "demospecs.half-empty.de_20150808/lmpc-stable/lmpc-10.html" [1]
2015-08-08 20:13:31 URL:http://demospecs.half-empty.de/lmpc-stable/lmpc-11.html [2967/2967] -> "demospecs.half-empty.de_20150808/lmpc-stable/lmpc-11.html" [1]
2015-08-08 20:13:31 URL:http://demospecs.half-empty.de/lmpc-stable/lmpc-12.html [29980/29980] -> "demospecs.half-empty.de_20150808/lmpc-stable/lmpc-12.html" [1]
http://demospecs.half-empty.de/faq/faq-2.html:
2015-08-08 20:13:31 ERROR 404: Not Found.
2015-08-08 20:13:31 URL:http://demospecs.half-empty.de/misc/cd.dem [95/95] -> "demospecs.half-empty.de_20150808/misc/cd.dem" [1]
2015-08-08 20:13:31 URL:http://demospecs.half-empty.de/misc/cd.txt [1864/1864] -> "demospecs.half-empty.de_20150808/misc/cd.txt" [1]
2015-08-08 20:13:31 URL:http://demospecs.half-empty.de/misc/ers [5865/5865] -> "demospecs.half-empty.de_20150808/misc/ers" [1]
2015-08-08 20:13:31 URL:http://demospecs.half-empty.de/misc/mulder [2449/2449] -> "demospecs.half-empty.de_20150808/misc/mulder" [1]
http://demospecs.half-empty.de/misc/dm2proc.pl:
2015-08-08 20:13:31 ERROR 404: Not Found.
http://demospecs.half-empty.de/demospecs/lmpc-stable:
2015-08-08 20:13:31 ERROR 404: Not Found.
2015-08-08 20:13:31 URL:http://demospecs.half-empty.de/misc/qfont.dem [4175/4175] -> "demospecs.half-empty.de_20150808/misc/qfont.dem" [1]
2015-08-08 20:13:31 URL:http://demospecs.half-empty.de/misc/qfont.txt [6948/6948] -> "demospecs.half-empty.de_20150808/misc/qfont.txt" [1]
2015-08-08 20:13:33 URL:http://demospecs.half-empty.de/misc/qfont.pcx [373013/373013] -> "demospecs.half-empty.de_20150808/misc/qfont.pcx" [1]
2015-08-08 20:13:33 URL:http://demospecs.half-empty.de/misc/cygwin.dll [361984/361984] -> "demospecs.half-empty.de_20150808/misc/cygwin.dll" [1]
2015-08-08 20:13:34 URL:http://demospecs.half-empty.de/misc/cygwinb19.dll [386582/386582] -> "demospecs.half-empty.de_20150808/misc/cygwinb19.dll" [1]
2015-08-08 20:13:36 URL:http://demospecs.half-empty.de/misc/cygwin1.dll [1295582/1295582] -> "demospecs.half-empty.de_20150808/misc/cygwin1.dll" [1]
FINISHED --2015-08-08 20:13:36--
Total wall clock time: 21s
Downloaded: 94 files, 6.8M in 13s (515 KB/s)
