2013-03-24 18:37:13 URL:http://euroquake.webs.com/ [399284] -> "euroquake.webs.com_20130324/index.html" [1]
2013-03-24 18:37:13 URL:http://euroquake.webs.com/.design.css?r=199 [678/678] -> "euroquake.webs.com_20130324/.design.css?r=199.css" [1]
2013-03-24 18:37:14 URL:http://euroquake.webs.com/pbtek1_06.jpg [198496/198496] -> "euroquake.webs.com_20130324/pbtek1_06.jpg" [1]
2013-03-24 18:37:14 URL:http://euroquake.webs.com/guides.htm [11332] -> "euroquake.webs.com_20130324/guides.htm" [1]
2013-03-24 18:37:15 URL:http://euroquake.webs.com/downloads.htm [8826] -> "euroquake.webs.com_20130324/downloads.htm" [1]
2013-03-24 18:37:16 URL:http://euroquake.webs.com/serverlist.htm [118506] -> "euroquake.webs.com_20130324/serverlist.htm" [1]
2013-03-24 18:37:17 URL:http://euroquake.webs.com/about.htm [19290] -> "euroquake.webs.com_20130324/about.htm" [1]
2013-03-24 18:37:17 URL:http://euroquake.webs.com/rules.htm [9813] -> "euroquake.webs.com_20130324/rules.htm" [1]
2013-03-24 18:37:19 URL:http://euroquake.webs.com/apps/guestbook/ [52484] -> "euroquake.webs.com_20130324/apps/guestbook/index.html" [1]
2013-03-24 18:37:19 URL:http://euroquake.webs.com/apps/links/ [16265] -> "euroquake.webs.com_20130324/apps/links/index.html" [1]
2013-03-24 18:37:20 URL:http://euroquake.webs.com/fragofthemonth.htm [9196] -> "euroquake.webs.com_20130324/fragofthemonth.htm" [1]
2013-03-24 18:37:21 URL:http://euroquake.webs.com/bannerffa7.jpg [349476/349476] -> "euroquake.webs.com_20130324/bannerffa7.jpg" [1]
2013-03-24 18:37:22 URL:http://euroquake.webs.com/follie.jpg [57139/57139] -> "euroquake.webs.com_20130324/follie.jpg" [1]
2013-03-24 18:37:23 URL:http://euroquake.webs.com/mk.jpg [59722/59722] -> "euroquake.webs.com_20130324/mk.jpg" [1]
2013-03-24 18:37:24 URL:http://euroquake.webs.com/fij1.jpg [62757/62757] -> "euroquake.webs.com_20130324/fij1.jpg" [1]
2013-03-24 18:37:24 URL:http://euroquake.webs.com/domus.jpg [67160/67160] -> "euroquake.webs.com_20130324/domus.jpg" [1]
2013-03-24 18:37:25 URL:http://euroquake.webs.com/deceit.jpg [62108/62108] -> "euroquake.webs.com_20130324/deceit.jpg" [1]
2013-03-24 18:37:26 URL:http://euroquake.webs.com/razerimperator.jpg [80882/80882] -> "euroquake.webs.com_20130324/razerimperator.jpg" [1]
2013-03-24 18:37:26 URL:http://euroquake.webs.com/ffa6scorelist.png [13107/13107] -> "euroquake.webs.com_20130324/ffa6scorelist.png" [1]
2013-03-24 18:37:27 URL:http://euroquake.webs.com/ffa6banner.jpg [309665/309665] -> "euroquake.webs.com_20130324/ffa6banner.jpg" [1]
2013-03-24 18:37:28 URL:http://euroquake.webs.com/score1.jpg [47796/47796] -> "euroquake.webs.com_20130324/score1.jpg" [1]
2013-03-24 18:37:29 URL:http://euroquake.webs.com/score2.jpg [42734/42734] -> "euroquake.webs.com_20130324/score2.jpg" [1]
2013-03-24 18:37:29 URL:http://euroquake.webs.com/score3.jpg [37563/37563] -> "euroquake.webs.com_20130324/score3.jpg" [1]
2013-03-24 18:37:30 URL:http://euroquake.webs.com/score4.jpg [43167/43167] -> "euroquake.webs.com_20130324/score4.jpg" [1]
2013-03-24 18:37:30 URL:http://euroquake.webs.com/score5.jpg [40406/40406] -> "euroquake.webs.com_20130324/score5.jpg" [1]
2013-03-24 18:37:31 URL:http://euroquake.webs.com/score6.jpg [42216/42216] -> "euroquake.webs.com_20130324/score6.jpg" [1]
2013-03-24 18:37:32 URL:http://euroquake.webs.com/score7.jpg [40956/40956] -> "euroquake.webs.com_20130324/score7.jpg" [1]
2013-03-24 18:37:32 URL:http://euroquake.webs.com/shirts.jpg [14957/14957] -> "euroquake.webs.com_20130324/shirts.jpg" [1]
2013-03-24 18:37:33 URL:http://euroquake.webs.com/ffa4omdm1.jpg [105091/105091] -> "euroquake.webs.com_20130324/ffa4omdm1.jpg" [1]
2013-03-24 18:37:34 URL:http://euroquake.webs.com/dranzdm7.jpg [117151/117151] -> "euroquake.webs.com_20130324/dranzdm7.jpg" [1]
2013-03-24 18:37:35 URL:http://euroquake.webs.com/dazdm12.jpg [97120/97120] -> "euroquake.webs.com_20130324/dazdm12.jpg" [1]
2013-03-24 18:37:35 URL:http://euroquake.webs.com/pain-giver.jpg [99568/99568] -> "euroquake.webs.com_20130324/pain-giver.jpg" [1]
2013-03-24 18:37:36 URL:http://euroquake.webs.com/dm7.jpg [82061/82061] -> "euroquake.webs.com_20130324/dm7.jpg" [1]
2013-03-24 18:37:37 URL:http://euroquake.webs.com/ffa3_1.jpg [70676/70676] -> "euroquake.webs.com_20130324/ffa3_1.jpg" [1]
2013-03-24 18:37:37 URL:http://euroquake.webs.com/ffa3_2.jpg [51319/51319] -> "euroquake.webs.com_20130324/ffa3_2.jpg" [1]
2013-03-24 18:37:38 URL:http://euroquake.webs.com/ffa3_3.jpg [56810/56810] -> "euroquake.webs.com_20130324/ffa3_3.jpg" [1]
2013-03-24 18:37:39 URL:http://euroquake.webs.com/ffa3_4.jpg [46284/46284] -> "euroquake.webs.com_20130324/ffa3_4.jpg" [1]
2013-03-24 18:37:39 URL:http://euroquake.webs.com/ffa3_5.jpg [52540/52540] -> "euroquake.webs.com_20130324/ffa3_5.jpg" [1]
2013-03-24 18:37:40 URL:http://euroquake.webs.com/ffa3banner.jpg [120254/120254] -> "euroquake.webs.com_20130324/ffa3banner.jpg" [1]
2013-03-24 18:37:41 URL:http://euroquake.webs.com/dm62.jpg [69662/69662] -> "euroquake.webs.com_20130324/dm62.jpg" [1]
2013-03-24 18:37:42 URL:http://euroquake.webs.com/croctear2.jpg [64202/64202] -> "euroquake.webs.com_20130324/croctear2.jpg" [1]
2013-03-24 18:37:42 URL:http://euroquake.webs.com/dm22.jpg [52149/52149] -> "euroquake.webs.com_20130324/dm22.jpg" [1]
2013-03-24 18:37:43 URL:http://euroquake.webs.com/dranzdm82.jpg [41096/41096] -> "euroquake.webs.com_20130324/dranzdm82.jpg" [1]
2013-03-24 18:37:44 URL:http://euroquake.webs.com/e1m22.jpg [44153/44153] -> "euroquake.webs.com_20130324/e1m22.jpg" [1]
2013-03-24 18:37:44 URL:http://euroquake.webs.com/ultrav1.jpg [17032/17032] -> "euroquake.webs.com_20130324/ultrav1.jpg" [1]
2013-03-24 18:37:44 URL:http://euroquake.webs.com/dm2.jpg [12332/12332] -> "euroquake.webs.com_20130324/dm2.jpg" [1]
2013-03-24 18:37:45 URL:http://euroquake.webs.com/omdm1-FFA1.jpg [13851/13851] -> "euroquake.webs.com_20130324/omdm1-FFA1.jpg" [1]
2013-03-24 18:37:45 URL:http://euroquake.webs.com/cleaver.jpg [12590/12590] -> "euroquake.webs.com_20130324/cleaver.jpg" [1]
2013-03-24 18:37:46 URL:http://euroquake.webs.com/e1m2.jpg [11534/11534] -> "euroquake.webs.com_20130324/e1m2.jpg" [1]
2013-03-24 18:37:47 URL:http://euroquake.webs.com/Logoeuroquake.jpg [176137/176137] -> "euroquake.webs.com_20130324/Logoeuroquake.jpg" [1]
2013-03-24 18:37:47 URL:http://euroquake.webs.com/.design.css?r=215 [678/678] -> "euroquake.webs.com_20130324/.design.css?r=215.css" [1]
2013-03-24 18:37:48 URL:http://euroquake.webs.com/consolecodes.htm [35934] -> "euroquake.webs.com_20130324/consolecodes.htm" [1]
2013-03-24 18:37:48 URL:http://euroquake.webs.com/thebasics.htm [15474] -> "euroquake.webs.com_20130324/thebasics.htm" [1]
2013-03-24 18:37:49 URL:http://euroquake.webs.com/dictionary.htm [25262] -> "euroquake.webs.com_20130324/dictionary.htm" [1]
2013-03-24 18:37:50 URL:http://euroquake.webs.com/guides2.htm [27676] -> "euroquake.webs.com_20130324/guides2.htm" [1]
2013-03-24 18:37:51 URL:http://euroquake.webs.com/monsters.htm [24199] -> "euroquake.webs.com_20130324/monsters.htm" [1]
2013-03-24 18:37:51 URL:http://euroquake.webs.com/.design.css?r=257 [678/678] -> "euroquake.webs.com_20130324/.design.css?r=257.css" [1]
2013-03-24 18:37:51 URL:http://euroquake.webs.com/.design.css?r=453 [678/678] -> "euroquake.webs.com_20130324/.design.css?r=453.css" [1]
2013-03-24 18:37:52 URL:http://euroquake.webs.com/servers.jpg [130787/130787] -> "euroquake.webs.com_20130324/servers.jpg" [1]
2013-03-24 18:37:52 URL:http://euroquake.webs.com/.design.css?r=655 [678/678] -> "euroquake.webs.com_20130324/.design.css?r=655.css" [1]
2013-03-24 18:37:53 URL:http://euroquake.webs.com/quake2.gif [9631/9631] -> "euroquake.webs.com_20130324/quake2.gif" [1]
2013-03-24 18:37:53 URL:http://euroquake.webs.com/back.jpg [100584/100584] -> "euroquake.webs.com_20130324/back.jpg" [1]
2013-03-24 18:37:54 URL:http://euroquake.webs.com/.design.css?r=865 [678/678] -> "euroquake.webs.com_20130324/.design.css?r=865.css" [1]
2013-03-24 18:37:54 URL:http://euroquake.webs.com/.design.css?r=95 [678/678] -> "euroquake.webs.com_20130324/.design.css?r=95.css" [1]
2013-03-24 18:37:55 URL:http://euroquake.webs.com/apps/auth/login [8737] -> "euroquake.webs.com_20130324/apps/auth/login.html" [1]
2013-03-24 18:37:56 URL:http://euroquake.webs.com/apps/guestbook/?&fw_comments_page=2&fw_comments_order=DESC [52485] -> "euroquake.webs.com_20130324/apps/guestbook/index.html?&fw_comments_page=2&fw_comments_order=DESC.html" [1]
2013-03-24 18:37:57 URL:http://euroquake.webs.com/apps/guestbook/?&fw_comments_page=3&fw_comments_order=DESC [52485] -> "euroquake.webs.com_20130324/apps/guestbook/index.html?&fw_comments_page=3&fw_comments_order=DESC.html" [1]
2013-03-24 18:37:58 URL:http://euroquake.webs.com/apps/guestbook/?&fw_comments_page=7&fw_comments_order=DESC [52485] -> "euroquake.webs.com_20130324/apps/guestbook/index.html?&fw_comments_page=7&fw_comments_order=DESC.html" [1]
2013-03-24 18:37:59 URL:http://euroquake.webs.com/.design.css?r=787 [678/678] -> "euroquake.webs.com_20130324/.design.css?r=787.css" [1]
2013-03-24 18:37:59 URL:http://euroquake.webs.com/.design.css?r=26 [678/678] -> "euroquake.webs.com_20130324/.design.css?r=26.css" [1]
2013-03-24 18:37:59 URL:http://euroquake.webs.com/.design.css?r=922 [678/678] -> "euroquake.webs.com_20130324/.design.css?r=922.css" [1]
2013-03-24 18:37:59 URL:http://euroquake.webs.com/.design.css?r=292 [678/678] -> "euroquake.webs.com_20130324/.design.css?r=292.css" [1]
2013-03-24 18:38:00 URL:http://euroquake.webs.com/.design.css?r=984 [678/678] -> "euroquake.webs.com_20130324/.design.css?r=984.css" [1]
2013-03-24 18:38:00 URL:http://euroquake.webs.com/.design.css?r=629 [678/678] -> "euroquake.webs.com_20130324/.design.css?r=629.css" [1]
2013-03-24 18:38:00 URL:http://euroquake.webs.com/.design.css?r=681 [678/678] -> "euroquake.webs.com_20130324/.design.css?r=681.css" [1]
2013-03-24 18:38:01 URL:http://euroquake.webs.com/apps/auth/ [8737] -> "euroquake.webs.com_20130324/apps/auth/index.html" [1]
2013-03-24 18:38:01 URL:http://euroquake.webs.com/.design.css?r=941 [678/678] -> "euroquake.webs.com_20130324/.design.css?r=941.css" [1]
2013-03-24 18:38:01 URL:http://euroquake.webs.com/apps/auth/signup [17306] -> "euroquake.webs.com_20130324/apps/auth/signup.html" [1]
2013-03-24 18:38:02 URL:http://euroquake.webs.com/apps/auth/forgotPassword [7693] -> "euroquake.webs.com_20130324/apps/auth/forgotPassword.html" [1]
2013-03-24 18:38:02 URL:http://euroquake.webs.com/apps/auth/aboutWebs [7446] -> "euroquake.webs.com_20130324/apps/auth/aboutWebs.html" [1]
2013-03-24 18:38:03 URL:http://euroquake.webs.com/.design.css?r=857 [678/678] -> "euroquake.webs.com_20130324/.design.css?r=857.css" [1]
2013-03-24 18:38:03 URL:http://euroquake.webs.com/.design.css?r=478 [678/678] -> "euroquake.webs.com_20130324/.design.css?r=478.css" [1]
2013-03-24 18:38:03 URL:http://euroquake.webs.com/.design.css?r=718 [678/678] -> "euroquake.webs.com_20130324/.design.css?r=718.css" [1]
2013-03-24 18:38:03 URL:http://euroquake.webs.com/.design.css?r=388 [678/678] -> "euroquake.webs.com_20130324/.design.css?r=388.css" [1]
2013-03-24 18:38:04 URL:http://euroquake.webs.com/.design.css?r=180 [678/678] -> "euroquake.webs.com_20130324/.design.css?r=180.css" [1]
2013-03-24 18:38:04 URL:http://euroquake.webs.com/apps/auth/login? [8736] -> "euroquake.webs.com_20130324/apps/auth/login?.html" [1]
2013-03-24 18:38:05 URL:http://euroquake.webs.com/apps/auth/termsOfService [64705] -> "euroquake.webs.com_20130324/apps/auth/termsOfService.html" [1]
2013-03-24 18:38:05 URL:http://euroquake.webs.com/.design.css?r=991 [678/678] -> "euroquake.webs.com_20130324/.design.css?r=991.css" [1]
2013-03-24 18:38:06 URL:http://euroquake.webs.com/.design.css?r=464 [678/678] -> "euroquake.webs.com_20130324/.design.css?r=464.css" [1]
2013-03-24 18:38:06 URL:http://euroquake.webs.com/apps/auth/signup.jsp [17306] -> "euroquake.webs.com_20130324/apps/auth/signup.jsp.html" [1]
2013-03-24 18:38:06 URL:http://euroquake.webs.com/.design.css?r=24 [678/678] -> "euroquake.webs.com_20130324/.design.css?r=24.css" [1]
2013-03-24 18:38:07 URL:http://euroquake.webs.com/.design.css?r=879 [678/678] -> "euroquake.webs.com_20130324/.design.css?r=879.css" [1]
2013-03-24 18:38:07 URL:http://euroquake.webs.com/.design.css?r=606 [678/678] -> "euroquake.webs.com_20130324/.design.css?r=606.css" [1]
FINISHED --2013-03-24 18:38:07--
Total wall clock time: 56s
Downloaded: 93 files, 4.1M in 24s (173 KB/s)
