2013-06-18 19:47:55 URL:http://evanwagner.tripod.com/ [15432] -> "evanwagner.tripod.com_20130618/index.html" [1]
2013-06-18 19:47:56 URL:http://evanwagner.tripod.com/windlash/ [17244] -> "evanwagner.tripod.com_20130618/windlash.html" [1]
2013-06-18 19:47:56 URL:http://evanwagner.tripod.com/windlash/wind_ss.css [969/969] -> "evanwagner.tripod.com_20130618/windlash/wind_ss.css" [1]
2013-06-18 19:47:57 URL:http://evanwagner.tripod.com/windlash/images/wind_bg.jpg [15410/15410] -> "evanwagner.tripod.com_20130618/windlash/images/wind_bg.jpg" [1]
2013-06-18 19:47:57 URL:http://evanwagner.tripod.com/windlash/ev_levels.html [17175] -> "evanwagner.tripod.com_20130618/windlash/ev_levels.html" [1]
2013-06-18 19:47:58 URL:http://evanwagner.tripod.com/windlash/images/evdm1_1.jpg [76245/76245] -> "evanwagner.tripod.com_20130618/windlash/images/evdm1_1.jpg" [1]
2013-06-18 19:47:59 URL:http://evanwagner.tripod.com/windlash/images/evdm1_1_s.jpg [10805/10805] -> "evanwagner.tripod.com_20130618/windlash/images/evdm1_1_s.jpg" [1]
2013-06-18 19:47:59 URL:http://evanwagner.tripod.com/windlash/images/evdm1_2.jpg [67212/67212] -> "evanwagner.tripod.com_20130618/windlash/images/evdm1_2.jpg" [1]
2013-06-18 19:48:00 URL:http://evanwagner.tripod.com/windlash/images/evdm1_2_s.jpg [10842/10842] -> "evanwagner.tripod.com_20130618/windlash/images/evdm1_2_s.jpg" [1]
2013-06-18 19:48:01 URL:http://evanwagner.tripod.com/windlash/images/evdm1_3.jpg [78656/78656] -> "evanwagner.tripod.com_20130618/windlash/images/evdm1_3.jpg" [1]
2013-06-18 19:48:01 URL:http://evanwagner.tripod.com/windlash/images/evdm1_3_s.jpg [10629/10629] -> "evanwagner.tripod.com_20130618/windlash/images/evdm1_3_s.jpg" [1]
2013-06-18 19:48:02 URL:http://evanwagner.tripod.com/windlash/images/evdm1_4.jpg [99612/99612] -> "evanwagner.tripod.com_20130618/windlash/images/evdm1_4.jpg" [1]
2013-06-18 19:48:03 URL:http://evanwagner.tripod.com/windlash/images/evdm1_4_s.jpg [11153/11153] -> "evanwagner.tripod.com_20130618/windlash/images/evdm1_4_s.jpg" [1]
2013-06-18 19:48:04 URL:http://evanwagner.tripod.com/windlash/images/evdm1_5.jpg [74601/74601] -> "evanwagner.tripod.com_20130618/windlash/images/evdm1_5.jpg" [1]
2013-06-18 19:48:04 URL:http://evanwagner.tripod.com/windlash/images/evdm1_5_s.jpg [10713/10713] -> "evanwagner.tripod.com_20130618/windlash/images/evdm1_5_s.jpg" [1]
2013-06-18 19:48:05 URL:http://evanwagner.tripod.com/windlash/images/evdm1_6.jpg [49684/49684] -> "evanwagner.tripod.com_20130618/windlash/images/evdm1_6.jpg" [1]
2013-06-18 19:48:06 URL:http://evanwagner.tripod.com/windlash/images/evdm1_6_s.jpg [10851/10851] -> "evanwagner.tripod.com_20130618/windlash/images/evdm1_6_s.jpg" [1]
2013-06-18 19:48:07 URL:http://evanwagner.tripod.com/windlash/levels/evdm1.zip [334080/334080] -> "evanwagner.tripod.com_20130618/windlash/levels/evdm1.zip" [1]
2013-06-18 19:48:12 URL:http://evanwagner.tripod.com/windlash/evdm1.zip [1636508/1636508] -> "evanwagner.tripod.com_20130618/windlash/evdm1.zip" [1]
http://evanwagner.tripod.com/windlash/images/bullet.gif:
2013-06-18 19:48:12 ERROR 404: Not Found.
2013-06-18 19:48:13 URL:http://evanwagner.tripod.com/windlash/index.html [17244] -> "evanwagner.tripod.com_20130618/windlash/index.html" [1]
2013-06-18 19:48:14 URL:http://evanwagner.tripod.com/windlash/images/evspq1_1.jpg [72649/72649] -> "evanwagner.tripod.com_20130618/windlash/images/evspq1_1.jpg" [1]
2013-06-18 19:48:15 URL:http://evanwagner.tripod.com/windlash/images/evspq1_1_s.jpg [11638/11638] -> "evanwagner.tripod.com_20130618/windlash/images/evspq1_1_s.jpg" [1]
2013-06-18 19:48:16 URL:http://evanwagner.tripod.com/windlash/images/evspq1_2.jpg [32094/32094] -> "evanwagner.tripod.com_20130618/windlash/images/evspq1_2.jpg" [1]
2013-06-18 19:48:16 URL:http://evanwagner.tripod.com/windlash/images/evspq1_2_s.jpg [10862/10862] -> "evanwagner.tripod.com_20130618/windlash/images/evspq1_2_s.jpg" [1]
2013-06-18 19:48:17 URL:http://evanwagner.tripod.com/windlash/images/evspq1_3.jpg [46367/46367] -> "evanwagner.tripod.com_20130618/windlash/images/evspq1_3.jpg" [1]
2013-06-18 19:48:17 URL:http://evanwagner.tripod.com/windlash/images/evspq1_3_s.jpg [11466/11466] -> "evanwagner.tripod.com_20130618/windlash/images/evspq1_3_s.jpg" [1]
2013-06-18 19:48:20 URL:http://evanwagner.tripod.com/windlash/levels/evspq1.zip [971505/971505] -> "evanwagner.tripod.com_20130618/windlash/levels/evspq1.zip" [1]
FINISHED --2013-06-18 19:48:20--
Total wall clock time: 26s
Downloaded: 27 files, 3.5M in 17s (213 KB/s)
