2012-11-29 18:40:20 URL:http://ezquake.sourceforge.net/ [8840/8840] -> "ezquake.sourceforge.net_20121129/index.html" [1]
2012-11-29 18:40:20 URL:http://ezquake.sourceforge.net/base2.css [5080/5080] -> "ezquake.sourceforge.net_20121129/base2.css" [1]
2012-11-29 18:40:21 URL:http://ezquake.sourceforge.net/about/ [5999/5999] -> "ezquake.sourceforge.net_20121129/about/index.html" [1]
2012-11-29 18:40:21 URL:http://ezquake.sourceforge.net/features/ [6767/6767] -> "ezquake.sourceforge.net_20121129/features/index.html" [1]
2012-11-29 18:40:21 URL:http://ezquake.sourceforge.net/gallery/ [9252/9252] -> "ezquake.sourceforge.net_20121129/gallery/index.html" [1]
2012-11-29 18:40:21 URL:http://ezquake.sourceforge.net/download/ [9648/9648] -> "ezquake.sourceforge.net_20121129/download/index.html" [1]
2012-11-29 18:40:22 URL:http://ezquake.sourceforge.net/docs/ [12170/12170] -> "ezquake.sourceforge.net_20121129/docs/index.html" [1]
2012-11-29 18:40:22 URL:http://ezquake.sourceforge.net/development/ [5736/5736] -> "ezquake.sourceforge.net_20121129/development/index.html" [1]
2012-11-29 18:40:23 URL:http://ezquake.sourceforge.net/gfx/windows_24.png [1464/1464] -> "ezquake.sourceforge.net_20121129/gfx/windows_24.png" [1]
2012-11-29 18:40:23 URL:http://ezquake.sourceforge.net/gfx/linux_24.png [949/949] -> "ezquake.sourceforge.net_20121129/gfx/linux_24.png" [1]
2012-11-29 18:40:23 URL:http://ezquake.sourceforge.net/gfx/apple_24.png [1195/1195] -> "ezquake.sourceforge.net_20121129/gfx/apple_24.png" [1]
2012-11-29 18:40:23 URL:http://ezquake.sourceforge.net/gfx/freebsd_24.png [1484/1484] -> "ezquake.sourceforge.net_20121129/gfx/freebsd_24.png" [1]
2012-11-29 18:40:23 URL:http://ezquake.sourceforge.net/docs/?install [4428/4428] -> "ezquake.sourceforge.net_20121129/docs/index.html?install.html" [1]
2012-11-29 18:40:24 URL:http://www.quakeworld.nu/forum/8 [61228] -> "ezquake.sourceforge.net_20121129/forum/index.html" [1]
2012-11-29 18:40:24 URL:http://ezquake.sourceforge.net/gfx/v_stripe_l.png [117/117] -> "ezquake.sourceforge.net_20121129/gfx/v_stripe_l.png" [1]
2012-11-29 18:40:25 URL:http://ezquake.sourceforge.net/gfx/top_stripe.png [2485/2485] -> "ezquake.sourceforge.net_20121129/gfx/top_stripe.png" [1]
2012-11-29 18:40:25 URL:http://ezquake.sourceforge.net/gfx/top_left.png [71188/71188] -> "ezquake.sourceforge.net_20121129/gfx/top_left.png" [1]
2012-11-29 18:40:25 URL:http://ezquake.sourceforge.net/gfx/top_right.png [31049/31049] -> "ezquake.sourceforge.net_20121129/gfx/top_right.png" [1]
2012-11-29 18:40:26 URL:http://ezquake.sourceforge.net/gfx/h2_tile.png [215/215] -> "ezquake.sourceforge.net_20121129/gfx/h2_tile.png" [1]
2012-11-29 18:40:26 URL:http://ezquake.sourceforge.net/gfx/h2_left.png [2449/2449] -> "ezquake.sourceforge.net_20121129/gfx/h2_left.png" [1]
2012-11-29 18:40:27 URL:http://ezquake.sourceforge.net/docs/?credits [6703/6703] -> "ezquake.sourceforge.net_20121129/docs/index.html?credits.html" [1]
2012-11-29 18:40:27 URL:http://ezquake.sourceforge.net/docs/?features [7764/7764] -> "ezquake.sourceforge.net_20121129/docs/index.html?features.html" [1]
2012-11-29 18:40:29 URL:http://ezquake.sourceforge.net/gallery/armor_battle.png [672460/672460] -> "ezquake.sourceforge.net_20121129/gallery/armor_battle.png" [1]
2012-11-29 18:40:29 URL:http://ezquake.sourceforge.net/gallery/_th_armor_battle.jpg [2641/2641] -> "ezquake.sourceforge.net_20121129/gallery/_th_armor_battle.jpg" [1]
2012-11-29 18:40:30 URL:http://ezquake.sourceforge.net/gallery/observing_features.jpg [571469/571469] -> "ezquake.sourceforge.net_20121129/gallery/observing_features.jpg" [1]
2012-11-29 18:40:30 URL:http://ezquake.sourceforge.net/gallery/_th_observing_features.jpg [3130/3130] -> "ezquake.sourceforge.net_20121129/gallery/_th_observing_features.jpg" [1]
2012-11-29 18:40:33 URL:http://ezquake.sourceforge.net/gallery/bloom.jpg [1015365/1015365] -> "ezquake.sourceforge.net_20121129/gallery/bloom.jpg" [1]
2012-11-29 18:40:33 URL:http://ezquake.sourceforge.net/gallery/_th_bloom.jpg [10581/10581] -> "ezquake.sourceforge.net_20121129/gallery/_th_bloom.jpg" [1]
2012-11-29 18:40:34 URL:http://ezquake.sourceforge.net/gallery/powerupshells.jpg [917758/917758] -> "ezquake.sourceforge.net_20121129/gallery/powerupshells.jpg" [1]
2012-11-29 18:40:35 URL:http://ezquake.sourceforge.net/gallery/_th_powerupshells.jpg [9512/9512] -> "ezquake.sourceforge.net_20121129/gallery/_th_powerupshells.jpg" [1]
2012-11-29 18:40:35 URL:http://ezquake.sourceforge.net/gallery/rich_menus.png [236798/236798] -> "ezquake.sourceforge.net_20121129/gallery/rich_menus.png" [1]
2012-11-29 18:40:35 URL:http://ezquake.sourceforge.net/gallery/_th_rich_menus.jpg [3701/3701] -> "ezquake.sourceforge.net_20121129/gallery/_th_rich_menus.jpg" [1]
2012-11-29 18:40:36 URL:http://ezquake.sourceforge.net/gallery/underwater.jpg [235766/235766] -> "ezquake.sourceforge.net_20121129/gallery/underwater.jpg" [1]
2012-11-29 18:40:36 URL:http://ezquake.sourceforge.net/gallery/_th_underwater.jpg [9167/9167] -> "ezquake.sourceforge.net_20121129/gallery/_th_underwater.jpg" [1]
2012-11-29 18:40:36 URL:http://ezquake.sourceforge.net/gallery/shambler_cutf_bluefog.jpg [186377/186377] -> "ezquake.sourceforge.net_20121129/gallery/shambler_cutf_bluefog.jpg" [1]
2012-11-29 18:40:36 URL:http://ezquake.sourceforge.net/gallery/_th_shambler_cutf_bluefog.jpg [8893/8893] -> "ezquake.sourceforge.net_20121129/gallery/_th_shambler_cutf_bluefog.jpg" [1]
2012-11-29 18:40:37 URL:http://ezquake.sourceforge.net/gallery/drawflat_fastturb_multiview.jpg [122006/122006] -> "ezquake.sourceforge.net_20121129/gallery/drawflat_fastturb_multiview.jpg" [1]
2012-11-29 18:40:37 URL:http://ezquake.sourceforge.net/gallery/_th_drawflat_fastturb_multiview.jpg [9213/9213] -> "ezquake.sourceforge.net_20121129/gallery/_th_drawflat_fastturb_multiview.jpg" [1]
2012-11-29 18:40:37 URL:http://ezquake.sourceforge.net/gallery/lightning_sparks.jpg [271393/271393] -> "ezquake.sourceforge.net_20121129/gallery/lightning_sparks.jpg" [1]
2012-11-29 18:40:38 URL:http://ezquake.sourceforge.net/gallery/_th_lightning_sparks.jpg [9594/9594] -> "ezquake.sourceforge.net_20121129/gallery/_th_lightning_sparks.jpg" [1]
2012-11-29 18:40:38 URL:http://ezquake.sourceforge.net/gallery/fog_fogsky_grenadetrail_flame.jpg [140337/140337] -> "ezquake.sourceforge.net_20121129/gallery/fog_fogsky_grenadetrail_flame.jpg" [1]
2012-11-29 18:40:38 URL:http://ezquake.sourceforge.net/gallery/_th_fog_fogsky_grenadetrail_flame.jpg [7428/7428] -> "ezquake.sourceforge.net_20121129/gallery/_th_fog_fogsky_grenadetrail_flame.jpg" [1]
2012-11-29 18:40:39 URL:http://ezquake.sourceforge.net/gallery/nailtrail_muzzleflash.jpg [247745/247745] -> "ezquake.sourceforge.net_20121129/gallery/nailtrail_muzzleflash.jpg" [1]
2012-11-29 18:40:39 URL:http://ezquake.sourceforge.net/gallery/_th_nailtrail_muzzleflash.jpg [9008/9008] -> "ezquake.sourceforge.net_20121129/gallery/_th_nailtrail_muzzleflash.jpg" [1]
2012-11-29 18:40:40 URL:http://ezquake.sourceforge.net/gallery/nailtrail_plasma.jpg [241530/241530] -> "ezquake.sourceforge.net_20121129/gallery/nailtrail_plasma.jpg" [1]
2012-11-29 18:40:40 URL:http://ezquake.sourceforge.net/gallery/_th_nailtrail_plasma.jpg [9750/9750] -> "ezquake.sourceforge.net_20121129/gallery/_th_nailtrail_plasma.jpg" [1]
2012-11-29 18:40:40 URL:http://ezquake.sourceforge.net/gallery/part_zap.jpg [223804/223804] -> "ezquake.sourceforge.net_20121129/gallery/part_zap.jpg" [1]
2012-11-29 18:40:40 URL:http://ezquake.sourceforge.net/gallery/_th_part_zap.jpg [9651/9651] -> "ezquake.sourceforge.net_20121129/gallery/_th_part_zap.jpg" [1]
2012-11-29 18:40:41 URL:http://ezquake.sourceforge.net/gallery/partteleport_partshotgun_partblood.jpg [277038/277038] -> "ezquake.sourceforge.net_20121129/gallery/partteleport_partshotgun_partblood.jpg" [1]
2012-11-29 18:40:41 URL:http://ezquake.sourceforge.net/gallery/_th_partteleport_partshotgun_partblood.jpg [10099/10099] -> "ezquake.sourceforge.net_20121129/gallery/_th_partteleport_partshotgun_partblood.jpg" [1]
2012-11-29 18:40:42 URL:http://ezquake.sourceforge.net/gallery/explosion_rain_shockwave.jpg [195732/195732] -> "ezquake.sourceforge.net_20121129/gallery/explosion_rain_shockwave.jpg" [1]
2012-11-29 18:40:42 URL:http://ezquake.sourceforge.net/gallery/_th_explosion_rain_shockwave.jpg [8228/8228] -> "ezquake.sourceforge.net_20121129/gallery/_th_explosion_rain_shockwave.jpg" [1]
2012-11-29 18:40:43 URL:http://ezquake.sourceforge.net/gallery/surface_lava.jpg [339082/339082] -> "ezquake.sourceforge.net_20121129/gallery/surface_lava.jpg" [1]
2012-11-29 18:40:43 URL:http://ezquake.sourceforge.net/gallery/_th_surface_lava.jpg [10768/10768] -> "ezquake.sourceforge.net_20121129/gallery/_th_surface_lava.jpg" [1]
2012-11-29 18:40:44 URL:http://ezquake.sourceforge.net/gallery/surface_slime.jpg [243200/243200] -> "ezquake.sourceforge.net_20121129/gallery/surface_slime.jpg" [1]
2012-11-29 18:40:44 URL:http://ezquake.sourceforge.net/gallery/_th_surface_slime.jpg [9448/9448] -> "ezquake.sourceforge.net_20121129/gallery/_th_surface_slime.jpg" [1]
2012-11-29 18:40:44 URL:http://ezquake.sourceforge.net/gallery/torches_fog_nailsparks.jpg [156446/156446] -> "ezquake.sourceforge.net_20121129/gallery/torches_fog_nailsparks.jpg" [1]
2012-11-29 18:40:44 URL:http://ezquake.sourceforge.net/gallery/_th_torches_fog_nailsparks.jpg [8794/8794] -> "ezquake.sourceforge.net_20121129/gallery/_th_torches_fog_nailsparks.jpg" [1]
2012-11-29 18:40:45 URL:http://ezquake.sourceforge.net/gallery/damagestats_bloodpart_motiontrails.jpg [276874/276874] -> "ezquake.sourceforge.net_20121129/gallery/damagestats_bloodpart_motiontrails.jpg" [1]
2012-11-29 18:40:45 URL:http://ezquake.sourceforge.net/gallery/_th_damagestats_bloodpart_motiontrails.jpg [11384/11384] -> "ezquake.sourceforge.net_20121129/gallery/_th_damagestats_bloodpart_motiontrails.jpg" [1]
2012-11-29 18:40:46 URL:http://ezquake.sourceforge.net/gallery/teamplay_hud_features.jpg [136050/136050] -> "ezquake.sourceforge.net_20121129/gallery/teamplay_hud_features.jpg" [1]
2012-11-29 18:40:46 URL:http://ezquake.sourceforge.net/gallery/_th_teamplay_hud_features.jpg [11350/11350] -> "ezquake.sourceforge.net_20121129/gallery/_th_teamplay_hud_features.jpg" [1]
2012-11-29 18:40:46 URL:http://ezquake.sourceforge.net/gallery/teamplay_observing_features_2.png [153605/153605] -> "ezquake.sourceforge.net_20121129/gallery/teamplay_observing_features_2.png" [1]
2012-11-29 18:40:47 URL:http://ezquake.sourceforge.net/gallery/_th_teamplay_observing_features_2.jpg [6804/6804] -> "ezquake.sourceforge.net_20121129/gallery/_th_teamplay_observing_features_2.jpg" [1]
2012-11-29 18:40:47 URL:http://uttergrottan.localghost.net/ezquake/dev/nightlybuilds/ [1072/1072] -> "ezquake.sourceforge.net_20121129/nightly/index.html" [1]
2012-11-29 18:40:48 URL:http://uttergrottan.localghost.net/ezquake/security/ [901/901] -> "ezquake.sourceforge.net_20121129/security/index.html" [1]
2012-11-29 18:40:49 URL:http://ezquake.sourceforge.net/docs/?textures [5523/5523] -> "ezquake.sourceforge.net_20121129/docs/index.html?textures.html" [1]
2012-11-29 18:40:49 URL:http://ezquake.sourceforge.net/docs/style.css [3658/3658] -> "ezquake.sourceforge.net_20121129/docs/style.css" [1]
2012-11-29 18:40:49 URL:http://ezquake.sourceforge.net/docs/style2.css [4112/4112] -> "ezquake.sourceforge.net_20121129/docs/style2.css" [1]
2012-11-29 18:40:49 URL:http://ezquake.sourceforge.net/docs/?requirements [2063/2063] -> "ezquake.sourceforge.net_20121129/docs/index.html?requirements.html" [1]
2012-11-29 18:40:49 URL:http://ezquake.sourceforge.net/docs/?upgrading [9086/9086] -> "ezquake.sourceforge.net_20121129/docs/index.html?upgrading.html" [1]
2012-11-29 18:40:50 URL:http://ezquake.sourceforge.net/docs/?setup [4630/4630] -> "ezquake.sourceforge.net_20121129/docs/index.html?setup.html" [1]
2012-11-29 18:40:50 URL:http://ezquake.sourceforge.net/docs/?faq [7503/7503] -> "ezquake.sourceforge.net_20121129/docs/index.html?faq.html" [1]
2012-11-29 18:40:50 URL:http://ezquake.sourceforge.net/docs/?keyboard-shortcuts [5281/5281] -> "ezquake.sourceforge.net_20121129/docs/index.html?keyboard-shortcuts.html" [1]
2012-11-29 18:40:50 URL:http://ezquake.sourceforge.net/docs/?contributing [4157/4157] -> "ezquake.sourceforge.net_20121129/docs/index.html?contributing.html" [1]
2012-11-29 18:40:50 URL:http://ezquake.sourceforge.net/docs/?asking-a-question [2924/2924] -> "ezquake.sourceforge.net_20121129/docs/index.html?asking-a-question.html" [1]
2012-11-29 18:40:51 URL:http://ezquake.sourceforge.net/docs/?compiling [2054/2054] -> "ezquake.sourceforge.net_20121129/docs/index.html?compiling.html" [1]
2012-11-29 18:40:51 URL:http://ezquake.sourceforge.net/docs/?debugging [4274/4274] -> "ezquake.sourceforge.net_20121129/docs/index.html?debugging.html" [1]
2012-11-29 18:40:51 URL:http://ezquake.sourceforge.net/docs/?changelog [2649/2649] -> "ezquake.sourceforge.net_20121129/docs/index.html?changelog.html" [1]
2012-11-29 18:40:51 URL:http://ezquake.sourceforge.net/docs/?independent-physics [4697/4697] -> "ezquake.sourceforge.net_20121129/docs/index.html?independent-physics.html" [1]
2012-11-29 18:40:52 URL:http://ezquake.sourceforge.net/docs/?hud [27148/27148] -> "ezquake.sourceforge.net_20121129/docs/index.html?hud.html" [1]
2012-11-29 18:40:52 URL:http://ezquake.sourceforge.net/docs/?graphics [20686/20686] -> "ezquake.sourceforge.net_20121129/docs/index.html?graphics.html" [1]
2012-11-29 18:40:52 URL:http://ezquake.sourceforge.net/docs/?multiview [2741/2741] -> "ezquake.sourceforge.net_20121129/docs/index.html?multiview.html" [1]
2012-11-29 18:40:52 URL:http://ezquake.sourceforge.net/docs/?radar [13145/13145] -> "ezquake.sourceforge.net_20121129/docs/index.html?radar.html" [1]
2012-11-29 18:40:53 URL:http://ezquake.sourceforge.net/docs/?vars-demos [92790/92790] -> "ezquake.sourceforge.net_20121129/docs/index.html?mvd_info.html" [1]
2012-11-29 18:40:53 URL:http://ezquake.sourceforge.net/docs/?mvd-autotracking [8747/8747] -> "ezquake.sourceforge.net_20121129/docs/index.html?mvd-autotracking.html" [1]
2012-11-29 18:40:54 URL:http://ezquake.sourceforge.net/docs/?vars-demos [92790/92790] -> "ezquake.sourceforge.net_20121129/docs/index.html?mvd_status.html" [1]
2012-11-29 18:40:54 URL:http://ezquake.sourceforge.net/docs/?display-settings [3574/3574] -> "ezquake.sourceforge.net_20121129/docs/index.html?display-settings.html" [1]
2012-11-29 18:40:54 URL:http://ezquake.sourceforge.net/docs/?video-capture [3162/3162] -> "ezquake.sourceforge.net_20121129/docs/index.html?video-capture.html" [1]
2012-11-29 18:40:54 URL:http://ezquake.sourceforge.net/docs/?camera-scripting [3766/3766] -> "ezquake.sourceforge.net_20121129/docs/index.html?camera-scripting.html" [1]
2012-11-29 18:40:55 URL:http://ezquake.sourceforge.net/docs/?tracker-stats [3599/3599] -> "ezquake.sourceforge.net_20121129/docs/index.html?tracker-stats.html" [1]
2012-11-29 18:40:55 URL:http://ezquake.sourceforge.net/docs/?colored-text [2902/2902] -> "ezquake.sourceforge.net_20121129/docs/index.html?colored-text.html" [1]
2012-11-29 18:40:55 URL:http://ezquake.sourceforge.net/docs/?player-skins [7376/7376] -> "ezquake.sourceforge.net_20121129/docs/index.html?player-skins.html" [1]
2012-11-29 18:40:55 URL:http://ezquake.sourceforge.net/docs/?fakeshaft [3597/3597] -> "ezquake.sourceforge.net_20121129/docs/index.html?fakeshaft.html" [1]
2012-11-29 18:40:56 URL:http://ezquake.sourceforge.net/docs/?lcd-tft-widescreen-tips [3475/3475] -> "ezquake.sourceforge.net_20121129/docs/index.html?lcd-tft-widescreen-tips.html" [1]
2012-11-29 18:40:57 URL:http://ezquake.sourceforge.net/docs/?vars-graphics [313074/313074] -> "ezquake.sourceforge.net_20121129/docs/index.html?gl_lumatextures.html" [1]
2012-11-29 18:40:58 URL:http://ezquake.sourceforge.net/docs/?vars-graphics [313074/313074] -> "ezquake.sourceforge.net_20121129/docs/index.html?vid_flashonactivity.html" [1]
2012-11-29 18:41:00 URL:http://ezquake.sourceforge.net/docs/?commands [98064/98064] -> "ezquake.sourceforge.net_20121129/docs/index.html?fog.html" [1]
2012-11-29 18:41:00 URL:http://ezquake.sourceforge.net/docs/?commands [98064/98064] -> "ezquake.sourceforge.net_20121129/docs/index.html?skygroup.html" [1]
2012-11-29 18:41:04 URL:http://ezquake.sourceforge.net/docs/?vars-hud [684344/684344] -> "ezquake.sourceforge.net_20121129/docs/index.html?hud_tracking_format.html" [1]
2012-11-29 18:41:06 URL:http://ezquake.sourceforge.net/docs/?vars-graphics [313074/313074] -> "ezquake.sourceforge.net_20121129/docs/index.html?r_wallcolor.html" [1]
2012-11-29 18:41:08 URL:http://ezquake.sourceforge.net/docs/?vars-graphics [313074/313074] -> "ezquake.sourceforge.net_20121129/docs/index.html?r_floorcolor.html" [1]
2012-11-29 18:41:09 URL:http://ezquake.sourceforge.net/docs/?vars-graphics [313074/313074] -> "ezquake.sourceforge.net_20121129/docs/index.html?r_lavacolor.html" [1]
2012-11-29 18:41:11 URL:http://ezquake.sourceforge.net/docs/?vars-graphics [313074/313074] -> "ezquake.sourceforge.net_20121129/docs/index.html?gl_coronas_tele.html" [1]
2012-11-29 18:41:12 URL:http://ezquake.sourceforge.net/docs/?vars-graphics [313074/313074] -> "ezquake.sourceforge.net_20121129/docs/index.html?cl_gameclock.html" [1]
2012-11-29 18:41:14 URL:http://ezquake.sourceforge.net/docs/?vars-graphics [313074/313074] -> "ezquake.sourceforge.net_20121129/docs/index.html?cl_demoplay_flash.html" [1]
2012-11-29 18:41:15 URL:http://ezquake.sourceforge.net/docs/?vars-graphics [313074/313074] -> "ezquake.sourceforge.net_20121129/docs/index.html?r_telesplash.html" [1]
2012-11-29 18:41:16 URL:http://ezquake.sourceforge.net/docs/?vars-graphics [313074/313074] -> "ezquake.sourceforge.net_20121129/docs/index.html?scr_centershift.html" [1]
2012-11-29 18:41:17 URL:http://ezquake.sourceforge.net/docs/?server-browser [24579/24579] -> "ezquake.sourceforge.net_20121129/docs/index.html?server-browser.html" [1]
2012-11-29 18:41:17 URL:http://ezquake.sourceforge.net/docs/?demo-player [4399/4399] -> "ezquake.sourceforge.net_20121129/docs/index.html?demo-player.html" [1]
2012-11-29 18:41:17 URL:http://ezquake.sourceforge.net/docs/?config [6153/6153] -> "ezquake.sourceforge.net_20121129/docs/index.html?config.html" [1]
2012-11-29 18:41:17 URL:http://ezquake.sourceforge.net/docs/?tracking [2923/2923] -> "ezquake.sourceforge.net_20121129/docs/index.html?tracking.html" [1]
2012-11-29 18:41:17 URL:http://ezquake.sourceforge.net/docs/?logitech [2921/2921] -> "ezquake.sourceforge.net_20121129/docs/index.html?logitech.html" [1]
2012-11-29 18:41:17 URL:http://ezquake.sourceforge.net/docs/?particles [5298/5298] -> "ezquake.sourceforge.net_20121129/docs/index.html?particles.html" [1]
2012-11-29 18:41:18 URL:http://ezquake.sourceforge.net/docs/?mp3-player [9179/9179] -> "ezquake.sourceforge.net_20121129/docs/index.html?mp3-player.html" [1]
2012-11-29 18:41:18 URL:http://ezquake.sourceforge.net/docs/?crosshairs [5735/5735] -> "ezquake.sourceforge.net_20121129/docs/index.html?crosshairs.html" [1]
2012-11-29 18:41:18 URL:http://ezquake.sourceforge.net/docs/?match-tools [20968/20968] -> "ezquake.sourceforge.net_20121129/docs/index.html?match-tools.html" [1]
2012-11-29 18:41:18 URL:http://ezquake.sourceforge.net/docs/?tp-pointing [4913/4913] -> "ezquake.sourceforge.net_20121129/docs/index.html?tp-pointing.html" [1]
2012-11-29 18:41:19 URL:http://ezquake.sourceforge.net/docs/?fonts [9460/9460] -> "ezquake.sourceforge.net_20121129/docs/index.html?fonts.html" [1]
2012-11-29 18:41:19 URL:http://ezquake.sourceforge.net/docs/?linux [5225/5225] -> "ezquake.sourceforge.net_20121129/docs/index.html?linux.html" [1]
2012-11-29 18:41:19 URL:http://ezquake.sourceforge.net/docs/?qc [4859/4859] -> "ezquake.sourceforge.net_20121129/docs/index.html?qc.html" [1]
2012-11-29 18:41:19 URL:http://ezquake.sourceforge.net/docs/?voice [4940/4940] -> "ezquake.sourceforge.net_20121129/docs/index.html?voice.html" [1]
2012-11-29 18:41:19 URL:http://ezquake.sourceforge.net/docs/?irc [2735/2735] -> "ezquake.sourceforge.net_20121129/docs/index.html?irc.html" [1]
2012-11-29 18:41:23 URL:http://ezquake.sourceforge.net/docs/?vars-hud [684344/684344] -> "ezquake.sourceforge.net_20121129/docs/index.html?ignore_qizmo_spec.html" [1]
2012-11-29 18:41:26 URL:http://ezquake.sourceforge.net/docs/?vars-hud [684344/684344] -> "ezquake.sourceforge.net_20121129/docs/index.html?msg_filter.html" [1]
2012-11-29 18:41:30 URL:http://ezquake.sourceforge.net/docs/?vars-hud [684344/684344] -> "ezquake.sourceforge.net_20121129/docs/index.html?ignore_opponents.html" [1]
2012-11-29 18:41:33 URL:http://ezquake.sourceforge.net/docs/?vars-hud [684344/684344] -> "ezquake.sourceforge.net_20121129/docs/index.html?con_highlight.html" [1]
2012-11-29 18:41:33 URL:http://ezquake.sourceforge.net/docs/?scripting [14947/14947] -> "ezquake.sourceforge.net_20121129/docs/index.html?scripting.html" [1]
2012-11-29 18:41:34 URL:http://ezquake.sourceforge.net/docs/?commands [98064/98064] -> "ezquake.sourceforge.net_20121129/docs/index.html?set_calc.html" [1]
2012-11-29 18:41:34 URL:http://ezquake.sourceforge.net/docs/?teamplay [4034/4034] -> "ezquake.sourceforge.net_20121129/docs/index.html?teamplay.html" [1]
2012-11-29 18:41:35 URL:http://ezquake.sourceforge.net/docs/?macros [4858/4858] -> "ezquake.sourceforge.net_20121129/docs/index.html?macros.html" [1]
2012-11-29 18:41:35 URL:http://ezquake.sourceforge.net/docs/?tcl [3035/3035] -> "ezquake.sourceforge.net_20121129/docs/index.html?tcl.html" [1]
2012-11-29 18:41:35 URL:http://ezquake.sourceforge.net/docs/?best-ping-route-lookup [3591/3591] -> "ezquake.sourceforge.net_20121129/docs/index.html?best-ping-route-lookup.html" [1]
2012-11-29 18:41:35 URL:http://ezquake.sourceforge.net/docs/?bot [1993/1993] -> "ezquake.sourceforge.net_20121129/docs/index.html?bot.html" [1]
2012-11-29 18:41:35 URL:http://ezquake.sourceforge.net/docs/?rtc [3333/3333] -> "ezquake.sourceforge.net_20121129/docs/index.html?rtc.html" [1]
2012-11-29 18:41:35 URL:http://ezquake.sourceforge.net/docs/?evdev [1698/1698] -> "ezquake.sourceforge.net_20121129/docs/index.html?evdev.html" [1]
2012-11-29 18:41:36 URL:http://ezquake.sourceforge.net/docs/?keymap [6498/6498] -> "ezquake.sourceforge.net_20121129/docs/index.html?keymap.html" [1]
2012-11-29 18:41:36 URL:http://ezquake.sourceforge.net/docs/?file-loading [3782/3782] -> "ezquake.sourceforge.net_20121129/docs/index.html?file-loading.html" [1]
2012-11-29 18:41:36 URL:http://ezquake.sourceforge.net/docs/?link-files [2077/2077] -> "ezquake.sourceforge.net_20121129/docs/index.html?link-files.html" [1]
2012-11-29 18:41:36 URL:http://ezquake.sourceforge.net/docs/?custom-paks [1984/1984] -> "ezquake.sourceforge.net_20121129/docs/index.html?custom-paks.html" [1]
2012-11-29 18:41:37 URL:http://ezquake.sourceforge.net/docs/?commands [98064/98064] -> "ezquake.sourceforge.net_20121129/docs/index.html?userdir.html" [1]
2012-11-29 18:41:39 URL:http://ezquake.sourceforge.net/docs/?vars-graphics [313074/313074] -> "ezquake.sourceforge.net_20121129/docs/index.html?cl_confirmquit.html" [1]
2012-11-29 18:41:39 URL:http://ezquake.sourceforge.net/docs/?commands [98064/98064] -> "ezquake.sourceforge.net_20121129/docs/index.html?help.html" [1]
2012-11-29 18:41:40 URL:http://ezquake.sourceforge.net/docs/?commands [98064/98064] -> "ezquake.sourceforge.net_20121129/docs/index.html?describe.html" [1]
2012-11-29 18:41:40 URL:http://ezquake.sourceforge.net/docs/?weapon-handling [4635/4635] -> "ezquake.sourceforge.net_20121129/docs/index.html?weapon-handling.html" [1]
2012-11-29 18:41:44 URL:http://ezquake.sourceforge.net/docs/?vars-hud [684344/684344] -> "ezquake.sourceforge.net_20121129/docs/index.html?cl_savehistory.html" [1]
2012-11-29 18:41:44 URL:http://ezquake.sourceforge.net/docs/?security [7661/7661] -> "ezquake.sourceforge.net_20121129/docs/index.html?security.html" [1]
2012-11-29 18:41:44 URL:http://ezquake.sourceforge.net/docs/?f-modified [3528/3528] -> "ezquake.sourceforge.net_20121129/docs/index.html?f-modified.html" [1]
2012-11-29 18:41:45 URL:http://ezquake.sourceforge.net/docs/?smackdown-ruleset-group [3637/3637] -> "ezquake.sourceforge.net_20121129/docs/index.html?smackdown-ruleset-group.html" [1]
2012-11-29 18:41:46 URL:http://ezquake.sourceforge.net/docs/?index [447176/447176] -> "ezquake.sourceforge.net_20121129/docs/index.html?index.html" [1]
2012-11-29 18:41:46 URL:http://ezquake.sourceforge.net/docs/?vars-miscellaneous [39190/39190] -> "ezquake.sourceforge.net_20121129/docs/index.html?vars-miscellaneous.html" [1]
2012-11-29 18:41:46 URL:http://ezquake.sourceforge.net/docs/?vars-config-management [21152/21152] -> "ezquake.sourceforge.net_20121129/docs/index.html?vars-config-management.html" [1]
2012-11-29 18:41:47 URL:http://ezquake.sourceforge.net/docs/?vars-help-browser [9078/9078] -> "ezquake.sourceforge.net_20121129/docs/index.html?vars-help-browser.html" [1]
2012-11-29 18:41:47 URL:http://ezquake.sourceforge.net/docs/?vars-system-settings [7032/7032] -> "ezquake.sourceforge.net_20121129/docs/index.html?vars-system-settings.html" [1]
2012-11-29 18:41:47 URL:http://ezquake.sourceforge.net/docs/?vars-unsorted-variables [5836/5836] -> "ezquake.sourceforge.net_20121129/docs/index.html?vars-unsorted-variables.html" [1]
2012-11-29 18:41:47 URL:http://ezquake.sourceforge.net/docs/?vars-chat-settings [24551/24551] -> "ezquake.sourceforge.net_20121129/docs/index.html?vars-chat-settings.html" [1]
2012-11-29 18:41:48 URL:http://ezquake.sourceforge.net/docs/?vars-console-settings [42427/42427] -> "ezquake.sourceforge.net_20121129/docs/index.html?vars-console-settings.html" [1]
2012-11-29 18:41:51 URL:http://ezquake.sourceforge.net/docs/?vars-mqwcl-hud [591469/591469] -> "ezquake.sourceforge.net_20121129/docs/index.html?vars-mqwcl-hud.html" [1]
2012-11-29 18:41:52 URL:http://ezquake.sourceforge.net/docs/?vars-status-bar-and-scoreboard [29823/29823] -> "ezquake.sourceforge.net_20121129/docs/index.html?vars-status-bar-and-scoreboard.html" [1]
2012-11-29 18:41:52 URL:http://ezquake.sourceforge.net/docs/?vars-crosshair-settings [6952/6952] -> "ezquake.sourceforge.net_20121129/docs/index.html?vars-crosshair-settings.html" [1]
2012-11-29 18:41:52 URL:http://ezquake.sourceforge.net/docs/?vars-fps-and-eyecandy-settings [45455/45455] -> "ezquake.sourceforge.net_20121129/docs/index.html?vars-fps-and-eyecandy-settings.html" [1]
2012-11-29 18:41:52 URL:http://ezquake.sourceforge.net/docs/?vars-lighting [15786/15786] -> "ezquake.sourceforge.net_20121129/docs/index.html?vars-lighting.html" [1]
2012-11-29 18:41:53 URL:http://ezquake.sourceforge.net/docs/?vars-opengl-rendering [22018/22018] -> "ezquake.sourceforge.net_20121129/docs/index.html?vars-opengl-rendering.html" [1]
2012-11-29 18:41:53 URL:http://ezquake.sourceforge.net/docs/?vars-particle-effects [29478/29478] -> "ezquake.sourceforge.net_20121129/docs/index.html?vars-particle-effects.html" [1]
2012-11-29 18:41:53 URL:http://ezquake.sourceforge.net/docs/?vars-screen-and-powerup-blends [10815/10815] -> "ezquake.sourceforge.net_20121129/docs/index.html?vars-screen-and-powerup-blends.html" [1]
2012-11-29 18:41:54 URL:http://ezquake.sourceforge.net/docs/?vars-screen-settings [78873/78873] -> "ezquake.sourceforge.net_20121129/docs/index.html?vars-screen-settings.html" [1]
2012-11-29 18:41:54 URL:http://ezquake.sourceforge.net/docs/?vars-screenshot-settings [5959/5959] -> "ezquake.sourceforge.net_20121129/docs/index.html?vars-screenshot-settings.html" [1]
2012-11-29 18:41:54 URL:http://ezquake.sourceforge.net/docs/?vars-software-rendering [12906/12906] -> "ezquake.sourceforge.net_20121129/docs/index.html?vars-software-rendering.html" [1]
2012-11-29 18:41:54 URL:http://ezquake.sourceforge.net/docs/?vars-texture-settings [22854/22854] -> "ezquake.sourceforge.net_20121129/docs/index.html?vars-texture-settings.html" [1]
2012-11-29 18:41:54 URL:http://ezquake.sourceforge.net/docs/?vars-turbulency-and-sky-settings [25418/25418] -> "ezquake.sourceforge.net_20121129/docs/index.html?vars-turbulency-and-sky-settings.html" [1]
2012-11-29 18:41:55 URL:http://ezquake.sourceforge.net/docs/?vars-video-settings [26626/26626] -> "ezquake.sourceforge.net_20121129/docs/index.html?vars-video-settings.html" [1]
2012-11-29 18:41:55 URL:http://ezquake.sourceforge.net/docs/?vars-view-settings [18687/18687] -> "ezquake.sourceforge.net_20121129/docs/index.html?vars-view-settings.html" [1]
2012-11-29 18:41:55 URL:http://ezquake.sourceforge.net/docs/?vars-weapon-view-model-settings [8637/8637] -> "ezquake.sourceforge.net_20121129/docs/index.html?vars-weapon-view-model-settings.html" [1]
2012-11-29 18:41:55 URL:http://ezquake.sourceforge.net/docs/?vars-demo-handling [22710/22710] -> "ezquake.sourceforge.net_20121129/docs/index.html?vars-demo-handling.html" [1]
2012-11-29 18:41:56 URL:http://ezquake.sourceforge.net/docs/?vars-match-tools [27867/27867] -> "ezquake.sourceforge.net_20121129/docs/index.html?vars-match-tools.html" [1]
2012-11-29 18:41:56 URL:http://ezquake.sourceforge.net/docs/?vars-multiview-demos [44797/44797] -> "ezquake.sourceforge.net_20121129/docs/index.html?vars-multiview-demos.html" [1]
2012-11-29 18:41:56 URL:http://ezquake.sourceforge.net/docs/?vars-input [38039/38039] -> "ezquake.sourceforge.net_20121129/docs/index.html?vars-input.html" [1]
2012-11-29 18:41:56 URL:http://ezquake.sourceforge.net/docs/?vars-input---joystick [3246/3246] -> "ezquake.sourceforge.net_20121129/docs/index.html?vars-input---joystick.html" [1]
2012-11-29 18:41:57 URL:http://ezquake.sourceforge.net/docs/?vars-input---keyboard [15308/15308] -> "ezquake.sourceforge.net_20121129/docs/index.html?vars-input---keyboard.html" [1]
2012-11-29 18:41:57 URL:http://ezquake.sourceforge.net/docs/?vars-input---misc [5033/5033] -> "ezquake.sourceforge.net_20121129/docs/index.html?vars-input---misc.html" [1]
2012-11-29 18:41:57 URL:http://ezquake.sourceforge.net/docs/?vars-input---mouse [18386/18386] -> "ezquake.sourceforge.net_20121129/docs/index.html?vars-input---mouse.html" [1]
2012-11-29 18:41:57 URL:http://ezquake.sourceforge.net/docs/?vars-teamplay [47200/47200] -> "ezquake.sourceforge.net_20121129/docs/index.html?vars-teamplay.html" [1]
2012-11-29 18:41:58 URL:http://ezquake.sourceforge.net/docs/?vars-item-names [31745/31745] -> "ezquake.sourceforge.net_20121129/docs/index.html?vars-item-names.html" [1]
2012-11-29 18:41:58 URL:http://ezquake.sourceforge.net/docs/?vars-item-need-amounts [7580/7580] -> "ezquake.sourceforge.net_20121129/docs/index.html?vars-item-need-amounts.html" [1]
2012-11-29 18:41:58 URL:http://ezquake.sourceforge.net/docs/?vars-teamplay-communications [10431/10431] -> "ezquake.sourceforge.net_20121129/docs/index.html?vars-teamplay-communications.html" [1]
2012-11-29 18:41:58 URL:http://ezquake.sourceforge.net/docs/?vars-sound [40245/40245] -> "ezquake.sourceforge.net_20121129/docs/index.html?vars-sound.html" [1]
2012-11-29 18:41:59 URL:http://ezquake.sourceforge.net/docs/?vars-mp3-settings [6630/6630] -> "ezquake.sourceforge.net_20121129/docs/index.html?vars-mp3-settings.html" [1]
2012-11-29 18:41:59 URL:http://ezquake.sourceforge.net/docs/?vars-sound-settings [34839/34839] -> "ezquake.sourceforge.net_20121129/docs/index.html?vars-sound-settings.html" [1]
2012-11-29 18:41:59 URL:http://ezquake.sourceforge.net/docs/?vars-multiplayer [96288/96288] -> "ezquake.sourceforge.net_20121129/docs/index.html?vars-multiplayer.html" [1]
2012-11-29 18:42:00 URL:http://ezquake.sourceforge.net/docs/?vars-network-settings [17484/17484] -> "ezquake.sourceforge.net_20121129/docs/index.html?vars-network-settings.html" [1]
2012-11-29 18:42:00 URL:http://ezquake.sourceforge.net/docs/?vars-player-settings [11582/11582] -> "ezquake.sourceforge.net_20121129/docs/index.html?vars-player-settings.html" [1]
2012-11-29 18:42:00 URL:http://ezquake.sourceforge.net/docs/?vars-server-browser [33634/33634] -> "ezquake.sourceforge.net_20121129/docs/index.html?vars-server-browser.html" [1]
2012-11-29 18:42:00 URL:http://ezquake.sourceforge.net/docs/?vars-skin-settings [28316/28316] -> "ezquake.sourceforge.net_20121129/docs/index.html?vars-skin-settings.html" [1]
2012-11-29 18:42:01 URL:http://ezquake.sourceforge.net/docs/?vars-spectator-tracking [10542/10542] -> "ezquake.sourceforge.net_20121129/docs/index.html?vars-spectator-tracking.html" [1]
2012-11-29 18:42:01 URL:http://ezquake.sourceforge.net/docs/?vars-server [41714/41714] -> "ezquake.sourceforge.net_20121129/docs/index.html?vars-server.html" [1]
2012-11-29 18:42:01 URL:http://ezquake.sourceforge.net/docs/?vars-server-settings [17874/17874] -> "ezquake.sourceforge.net_20121129/docs/index.html?vars-server-settings.html" [1]
2012-11-29 18:42:01 URL:http://ezquake.sourceforge.net/docs/?vars-serverinfo-keys [7953/7953] -> "ezquake.sourceforge.net_20121129/docs/index.html?vars-serverinfo-keys.html" [1]
2012-11-29 18:42:02 URL:http://ezquake.sourceforge.net/docs/?vars-serverside-permissions [7739/7739] -> "ezquake.sourceforge.net_20121129/docs/index.html?vars-serverside-permissions.html" [1]
2012-11-29 18:42:02 URL:http://ezquake.sourceforge.net/docs/?vars-serverside-physics [12054/12054] -> "ezquake.sourceforge.net_20121129/docs/index.html?vars-serverside-physics.html" [1]
2012-11-29 18:42:02 URL:http://ezquake.sourceforge.net/docs/?vars-unassigned [43495/43495] -> "ezquake.sourceforge.net_20121129/docs/index.html?vars-unassigned.html" [1]
2012-11-29 18:42:03 URL:http://ezquake.sourceforge.net/docs/?command-line [28348/28348] -> "ezquake.sourceforge.net_20121129/docs/index.html?command-line.html" [1]
2012-11-29 18:42:03 URL:http://ezquake.sourceforge.net/docs/?triggers [3203/3203] -> "ezquake.sourceforge.net_20121129/docs/index.html?triggers.html" [1]
2012-11-29 18:42:03 URL:http://ezquake.sourceforge.net/docs/about [310/310] -> "ezquake.sourceforge.net_20121129/docs/about" [1]
2012-11-29 18:42:03 URL:http://ezquake.sourceforge.net/docs/gfx/h2_tile.png [215/215] -> "ezquake.sourceforge.net_20121129/docs/gfx/h2_tile.png" [1]
2012-11-29 18:42:03 URL:http://ezquake.sourceforge.net/docs/gfx/h2_left.png [2449/2449] -> "ezquake.sourceforge.net_20121129/docs/gfx/h2_left.png" [1]
2012-11-29 18:42:05 URL:http://ezquake.sourceforge.net/docs/?commands [98064/98064] -> "ezquake.sourceforge.net_20121129/docs/index.html?cfg_save.html" [1]
2012-11-29 18:42:05 URL:http://ezquake.sourceforge.net/docs/?code-structure [21336/21336] -> "ezquake.sourceforge.net_20121129/docs/index.html?code-structure.html" [1]
2012-11-29 18:42:05 URL:http://ezquake.sourceforge.net/docs/?changelog-2_1_1 [1571/1571] -> "ezquake.sourceforge.net_20121129/docs/index.html?changelog-2_1_1.html" [1]
2012-11-29 18:42:05 URL:http://ezquake.sourceforge.net/docs/?changelog-21 [13360/13360] -> "ezquake.sourceforge.net_20121129/docs/index.html?changelog-21.html" [1]
2012-11-29 18:42:06 URL:http://ezquake.sourceforge.net/docs/?changelog-2_0_1 [1728/1728] -> "ezquake.sourceforge.net_20121129/docs/index.html?changelog-2_0_1.html" [1]
2012-11-29 18:42:06 URL:http://ezquake.sourceforge.net/docs/?changelog-20 [18215/18215] -> "ezquake.sourceforge.net_20121129/docs/index.html?changelog-20.html" [1]
2012-11-29 18:42:06 URL:http://ezquake.sourceforge.net/docs/?changelog_1-9-3 [2283/2283] -> "ezquake.sourceforge.net_20121129/docs/index.html?changelog_1-9-3.html" [1]
2012-11-29 18:42:06 URL:http://ezquake.sourceforge.net/docs/?changelog-1_9_2 [1712/1712] -> "ezquake.sourceforge.net_20121129/docs/index.html?changelog-1_9_2.html" [1]
2012-11-29 18:42:06 URL:http://ezquake.sourceforge.net/docs/?changelog-1_9_1 [1815/1815] -> "ezquake.sourceforge.net_20121129/docs/index.html?changelog-1_9_1.html" [1]
2012-11-29 18:42:07 URL:http://ezquake.sourceforge.net/docs/?changelog-19 [18135/18135] -> "ezquake.sourceforge.net_20121129/docs/index.html?changelog-19.html" [1]
2012-11-29 18:42:07 URL:http://ezquake.sourceforge.net/docs/?changelog-1_8_3 [1690/1690] -> "ezquake.sourceforge.net_20121129/docs/index.html?changelog-1_8_3.html" [1]
2012-11-29 18:42:07 URL:http://ezquake.sourceforge.net/docs/?changelog-1_8_2 [4077/4077] -> "ezquake.sourceforge.net_20121129/docs/index.html?changelog-1_8_2.html" [1]
2012-11-29 18:42:07 URL:http://ezquake.sourceforge.net/docs/?changelog-18 [13528/13528] -> "ezquake.sourceforge.net_20121129/docs/index.html?changelog-18.html" [1]
2012-11-29 18:42:07 URL:http://ezquake.sourceforge.net/docs/?changelogs-old [27401/27401] -> "ezquake.sourceforge.net_20121129/docs/index.html?changelogs-old.html" [1]
2012-11-29 18:42:08 URL:http://ezquake.sourceforge.net/docs/?vars-multiplayer [96288/96288] -> "ezquake.sourceforge.net_20121129/docs/index.html?cl_nopred.html" [1]
2012-11-29 18:42:10 URL:http://ezquake.sourceforge.net/docs/?vars-graphics [313074/313074] -> "ezquake.sourceforge.net_20121129/docs/index.html?cl_nolerp.html" [1]
2012-11-29 18:42:11 URL:http://ezquake.sourceforge.net/docs/?vars-graphics [313074/313074] -> "ezquake.sourceforge.net_20121129/docs/index.html?cl_maxfps.html" [1]
2012-11-29 18:42:13 URL:http://ezquake.sourceforge.net/docs/?vars-graphics [313074/313074] -> "ezquake.sourceforge.net_20121129/docs/index.html?cl_physfps.html" [1]
2012-11-29 18:42:13 URL:http://ezquake.sourceforge.net/docs/pics/damagestats.jpg [16542/16542] -> "ezquake.sourceforge.net_20121129/docs/pics/damagestats.jpg" [1]
2012-11-29 18:42:13 URL:http://ezquake.sourceforge.net/docs/pics/_th_damagestats.jpg [3435/3435] -> "ezquake.sourceforge.net_20121129/docs/pics/_th_damagestats.jpg" [1]
2012-11-29 18:42:13 URL:http://ezquake.sourceforge.net/docs/pics/surface_lava.jpg [17408/17408] -> "ezquake.sourceforge.net_20121129/docs/pics/surface_lava.jpg" [1]
2012-11-29 18:42:13 URL:http://ezquake.sourceforge.net/docs/pics/_th_surface_lava.jpg [1852/1852] -> "ezquake.sourceforge.net_20121129/docs/pics/_th_surface_lava.jpg" [1]
2012-11-29 18:42:14 URL:http://ezquake.sourceforge.net/docs/pics/surface_slime.jpg [16306/16306] -> "ezquake.sourceforge.net_20121129/docs/pics/surface_slime.jpg" [1]
2012-11-29 18:42:14 URL:http://ezquake.sourceforge.net/docs/pics/_th_surface_slime.jpg [2040/2040] -> "ezquake.sourceforge.net_20121129/docs/pics/_th_surface_slime.jpg" [1]
2012-11-29 18:42:14 URL:http://ezquake.sourceforge.net/docs/pics/particle_muzzleflash.jpg [9856/9856] -> "ezquake.sourceforge.net_20121129/docs/pics/particle_muzzleflash.jpg" [1]
2012-11-29 18:42:14 URL:http://ezquake.sourceforge.net/docs/pics/_th_particle_muzzleflash.jpg [1632/1632] -> "ezquake.sourceforge.net_20121129/docs/pics/_th_particle_muzzleflash.jpg" [1]
2012-11-29 18:42:14 URL:http://ezquake.sourceforge.net/docs/pics/weatherrain.jpg [22092/22092] -> "ezquake.sourceforge.net_20121129/docs/pics/weatherrain.jpg" [1]
2012-11-29 18:42:14 URL:http://ezquake.sourceforge.net/docs/pics/_th_weatherrain.jpg [2139/2139] -> "ezquake.sourceforge.net_20121129/docs/pics/_th_weatherrain.jpg" [1]
2012-11-29 18:42:14 URL:http://ezquake.sourceforge.net/docs/pics/nailtrail_plasma.jpg [10215/10215] -> "ezquake.sourceforge.net_20121129/docs/pics/nailtrail_plasma.jpg" [1]
2012-11-29 18:42:15 URL:http://ezquake.sourceforge.net/docs/pics/_th_nailtrail_plasma.jpg [1908/1908] -> "ezquake.sourceforge.net_20121129/docs/pics/_th_nailtrail_plasma.jpg" [1]
2012-11-29 18:42:15 URL:http://ezquake.sourceforge.net/docs/pics/underwater_trails.jpg [9903/9903] -> "ezquake.sourceforge.net_20121129/docs/pics/underwater_trails.jpg" [1]
2012-11-29 18:42:15 URL:http://ezquake.sourceforge.net/docs/pics/_th_underwater_trails.jpg [1167/1167] -> "ezquake.sourceforge.net_20121129/docs/pics/_th_underwater_trails.jpg" [1]
2012-11-29 18:42:15 URL:http://ezquake.sourceforge.net/docs/pics/lightning_sparks.jpg [12578/12578] -> "ezquake.sourceforge.net_20121129/docs/pics/lightning_sparks.jpg" [1]
2012-11-29 18:42:16 URL:http://ezquake.sourceforge.net/docs/pics/_th_lightning_sparks.jpg [1746/1746] -> "ezquake.sourceforge.net_20121129/docs/pics/_th_lightning_sparks.jpg" [1]
2012-11-29 18:42:16 URL:http://ezquake.sourceforge.net/docs/pics/motiontrails_wtf.jpg [11715/11715] -> "ezquake.sourceforge.net_20121129/docs/pics/motiontrails_wtf.jpg" [1]
2012-11-29 18:42:16 URL:http://ezquake.sourceforge.net/docs/pics/_th_motiontrails_wtf.jpg [1632/1632] -> "ezquake.sourceforge.net_20121129/docs/pics/_th_motiontrails_wtf.jpg" [1]
2012-11-29 18:42:16 URL:http://ezquake.sourceforge.net/docs/ [12170/12170] -> "ezquake.sourceforge.net_20121129/docs/index.html?showskins.html" [1]
2012-11-29 18:42:17 URL:http://ezquake.sourceforge.net/docs/?commands [98064/98064] -> "ezquake.sourceforge.net_20121129/docs/index.html?skins.html" [1]
2012-11-29 18:42:19 URL:http://ezquake.sourceforge.net/docs/?vars-multiplayer [96288/96288] -> "ezquake.sourceforge.net_20121129/docs/index.html?baseskin.html" [1]
2012-11-29 18:42:19 URL:http://ezquake.sourceforge.net/docs/?vars-multiplayer [96288/96288] -> "ezquake.sourceforge.net_20121129/docs/index.html?skin.html" [1]
2012-11-29 18:42:20 URL:http://ezquake.sourceforge.net/docs/?vars-multiplayer [96288/96288] -> "ezquake.sourceforge.net_20121129/docs/index.html?noskins.html" [1]
2012-11-29 18:42:21 URL:http://ezquake.sourceforge.net/docs/?commands [98064/98064] -> "ezquake.sourceforge.net_20121129/docs/index.html?allskins.html" [1]
2012-11-29 18:42:22 URL:http://ezquake.sourceforge.net/docs/?vars-multiplayer [96288/96288] -> "ezquake.sourceforge.net_20121129/docs/index.html?cl_name_as_skin.html" [1]
2012-11-29 18:42:23 URL:http://ezquake.sourceforge.net/docs/?vars-graphics [313074/313074] -> "ezquake.sourceforge.net_20121129/docs/index.html?gl_nocolors.html" [1]
2012-11-29 18:42:24 URL:http://ezquake.sourceforge.net/docs/?vars-multiplayer [96288/96288] -> "ezquake.sourceforge.net_20121129/docs/index.html?teamforceskins.html" [1]
2012-11-29 18:42:24 URL:http://ezquake.sourceforge.net/docs/?vars-multiplayer [96288/96288] -> "ezquake.sourceforge.net_20121129/docs/index.html?enemyforceskins.html" [1]
2012-11-29 18:42:25 URL:http://ezquake.sourceforge.net/docs/?vars-miscellaneous [39190/39190] -> "ezquake.sourceforge.net_20121129/docs/index.html?cfg_use_home.html" [1]
2012-11-29 18:42:25 URL:http://ezquake.sourceforge.net/docs/?cl_voip_capturingvol [2137/2137] -> "ezquake.sourceforge.net_20121129/docs/index.html?cl_voip_capturingvol.html" [1]
2012-11-29 18:42:26 URL:http://ezquake.sourceforge.net/docs/?vars-sound [40245/40245] -> "ezquake.sourceforge.net_20121129/docs/index.html?cl_voip_micamp.html" [1]
2012-11-29 18:42:26 URL:http://ezquake.sourceforge.net/docs/?vars-sound [40245/40245] -> "ezquake.sourceforge.net_20121129/docs/index.html?cl_voip_play.html" [1]
2012-11-29 18:42:27 URL:http://ezquake.sourceforge.net/docs/?vars-sound [40245/40245] -> "ezquake.sourceforge.net_20121129/docs/index.html?cl_voip_send.html" [1]
2012-11-29 18:42:27 URL:http://ezquake.sourceforge.net/docs/?vars-sound [40245/40245] -> "ezquake.sourceforge.net_20121129/docs/index.html?cl_voip_showmeter.html" [1]
2012-11-29 18:42:28 URL:http://ezquake.sourceforge.net/docs/?vars-sound [40245/40245] -> "ezquake.sourceforge.net_20121129/docs/index.html?cl_voip_showmeter_x.html" [1]
2012-11-29 18:42:28 URL:http://ezquake.sourceforge.net/docs/?vars-sound [40245/40245] -> "ezquake.sourceforge.net_20121129/docs/index.html?cl_voip_showmeter_y.html" [1]
2012-11-29 18:42:29 URL:http://ezquake.sourceforge.net/docs/?vars-sound [40245/40245] -> "ezquake.sourceforge.net_20121129/docs/index.html?cl_voip_vad_delay.html" [1]
2012-11-29 18:42:29 URL:http://ezquake.sourceforge.net/docs/?vars-sound [40245/40245] -> "ezquake.sourceforge.net_20121129/docs/index.html?cl_voip_vad_threshhold.html" [1]
2012-11-29 18:42:29 URL:http://ezquake.sourceforge.net/docs/?vars-sound [40245/40245] -> "ezquake.sourceforge.net_20121129/docs/index.html?s_raw_volume.html" [1]
2012-11-29 18:42:30 URL:http://ezquake.sourceforge.net/docs/ [12170/12170] -> "ezquake.sourceforge.net_20121129/docs/index.html?match-tool.html" [1]
2012-11-29 18:42:31 URL:http://ezquake.sourceforge.net/docs/?commands [98064/98064] -> "ezquake.sourceforge.net_20121129/docs/index.html?validate_clients.html" [1]
2012-11-29 18:42:31 URL:http://ezquake.sourceforge.net/docs/pics/security-concept.png [6433/6433] -> "ezquake.sourceforge.net_20121129/docs/pics/security-concept.png" [1]
2012-11-29 18:42:32 URL:http://ezquake.sourceforge.net/docs/?vars-input [38039/38039] -> "ezquake.sourceforge.net_20121129/docs/index.html?allow_scripts.html" [1]
2012-11-29 18:42:33 URL:http://ezquake.sourceforge.net/docs/?commands [98064/98064] -> "ezquake.sourceforge.net_20121129/docs/index.html?say.html" [1]
2012-11-29 18:42:34 URL:http://ezquake.sourceforge.net/docs/?commands [98064/98064] -> "ezquake.sourceforge.net_20121129/docs/index.html?say_team.html" [1]
2012-11-29 18:42:35 URL:http://ezquake.sourceforge.net/docs/?commands [98064/98064] -> "ezquake.sourceforge.net_20121129/docs/index.html?if.html" [1]
2012-11-29 18:42:36 URL:http://ezquake.sourceforge.net/docs/?commands [98064/98064] -> "ezquake.sourceforge.net_20121129/docs/index.html?echo.html" [1]
2012-11-29 18:42:37 URL:http://ezquake.sourceforge.net/docs/?commands [98064/98064] -> "ezquake.sourceforge.net_20121129/docs/index.html?tp_point.html" [1]
2012-11-29 18:42:37 URL:http://ezquake.sourceforge.net/docs/?commands [98064/98064] -> "ezquake.sourceforge.net_20121129/docs/index.html?tp_pickup.html" [1]
2012-11-29 18:42:38 URL:http://ezquake.sourceforge.net/docs/?commands [98064/98064] -> "ezquake.sourceforge.net_20121129/docs/index.html?tp_took.html" [1]
2012-11-29 18:42:40 URL:http://ezquake.sourceforge.net/docs/?vars-graphics [313074/313074] -> "ezquake.sourceforge.net_20121129/docs/index.html?cl_hud.html" [1]
2012-11-29 18:42:41 URL:http://ezquake.sourceforge.net/docs/?vars-multiplayer [96288/96288] -> "ezquake.sourceforge.net_20121129/docs/index.html?cl_camera_tpp.html" [1]
2012-11-29 18:42:41 URL:http://ezquake.sourceforge.net/docs/?vars-multiplayer [96288/96288] -> "ezquake.sourceforge.net_20121129/docs/index.html?cl_camera_death.html" [1]
2012-11-29 18:42:43 URL:http://ezquake.sourceforge.net/docs/?vars-graphics [313074/313074] -> "ezquake.sourceforge.net_20121129/docs/index.html?gl_particle_sparks.html" [1]
2012-11-29 18:42:43 URL:http://ezquake.sourceforge.net/docs/ [12170/12170] -> "ezquake.sourceforge.net_20121129/docs/index.html?r_waterripple.html" [1]
2012-11-29 18:42:45 URL:http://ezquake.sourceforge.net/docs/?vars-graphics [313074/313074] -> "ezquake.sourceforge.net_20121129/docs/index.html?cl_rollalpha.html" [1]
2012-11-29 18:42:46 URL:http://ezquake.sourceforge.net/docs/?vars-graphics [313074/313074] -> "ezquake.sourceforge.net_20121129/docs/index.html?gl_lightning.html" [1]
2012-11-29 18:42:47 URL:http://ezquake.sourceforge.net/docs/?command-line [28348/28348] -> "ezquake.sourceforge.net_20121129/docs/index.html?noshadows.html" [1]
2012-11-29 18:42:48 URL:http://ezquake.sourceforge.net/docs/?commands [98064/98064] -> "ezquake.sourceforge.net_20121129/docs/index.html?timerefresh.html" [1]
2012-11-29 18:42:49 URL:http://ezquake.sourceforge.net/docs/?vars-multiplayer [96288/96288] -> "ezquake.sourceforge.net_20121129/docs/index.html?cl_c2spps.html" [1]
2012-11-29 18:42:50 URL:http://ezquake.sourceforge.net/docs/?commands [98064/98064] -> "ezquake.sourceforge.net_20121129/docs/index.html?packet.html" [1]
2012-11-29 18:42:51 URL:http://ezquake.sourceforge.net/docs/?vars-graphics [313074/313074] -> "ezquake.sourceforge.net_20121129/docs/index.html?r_shiftbeam.html" [1]
2012-11-29 18:42:53 URL:http://ezquake.sourceforge.net/docs/?vars-graphics [313074/313074] -> "ezquake.sourceforge.net_20121129/docs/index.html?r_drawflat.html" [1]
2012-11-29 18:42:55 URL:http://ezquake.sourceforge.net/docs/?vars-graphics [313074/313074] -> "ezquake.sourceforge.net_20121129/docs/index.html?gl_turbripple.html" [1]
2012-11-29 18:42:56 URL:http://ezquake.sourceforge.net/docs/?vars-graphics [313074/313074] -> "ezquake.sourceforge.net_20121129/docs/index.html?gl_detpacklights.html" [1]
2012-11-29 18:42:57 URL:http://ezquake.sourceforge.net/docs/?vars-multiplayer [96288/96288] -> "ezquake.sourceforge.net_20121129/docs/index.html?r_fullbrightskins.html" [1]
2012-11-29 18:42:58 URL:http://ezquake.sourceforge.net/docs/?vars-graphics [313074/313074] -> "ezquake.sourceforge.net_20121129/docs/index.html?gl_picmip.html" [1]
2012-11-29 18:42:59 URL:http://ezquake.sourceforge.net/docs/?cl_cmdline [2094/2094] -> "ezquake.sourceforge.net_20121129/docs/index.html?cl_cmdline.html" [1]
2012-11-29 18:42:59 URL:http://ezquake.sourceforge.net/docs/?cl_curlybraces [2297/2297] -> "ezquake.sourceforge.net_20121129/docs/index.html?cl_curlybraces.html" [1]
2012-11-29 18:42:59 URL:http://ezquake.sourceforge.net/docs/?cl_idrive [2541/2541] -> "ezquake.sourceforge.net_20121129/docs/index.html?cl_idrive.html" [1]
2012-11-29 18:42:59 URL:http://ezquake.sourceforge.net/docs/?cl_nolerp_onentity [2595/2595] -> "ezquake.sourceforge.net_20121129/docs/index.html?cl_nolerp_onentity.html" [1]
2012-11-29 18:43:00 URL:http://ezquake.sourceforge.net/docs/?cl_warncmd [2212/2212] -> "ezquake.sourceforge.net_20121129/docs/index.html?cl_warncmd.html" [1]
2012-11-29 18:43:00 URL:http://ezquake.sourceforge.net/docs/?developer [2196/2196] -> "ezquake.sourceforge.net_20121129/docs/index.html?developer.html" [1]
2012-11-29 18:43:00 URL:http://ezquake.sourceforge.net/docs/?fs_cache [2172/2172] -> "ezquake.sourceforge.net_20121129/docs/index.html?fs_cache.html" [1]
2012-11-29 18:43:00 URL:http://ezquake.sourceforge.net/docs/?gl_anisotropic [2214/2214] -> "ezquake.sourceforge.net_20121129/docs/index.html?gl_anisotropic.html" [1]
2012-11-29 18:43:01 URL:http://ezquake.sourceforge.net/docs/?gl_strings [2057/2057] -> "ezquake.sourceforge.net_20121129/docs/index.html?gl_strings.html" [1]
2012-11-29 18:43:01 URL:http://ezquake.sourceforge.net/docs/?hostname [2092/2092] -> "ezquake.sourceforge.net_20121129/docs/index.html?hostname.html" [1]
2012-11-29 18:43:01 URL:http://ezquake.sourceforge.net/docs/?hud_fps_drop [2253/2253] -> "ezquake.sourceforge.net_20121129/docs/index.html?hud_fps_drop.html" [1]
2012-11-29 18:43:01 URL:http://ezquake.sourceforge.net/docs/?hud_fps_style [2406/2406] -> "ezquake.sourceforge.net_20121129/docs/index.html?hud_fps_style.html" [1]
2012-11-29 18:43:02 URL:http://ezquake.sourceforge.net/docs/?in_builtinkeymap [2250/2250] -> "ezquake.sourceforge.net_20121129/docs/index.html?in_builtinkeymap.html" [1]
2012-11-29 18:43:02 URL:http://ezquake.sourceforge.net/docs/?mapname [2018/2018] -> "ezquake.sourceforge.net_20121129/docs/index.html?mapname.html" [1]
2012-11-29 18:43:02 URL:http://ezquake.sourceforge.net/docs/?match_challenge [2303/2303] -> "ezquake.sourceforge.net_20121129/docs/index.html?match_challenge.html" [1]
2012-11-29 18:43:02 URL:http://ezquake.sourceforge.net/docs/?match_challenge_url [2056/2056] -> "ezquake.sourceforge.net_20121129/docs/index.html?match_challenge_url.html" [1]
2012-11-29 18:43:03 URL:http://ezquake.sourceforge.net/docs/?match_ladder_id [2034/2034] -> "ezquake.sourceforge.net_20121129/docs/index.html?match_ladder_id.html" [1]
2012-11-29 18:43:03 URL:http://ezquake.sourceforge.net/docs/?menu_advanced [2229/2229] -> "ezquake.sourceforge.net_20121129/docs/index.html?menu_advanced.html" [1]
2012-11-29 18:43:03 URL:http://ezquake.sourceforge.net/docs/?menu_ingame [2254/2254] -> "ezquake.sourceforge.net_20121129/docs/index.html?menu_ingame.html" [1]
2012-11-29 18:43:03 URL:http://ezquake.sourceforge.net/docs/?menu_marked_bgcolor [2066/2066] -> "ezquake.sourceforge.net_20121129/docs/index.html?menu_marked_bgcolor.html" [1]
2012-11-29 18:43:03 URL:http://ezquake.sourceforge.net/docs/?menu_marked_fade [2080/2080] -> "ezquake.sourceforge.net_20121129/docs/index.html?menu_marked_fade.html" [1]
2012-11-29 18:43:04 URL:http://ezquake.sourceforge.net/docs/?qconsole_log_say [2191/2191] -> "ezquake.sourceforge.net_20121129/docs/index.html?qconsole_log_say.html" [1]
2012-11-29 18:43:04 URL:http://ezquake.sourceforge.net/docs/?qport [2032/2032] -> "ezquake.sourceforge.net_20121129/docs/index.html?qport.html" [1]
2012-11-29 18:43:04 URL:http://ezquake.sourceforge.net/docs/?qtv_password [2011/2011] -> "ezquake.sourceforge.net_20121129/docs/index.html?qtv_password.html" [1]
2012-11-29 18:43:04 URL:http://ezquake.sourceforge.net/docs/?qtv_streamport [2089/2089] -> "ezquake.sourceforge.net_20121129/docs/index.html?qtv_streamport.html" [1]
2012-11-29 18:43:04 URL:http://ezquake.sourceforge.net/docs/?rcon_address [2051/2051] -> "ezquake.sourceforge.net_20121129/docs/index.html?rcon_address.html" [1]
2012-11-29 18:43:05 URL:http://ezquake.sourceforge.net/docs/?rcon_password [2040/2040] -> "ezquake.sourceforge.net_20121129/docs/index.html?rcon_password.html" [1]
2012-11-29 18:43:05 URL:http://ezquake.sourceforge.net/docs/?re_trigger_match_0 [2072/2072] -> "ezquake.sourceforge.net_20121129/docs/index.html?re_trigger_match_0.html" [1]
2012-11-29 18:43:05 URL:http://ezquake.sourceforge.net/docs/?re_trigger_match_1 [2013/2013] -> "ezquake.sourceforge.net_20121129/docs/index.html?re_trigger_match_1.html" [1]
2012-11-29 18:43:05 URL:http://ezquake.sourceforge.net/docs/?scr_autoid_drawname [2332/2332] -> "ezquake.sourceforge.net_20121129/docs/index.html?scr_autoid_drawname.html" [1]
2012-11-29 18:43:05 URL:http://ezquake.sourceforge.net/docs/?scr_centermenu [2190/2190] -> "ezquake.sourceforge.net_20121129/docs/index.html?scr_centermenu.html" [1]
2012-11-29 18:43:06 URL:http://ezquake.sourceforge.net/docs/?scr_cursor_alpha [2071/2071] -> "ezquake.sourceforge.net_20121129/docs/index.html?scr_cursor_alpha.html" [1]
2012-11-29 18:43:06 URL:http://ezquake.sourceforge.net/docs/?scr_cursor_iconoffset_x [2073/2073] -> "ezquake.sourceforge.net_20121129/docs/index.html?scr_cursor_iconoffset_x.html" [1]
2012-11-29 18:43:06 URL:http://ezquake.sourceforge.net/docs/?scr_cursor_iconoffset_y [2072/2072] -> "ezquake.sourceforge.net_20121129/docs/index.html?scr_cursor_iconoffset_y.html" [1]
2012-11-29 18:43:06 URL:http://ezquake.sourceforge.net/docs/?scr_cursor_scale [2056/2056] -> "ezquake.sourceforge.net_20121129/docs/index.html?scr_cursor_scale.html" [1]
2012-11-29 18:43:06 URL:http://ezquake.sourceforge.net/docs/?scr_cursor_sensitivity [2074/2074] -> "ezquake.sourceforge.net_20121129/docs/index.html?scr_cursor_sensitivity.html" [1]
2012-11-29 18:43:06 URL:http://ezquake.sourceforge.net/docs/?scr_scalemenu [2159/2159] -> "ezquake.sourceforge.net_20121129/docs/index.html?scr_scalemenu.html" [1]
2012-11-29 18:43:07 URL:http://ezquake.sourceforge.net/docs/?scr_scoreboard_death_color [2139/2139] -> "ezquake.sourceforge.net_20121129/docs/index.html?scr_scoreboard_death_color.html" [1]
2012-11-29 18:43:07 URL:http://ezquake.sourceforge.net/docs/?scr_scoreboard_kill_color [2129/2129] -> "ezquake.sourceforge.net_20121129/docs/index.html?scr_scoreboard_kill_color.html" [1]
2012-11-29 18:43:07 URL:http://ezquake.sourceforge.net/docs/?scr_scoreboard_posx [2278/2278] -> "ezquake.sourceforge.net_20121129/docs/index.html?scr_scoreboard_posx.html" [1]
2012-11-29 18:43:07 URL:http://ezquake.sourceforge.net/docs/?scr_scoreboard_spectator_name [2209/2209] -> "ezquake.sourceforge.net_20121129/docs/index.html?scr_scoreboard_spectator_name.html" [1]
2012-11-29 18:43:07 URL:http://ezquake.sourceforge.net/docs/?scr_scoreboard_tk_color [2123/2123] -> "ezquake.sourceforge.net_20121129/docs/index.html?scr_scoreboard_tk_color.html" [1]
2012-11-29 18:43:08 URL:http://ezquake.sourceforge.net/docs/?sv_aim [2033/2033] -> "ezquake.sourceforge.net_20121129/docs/index.html?sv_aim.html" [1]
2012-11-29 18:43:08 URL:http://ezquake.sourceforge.net/docs/?sv_forcenqprogs [2326/2326] -> "ezquake.sourceforge.net_20121129/docs/index.html?sv_forcenqprogs.html" [1]
2012-11-29 18:43:08 URL:http://ezquake.sourceforge.net/docs/?s_other_file [2201/2201] -> "ezquake.sourceforge.net_20121129/docs/index.html?s_other_file.html" [1]
2012-11-29 18:43:08 URL:http://ezquake.sourceforge.net/docs/?s_volume [2122/2122] -> "ezquake.sourceforge.net_20121129/docs/index.html?s_volume.html" [1]
2012-11-29 18:43:08 URL:http://ezquake.sourceforge.net/docs/?timeout [2197/2197] -> "ezquake.sourceforge.net_20121129/docs/index.html?timeout.html" [1]
2012-11-29 18:43:08 URL:http://ezquake.sourceforge.net/docs/?tp_name_rlg [2018/2018] -> "ezquake.sourceforge.net_20121129/docs/index.html?tp_name_rlg.html" [1]
2012-11-29 18:43:09 URL:http://ezquake.sourceforge.net/docs/?zombietime [2121/2121] -> "ezquake.sourceforge.net_20121129/docs/index.html?zombietime.html" [1]
2012-11-29 18:43:09 URL:http://ezquake.sourceforge.net/docs/?commands [98064/98064] -> "ezquake.sourceforge.net_20121129/docs/index.html?bar_armor.html" [1]
2012-11-29 18:43:10 URL:http://ezquake.sourceforge.net/docs/?commands [98064/98064] -> "ezquake.sourceforge.net_20121129/docs/index.html?bar_health.html" [1]
2012-11-29 18:43:11 URL:http://ezquake.sourceforge.net/docs/?commands [98064/98064] -> "ezquake.sourceforge.net_20121129/docs/index.html?score_own.html" [1]
2012-11-29 18:43:12 URL:http://ezquake.sourceforge.net/docs/?commands [98064/98064] -> "ezquake.sourceforge.net_20121129/docs/index.html?score_enemy.html" [1]
2012-11-29 18:43:13 URL:http://ezquake.sourceforge.net/docs/?commands [98064/98064] -> "ezquake.sourceforge.net_20121129/docs/index.html?score_difference.html" [1]
2012-11-29 18:43:14 URL:http://ezquake.sourceforge.net/docs/?commands [98064/98064] -> "ezquake.sourceforge.net_20121129/docs/index.html?score_position.html" [1]
2012-11-29 18:43:14 URL:http://ezquake.sourceforge.net/docs/ [12170/12170] -> "ezquake.sourceforge.net_20121129/docs/index.html?score_bar.html" [1]
2012-11-29 18:43:16 URL:http://ezquake.sourceforge.net/docs/?vars-graphics [313074/313074] -> "ezquake.sourceforge.net_20121129/docs/index.html?gl_texturemode2d.html" [1]
2012-11-29 18:43:17 URL:http://ezquake.sourceforge.net/docs/?vars-graphics [313074/313074] -> "ezquake.sourceforge.net_20121129/docs/index.html?gl_fb_models.html" [1]
2012-11-29 18:43:18 URL:http://ezquake.sourceforge.net/docs/?commands [98064/98064] -> "ezquake.sourceforge.net_20121129/docs/index.html?demo_jump_status.html" [1]
2012-11-29 18:43:18 URL:http://ezquake.sourceforge.net/docs/ [12170/12170] -> "ezquake.sourceforge.net_20121129/docs/index.html?scr_autoid_barlength.html" [1]
2012-11-29 18:43:19 URL:http://ezquake.sourceforge.net/docs/?vars-sound [40245/40245] -> "ezquake.sourceforge.net_20121129/docs/index.html?sys_inactivesound.html" [1]
2012-11-29 18:43:19 URL:http://ezquake.sourceforge.net/docs/ [12170/12170] -> "ezquake.sourceforge.net_20121129/docs/index.html?tp_msgitemsoon.html" [1]
2012-11-29 18:43:20 URL:http://ezquake.sourceforge.net/docs/ [12170/12170] -> "ezquake.sourceforge.net_20121129/docs/index.html?tp_msgnocancel.html" [1]
2012-11-29 18:43:20 URL:http://ezquake.sourceforge.net/docs/ [12170/12170] -> "ezquake.sourceforge.net_20121129/docs/index.html?tp_msgpack.html" [1]
2012-11-29 18:43:20 URL:http://ezquake.sourceforge.net/docs/ [12170/12170] -> "ezquake.sourceforge.net_20121129/docs/index.html?+score_bar.html" [1]
2012-11-29 18:43:21 URL:http://ezquake.sourceforge.net/docs/ [12170/12170] -> "ezquake.sourceforge.net_20121129/docs/index.html?cfg_use_gamedir.html" [1]
2012-11-29 18:43:24 URL:http://ezquake.sourceforge.net/docs/?vars-hud [684344/684344] -> "ezquake.sourceforge.net_20121129/docs/index.html?con_completion_changed_mark.html" [1]
2012-11-29 18:43:28 URL:http://ezquake.sourceforge.net/docs/?vars-hud [684344/684344] -> "ezquake.sourceforge.net_20121129/docs/index.html?con_completion_format.html" [1]
2012-11-29 18:43:29 URL:http://ezquake.sourceforge.net/docs/?vars-demos [92790/92790] -> "ezquake.sourceforge.net_20121129/docs/index.html?match_auto_logupload.html" [1]
2012-11-29 18:43:30 URL:http://ezquake.sourceforge.net/docs/ [12170/12170] -> "ezquake.sourceforge.net_20121129/docs/index.html?observeqtv.html" [1]
2012-11-29 18:43:31 URL:http://ezquake.sourceforge.net/docs/ [12170/12170] -> "ezquake.sourceforge.net_20121129/docs/index.html?set_eval.html" [1]
2012-11-29 18:43:32 URL:http://ezquake.sourceforge.net/docs/?vars-multiplayer [96288/96288] -> "ezquake.sourceforge.net_20121129/docs/index.html?teamlock.html" [1]
2012-11-29 18:43:33 URL:http://ezquake.sourceforge.net/docs/?commands [98064/98064] -> "ezquake.sourceforge.net_20121129/docs/index.html?troubleshoot.html" [1]
2012-11-29 18:43:35 URL:http://ezquake.sourceforge.net/docs/?vars-graphics [313074/313074] -> "ezquake.sourceforge.net_20121129/docs/index.html?vid_conaspect.html" [1]
2012-11-29 18:43:35 URL:http://ezquake.sourceforge.net/docs/ [12170/12170] -> "ezquake.sourceforge.net_20121129/docs/index.html?demo_jump_mark.html" [1]
2012-11-29 18:43:37 URL:http://ezquake.sourceforge.net/docs/?vars-graphics [313074/313074] -> "ezquake.sourceforge.net_20121129/docs/index.html?gl_squareparticles.html" [1]
2012-11-29 18:43:37 URL:http://ezquake.sourceforge.net/docs/ [12170/12170] -> "ezquake.sourceforge.net_20121129/docs/index.html?qtvdemolist.html" [1]
2012-11-29 18:43:37 URL:http://ezquake.sourceforge.net/docs/ [12170/12170] -> "ezquake.sourceforge.net_20121129/docs/index.html?qtvlist.html" [1]
2012-11-29 18:43:38 URL:http://ezquake.sourceforge.net/docs/ [12170/12170] -> "ezquake.sourceforge.net_20121129/docs/index.html?gl_particle_style.html" [1]
2012-11-29 18:43:42 URL:http://ezquake.sourceforge.net/docs/?vars-hud [684344/684344] -> "ezquake.sourceforge.net_20121129/docs/index.html?con_funchars_mode.html" [1]
2012-11-29 18:43:45 URL:http://ezquake.sourceforge.net/docs/?vars-hud [684344/684344] -> "ezquake.sourceforge.net_20121129/docs/index.html?gl_smoothfont.html" [1]
2012-11-29 18:43:47 URL:http://ezquake.sourceforge.net/docs/?vars-graphics [313074/313074] -> "ezquake.sourceforge.net_20121129/docs/index.html?gl_ext_texture_compression.html" [1]
2012-11-29 18:43:48 URL:http://ezquake.sourceforge.net/docs/?vars-graphics [313074/313074] -> "ezquake.sourceforge.net_20121129/docs/index.html?cl_nolerp_on_entity.html" [1]
2012-11-29 18:43:50 URL:http://ezquake.sourceforge.net/docs/?vars-graphics [313074/313074] -> "ezquake.sourceforge.net_20121129/docs/index.html?r_tracker_positive_enemy_suicide.html" [1]
2012-11-29 18:43:53 URL:http://ezquake.sourceforge.net/docs/?vars-hud [684344/684344] -> "ezquake.sourceforge.net_20121129/docs/index.html?scr_scoreboard_fadescreen.html" [1]
2012-11-29 18:43:54 URL:http://ezquake.sourceforge.net/docs/?vars-demos [92790/92790] -> "ezquake.sourceforge.net_20121129/docs/index.html?cl_startupdemo.html" [1]
2012-11-29 18:43:56 URL:http://ezquake.sourceforge.net/docs/?vars-graphics [313074/313074] -> "ezquake.sourceforge.net_20121129/docs/index.html?show_velocity_3d.html" [1]
2012-11-29 18:43:56 URL:http://ezquake.sourceforge.net/docs/ [12170/12170] -> "ezquake.sourceforge.net_20121129/docs/index.html?gl_ext_arb_texture_non_power_of_two.html" [1]
2012-11-29 18:43:57 URL:http://ezquake.sourceforge.net/docs/?vars-input [38039/38039] -> "ezquake.sourceforge.net_20121129/docs/index.html?cl_upspeed.html" [1]
2012-11-29 18:43:58 URL:http://ezquake.sourceforge.net/docs/?vars-graphics [313074/313074] -> "ezquake.sourceforge.net_20121129/docs/index.html?r_nearclip.html" [1]
2012-11-29 18:44:00 URL:http://ezquake.sourceforge.net/docs/?vars-graphics [313074/313074] -> "ezquake.sourceforge.net_20121129/docs/index.html?vid_wideaspect.html" [1]
2012-11-29 18:44:01 URL:http://ezquake.sourceforge.net/docs/?vars-multiplayer [96288/96288] -> "ezquake.sourceforge.net_20121129/docs/index.html?cl_earlypackets.html" [1]
2012-11-29 18:44:03 URL:http://ezquake.sourceforge.net/docs/?vars-graphics [313074/313074] -> "ezquake.sourceforge.net_20121129/docs/index.html?gl_simpleitems.html" [1]
2012-11-29 18:44:04 URL:http://ezquake.sourceforge.net/docs/?vars-graphics [313074/313074] -> "ezquake.sourceforge.net_20121129/docs/index.html?cl_physfps_spectator.html" [1]
2012-11-29 18:44:04 URL:http://ezquake.sourceforge.net/docs/ [12170/12170] -> "ezquake.sourceforge.net_20121129/docs/index.html?mvdrecord.html" [1]
2012-11-29 18:44:05 URL:http://ezquake.sourceforge.net/docs/ [12170/12170] -> "ezquake.sourceforge.net_20121129/docs/index.html?mvdstop.html" [1]
2012-11-29 18:44:06 URL:http://ezquake.sourceforge.net/docs/?vars-graphics [313074/313074] -> "ezquake.sourceforge.net_20121129/docs/index.html?gl_surface_lava.html" [1]
2012-11-29 18:44:08 URL:http://ezquake.sourceforge.net/docs/?vars-graphics [313074/313074] -> "ezquake.sourceforge.net_20121129/docs/index.html?gl_surface_slime.html" [1]
2012-11-29 18:44:10 URL:http://ezquake.sourceforge.net/docs/?vars-graphics [313074/313074] -> "ezquake.sourceforge.net_20121129/docs/index.html?sshot_autoname.html" [1]
2012-11-29 18:44:13 URL:http://ezquake.sourceforge.net/docs/?vars-hud [684344/684344] -> "ezquake.sourceforge.net_20121129/docs/index.html?con_prompt_charcode.html" [1]
2012-11-29 18:44:15 URL:http://ezquake.sourceforge.net/docs/?vars-graphics [313074/313074] -> "ezquake.sourceforge.net_20121129/docs/index.html?gl_lightning_color.html" [1]
2012-11-29 18:44:17 URL:http://ezquake.sourceforge.net/docs/?vars-graphics [313074/313074] -> "ezquake.sourceforge.net_20121129/docs/index.html?gl_lightning_sparks_size.html" [1]
2012-11-29 18:44:22 URL:http://ezquake.sourceforge.net/docs/?vars-hud [684344/684344] -> "ezquake.sourceforge.net_20121129/docs/index.html?hud_gameclock_offset.html" [1]
2012-11-29 18:44:23 URL:http://ezquake.sourceforge.net/docs/?commands [98064/98064] -> "ezquake.sourceforge.net_20121129/docs/index.html?messagemodeqtvtogame.html" [1]
2012-11-29 18:44:24 URL:http://ezquake.sourceforge.net/docs/?commands [98064/98064] -> "ezquake.sourceforge.net_20121129/docs/index.html?qtv_reconnect.html" [1]
2012-11-29 18:44:25 URL:http://ezquake.sourceforge.net/docs/?vars-multiplayer [96288/96288] -> "ezquake.sourceforge.net_20121129/docs/index.html?cl_proxyaddr.html" [1]
2012-11-29 18:44:27 URL:http://ezquake.sourceforge.net/docs/?commands [98064/98064] -> "ezquake.sourceforge.net_20121129/docs/index.html?itemsclock.html" [1]
2012-11-29 18:44:28 URL:http://ezquake.sourceforge.net/docs/?commands [98064/98064] -> "ezquake.sourceforge.net_20121129/docs/index.html?legacyquake.html" [1]
2012-11-29 18:44:29 URL:http://ezquake.sourceforge.net/docs/?vars-demos [92790/92790] -> "ezquake.sourceforge.net_20121129/docs/index.html?match_auto_unminimize.html" [1]
2012-11-29 18:44:31 URL:http://ezquake.sourceforge.net/docs/?vars-graphics [313074/313074] -> "ezquake.sourceforge.net_20121129/docs/index.html?r_viewmodellastfired.html" [1]
2012-11-29 18:44:32 URL:http://ezquake.sourceforge.net/docs/?vars-multiplayer [96288/96288] -> "ezquake.sourceforge.net_20121129/docs/index.html?sb_hidehighping.html" [1]
2012-11-29 18:44:33 URL:http://ezquake.sourceforge.net/docs/?vars-multiplayer [96288/96288] -> "ezquake.sourceforge.net_20121129/docs/index.html?sb_listcache.html" [1]
2012-11-29 18:44:37 URL:http://ezquake.sourceforge.net/docs/?vars-hud [684344/684344] -> "ezquake.sourceforge.net_20121129/docs/index.html?scr_conpicture.html" [1]
2012-11-29 18:44:38 URL:http://ezquake.sourceforge.net/docs/?vars-graphics [313074/313074] -> "ezquake.sourceforge.net_20121129/docs/index.html?gl_part_detpackexplosion_fire_color.html" [1]
2012-11-29 18:44:40 URL:http://ezquake.sourceforge.net/docs/?vars-graphics [313074/313074] -> "ezquake.sourceforge.net_20121129/docs/index.html?gl_part_detpackexplosion_ray_color.html" [1]
2012-11-29 18:44:42 URL:http://ezquake.sourceforge.net/docs/?vars-graphics [313074/313074] -> "ezquake.sourceforge.net_20121129/docs/index.html?scr_teaminfo_show_self.html" [1]
2012-11-29 18:44:42 URL:http://ezquake.sourceforge.net/docs/?vars-demos [92790/92790] -> "ezquake.sourceforge.net_20121129/docs/index.html?mvd_autotrack.html" [1]
2012-11-29 18:44:44 URL:http://ezquake.sourceforge.net/docs/?vars-graphics [313074/313074] -> "ezquake.sourceforge.net_20121129/docs/index.html?gl_playermip.html" [1]
2012-11-29 18:44:45 URL:http://ezquake.sourceforge.net/docs/?vars-graphics [313074/313074] -> "ezquake.sourceforge.net_20121129/docs/index.html?vid_xpos.html" [1]
2012-11-29 18:44:47 URL:http://ezquake.sourceforge.net/docs/?vars-graphics [313074/313074] -> "ezquake.sourceforge.net_20121129/docs/index.html?vid_ypos.html" [1]
2012-11-29 18:44:47 URL:http://ezquake.sourceforge.net/docs/ [12170/12170] -> "ezquake.sourceforge.net_20121129/docs/index.html?vid_minpos.html" [1]
2012-11-29 18:44:51 URL:http://ezquake.sourceforge.net/docs/?vars-hud [684344/684344] -> "ezquake.sourceforge.net_20121129/docs/index.html?cl_fakename_suffix.html" [1]
2012-11-29 18:44:54 URL:http://ezquake.sourceforge.net/docs/?vars-hud [684344/684344] -> "ezquake.sourceforge.net_20121129/docs/index.html?con_hide_chat_input.html" [1]
2012-11-29 18:44:56 URL:http://ezquake.sourceforge.net/docs/?vars-graphics [313074/313074] -> "ezquake.sourceforge.net_20121129/docs/index.html?gl_turbfog_color_water.html" [1]
2012-11-29 18:44:57 URL:http://ezquake.sourceforge.net/docs/?vars-graphics [313074/313074] -> "ezquake.sourceforge.net_20121129/docs/index.html?gl_turbfog_color_lava.html" [1]
2012-11-29 18:44:59 URL:http://ezquake.sourceforge.net/docs/?vars-graphics [313074/313074] -> "ezquake.sourceforge.net_20121129/docs/index.html?gl_turbfog_color_slime.html" [1]
2012-11-29 18:45:01 URL:http://ezquake.sourceforge.net/docs/?vars-graphics [313074/313074] -> "ezquake.sourceforge.net_20121129/docs/index.html?scr_menudrawhud.html" [1]
2012-11-29 18:45:04 URL:http://ezquake.sourceforge.net/docs/?vars-hud [684344/684344] -> "ezquake.sourceforge.net_20121129/docs/index.html?hud_clock_format.html" [1]
2012-11-29 18:45:06 URL:http://ezquake.sourceforge.net/docs/?commands [98064/98064] -> "ezquake.sourceforge.net_20121129/docs/index.html?netproblem.html" [1]
2012-11-29 18:45:09 URL:http://ezquake.sourceforge.net/docs/?vars-hud [684344/684344] -> "ezquake.sourceforge.net_20121129/docs/index.html?hud_teaminfo_show_enemies.html" [1]
2012-11-29 18:45:09 URL:http://ezquake.sourceforge.net/docs/?vars-input [38039/38039] -> "ezquake.sourceforge.net_20121129/docs/index.html?cl_weaponhide_axe.html" [1]
2012-11-29 18:45:10 URL:http://ezquake.sourceforge.net/docs/?commands [98064/98064] -> "ezquake.sourceforge.net_20121129/docs/index.html?fs_search.html" [1]
2012-11-29 18:45:11 URL:http://ezquake.sourceforge.net/docs/?vars-input [38039/38039] -> "ezquake.sourceforge.net_20121129/docs/index.html?in_di_buffered.html" [1]
2012-11-29 18:45:12 URL:http://ezquake.sourceforge.net/docs/?vars-multiplayer [96288/96288] -> "ezquake.sourceforge.net_20121129/docs/index.html?sb_nosockraw.html" [1]
2012-11-29 18:45:12 URL:http://ezquake.sourceforge.net/docs/?commands [98064/98064] -> "ezquake.sourceforge.net_20121129/docs/index.html?sb_pingsdump.html" [1]
2012-11-29 18:45:13 URL:http://ezquake.sourceforge.net/docs/?commands [98064/98064] -> "ezquake.sourceforge.net_20121129/docs/index.html?sb_sourceadd.html" [1]
2012-11-29 18:45:14 URL:http://ezquake.sourceforge.net/docs/?commands [98064/98064] -> "ezquake.sourceforge.net_20121129/docs/index.html?sb_sourcesupdate.html" [1]
2012-11-29 18:45:15 URL:http://ezquake.sourceforge.net/docs/?vars-input [38039/38039] -> "ezquake.sourceforge.net_20121129/docs/index.html?cl_showkeycodes.html" [1]
2012-11-29 18:45:16 URL:http://ezquake.sourceforge.net/docs/?vars-graphics [313074/313074] -> "ezquake.sourceforge.net_20121129/docs/index.html?gl_particle_gibtrails.html" [1]
2012-11-29 18:45:20 URL:http://ezquake.sourceforge.net/docs/?vars-hud [684344/684344] -> "ezquake.sourceforge.net_20121129/docs/index.html?scr_newhud_clear.html" [1]
2012-11-29 18:45:22 URL:http://ezquake.sourceforge.net/docs/?vars-graphics [313074/313074] -> "ezquake.sourceforge.net_20121129/docs/index.html?vid_vsync.html" [1]
2012-11-29 18:45:22 URL:http://ezquake.sourceforge.net/docs/?vars-input [38039/38039] -> "ezquake.sourceforge.net_20121129/docs/index.html?in_raw_allbuttons.html" [1]
2012-11-29 18:45:23 URL:http://ezquake.sourceforge.net/docs/?vars-multiplayer [96288/96288] -> "ezquake.sourceforge.net_20121129/docs/index.html?cl_delay_packet.html" [1]
2012-11-29 18:45:25 URL:http://ezquake.sourceforge.net/docs/?vars-graphics [313074/313074] -> "ezquake.sourceforge.net_20121129/docs/index.html?gl_luma_level.html" [1]
2012-11-29 18:45:25 URL:http://ezquake.sourceforge.net/docs/ [12170/12170] -> "ezquake.sourceforge.net_20121129/docs/index.html?mp3_playertype.html" [1]
2012-11-29 18:45:26 URL:http://ezquake.sourceforge.net/docs/ [12170/12170] -> "ezquake.sourceforge.net_20121129/docs/index.html?ownfrags.html" [1]
2012-11-29 18:45:27 URL:http://ezquake.sourceforge.net/docs/?vars-graphics [313074/313074] -> "ezquake.sourceforge.net_20121129/docs/index.html?scr_teaminfo.html" [1]
2012-11-29 18:45:29 URL:http://ezquake.sourceforge.net/docs/?vars-graphics [313074/313074] -> "ezquake.sourceforge.net_20121129/docs/index.html?scr_weaponstats.html" [1]
2012-11-29 18:45:30 URL:http://ezquake.sourceforge.net/docs/?vars-graphics [313074/313074] -> "ezquake.sourceforge.net_20121129/docs/index.html?gl_powerupshells.html" [1]
2012-11-29 18:45:32 URL:http://ezquake.sourceforge.net/docs/?vars-graphics [313074/313074] -> "ezquake.sourceforge.net_20121129/docs/index.html?gl_powerupshells_style.html" [1]
2012-11-29 18:45:34 URL:http://ezquake.sourceforge.net/docs/?vars-graphics [313074/313074] -> "ezquake.sourceforge.net_20121129/docs/index.html?gl_powerupshells_size.html" [1]
2012-11-29 18:45:35 URL:http://ezquake.sourceforge.net/docs/?vars-graphics [313074/313074] -> "ezquake.sourceforge.net_20121129/docs/index.html?scr_teaminfo_order.html" [1]
2012-11-29 18:45:36 URL:http://ezquake.sourceforge.net/docs/ [12170/12170] -> "ezquake.sourceforge.net_20121129/docs/index.html?scr_teaminfo_health.html" [1]
2012-11-29 18:45:37 URL:http://ezquake.sourceforge.net/docs/?vars-graphics [313074/313074] -> "ezquake.sourceforge.net_20121129/docs/index.html?scr_teaminfo_armor_style.html" [1]
2012-11-29 18:45:39 URL:http://ezquake.sourceforge.net/docs/?vars-graphics [313074/313074] -> "ezquake.sourceforge.net_20121129/docs/index.html?scr_teaminfo_weapon_style.html" [1]
2012-11-29 18:45:40 URL:http://ezquake.sourceforge.net/docs/?vars-graphics [313074/313074] -> "ezquake.sourceforge.net_20121129/docs/index.html?r_drawvweps.html" [1]
2012-11-29 18:45:42 URL:http://ezquake.sourceforge.net/docs/?vars-graphics [313074/313074] -> "ezquake.sourceforge.net_20121129/docs/index.html?cl_novweps.html" [1]
2012-11-29 18:45:43 URL:http://ezquake.sourceforge.net/docs/?vars-graphics [313074/313074] -> "ezquake.sourceforge.net_20121129/docs/index.html?cl_vsync_lag_fix.html" [1]
2012-11-29 18:45:44 URL:http://ezquake.sourceforge.net/docs/ [12170/12170] -> "ezquake.sourceforge.net_20121129/docs/index.html?vidlag.html" [1]
2012-11-29 18:45:44 URL:http://ezquake.sourceforge.net/docs/ [12170/12170] -> "ezquake.sourceforge.net_20121129/docs/index.html?cvar_in.html" [1]
2012-11-29 18:45:44 URL:http://ezquake.sourceforge.net/docs/ [12170/12170] -> "ezquake.sourceforge.net_20121129/docs/index.html?cvar_out.html" [1]
2012-11-29 18:45:45 URL:http://ezquake.sourceforge.net/docs/?commands [98064/98064] -> "ezquake.sourceforge.net_20121129/docs/index.html?alias_in.html" [1]
2012-11-29 18:45:46 URL:http://ezquake.sourceforge.net/docs/ [12170/12170] -> "ezquake.sourceforge.net_20121129/docs/index.html?alias_out.html" [1]
2012-11-29 18:45:48 URL:http://ezquake.sourceforge.net/docs/?vars-graphics [313074/313074] -> "ezquake.sourceforge.net_20121129/docs/index.html?cl_backpackfilter.html" [1]
2012-11-29 18:45:49 URL:http://ezquake.sourceforge.net/docs/?commands [98064/98064] -> "ezquake.sourceforge.net_20121129/docs/index.html?autotrack.html" [1]
2012-11-29 18:45:49 URL:http://ezquake.sourceforge.net/docs/?vars-teamplay [47200/47200] -> "ezquake.sourceforge.net_20121129/docs/index.html?cl_sayfilter_coloredtext.html" [1]
2012-11-29 18:45:50 URL:http://ezquake.sourceforge.net/docs/?vars-teamplay [47200/47200] -> "ezquake.sourceforge.net_20121129/docs/index.html?cl_sayfilter_sendboth.html" [1]
2012-11-29 18:45:54 URL:http://ezquake.sourceforge.net/docs/?vars-hud [684344/684344] -> "ezquake.sourceforge.net_20121129/docs/index.html?con_tilde_mode.html" [1]
2012-11-29 18:45:55 URL:http://ezquake.sourceforge.net/docs/?vars-demos [92790/92790] -> "ezquake.sourceforge.net_20121129/docs/index.html?mvd_autotrack_lockteam.html" [1]
2012-11-29 18:45:56 URL:http://ezquake.sourceforge.net/docs/ [12170/12170] -> "ezquake.sourceforge.net_20121129/docs/index.html?set_tp.html" [1]
2012-11-29 18:45:57 URL:http://ezquake.sourceforge.net/docs/?commands [98064/98064] -> "ezquake.sourceforge.net_20121129/docs/index.html?timedemo.html" [1]
2012-11-29 18:45:58 URL:http://ezquake.sourceforge.net/docs/?vars-demos [92790/92790] -> "ezquake.sourceforge.net_20121129/docs/index.html?demo_benchmarkdumps.html" [1]
2012-11-29 18:45:58 URL:http://ezquake.sourceforge.net/docs/?commands [98064/98064] -> "ezquake.sourceforge.net_20121129/docs/index.html?trackkiller.html" [1]
2012-11-29 18:46:02 URL:http://ezquake.sourceforge.net/docs/?vars-hud [684344/684344] -> "ezquake.sourceforge.net_20121129/docs/index.html?cl_sbar.html" [1]
2012-11-29 18:46:03 URL:http://ezquake.sourceforge.net/docs/?vars-input [38039/38039] -> "ezquake.sourceforge.net_20121129/docs/index.html?in_mouse.html" [1]
2012-11-29 18:46:04 URL:http://ezquake.sourceforge.net/docs/?vars-demos [92790/92790] -> "ezquake.sourceforge.net_20121129/docs/index.html?demo_autotrack.html" [1]
2012-11-29 18:46:05 URL:http://ezquake.sourceforge.net/docs/?vars-graphics [313074/313074] -> "ezquake.sourceforge.net_20121129/docs/index.html?gl_rl_globe.html" [1]
2012-11-29 18:46:06 URL:http://ezquake.sourceforge.net/docs/?vars-input [38039/38039] -> "ezquake.sourceforge.net_20121129/docs/index.html?in_di_bufsize.html" [1]
2012-11-29 18:46:06 URL:http://ezquake.sourceforge.net/docs/?vars-demos [92790/92790] -> "ezquake.sourceforge.net_20121129/docs/index.html?qtv_adjustbuffer.html" [1]
2012-11-29 18:46:08 URL:http://ezquake.sourceforge.net/docs/?vars-graphics [313074/313074] -> "ezquake.sourceforge.net_20121129/docs/index.html?scr_showcrosshair.html" [1]
2012-11-29 18:46:08 URL:http://ezquake.sourceforge.net/docs/ [12170/12170] -> "ezquake.sourceforge.net_20121129/docs/index.html?togglespec.html" [1]
2012-11-29 18:46:09 URL:http://ezquake.sourceforge.net/docs/?vars-graphics [313074/313074] -> "ezquake.sourceforge.net_20121129/docs/index.html?vid_borderless.html" [1]
2012-11-29 18:46:10 URL:http://ezquake.sourceforge.net/docs/?vars-sound [40245/40245] -> "ezquake.sourceforge.net_20121129/docs/index.html?sys_inactiveSound.html" [1]
2012-11-29 18:46:14 URL:http://ezquake.sourceforge.net/docs/?vars-hud [684344/684344] -> "ezquake.sourceforge.net_20121129/docs/index.html?scr_drawVFrags.html" [1]
2012-11-29 18:46:17 URL:http://ezquake.sourceforge.net/docs/?vars-hud [684344/684344] -> "ezquake.sourceforge.net_20121129/docs/index.html?con_shift.html" [1]
2012-11-29 18:46:19 URL:http://ezquake.sourceforge.net/docs/?commands [98064/98064] -> "ezquake.sourceforge.net_20121129/docs/index.html?vid_restart.html" [1]
2012-11-29 18:46:20 URL:http://ezquake.sourceforge.net/docs/?command-line [28348/28348] -> "ezquake.sourceforge.net_20121129/docs/index.html?window.html" [1]
2012-11-29 18:46:21 URL:http://ezquake.sourceforge.net/docs/?vars-graphics [313074/313074] -> "ezquake.sourceforge.net_20121129/docs/index.html?gl_lightmode.html" [1]
2012-11-29 18:46:23 URL:http://ezquake.sourceforge.net/docs/?vars-graphics [313074/313074] -> "ezquake.sourceforge.net_20121129/docs/index.html?cl_onload.html" [1]
2012-11-29 18:46:24 URL:http://ezquake.sourceforge.net/docs/?vars-multiplayer [96288/96288] -> "ezquake.sourceforge.net_20121129/docs/index.html?cl_pext_chunkeddownloads.html" [1]
2012-11-29 18:46:25 URL:http://ezquake.sourceforge.net/docs/?vars-multiplayer [96288/96288] -> "ezquake.sourceforge.net_20121129/docs/index.html?cl_pext_other.html" [1]
2012-11-29 18:46:26 URL:http://ezquake.sourceforge.net/docs/?vars-multiplayer [96288/96288] -> "ezquake.sourceforge.net_20121129/docs/index.html?cl_crypt_rcon.html" [1]
2012-11-29 18:46:28 URL:http://ezquake.sourceforge.net/docs/?vars-graphics [313074/313074] -> "ezquake.sourceforge.net_20121129/docs/index.html?cl_window_caption.html" [1]
2012-11-29 18:46:29 URL:http://ezquake.sourceforge.net/docs/?vars-graphics [313074/313074] -> "ezquake.sourceforge.net_20121129/docs/index.html?vid_hwgammacontrol.html" [1]
2012-11-29 18:46:30 URL:http://ezquake.sourceforge.net/docs/?vars-miscellaneous [39190/39190] -> "ezquake.sourceforge.net_20121129/docs/index.html?cfg_save_onquit.html" [1]
2012-11-29 18:46:32 URL:http://ezquake.sourceforge.net/docs/?vars-graphics [313074/313074] -> "ezquake.sourceforge.net_20121129/docs/index.html?gl_part_tracer1_color.html" [1]
2012-11-29 18:46:34 URL:http://ezquake.sourceforge.net/docs/?vars-graphics [313074/313074] -> "ezquake.sourceforge.net_20121129/docs/index.html?gl_part_tracer2_color.html" [1]
2012-11-29 18:46:34 URL:http://ezquake.sourceforge.net/docs/ [12170/12170] -> "ezquake.sourceforge.net_20121129/docs/index.html?mvd_utils_reinit.html" [1]
2012-11-29 18:46:34 URL:http://ezquake.sourceforge.net/docs/ [12170/12170] -> "ezquake.sourceforge.net_20121129/docs/index.html?r_tracker_string_suicides.html" [1]
2012-11-29 18:46:35 URL:http://ezquake.sourceforge.net/docs/ [12170/12170] -> "ezquake.sourceforge.net_20121129/docs/index.html?r_tracker_string_died.html" [1]
2012-11-29 18:46:36 URL:http://ezquake.sourceforge.net/docs/?commands [98064/98064] -> "ezquake.sourceforge.net_20121129/docs/index.html?re_trigger.html" [1]
2012-11-29 18:46:40 URL:http://ezquake.sourceforge.net/docs/?vars-hud [684344/684344] -> "ezquake.sourceforge.net_20121129/docs/index.html?cl_fakename.html" [1]
2012-11-29 18:46:41 URL:http://ezquake.sourceforge.net/docs/?vars-graphics [313074/313074] -> "ezquake.sourceforge.net_20121129/docs/index.html?gl_max_size.html" [1]
2012-11-29 18:46:42 URL:http://ezquake.sourceforge.net/docs/?vars-demos [92790/92790] -> "ezquake.sourceforge.net_20121129/docs/index.html?match_auto_logconsole.html" [1]
2012-11-29 18:46:42 URL:http://ezquake.sourceforge.net/docs/ [12170/12170] -> "ezquake.sourceforge.net_20121129/docs/index.html?cl_oldPl.html" [1]
2012-11-29 18:46:43 URL:http://ezquake.sourceforge.net/docs/ [12170/12170] -> "ezquake.sourceforge.net_20121129/docs/index.html?cl_newCompletion.html" [1]
2012-11-29 18:46:44 URL:http://ezquake.sourceforge.net/docs/?vars-graphics [313074/313074] -> "ezquake.sourceforge.net_20121129/docs/index.html?r_particles_count.html" [1]
2012-11-29 18:46:46 URL:http://ezquake.sourceforge.net/docs/?vars-graphics [313074/313074] -> "ezquake.sourceforge.net_20121129/docs/index.html?scr_scoreboard_drawfps.html" [1]
2012-11-29 18:46:47 URL:http://ezquake.sourceforge.net/docs/?vars-multiplayer [96288/96288] -> "ezquake.sourceforge.net_20121129/docs/index.html?r_enemyskincolor.html" [1]
2012-11-29 18:46:47 URL:http://ezquake.sourceforge.net/docs/?vars-multiplayer [96288/96288] -> "ezquake.sourceforge.net_20121129/docs/index.html?r_teamskincolor.html" [1]
2012-11-29 18:46:48 URL:http://ezquake.sourceforge.net/docs/?vars-multiplayer [96288/96288] -> "ezquake.sourceforge.net_20121129/docs/index.html?r_skincolormode.html" [1]
2012-11-29 18:46:48 URL:http://ezquake.sourceforge.net/docs/ [12170/12170] -> "ezquake.sourceforge.net_20121129/docs/index.html?in_restart.html" [1]
2012-11-29 18:46:49 URL:http://ezquake.sourceforge.net/docs/?vars-input [38039/38039] -> "ezquake.sourceforge.net_20121129/docs/index.html?in_m_smooth.html" [1]
2012-11-29 18:46:49 URL:http://ezquake.sourceforge.net/docs/?vars-input [38039/38039] -> "ezquake.sourceforge.net_20121129/docs/index.html?in_m_mwhook.html" [1]
2012-11-29 18:46:50 URL:http://ezquake.sourceforge.net/docs/?vars-input [38039/38039] -> "ezquake.sourceforge.net_20121129/docs/index.html?in_m_os_parameters.html" [1]
2012-11-29 18:46:51 URL:http://ezquake.sourceforge.net/docs/?commands [98064/98064] -> "ezquake.sourceforge.net_20121129/docs/index.html?in_evdevlist.html" [1]
2012-11-29 18:46:52 URL:http://ezquake.sourceforge.net/docs/?commands [98064/98064] -> "ezquake.sourceforge.net_20121129/docs/index.html?cmdlist_re.html" [1]
2012-11-29 18:46:53 URL:http://ezquake.sourceforge.net/docs/?vars-graphics [313074/313074] -> "ezquake.sourceforge.net_20121129/docs/index.html?scr_autoid.html" [1]
2012-11-29 18:46:54 URL:http://ezquake.sourceforge.net/docs/?commands [98064/98064] -> "ezquake.sourceforge.net_20121129/docs/index.html?teamholdinfo.html" [1]
2012-11-29 18:46:55 URL:http://ezquake.sourceforge.net/docs/?commands [98064/98064] -> "ezquake.sourceforge.net_20121129/docs/index.html?teamholdbar.html" [1]
2012-11-29 18:46:56 URL:http://ezquake.sourceforge.net/docs/?vars-demos [92790/92790] -> "ezquake.sourceforge.net_20121129/docs/index.html?mvd_autohud.html" [1]
2012-11-29 18:46:58 URL:http://ezquake.sourceforge.net/docs/?vars-graphics [313074/313074] -> "ezquake.sourceforge.net_20121129/docs/index.html?cl_mvhudpos.html" [1]
2012-11-29 18:47:00 URL:http://ezquake.sourceforge.net/docs/?vars-graphics [313074/313074] -> "ezquake.sourceforge.net_20121129/docs/index.html?cl_mvhudvertical.html" [1]
2012-11-29 18:47:01 URL:http://ezquake.sourceforge.net/docs/?vars-graphics [313074/313074] -> "ezquake.sourceforge.net_20121129/docs/index.html?cl_mvhudflip.html" [1]
2012-11-29 18:47:03 URL:http://ezquake.sourceforge.net/docs/?vars-graphics [313074/313074] -> "ezquake.sourceforge.net_20121129/docs/index.html?cl_fakeshaft.html" [1]
2012-11-29 18:47:06 URL:http://ezquake.sourceforge.net/docs/?vars-hud [684344/684344] -> "ezquake.sourceforge.net_20121129/docs/index.html?hud_offscreen.html" [1]
2012-11-29 18:47:08 URL:http://ezquake.sourceforge.net/docs/?commands [98064/98064] -> "ezquake.sourceforge.net_20121129/docs/index.html?speed.html" [1]
2012-11-29 18:47:09 URL:http://ezquake.sourceforge.net/docs/?commands [98064/98064] -> "ezquake.sourceforge.net_20121129/docs/index.html?speed2.html" [1]
2012-11-29 18:47:12 URL:http://ezquake.sourceforge.net/docs/?vars-hud [684344/684344] -> "ezquake.sourceforge.net_20121129/docs/index.html?hud_digits_trim.html" [1]
2012-11-29 18:47:13 URL:http://ezquake.sourceforge.net/docs/?vars-graphics [313074/313074] -> "ezquake.sourceforge.net_20121129/docs/index.html?vid_forcerestoregamma.html" [1]
2012-11-29 18:47:14 URL:http://ezquake.sourceforge.net/docs/ [12170/12170] -> "ezquake.sourceforge.net_20121129/docs/index.html?gl_anisostropy.html" [1]
2012-11-29 18:47:14 URL:http://ezquake.sourceforge.net/docs/?commands [98064/98064] -> "ezquake.sourceforge.net_20121129/docs/index.html?tcpconnect.html" [1]
2012-11-29 18:47:15 URL:http://ezquake.sourceforge.net/docs/?commands [98064/98064] -> "ezquake.sourceforge.net_20121129/docs/index.html?addloc.html" [1]
2012-11-29 18:47:16 URL:http://ezquake.sourceforge.net/docs/?commands [98064/98064] -> "ezquake.sourceforge.net_20121129/docs/index.html?removeloc.html" [1]
2012-11-29 18:47:17 URL:http://ezquake.sourceforge.net/docs/?commands [98064/98064] -> "ezquake.sourceforge.net_20121129/docs/index.html?clearlocs.html" [1]
2012-11-29 18:47:19 URL:http://sourceforge.net/projects/ezquake/files/OldFiles/ [62097/62097] -> "ezquake.sourceforge.net_20121129/build/index.html" [1]
2012-11-29 18:47:19 URL:http://ezquake.sourceforge.net/docs/ [12170/12170] -> "ezquake.sourceforge.net_20121129/docs/index.html?coloured-text.html" [1]
2012-11-29 18:47:20 URL:http://ezquake.sourceforge.net/docs/?vars-input [38039/38039] -> "ezquake.sourceforge.net_20121129/docs/index.html?cl_smartjump.html" [1]
2012-11-29 18:47:21 URL:http://ezquake.sourceforge.net/docs/?vars-demos [92790/92790] -> "ezquake.sourceforge.net_20121129/docs/index.html?mvd_moreinfo.html" [1]
2012-11-29 18:47:21 URL:http://ezquake.sourceforge.net/docs/?vars-demos [92790/92790] -> "ezquake.sourceforge.net_20121129/docs/index.html?demo_format.html" [1]
2012-11-29 18:47:22 URL:http://ezquake.sourceforge.net/docs/?vars-demos [92790/92790] -> "ezquake.sourceforge.net_20121129/docs/index.html?qwdtools_dir.html" [1]
2012-11-29 18:47:23 URL:http://ezquake.sourceforge.net/docs/?commands [98064/98064] -> "ezquake.sourceforge.net_20121129/docs/index.html?if_exists.html" [1]
2012-11-29 18:47:24 URL:http://ezquake.sourceforge.net/docs/?commands [98064/98064] -> "ezquake.sourceforge.net_20121129/docs/index.html?set_ex.html" [1]
2012-11-29 18:47:25 URL:http://ezquake.sourceforge.net/docs/?commands [98064/98064] -> "ezquake.sourceforge.net_20121129/docs/index.html?set_alias_str.html" [1]
2012-11-29 18:47:26 URL:http://ezquake.sourceforge.net/docs/?commands [98064/98064] -> "ezquake.sourceforge.net_20121129/docs/index.html?set_bind_str.html" [1]
2012-11-29 18:47:31 URL:http://ezquake.sourceforge.net/docs/?vars-hud [684344/684344] -> "ezquake.sourceforge.net_20121129/docs/index.html?cvar_viewhelp.html" [1]
2012-11-29 18:47:32 URL:http://ezquake.sourceforge.net/docs/?vars-graphics [313074/313074] -> "ezquake.sourceforge.net_20121129/docs/index.html?r_fullbright.html" [1]
2012-11-29 18:47:34 URL:http://ezquake.sourceforge.net/docs/?vars-graphics [313074/313074] -> "ezquake.sourceforge.net_20121129/docs/index.html?cl_rollangle.html" [1]
FINISHED --2012-11-29 18:47:34--
Total wall clock time: 7m 15s
Downloaded: 538 files, 64M in 1m 32s (710 KB/s)
