2013-11-01 19:46:25 URL:http://felikkz7.free.fr/ [3801/3801] -> "felikkz7.free.fr_20131101/index.html" [1]
2013-11-01 19:46:26 URL:http://felikkz7.free.fr/style.css [14912/14912] -> "felikkz7.free.fr_20131101/style.css" [1]
2013-11-01 19:46:27 URL:http://felikkz7.free.fr/why_kingpin.html [3603/3603] -> "felikkz7.free.fr_20131101/why_kingpin.html" [1]
2013-11-01 19:46:27 URL:http://felikkz7.free.fr/news.html [4566/4566] -> "felikkz7.free.fr_20131101/news.html" [1]
2013-11-01 19:46:27 URL:http://felikkz7.free.fr/screenshots.html [6338/6338] -> "felikkz7.free.fr_20131101/screenshots.html" [1]
2013-11-01 19:46:27 URL:http://felikkz7.free.fr/downloads.html [3491/3491] -> "felikkz7.free.fr_20131101/downloads.html" [1]
2013-11-01 19:46:27 URL:http://felikkz7.free.fr/links.html [3760/3760] -> "felikkz7.free.fr_20131101/links.html" [1]
2013-11-01 19:46:28 URL:http://felikkz7.free.fr/misc.html [3332/3332] -> "felikkz7.free.fr_20131101/misc.html" [1]
2013-11-01 19:46:28 URL:http://felikkz7.free.fr/images/degrade.jpg [620/620] -> "felikkz7.free.fr_20131101/images/degrade.jpg" [1]
2013-11-01 19:46:28 URL:http://felikkz7.free.fr/images/debut.jpg [1342/1342] -> "felikkz7.free.fr_20131101/images/debut.jpg" [1]
2013-11-01 19:46:28 URL:http://felikkz7.free.fr/images/previous.jpg [1436/1436] -> "felikkz7.free.fr_20131101/images/previous.jpg" [1]
2013-11-01 19:46:28 URL:http://felikkz7.free.fr/images/next.jpg [1437/1437] -> "felikkz7.free.fr_20131101/images/next.jpg" [1]
2013-11-01 19:46:28 URL:http://felikkz7.free.fr/images/fin.jpg [1553/1553] -> "felikkz7.free.fr_20131101/images/fin.jpg" [1]
2013-11-01 19:46:28 URL:http://felikkz7.free.fr/images/briques.jpg [7133/7133] -> "felikkz7.free.fr_20131101/images/briques.jpg" [1]
2013-11-01 19:46:28 URL:http://felikkz7.free.fr/images/fenetre.jpg [1201/1201] -> "felikkz7.free.fr_20131101/images/fenetre.jpg" [1]
2013-11-01 19:46:29 URL:http://felikkz7.free.fr/images/felikkz7.png [38656/38656] -> "felikkz7.free.fr_20131101/images/felikkz7.png" [1]
2013-11-01 19:46:29 URL:http://felikkz7.free.fr/images/workshop.png [5864/5864] -> "felikkz7.free.fr_20131101/images/workshop.png" [1]
2013-11-01 19:46:29 URL:http://felikkz7.free.fr/images/poutre.jpg [1778/1778] -> "felikkz7.free.fr_20131101/images/poutre.jpg" [1]
2013-11-01 19:46:29 URL:http://felikkz7.free.fr/images/pilier_g.jpg [1791/1791] -> "felikkz7.free.fr_20131101/images/pilier_g.jpg" [1]
2013-11-01 19:46:29 URL:http://felikkz7.free.fr/images/pilier_d.jpg [1780/1780] -> "felikkz7.free.fr_20131101/images/pilier_d.jpg" [1]
2013-11-01 19:46:29 URL:http://felikkz7.free.fr/images/verre.jpg [4196/4196] -> "felikkz7.free.fr_20131101/images/verre.jpg" [1]
2013-11-01 19:46:29 URL:http://felikkz7.free.fr/images/night.png [18272/18272] -> "felikkz7.free.fr_20131101/images/night.png" [1]
2013-11-01 19:46:29 URL:http://felikkz7.free.fr/images/garage.jpg [4810/4810] -> "felikkz7.free.fr_20131101/images/garage.jpg" [1]
2013-11-01 19:46:29 URL:http://felikkz7.free.fr/images/barre.jpg [1157/1157] -> "felikkz7.free.fr_20131101/images/barre.jpg" [1]
2013-11-01 19:46:33 URL:http://felikkz7.free.fr/images/parpaings.jpg [8033/8033] -> "felikkz7.free.fr_20131101/images/parpaings.jpg" [1]
2013-11-01 19:46:33 URL:http://felikkz7.free.fr/images/fond.png [49576/49576] -> "felikkz7.free.fr_20131101/images/fond.png" [1]
2013-11-01 19:46:33 URL:http://felikkz7.free.fr/images/imm1.jpg [3651/3651] -> "felikkz7.free.fr_20131101/images/imm1.jpg" [1]
2013-11-01 19:46:33 URL:http://felikkz7.free.fr/images/pal1.jpg [602/602] -> "felikkz7.free.fr_20131101/images/pal1.jpg" [1]
2013-11-01 19:46:34 URL:http://felikkz7.free.fr/images/imm2.jpg [3709/3709] -> "felikkz7.free.fr_20131101/images/imm2.jpg" [1]
2013-11-01 19:46:37 URL:http://felikkz7.free.fr/images/pal2.jpg [746/746] -> "felikkz7.free.fr_20131101/images/pal2.jpg" [1]
2013-11-01 19:46:37 URL:http://felikkz7.free.fr/images/imm3.jpg [4195/4195] -> "felikkz7.free.fr_20131101/images/imm3.jpg" [1]
2013-11-01 19:46:37 URL:http://felikkz7.free.fr/images/pal3.jpg [687/687] -> "felikkz7.free.fr_20131101/images/pal3.jpg" [1]
2013-11-01 19:46:37 URL:http://felikkz7.free.fr/images/imm4.jpg [4019/4019] -> "felikkz7.free.fr_20131101/images/imm4.jpg" [1]
2013-11-01 19:46:37 URL:http://felikkz7.free.fr/images/neon.jpg [997/997] -> "felikkz7.free.fr_20131101/images/neon.jpg" [1]
2013-11-01 19:46:37 URL:http://felikkz7.free.fr/images/cadre_hor.jpg [667/667] -> "felikkz7.free.fr_20131101/images/cadre_hor.jpg" [1]
2013-11-01 19:46:37 URL:http://felikkz7.free.fr/images/cadre_vert.jpg [659/659] -> "felikkz7.free.fr_20131101/images/cadre_vert.jpg" [1]
2013-11-01 19:46:38 URL:http://felikkz7.free.fr/images/papier2.jpg [5299/5299] -> "felikkz7.free.fr_20131101/images/papier2.jpg" [1]
2013-11-01 19:46:38 URL:http://felikkz7.free.fr/images/plaque.jpg [3617/3617] -> "felikkz7.free.fr_20131101/images/plaque.jpg" [1]
2013-11-01 19:46:38 URL:http://felikkz7.free.fr/images/mobil.jpg [5378/5378] -> "felikkz7.free.fr_20131101/images/mobil.jpg" [1]
2013-11-01 19:46:38 URL:http://felikkz7.free.fr/images/caloric.jpg [6023/6023] -> "felikkz7.free.fr_20131101/images/caloric.jpg" [1]
2013-11-01 19:46:38 URL:http://felikkz7.free.fr/images/lion.png [36649/36649] -> "felikkz7.free.fr_20131101/images/lion.png" [1]
2013-11-01 19:46:38 URL:http://felikkz7.free.fr/images/bureau_a.jpg [5562/5562] -> "felikkz7.free.fr_20131101/images/bureau_a.jpg" [1]
2013-11-01 19:46:38 URL:http://felikkz7.free.fr/images/bureau_b.jpg [2497/2497] -> "felikkz7.free.fr_20131101/images/bureau_b.jpg" [1]
2013-11-01 19:46:38 URL:http://felikkz7.free.fr/images/bureau_c.jpg [7814/7814] -> "felikkz7.free.fr_20131101/images/bureau_c.jpg" [1]
2013-11-01 19:46:38 URL:http://felikkz7.free.fr/images/bureau_d.jpg [1679/1679] -> "felikkz7.free.fr_20131101/images/bureau_d.jpg" [1]
2013-11-01 19:46:39 URL:http://felikkz7.free.fr/images/etiquettes/presentation_n.jpg [4898/4898] -> "felikkz7.free.fr_20131101/images/etiquettes/presentation_n.jpg" [1]
2013-11-01 19:46:39 URL:http://felikkz7.free.fr/images/etiquettes/presentation_b.jpg [4827/4827] -> "felikkz7.free.fr_20131101/images/etiquettes/presentation_b.jpg" [1]
2013-11-01 19:46:39 URL:http://felikkz7.free.fr/images/etiquettes/presentation_r.jpg [5315/5315] -> "felikkz7.free.fr_20131101/images/etiquettes/presentation_r.jpg" [1]
2013-11-01 19:46:39 URL:http://felikkz7.free.fr/images/etiquettes/why_n.jpg [4934/4934] -> "felikkz7.free.fr_20131101/images/etiquettes/why_n.jpg" [1]
2013-11-01 19:46:39 URL:http://felikkz7.free.fr/images/etiquettes/why_b.jpg [4865/4865] -> "felikkz7.free.fr_20131101/images/etiquettes/why_b.jpg" [1]
2013-11-01 19:46:39 URL:http://felikkz7.free.fr/images/etiquettes/why_r.jpg [5425/5425] -> "felikkz7.free.fr_20131101/images/etiquettes/why_r.jpg" [1]
2013-11-01 19:46:39 URL:http://felikkz7.free.fr/images/etiquettes/news_n.jpg [4034/4034] -> "felikkz7.free.fr_20131101/images/etiquettes/news_n.jpg" [1]
2013-11-01 19:46:39 URL:http://felikkz7.free.fr/images/etiquettes/news_b.jpg [3948/3948] -> "felikkz7.free.fr_20131101/images/etiquettes/news_b.jpg" [1]
2013-11-01 19:46:40 URL:http://felikkz7.free.fr/images/etiquettes/news_r.jpg [4252/4252] -> "felikkz7.free.fr_20131101/images/etiquettes/news_r.jpg" [1]
2013-11-01 19:46:40 URL:http://felikkz7.free.fr/images/etiquettes/screenshots_n.jpg [4804/4804] -> "felikkz7.free.fr_20131101/images/etiquettes/screenshots_n.jpg" [1]
2013-11-01 19:46:40 URL:http://felikkz7.free.fr/images/etiquettes/screenshots_b.jpg [4726/4726] -> "felikkz7.free.fr_20131101/images/etiquettes/screenshots_b.jpg" [1]
2013-11-01 19:46:40 URL:http://felikkz7.free.fr/images/etiquettes/screenshots_r.jpg [5247/5247] -> "felikkz7.free.fr_20131101/images/etiquettes/screenshots_r.jpg" [1]
2013-11-01 19:46:40 URL:http://felikkz7.free.fr/images/etiquettes/downloads_n.jpg [4644/4644] -> "felikkz7.free.fr_20131101/images/etiquettes/downloads_n.jpg" [1]
2013-11-01 19:46:41 URL:http://felikkz7.free.fr/images/etiquettes/downloads_b.jpg [4551/4551] -> "felikkz7.free.fr_20131101/images/etiquettes/downloads_b.jpg" [1]
2013-11-01 19:46:41 URL:http://felikkz7.free.fr/images/etiquettes/downloads_r.jpg [5039/5039] -> "felikkz7.free.fr_20131101/images/etiquettes/downloads_r.jpg" [1]
2013-11-01 19:46:41 URL:http://felikkz7.free.fr/images/etiquettes/links_n.jpg [4215/4215] -> "felikkz7.free.fr_20131101/images/etiquettes/links_n.jpg" [1]
2013-11-01 19:46:41 URL:http://felikkz7.free.fr/images/etiquettes/links_b.jpg [4122/4122] -> "felikkz7.free.fr_20131101/images/etiquettes/links_b.jpg" [1]
2013-11-01 19:46:41 URL:http://felikkz7.free.fr/images/etiquettes/links_r.jpg [4446/4446] -> "felikkz7.free.fr_20131101/images/etiquettes/links_r.jpg" [1]
2013-11-01 19:46:41 URL:http://felikkz7.free.fr/images/etiquettes/contact_n.jpg [4357/4357] -> "felikkz7.free.fr_20131101/images/etiquettes/contact_n.jpg" [1]
2013-11-01 19:46:41 URL:http://felikkz7.free.fr/images/etiquettes/contact_b.jpg [4281/4281] -> "felikkz7.free.fr_20131101/images/etiquettes/contact_b.jpg" [1]
2013-11-01 19:46:42 URL:http://felikkz7.free.fr/images/etiquettes/misc_n.jpg [5656/5656] -> "felikkz7.free.fr_20131101/images/etiquettes/misc_n.jpg" [1]
2013-11-01 19:46:42 URL:http://felikkz7.free.fr/images/etiquettes/misc_b.jpg [5592/5592] -> "felikkz7.free.fr_20131101/images/etiquettes/misc_b.jpg" [1]
2013-11-01 19:46:42 URL:http://felikkz7.free.fr/images/etiquettes/misc_r.jpg [6947/6947] -> "felikkz7.free.fr_20131101/images/etiquettes/misc_r.jpg" [1]
2013-11-01 19:46:42 URL:http://felikkz7.free.fr/images/papier1.jpg [5600/5600] -> "felikkz7.free.fr_20131101/images/papier1.jpg" [1]
2013-11-01 19:46:42 URL:http://felikkz7.free.fr/images/presentation.png [7796/7796] -> "felikkz7.free.fr_20131101/images/presentation.png" [1]
2013-11-01 19:46:42 URL:http://felikkz7.free.fr/images/why.png [7956/7956] -> "felikkz7.free.fr_20131101/images/why.png" [1]
2013-11-01 19:46:42 URL:http://felikkz7.free.fr/images/news.png [3812/3812] -> "felikkz7.free.fr_20131101/images/news.png" [1]
2013-11-01 19:46:43 URL:http://felikkz7.free.fr/images/downloads.png [7649/7649] -> "felikkz7.free.fr_20131101/images/downloads.png" [1]
2013-11-01 19:46:43 URL:http://felikkz7.free.fr/images/links.png [3680/3680] -> "felikkz7.free.fr_20131101/images/links.png" [1]
2013-11-01 19:46:43 URL:http://felikkz7.free.fr/images/misc.png [9764/9764] -> "felikkz7.free.fr_20131101/images/misc.png" [1]
2013-11-01 19:46:43 URL:http://felikkz7.free.fr/images/simmons.jpg [5909/5909] -> "felikkz7.free.fr_20131101/images/simmons.jpg" [1]
2013-11-01 19:46:43 URL:http://felikkz7.free.fr/images/twin_1.jpg [5846/5846] -> "felikkz7.free.fr_20131101/images/twin_1.jpg" [1]
2013-11-01 19:46:44 URL:http://felikkz7.free.fr/images/twin_2.jpg [5509/5509] -> "felikkz7.free.fr_20131101/images/twin_2.jpg" [1]
2013-11-01 19:46:44 URL:http://felikkz7.free.fr/images/thug.jpg [5574/5574] -> "felikkz7.free.fr_20131101/images/thug.jpg" [1]
2013-11-01 19:46:44 URL:http://felikkz7.free.fr/images/screenshots.png [8090/8090] -> "felikkz7.free.fr_20131101/images/screenshots.png" [1]
2013-11-01 19:46:44 URL:http://felikkz7.free.fr/index.html [3801/3801] -> "felikkz7.free.fr_20131101/index.html" [1]
2013-11-01 19:46:47 URL:http://felikkz7.free.fr/img01.html [453/453] -> "felikkz7.free.fr_20131101/img01.html" [1]
2013-11-01 19:46:47 URL:http://felikkz7.free.fr/screenshots/im_01t.jpg [2867/2867] -> "felikkz7.free.fr_20131101/screenshots/im_01t.jpg" [1]
2013-11-01 19:46:47 URL:http://felikkz7.free.fr/img02.html [486/486] -> "felikkz7.free.fr_20131101/img02.html" [1]
2013-11-01 19:46:50 URL:http://felikkz7.free.fr/screenshots/im_02t.jpg [2947/2947] -> "felikkz7.free.fr_20131101/screenshots/im_02t.jpg" [1]
2013-11-01 19:46:54 URL:http://felikkz7.free.fr/img03.html [486/486] -> "felikkz7.free.fr_20131101/img03.html" [1]
2013-11-01 19:46:54 URL:http://felikkz7.free.fr/screenshots/im_03t.jpg [2752/2752] -> "felikkz7.free.fr_20131101/screenshots/im_03t.jpg" [1]
2013-11-01 19:46:54 URL:http://felikkz7.free.fr/img04.html [486/486] -> "felikkz7.free.fr_20131101/img04.html" [1]
2013-11-01 19:46:55 URL:http://felikkz7.free.fr/screenshots/im_04t.jpg [2556/2556] -> "felikkz7.free.fr_20131101/screenshots/im_04t.jpg" [1]
2013-11-01 19:46:55 URL:http://felikkz7.free.fr/img05.html [486/486] -> "felikkz7.free.fr_20131101/img05.html" [1]
2013-11-01 19:46:55 URL:http://felikkz7.free.fr/screenshots/im_05t.jpg [2466/2466] -> "felikkz7.free.fr_20131101/screenshots/im_05t.jpg" [1]
2013-11-01 19:46:55 URL:http://felikkz7.free.fr/img06.html [486/486] -> "felikkz7.free.fr_20131101/img06.html" [1]
2013-11-01 19:46:55 URL:http://felikkz7.free.fr/screenshots/im_06t.jpg [3521/3521] -> "felikkz7.free.fr_20131101/screenshots/im_06t.jpg" [1]
2013-11-01 19:46:56 URL:http://felikkz7.free.fr/img07.html [486/486] -> "felikkz7.free.fr_20131101/img07.html" [1]
2013-11-01 19:46:56 URL:http://felikkz7.free.fr/screenshots/im_07t.jpg [3153/3153] -> "felikkz7.free.fr_20131101/screenshots/im_07t.jpg" [1]
2013-11-01 19:46:56 URL:http://felikkz7.free.fr/img08.html [486/486] -> "felikkz7.free.fr_20131101/img08.html" [1]
2013-11-01 19:46:56 URL:http://felikkz7.free.fr/screenshots/im_08t.jpg [2364/2364] -> "felikkz7.free.fr_20131101/screenshots/im_08t.jpg" [1]
2013-11-01 19:46:56 URL:http://felikkz7.free.fr/img09.html [459/459] -> "felikkz7.free.fr_20131101/img09.html" [1]
2013-11-01 19:46:56 URL:http://felikkz7.free.fr/screenshots/im_09t.jpg [2236/2236] -> "felikkz7.free.fr_20131101/screenshots/im_09t.jpg" [1]
2013-11-01 19:46:57 URL:http://felikkz7.free.fr/img10.html [486/486] -> "felikkz7.free.fr_20131101/img10.html" [1]
2013-11-01 19:46:57 URL:http://felikkz7.free.fr/screenshots/im_10t.jpg [1993/1993] -> "felikkz7.free.fr_20131101/screenshots/im_10t.jpg" [1]
2013-11-01 19:46:57 URL:http://felikkz7.free.fr/img11.html [486/486] -> "felikkz7.free.fr_20131101/img11.html" [1]
2013-11-01 19:46:57 URL:http://felikkz7.free.fr/screenshots/im_11t.jpg [1813/1813] -> "felikkz7.free.fr_20131101/screenshots/im_11t.jpg" [1]
2013-11-01 19:46:57 URL:http://felikkz7.free.fr/img12.html [486/486] -> "felikkz7.free.fr_20131101/img12.html" [1]
2013-11-01 19:46:57 URL:http://felikkz7.free.fr/screenshots/im_12t.jpg [2039/2039] -> "felikkz7.free.fr_20131101/screenshots/im_12t.jpg" [1]
2013-11-01 19:46:57 URL:http://felikkz7.free.fr/img13.html [486/486] -> "felikkz7.free.fr_20131101/img13.html" [1]
2013-11-01 19:46:57 URL:http://felikkz7.free.fr/screenshots/im_13t.jpg [3476/3476] -> "felikkz7.free.fr_20131101/screenshots/im_13t.jpg" [1]
2013-11-01 19:47:01 URL:http://felikkz7.free.fr/img14.html [486/486] -> "felikkz7.free.fr_20131101/img14.html" [1]
2013-11-01 19:47:01 URL:http://felikkz7.free.fr/screenshots/im_14t.jpg [2874/2874] -> "felikkz7.free.fr_20131101/screenshots/im_14t.jpg" [1]
2013-11-01 19:47:01 URL:http://felikkz7.free.fr/img15.html [486/486] -> "felikkz7.free.fr_20131101/img15.html" [1]
2013-11-01 19:47:01 URL:http://felikkz7.free.fr/screenshots/im_15t.jpg [2734/2734] -> "felikkz7.free.fr_20131101/screenshots/im_15t.jpg" [1]
2013-11-01 19:47:01 URL:http://felikkz7.free.fr/img16.html [486/486] -> "felikkz7.free.fr_20131101/img16.html" [1]
2013-11-01 19:47:01 URL:http://felikkz7.free.fr/screenshots/im_16t.jpg [3640/3640] -> "felikkz7.free.fr_20131101/screenshots/im_16t.jpg" [1]
2013-11-01 19:47:01 URL:http://felikkz7.free.fr/img17.html [486/486] -> "felikkz7.free.fr_20131101/img17.html" [1]
2013-11-01 19:47:02 URL:http://felikkz7.free.fr/screenshots/im_17t.jpg [2920/2920] -> "felikkz7.free.fr_20131101/screenshots/im_17t.jpg" [1]
2013-11-01 19:47:02 URL:http://felikkz7.free.fr/img18.html [486/486] -> "felikkz7.free.fr_20131101/img18.html" [1]
2013-11-01 19:47:02 URL:http://felikkz7.free.fr/screenshots/im_18t.jpg [5718/5718] -> "felikkz7.free.fr_20131101/screenshots/im_18t.jpg" [1]
2013-11-01 19:47:02 URL:http://felikkz7.free.fr/img19.html [486/486] -> "felikkz7.free.fr_20131101/img19.html" [1]
2013-11-01 19:47:02 URL:http://felikkz7.free.fr/screenshots/im_19t.jpg [4862/4862] -> "felikkz7.free.fr_20131101/screenshots/im_19t.jpg" [1]
2013-11-01 19:47:02 URL:http://felikkz7.free.fr/img20.html [486/486] -> "felikkz7.free.fr_20131101/img20.html" [1]
2013-11-01 19:47:03 URL:http://felikkz7.free.fr/screenshots/im_20t.jpg [4731/4731] -> "felikkz7.free.fr_20131101/screenshots/im_20t.jpg" [1]
2013-11-01 19:47:03 URL:http://felikkz7.free.fr/img21.html [486/486] -> "felikkz7.free.fr_20131101/img21.html" [1]
2013-11-01 19:47:03 URL:http://felikkz7.free.fr/screenshots/im_21t.jpg [6065/6065] -> "felikkz7.free.fr_20131101/screenshots/im_21t.jpg" [1]
2013-11-01 19:47:03 URL:http://felikkz7.free.fr/img22.html [486/486] -> "felikkz7.free.fr_20131101/img22.html" [1]
2013-11-01 19:47:03 URL:http://felikkz7.free.fr/screenshots/im_22t.jpg [4017/4017] -> "felikkz7.free.fr_20131101/screenshots/im_22t.jpg" [1]
2013-11-01 19:47:03 URL:http://felikkz7.free.fr/img23.html [486/486] -> "felikkz7.free.fr_20131101/img23.html" [1]
2013-11-01 19:47:03 URL:http://felikkz7.free.fr/screenshots/im_23t.jpg [4934/4934] -> "felikkz7.free.fr_20131101/screenshots/im_23t.jpg" [1]
2013-11-01 19:47:04 URL:http://felikkz7.free.fr/img24.html [459/459] -> "felikkz7.free.fr_20131101/img24.html" [1]
2013-11-01 19:47:04 URL:http://felikkz7.free.fr/screenshots/im_24t.jpg [5023/5023] -> "felikkz7.free.fr_20131101/screenshots/im_24t.jpg" [1]
2013-11-01 20:28:03 URL:http://felikkz7.free.fr/downloads/NightWork%20V%201.2.rar [184299804/184299804] -> "felikkz7.free.fr_20131101/downloads/NightWork V 1.2.rar" [1]
2013-11-01 20:28:04 URL:http://felikkz7.free.fr/downloads/NightWork_UsersManual.rar [110470/110470] -> "felikkz7.free.fr_20131101/downloads/NightWork_UsersManual.rar" [1]
2013-11-01 20:29:23 URL:http://felikkz7.free.fr/downloads/patch%201.2.rar [6097460/6097460] -> "felikkz7.free.fr_20131101/downloads/patch 1.2.rar" [1]
2013-11-01 20:31:43 URL:http://felikkz7.free.fr/downloads/quark-win32-6.5.0alpha8.rar [10920687/10920687] -> "felikkz7.free.fr_20131101/downloads/quark-win32-6.5.0alpha8.rar" [1]
2013-11-01 20:31:48 URL:http://felikkz7.free.fr/downloads/build_tools.rar [239875/239875] -> "felikkz7.free.fr_20131101/downloads/build_tools.rar" [1]
2013-11-01 20:31:54 URL:http://felikkz7.free.fr/downloads/1-%20At%20the%20bar.rar [652884/652884] -> "felikkz7.free.fr_20131101/downloads/1- At the bar.rar" [1]
2013-11-01 20:31:54 URL:http://felikkz7.free.fr/tuto_kp01.html [2217/2217] -> "felikkz7.free.fr_20131101/tuto_kp01.html" [1]
2013-11-01 20:31:54 URL:http://felikkz7.free.fr/tuto_kp02.html [2867/2867] -> "felikkz7.free.fr_20131101/tuto_kp02.html" [1]
2013-11-01 20:31:54 URL:http://felikkz7.free.fr/tuto_pipes.html [11156/11156] -> "felikkz7.free.fr_20131101/tuto_pipes.html" [1]
2013-11-01 20:31:55 URL:http://felikkz7.free.fr/screenshots/im_01.jpg [171964/171964] -> "felikkz7.free.fr_20131101/screenshots/im_01.jpg" [1]
2013-11-01 20:31:58 URL:http://felikkz7.free.fr/screenshots/im_02.jpg [183448/183448] -> "felikkz7.free.fr_20131101/screenshots/im_02.jpg" [1]
2013-11-01 20:32:01 URL:http://felikkz7.free.fr/screenshots/im_03.jpg [184980/184980] -> "felikkz7.free.fr_20131101/screenshots/im_03.jpg" [1]
2013-11-01 20:32:02 URL:http://felikkz7.free.fr/screenshots/im_04.jpg [169332/169332] -> "felikkz7.free.fr_20131101/screenshots/im_04.jpg" [1]
2013-11-01 20:32:03 URL:http://felikkz7.free.fr/screenshots/im_05.jpg [151518/151518] -> "felikkz7.free.fr_20131101/screenshots/im_05.jpg" [1]
2013-11-01 20:32:05 URL:http://felikkz7.free.fr/screenshots/im_06.jpg [223879/223879] -> "felikkz7.free.fr_20131101/screenshots/im_06.jpg" [1]
2013-11-01 20:32:07 URL:http://felikkz7.free.fr/screenshots/im_07.jpg [176713/176713] -> "felikkz7.free.fr_20131101/screenshots/im_07.jpg" [1]
2013-11-01 20:32:09 URL:http://felikkz7.free.fr/screenshots/im_08.jpg [160463/160463] -> "felikkz7.free.fr_20131101/screenshots/im_08.jpg" [1]
2013-11-01 20:32:10 URL:http://felikkz7.free.fr/screenshots/im_09.jpg [111451/111451] -> "felikkz7.free.fr_20131101/screenshots/im_09.jpg" [1]
2013-11-01 20:32:11 URL:http://felikkz7.free.fr/screenshots/im_10.jpg [100507/100507] -> "felikkz7.free.fr_20131101/screenshots/im_10.jpg" [1]
2013-11-01 20:32:11 URL:http://felikkz7.free.fr/screenshots/im_11.jpg [86928/86928] -> "felikkz7.free.fr_20131101/screenshots/im_11.jpg" [1]
2013-11-01 20:32:12 URL:http://felikkz7.free.fr/screenshots/im_12.jpg [112933/112933] -> "felikkz7.free.fr_20131101/screenshots/im_12.jpg" [1]
2013-11-01 20:32:15 URL:http://felikkz7.free.fr/screenshots/im_13.jpg [187939/187939] -> "felikkz7.free.fr_20131101/screenshots/im_13.jpg" [1]
2013-11-01 20:32:16 URL:http://felikkz7.free.fr/screenshots/im_14.jpg [186057/186057] -> "felikkz7.free.fr_20131101/screenshots/im_14.jpg" [1]
2013-11-01 20:32:18 URL:http://felikkz7.free.fr/screenshots/im_15.jpg [130813/130813] -> "felikkz7.free.fr_20131101/screenshots/im_15.jpg" [1]
2013-11-01 20:32:18 URL:http://felikkz7.free.fr/screenshots/im_16.jpg [198164/198164] -> "felikkz7.free.fr_20131101/screenshots/im_16.jpg" [1]
2013-11-01 20:32:20 URL:http://felikkz7.free.fr/screenshots/im_17.jpg [141192/141192] -> "felikkz7.free.fr_20131101/screenshots/im_17.jpg" [1]
2013-11-01 20:32:22 URL:http://felikkz7.free.fr/screenshots/im_18.jpg [303190/303190] -> "felikkz7.free.fr_20131101/screenshots/im_18.jpg" [1]
2013-11-01 20:32:26 URL:http://felikkz7.free.fr/screenshots/im_19.jpg [315995/315995] -> "felikkz7.free.fr_20131101/screenshots/im_19.jpg" [1]
2013-11-01 20:32:28 URL:http://felikkz7.free.fr/screenshots/im_20.jpg [231533/231533] -> "felikkz7.free.fr_20131101/screenshots/im_20.jpg" [1]
2013-11-01 20:32:32 URL:http://felikkz7.free.fr/screenshots/im_21.jpg [361548/361548] -> "felikkz7.free.fr_20131101/screenshots/im_21.jpg" [1]
2013-11-01 20:32:36 URL:http://felikkz7.free.fr/screenshots/im_22.jpg [227203/227203] -> "felikkz7.free.fr_20131101/screenshots/im_22.jpg" [1]
2013-11-01 20:32:38 URL:http://felikkz7.free.fr/screenshots/im_23.jpg [245464/245464] -> "felikkz7.free.fr_20131101/screenshots/im_23.jpg" [1]
2013-11-01 20:32:42 URL:http://felikkz7.free.fr/screenshots/im_24.jpg [287647/287647] -> "felikkz7.free.fr_20131101/screenshots/im_24.jpg" [1]
2013-11-01 20:32:43 URL:http://felikkz7.free.fr/styletuto_kp01.css [14194/14194] -> "felikkz7.free.fr_20131101/styletuto_kp01.css" [1]
2013-11-01 20:32:44 URL:http://felikkz7.free.fr/styletuto_kp02.css [14198/14198] -> "felikkz7.free.fr_20131101/styletuto_kp02.css" [1]
2013-11-01 20:32:44 URL:http://felikkz7.free.fr/styletuto_pipes.css [14317/14317] -> "felikkz7.free.fr_20131101/styletuto_pipes.css" [1]
2013-11-01 20:32:45 URL:http://felikkz7.free.fr/images/tuto_kp01/entete.jpg [102841/102841] -> "felikkz7.free.fr_20131101/images/tuto_kp01/entete.jpg" [1]
2013-11-01 20:32:45 URL:http://felikkz7.free.fr/images/tuto_kp01/001.jpg [16956/16956] -> "felikkz7.free.fr_20131101/images/tuto_kp01/001.jpg" [1]
2013-11-01 20:32:45 URL:http://felikkz7.free.fr/images/tuto_kp01/002.jpg [49295/49295] -> "felikkz7.free.fr_20131101/images/tuto_kp01/002.jpg" [1]
2013-11-01 20:32:46 URL:http://felikkz7.free.fr/images/tuto_kp01/003.jpg [32451/32451] -> "felikkz7.free.fr_20131101/images/tuto_kp01/003.jpg" [1]
2013-11-01 20:32:47 URL:http://felikkz7.free.fr/images/tuto_kp01/004.jpg [251986/251986] -> "felikkz7.free.fr_20131101/images/tuto_kp01/004.jpg" [1]
2013-11-01 20:32:48 URL:http://felikkz7.free.fr/images/tuto_kp01/005.jpg [19724/19724] -> "felikkz7.free.fr_20131101/images/tuto_kp01/005.jpg" [1]
2013-11-01 20:32:49 URL:http://felikkz7.free.fr/images/tuto_kp01/006.jpg [95947/95947] -> "felikkz7.free.fr_20131101/images/tuto_kp01/006.jpg" [1]
2013-11-01 20:32:49 URL:http://felikkz7.free.fr/images/tuto_kp01/007.jpg [69934/69934] -> "felikkz7.free.fr_20131101/images/tuto_kp01/007.jpg" [1]
2013-11-01 20:32:50 URL:http://felikkz7.free.fr/images/tuto_kp01/008.jpg [69840/69840] -> "felikkz7.free.fr_20131101/images/tuto_kp01/008.jpg" [1]
http://felikkz7.free.fr/images/tuto_kp01/009.jpg:
2013-11-01 20:32:50 ERROR 404: Not Found.
http://felikkz7.free.fr/images/tuto_kp01/010.jpg:
2013-11-01 20:32:51 ERROR 404: Not Found.
http://felikkz7.free.fr/images/tuto_kp01/011.jpg:
2013-11-01 20:32:51 ERROR 404: Not Found.
http://felikkz7.free.fr/images/tuto_kp01/012.jpg:
2013-11-01 20:32:51 ERROR 404: Not Found.
http://felikkz7.free.fr/images/tuto_kp01/013.jpg:
2013-11-01 20:32:51 ERROR 404: Not Found.
http://felikkz7.free.fr/images/tuto_kp01/014.jpg:
2013-11-01 20:32:52 ERROR 404: Not Found.
http://felikkz7.free.fr/images/tuto_kp01/015.jpg:
2013-11-01 20:32:52 ERROR 404: Not Found.
http://felikkz7.free.fr/images/tuto_kp01/016.jpg:
2013-11-01 20:32:52 ERROR 404: Not Found.
http://felikkz7.free.fr/images/tuto_kp01/017.jpg:
2013-11-01 20:32:52 ERROR 404: Not Found.
http://felikkz7.free.fr/images/tuto_kp01/018.jpg:
2013-11-01 20:32:52 ERROR 404: Not Found.
http://felikkz7.free.fr/images/tuto_kp01/019.jpg:
2013-11-01 20:32:52 ERROR 404: Not Found.
http://felikkz7.free.fr/images/tuto_kp01/020.jpg:
2013-11-01 20:32:53 ERROR 404: Not Found.
http://felikkz7.free.fr/images/tuto_kp01/021.jpg:
2013-11-01 20:32:53 ERROR 404: Not Found.
http://felikkz7.free.fr/images/tuto_kp01/022.jpg:
2013-11-01 20:32:53 ERROR 404: Not Found.
http://felikkz7.free.fr/images/tuto_kp01/023.jpg:
2013-11-01 20:32:53 ERROR 404: Not Found.
http://felikkz7.free.fr/images/tuto_kp01/024.jpg:
2013-11-01 20:32:54 ERROR 404: Not Found.
http://felikkz7.free.fr/images/tuto_kp01/025.jpg:
2013-11-01 20:32:54 ERROR 404: Not Found.
http://felikkz7.free.fr/images/tuto_kp01/026.jpg:
2013-11-01 20:32:54 ERROR 404: Not Found.
http://felikkz7.free.fr/images/tuto_kp01/027.jpg:
2013-11-01 20:32:54 ERROR 404: Not Found.
http://felikkz7.free.fr/images/tuto_kp01/028.jpg:
2013-11-01 20:32:54 ERROR 404: Not Found.
http://felikkz7.free.fr/images/tuto_kp01/029.jpg:
2013-11-01 20:32:54 ERROR 404: Not Found.
http://felikkz7.free.fr/images/tuto_kp01/030.jpg:
2013-11-01 20:32:54 ERROR 404: Not Found.
http://felikkz7.free.fr/images/tuto_kp01/031.jpg:
2013-11-01 20:32:55 ERROR 404: Not Found.
http://felikkz7.free.fr/images/tuto_kp01/032.jpg:
2013-11-01 20:32:55 ERROR 404: Not Found.
http://felikkz7.free.fr/images/tuto_kp01/033.jpg:
2013-11-01 20:32:55 ERROR 404: Not Found.
http://felikkz7.free.fr/images/tuto_kp01/034.jpg:
2013-11-01 20:32:55 ERROR 404: Not Found.
http://felikkz7.free.fr/images/tuto_kp01/035.jpg:
2013-11-01 20:32:56 ERROR 404: Not Found.
http://felikkz7.free.fr/images/tuto_kp01/036.jpg:
2013-11-01 20:32:56 ERROR 404: Not Found.
http://felikkz7.free.fr/images/tuto_kp01/037.jpg:
2013-11-01 20:32:56 ERROR 404: Not Found.
http://felikkz7.free.fr/images/tuto_kp01/038.jpg:
2013-11-01 20:32:57 ERROR 404: Not Found.
http://felikkz7.free.fr/images/tuto_kp01/039.jpg:
2013-11-01 20:32:57 ERROR 404: Not Found.
http://felikkz7.free.fr/images/tuto_kp01/040.jpg:
2013-11-01 20:32:57 ERROR 404: Not Found.
http://felikkz7.free.fr/images/tuto_kp01/041.jpg:
2013-11-01 20:32:57 ERROR 404: Not Found.
http://felikkz7.free.fr/images/tuto_kp01/042.jpg:
2013-11-01 20:32:58 ERROR 404: Not Found.
http://felikkz7.free.fr/images/tuto_kp01/043.jpg:
2013-11-01 20:32:58 ERROR 404: Not Found.
http://felikkz7.free.fr/images/tuto_kp01/044.jpg:
2013-11-01 20:32:58 ERROR 404: Not Found.
http://felikkz7.free.fr/images/tuto_kp01/045.jpg:
2013-11-01 20:32:58 ERROR 404: Not Found.
http://felikkz7.free.fr/images/tuto_kp01/046.jpg:
2013-11-01 20:32:58 ERROR 404: Not Found.
http://felikkz7.free.fr/images/tuto_kp01/047.jpg:
2013-11-01 20:32:59 ERROR 404: Not Found.
http://felikkz7.free.fr/images/tuto_kp01/048.jpg:
2013-11-01 20:32:59 ERROR 404: Not Found.
http://felikkz7.free.fr/images/tuto_kp01/049.jpg:
2013-11-01 20:32:59 ERROR 404: Not Found.
http://felikkz7.free.fr/images/tuto_kp01/050.jpg:
2013-11-01 20:32:59 ERROR 404: Not Found.
http://felikkz7.free.fr/images/tuto_kp01/051.jpg:
2013-11-01 20:33:00 ERROR 404: Not Found.
http://felikkz7.free.fr/images/tuto_kp01/052.jpg:
2013-11-01 20:33:00 ERROR 404: Not Found.
http://felikkz7.free.fr/images/tuto_kp01/053.jpg:
2013-11-01 20:33:00 ERROR 404: Not Found.
http://felikkz7.free.fr/images/tuto_kp01/054.jpg:
2013-11-01 20:33:00 ERROR 404: Not Found.
http://felikkz7.free.fr/images/tuto_kp01/055.jpg:
2013-11-01 20:33:00 ERROR 404: Not Found.
http://felikkz7.free.fr/images/tuto_kp01/056.jpg:
2013-11-01 20:33:00 ERROR 404: Not Found.
http://felikkz7.free.fr/images/tuto_kp01/057.jpg:
2013-11-01 20:33:01 ERROR 404: Not Found.
http://felikkz7.free.fr/images/tuto_kp01/058.jpg:
2013-11-01 20:33:01 ERROR 404: Not Found.
http://felikkz7.free.fr/images/tuto_kp01/059.jpg:
2013-11-01 20:33:01 ERROR 404: Not Found.
http://felikkz7.free.fr/images/tuto_kp01/060.jpg:
2013-11-01 20:33:01 ERROR 404: Not Found.
http://felikkz7.free.fr/images/tuto_kp01/061.jpg:
2013-11-01 20:33:01 ERROR 404: Not Found.
http://felikkz7.free.fr/images/tuto_kp01/062.jpg:
2013-11-01 20:33:01 ERROR 404: Not Found.
http://felikkz7.free.fr/images/tuto_kp01/063.jpg:
2013-11-01 20:33:02 ERROR 404: Not Found.
http://felikkz7.free.fr/images/tuto_kp01/064.jpg:
2013-11-01 20:33:02 ERROR 404: Not Found.
http://felikkz7.free.fr/images/tuto_kp01/065.jpg:
2013-11-01 20:33:02 ERROR 404: Not Found.
http://felikkz7.free.fr/images/tuto_kp01/066.jpg:
2013-11-01 20:33:02 ERROR 404: Not Found.
http://felikkz7.free.fr/images/tuto_kp01/067.jpg:
2013-11-01 20:33:02 ERROR 404: Not Found.
http://felikkz7.free.fr/images/tuto_kp01/068.jpg:
2013-11-01 20:33:03 ERROR 404: Not Found.
http://felikkz7.free.fr/images/tuto_kp01/069.jpg:
2013-11-01 20:33:03 ERROR 404: Not Found.
http://felikkz7.free.fr/images/tuto_kp01/070.jpg:
2013-11-01 20:33:03 ERROR 404: Not Found.
http://felikkz7.free.fr/images/tuto_kp01/072.jpg:
2013-11-01 20:33:03 ERROR 404: Not Found.
http://felikkz7.free.fr/images/tuto_kp01/073.jpg:
2013-11-01 20:33:03 ERROR 404: Not Found.
2013-11-01 20:33:05 URL:http://felikkz7.free.fr/images/tuto_kp02/entete.jpg [102841/102841] -> "felikkz7.free.fr_20131101/images/tuto_kp02/entete.jpg" [1]
2013-11-01 20:33:06 URL:http://felikkz7.free.fr/images/tuto_kp02/001.jpg [72198/72198] -> "felikkz7.free.fr_20131101/images/tuto_kp02/001.jpg" [1]
2013-11-01 20:33:06 URL:http://felikkz7.free.fr/images/tuto_kp02/002.jpg [53103/53103] -> "felikkz7.free.fr_20131101/images/tuto_kp02/002.jpg" [1]
2013-11-01 20:33:07 URL:http://felikkz7.free.fr/images/tuto_kp02/003.jpg [78162/78162] -> "felikkz7.free.fr_20131101/images/tuto_kp02/003.jpg" [1]
2013-11-01 20:33:07 URL:http://felikkz7.free.fr/images/tuto_kp02/004.jpg [17710/17710] -> "felikkz7.free.fr_20131101/images/tuto_kp02/004.jpg" [1]
2013-11-01 20:33:08 URL:http://felikkz7.free.fr/images/tuto_kp02/005.jpg [103501/103501] -> "felikkz7.free.fr_20131101/images/tuto_kp02/005.jpg" [1]
2013-11-01 20:33:09 URL:http://felikkz7.free.fr/images/tuto_kp02/006.jpg [150722/150722] -> "felikkz7.free.fr_20131101/images/tuto_kp02/006.jpg" [1]
2013-11-01 20:33:10 URL:http://felikkz7.free.fr/images/tuto_kp02/007.jpg [133365/133365] -> "felikkz7.free.fr_20131101/images/tuto_kp02/007.jpg" [1]
2013-11-01 20:33:12 URL:http://felikkz7.free.fr/images/tuto_kp02/008.jpg [141802/141802] -> "felikkz7.free.fr_20131101/images/tuto_kp02/008.jpg" [1]
2013-11-01 20:33:15 URL:http://felikkz7.free.fr/images/tuto_kp02/009.jpg [199928/199928] -> "felikkz7.free.fr_20131101/images/tuto_kp02/009.jpg" [1]
2013-11-01 20:33:16 URL:http://felikkz7.free.fr/images/tuto_kp02/010.jpg [142138/142138] -> "felikkz7.free.fr_20131101/images/tuto_kp02/010.jpg" [1]
2013-11-01 20:33:17 URL:http://felikkz7.free.fr/images/tuto_kp02/011.jpg [151531/151531] -> "felikkz7.free.fr_20131101/images/tuto_kp02/011.jpg" [1]
2013-11-01 20:33:18 URL:http://felikkz7.free.fr/images/tuto_pipes/entete.jpg [153032/153032] -> "felikkz7.free.fr_20131101/images/tuto_pipes/entete.jpg" [1]
2013-11-01 20:33:20 URL:http://felikkz7.free.fr/images/tuto_pipes/001.jpg [143079/143079] -> "felikkz7.free.fr_20131101/images/tuto_pipes/001.jpg" [1]
2013-11-01 20:33:21 URL:http://felikkz7.free.fr/images/tuto_pipes/002.jpg [11806/11806] -> "felikkz7.free.fr_20131101/images/tuto_pipes/002.jpg" [1]
2013-11-01 20:33:21 URL:http://felikkz7.free.fr/images/tuto_pipes/003.jpg [27744/27744] -> "felikkz7.free.fr_20131101/images/tuto_pipes/003.jpg" [1]
2013-11-01 20:33:21 URL:http://felikkz7.free.fr/images/tuto_pipes/004.jpg [26323/26323] -> "felikkz7.free.fr_20131101/images/tuto_pipes/004.jpg" [1]
2013-11-01 20:33:21 URL:http://felikkz7.free.fr/images/tuto_pipes/005.jpg [4917/4917] -> "felikkz7.free.fr_20131101/images/tuto_pipes/005.jpg" [1]
2013-11-01 20:33:22 URL:http://felikkz7.free.fr/images/tuto_pipes/006.jpg [56811/56811] -> "felikkz7.free.fr_20131101/images/tuto_pipes/006.jpg" [1]
2013-11-01 20:33:23 URL:http://felikkz7.free.fr/images/tuto_pipes/007.jpg [24139/24139] -> "felikkz7.free.fr_20131101/images/tuto_pipes/007.jpg" [1]
2013-11-01 20:33:23 URL:http://felikkz7.free.fr/images/tuto_pipes/008.jpg [16017/16017] -> "felikkz7.free.fr_20131101/images/tuto_pipes/008.jpg" [1]
2013-11-01 20:33:23 URL:http://felikkz7.free.fr/images/tuto_pipes/009.jpg [14969/14969] -> "felikkz7.free.fr_20131101/images/tuto_pipes/009.jpg" [1]
2013-11-01 20:33:23 URL:http://felikkz7.free.fr/images/tuto_pipes/010.jpg [31926/31926] -> "felikkz7.free.fr_20131101/images/tuto_pipes/010.jpg" [1]
2013-11-01 20:33:24 URL:http://felikkz7.free.fr/images/tuto_pipes/011.jpg [14573/14573] -> "felikkz7.free.fr_20131101/images/tuto_pipes/011.jpg" [1]
2013-11-01 20:33:24 URL:http://felikkz7.free.fr/images/tuto_pipes/012.jpg [12511/12511] -> "felikkz7.free.fr_20131101/images/tuto_pipes/012.jpg" [1]
2013-11-01 20:33:24 URL:http://felikkz7.free.fr/images/tuto_pipes/013.jpg [18616/18616] -> "felikkz7.free.fr_20131101/images/tuto_pipes/013.jpg" [1]
2013-11-01 20:33:25 URL:http://felikkz7.free.fr/images/tuto_pipes/014.jpg [10207/10207] -> "felikkz7.free.fr_20131101/images/tuto_pipes/014.jpg" [1]
2013-11-01 20:33:25 URL:http://felikkz7.free.fr/images/tuto_pipes/015.jpg [51834/51834] -> "felikkz7.free.fr_20131101/images/tuto_pipes/015.jpg" [1]
2013-11-01 20:33:26 URL:http://felikkz7.free.fr/images/tuto_pipes/016.jpg [70506/70506] -> "felikkz7.free.fr_20131101/images/tuto_pipes/016.jpg" [1]
2013-11-01 20:33:27 URL:http://felikkz7.free.fr/images/tuto_pipes/017.jpg [65921/65921] -> "felikkz7.free.fr_20131101/images/tuto_pipes/017.jpg" [1]
2013-11-01 20:33:27 URL:http://felikkz7.free.fr/images/tuto_pipes/018.jpg [28428/28428] -> "felikkz7.free.fr_20131101/images/tuto_pipes/018.jpg" [1]
2013-11-01 20:33:28 URL:http://felikkz7.free.fr/images/tuto_pipes/019.jpg [8014/8014] -> "felikkz7.free.fr_20131101/images/tuto_pipes/019.jpg" [1]
2013-11-01 20:33:28 URL:http://felikkz7.free.fr/images/tuto_pipes/020.jpg [34516/34516] -> "felikkz7.free.fr_20131101/images/tuto_pipes/020.jpg" [1]
2013-11-01 20:33:28 URL:http://felikkz7.free.fr/images/tuto_pipes/021.jpg [29428/29428] -> "felikkz7.free.fr_20131101/images/tuto_pipes/021.jpg" [1]
2013-11-01 20:33:28 URL:http://felikkz7.free.fr/images/tuto_pipes/022.jpg [9043/9043] -> "felikkz7.free.fr_20131101/images/tuto_pipes/022.jpg" [1]
2013-11-01 20:33:29 URL:http://felikkz7.free.fr/images/tuto_pipes/023.jpg [10805/10805] -> "felikkz7.free.fr_20131101/images/tuto_pipes/023.jpg" [1]
2013-11-01 20:33:29 URL:http://felikkz7.free.fr/images/tuto_pipes/024.jpg [14626/14626] -> "felikkz7.free.fr_20131101/images/tuto_pipes/024.jpg" [1]
2013-11-01 20:33:29 URL:http://felikkz7.free.fr/images/tuto_pipes/025.jpg [7498/7498] -> "felikkz7.free.fr_20131101/images/tuto_pipes/025.jpg" [1]
2013-11-01 20:33:29 URL:http://felikkz7.free.fr/images/tuto_pipes/026.jpg [16241/16241] -> "felikkz7.free.fr_20131101/images/tuto_pipes/026.jpg" [1]
2013-11-01 20:33:30 URL:http://felikkz7.free.fr/images/tuto_pipes/027.jpg [14713/14713] -> "felikkz7.free.fr_20131101/images/tuto_pipes/027.jpg" [1]
2013-11-01 20:33:30 URL:http://felikkz7.free.fr/images/tuto_pipes/028.jpg [17835/17835] -> "felikkz7.free.fr_20131101/images/tuto_pipes/028.jpg" [1]
2013-11-01 20:33:30 URL:http://felikkz7.free.fr/images/tuto_pipes/029.jpg [22270/22270] -> "felikkz7.free.fr_20131101/images/tuto_pipes/029.jpg" [1]
2013-11-01 20:33:30 URL:http://felikkz7.free.fr/images/tuto_pipes/030.jpg [22265/22265] -> "felikkz7.free.fr_20131101/images/tuto_pipes/030.jpg" [1]
2013-11-01 20:33:30 URL:http://felikkz7.free.fr/images/tuto_pipes/031.jpg [9846/9846] -> "felikkz7.free.fr_20131101/images/tuto_pipes/031.jpg" [1]
2013-11-01 20:33:30 URL:http://felikkz7.free.fr/images/tuto_pipes/032.jpg [66351/66351] -> "felikkz7.free.fr_20131101/images/tuto_pipes/032.jpg" [1]
2013-11-01 20:33:31 URL:http://felikkz7.free.fr/images/tuto_pipes/033.jpg [20217/20217] -> "felikkz7.free.fr_20131101/images/tuto_pipes/033.jpg" [1]
2013-11-01 20:33:31 URL:http://felikkz7.free.fr/images/tuto_pipes/034.jpg [15753/15753] -> "felikkz7.free.fr_20131101/images/tuto_pipes/034.jpg" [1]
2013-11-01 20:33:31 URL:http://felikkz7.free.fr/images/tuto_pipes/035.jpg [26932/26932] -> "felikkz7.free.fr_20131101/images/tuto_pipes/035.jpg" [1]
2013-11-01 20:33:32 URL:http://felikkz7.free.fr/images/tuto_pipes/036.jpg [26981/26981] -> "felikkz7.free.fr_20131101/images/tuto_pipes/036.jpg" [1]
2013-11-01 20:33:32 URL:http://felikkz7.free.fr/images/tuto_pipes/037.jpg [10951/10951] -> "felikkz7.free.fr_20131101/images/tuto_pipes/037.jpg" [1]
2013-11-01 20:33:33 URL:http://felikkz7.free.fr/images/tuto_pipes/038.jpg [8028/8028] -> "felikkz7.free.fr_20131101/images/tuto_pipes/038.jpg" [1]
2013-11-01 20:33:34 URL:http://felikkz7.free.fr/images/tuto_pipes/039.jpg [30658/30658] -> "felikkz7.free.fr_20131101/images/tuto_pipes/039.jpg" [1]
2013-11-01 20:33:34 URL:http://felikkz7.free.fr/images/tuto_pipes/040.jpg [24829/24829] -> "felikkz7.free.fr_20131101/images/tuto_pipes/040.jpg" [1]
2013-11-01 20:33:35 URL:http://felikkz7.free.fr/images/tuto_pipes/041.jpg [28631/28631] -> "felikkz7.free.fr_20131101/images/tuto_pipes/041.jpg" [1]
2013-11-01 20:33:35 URL:http://felikkz7.free.fr/images/tuto_pipes/042.jpg [28634/28634] -> "felikkz7.free.fr_20131101/images/tuto_pipes/042.jpg" [1]
2013-11-01 20:33:35 URL:http://felikkz7.free.fr/images/tuto_pipes/043.jpg [30134/30134] -> "felikkz7.free.fr_20131101/images/tuto_pipes/043.jpg" [1]
2013-11-01 20:33:35 URL:http://felikkz7.free.fr/images/tuto_pipes/044.jpg [7276/7276] -> "felikkz7.free.fr_20131101/images/tuto_pipes/044.jpg" [1]
2013-11-01 20:33:35 URL:http://felikkz7.free.fr/images/tuto_pipes/045.jpg [30309/30309] -> "felikkz7.free.fr_20131101/images/tuto_pipes/045.jpg" [1]
2013-11-01 20:33:35 URL:http://felikkz7.free.fr/images/tuto_pipes/046.jpg [28924/28924] -> "felikkz7.free.fr_20131101/images/tuto_pipes/046.jpg" [1]
2013-11-01 20:33:36 URL:http://felikkz7.free.fr/images/tuto_pipes/047.jpg [28949/28949] -> "felikkz7.free.fr_20131101/images/tuto_pipes/047.jpg" [1]
2013-11-01 20:33:36 URL:http://felikkz7.free.fr/images/tuto_pipes/048.jpg [29681/29681] -> "felikkz7.free.fr_20131101/images/tuto_pipes/048.jpg" [1]
2013-11-01 20:33:36 URL:http://felikkz7.free.fr/images/tuto_pipes/049.jpg [29991/29991] -> "felikkz7.free.fr_20131101/images/tuto_pipes/049.jpg" [1]
2013-11-01 20:33:37 URL:http://felikkz7.free.fr/images/tuto_pipes/050.jpg [31065/31065] -> "felikkz7.free.fr_20131101/images/tuto_pipes/050.jpg" [1]
2013-11-01 20:33:37 URL:http://felikkz7.free.fr/images/tuto_pipes/051.jpg [37658/37658] -> "felikkz7.free.fr_20131101/images/tuto_pipes/051.jpg" [1]
2013-11-01 20:33:37 URL:http://felikkz7.free.fr/images/tuto_pipes/052.jpg [55571/55571] -> "felikkz7.free.fr_20131101/images/tuto_pipes/052.jpg" [1]
2013-11-01 20:33:38 URL:http://felikkz7.free.fr/images/tuto_pipes/053.jpg [16602/16602] -> "felikkz7.free.fr_20131101/images/tuto_pipes/053.jpg" [1]
2013-11-01 20:33:38 URL:http://felikkz7.free.fr/images/tuto_pipes/054.jpg [11623/11623] -> "felikkz7.free.fr_20131101/images/tuto_pipes/054.jpg" [1]
2013-11-01 20:33:38 URL:http://felikkz7.free.fr/images/tuto_pipes/055.jpg [10808/10808] -> "felikkz7.free.fr_20131101/images/tuto_pipes/055.jpg" [1]
2013-11-01 20:33:38 URL:http://felikkz7.free.fr/images/tuto_pipes/056.jpg [10807/10807] -> "felikkz7.free.fr_20131101/images/tuto_pipes/056.jpg" [1]
2013-11-01 20:33:39 URL:http://felikkz7.free.fr/images/tuto_pipes/057.jpg [54635/54635] -> "felikkz7.free.fr_20131101/images/tuto_pipes/057.jpg" [1]
2013-11-01 20:33:39 URL:http://felikkz7.free.fr/images/tuto_pipes/058.jpg [71312/71312] -> "felikkz7.free.fr_20131101/images/tuto_pipes/058.jpg" [1]
2013-11-01 20:33:40 URL:http://felikkz7.free.fr/images/tuto_pipes/059.jpg [59141/59141] -> "felikkz7.free.fr_20131101/images/tuto_pipes/059.jpg" [1]
2013-11-01 20:33:40 URL:http://felikkz7.free.fr/images/tuto_pipes/060.jpg [71801/71801] -> "felikkz7.free.fr_20131101/images/tuto_pipes/060.jpg" [1]
2013-11-01 20:33:41 URL:http://felikkz7.free.fr/images/tuto_pipes/061.jpg [72372/72372] -> "felikkz7.free.fr_20131101/images/tuto_pipes/061.jpg" [1]
2013-11-01 20:33:41 URL:http://felikkz7.free.fr/images/tuto_pipes/062.jpg [14912/14912] -> "felikkz7.free.fr_20131101/images/tuto_pipes/062.jpg" [1]
2013-11-01 20:33:41 URL:http://felikkz7.free.fr/images/tuto_pipes/063.jpg [57680/57680] -> "felikkz7.free.fr_20131101/images/tuto_pipes/063.jpg" [1]
2013-11-01 20:33:42 URL:http://felikkz7.free.fr/images/tuto_pipes/064.jpg [57681/57681] -> "felikkz7.free.fr_20131101/images/tuto_pipes/064.jpg" [1]
2013-11-01 20:33:43 URL:http://felikkz7.free.fr/images/tuto_pipes/065.jpg [87962/87962] -> "felikkz7.free.fr_20131101/images/tuto_pipes/065.jpg" [1]
2013-11-01 20:33:43 URL:http://felikkz7.free.fr/images/tuto_pipes/066.jpg [10238/10238] -> "felikkz7.free.fr_20131101/images/tuto_pipes/066.jpg" [1]
2013-11-01 20:33:44 URL:http://felikkz7.free.fr/images/tuto_pipes/067.jpg [94320/94320] -> "felikkz7.free.fr_20131101/images/tuto_pipes/067.jpg" [1]
2013-11-01 20:33:46 URL:http://felikkz7.free.fr/images/tuto_pipes/068.jpg [182369/182369] -> "felikkz7.free.fr_20131101/images/tuto_pipes/068.jpg" [1]
2013-11-01 20:33:48 URL:http://felikkz7.free.fr/images/tuto_pipes/069.jpg [181952/181952] -> "felikkz7.free.fr_20131101/images/tuto_pipes/069.jpg" [1]
2013-11-01 20:33:50 URL:http://felikkz7.free.fr/images/tuto_pipes/070.jpg [181828/181828] -> "felikkz7.free.fr_20131101/images/tuto_pipes/070.jpg" [1]
2013-11-01 20:33:50 URL:http://felikkz7.free.fr/images/tuto_pipes/072.jpg [94237/94237] -> "felikkz7.free.fr_20131101/images/tuto_pipes/072.jpg" [1]
2013-11-01 20:33:51 URL:http://felikkz7.free.fr/images/tuto_pipes/073.jpg [171017/171017] -> "felikkz7.free.fr_20131101/images/tuto_pipes/073.jpg" [1]
FINISHED --2013-11-01 20:33:51--
Total wall clock time: 47m 26s
Downloaded: 259 files, 203M in 46m 15s (74.9 KB/s)
