2013-11-14 22:13:45 URL:http://gnounc.wordpress.com/ [40016] -> "gnounc.wordpress.com_20131114/gnounc.wordpress.com/index.html" [1]
2013-11-14 22:13:45 URL:http://gnounc.wordpress.com/xmlrpc.php [42] -> "gnounc.wordpress.com_20131114/gnounc.wordpress.com/xmlrpc.php" [1]
2013-11-14 22:13:45 URL:http://gnounc.wordpress.com/feed/ [25533] -> "gnounc.wordpress.com_20131114/gnounc.wordpress.com/feed/index.html" [1]
2013-11-14 22:13:46 URL:http://gnounc.wordpress.com/comments/feed/ [4238] -> "gnounc.wordpress.com_20131114/gnounc.wordpress.com/comments/feed/index.html" [1]
2013-11-14 22:13:46 URL:http://gnounc.wordpress.com/xmlrpc.php?rsd [859] -> "gnounc.wordpress.com_20131114/gnounc.wordpress.com/xmlrpc.php?rsd" [1]
2013-11-14 22:13:46 URL:http://gnounc.wordpress.com/wp-includes/wlwmanifest.xml [1052/1052] -> "gnounc.wordpress.com_20131114/gnounc.wordpress.com/wp-includes/wlwmanifest.xml" [1]
2013-11-14 22:13:46 URL:http://gnounc.wordpress.com/?openidserver=1 [24] -> "gnounc.wordpress.com_20131114/gnounc.wordpress.com/index.html?openidserver=1.html" [1]
2013-11-14 22:13:46 URL:http://gnounc.wordpress.com/osd.xml [1595] -> "gnounc.wordpress.com_20131114/gnounc.wordpress.com/osd.xml" [1]
2013-11-14 22:13:48 URL:http://gnounc.files.wordpress.com/2012/11/bg2.png [280242/280242] -> "gnounc.wordpress.com_20131114/gnounc.files.wordpress.com/2012/11/bg2.png" [1]
2013-11-14 22:13:48 URL:http://gnounc.files.wordpress.com/2012/11/banner01.png [88909/88909] -> "gnounc.wordpress.com_20131114/gnounc.files.wordpress.com/2012/11/banner01.png" [1]
2013-11-14 22:13:49 URL:http://gnounc.wordpress.com/2012/12/06/even-more-hud/ [48878] -> "gnounc.wordpress.com_20131114/gnounc.wordpress.com/2012/12/06/even-more-hud/index.html" [1]
2013-11-14 22:13:50 URL:http://gnounc.wordpress.com/author/gnounc/ [36465] -> "gnounc.wordpress.com_20131114/gnounc.wordpress.com/author/gnounc/index.html" [1]
2013-11-14 22:13:50 URL:http://gnounc.wordpress.com/category/uncategorized/ [35644] -> "gnounc.wordpress.com_20131114/gnounc.wordpress.com/category/uncategorized/index.html" [1]
2013-11-14 22:13:51 URL:http://gnounc.files.wordpress.com/2012/12/fte00007.jpg?w=627 [21467/21467] -> "gnounc.wordpress.com_20131114/gnounc.files.wordpress.com/2012/12/fte00007.jpg?w=627" [1]
2013-11-14 22:13:52 URL:http://gnounc.wordpress.com/2012/12/06/vengeance/ [48602] -> "gnounc.wordpress.com_20131114/gnounc.wordpress.com/2012/12/06/vengeance/index.html" [1]
2013-11-14 22:13:53 URL:http://gnounc.files.wordpress.com/2012/12/fte000021.jpg?w=627 [28361/28361] -> "gnounc.wordpress.com_20131114/gnounc.files.wordpress.com/2012/12/fte000021.jpg?w=627" [1]
2013-11-14 22:13:54 URL:http://gnounc.wordpress.com/2012/12/02/hubquake-becomes-quakelands/ [48606] -> "gnounc.wordpress.com_20131114/gnounc.wordpress.com/2012/12/02/hubquake-becomes-quakelands/index.html" [1]
2013-11-14 22:13:54 URL:http://gnounc.wordpress.com/2012/12/01/hubquake-gets-persistant-leveling-recharging-shields-and-a-bleedout-timer/ [51120] -> "gnounc.wordpress.com_20131114/gnounc.wordpress.com/2012/12/01/hubquake-gets-persistant-leveling-recharging-shields-and-a-bleedout-timer/index.html" [1]
2013-11-14 22:13:55 URL:http://gnounc.wordpress.com/tag/hub-system/ [19807] -> "gnounc.wordpress.com_20131114/gnounc.wordpress.com/tag/hub-system/index.html" [1]
2013-11-14 22:13:55 URL:http://gnounc.wordpress.com/tag/hubquake/ [22221] -> "gnounc.wordpress.com_20131114/gnounc.wordpress.com/tag/hubquake/index.html" [1]
2013-11-14 22:13:56 URL:http://gnounc.wordpress.com/tag/levels/ [22198] -> "gnounc.wordpress.com_20131114/gnounc.wordpress.com/tag/levels/index.html" [1]
2013-11-14 22:13:56 URL:http://gnounc.wordpress.com/tag/xp/ [22151] -> "gnounc.wordpress.com_20131114/gnounc.wordpress.com/tag/xp/index.html" [1]
2013-11-14 22:13:57 URL:http://gnounc.wordpress.com/2012/11/23/hubquake-gets-a-hud-of-sorts/ [48819] -> "gnounc.wordpress.com_20131114/gnounc.wordpress.com/2012/11/23/hubquake-gets-a-hud-of-sorts/index.html" [1]
2013-11-14 22:13:58 URL:http://gnounc.files.wordpress.com/2012/11/fte00002.jpg?w=627 [28229/28229] -> "gnounc.wordpress.com_20131114/gnounc.files.wordpress.com/2012/11/fte00002.jpg?w=627" [1]
2013-11-14 22:13:59 URL:http://gnounc.wordpress.com/2012/11/21/entity-placer-functional-but-crappy/ [52990] -> "gnounc.wordpress.com_20131114/gnounc.wordpress.com/2012/11/21/entity-placer-functional-but-crappy/index.html" [1]
2013-11-14 22:13:59 URL:http://gnounc.wordpress.com/2012/11/18/hubquake-monsters-drop-loot/ [43932] -> "gnounc.wordpress.com_20131114/gnounc.wordpress.com/2012/11/18/hubquake-monsters-drop-loot/index.html" [1]
2013-11-14 22:14:00 URL:http://gnounc.wordpress.com/page/2/ [33708] -> "gnounc.wordpress.com_20131114/gnounc.wordpress.com/page/2/index.html" [1]
2013-11-14 22:14:01 URL:http://gnounc.wordpress.com/2012/12/ [23834] -> "gnounc.wordpress.com_20131114/gnounc.wordpress.com/2012/12/index.html" [1]
2013-11-14 22:14:01 URL:http://gnounc.wordpress.com/2012/11/ [28603] -> "gnounc.wordpress.com_20131114/gnounc.wordpress.com/2012/11/index.html" [1]
2013-11-14 22:14:02 URL:http://gnounc.wordpress.com/2012/12/06/even-more-hud/feed/ [1403] -> "gnounc.wordpress.com_20131114/gnounc.wordpress.com/2012/12/06/even-more-hud/feed/index.html" [1]
2013-11-14 22:14:02 URL:http://gnounc.wordpress.com/2012/12/06/even-more-hud/comment-page-1/ [48992] -> "gnounc.wordpress.com_20131114/gnounc.wordpress.com/2012/12/06/even-more-hud/comment-page-1/index.html" [1]
2013-11-14 22:14:03 URL:http://gnounc.wordpress.com/author/gnounc/feed/ [25575] -> "gnounc.wordpress.com_20131114/gnounc.wordpress.com/author/gnounc/feed/index.html" [1]
2013-11-14 22:14:04 URL:http://gnounc.wordpress.com/2012/11/17/hubquake-gets-randomized-monsters/ [44946] -> "gnounc.wordpress.com_20131114/gnounc.wordpress.com/2012/11/17/hubquake-gets-randomized-monsters/index.html" [1]
2013-11-14 22:14:05 URL:http://gnounc.wordpress.com/tag/random/ [19579] -> "gnounc.wordpress.com_20131114/gnounc.wordpress.com/tag/random/index.html" [1]
2013-11-14 22:14:05 URL:http://gnounc.wordpress.com/tag/spawn/ [19572] -> "gnounc.wordpress.com_20131114/gnounc.wordpress.com/tag/spawn/index.html" [1]
2013-11-14 22:14:06 URL:http://gnounc.wordpress.com/2012/11/15/on-hubquake-statquake-and-csqc-entity-placer/ [49920] -> "gnounc.wordpress.com_20131114/gnounc.wordpress.com/2012/11/15/on-hubquake-statquake-and-csqc-entity-placer/index.html" [1]
2013-11-14 22:14:07 URL:http://gnounc.wordpress.com/2012/11/14/hello-world/ [51122] -> "gnounc.wordpress.com_20131114/gnounc.wordpress.com/2012/11/14/hello-world/index.html" [1]
2013-11-14 22:14:08 URL:http://gnounc.wordpress.com/category/uncategorized/feed/ [25598] -> "gnounc.wordpress.com_20131114/gnounc.wordpress.com/category/uncategorized/feed/index.html" [1]
2013-11-14 22:14:08 URL:http://gnounc.wordpress.com/2012/12/06/vengeance/feed/ [905] -> "gnounc.wordpress.com_20131114/gnounc.wordpress.com/2012/12/06/vengeance/feed/index.html" [1]
2013-11-14 22:14:08 URL:http://gnounc.wordpress.com/2012/12/02/hubquake-becomes-quakelands/feed/ [958] -> "gnounc.wordpress.com_20131114/gnounc.wordpress.com/2012/12/02/hubquake-becomes-quakelands/feed/index.html" [1]
2013-11-14 22:14:09 URL:http://gnounc.wordpress.com/2012/12/01/hubquake-gets-persistant-leveling-recharging-shields-and-a-bleedout-timer/feed/ [1098] -> "gnounc.wordpress.com_20131114/gnounc.wordpress.com/2012/12/01/hubquake-gets-persistant-leveling-recharging-shields-and-a-bleedout-timer/feed/index.html" [1]
2013-11-14 22:14:09 URL:http://gnounc.wordpress.com/tag/hub-system/feed/ [4672] -> "gnounc.wordpress.com_20131114/gnounc.wordpress.com/tag/hub-system/feed/index.html" [1]
2013-11-14 22:14:10 URL:http://gnounc.wordpress.com/tag/hubquake/feed/ [7490] -> "gnounc.wordpress.com_20131114/gnounc.wordpress.com/tag/hubquake/feed/index.html" [1]
2013-11-14 22:14:10 URL:http://gnounc.wordpress.com/tag/levels/feed/ [7484] -> "gnounc.wordpress.com_20131114/gnounc.wordpress.com/tag/levels/feed/index.html" [1]
2013-11-14 22:14:10 URL:http://gnounc.wordpress.com/tag/xp/feed/ [7472] -> "gnounc.wordpress.com_20131114/gnounc.wordpress.com/tag/xp/feed/index.html" [1]
2013-11-14 22:14:11 URL:http://gnounc.wordpress.com/2012/11/23/hubquake-gets-a-hud-of-sorts/feed/ [961] -> "gnounc.wordpress.com_20131114/gnounc.wordpress.com/2012/11/23/hubquake-gets-a-hud-of-sorts/feed/index.html" [1]
2013-11-14 22:14:11 URL:http://gnounc.wordpress.com/2012/11/21/entity-placer-functional-but-crappy/feed/ [2677] -> "gnounc.wordpress.com_20131114/gnounc.wordpress.com/2012/11/21/entity-placer-functional-but-crappy/feed/index.html" [1]
2013-11-14 22:14:12 URL:http://gnounc.wordpress.com/2012/11/21/entity-placer-functional-but-crappy/comment-page-1/ [53119] -> "gnounc.wordpress.com_20131114/gnounc.wordpress.com/2012/11/21/entity-placer-functional-but-crappy/comment-page-1/index.html" [1]
2013-11-14 22:14:12 URL:http://gnounc.wordpress.com/2012/11/18/hubquake-monsters-drop-loot/feed/ [959] -> "gnounc.wordpress.com_20131114/gnounc.wordpress.com/2012/11/18/hubquake-monsters-drop-loot/feed/index.html" [1]
2013-11-14 22:14:12 URL:http://gnounc.wordpress.com/2012/11/17/hubquake-gets-randomized-monsters/feed/ [976] -> "gnounc.wordpress.com_20131114/gnounc.wordpress.com/2012/11/17/hubquake-gets-randomized-monsters/feed/index.html" [1]
2013-11-14 22:14:13 URL:http://gnounc.wordpress.com/tag/random/feed/ [4422] -> "gnounc.wordpress.com_20131114/gnounc.wordpress.com/tag/random/feed/index.html" [1]
2013-11-14 22:14:13 URL:http://gnounc.wordpress.com/tag/spawn/feed/ [4419] -> "gnounc.wordpress.com_20131114/gnounc.wordpress.com/tag/spawn/feed/index.html" [1]
2013-11-14 22:14:14 URL:http://gnounc.wordpress.com/2012/11/15/on-hubquake-statquake-and-csqc-entity-placer/feed/ [1010] -> "gnounc.wordpress.com_20131114/gnounc.wordpress.com/2012/11/15/on-hubquake-statquake-and-csqc-entity-placer/feed/index.html" [1]
2013-11-14 22:14:14 URL:http://gnounc.wordpress.com/2012/11/14/hello-world/feed/ [1889] -> "gnounc.wordpress.com_20131114/gnounc.wordpress.com/2012/11/14/hello-world/feed/index.html" [1]
2013-11-14 22:14:15 URL:http://gnounc.wordpress.com/2012/11/14/hello-world/comment-page-1/ [51250] -> "gnounc.wordpress.com_20131114/gnounc.wordpress.com/2012/11/14/hello-world/comment-page-1/index.html" [1]
FINISHED --2013-11-14 22:14:15--
Total wall clock time: 31s
Downloaded: 55 files, 1.5M in 8.3s (181 KB/s)
