2014-09-10 18:22:16 URL:http://graphics.stanford.edu/~kekoa/ [4717/4717] -> "graphics.stanford.edu_~kekoa_20140910/~kekoa/index.html" [1]
2014-09-10 18:22:16 URL:http://graphics.stanford.edu/~kekoa/mr_alligator/ [1743/1743] -> "graphics.stanford.edu_~kekoa_20140910/~kekoa/mr_alligator/index.html" [1]
2014-09-10 18:22:16 URL:http://graphics.stanford.edu/~kekoa/im/h/img_dinosaur_flip.jpg [7339/7339] -> "graphics.stanford.edu_~kekoa_20140910/~kekoa/im/h/img_dinosaur_flip.jpg" [1]
2014-09-10 18:22:17 URL:http://graphics.stanford.edu/~kekoa/im/h/title_homepage.gif [4419/4419] -> "graphics.stanford.edu_~kekoa_20140910/~kekoa/im/h/title_homepage.gif" [1]
2014-09-10 18:22:17 URL:http://graphics.stanford.edu/~kekoa/im/h/img_dinosaur.jpg [7325/7325] -> "graphics.stanford.edu_~kekoa_20140910/~kekoa/im/h/img_dinosaur.jpg" [1]
2014-09-10 18:22:17 URL:http://graphics.stanford.edu/~kekoa/im/h/title_aboutme.gif [1623/1623] -> "graphics.stanford.edu_~kekoa_20140910/~kekoa/im/h/title_aboutme.gif" [1]
2014-09-10 18:22:18 URL:http://graphics.stanford.edu/~kekoa/im/h/text_hacking.gif [2583/2583] -> "graphics.stanford.edu_~kekoa_20140910/~kekoa/im/h/text_hacking.gif" [1]
2014-09-10 18:22:18 URL:http://graphics.stanford.edu/~kekoa/im/h/text_research.gif [2322/2322] -> "graphics.stanford.edu_~kekoa_20140910/~kekoa/im/h/text_research.gif" [1]
2014-09-10 18:22:18 URL:http://graphics.stanford.edu/~kekoa/im/h/text_hobbies.gif [2178/2178] -> "graphics.stanford.edu_~kekoa_20140910/~kekoa/im/h/text_hobbies.gif" [1]
2014-09-10 18:22:18 URL:http://graphics.stanford.edu/~kekoa/stoogebot/ [1560/1560] -> "graphics.stanford.edu_~kekoa_20140910/~kekoa/stoogebot/index.html" [1]
2014-09-10 18:22:18 URL:http://graphics.stanford.edu/~kekoa/research.html [5881/5881] -> "graphics.stanford.edu_~kekoa_20140910/~kekoa/research.html" [1]
2014-09-10 18:22:19 URL:http://graphics.stanford.edu/~kekoa/im/h/title_reachingme.gif [2708/2708] -> "graphics.stanford.edu_~kekoa_20140910/~kekoa/im/h/title_reachingme.gif" [1]
2014-09-10 18:22:19 URL:http://graphics.stanford.edu/~kekoa/im/h/icon_mail.gif [635/635] -> "graphics.stanford.edu_~kekoa_20140910/~kekoa/im/h/icon_mail.gif" [1]
2014-09-10 18:22:19 URL:http://graphics.stanford.edu/~kekoa/im/h/text_address.gif [5387/5387] -> "graphics.stanford.edu_~kekoa_20140910/~kekoa/im/h/text_address.gif" [1]
2014-09-10 18:22:19 URL:http://graphics.stanford.edu/~kekoa/im/h/text_phone.gif [1894/1894] -> "graphics.stanford.edu_~kekoa_20140910/~kekoa/im/h/text_phone.gif" [1]
2014-09-10 18:22:20 URL:http://graphics.stanford.edu/~kekoa/im/h/icon_phone.gif [664/664] -> "graphics.stanford.edu_~kekoa_20140910/~kekoa/im/h/icon_phone.gif" [1]
2014-09-10 18:22:20 URL:http://graphics.stanford.edu/~kekoa/im/h/icon_email.gif [658/658] -> "graphics.stanford.edu_~kekoa_20140910/~kekoa/im/h/icon_email.gif" [1]
2014-09-10 18:22:20 URL:http://graphics.stanford.edu/~kekoa/im/h/text_email.gif [2985/2985] -> "graphics.stanford.edu_~kekoa_20140910/~kekoa/im/h/text_email.gif" [1]
2014-09-10 18:22:20 URL:http://graphics.stanford.edu/~kekoa/mr_alligator/alligator.jpg [19092/19092] -> "graphics.stanford.edu_~kekoa_20140910/~kekoa/mr_alligator/alligator.jpg" [1]
2014-09-10 18:22:21 URL:http://graphics.stanford.edu/~kekoa/mr_alligator/dot.png [282/282] -> "graphics.stanford.edu_~kekoa_20140910/~kekoa/mr_alligator/dot.png" [1]
2014-09-10 18:22:21 URL:http://graphics.stanford.edu/~kekoa/mr_alligator/alligator-snowboarding.jpg [19135/19135] -> "graphics.stanford.edu_~kekoa_20140910/~kekoa/mr_alligator/alligator-snowboarding.jpg" [1]
2014-09-10 18:22:21 URL:http://graphics.stanford.edu/~kekoa/stoogebot/title1a.gif [2356/2356] -> "graphics.stanford.edu_~kekoa_20140910/~kekoa/stoogebot/title1a.gif" [1]
2014-09-10 18:22:21 URL:http://graphics.stanford.edu/~kekoa/stoogebot/title2a.gif [2513/2513] -> "graphics.stanford.edu_~kekoa_20140910/~kekoa/stoogebot/title2a.gif" [1]
2014-09-10 18:22:21 URL:http://graphics.stanford.edu/~kekoa/stoogebot/about.html [4087/4087] -> "graphics.stanford.edu_~kekoa_20140910/~kekoa/stoogebot/about.html" [1]
2014-09-10 18:22:22 URL:http://graphics.stanford.edu/~kekoa/stoogebot/faq.html [19529/19529] -> "graphics.stanford.edu_~kekoa_20140910/~kekoa/stoogebot/faq.html" [1]
2014-09-10 18:22:22 URL:http://graphics.stanford.edu/~kekoa/stoogebot/manifesto.html [9252/9252] -> "graphics.stanford.edu_~kekoa_20140910/~kekoa/stoogebot/manifesto.html" [1]
2014-09-10 18:22:22 URL:http://graphics.stanford.edu/~kekoa/stoogebot/tech.html [11957/11957] -> "graphics.stanford.edu_~kekoa_20140910/~kekoa/stoogebot/tech.html" [1]
2014-09-10 18:22:22 URL:http://graphics.stanford.edu/~kekoa/stoogebot/tips.html [7269/7269] -> "graphics.stanford.edu_~kekoa_20140910/~kekoa/stoogebot/tips.html" [1]
2014-09-10 18:22:23 URL:http://graphics.stanford.edu/~kekoa/stoogebot/beating.html [10578/10578] -> "graphics.stanford.edu_~kekoa_20140910/~kekoa/stoogebot/beating.html" [1]
2014-09-10 18:22:23 URL:http://graphics.stanford.edu/~kekoa/stoogebot/games.html [8165/8165] -> "graphics.stanford.edu_~kekoa_20140910/~kekoa/stoogebot/games.html" [1]
2014-09-10 18:22:23 URL:http://graphics.stanford.edu/~kekoa/stoogebot/stills.html [1948/1948] -> "graphics.stanford.edu_~kekoa_20140910/~kekoa/stoogebot/stills.html" [1]
2014-09-10 18:22:23 URL:http://graphics.stanford.edu/~kekoa/stoogebot/banning.html [3671/3671] -> "graphics.stanford.edu_~kekoa_20140910/~kekoa/stoogebot/banning.html" [1]
2014-09-10 18:22:23 URL:http://graphics.stanford.edu/~kekoa/stoogebot/credits.html [6445/6445] -> "graphics.stanford.edu_~kekoa_20140910/~kekoa/stoogebot/credits.html" [1]
2014-09-10 18:22:24 URL:http://graphics.stanford.edu/~kekoa/stoogebot/download.html [3975/3975] -> "graphics.stanford.edu_~kekoa_20140910/~kekoa/stoogebot/download.html" [1]
2014-09-10 18:22:24 URL:http://graphics.stanford.edu/~kekoa/stoogebot/utils.html [7197/7197] -> "graphics.stanford.edu_~kekoa_20140910/~kekoa/stoogebot/utils.html" [1]
2014-09-10 18:22:24 URL:http://graphics.stanford.edu/~kekoa/stoogebot/resources.html [8091/8091] -> "graphics.stanford.edu_~kekoa_20140910/~kekoa/stoogebot/resources.html" [1]
2014-09-10 18:22:25 URL:http://graphics.stanford.edu/~kekoa/stoogebot/StoogePosterS.gif [65913/65913] -> "graphics.stanford.edu_~kekoa_20140910/~kekoa/stoogebot/StoogePosterS.gif" [1]
2014-09-10 18:22:25 URL:http://graphics.stanford.edu/~kekoa/stoogebot/StoogePoster.gif [86377/86377] -> "graphics.stanford.edu_~kekoa_20140910/~kekoa/stoogebot/StoogePoster.gif" [1]
2014-09-10 18:22:25 URL:http://graphics.stanford.edu/~kekoa/im/r/strike.jpg [5970/5970] -> "graphics.stanford.edu_~kekoa_20140910/~kekoa/im/r/strike.jpg" [1]
2014-09-10 18:22:25 URL:http://graphics.stanford.edu/~kekoa/im/r/fish.jpg [5062/5062] -> "graphics.stanford.edu_~kekoa_20140910/~kekoa/im/r/fish.jpg" [1]
2014-09-10 18:22:26 URL:http://graphics.stanford.edu/~kekoa/talks/gcafe-20030417/ [5337/5337] -> "graphics.stanford.edu_~kekoa_20140910/~kekoa/talks/gcafe-20030417/index.html" [1]
2014-09-10 18:22:26 URL:http://graphics.stanford.edu/~kekoa/talks/sigpaper-20010815/ [4548/4548] -> "graphics.stanford.edu_~kekoa_20140910/~kekoa/talks/sigpaper-20010815/index.html" [1]
2014-09-10 18:22:26 URL:http://graphics.stanford.edu/~kekoa/talks/sigcourse-20000724/ [4760/4760] -> "graphics.stanford.edu_~kekoa_20140910/~kekoa/talks/sigcourse-20000724/index.html" [1]
2014-09-10 18:22:27 URL:http://www.mralligator.com/rcx/talk/ [6621/6621] -> "graphics.stanford.edu_~kekoa_20140910/~kekoa/rcx/talk/index.html" [1]
2014-09-10 18:22:27 URL:http://graphics.stanford.edu/~kekoa/stoogebot/s.t.gif [105/105] -> "graphics.stanford.edu_~kekoa_20140910/~kekoa/stoogebot/s.t.gif" [1]
2014-09-10 18:22:28 URL:http://graphics.stanford.edu/~kekoa/stoogebot/b.t.gif [108/108] -> "graphics.stanford.edu_~kekoa_20140910/~kekoa/stoogebot/b.t.gif" [1]
2014-09-10 18:22:28 URL:http://graphics.stanford.edu/~kekoa/stoogebot/o.t.gif [103/103] -> "graphics.stanford.edu_~kekoa_20140910/~kekoa/stoogebot/o.t.gif" [1]
2014-09-10 18:22:28 URL:http://graphics.stanford.edu/~kekoa/stoogebot/t.t.gif [94/94] -> "graphics.stanford.edu_~kekoa_20140910/~kekoa/stoogebot/t.t.gif" [1]
2014-09-10 18:22:28 URL:http://graphics.stanford.edu/~kekoa/stoogebot/dot.t.gif [58/58] -> "graphics.stanford.edu_~kekoa_20140910/~kekoa/stoogebot/dot.t.gif" [1]
2014-09-10 18:22:28 URL:http://graphics.stanford.edu/~kekoa/stoogebot/clientability.html [8461/8461] -> "graphics.stanford.edu_~kekoa_20140910/~kekoa/stoogebot/clientability.html" [1]
2014-09-10 18:22:29 URL:http://graphics.stanford.edu/~kekoa/stoogebot/workingS.gif [10505/10505] -> "graphics.stanford.edu_~kekoa_20140910/~kekoa/stoogebot/workingS.gif" [1]
2014-09-10 18:22:29 URL:http://graphics.stanford.edu/~kekoa/stoogebot/demos/ [3017/3017] -> "graphics.stanford.edu_~kekoa_20140910/~kekoa/stoogebot/demos/index.html" [1]
2014-09-10 18:22:31 URL:http://graphics.stanford.edu/~kekoa/stoogebot/download/stooge/progs.dat [413384/413384] -> "graphics.stanford.edu_~kekoa_20140910/~kekoa/stoogebot/download/stooge/progs.dat" [1]
2014-09-10 18:22:31 URL:http://graphics.stanford.edu/~kekoa/stoogebot/download/stooge/defs.qc [17444/17444] -> "graphics.stanford.edu_~kekoa_20140910/~kekoa/stoogebot/download/stooge/defs.qc" [1]
2014-09-10 18:22:31 URL:http://graphics.stanford.edu/~kekoa/stoogebot/download/stooge/client.qc [32618/32618] -> "graphics.stanford.edu_~kekoa_20140910/~kekoa/stoogebot/download/stooge/client.qc" [1]
2014-09-10 18:22:31 URL:http://graphics.stanford.edu/~kekoa/stoogebot/download/stooge/README.TXT [11594/11594] -> "graphics.stanford.edu_~kekoa_20140910/~kekoa/stoogebot/download/stooge/README.TXT" [1]
2014-09-10 18:22:32 URL:http://graphics.stanford.edu/~kekoa/stoogebot/download/stooge/winstoog.zip [70837/70837] -> "graphics.stanford.edu_~kekoa_20140910/~kekoa/stoogebot/download/stooge/winstoog.zip" [1]
2014-09-10 18:22:32 URL:http://graphics.stanford.edu/~kekoa/stoogebot/download/stooge/linstooge.tar.gz [38087/38087] -> "graphics.stanford.edu_~kekoa_20140910/~kekoa/stoogebot/download/stooge/linstooge.tar.gz" [1]
2014-09-10 18:22:32 URL:http://graphics.stanford.edu/~kekoa/stoogebot/download/stooge/sgistooge.tar.gz [53103/53103] -> "graphics.stanford.edu_~kekoa_20140910/~kekoa/stoogebot/download/stooge/sgistooge.tar.gz" [1]
2014-09-10 18:22:32 URL:http://graphics.stanford.edu/~kekoa/stoogebot/twodemoS3.gif [6899/6899] -> "graphics.stanford.edu_~kekoa_20140910/~kekoa/stoogebot/twodemoS3.gif" [1]
2014-09-10 18:22:33 URL:http://graphics.stanford.edu/~kekoa/stoogebot/download/dproxy/dproxy-irix.tar.gz [22792/22792] -> "graphics.stanford.edu_~kekoa_20140910/~kekoa/stoogebot/download/dproxy/dproxy-irix.tar.gz" [1]
2014-09-10 18:22:33 URL:http://graphics.stanford.edu/~kekoa/stoogebot/download/dproxy/dproxy-irix.tar [81920/81920] -> "graphics.stanford.edu_~kekoa_20140910/~kekoa/stoogebot/download/dproxy/dproxy-irix.tar" [1]
2014-09-10 18:22:33 URL:http://graphics.stanford.edu/~kekoa/stoogebot/download/dproxy/dproxy-linux.tar.gz [15746/15746] -> "graphics.stanford.edu_~kekoa_20140910/~kekoa/stoogebot/download/dproxy/dproxy-linux.tar.gz" [1]
2014-09-10 18:22:34 URL:http://graphics.stanford.edu/~kekoa/stoogebot/download/dproxy/dproxy-linux.tar [51200/51200] -> "graphics.stanford.edu_~kekoa_20140910/~kekoa/stoogebot/download/dproxy/dproxy-linux.tar" [1]
2014-09-10 18:22:34 URL:http://graphics.stanford.edu/~kekoa/stoogebot/download/dproxy/dproxy-windows.zip [48959/48959] -> "graphics.stanford.edu_~kekoa_20140910/~kekoa/stoogebot/download/dproxy/dproxy-windows.zip" [1]
2014-09-10 18:22:34 URL:http://graphics.stanford.edu/~kekoa/stoogebot/download/dproxy/readme.txt [2711/2711] -> "graphics.stanford.edu_~kekoa_20140910/~kekoa/stoogebot/download/dproxy/readme.txt" [1]
2014-09-10 18:22:36 URL:http://graphics.stanford.edu/~kekoa/talks/gcafe-20030417/gcafe-20030417.pdf [823155/823155] -> "graphics.stanford.edu_~kekoa_20140910/~kekoa/talks/gcafe-20030417/gcafe-20030417.pdf" [1]
2014-09-10 18:22:36 URL:http://graphics.stanford.edu/~kekoa/talks/gcafe-20030417/src/ [283/283] -> "graphics.stanford.edu_~kekoa_20140910/~kekoa/talks/gcafe-20030417/src/index.html" [1]
2014-09-10 18:22:36 URL:http://graphics.stanford.edu/~kekoa/talks/gcafe-20030417/src/decode.c [3660/3660] -> "graphics.stanford.edu_~kekoa_20140910/~kekoa/talks/gcafe-20030417/src/decode.c" [1]
2014-09-10 18:22:36 URL:http://graphics.stanford.edu/~kekoa/talks/gcafe-20030417/slide.01.html [1042/1042] -> "graphics.stanford.edu_~kekoa_20140910/~kekoa/talks/gcafe-20030417/slide.01.html" [1]
2014-09-10 18:22:36 URL:http://graphics.stanford.edu/~kekoa/talks/gcafe-20030417/thumb.01.gif [2171/2171] -> "graphics.stanford.edu_~kekoa_20140910/~kekoa/talks/gcafe-20030417/thumb.01.gif" [1]
2014-09-10 18:22:37 URL:http://graphics.stanford.edu/~kekoa/talks/gcafe-20030417/slide.02.html [1053/1053] -> "graphics.stanford.edu_~kekoa_20140910/~kekoa/talks/gcafe-20030417/slide.02.html" [1]
2014-09-10 18:22:37 URL:http://graphics.stanford.edu/~kekoa/talks/gcafe-20030417/thumb.02.gif [7543/7543] -> "graphics.stanford.edu_~kekoa_20140910/~kekoa/talks/gcafe-20030417/thumb.02.gif" [1]
2014-09-10 18:22:37 URL:http://graphics.stanford.edu/~kekoa/talks/gcafe-20030417/slide.03.html [1053/1053] -> "graphics.stanford.edu_~kekoa_20140910/~kekoa/talks/gcafe-20030417/slide.03.html" [1]
2014-09-10 18:22:37 URL:http://graphics.stanford.edu/~kekoa/talks/gcafe-20030417/thumb.03.gif [3663/3663] -> "graphics.stanford.edu_~kekoa_20140910/~kekoa/talks/gcafe-20030417/thumb.03.gif" [1]
2014-09-10 18:22:37 URL:http://graphics.stanford.edu/~kekoa/talks/gcafe-20030417/slide.04.html [1053/1053] -> "graphics.stanford.edu_~kekoa_20140910/~kekoa/talks/gcafe-20030417/slide.04.html" [1]
2014-09-10 18:22:38 URL:http://graphics.stanford.edu/~kekoa/talks/gcafe-20030417/thumb.04.gif [2878/2878] -> "graphics.stanford.edu_~kekoa_20140910/~kekoa/talks/gcafe-20030417/thumb.04.gif" [1]
2014-09-10 18:22:38 URL:http://graphics.stanford.edu/~kekoa/talks/gcafe-20030417/slide.05.html [1053/1053] -> "graphics.stanford.edu_~kekoa_20140910/~kekoa/talks/gcafe-20030417/slide.05.html" [1]
2014-09-10 18:22:38 URL:http://graphics.stanford.edu/~kekoa/talks/gcafe-20030417/thumb.05.gif [3455/3455] -> "graphics.stanford.edu_~kekoa_20140910/~kekoa/talks/gcafe-20030417/thumb.05.gif" [1]
2014-09-10 18:22:38 URL:http://graphics.stanford.edu/~kekoa/talks/gcafe-20030417/slide.06.html [1053/1053] -> "graphics.stanford.edu_~kekoa_20140910/~kekoa/talks/gcafe-20030417/slide.06.html" [1]
2014-09-10 18:22:39 URL:http://graphics.stanford.edu/~kekoa/talks/gcafe-20030417/thumb.06.gif [3521/3521] -> "graphics.stanford.edu_~kekoa_20140910/~kekoa/talks/gcafe-20030417/thumb.06.gif" [1]
2014-09-10 18:22:39 URL:http://graphics.stanford.edu/~kekoa/talks/gcafe-20030417/slide.07.html [1053/1053] -> "graphics.stanford.edu_~kekoa_20140910/~kekoa/talks/gcafe-20030417/slide.07.html" [1]
2014-09-10 18:22:39 URL:http://graphics.stanford.edu/~kekoa/talks/gcafe-20030417/thumb.07.gif [3325/3325] -> "graphics.stanford.edu_~kekoa_20140910/~kekoa/talks/gcafe-20030417/thumb.07.gif" [1]
2014-09-10 18:22:39 URL:http://graphics.stanford.edu/~kekoa/talks/gcafe-20030417/slide.08.html [1053/1053] -> "graphics.stanford.edu_~kekoa_20140910/~kekoa/talks/gcafe-20030417/slide.08.html" [1]
2014-09-10 18:22:39 URL:http://graphics.stanford.edu/~kekoa/talks/gcafe-20030417/thumb.08.gif [3495/3495] -> "graphics.stanford.edu_~kekoa_20140910/~kekoa/talks/gcafe-20030417/thumb.08.gif" [1]
2014-09-10 18:22:40 URL:http://graphics.stanford.edu/~kekoa/talks/gcafe-20030417/slide.09.html [1053/1053] -> "graphics.stanford.edu_~kekoa_20140910/~kekoa/talks/gcafe-20030417/slide.09.html" [1]
2014-09-10 18:22:40 URL:http://graphics.stanford.edu/~kekoa/talks/gcafe-20030417/thumb.09.gif [3792/3792] -> "graphics.stanford.edu_~kekoa_20140910/~kekoa/talks/gcafe-20030417/thumb.09.gif" [1]
2014-09-10 18:22:40 URL:http://graphics.stanford.edu/~kekoa/talks/gcafe-20030417/slide.10.html [1055/1055] -> "graphics.stanford.edu_~kekoa_20140910/~kekoa/talks/gcafe-20030417/slide.10.html" [1]
2014-09-10 18:22:40 URL:http://graphics.stanford.edu/~kekoa/talks/gcafe-20030417/thumb.10.gif [4334/4334] -> "graphics.stanford.edu_~kekoa_20140910/~kekoa/talks/gcafe-20030417/thumb.10.gif" [1]
2014-09-10 18:22:40 URL:http://graphics.stanford.edu/~kekoa/talks/gcafe-20030417/slide.11.html [1055/1055] -> "graphics.stanford.edu_~kekoa_20140910/~kekoa/talks/gcafe-20030417/slide.11.html" [1]
2014-09-10 18:22:41 URL:http://graphics.stanford.edu/~kekoa/talks/gcafe-20030417/thumb.11.gif [4259/4259] -> "graphics.stanford.edu_~kekoa_20140910/~kekoa/talks/gcafe-20030417/thumb.11.gif" [1]
2014-09-10 18:22:41 URL:http://graphics.stanford.edu/~kekoa/talks/gcafe-20030417/slide.12.html [1055/1055] -> "graphics.stanford.edu_~kekoa_20140910/~kekoa/talks/gcafe-20030417/slide.12.html" [1]
2014-09-10 18:22:41 URL:http://graphics.stanford.edu/~kekoa/talks/gcafe-20030417/thumb.12.gif [4718/4718] -> "graphics.stanford.edu_~kekoa_20140910/~kekoa/talks/gcafe-20030417/thumb.12.gif" [1]
2014-09-10 18:22:41 URL:http://graphics.stanford.edu/~kekoa/talks/gcafe-20030417/slide.13.html [1055/1055] -> "graphics.stanford.edu_~kekoa_20140910/~kekoa/talks/gcafe-20030417/slide.13.html" [1]
2014-09-10 18:22:41 URL:http://graphics.stanford.edu/~kekoa/talks/gcafe-20030417/thumb.13.gif [4081/4081] -> "graphics.stanford.edu_~kekoa_20140910/~kekoa/talks/gcafe-20030417/thumb.13.gif" [1]
2014-09-10 18:22:42 URL:http://graphics.stanford.edu/~kekoa/talks/gcafe-20030417/slide.14.html [1055/1055] -> "graphics.stanford.edu_~kekoa_20140910/~kekoa/talks/gcafe-20030417/slide.14.html" [1]
2014-09-10 18:22:42 URL:http://graphics.stanford.edu/~kekoa/talks/gcafe-20030417/thumb.14.gif [4169/4169] -> "graphics.stanford.edu_~kekoa_20140910/~kekoa/talks/gcafe-20030417/thumb.14.gif" [1]
2014-09-10 18:22:42 URL:http://graphics.stanford.edu/~kekoa/talks/gcafe-20030417/slide.15.html [1055/1055] -> "graphics.stanford.edu_~kekoa_20140910/~kekoa/talks/gcafe-20030417/slide.15.html" [1]
2014-09-10 18:22:42 URL:http://graphics.stanford.edu/~kekoa/talks/gcafe-20030417/thumb.15.gif [4124/4124] -> "graphics.stanford.edu_~kekoa_20140910/~kekoa/talks/gcafe-20030417/thumb.15.gif" [1]
2014-09-10 18:22:43 URL:http://graphics.stanford.edu/~kekoa/talks/gcafe-20030417/slide.16.html [1055/1055] -> "graphics.stanford.edu_~kekoa_20140910/~kekoa/talks/gcafe-20030417/slide.16.html" [1]
2014-09-10 18:22:43 URL:http://graphics.stanford.edu/~kekoa/talks/gcafe-20030417/thumb.16.gif [4175/4175] -> "graphics.stanford.edu_~kekoa_20140910/~kekoa/talks/gcafe-20030417/thumb.16.gif" [1]
2014-09-10 18:22:43 URL:http://graphics.stanford.edu/~kekoa/talks/gcafe-20030417/slide.17.html [1055/1055] -> "graphics.stanford.edu_~kekoa_20140910/~kekoa/talks/gcafe-20030417/slide.17.html" [1]
2014-09-10 18:22:43 URL:http://graphics.stanford.edu/~kekoa/talks/gcafe-20030417/thumb.17.gif [4308/4308] -> "graphics.stanford.edu_~kekoa_20140910/~kekoa/talks/gcafe-20030417/thumb.17.gif" [1]
2014-09-10 18:22:43 URL:http://graphics.stanford.edu/~kekoa/talks/gcafe-20030417/slide.18.html [1055/1055] -> "graphics.stanford.edu_~kekoa_20140910/~kekoa/talks/gcafe-20030417/slide.18.html" [1]
2014-09-10 18:22:44 URL:http://graphics.stanford.edu/~kekoa/talks/gcafe-20030417/thumb.18.gif [5507/5507] -> "graphics.stanford.edu_~kekoa_20140910/~kekoa/talks/gcafe-20030417/thumb.18.gif" [1]
2014-09-10 18:22:44 URL:http://graphics.stanford.edu/~kekoa/talks/gcafe-20030417/slide.19.html [1055/1055] -> "graphics.stanford.edu_~kekoa_20140910/~kekoa/talks/gcafe-20030417/slide.19.html" [1]
2014-09-10 18:22:44 URL:http://graphics.stanford.edu/~kekoa/talks/gcafe-20030417/thumb.19.gif [6856/6856] -> "graphics.stanford.edu_~kekoa_20140910/~kekoa/talks/gcafe-20030417/thumb.19.gif" [1]
2014-09-10 18:22:44 URL:http://graphics.stanford.edu/~kekoa/talks/gcafe-20030417/slide.20.html [1055/1055] -> "graphics.stanford.edu_~kekoa_20140910/~kekoa/talks/gcafe-20030417/slide.20.html" [1]
2014-09-10 18:22:44 URL:http://graphics.stanford.edu/~kekoa/talks/gcafe-20030417/thumb.20.gif [8664/8664] -> "graphics.stanford.edu_~kekoa_20140910/~kekoa/talks/gcafe-20030417/thumb.20.gif" [1]
2014-09-10 18:22:45 URL:http://graphics.stanford.edu/~kekoa/talks/gcafe-20030417/slide.21.html [1055/1055] -> "graphics.stanford.edu_~kekoa_20140910/~kekoa/talks/gcafe-20030417/slide.21.html" [1]
2014-09-10 18:22:45 URL:http://graphics.stanford.edu/~kekoa/talks/gcafe-20030417/thumb.21.gif [5810/5810] -> "graphics.stanford.edu_~kekoa_20140910/~kekoa/talks/gcafe-20030417/thumb.21.gif" [1]
2014-09-10 18:22:45 URL:http://graphics.stanford.edu/~kekoa/talks/gcafe-20030417/slide.22.html [1044/1044] -> "graphics.stanford.edu_~kekoa_20140910/~kekoa/talks/gcafe-20030417/slide.22.html" [1]
2014-09-10 18:22:45 URL:http://graphics.stanford.edu/~kekoa/talks/gcafe-20030417/thumb.22.gif [8664/8664] -> "graphics.stanford.edu_~kekoa_20140910/~kekoa/talks/gcafe-20030417/thumb.22.gif" [1]
2014-09-10 18:22:46 URL:http://graphics.stanford.edu/~kekoa/talks/sigpaper-20010815/rtsl-talk.pdf [166514/166514] -> "graphics.stanford.edu_~kekoa_20140910/~kekoa/talks/sigpaper-20010815/rtsl-talk.pdf" [1]
2014-09-10 18:22:46 URL:http://graphics.stanford.edu/~kekoa/talks/sigpaper-20010815/slide.01.html [1139/1139] -> "graphics.stanford.edu_~kekoa_20140910/~kekoa/talks/sigpaper-20010815/slide.01.html" [1]
2014-09-10 18:22:46 URL:http://graphics.stanford.edu/~kekoa/talks/sigpaper-20010815/thumb.01.gif [4816/4816] -> "graphics.stanford.edu_~kekoa_20140910/~kekoa/talks/sigpaper-20010815/thumb.01.gif" [1]
2014-09-10 18:22:46 URL:http://graphics.stanford.edu/~kekoa/talks/sigpaper-20010815/slide.02.html [1150/1150] -> "graphics.stanford.edu_~kekoa_20140910/~kekoa/talks/sigpaper-20010815/slide.02.html" [1]
2014-09-10 18:22:47 URL:http://graphics.stanford.edu/~kekoa/talks/sigpaper-20010815/thumb.02.gif [6286/6286] -> "graphics.stanford.edu_~kekoa_20140910/~kekoa/talks/sigpaper-20010815/thumb.02.gif" [1]
2014-09-10 18:22:47 URL:http://graphics.stanford.edu/~kekoa/talks/sigpaper-20010815/slide.03.html [1150/1150] -> "graphics.stanford.edu_~kekoa_20140910/~kekoa/talks/sigpaper-20010815/slide.03.html" [1]
2014-09-10 18:22:47 URL:http://graphics.stanford.edu/~kekoa/talks/sigpaper-20010815/thumb.03.gif [2711/2711] -> "graphics.stanford.edu_~kekoa_20140910/~kekoa/talks/sigpaper-20010815/thumb.03.gif" [1]
2014-09-10 18:22:47 URL:http://graphics.stanford.edu/~kekoa/talks/sigpaper-20010815/slide.04.html [1150/1150] -> "graphics.stanford.edu_~kekoa_20140910/~kekoa/talks/sigpaper-20010815/slide.04.html" [1]
2014-09-10 18:22:48 URL:http://graphics.stanford.edu/~kekoa/talks/sigpaper-20010815/thumb.04.gif [5248/5248] -> "graphics.stanford.edu_~kekoa_20140910/~kekoa/talks/sigpaper-20010815/thumb.04.gif" [1]
2014-09-10 18:22:48 URL:http://graphics.stanford.edu/~kekoa/talks/sigpaper-20010815/slide.05.html [1150/1150] -> "graphics.stanford.edu_~kekoa_20140910/~kekoa/talks/sigpaper-20010815/slide.05.html" [1]
2014-09-10 18:22:48 URL:http://graphics.stanford.edu/~kekoa/talks/sigpaper-20010815/thumb.05.gif [5679/5679] -> "graphics.stanford.edu_~kekoa_20140910/~kekoa/talks/sigpaper-20010815/thumb.05.gif" [1]
2014-09-10 18:22:48 URL:http://graphics.stanford.edu/~kekoa/talks/sigpaper-20010815/slide.06.html [1150/1150] -> "graphics.stanford.edu_~kekoa_20140910/~kekoa/talks/sigpaper-20010815/slide.06.html" [1]
2014-09-10 18:22:48 URL:http://graphics.stanford.edu/~kekoa/talks/sigpaper-20010815/thumb.06.gif [5624/5624] -> "graphics.stanford.edu_~kekoa_20140910/~kekoa/talks/sigpaper-20010815/thumb.06.gif" [1]
2014-09-10 18:22:49 URL:http://graphics.stanford.edu/~kekoa/talks/sigpaper-20010815/slide.07.html [1150/1150] -> "graphics.stanford.edu_~kekoa_20140910/~kekoa/talks/sigpaper-20010815/slide.07.html" [1]
2014-09-10 18:22:49 URL:http://graphics.stanford.edu/~kekoa/talks/sigpaper-20010815/thumb.07.gif [5826/5826] -> "graphics.stanford.edu_~kekoa_20140910/~kekoa/talks/sigpaper-20010815/thumb.07.gif" [1]
2014-09-10 18:22:49 URL:http://graphics.stanford.edu/~kekoa/talks/sigpaper-20010815/slide.08.html [1150/1150] -> "graphics.stanford.edu_~kekoa_20140910/~kekoa/talks/sigpaper-20010815/slide.08.html" [1]
2014-09-10 18:22:49 URL:http://graphics.stanford.edu/~kekoa/talks/sigpaper-20010815/thumb.08.gif [6039/6039] -> "graphics.stanford.edu_~kekoa_20140910/~kekoa/talks/sigpaper-20010815/thumb.08.gif" [1]
2014-09-10 18:22:50 URL:http://graphics.stanford.edu/~kekoa/talks/sigpaper-20010815/slide.09.html [1150/1150] -> "graphics.stanford.edu_~kekoa_20140910/~kekoa/talks/sigpaper-20010815/slide.09.html" [1]
2014-09-10 18:22:50 URL:http://graphics.stanford.edu/~kekoa/talks/sigpaper-20010815/thumb.09.gif [4551/4551] -> "graphics.stanford.edu_~kekoa_20140910/~kekoa/talks/sigpaper-20010815/thumb.09.gif" [1]
2014-09-10 18:22:50 URL:http://graphics.stanford.edu/~kekoa/talks/sigpaper-20010815/slide.10.html [1152/1152] -> "graphics.stanford.edu_~kekoa_20140910/~kekoa/talks/sigpaper-20010815/slide.10.html" [1]
2014-09-10 18:22:50 URL:http://graphics.stanford.edu/~kekoa/talks/sigpaper-20010815/thumb.10.gif [4551/4551] -> "graphics.stanford.edu_~kekoa_20140910/~kekoa/talks/sigpaper-20010815/thumb.10.gif" [1]
2014-09-10 18:22:50 URL:http://graphics.stanford.edu/~kekoa/talks/sigpaper-20010815/slide.11.html [1152/1152] -> "graphics.stanford.edu_~kekoa_20140910/~kekoa/talks/sigpaper-20010815/slide.11.html" [1]
2014-09-10 18:22:51 URL:http://graphics.stanford.edu/~kekoa/talks/sigpaper-20010815/thumb.11.gif [3852/3852] -> "graphics.stanford.edu_~kekoa_20140910/~kekoa/talks/sigpaper-20010815/thumb.11.gif" [1]
2014-09-10 18:22:51 URL:http://graphics.stanford.edu/~kekoa/talks/sigpaper-20010815/slide.12.html [1152/1152] -> "graphics.stanford.edu_~kekoa_20140910/~kekoa/talks/sigpaper-20010815/slide.12.html" [1]
2014-09-10 18:22:52 URL:http://graphics.stanford.edu/~kekoa/talks/sigpaper-20010815/thumb.12.gif [5114/5114] -> "graphics.stanford.edu_~kekoa_20140910/~kekoa/talks/sigpaper-20010815/thumb.12.gif" [1]
2014-09-10 18:22:52 URL:http://graphics.stanford.edu/~kekoa/talks/sigpaper-20010815/slide.13.html [1152/1152] -> "graphics.stanford.edu_~kekoa_20140910/~kekoa/talks/sigpaper-20010815/slide.13.html" [1]
2014-09-10 18:22:52 URL:http://graphics.stanford.edu/~kekoa/talks/sigpaper-20010815/thumb.13.gif [3299/3299] -> "graphics.stanford.edu_~kekoa_20140910/~kekoa/talks/sigpaper-20010815/thumb.13.gif" [1]
2014-09-10 18:22:53 URL:http://graphics.stanford.edu/~kekoa/talks/sigpaper-20010815/slide.14.html [1152/1152] -> "graphics.stanford.edu_~kekoa_20140910/~kekoa/talks/sigpaper-20010815/slide.14.html" [1]
2014-09-10 18:22:53 URL:http://graphics.stanford.edu/~kekoa/talks/sigpaper-20010815/thumb.14.gif [4202/4202] -> "graphics.stanford.edu_~kekoa_20140910/~kekoa/talks/sigpaper-20010815/thumb.14.gif" [1]
2014-09-10 18:22:53 URL:http://graphics.stanford.edu/~kekoa/talks/sigpaper-20010815/slide.15.html [1152/1152] -> "graphics.stanford.edu_~kekoa_20140910/~kekoa/talks/sigpaper-20010815/slide.15.html" [1]
2014-09-10 18:22:54 URL:http://graphics.stanford.edu/~kekoa/talks/sigpaper-20010815/thumb.15.gif [2961/2961] -> "graphics.stanford.edu_~kekoa_20140910/~kekoa/talks/sigpaper-20010815/thumb.15.gif" [1]
2014-09-10 18:22:54 URL:http://graphics.stanford.edu/~kekoa/talks/sigpaper-20010815/slide.16.html [1152/1152] -> "graphics.stanford.edu_~kekoa_20140910/~kekoa/talks/sigpaper-20010815/slide.16.html" [1]
2014-09-10 18:22:54 URL:http://graphics.stanford.edu/~kekoa/talks/sigpaper-20010815/thumb.16.gif [3278/3278] -> "graphics.stanford.edu_~kekoa_20140910/~kekoa/talks/sigpaper-20010815/thumb.16.gif" [1]
2014-09-10 18:22:54 URL:http://graphics.stanford.edu/~kekoa/talks/sigpaper-20010815/slide.17.html [1152/1152] -> "graphics.stanford.edu_~kekoa_20140910/~kekoa/talks/sigpaper-20010815/slide.17.html" [1]
2014-09-10 18:22:55 URL:http://graphics.stanford.edu/~kekoa/talks/sigpaper-20010815/thumb.17.gif [6076/6076] -> "graphics.stanford.edu_~kekoa_20140910/~kekoa/talks/sigpaper-20010815/thumb.17.gif" [1]
2014-09-10 18:22:55 URL:http://graphics.stanford.edu/~kekoa/talks/sigpaper-20010815/slide.18.html [1152/1152] -> "graphics.stanford.edu_~kekoa_20140910/~kekoa/talks/sigpaper-20010815/slide.18.html" [1]
2014-09-10 18:22:55 URL:http://graphics.stanford.edu/~kekoa/talks/sigpaper-20010815/thumb.18.gif [4220/4220] -> "graphics.stanford.edu_~kekoa_20140910/~kekoa/talks/sigpaper-20010815/thumb.18.gif" [1]
2014-09-10 18:22:56 URL:http://graphics.stanford.edu/~kekoa/talks/sigpaper-20010815/slide.19.html [1152/1152] -> "graphics.stanford.edu_~kekoa_20140910/~kekoa/talks/sigpaper-20010815/slide.19.html" [1]
2014-09-10 18:22:56 URL:http://graphics.stanford.edu/~kekoa/talks/sigpaper-20010815/thumb.19.gif [4837/4837] -> "graphics.stanford.edu_~kekoa_20140910/~kekoa/talks/sigpaper-20010815/thumb.19.gif" [1]
2014-09-10 18:22:56 URL:http://graphics.stanford.edu/~kekoa/talks/sigpaper-20010815/slide.20.html [1152/1152] -> "graphics.stanford.edu_~kekoa_20140910/~kekoa/talks/sigpaper-20010815/slide.20.html" [1]
2014-09-10 18:22:56 URL:http://graphics.stanford.edu/~kekoa/talks/sigpaper-20010815/thumb.20.gif [4179/4179] -> "graphics.stanford.edu_~kekoa_20140910/~kekoa/talks/sigpaper-20010815/thumb.20.gif" [1]
2014-09-10 18:22:56 URL:http://graphics.stanford.edu/~kekoa/talks/sigpaper-20010815/slide.21.html [1152/1152] -> "graphics.stanford.edu_~kekoa_20140910/~kekoa/talks/sigpaper-20010815/slide.21.html" [1]
2014-09-10 18:22:57 URL:http://graphics.stanford.edu/~kekoa/talks/sigpaper-20010815/thumb.21.gif [4459/4459] -> "graphics.stanford.edu_~kekoa_20140910/~kekoa/talks/sigpaper-20010815/thumb.21.gif" [1]
2014-09-10 18:22:57 URL:http://graphics.stanford.edu/~kekoa/talks/sigpaper-20010815/slide.22.html [1152/1152] -> "graphics.stanford.edu_~kekoa_20140910/~kekoa/talks/sigpaper-20010815/slide.22.html" [1]
2014-09-10 18:22:57 URL:http://graphics.stanford.edu/~kekoa/talks/sigpaper-20010815/thumb.22.gif [3956/3956] -> "graphics.stanford.edu_~kekoa_20140910/~kekoa/talks/sigpaper-20010815/thumb.22.gif" [1]
2014-09-10 18:22:57 URL:http://graphics.stanford.edu/~kekoa/talks/sigpaper-20010815/slide.23.html [1152/1152] -> "graphics.stanford.edu_~kekoa_20140910/~kekoa/talks/sigpaper-20010815/slide.23.html" [1]
2014-09-10 18:22:58 URL:http://graphics.stanford.edu/~kekoa/talks/sigpaper-20010815/thumb.23.gif [5914/5914] -> "graphics.stanford.edu_~kekoa_20140910/~kekoa/talks/sigpaper-20010815/thumb.23.gif" [1]
2014-09-10 18:22:58 URL:http://graphics.stanford.edu/~kekoa/talks/sigpaper-20010815/slide.24.html [1152/1152] -> "graphics.stanford.edu_~kekoa_20140910/~kekoa/talks/sigpaper-20010815/slide.24.html" [1]
2014-09-10 18:22:58 URL:http://graphics.stanford.edu/~kekoa/talks/sigpaper-20010815/thumb.24.gif [5006/5006] -> "graphics.stanford.edu_~kekoa_20140910/~kekoa/talks/sigpaper-20010815/thumb.24.gif" [1]
2014-09-10 18:22:58 URL:http://graphics.stanford.edu/~kekoa/talks/sigpaper-20010815/slide.25.html [1152/1152] -> "graphics.stanford.edu_~kekoa_20140910/~kekoa/talks/sigpaper-20010815/slide.25.html" [1]
2014-09-10 18:22:58 URL:http://graphics.stanford.edu/~kekoa/talks/sigpaper-20010815/thumb.25.gif [6474/6474] -> "graphics.stanford.edu_~kekoa_20140910/~kekoa/talks/sigpaper-20010815/thumb.25.gif" [1]
2014-09-10 18:22:59 URL:http://graphics.stanford.edu/~kekoa/talks/sigpaper-20010815/slide.26.html [1152/1152] -> "graphics.stanford.edu_~kekoa_20140910/~kekoa/talks/sigpaper-20010815/slide.26.html" [1]
2014-09-10 18:22:59 URL:http://graphics.stanford.edu/~kekoa/talks/sigpaper-20010815/thumb.26.gif [6307/6307] -> "graphics.stanford.edu_~kekoa_20140910/~kekoa/talks/sigpaper-20010815/thumb.26.gif" [1]
2014-09-10 18:22:59 URL:http://graphics.stanford.edu/~kekoa/talks/sigpaper-20010815/slide.27.html [1152/1152] -> "graphics.stanford.edu_~kekoa_20140910/~kekoa/talks/sigpaper-20010815/slide.27.html" [1]
2014-09-10 18:22:59 URL:http://graphics.stanford.edu/~kekoa/talks/sigpaper-20010815/thumb.27.gif [4468/4468] -> "graphics.stanford.edu_~kekoa_20140910/~kekoa/talks/sigpaper-20010815/thumb.27.gif" [1]
2014-09-10 18:22:59 URL:http://graphics.stanford.edu/~kekoa/talks/sigpaper-20010815/slide.28.html [1152/1152] -> "graphics.stanford.edu_~kekoa_20140910/~kekoa/talks/sigpaper-20010815/slide.28.html" [1]
2014-09-10 18:23:00 URL:http://graphics.stanford.edu/~kekoa/talks/sigpaper-20010815/thumb.28.gif [2830/2830] -> "graphics.stanford.edu_~kekoa_20140910/~kekoa/talks/sigpaper-20010815/thumb.28.gif" [1]
2014-09-10 18:23:00 URL:http://graphics.stanford.edu/~kekoa/talks/sigpaper-20010815/slide.29.html [1152/1152] -> "graphics.stanford.edu_~kekoa_20140910/~kekoa/talks/sigpaper-20010815/slide.29.html" [1]
2014-09-10 18:23:00 URL:http://graphics.stanford.edu/~kekoa/talks/sigpaper-20010815/thumb.29.gif [3754/3754] -> "graphics.stanford.edu_~kekoa_20140910/~kekoa/talks/sigpaper-20010815/thumb.29.gif" [1]
2014-09-10 18:23:00 URL:http://graphics.stanford.edu/~kekoa/talks/sigpaper-20010815/slide.30.html [1152/1152] -> "graphics.stanford.edu_~kekoa_20140910/~kekoa/talks/sigpaper-20010815/slide.30.html" [1]
2014-09-10 18:23:00 URL:http://graphics.stanford.edu/~kekoa/talks/sigpaper-20010815/thumb.30.gif [4432/4432] -> "graphics.stanford.edu_~kekoa_20140910/~kekoa/talks/sigpaper-20010815/thumb.30.gif" [1]
2014-09-10 18:23:01 URL:http://graphics.stanford.edu/~kekoa/talks/sigpaper-20010815/slide.31.html [1152/1152] -> "graphics.stanford.edu_~kekoa_20140910/~kekoa/talks/sigpaper-20010815/slide.31.html" [1]
2014-09-10 18:23:01 URL:http://graphics.stanford.edu/~kekoa/talks/sigpaper-20010815/thumb.31.gif [4396/4396] -> "graphics.stanford.edu_~kekoa_20140910/~kekoa/talks/sigpaper-20010815/thumb.31.gif" [1]
2014-09-10 18:23:01 URL:http://graphics.stanford.edu/~kekoa/talks/sigpaper-20010815/slide.32.html [1152/1152] -> "graphics.stanford.edu_~kekoa_20140910/~kekoa/talks/sigpaper-20010815/slide.32.html" [1]
2014-09-10 18:23:01 URL:http://graphics.stanford.edu/~kekoa/talks/sigpaper-20010815/thumb.32.gif [4161/4161] -> "graphics.stanford.edu_~kekoa_20140910/~kekoa/talks/sigpaper-20010815/thumb.32.gif" [1]
2014-09-10 18:23:01 URL:http://graphics.stanford.edu/~kekoa/talks/sigpaper-20010815/slide.33.html [1152/1152] -> "graphics.stanford.edu_~kekoa_20140910/~kekoa/talks/sigpaper-20010815/slide.33.html" [1]
2014-09-10 18:23:02 URL:http://graphics.stanford.edu/~kekoa/talks/sigpaper-20010815/thumb.33.gif [5476/5476] -> "graphics.stanford.edu_~kekoa_20140910/~kekoa/talks/sigpaper-20010815/thumb.33.gif" [1]
2014-09-10 18:23:02 URL:http://graphics.stanford.edu/~kekoa/talks/sigpaper-20010815/slide.34.html [1152/1152] -> "graphics.stanford.edu_~kekoa_20140910/~kekoa/talks/sigpaper-20010815/slide.34.html" [1]
2014-09-10 18:23:02 URL:http://graphics.stanford.edu/~kekoa/talks/sigpaper-20010815/thumb.34.gif [2952/2952] -> "graphics.stanford.edu_~kekoa_20140910/~kekoa/talks/sigpaper-20010815/thumb.34.gif" [1]
2014-09-10 18:23:02 URL:http://graphics.stanford.edu/~kekoa/talks/sigpaper-20010815/slide.35.html [1152/1152] -> "graphics.stanford.edu_~kekoa_20140910/~kekoa/talks/sigpaper-20010815/slide.35.html" [1]
2014-09-10 18:23:02 URL:http://graphics.stanford.edu/~kekoa/talks/sigpaper-20010815/thumb.35.gif [4498/4498] -> "graphics.stanford.edu_~kekoa_20140910/~kekoa/talks/sigpaper-20010815/thumb.35.gif" [1]
2014-09-10 18:23:03 URL:http://graphics.stanford.edu/~kekoa/talks/sigpaper-20010815/slide.36.html [1152/1152] -> "graphics.stanford.edu_~kekoa_20140910/~kekoa/talks/sigpaper-20010815/slide.36.html" [1]
2014-09-10 18:23:03 URL:http://graphics.stanford.edu/~kekoa/talks/sigpaper-20010815/thumb.36.gif [4217/4217] -> "graphics.stanford.edu_~kekoa_20140910/~kekoa/talks/sigpaper-20010815/thumb.36.gif" [1]
2014-09-10 18:23:03 URL:http://graphics.stanford.edu/~kekoa/talks/sigpaper-20010815/slide.37.html [1141/1141] -> "graphics.stanford.edu_~kekoa_20140910/~kekoa/talks/sigpaper-20010815/slide.37.html" [1]
2014-09-10 18:23:03 URL:http://graphics.stanford.edu/~kekoa/talks/sigpaper-20010815/thumb.37.gif [5269/5269] -> "graphics.stanford.edu_~kekoa_20140910/~kekoa/talks/sigpaper-20010815/thumb.37.gif" [1]
2014-09-10 18:23:06 URL:http://graphics.stanford.edu/~kekoa/talks/sigcourse-20000724/sigcourse-20000724.pdf [1137012/1137012] -> "graphics.stanford.edu_~kekoa_20140910/~kekoa/talks/sigcourse-20000724/sigcourse-20000724.pdf" [1]
2014-09-10 18:23:06 URL:http://graphics.stanford.edu/~kekoa/talks/sigcourse-20000724/slide.01.html [1086/1086] -> "graphics.stanford.edu_~kekoa_20140910/~kekoa/talks/sigcourse-20000724/slide.01.html" [1]
2014-09-10 18:23:06 URL:http://graphics.stanford.edu/~kekoa/talks/sigcourse-20000724/thumb.01.gif [4649/4649] -> "graphics.stanford.edu_~kekoa_20140910/~kekoa/talks/sigcourse-20000724/thumb.01.gif" [1]
2014-09-10 18:23:07 URL:http://graphics.stanford.edu/~kekoa/talks/sigcourse-20000724/slide.02.html [1097/1097] -> "graphics.stanford.edu_~kekoa_20140910/~kekoa/talks/sigcourse-20000724/slide.02.html" [1]
2014-09-10 18:23:07 URL:http://graphics.stanford.edu/~kekoa/talks/sigcourse-20000724/thumb.02.gif [10077/10077] -> "graphics.stanford.edu_~kekoa_20140910/~kekoa/talks/sigcourse-20000724/thumb.02.gif" [1]
2014-09-10 18:23:07 URL:http://graphics.stanford.edu/~kekoa/talks/sigcourse-20000724/slide.03.html [1097/1097] -> "graphics.stanford.edu_~kekoa_20140910/~kekoa/talks/sigcourse-20000724/slide.03.html" [1]
2014-09-10 18:23:08 URL:http://graphics.stanford.edu/~kekoa/talks/sigcourse-20000724/thumb.03.gif [4958/4958] -> "graphics.stanford.edu_~kekoa_20140910/~kekoa/talks/sigcourse-20000724/thumb.03.gif" [1]
2014-09-10 18:23:08 URL:http://graphics.stanford.edu/~kekoa/talks/sigcourse-20000724/slide.04.html [1097/1097] -> "graphics.stanford.edu_~kekoa_20140910/~kekoa/talks/sigcourse-20000724/slide.04.html" [1]
2014-09-10 18:23:08 URL:http://graphics.stanford.edu/~kekoa/talks/sigcourse-20000724/thumb.04.gif [3878/3878] -> "graphics.stanford.edu_~kekoa_20140910/~kekoa/talks/sigcourse-20000724/thumb.04.gif" [1]
2014-09-10 18:23:08 URL:http://graphics.stanford.edu/~kekoa/talks/sigcourse-20000724/slide.05.html [1097/1097] -> "graphics.stanford.edu_~kekoa_20140910/~kekoa/talks/sigcourse-20000724/slide.05.html" [1]
2014-09-10 18:23:09 URL:http://graphics.stanford.edu/~kekoa/talks/sigcourse-20000724/thumb.05.gif [4438/4438] -> "graphics.stanford.edu_~kekoa_20140910/~kekoa/talks/sigcourse-20000724/thumb.05.gif" [1]
2014-09-10 18:23:09 URL:http://graphics.stanford.edu/~kekoa/talks/sigcourse-20000724/slide.06.html [1097/1097] -> "graphics.stanford.edu_~kekoa_20140910/~kekoa/talks/sigcourse-20000724/slide.06.html" [1]
2014-09-10 18:23:09 URL:http://graphics.stanford.edu/~kekoa/talks/sigcourse-20000724/thumb.06.gif [5111/5111] -> "graphics.stanford.edu_~kekoa_20140910/~kekoa/talks/sigcourse-20000724/thumb.06.gif" [1]
2014-09-10 18:23:09 URL:http://graphics.stanford.edu/~kekoa/talks/sigcourse-20000724/slide.07.html [1097/1097] -> "graphics.stanford.edu_~kekoa_20140910/~kekoa/talks/sigcourse-20000724/slide.07.html" [1]
2014-09-10 18:23:09 URL:http://graphics.stanford.edu/~kekoa/talks/sigcourse-20000724/thumb.07.gif [5808/5808] -> "graphics.stanford.edu_~kekoa_20140910/~kekoa/talks/sigcourse-20000724/thumb.07.gif" [1]
2014-09-10 18:23:10 URL:http://graphics.stanford.edu/~kekoa/talks/sigcourse-20000724/slide.08.html [1097/1097] -> "graphics.stanford.edu_~kekoa_20140910/~kekoa/talks/sigcourse-20000724/slide.08.html" [1]
2014-09-10 18:23:10 URL:http://graphics.stanford.edu/~kekoa/talks/sigcourse-20000724/thumb.08.gif [5778/5778] -> "graphics.stanford.edu_~kekoa_20140910/~kekoa/talks/sigcourse-20000724/thumb.08.gif" [1]
2014-09-10 18:23:10 URL:http://graphics.stanford.edu/~kekoa/talks/sigcourse-20000724/slide.09.html [1097/1097] -> "graphics.stanford.edu_~kekoa_20140910/~kekoa/talks/sigcourse-20000724/slide.09.html" [1]
2014-09-10 18:23:10 URL:http://graphics.stanford.edu/~kekoa/talks/sigcourse-20000724/thumb.09.gif [6196/6196] -> "graphics.stanford.edu_~kekoa_20140910/~kekoa/talks/sigcourse-20000724/thumb.09.gif" [1]
2014-09-10 18:23:11 URL:http://graphics.stanford.edu/~kekoa/talks/sigcourse-20000724/slide.10.html [1099/1099] -> "graphics.stanford.edu_~kekoa_20140910/~kekoa/talks/sigcourse-20000724/slide.10.html" [1]
2014-09-10 18:23:11 URL:http://graphics.stanford.edu/~kekoa/talks/sigcourse-20000724/thumb.10.gif [4458/4458] -> "graphics.stanford.edu_~kekoa_20140910/~kekoa/talks/sigcourse-20000724/thumb.10.gif" [1]
2014-09-10 18:23:11 URL:http://graphics.stanford.edu/~kekoa/talks/sigcourse-20000724/slide.11.html [1099/1099] -> "graphics.stanford.edu_~kekoa_20140910/~kekoa/talks/sigcourse-20000724/slide.11.html" [1]
2014-09-10 18:23:11 URL:http://graphics.stanford.edu/~kekoa/talks/sigcourse-20000724/thumb.11.gif [6442/6442] -> "graphics.stanford.edu_~kekoa_20140910/~kekoa/talks/sigcourse-20000724/thumb.11.gif" [1]
2014-09-10 18:23:11 URL:http://graphics.stanford.edu/~kekoa/talks/sigcourse-20000724/slide.12.html [1099/1099] -> "graphics.stanford.edu_~kekoa_20140910/~kekoa/talks/sigcourse-20000724/slide.12.html" [1]
2014-09-10 18:23:12 URL:http://graphics.stanford.edu/~kekoa/talks/sigcourse-20000724/thumb.12.gif [3853/3853] -> "graphics.stanford.edu_~kekoa_20140910/~kekoa/talks/sigcourse-20000724/thumb.12.gif" [1]
2014-09-10 18:23:12 URL:http://graphics.stanford.edu/~kekoa/talks/sigcourse-20000724/slide.13.html [1099/1099] -> "graphics.stanford.edu_~kekoa_20140910/~kekoa/talks/sigcourse-20000724/slide.13.html" [1]
2014-09-10 18:23:12 URL:http://graphics.stanford.edu/~kekoa/talks/sigcourse-20000724/thumb.13.gif [3841/3841] -> "graphics.stanford.edu_~kekoa_20140910/~kekoa/talks/sigcourse-20000724/thumb.13.gif" [1]
2014-09-10 18:23:12 URL:http://graphics.stanford.edu/~kekoa/talks/sigcourse-20000724/slide.14.html [1099/1099] -> "graphics.stanford.edu_~kekoa_20140910/~kekoa/talks/sigcourse-20000724/slide.14.html" [1]
2014-09-10 18:23:12 URL:http://graphics.stanford.edu/~kekoa/talks/sigcourse-20000724/thumb.14.gif [3627/3627] -> "graphics.stanford.edu_~kekoa_20140910/~kekoa/talks/sigcourse-20000724/thumb.14.gif" [1]
2014-09-10 18:23:13 URL:http://graphics.stanford.edu/~kekoa/talks/sigcourse-20000724/slide.15.html [1099/1099] -> "graphics.stanford.edu_~kekoa_20140910/~kekoa/talks/sigcourse-20000724/slide.15.html" [1]
2014-09-10 18:23:13 URL:http://graphics.stanford.edu/~kekoa/talks/sigcourse-20000724/thumb.15.gif [3298/3298] -> "graphics.stanford.edu_~kekoa_20140910/~kekoa/talks/sigcourse-20000724/thumb.15.gif" [1]
2014-09-10 18:23:13 URL:http://graphics.stanford.edu/~kekoa/talks/sigcourse-20000724/slide.16.html [1099/1099] -> "graphics.stanford.edu_~kekoa_20140910/~kekoa/talks/sigcourse-20000724/slide.16.html" [1]
2014-09-10 18:23:13 URL:http://graphics.stanford.edu/~kekoa/talks/sigcourse-20000724/thumb.16.gif [5283/5283] -> "graphics.stanford.edu_~kekoa_20140910/~kekoa/talks/sigcourse-20000724/thumb.16.gif" [1]
2014-09-10 18:23:14 URL:http://graphics.stanford.edu/~kekoa/talks/sigcourse-20000724/slide.17.html [1099/1099] -> "graphics.stanford.edu_~kekoa_20140910/~kekoa/talks/sigcourse-20000724/slide.17.html" [1]
2014-09-10 18:23:14 URL:http://graphics.stanford.edu/~kekoa/talks/sigcourse-20000724/thumb.17.gif [4748/4748] -> "graphics.stanford.edu_~kekoa_20140910/~kekoa/talks/sigcourse-20000724/thumb.17.gif" [1]
2014-09-10 18:23:14 URL:http://graphics.stanford.edu/~kekoa/talks/sigcourse-20000724/slide.18.html [1099/1099] -> "graphics.stanford.edu_~kekoa_20140910/~kekoa/talks/sigcourse-20000724/slide.18.html" [1]
2014-09-10 18:23:14 URL:http://graphics.stanford.edu/~kekoa/talks/sigcourse-20000724/thumb.18.gif [5305/5305] -> "graphics.stanford.edu_~kekoa_20140910/~kekoa/talks/sigcourse-20000724/thumb.18.gif" [1]
2014-09-10 18:23:14 URL:http://graphics.stanford.edu/~kekoa/talks/sigcourse-20000724/slide.19.html [1099/1099] -> "graphics.stanford.edu_~kekoa_20140910/~kekoa/talks/sigcourse-20000724/slide.19.html" [1]
2014-09-10 18:23:15 URL:http://graphics.stanford.edu/~kekoa/talks/sigcourse-20000724/thumb.19.gif [5033/5033] -> "graphics.stanford.edu_~kekoa_20140910/~kekoa/talks/sigcourse-20000724/thumb.19.gif" [1]
2014-09-10 18:23:15 URL:http://graphics.stanford.edu/~kekoa/talks/sigcourse-20000724/slide.20.html [1099/1099] -> "graphics.stanford.edu_~kekoa_20140910/~kekoa/talks/sigcourse-20000724/slide.20.html" [1]
2014-09-10 18:23:15 URL:http://graphics.stanford.edu/~kekoa/talks/sigcourse-20000724/thumb.20.gif [5184/5184] -> "graphics.stanford.edu_~kekoa_20140910/~kekoa/talks/sigcourse-20000724/thumb.20.gif" [1]
2014-09-10 18:23:15 URL:http://graphics.stanford.edu/~kekoa/talks/sigcourse-20000724/slide.21.html [1099/1099] -> "graphics.stanford.edu_~kekoa_20140910/~kekoa/talks/sigcourse-20000724/slide.21.html" [1]
2014-09-10 18:23:16 URL:http://graphics.stanford.edu/~kekoa/talks/sigcourse-20000724/thumb.21.gif [6105/6105] -> "graphics.stanford.edu_~kekoa_20140910/~kekoa/talks/sigcourse-20000724/thumb.21.gif" [1]
2014-09-10 18:23:16 URL:http://graphics.stanford.edu/~kekoa/talks/sigcourse-20000724/slide.22.html [1099/1099] -> "graphics.stanford.edu_~kekoa_20140910/~kekoa/talks/sigcourse-20000724/slide.22.html" [1]
2014-09-10 18:23:16 URL:http://graphics.stanford.edu/~kekoa/talks/sigcourse-20000724/thumb.22.gif [4995/4995] -> "graphics.stanford.edu_~kekoa_20140910/~kekoa/talks/sigcourse-20000724/thumb.22.gif" [1]
2014-09-10 18:23:16 URL:http://graphics.stanford.edu/~kekoa/talks/sigcourse-20000724/slide.23.html [1099/1099] -> "graphics.stanford.edu_~kekoa_20140910/~kekoa/talks/sigcourse-20000724/slide.23.html" [1]
2014-09-10 18:23:16 URL:http://graphics.stanford.edu/~kekoa/talks/sigcourse-20000724/thumb.23.gif [4961/4961] -> "graphics.stanford.edu_~kekoa_20140910/~kekoa/talks/sigcourse-20000724/thumb.23.gif" [1]
2014-09-10 18:23:17 URL:http://graphics.stanford.edu/~kekoa/talks/sigcourse-20000724/slide.24.html [1099/1099] -> "graphics.stanford.edu_~kekoa_20140910/~kekoa/talks/sigcourse-20000724/slide.24.html" [1]
2014-09-10 18:23:17 URL:http://graphics.stanford.edu/~kekoa/talks/sigcourse-20000724/thumb.24.gif [761/761] -> "graphics.stanford.edu_~kekoa_20140910/~kekoa/talks/sigcourse-20000724/thumb.24.gif" [1]
2014-09-10 18:23:17 URL:http://graphics.stanford.edu/~kekoa/talks/sigcourse-20000724/slide.25.html [1099/1099] -> "graphics.stanford.edu_~kekoa_20140910/~kekoa/talks/sigcourse-20000724/slide.25.html" [1]
2014-09-10 18:23:17 URL:http://graphics.stanford.edu/~kekoa/talks/sigcourse-20000724/thumb.25.gif [6337/6337] -> "graphics.stanford.edu_~kekoa_20140910/~kekoa/talks/sigcourse-20000724/thumb.25.gif" [1]
2014-09-10 18:23:17 URL:http://graphics.stanford.edu/~kekoa/talks/sigcourse-20000724/slide.26.html [1099/1099] -> "graphics.stanford.edu_~kekoa_20140910/~kekoa/talks/sigcourse-20000724/slide.26.html" [1]
2014-09-10 18:23:18 URL:http://graphics.stanford.edu/~kekoa/talks/sigcourse-20000724/thumb.26.gif [4479/4479] -> "graphics.stanford.edu_~kekoa_20140910/~kekoa/talks/sigcourse-20000724/thumb.26.gif" [1]
2014-09-10 18:23:18 URL:http://graphics.stanford.edu/~kekoa/talks/sigcourse-20000724/slide.27.html [1099/1099] -> "graphics.stanford.edu_~kekoa_20140910/~kekoa/talks/sigcourse-20000724/slide.27.html" [1]
2014-09-10 18:23:18 URL:http://graphics.stanford.edu/~kekoa/talks/sigcourse-20000724/thumb.27.gif [5326/5326] -> "graphics.stanford.edu_~kekoa_20140910/~kekoa/talks/sigcourse-20000724/thumb.27.gif" [1]
2014-09-10 18:23:18 URL:http://graphics.stanford.edu/~kekoa/talks/sigcourse-20000724/slide.28.html [1099/1099] -> "graphics.stanford.edu_~kekoa_20140910/~kekoa/talks/sigcourse-20000724/slide.28.html" [1]
2014-09-10 18:23:19 URL:http://graphics.stanford.edu/~kekoa/talks/sigcourse-20000724/thumb.28.gif [4700/4700] -> "graphics.stanford.edu_~kekoa_20140910/~kekoa/talks/sigcourse-20000724/thumb.28.gif" [1]
2014-09-10 18:23:19 URL:http://graphics.stanford.edu/~kekoa/talks/sigcourse-20000724/slide.29.html [1099/1099] -> "graphics.stanford.edu_~kekoa_20140910/~kekoa/talks/sigcourse-20000724/slide.29.html" [1]
2014-09-10 18:23:19 URL:http://graphics.stanford.edu/~kekoa/talks/sigcourse-20000724/thumb.29.gif [4590/4590] -> "graphics.stanford.edu_~kekoa_20140910/~kekoa/talks/sigcourse-20000724/thumb.29.gif" [1]
2014-09-10 18:23:19 URL:http://graphics.stanford.edu/~kekoa/talks/sigcourse-20000724/slide.30.html [1099/1099] -> "graphics.stanford.edu_~kekoa_20140910/~kekoa/talks/sigcourse-20000724/slide.30.html" [1]
2014-09-10 18:23:20 URL:http://graphics.stanford.edu/~kekoa/talks/sigcourse-20000724/thumb.30.gif [6554/6554] -> "graphics.stanford.edu_~kekoa_20140910/~kekoa/talks/sigcourse-20000724/thumb.30.gif" [1]
2014-09-10 18:23:20 URL:http://graphics.stanford.edu/~kekoa/talks/sigcourse-20000724/slide.31.html [1099/1099] -> "graphics.stanford.edu_~kekoa_20140910/~kekoa/talks/sigcourse-20000724/slide.31.html" [1]
2014-09-10 18:23:20 URL:http://graphics.stanford.edu/~kekoa/talks/sigcourse-20000724/thumb.31.gif [4702/4702] -> "graphics.stanford.edu_~kekoa_20140910/~kekoa/talks/sigcourse-20000724/thumb.31.gif" [1]
2014-09-10 18:23:20 URL:http://graphics.stanford.edu/~kekoa/talks/sigcourse-20000724/slide.32.html [1099/1099] -> "graphics.stanford.edu_~kekoa_20140910/~kekoa/talks/sigcourse-20000724/slide.32.html" [1]
2014-09-10 18:23:21 URL:http://graphics.stanford.edu/~kekoa/talks/sigcourse-20000724/thumb.32.gif [7020/7020] -> "graphics.stanford.edu_~kekoa_20140910/~kekoa/talks/sigcourse-20000724/thumb.32.gif" [1]
2014-09-10 18:23:21 URL:http://graphics.stanford.edu/~kekoa/talks/sigcourse-20000724/slide.33.html [1099/1099] -> "graphics.stanford.edu_~kekoa_20140910/~kekoa/talks/sigcourse-20000724/slide.33.html" [1]
2014-09-10 18:23:21 URL:http://graphics.stanford.edu/~kekoa/talks/sigcourse-20000724/thumb.33.gif [5115/5115] -> "graphics.stanford.edu_~kekoa_20140910/~kekoa/talks/sigcourse-20000724/thumb.33.gif" [1]
2014-09-10 18:23:21 URL:http://graphics.stanford.edu/~kekoa/talks/sigcourse-20000724/slide.34.html [1099/1099] -> "graphics.stanford.edu_~kekoa_20140910/~kekoa/talks/sigcourse-20000724/slide.34.html" [1]
2014-09-10 18:23:21 URL:http://graphics.stanford.edu/~kekoa/talks/sigcourse-20000724/thumb.34.gif [5804/5804] -> "graphics.stanford.edu_~kekoa_20140910/~kekoa/talks/sigcourse-20000724/thumb.34.gif" [1]
2014-09-10 18:23:22 URL:http://graphics.stanford.edu/~kekoa/talks/sigcourse-20000724/slide.35.html [1099/1099] -> "graphics.stanford.edu_~kekoa_20140910/~kekoa/talks/sigcourse-20000724/slide.35.html" [1]
2014-09-10 18:23:22 URL:http://graphics.stanford.edu/~kekoa/talks/sigcourse-20000724/thumb.35.gif [5212/5212] -> "graphics.stanford.edu_~kekoa_20140910/~kekoa/talks/sigcourse-20000724/thumb.35.gif" [1]
2014-09-10 18:23:22 URL:http://graphics.stanford.edu/~kekoa/talks/sigcourse-20000724/slide.36.html [1088/1088] -> "graphics.stanford.edu_~kekoa_20140910/~kekoa/talks/sigcourse-20000724/slide.36.html" [1]
2014-09-10 18:23:22 URL:http://graphics.stanford.edu/~kekoa/talks/sigcourse-20000724/thumb.36.gif [1658/1658] -> "graphics.stanford.edu_~kekoa_20140910/~kekoa/talks/sigcourse-20000724/thumb.36.gif" [1]
2014-09-10 18:23:23 URL:http://graphics.stanford.edu/~kekoa/stoogebot/demos/victim1.zip [53621/53621] -> "graphics.stanford.edu_~kekoa_20140910/~kekoa/stoogebot/demos/victim1.zip" [1]
2014-09-10 18:23:23 URL:http://graphics.stanford.edu/~kekoa/stoogebot/demos/victim1.dem [142059/142059] -> "graphics.stanford.edu_~kekoa_20140910/~kekoa/stoogebot/demos/victim1.dem" [1]
2014-09-10 18:23:24 URL:http://graphics.stanford.edu/~kekoa/stoogebot/demos/stooge2.zip [183106/183106] -> "graphics.stanford.edu_~kekoa_20140910/~kekoa/stoogebot/demos/stooge2.zip" [1]
2014-09-10 18:23:25 URL:http://graphics.stanford.edu/~kekoa/stoogebot/demos/driver2.zip [181193/181193] -> "graphics.stanford.edu_~kekoa_20140910/~kekoa/stoogebot/demos/driver2.zip" [1]
2014-09-10 18:23:26 URL:http://graphics.stanford.edu/~kekoa/stoogebot/demos/stooge2.dem [536766/536766] -> "graphics.stanford.edu_~kekoa_20140910/~kekoa/stoogebot/demos/stooge2.dem" [1]
2014-09-10 18:23:27 URL:http://graphics.stanford.edu/~kekoa/stoogebot/demos/driver2.dem [536766/536766] -> "graphics.stanford.edu_~kekoa_20140910/~kekoa/stoogebot/demos/driver2.dem" [1]
2014-09-10 18:23:28 URL:http://graphics.stanford.edu/~kekoa/talks/gcafe-20030417/src/image.c [3349/3349] -> "graphics.stanford.edu_~kekoa_20140910/~kekoa/talks/gcafe-20030417/src/image.c" [1]
2014-09-10 18:23:28 URL:http://graphics.stanford.edu/~kekoa/talks/gcafe-20030417/src/image.h [613/613] -> "graphics.stanford.edu_~kekoa_20140910/~kekoa/talks/gcafe-20030417/src/image.h" [1]
2014-09-10 18:23:28 URL:http://graphics.stanford.edu/~kekoa/talks/gcafe-20030417/src/sys.c [1148/1148] -> "graphics.stanford.edu_~kekoa_20140910/~kekoa/talks/gcafe-20030417/src/sys.c" [1]
2014-09-10 18:23:28 URL:http://graphics.stanford.edu/~kekoa/talks/gcafe-20030417/src/sys.h [404/404] -> "graphics.stanford.edu_~kekoa_20140910/~kekoa/talks/gcafe-20030417/src/sys.h" [1]
2014-09-10 18:23:29 URL:http://graphics.stanford.edu/~kekoa/talks/gcafe-20030417/slide.01.gif [9146/9146] -> "graphics.stanford.edu_~kekoa_20140910/~kekoa/talks/gcafe-20030417/slide.01.gif" [1]
2014-09-10 18:23:29 URL:http://graphics.stanford.edu/~kekoa/talks/gcafe-20030417/slide.02.gif [97740/97740] -> "graphics.stanford.edu_~kekoa_20140910/~kekoa/talks/gcafe-20030417/slide.02.gif" [1]
2014-09-10 18:23:29 URL:http://graphics.stanford.edu/~kekoa/talks/gcafe-20030417/slide.03.gif [18235/18235] -> "graphics.stanford.edu_~kekoa_20140910/~kekoa/talks/gcafe-20030417/slide.03.gif" [1]
2014-09-10 18:23:29 URL:http://graphics.stanford.edu/~kekoa/talks/gcafe-20030417/slide.04.gif [11110/11110] -> "graphics.stanford.edu_~kekoa_20140910/~kekoa/talks/gcafe-20030417/slide.04.gif" [1]
2014-09-10 18:23:30 URL:http://graphics.stanford.edu/~kekoa/talks/gcafe-20030417/slide.05.gif [14471/14471] -> "graphics.stanford.edu_~kekoa_20140910/~kekoa/talks/gcafe-20030417/slide.05.gif" [1]
2014-09-10 18:23:30 URL:http://graphics.stanford.edu/~kekoa/talks/gcafe-20030417/slide.06.gif [14176/14176] -> "graphics.stanford.edu_~kekoa_20140910/~kekoa/talks/gcafe-20030417/slide.06.gif" [1]
2014-09-10 18:23:30 URL:http://graphics.stanford.edu/~kekoa/talks/gcafe-20030417/slide.07.gif [13494/13494] -> "graphics.stanford.edu_~kekoa_20140910/~kekoa/talks/gcafe-20030417/slide.07.gif" [1]
2014-09-10 18:23:30 URL:http://graphics.stanford.edu/~kekoa/talks/gcafe-20030417/slide.08.gif [15564/15564] -> "graphics.stanford.edu_~kekoa_20140910/~kekoa/talks/gcafe-20030417/slide.08.gif" [1]
2014-09-10 18:23:30 URL:http://graphics.stanford.edu/~kekoa/talks/gcafe-20030417/slide.09.gif [16038/16038] -> "graphics.stanford.edu_~kekoa_20140910/~kekoa/talks/gcafe-20030417/slide.09.gif" [1]
2014-09-10 18:23:31 URL:http://graphics.stanford.edu/~kekoa/talks/gcafe-20030417/slide.10.gif [18094/18094] -> "graphics.stanford.edu_~kekoa_20140910/~kekoa/talks/gcafe-20030417/slide.10.gif" [1]
2014-09-10 18:23:31 URL:http://graphics.stanford.edu/~kekoa/talks/gcafe-20030417/slide.11.gif [18142/18142] -> "graphics.stanford.edu_~kekoa_20140910/~kekoa/talks/gcafe-20030417/slide.11.gif" [1]
2014-09-10 18:23:31 URL:http://graphics.stanford.edu/~kekoa/talks/gcafe-20030417/slide.12.gif [20711/20711] -> "graphics.stanford.edu_~kekoa_20140910/~kekoa/talks/gcafe-20030417/slide.12.gif" [1]
2014-09-10 18:23:31 URL:http://graphics.stanford.edu/~kekoa/talks/gcafe-20030417/slide.13.gif [16254/16254] -> "graphics.stanford.edu_~kekoa_20140910/~kekoa/talks/gcafe-20030417/slide.13.gif" [1]
2014-09-10 18:23:32 URL:http://graphics.stanford.edu/~kekoa/talks/gcafe-20030417/slide.14.gif [17883/17883] -> "graphics.stanford.edu_~kekoa_20140910/~kekoa/talks/gcafe-20030417/slide.14.gif" [1]
2014-09-10 18:23:32 URL:http://graphics.stanford.edu/~kekoa/talks/gcafe-20030417/slide.15.gif [16836/16836] -> "graphics.stanford.edu_~kekoa_20140910/~kekoa/talks/gcafe-20030417/slide.15.gif" [1]
2014-09-10 18:23:32 URL:http://graphics.stanford.edu/~kekoa/talks/gcafe-20030417/slide.16.gif [17356/17356] -> "graphics.stanford.edu_~kekoa_20140910/~kekoa/talks/gcafe-20030417/slide.16.gif" [1]
2014-09-10 18:23:32 URL:http://graphics.stanford.edu/~kekoa/talks/gcafe-20030417/slide.17.gif [17367/17367] -> "graphics.stanford.edu_~kekoa_20140910/~kekoa/talks/gcafe-20030417/slide.17.gif" [1]
2014-09-10 18:23:33 URL:http://graphics.stanford.edu/~kekoa/talks/gcafe-20030417/slide.18.gif [66560/66560] -> "graphics.stanford.edu_~kekoa_20140910/~kekoa/talks/gcafe-20030417/slide.18.gif" [1]
2014-09-10 18:23:33 URL:http://graphics.stanford.edu/~kekoa/talks/gcafe-20030417/slide.19.gif [74697/74697] -> "graphics.stanford.edu_~kekoa_20140910/~kekoa/talks/gcafe-20030417/slide.19.gif" [1]
2014-09-10 18:23:33 URL:http://graphics.stanford.edu/~kekoa/talks/gcafe-20030417/slide.20.gif [129292/129292] -> "graphics.stanford.edu_~kekoa_20140910/~kekoa/talks/gcafe-20030417/slide.20.gif" [1]
2014-09-10 18:23:34 URL:http://graphics.stanford.edu/~kekoa/talks/gcafe-20030417/slide.21.gif [63081/63081] -> "graphics.stanford.edu_~kekoa_20140910/~kekoa/talks/gcafe-20030417/slide.21.gif" [1]
2014-09-10 18:23:34 URL:http://graphics.stanford.edu/~kekoa/talks/gcafe-20030417/slide.22.gif [117187/117187] -> "graphics.stanford.edu_~kekoa_20140910/~kekoa/talks/gcafe-20030417/slide.22.gif" [1]
2014-09-10 18:23:34 URL:http://graphics.stanford.edu/~kekoa/talks/sigpaper-20010815/slide.01.gif [23164/23164] -> "graphics.stanford.edu_~kekoa_20140910/~kekoa/talks/sigpaper-20010815/slide.01.gif" [1]
2014-09-10 18:23:35 URL:http://graphics.stanford.edu/~kekoa/talks/sigpaper-20010815/slide.02.gif [32441/32441] -> "graphics.stanford.edu_~kekoa_20140910/~kekoa/talks/sigpaper-20010815/slide.02.gif" [1]
2014-09-10 18:23:35 URL:http://graphics.stanford.edu/~kekoa/talks/sigpaper-20010815/slide.03.gif [12252/12252] -> "graphics.stanford.edu_~kekoa_20140910/~kekoa/talks/sigpaper-20010815/slide.03.gif" [1]
2014-09-10 18:23:35 URL:http://graphics.stanford.edu/~kekoa/talks/sigpaper-20010815/slide.04.gif [27054/27054] -> "graphics.stanford.edu_~kekoa_20140910/~kekoa/talks/sigpaper-20010815/slide.04.gif" [1]
2014-09-10 18:23:35 URL:http://graphics.stanford.edu/~kekoa/talks/sigpaper-20010815/slide.05.gif [30571/30571] -> "graphics.stanford.edu_~kekoa_20140910/~kekoa/talks/sigpaper-20010815/slide.05.gif" [1]
2014-09-10 18:23:35 URL:http://graphics.stanford.edu/~kekoa/talks/sigpaper-20010815/slide.06.gif [30026/30026] -> "graphics.stanford.edu_~kekoa_20140910/~kekoa/talks/sigpaper-20010815/slide.06.gif" [1]
2014-09-10 18:23:36 URL:http://graphics.stanford.edu/~kekoa/talks/sigpaper-20010815/slide.07.gif [31198/31198] -> "graphics.stanford.edu_~kekoa_20140910/~kekoa/talks/sigpaper-20010815/slide.07.gif" [1]
2014-09-10 18:23:36 URL:http://graphics.stanford.edu/~kekoa/talks/sigpaper-20010815/slide.08.gif [32438/32438] -> "graphics.stanford.edu_~kekoa_20140910/~kekoa/talks/sigpaper-20010815/slide.08.gif" [1]
2014-09-10 18:23:36 URL:http://graphics.stanford.edu/~kekoa/talks/sigpaper-20010815/slide.09.gif [24039/24039] -> "graphics.stanford.edu_~kekoa_20140910/~kekoa/talks/sigpaper-20010815/slide.09.gif" [1]
2014-09-10 18:23:36 URL:http://graphics.stanford.edu/~kekoa/talks/sigpaper-20010815/slide.10.gif [23695/23695] -> "graphics.stanford.edu_~kekoa_20140910/~kekoa/talks/sigpaper-20010815/slide.10.gif" [1]
2014-09-10 18:23:37 URL:http://graphics.stanford.edu/~kekoa/talks/sigpaper-20010815/slide.11.gif [18676/18676] -> "graphics.stanford.edu_~kekoa_20140910/~kekoa/talks/sigpaper-20010815/slide.11.gif" [1]
2014-09-10 18:23:37 URL:http://graphics.stanford.edu/~kekoa/talks/sigpaper-20010815/slide.12.gif [26925/26925] -> "graphics.stanford.edu_~kekoa_20140910/~kekoa/talks/sigpaper-20010815/slide.12.gif" [1]
2014-09-10 18:23:37 URL:http://graphics.stanford.edu/~kekoa/talks/sigpaper-20010815/slide.13.gif [15635/15635] -> "graphics.stanford.edu_~kekoa_20140910/~kekoa/talks/sigpaper-20010815/slide.13.gif" [1]
2014-09-10 18:23:37 URL:http://graphics.stanford.edu/~kekoa/talks/sigpaper-20010815/slide.14.gif [20027/20027] -> "graphics.stanford.edu_~kekoa_20140910/~kekoa/talks/sigpaper-20010815/slide.14.gif" [1]
2014-09-10 18:23:38 URL:http://graphics.stanford.edu/~kekoa/talks/sigpaper-20010815/slide.15.gif [13512/13512] -> "graphics.stanford.edu_~kekoa_20140910/~kekoa/talks/sigpaper-20010815/slide.15.gif" [1]
2014-09-10 18:23:38 URL:http://graphics.stanford.edu/~kekoa/talks/sigpaper-20010815/slide.16.gif [15912/15912] -> "graphics.stanford.edu_~kekoa_20140910/~kekoa/talks/sigpaper-20010815/slide.16.gif" [1]
2014-09-10 18:23:38 URL:http://graphics.stanford.edu/~kekoa/talks/sigpaper-20010815/slide.17.gif [27036/27036] -> "graphics.stanford.edu_~kekoa_20140910/~kekoa/talks/sigpaper-20010815/slide.17.gif" [1]
2014-09-10 18:23:38 URL:http://graphics.stanford.edu/~kekoa/talks/sigpaper-20010815/slide.18.gif [18552/18552] -> "graphics.stanford.edu_~kekoa_20140910/~kekoa/talks/sigpaper-20010815/slide.18.gif" [1]
2014-09-10 18:23:39 URL:http://graphics.stanford.edu/~kekoa/talks/sigpaper-20010815/slide.19.gif [21104/21104] -> "graphics.stanford.edu_~kekoa_20140910/~kekoa/talks/sigpaper-20010815/slide.19.gif" [1]
2014-09-10 18:23:39 URL:http://graphics.stanford.edu/~kekoa/talks/sigpaper-20010815/slide.20.gif [18150/18150] -> "graphics.stanford.edu_~kekoa_20140910/~kekoa/talks/sigpaper-20010815/slide.20.gif" [1]
2014-09-10 18:23:39 URL:http://graphics.stanford.edu/~kekoa/talks/sigpaper-20010815/slide.21.gif [19496/19496] -> "graphics.stanford.edu_~kekoa_20140910/~kekoa/talks/sigpaper-20010815/slide.21.gif" [1]
2014-09-10 18:23:39 URL:http://graphics.stanford.edu/~kekoa/talks/sigpaper-20010815/slide.22.gif [16234/16234] -> "graphics.stanford.edu_~kekoa_20140910/~kekoa/talks/sigpaper-20010815/slide.22.gif" [1]
2014-09-10 18:23:39 URL:http://graphics.stanford.edu/~kekoa/talks/sigpaper-20010815/slide.23.gif [30232/30232] -> "graphics.stanford.edu_~kekoa_20140910/~kekoa/talks/sigpaper-20010815/slide.23.gif" [1]
2014-09-10 18:23:40 URL:http://graphics.stanford.edu/~kekoa/talks/sigpaper-20010815/slide.24.gif [26182/26182] -> "graphics.stanford.edu_~kekoa_20140910/~kekoa/talks/sigpaper-20010815/slide.24.gif" [1]
2014-09-10 18:23:40 URL:http://graphics.stanford.edu/~kekoa/talks/sigpaper-20010815/slide.25.gif [36581/36581] -> "graphics.stanford.edu_~kekoa_20140910/~kekoa/talks/sigpaper-20010815/slide.25.gif" [1]
2014-09-10 18:23:40 URL:http://graphics.stanford.edu/~kekoa/talks/sigpaper-20010815/slide.26.gif [35846/35846] -> "graphics.stanford.edu_~kekoa_20140910/~kekoa/talks/sigpaper-20010815/slide.26.gif" [1]
2014-09-10 18:23:40 URL:http://graphics.stanford.edu/~kekoa/talks/sigpaper-20010815/slide.27.gif [22494/22494] -> "graphics.stanford.edu_~kekoa_20140910/~kekoa/talks/sigpaper-20010815/slide.27.gif" [1]
2014-09-10 18:23:41 URL:http://graphics.stanford.edu/~kekoa/talks/sigpaper-20010815/slide.28.gif [12556/12556] -> "graphics.stanford.edu_~kekoa_20140910/~kekoa/talks/sigpaper-20010815/slide.28.gif" [1]
2014-09-10 18:23:41 URL:http://graphics.stanford.edu/~kekoa/talks/sigpaper-20010815/slide.29.gif [18517/18517] -> "graphics.stanford.edu_~kekoa_20140910/~kekoa/talks/sigpaper-20010815/slide.29.gif" [1]
2014-09-10 18:23:41 URL:http://graphics.stanford.edu/~kekoa/talks/sigpaper-20010815/slide.30.gif [22144/22144] -> "graphics.stanford.edu_~kekoa_20140910/~kekoa/talks/sigpaper-20010815/slide.30.gif" [1]
2014-09-10 18:23:41 URL:http://graphics.stanford.edu/~kekoa/talks/sigpaper-20010815/slide.31.gif [23189/23189] -> "graphics.stanford.edu_~kekoa_20140910/~kekoa/talks/sigpaper-20010815/slide.31.gif" [1]
2014-09-10 18:23:42 URL:http://graphics.stanford.edu/~kekoa/talks/sigpaper-20010815/slide.32.gif [20457/20457] -> "graphics.stanford.edu_~kekoa_20140910/~kekoa/talks/sigpaper-20010815/slide.32.gif" [1]
2014-09-10 18:23:42 URL:http://graphics.stanford.edu/~kekoa/talks/sigpaper-20010815/slide.33.gif [28652/28652] -> "graphics.stanford.edu_~kekoa_20140910/~kekoa/talks/sigpaper-20010815/slide.33.gif" [1]
2014-09-10 18:23:42 URL:http://graphics.stanford.edu/~kekoa/talks/sigpaper-20010815/slide.34.gif [13874/13874] -> "graphics.stanford.edu_~kekoa_20140910/~kekoa/talks/sigpaper-20010815/slide.34.gif" [1]
2014-09-10 18:23:42 URL:http://graphics.stanford.edu/~kekoa/talks/sigpaper-20010815/slide.35.gif [22436/22436] -> "graphics.stanford.edu_~kekoa_20140910/~kekoa/talks/sigpaper-20010815/slide.35.gif" [1]
2014-09-10 18:23:42 URL:http://graphics.stanford.edu/~kekoa/talks/sigpaper-20010815/slide.36.gif [20062/20062] -> "graphics.stanford.edu_~kekoa_20140910/~kekoa/talks/sigpaper-20010815/slide.36.gif" [1]
2014-09-10 18:23:43 URL:http://graphics.stanford.edu/~kekoa/talks/sigpaper-20010815/slide.37.gif [27335/27335] -> "graphics.stanford.edu_~kekoa_20140910/~kekoa/talks/sigpaper-20010815/slide.37.gif" [1]
2014-09-10 18:23:43 URL:http://graphics.stanford.edu/~kekoa/talks/sigcourse-20000724/slide.01.gif [31618/31618] -> "graphics.stanford.edu_~kekoa_20140910/~kekoa/talks/sigcourse-20000724/slide.01.gif" [1]
2014-09-10 18:23:44 URL:http://graphics.stanford.edu/~kekoa/talks/sigcourse-20000724/slide.02.gif [107127/107127] -> "graphics.stanford.edu_~kekoa_20140910/~kekoa/talks/sigcourse-20000724/slide.02.gif" [1]
2014-09-10 18:23:44 URL:http://graphics.stanford.edu/~kekoa/talks/sigcourse-20000724/slide.03.gif [36021/36021] -> "graphics.stanford.edu_~kekoa_20140910/~kekoa/talks/sigcourse-20000724/slide.03.gif" [1]
2014-09-10 18:23:44 URL:http://graphics.stanford.edu/~kekoa/talks/sigcourse-20000724/slide.04.gif [25841/25841] -> "graphics.stanford.edu_~kekoa_20140910/~kekoa/talks/sigcourse-20000724/slide.04.gif" [1]
2014-09-10 18:23:44 URL:http://graphics.stanford.edu/~kekoa/talks/sigcourse-20000724/slide.05.gif [30570/30570] -> "graphics.stanford.edu_~kekoa_20140910/~kekoa/talks/sigcourse-20000724/slide.05.gif" [1]
2014-09-10 18:23:45 URL:http://graphics.stanford.edu/~kekoa/talks/sigcourse-20000724/slide.06.gif [38102/38102] -> "graphics.stanford.edu_~kekoa_20140910/~kekoa/talks/sigcourse-20000724/slide.06.gif" [1]
2014-09-10 18:23:45 URL:http://graphics.stanford.edu/~kekoa/talks/sigcourse-20000724/slide.07.gif [41383/41383] -> "graphics.stanford.edu_~kekoa_20140910/~kekoa/talks/sigcourse-20000724/slide.07.gif" [1]
2014-09-10 18:23:45 URL:http://graphics.stanford.edu/~kekoa/talks/sigcourse-20000724/slide.08.gif [41523/41523] -> "graphics.stanford.edu_~kekoa_20140910/~kekoa/talks/sigcourse-20000724/slide.08.gif" [1]
2014-09-10 18:23:45 URL:http://graphics.stanford.edu/~kekoa/talks/sigcourse-20000724/slide.09.gif [38736/38736] -> "graphics.stanford.edu_~kekoa_20140910/~kekoa/talks/sigcourse-20000724/slide.09.gif" [1]
2014-09-10 18:23:45 URL:http://graphics.stanford.edu/~kekoa/talks/sigcourse-20000724/slide.10.gif [28360/28360] -> "graphics.stanford.edu_~kekoa_20140910/~kekoa/talks/sigcourse-20000724/slide.10.gif" [1]
2014-09-10 18:23:46 URL:http://graphics.stanford.edu/~kekoa/talks/sigcourse-20000724/slide.11.gif [45579/45579] -> "graphics.stanford.edu_~kekoa_20140910/~kekoa/talks/sigcourse-20000724/slide.11.gif" [1]
2014-09-10 18:23:46 URL:http://graphics.stanford.edu/~kekoa/talks/sigcourse-20000724/slide.12.gif [26518/26518] -> "graphics.stanford.edu_~kekoa_20140910/~kekoa/talks/sigcourse-20000724/slide.12.gif" [1]
2014-09-10 18:23:46 URL:http://graphics.stanford.edu/~kekoa/talks/sigcourse-20000724/slide.13.gif [25248/25248] -> "graphics.stanford.edu_~kekoa_20140910/~kekoa/talks/sigcourse-20000724/slide.13.gif" [1]
2014-09-10 18:23:46 URL:http://graphics.stanford.edu/~kekoa/talks/sigcourse-20000724/slide.14.gif [24547/24547] -> "graphics.stanford.edu_~kekoa_20140910/~kekoa/talks/sigcourse-20000724/slide.14.gif" [1]
2014-09-10 18:23:47 URL:http://graphics.stanford.edu/~kekoa/talks/sigcourse-20000724/slide.15.gif [18956/18956] -> "graphics.stanford.edu_~kekoa_20140910/~kekoa/talks/sigcourse-20000724/slide.15.gif" [1]
2014-09-10 18:23:47 URL:http://graphics.stanford.edu/~kekoa/talks/sigcourse-20000724/slide.16.gif [38282/38282] -> "graphics.stanford.edu_~kekoa_20140910/~kekoa/talks/sigcourse-20000724/slide.16.gif" [1]
2014-09-10 18:23:47 URL:http://graphics.stanford.edu/~kekoa/talks/sigcourse-20000724/slide.17.gif [31692/31692] -> "graphics.stanford.edu_~kekoa_20140910/~kekoa/talks/sigcourse-20000724/slide.17.gif" [1]
2014-09-10 18:23:48 URL:http://graphics.stanford.edu/~kekoa/talks/sigcourse-20000724/slide.18.gif [35151/35151] -> "graphics.stanford.edu_~kekoa_20140910/~kekoa/talks/sigcourse-20000724/slide.18.gif" [1]
2014-09-10 18:23:48 URL:http://graphics.stanford.edu/~kekoa/talks/sigcourse-20000724/slide.19.gif [35912/35912] -> "graphics.stanford.edu_~kekoa_20140910/~kekoa/talks/sigcourse-20000724/slide.19.gif" [1]
2014-09-10 18:23:48 URL:http://graphics.stanford.edu/~kekoa/talks/sigcourse-20000724/slide.20.gif [34942/34942] -> "graphics.stanford.edu_~kekoa_20140910/~kekoa/talks/sigcourse-20000724/slide.20.gif" [1]
2014-09-10 18:23:49 URL:http://graphics.stanford.edu/~kekoa/talks/sigcourse-20000724/slide.21.gif [43207/43207] -> "graphics.stanford.edu_~kekoa_20140910/~kekoa/talks/sigcourse-20000724/slide.21.gif" [1]
2014-09-10 18:23:49 URL:http://graphics.stanford.edu/~kekoa/talks/sigcourse-20000724/slide.22.gif [33684/33684] -> "graphics.stanford.edu_~kekoa_20140910/~kekoa/talks/sigcourse-20000724/slide.22.gif" [1]
2014-09-10 18:23:49 URL:http://graphics.stanford.edu/~kekoa/talks/sigcourse-20000724/slide.23.gif [34652/34652] -> "graphics.stanford.edu_~kekoa_20140910/~kekoa/talks/sigcourse-20000724/slide.23.gif" [1]
2014-09-10 18:23:49 URL:http://graphics.stanford.edu/~kekoa/talks/sigcourse-20000724/slide.24.gif [2882/2882] -> "graphics.stanford.edu_~kekoa_20140910/~kekoa/talks/sigcourse-20000724/slide.24.gif" [1]
2014-09-10 18:23:50 URL:http://graphics.stanford.edu/~kekoa/talks/sigcourse-20000724/slide.25.gif [43312/43312] -> "graphics.stanford.edu_~kekoa_20140910/~kekoa/talks/sigcourse-20000724/slide.25.gif" [1]
2014-09-10 18:23:50 URL:http://graphics.stanford.edu/~kekoa/talks/sigcourse-20000724/slide.26.gif [31302/31302] -> "graphics.stanford.edu_~kekoa_20140910/~kekoa/talks/sigcourse-20000724/slide.26.gif" [1]
2014-09-10 18:23:50 URL:http://graphics.stanford.edu/~kekoa/talks/sigcourse-20000724/slide.27.gif [36719/36719] -> "graphics.stanford.edu_~kekoa_20140910/~kekoa/talks/sigcourse-20000724/slide.27.gif" [1]
2014-09-10 18:23:50 URL:http://graphics.stanford.edu/~kekoa/talks/sigcourse-20000724/slide.28.gif [34831/34831] -> "graphics.stanford.edu_~kekoa_20140910/~kekoa/talks/sigcourse-20000724/slide.28.gif" [1]
2014-09-10 18:23:51 URL:http://graphics.stanford.edu/~kekoa/talks/sigcourse-20000724/slide.29.gif [30893/30893] -> "graphics.stanford.edu_~kekoa_20140910/~kekoa/talks/sigcourse-20000724/slide.29.gif" [1]
2014-09-10 18:23:51 URL:http://graphics.stanford.edu/~kekoa/talks/sigcourse-20000724/slide.30.gif [48624/48624] -> "graphics.stanford.edu_~kekoa_20140910/~kekoa/talks/sigcourse-20000724/slide.30.gif" [1]
2014-09-10 18:23:51 URL:http://graphics.stanford.edu/~kekoa/talks/sigcourse-20000724/slide.31.gif [31730/31730] -> "graphics.stanford.edu_~kekoa_20140910/~kekoa/talks/sigcourse-20000724/slide.31.gif" [1]
2014-09-10 18:23:51 URL:http://graphics.stanford.edu/~kekoa/talks/sigcourse-20000724/slide.32.gif [61185/61185] -> "graphics.stanford.edu_~kekoa_20140910/~kekoa/talks/sigcourse-20000724/slide.32.gif" [1]
2014-09-10 18:23:52 URL:http://graphics.stanford.edu/~kekoa/talks/sigcourse-20000724/slide.33.gif [36273/36273] -> "graphics.stanford.edu_~kekoa_20140910/~kekoa/talks/sigcourse-20000724/slide.33.gif" [1]
2014-09-10 18:23:52 URL:http://graphics.stanford.edu/~kekoa/talks/sigcourse-20000724/slide.34.gif [44116/44116] -> "graphics.stanford.edu_~kekoa_20140910/~kekoa/talks/sigcourse-20000724/slide.34.gif" [1]
2014-09-10 18:23:52 URL:http://graphics.stanford.edu/~kekoa/talks/sigcourse-20000724/slide.35.gif [35637/35637] -> "graphics.stanford.edu_~kekoa_20140910/~kekoa/talks/sigcourse-20000724/slide.35.gif" [1]
2014-09-10 18:23:52 URL:http://graphics.stanford.edu/~kekoa/talks/sigcourse-20000724/slide.36.gif [8531/8531] -> "graphics.stanford.edu_~kekoa_20140910/~kekoa/talks/sigcourse-20000724/slide.36.gif" [1]
FINISHED --2014-09-10 18:23:52--
Total wall clock time: 1m 37s
Downloaded: 366 files, 8.2M in 14s (615 KB/s)
