2013-09-09 16:53:35 URL:http://gunpowered.com/q2cheese/ [530/530] -> "gunpowered.com_q2cheese_20130909/q2cheese/index.html" [1]
2013-09-09 16:53:35 URL:http://gunpowered.com/q2cheese/nav.html [941/941] -> "gunpowered.com_q2cheese_20130909/q2cheese/nav.html" [1]
2013-09-09 16:53:36 URL:http://gunpowered.com/q2cheese/news.html [8665/8665] -> "gunpowered.com_q2cheese_20130909/q2cheese/news.html" [1]
2013-09-09 16:53:36 URL:http://gunpowered.com/q2cheese/bugs/q2.jpg [5454/5454] -> "gunpowered.com_q2cheese_20130909/q2cheese/bugs/q2.jpg" [1]
2013-09-09 16:53:40 URL:http://gunpowered.com/q2cheese/mold.html [290302/290302] -> "gunpowered.com_q2cheese_20130909/q2cheese/mold.html" [1]
2013-09-09 16:53:40 URL:http://gunpowered.com/q2cheese/screens.html [1466/1466] -> "gunpowered.com_q2cheese_20130909/q2cheese/screens.html" [1]
2013-09-09 16:53:40 URL:http://gunpowered.com/q2cheese/links.html [1930/1930] -> "gunpowered.com_q2cheese_20130909/q2cheese/links.html" [1]
2013-09-09 16:53:42 URL:http://gunpowered.com/q2cheese/title.jpg [29522/29522] -> "gunpowered.com_q2cheese_20130909/q2cheese/title.jpg" [1]
2013-09-09 16:54:14 URL:http://gunpowered.com/q2cheese/files/q2_test.exe [11378238/11378238] -> "gunpowered.com_q2cheese_20130909/q2cheese/files/q2_test.exe" [1]
2013-09-09 16:54:15 URL:http://gunpowered.com/q2cheese/bugs/q2id_button.gif [14115/14115] -> "gunpowered.com_q2cheese_20130909/q2cheese/bugs/q2id_button.gif" [1]
2013-09-09 16:54:17 URL:http://gunpowered.com/q2cheese/screens/quake2-15.jpg [71175/71175] -> "gunpowered.com_q2cheese_20130909/q2cheese/screens/quake2-15.jpg" [1]
2013-09-09 16:54:18 URL:http://gunpowered.com/q2cheese/screens/quake2-14.jpg [74827/74827] -> "gunpowered.com_q2cheese_20130909/q2cheese/screens/quake2-14.jpg" [1]
2013-09-09 16:54:19 URL:http://gunpowered.com/q2cheese/screens/qed01.jpg [186073/186073] -> "gunpowered.com_q2cheese_20130909/q2cheese/screens/qed01.jpg" [1]
http://gunpowered.com/q2cheese/files/h2demo.exe:
2013-09-09 16:54:20 ERROR 404: Not Found.
2013-09-09 16:54:21 URL:http://gunpowered.com/q2cheese/screens/quake2-12.jpg [175500/175500] -> "gunpowered.com_q2cheese_20130909/q2cheese/screens/quake2-12.jpg" [1]
http://gunpowered.com/q2cheese/files/glq8_27.zip:
2013-09-09 16:54:21 ERROR 404: Not Found.
2013-09-09 16:54:21 URL:http://gunpowered.com/q2cheese/screens/quake2-11.jpg [75460/75460] -> "gunpowered.com_q2cheese_20130909/q2cheese/screens/quake2-11.jpg" [1]
2013-09-09 16:54:22 URL:http://gunpowered.com/q2cheese/screens/doc-q2-fm1.jpg [90460/90460] -> "gunpowered.com_q2cheese_20130909/q2cheese/screens/doc-q2-fm1.jpg" [1]
2013-09-09 16:54:22 URL:http://gunpowered.com/q2cheese/screens/quake2-10.jpg [73383/73383] -> "gunpowered.com_q2cheese_20130909/q2cheese/screens/quake2-10.jpg" [1]
http://gunpowered.com/q2cheese/finger/idfinger.cgi?johnc@idsoftware.com:
2013-09-09 16:54:23 ERROR 404: Not Found.
http://gunpowered.com/q2cheese/finger/idfinger.cgi?bwh@idsoftware.com:
2013-09-09 16:54:23 ERROR 404: Not Found.
2013-09-09 16:54:24 URL:http://gunpowered.com/q2cheese/screens/quake2-09.jpg [61456/61456] -> "gunpowered.com_q2cheese_20130909/q2cheese/screens/quake2-09.jpg" [1]
http://gunpowered.com/q2cheese/files/dm7.zip:
2013-09-09 16:54:24 ERROR 404: Not Found.
http://gunpowered.com/q2cheese/files/veldrin1.zip:
2013-09-09 16:54:24 ERROR 404: Not Found.
2013-09-09 16:54:25 URL:http://gunpowered.com/q2cheese/screens/pern1.jpg [275489/275489] -> "gunpowered.com_q2cheese_20130909/q2cheese/screens/pern1.jpg" [1]
2013-09-09 16:54:26 URL:http://gunpowered.com/q2cheese/screens/quake2-08.jpg [159905/159905] -> "gunpowered.com_q2cheese_20130909/q2cheese/screens/quake2-08.jpg" [1]
2013-09-09 16:54:27 URL:http://gunpowered.com/q2cheese/screens/quake2-07.jpg [64303/64303] -> "gunpowered.com_q2cheese_20130909/q2cheese/screens/quake2-07.jpg" [1]
2013-09-09 16:54:27 URL:http://gunpowered.com/q2cheese/screens/quake2-06.jpg [61022/61022] -> "gunpowered.com_q2cheese_20130909/q2cheese/screens/quake2-06.jpg" [1]
2013-09-09 16:54:27 URL:http://gunpowered.com/q2cheese/screens/quake2-05.jpg [57302/57302] -> "gunpowered.com_q2cheese_20130909/q2cheese/screens/quake2-05.jpg" [1]
2013-09-09 16:54:28 URL:http://gunpowered.com/q2cheese/screens/quake2-04.jpg [69044/69044] -> "gunpowered.com_q2cheese_20130909/q2cheese/screens/quake2-04.jpg" [1]
2013-09-09 16:54:28 URL:http://gunpowered.com/q2cheese/screens/bigammo.jpg [21699/21699] -> "gunpowered.com_q2cheese_20130909/q2cheese/screens/bigammo.jpg" [1]
http://gunpowered.com/q2cheese/files/iagdemos.zip:
2013-09-09 16:54:29 ERROR 404: Not Found.
2013-09-09 16:54:29 URL:http://gunpowered.com/q2cheese/bugs/quake2_infantry.gif [15725/15725] -> "gunpowered.com_q2cheese_20130909/q2cheese/bugs/quake2_infantry.gif" [1]
http://gunpowered.com/q2cheese/files/q2track1.zip:
2013-09-09 16:54:29 ERROR 404: Not Found.
http://gunpowered.com/q2cheese/files/q2track2.zip:
2013-09-09 16:54:30 ERROR 404: Not Found.
http://gunpowered.com/q2cheese/files/qw0809.zip:
2013-09-09 16:54:30 ERROR 404: Not Found.
http://gunpowered.com/q2cheese/files/glq8_09.zip:
2013-09-09 16:54:30 ERROR 404: Not Found.
2013-09-09 16:54:31 URL:http://gunpowered.com/q2cheese/bugs/infantry.gif [61348/61348] -> "gunpowered.com_q2cheese_20130909/q2cheese/bugs/infantry.gif" [1]
2013-09-09 16:54:31 URL:http://gunpowered.com/q2cheese/bugs/hover.gif [22036/22036] -> "gunpowered.com_q2cheese_20130909/q2cheese/bugs/hover.gif" [1]
2013-09-09 16:54:32 URL:http://gunpowered.com/q2cheese/bugs/beserk.gif [11983/11983] -> "gunpowered.com_q2cheese_20130909/q2cheese/bugs/beserk.gif" [1]
2013-09-09 16:54:32 URL:http://gunpowered.com/q2cheese/screens/080901.jpg [69015/69015] -> "gunpowered.com_q2cheese_20130909/q2cheese/screens/080901.jpg" [1]
2013-09-09 16:54:33 URL:http://gunpowered.com/q2cheese/screens/080902.jpg [69621/69621] -> "gunpowered.com_q2cheese_20130909/q2cheese/screens/080902.jpg" [1]
2013-09-09 16:54:33 URL:http://gunpowered.com/q2cheese/5000.jpg [38411/38411] -> "gunpowered.com_q2cheese_20130909/q2cheese/5000.jpg" [1]
http://gunpowered.com/q2cheese/pete1.jpg:
2013-09-09 16:54:33 ERROR 404: Not Found.
http://gunpowered.com/q2cheese/finger/idfinger.cgi?xian@idsoftware.com:
2013-09-09 16:54:34 ERROR 404: Not Found.
http://gunpowered.com/q2cheese/finger/idfinger.cgi?psteed@idsoftware.com:
2013-09-09 16:54:34 ERROR 404: Not Found.
2013-09-09 16:54:34 URL:http://gunpowered.com/q2cheese/screens/sin.jpg [46218/46218] -> "gunpowered.com_q2cheese_20130909/q2cheese/screens/sin.jpg" [1]
http://gunpowered.com/q2cheese/files/qcdemos.zip:
2013-09-09 16:54:35 ERROR 404: Not Found.
http://gunpowered.com/q2cheese/files/fmreap.zip:
2013-09-09 16:54:35 ERROR 404: Not Found.
http://gunpowered.com/q2cheese/files/fm4.zip:
2013-09-09 16:54:35 ERROR 404: Not Found.
http://gunpowered.com/q2cheese/finger/index.html:
2013-09-09 16:54:36 ERROR 404: Not Found.
http://gunpowered.com/q2cheese/files/dmlevels.zip:
2013-09-09 16:54:36 ERROR 404: Not Found.
http://gunpowered.com/q2cheese/screens/qrad10.jpg:
2013-09-09 16:54:37 ERROR 404: Not Found.
http://gunpowered.com/q2cheese/screens/qrad1.jpg:
2013-09-09 16:54:37 ERROR 404: Not Found.
http://gunpowered.com/q2cheese/screens/qrad2.jpg:
2013-09-09 16:54:37 ERROR 404: Not Found.
http://gunpowered.com/q2cheese/screens/qrad3.jpg:
2013-09-09 16:54:38 ERROR 404: Not Found.
http://gunpowered.com/q2cheese/screens/qrad4.jpg:
2013-09-09 16:54:38 ERROR 404: Not Found.
http://gunpowered.com/q2cheese/screens/qrad5.jpg:
2013-09-09 16:54:38 ERROR 404: Not Found.
http://gunpowered.com/q2cheese/screens/qrad6.jpg:
2013-09-09 16:54:39 ERROR 404: Not Found.
http://gunpowered.com/q2cheese/screens/qrad7.jpg:
2013-09-09 16:54:39 ERROR 404: Not Found.
http://gunpowered.com/q2cheese/screens/qrad8.jpg:
2013-09-09 16:54:39 ERROR 404: Not Found.
http://gunpowered.com/q2cheese/screens/qrad9.jpg:
2013-09-09 16:54:40 ERROR 404: Not Found.
http://gunpowered.com/q2cheese/files/finalmatch.zip:
2013-09-09 16:54:40 ERROR 404: Not Found.
2013-09-09 16:54:40 URL:http://gunpowered.com/q2cheese/screens/base.jpg [8999/8999] -> "gunpowered.com_q2cheese_20130909/q2cheese/screens/base.jpg" [1]
http://gunpowered.com/q2cheese/e3irc.txt:
2013-09-09 16:54:41 ERROR 404: Not Found.
http://gunpowered.com/q2cheese/screens/glqwpics.zip:
2013-09-09 16:54:41 ERROR 404: Not Found.
2013-09-09 16:54:42 URL:http://gunpowered.com/q2cheese/screens/yellow.jpg [13468/13468] -> "gunpowered.com_q2cheese_20130909/q2cheese/screens/yellow.jpg" [1]
2013-09-09 16:54:42 URL:http://gunpowered.com/q2cheese/bugs/woman1.gif [39784/39784] -> "gunpowered.com_q2cheese_20130909/q2cheese/bugs/woman1.gif" [1]
http://gunpowered.com/q2cheese/bugs/q2anim.gif:
2013-09-09 16:54:42 ERROR 404: Not Found.
2013-09-09 16:54:43 URL:http://gunpowered.com/q2cheese/bugs/woman2.gif [18354/18354] -> "gunpowered.com_q2cheese_20130909/q2cheese/bugs/woman2.gif" [1]
http://gunpowered.com/q2cheese/files/qwcl0613.exe:
2013-09-09 16:54:43 ERROR 404: Not Found.
http://gunpowered.com/q2cheese/files.html:
2013-09-09 16:54:43 ERROR 404: Not Found.
2013-09-09 16:54:44 URL:http://gunpowered.com/q2cheese/screens/q21.jpg [109865/109865] -> "gunpowered.com_q2cheese_20130909/q2cheese/screens/q21.jpg" [1]
2013-09-09 16:54:44 URL:http://gunpowered.com/q2cheese/screens/q22.jpg [85292/85292] -> "gunpowered.com_q2cheese_20130909/q2cheese/screens/q22.jpg" [1]
2013-09-09 16:54:45 URL:http://gunpowered.com/q2cheese/screens/q23.jpg [33252/33252] -> "gunpowered.com_q2cheese_20130909/q2cheese/screens/q23.jpg" [1]
2013-09-09 16:54:45 URL:http://gunpowered.com/q2cheese/screens/q24.jpg [41652/41652] -> "gunpowered.com_q2cheese_20130909/q2cheese/screens/q24.jpg" [1]
2013-09-09 16:54:46 URL:http://gunpowered.com/q2cheese/screens/q25.jpg [44609/44609] -> "gunpowered.com_q2cheese_20130909/q2cheese/screens/q25.jpg" [1]
2013-09-09 16:54:46 URL:http://gunpowered.com/q2cheese/screens/q26.jpg [47181/47181] -> "gunpowered.com_q2cheese_20130909/q2cheese/screens/q26.jpg" [1]
http://gunpowered.com/q2cheese/fmellish.html:
2013-09-09 16:54:47 ERROR 404: Not Found.
http://gunpowered.com/q2cheese/bugs/tank3.gif:
2013-09-09 16:54:47 ERROR 404: Not Found.
http://gunpowered.com/q2cheese/bugs/gunner2.gif:
2013-09-09 16:54:47 ERROR 404: Not Found.
http://gunpowered.com/q2cheese/files/g1zparty.zip:
2013-09-09 16:54:48 ERROR 404: Not Found.
http://gunpowered.com/q2cheese/files/r3dv2_0d.exe:
2013-09-09 16:54:48 ERROR 404: Not Found.
http://gunpowered.com/q2cheese/files/gld231vg.exe:
2013-09-09 16:54:48 ERROR 404: Not Found.
http://gunpowered.com/q2cheese/files/pk10.zip:
2013-09-09 16:54:49 ERROR 404: Not Found.
http://gunpowered.com/q2cheese/logos.html:
2013-09-09 16:54:49 ERROR 404: Not Found.
2013-09-09 16:54:50 URL:http://gunpowered.com/q2cheese/screens/fmellish.jpg [41518/41518] -> "gunpowered.com_q2cheese_20130909/q2cheese/screens/fmellish.jpg" [1]
http://gunpowered.com/q2cheese/finger/idfinger.cgi?jcash@idsoftware.com:
2013-09-09 16:54:50 ERROR 404: Not Found.
http://gunpowered.com/q2cheese/files/gld23rt.exe:
2013-09-09 16:54:50 ERROR 404: Not Found.
http://gunpowered.com/q2cheese/files/glqdrv2.exe:
2013-09-09 16:54:51 ERROR 404: Not Found.
http://gunpowered.com/q2cheese/files/kg3207.zip:
2013-09-09 16:54:51 ERROR 404: Not Found.
http://gunpowered.com/q2cheese/trmbot09.zip:
2013-09-09 16:54:51 ERROR 404: Not Found.
http://gunpowered.com/q2cheese/journal.html:
2013-09-09 16:54:52 ERROR 404: Not Found.
http://gunpowered.com/q2cheese/quake.threeave.com:
2013-09-09 16:54:52 ERROR 404: Not Found.
http://gunpowered.com/q2cheese/q1.jpg:
2013-09-09 16:54:52 ERROR 404: Not Found.
http://gunpowered.com/q2cheese/q2.jpg:
2013-09-09 16:54:53 ERROR 404: Not Found.
http://gunpowered.com/q2cheese/resume.html:
2013-09-09 16:54:53 ERROR 404: Not Found.
http://gunpowered.com/q2cheese/feedback.html:
2013-09-09 16:54:54 ERROR 404: Not Found.
http://gunpowered.com/q2cheese/trmbot08.zip:
2013-09-09 16:54:54 ERROR 404: Not Found.
http://gunpowered.com/q2cheese/botfun.zip:
2013-09-09 16:54:54 ERROR 404: Not Found.
http://gunpowered.com/q2cheese/q101-106.txt:
2013-09-09 16:54:54 ERROR 404: Not Found.
http://gunpowered.com/q2cheese/elim.zip:
2013-09-09 16:54:55 ERROR 404: Not Found.
2013-09-09 16:54:56 URL:http://gunpowered.com/q2cheese/ss2.html [811/811] -> "gunpowered.com_q2cheese_20130909/q2cheese/ss2.html" [1]
2013-09-09 16:54:58 URL:http://gunpowered.com/q2cheese/screens/frame1.jpg [100925/100925] -> "gunpowered.com_q2cheese_20130909/q2cheese/screens/frame1.jpg" [1]
2013-09-09 16:54:59 URL:http://gunpowered.com/q2cheese/screens/frame3.jpg [116713/116713] -> "gunpowered.com_q2cheese_20130909/q2cheese/screens/frame3.jpg" [1]
2013-09-09 16:55:00 URL:http://gunpowered.com/q2cheese/screens/frame5.jpg [117926/117926] -> "gunpowered.com_q2cheese_20130909/q2cheese/screens/frame5.jpg" [1]
2013-09-09 16:55:00 URL:http://gunpowered.com/q2cheese/bugs/q2anim1.gif [38462/38462] -> "gunpowered.com_q2cheese_20130909/q2cheese/bugs/q2anim1.gif" [1]
2013-09-09 16:55:00 URL:http://gunpowered.com/q2cheese/bugs/q2anim2.gif [43765/43765] -> "gunpowered.com_q2cheese_20130909/q2cheese/bugs/q2anim2.gif" [1]
2013-09-09 16:55:01 URL:http://gunpowered.com/q2cheese/bugs/q2anim3.gif [82961/82961] -> "gunpowered.com_q2cheese_20130909/q2cheese/bugs/q2anim3.gif" [1]
2013-09-09 16:55:02 URL:http://gunpowered.com/q2cheese/bugs/gunner.gif [32223/32223] -> "gunpowered.com_q2cheese_20130909/q2cheese/bugs/gunner.gif" [1]
2013-09-09 16:55:02 URL:http://gunpowered.com/q2cheese/bugs/tank.gif [46956/46956] -> "gunpowered.com_q2cheese_20130909/q2cheese/bugs/tank.gif" [1]
2013-09-09 16:55:03 URL:http://gunpowered.com/q2cheese/bugs/cnow.jpg [3722/3722] -> "gunpowered.com_q2cheese_20130909/q2cheese/bugs/cnow.jpg" [1]
2013-09-09 16:55:03 URL:http://gunpowered.com/q2cheese/bugs/slipgate.gif [2060/2060] -> "gunpowered.com_q2cheese_20130909/q2cheese/bugs/slipgate.gif" [1]
2013-09-09 16:55:03 URL:http://gunpowered.com/q2cheese/bugs/q2faq.jpg [3896/3896] -> "gunpowered.com_q2cheese_20130909/q2cheese/bugs/q2faq.jpg" [1]
2013-09-09 16:55:04 URL:http://gunpowered.com/q2cheese/bugs/3dfaq.gif [2034/2034] -> "gunpowered.com_q2cheese_20130909/q2cheese/bugs/3dfaq.gif" [1]
2013-09-09 16:55:04 URL:http://gunpowered.com/q2cheese/bugs/zanshin.gif [2777/2777] -> "gunpowered.com_q2cheese_20130909/q2cheese/bugs/zanshin.gif" [1]
2013-09-09 16:55:04 URL:http://gunpowered.com/q2cheese/bugs/goat.gif [7589/7589] -> "gunpowered.com_q2cheese_20130909/q2cheese/bugs/goat.gif" [1]
2013-09-09 16:55:05 URL:http://gunpowered.com/q2cheese/bugs/q2now.jpg [3665/3665] -> "gunpowered.com_q2cheese_20130909/q2cheese/bugs/q2now.jpg" [1]
2013-09-09 16:55:05 URL:http://gunpowered.com/q2cheese/ss3.html [958/958] -> "gunpowered.com_q2cheese_20130909/q2cheese/ss3.html" [1]
2013-09-09 16:55:06 URL:http://gunpowered.com/q2cheese/screens/intro1.jpg [24380/24380] -> "gunpowered.com_q2cheese_20130909/q2cheese/screens/intro1.jpg" [1]
2013-09-09 16:55:06 URL:http://gunpowered.com/q2cheese/screens/intro2.jpg [39179/39179] -> "gunpowered.com_q2cheese_20130909/q2cheese/screens/intro2.jpg" [1]
2013-09-09 16:55:07 URL:http://gunpowered.com/q2cheese/screens/intro3.jpg [33755/33755] -> "gunpowered.com_q2cheese_20130909/q2cheese/screens/intro3.jpg" [1]
2013-09-09 16:55:07 URL:http://gunpowered.com/q2cheese/screens/intro4.jpg [34398/34398] -> "gunpowered.com_q2cheese_20130909/q2cheese/screens/intro4.jpg" [1]
2013-09-09 16:55:07 URL:http://gunpowered.com/q2cheese/ss4.html [1063/1063] -> "gunpowered.com_q2cheese_20130909/q2cheese/ss4.html" [1]
2013-09-09 16:55:08 URL:http://gunpowered.com/q2cheese/screens/lava.jpg [54108/54108] -> "gunpowered.com_q2cheese_20130909/q2cheese/screens/lava.jpg" [1]
2013-09-09 16:55:08 URL:http://gunpowered.com/q2cheese/screens/grunt.jpg [28566/28566] -> "gunpowered.com_q2cheese_20130909/q2cheese/screens/grunt.jpg" [1]
2013-09-09 16:55:09 URL:http://gunpowered.com/q2cheese/screens/hall.jpg [43152/43152] -> "gunpowered.com_q2cheese_20130909/q2cheese/screens/hall.jpg" [1]
2013-09-09 16:55:09 URL:http://gunpowered.com/q2cheese/screens/train.jpg [47933/47933] -> "gunpowered.com_q2cheese_20130909/q2cheese/screens/train.jpg" [1]
2013-09-09 16:55:09 URL:http://gunpowered.com/q2cheese/ss5.html [1342/1342] -> "gunpowered.com_q2cheese_20130909/q2cheese/ss5.html" [1]
2013-09-09 16:55:10 URL:http://gunpowered.com/q2cheese/ss6.html [380/380] -> "gunpowered.com_q2cheese_20130909/q2cheese/ss6.html" [1]
2013-09-09 16:55:10 URL:http://gunpowered.com/q2cheese/screens/quake00b.jpg [51017/51017] -> "gunpowered.com_q2cheese_20130909/q2cheese/screens/quake00b.jpg" [1]
2013-09-09 16:55:10 URL:http://gunpowered.com/q2cheese/screens/quake00a.jpg [1508/1508] -> "gunpowered.com_q2cheese_20130909/q2cheese/screens/quake00a.jpg" [1]
2013-09-09 16:55:11 URL:http://gunpowered.com/q2cheese/screens/quake09b.jpg [70910/70910] -> "gunpowered.com_q2cheese_20130909/q2cheese/screens/quake09b.jpg" [1]
2013-09-09 16:55:11 URL:http://gunpowered.com/q2cheese/screens/quake09a.jpg [1739/1739] -> "gunpowered.com_q2cheese_20130909/q2cheese/screens/quake09a.jpg" [1]
2013-09-09 16:55:12 URL:http://gunpowered.com/q2cheese/screens/quake11b.jpg [58532/58532] -> "gunpowered.com_q2cheese_20130909/q2cheese/screens/quake11b.jpg" [1]
2013-09-09 16:55:12 URL:http://gunpowered.com/q2cheese/screens/quake11a.jpg [1466/1466] -> "gunpowered.com_q2cheese_20130909/q2cheese/screens/quake11a.jpg" [1]
2013-09-09 16:55:13 URL:http://gunpowered.com/q2cheese/screens/quake15b.jpg [83500/83500] -> "gunpowered.com_q2cheese_20130909/q2cheese/screens/quake15b.jpg" [1]
2013-09-09 16:55:13 URL:http://gunpowered.com/q2cheese/screens/quake15a.jpg [1523/1523] -> "gunpowered.com_q2cheese_20130909/q2cheese/screens/quake15a.jpg" [1]
2013-09-09 16:55:15 URL:http://gunpowered.com/q2cheese/screens/quake29b.jpg [55893/55893] -> "gunpowered.com_q2cheese_20130909/q2cheese/screens/quake29b.jpg" [1]
No data received.
2013-09-09 16:55:18 URL:http://gunpowered.com/q2cheese/screens/quake29a.jpg [1700/1700] -> "gunpowered.com_q2cheese_20130909/q2cheese/screens/quake29a.jpg" [2]
2013-09-09 16:55:19 URL:http://gunpowered.com/q2cheese/screens/quake33b.jpg [52460/52460] -> "gunpowered.com_q2cheese_20130909/q2cheese/screens/quake33b.jpg" [1]
2013-09-09 16:55:20 URL:http://gunpowered.com/q2cheese/screens/quake33a.jpg [1454/1454] -> "gunpowered.com_q2cheese_20130909/q2cheese/screens/quake33a.jpg" [1]
2013-09-09 16:55:20 URL:http://gunpowered.com/q2cheese/screens/quake34b.jpg [48651/48651] -> "gunpowered.com_q2cheese_20130909/q2cheese/screens/quake34b.jpg" [1]
2013-09-09 16:55:21 URL:http://gunpowered.com/q2cheese/screens/quake34a.jpg [1550/1550] -> "gunpowered.com_q2cheese_20130909/q2cheese/screens/quake34a.jpg" [1]
2013-09-09 16:55:21 URL:http://gunpowered.com/q2cheese/screens/quake44b.jpg [59910/59910] -> "gunpowered.com_q2cheese_20130909/q2cheese/screens/quake44b.jpg" [1]
2013-09-09 16:55:22 URL:http://gunpowered.com/q2cheese/screens/quake44a.jpg [1573/1573] -> "gunpowered.com_q2cheese_20130909/q2cheese/screens/quake44a.jpg" [1]
2013-09-09 16:55:22 URL:http://gunpowered.com/q2cheese/screens/quakess.jpg [19169/19169] -> "gunpowered.com_q2cheese_20130909/q2cheese/screens/quakess.jpg" [1]
FINISHED --2013-09-09 16:55:22--
Total wall clock time: 1m 48s
Downloaded: 89 files, 15M in 51s (297 KB/s)
