2013-01-04 16:41:31 URL:http://hem.passagen.se/cob/ [1007/1007] -> "hem.passagen.se_cob_20130104/cob/index.html" [1]
2013-01-04 16:41:31 URL:http://hem.passagen.se/TopFrame/frameit_banner.js [15/15] -> "hem.passagen.se_cob_20130104/TopFrame/frameit_banner.js" [1]
2013-01-04 16:41:31 URL:http://hem.passagen.se/TopFrame/frameit.js [2262/2262] -> "hem.passagen.se_cob_20130104/TopFrame/frameit.js" [1]
2013-01-04 16:41:31 URL:http://hem.passagen.se/cob/navigate.htm [1612/1612] -> "hem.passagen.se_cob_20130104/cob/navigate.htm" [1]
2013-01-04 16:41:31 URL:http://hem.passagen.se/cob/main.htm [1096/1096] -> "hem.passagen.se_cob_20130104/cob/main.htm" [1]
2013-01-04 16:41:32 URL:http://hem.passagen.se/cob/challange.htm [1063/1063] -> "hem.passagen.se_cob_20130104/cob/challange.htm" [1]
2013-01-04 16:41:32 URL:http://hem.passagen.se/cob/clanwars.htm [1784/1784] -> "hem.passagen.se_cob_20130104/cob/clanwars.htm" [1]
2013-01-04 16:41:32 URL:http://hem.passagen.se/cob/download.htm [4600/4600] -> "hem.passagen.se_cob_20130104/cob/download.htm" [1]
2013-01-04 16:41:32 URL:http://hem.passagen.se/cob/joinus.htm [955/955] -> "hem.passagen.se_cob_20130104/cob/joinus.htm" [1]
2013-01-04 16:41:32 URL:http://hem.passagen.se/cob/members.htm [3093/3093] -> "hem.passagen.se_cob_20130104/cob/members.htm" [1]
2013-01-04 16:41:33 URL:http://hem.passagen.se/cob/navigate.jpg [16964/16964] -> "hem.passagen.se_cob_20130104/cob/navigate.jpg" [1]
http://hem.passagen.se/cgi-bin/Count.cgi?dd=B%7Cft=0%7Cmd=5:
2013-01-04 16:41:33 ERROR 403: Forbidden.
2013-01-04 16:41:33 URL:http://hem.passagen.se/cob/background.jpg [13161/13161] -> "hem.passagen.se_cob_20130104/cob/background.jpg" [1]
2013-01-04 16:41:33 URL:http://hem.passagen.se/cob/clanwars/ranking.jpg [4471/4471] -> "hem.passagen.se_cob_20130104/cob/clanwars/ranking.jpg" [1]
2013-01-04 16:41:33 URL:http://hem.passagen.se/cob/clanwars/gurqa/gurqa.htm [1588/1588] -> "hem.passagen.se_cob_20130104/cob/clanwars/gurqa/gurqa.htm" [1]
2013-01-04 16:41:33 URL:http://hem.passagen.se/cob/clanwars/vipers/vipers.htm [1567/1567] -> "hem.passagen.se_cob_20130104/cob/clanwars/vipers/vipers.htm" [1]
2013-01-04 16:41:33 URL:http://hem.passagen.se/cob/clanwars/cobvssv.jpg [697/697] -> "hem.passagen.se_cob_20130104/cob/clanwars/cobvssv.jpg" [1]
2013-01-04 16:41:33 URL:http://hem.passagen.se/cob/clanwars/pride/pride.htm [1134/1134] -> "hem.passagen.se_cob_20130104/cob/clanwars/pride/pride.htm" [1]
2013-01-04 16:41:33 URL:http://hem.passagen.se/cob/clanwars/cobvsps.jpg [698/698] -> "hem.passagen.se_cob_20130104/cob/clanwars/cobvsps.jpg" [1]
http://hem.passagen.se/cob/INIT1.ZIP:
2013-01-04 16:41:33 ERROR 404: Not Found.
http://hem.passagen.se/cob/INIT2.ZIP:
2013-01-04 16:41:33 ERROR 404: Not Found.
http://hem.passagen.se/cob/CASTLES.ZIP:
2013-01-04 16:41:34 ERROR 404: Not Found.
http://hem.passagen.se/cob/ARENA15.ZIP:
2013-01-04 16:41:34 ERROR 404: Not Found.
2013-01-04 16:41:34 URL:http://hem.passagen.se/cob/members/members.jpg [2822/2822] -> "hem.passagen.se_cob_20130104/cob/members/members.jpg" [1]
2013-01-04 16:41:34 URL:http://hem.passagen.se/cob/members/napoleon.jpg [1702/1702] -> "hem.passagen.se_cob_20130104/cob/members/napoleon.jpg" [1]
2013-01-04 16:41:34 URL:http://hem.passagen.se/cob/members/thug.jpg [1330/1330] -> "hem.passagen.se_cob_20130104/cob/members/thug.jpg" [1]
2013-01-04 16:41:34 URL:http://hem.passagen.se/cob/members/lucifer.jpg [1523/1523] -> "hem.passagen.se_cob_20130104/cob/members/lucifer.jpg" [1]
http://hem.passagen.se/cob/michael.andersson@helsingborg.mail.telia.com:
2013-01-04 16:41:34 ERROR 404: Not Found.
2013-01-04 16:41:34 URL:http://hem.passagen.se/cob/members/init.jpg [1366/1366] -> "hem.passagen.se_cob_20130104/cob/members/init.jpg" [1]
2013-01-04 16:41:34 URL:http://hem.passagen.se/cob/clanwars/gurqa/gurqa1.jpg [10650/10650] -> "hem.passagen.se_cob_20130104/cob/clanwars/gurqa/gurqa1.jpg" [1]
2013-01-04 16:41:34 URL:http://hem.passagen.se/cob/clanwars/gurqa/gurqa2.jpg [11534/11534] -> "hem.passagen.se_cob_20130104/cob/clanwars/gurqa/gurqa2.jpg" [1]
2013-01-04 16:41:34 URL:http://hem.passagen.se/cob/clanwars/vipers/vipers1.jpg [12647/12647] -> "hem.passagen.se_cob_20130104/cob/clanwars/vipers/vipers1.jpg" [1]
2013-01-04 16:41:34 URL:http://hem.passagen.se/cob/clanwars/pride/Pride.jpg [7677/7677] -> "hem.passagen.se_cob_20130104/cob/clanwars/pride/Pride.jpg" [1]
FINISHED --2013-01-04 16:41:34--
Total wall clock time: 3.5s
Downloaded: 27 files, 106K in 0.2s (523 KB/s)
