2013-11-03 21:50:09 URL:http://hem.passagen.se/unik/skleros/ [7156/7156] -> "hem.passagen.se_unik_skleros_20131103/unik/skleros/index.html" [1]
2013-11-03 21:50:09 URL:http://hem.passagen.se/TopFrame/frameit_banner.js [15/15] -> "hem.passagen.se_unik_skleros_20131103/TopFrame/frameit_banner.js" [1]
2013-11-03 21:50:09 URL:http://hem.passagen.se/TopFrame/frameit.js [2262/2262] -> "hem.passagen.se_unik_skleros_20131103/TopFrame/frameit.js" [1]
2013-11-03 21:50:09 URL:http://hem.passagen.se/unik/skleros/favicon.ico [1406/1406] -> "hem.passagen.se_unik_skleros_20131103/unik/skleros/favicon.ico" [1]
2013-11-03 21:50:10 URL:http://hem.passagen.se/unik/skleros/skle.css [1783/1783] -> "hem.passagen.se_unik_skleros_20131103/unik/skleros/skle.css" [1]
2013-11-03 21:50:10 URL:http://hem.passagen.se/unik/skleros/gif/s_tb_mdl_1.gif [1851/1851] -> "hem.passagen.se_unik_skleros_20131103/unik/skleros/gif/s_tb_mdl_1.gif" [1]
2013-11-03 21:50:10 URL:http://hem.passagen.se/unik/skleros/gif/s_tb_mdl_2.gif [306/306] -> "hem.passagen.se_unik_skleros_20131103/unik/skleros/gif/s_tb_mdl_2.gif" [1]
2013-11-03 21:50:10 URL:http://hem.passagen.se/unik/skleros/gif/s_tb_mid_1.gif [318/318] -> "hem.passagen.se_unik_skleros_20131103/unik/skleros/gif/s_tb_mid_1.gif" [1]
2013-11-03 21:50:10 URL:http://hem.passagen.se/unik/skleros/gif/s_tb_nv_1.gif [172/172] -> "hem.passagen.se_unik_skleros_20131103/unik/skleros/gif/s_tb_nv_1.gif" [1]
2013-11-03 21:50:10 URL:http://hem.passagen.se/unik/skleros/gif/s_tb_n.gif [111/111] -> "hem.passagen.se_unik_skleros_20131103/unik/skleros/gif/s_tb_n.gif" [1]
2013-11-03 21:50:10 URL:http://hem.passagen.se/unik/skleros/gif/s_tb_no_1.gif [138/138] -> "hem.passagen.se_unik_skleros_20131103/unik/skleros/gif/s_tb_no_1.gif" [1]
2013-11-03 21:50:10 URL:http://hem.passagen.se/unik/skleros/gif/s_tb_mid_2.gif [175/175] -> "hem.passagen.se_unik_skleros_20131103/unik/skleros/gif/s_tb_mid_2.gif" [1]
2013-11-03 21:50:10 URL:http://hem.passagen.se/unik/skleros/gif/s_tb_v.gif [117/117] -> "hem.passagen.se_unik_skleros_20131103/unik/skleros/gif/s_tb_v.gif" [1]
2013-11-03 21:50:10 URL:http://hem.passagen.se/unik/skleros/index.html [7156/7156] -> "hem.passagen.se_unik_skleros_20131103/unik/skleros/index.html" [1]
2013-11-03 21:50:10 URL:http://hem.passagen.se/unik/skleros/maps.html [11867/11867] -> "hem.passagen.se_unik_skleros_20131103/unik/skleros/maps.html" [1]
2013-11-03 21:50:10 URL:http://hem.passagen.se/unik/skleros/demos.html [12026/12026] -> "hem.passagen.se_unik_skleros_20131103/unik/skleros/demos.html" [1]
2013-11-03 21:50:10 URL:http://hem.passagen.se/unik/skleros/files.html [7470/7470] -> "hem.passagen.se_unik_skleros_20131103/unik/skleros/files.html" [1]
2013-11-03 21:50:10 URL:http://hem.passagen.se/unik/skleros/topten.html [7324/7324] -> "hem.passagen.se_unik_skleros_20131103/unik/skleros/topten.html" [1]
2013-11-03 21:50:10 URL:http://hem.passagen.se/unik/skleros/gif/s_tb_o.gif [117/117] -> "hem.passagen.se_unik_skleros_20131103/unik/skleros/gif/s_tb_o.gif" [1]
2013-11-03 21:50:10 URL:http://hem.passagen.se/unik/skleros/gif/s_tb_sv.gif [169/169] -> "hem.passagen.se_unik_skleros_20131103/unik/skleros/gif/s_tb_sv.gif" [1]
2013-11-03 21:50:10 URL:http://hem.passagen.se/unik/skleros/gif/s_tb_s.gif [111/111] -> "hem.passagen.se_unik_skleros_20131103/unik/skleros/gif/s_tb_s.gif" [1]
2013-11-03 21:50:10 URL:http://hem.passagen.se/unik/skleros/gif/s_tb_so.gif [174/174] -> "hem.passagen.se_unik_skleros_20131103/unik/skleros/gif/s_tb_so.gif" [1]
2013-11-03 21:50:10 URL:http://hem.passagen.se/unik/skleros/gif/but_skleropolis.gif [668/668] -> "hem.passagen.se_unik_skleros_20131103/unik/skleros/gif/but_skleropolis.gif" [1]
2013-11-03 21:50:11 URL:http://hem.passagen.se/unik/skleros/gif/pq_link_re_16.gif [875/875] -> "hem.passagen.se_unik_skleros_20131103/unik/skleros/gif/pq_link_re_16.gif" [1]
2013-11-03 21:50:11 URL:http://hem.passagen.se/unik/skleros/gif/qm_button_re.gif [874/874] -> "hem.passagen.se_unik_skleros_20131103/unik/skleros/gif/qm_button_re.gif" [1]
2013-11-03 21:50:11 URL:http://hem.passagen.se/unik/skleros/gif/fz_re_16.gif [659/659] -> "hem.passagen.se_unik_skleros_20131103/unik/skleros/gif/fz_re_16.gif" [1]
2013-11-03 21:50:11 URL:http://hem.passagen.se/unik/skleros/gif/s_tb_skle_3.gif [5240/5240] -> "hem.passagen.se_unik_skleros_20131103/unik/skleros/gif/s_tb_skle_3.gif" [1]
2013-11-03 21:50:11 URL:http://hem.passagen.se/unik/skleros/gif/s_tb_nv_2.gif [165/165] -> "hem.passagen.se_unik_skleros_20131103/unik/skleros/gif/s_tb_nv_2.gif" [1]
2013-11-03 21:50:11 URL:http://hem.passagen.se/unik/skleros/gif/s_tb_no_2.gif [166/166] -> "hem.passagen.se_unik_skleros_20131103/unik/skleros/gif/s_tb_no_2.gif" [1]
2013-11-03 21:50:11 URL:http://hem.passagen.se/unik/skleros/gif/s_tb_o_lapp.gif [180/180] -> "hem.passagen.se_unik_skleros_20131103/unik/skleros/gif/s_tb_o_lapp.gif" [1]
2013-11-03 21:50:11 URL:http://hem.passagen.se/unik/skleros/maps/valhalla.zip [226407/226407] -> "hem.passagen.se_unik_skleros_20131103/unik/skleros/maps/valhalla.zip" [1]
2013-11-03 21:50:11 URL:http://hem.passagen.se/unik/skleros/quotes.html [3895/3895] -> "hem.passagen.se_unik_skleros_20131103/unik/skleros/quotes.html" [1]
2013-11-03 21:50:11 URL:http://hem.passagen.se/unik/skleros/gif/s_q_rocktalk.gif [600/600] -> "hem.passagen.se_unik_skleros_20131103/unik/skleros/gif/s_q_rocktalk.gif" [1]
2013-11-03 21:50:11 URL:http://hem.passagen.se/unik/skleros/txt/skis1.txt [2489/2489] -> "hem.passagen.se_unik_skleros_20131103/unik/skleros/txt/skis1.txt" [1]
2013-11-03 21:50:11 URL:http://hem.passagen.se/unik/skleros/skis1a.html [1870/1870] -> "hem.passagen.se_unik_skleros_20131103/unik/skleros/skis1a.html" [1]
2013-11-03 21:50:11 URL:http://hem.passagen.se/unik/skleros/skis1b.html [1893/1893] -> "hem.passagen.se_unik_skleros_20131103/unik/skleros/skis1b.html" [1]
2013-11-03 21:50:11 URL:http://hem.passagen.se/unik/skleros/locs/sk1loc.zip [502/502] -> "hem.passagen.se_unik_skleros_20131103/unik/skleros/locs/sk1loc.zip" [1]
2013-11-03 21:50:12 URL:http://hem.passagen.se/unik/skleros/maps/skis1.zip [267387/267387] -> "hem.passagen.se_unik_skleros_20131103/unik/skleros/maps/skis1.zip" [1]
2013-11-03 21:50:12 URL:http://hem.passagen.se/unik/skleros/txt/skis2.txt [3336/3336] -> "hem.passagen.se_unik_skleros_20131103/unik/skleros/txt/skis2.txt" [1]
2013-11-03 21:50:12 URL:http://hem.passagen.se/unik/skleros/skis2a.html [1893/1893] -> "hem.passagen.se_unik_skleros_20131103/unik/skleros/skis2a.html" [1]
2013-11-03 21:50:12 URL:http://hem.passagen.se/unik/skleros/skis2b.html [1893/1893] -> "hem.passagen.se_unik_skleros_20131103/unik/skleros/skis2b.html" [1]
2013-11-03 21:50:12 URL:http://hem.passagen.se/unik/skleros/locs/sk2loc.zip [585/585] -> "hem.passagen.se_unik_skleros_20131103/unik/skleros/locs/sk2loc.zip" [1]
2013-11-03 21:50:12 URL:http://hem.passagen.se/unik/skleros/maps/skis2.zip [520055/520055] -> "hem.passagen.se_unik_skleros_20131103/unik/skleros/maps/skis2.zip" [1]
2013-11-03 21:50:12 URL:http://hem.passagen.se/unik/skleros/txt/skis3.txt [4315/4315] -> "hem.passagen.se_unik_skleros_20131103/unik/skleros/txt/skis3.txt" [1]
2013-11-03 21:50:12 URL:http://hem.passagen.se/unik/skleros/skis3a.html [1893/1893] -> "hem.passagen.se_unik_skleros_20131103/unik/skleros/skis3a.html" [1]
2013-11-03 21:50:12 URL:http://hem.passagen.se/unik/skleros/skis3b.html [1893/1893] -> "hem.passagen.se_unik_skleros_20131103/unik/skleros/skis3b.html" [1]
2013-11-03 21:50:12 URL:http://hem.passagen.se/unik/skleros/locs/sk3loc.zip [634/634] -> "hem.passagen.se_unik_skleros_20131103/unik/skleros/locs/sk3loc.zip" [1]
2013-11-03 21:50:12 URL:http://hem.passagen.se/unik/skleros/maps/skis3.zip [563126/563126] -> "hem.passagen.se_unik_skleros_20131103/unik/skleros/maps/skis3.zip" [1]
2013-11-03 21:50:13 URL:http://hem.passagen.se/unik/skleros/txt/skis4.txt [4309/4309] -> "hem.passagen.se_unik_skleros_20131103/unik/skleros/txt/skis4.txt" [1]
2013-11-03 21:50:13 URL:http://hem.passagen.se/unik/skleros/skis4a.html [1893/1893] -> "hem.passagen.se_unik_skleros_20131103/unik/skleros/skis4a.html" [1]
2013-11-03 21:50:13 URL:http://hem.passagen.se/unik/skleros/skis4b.html [1893/1893] -> "hem.passagen.se_unik_skleros_20131103/unik/skleros/skis4b.html" [1]
2013-11-03 21:50:13 URL:http://hem.passagen.se/unik/skleros/locs/sk4loc.zip [838/838] -> "hem.passagen.se_unik_skleros_20131103/unik/skleros/locs/sk4loc.zip" [1]
2013-11-03 21:50:13 URL:http://hem.passagen.se/unik/skleros/maps/skis4.zip [549607/549607] -> "hem.passagen.se_unik_skleros_20131103/unik/skleros/maps/skis4.zip" [1]
2013-11-03 21:50:13 URL:http://hem.passagen.se/unik/skleros/txt/skis5.txt [3633/3633] -> "hem.passagen.se_unik_skleros_20131103/unik/skleros/txt/skis5.txt" [1]
2013-11-03 21:50:13 URL:http://hem.passagen.se/unik/skleros/skis5a.html [1893/1893] -> "hem.passagen.se_unik_skleros_20131103/unik/skleros/skis5a.html" [1]
2013-11-03 21:50:13 URL:http://hem.passagen.se/unik/skleros/skis5b.html [1894/1894] -> "hem.passagen.se_unik_skleros_20131103/unik/skleros/skis5b.html" [1]
2013-11-03 21:50:13 URL:http://hem.passagen.se/unik/skleros/locs/sk5loc.zip [607/607] -> "hem.passagen.se_unik_skleros_20131103/unik/skleros/locs/sk5loc.zip" [1]
2013-11-03 21:50:13 URL:http://hem.passagen.se/unik/skleros/maps/skis5.zip [302604/302604] -> "hem.passagen.se_unik_skleros_20131103/unik/skleros/maps/skis5.zip" [1]
2013-11-03 21:50:13 URL:http://hem.passagen.se/unik/skleros/maps/skis5o.zip [304446/304446] -> "hem.passagen.se_unik_skleros_20131103/unik/skleros/maps/skis5o.zip" [1]
2013-11-03 21:50:13 URL:http://hem.passagen.se/unik/skleros/txt/skisen.txt [2007/2007] -> "hem.passagen.se_unik_skleros_20131103/unik/skleros/txt/skisen.txt" [1]
2013-11-03 21:50:14 URL:http://hem.passagen.se/unik/skleros/skisena.html [1897/1897] -> "hem.passagen.se_unik_skleros_20131103/unik/skleros/skisena.html" [1]
2013-11-03 21:50:14 URL:http://hem.passagen.se/unik/skleros/skisenb.html [1898/1898] -> "hem.passagen.se_unik_skleros_20131103/unik/skleros/skisenb.html" [1]
2013-11-03 21:50:14 URL:http://hem.passagen.se/unik/skleros/maps/skisen.zip [135075/135075] -> "hem.passagen.se_unik_skleros_20131103/unik/skleros/maps/skisen.zip" [1]
2013-11-03 21:50:14 URL:http://hem.passagen.se/unik/skleros/txt/wasdm1.txt [1926/1926] -> "hem.passagen.se_unik_skleros_20131103/unik/skleros/txt/wasdm1.txt" [1]
2013-11-03 21:50:14 URL:http://hem.passagen.se/unik/skleros/wasdm1a.html [1898/1898] -> "hem.passagen.se_unik_skleros_20131103/unik/skleros/wasdm1a.html" [1]
2013-11-03 21:50:14 URL:http://hem.passagen.se/unik/skleros/wasdm1b.html [1897/1897] -> "hem.passagen.se_unik_skleros_20131103/unik/skleros/wasdm1b.html" [1]
2013-11-03 21:50:14 URL:http://hem.passagen.se/unik/skleros/locs/was1loc.zip [567/567] -> "hem.passagen.se_unik_skleros_20131103/unik/skleros/locs/was1loc.zip" [1]
2013-11-03 21:50:14 URL:http://hem.passagen.se/unik/skleros/maps/wasdm1.zip [293918/293918] -> "hem.passagen.se_unik_skleros_20131103/unik/skleros/maps/wasdm1.zip" [1]
2013-11-03 21:50:14 URL:http://hem.passagen.se/unik/skleros/txt/honken.txt [1389/1389] -> "hem.passagen.se_unik_skleros_20131103/unik/skleros/txt/honken.txt" [1]
2013-11-03 21:50:14 URL:http://hem.passagen.se/unik/skleros/honkena.html [1898/1898] -> "hem.passagen.se_unik_skleros_20131103/unik/skleros/honkena.html" [1]
2013-11-03 21:50:14 URL:http://hem.passagen.se/unik/skleros/honkenb.html [1898/1898] -> "hem.passagen.se_unik_skleros_20131103/unik/skleros/honkenb.html" [1]
2013-11-03 21:50:14 URL:http://hem.passagen.se/unik/skleros/maps/honken.zip [175014/175014] -> "hem.passagen.se_unik_skleros_20131103/unik/skleros/maps/honken.zip" [1]
2013-11-03 21:50:14 URL:http://hem.passagen.se/unik/skleros/txt/valhalla.txt [2468/2468] -> "hem.passagen.se_unik_skleros_20131103/unik/skleros/txt/valhalla.txt" [1]
2013-11-03 21:50:14 URL:http://hem.passagen.se/unik/skleros/valhalla.html [1903/1903] -> "hem.passagen.se_unik_skleros_20131103/unik/skleros/valhalla.html" [1]
2013-11-03 21:50:14 URL:http://hem.passagen.se/unik/skleros/valhallb.html [1904/1904] -> "hem.passagen.se_unik_skleros_20131103/unik/skleros/valhallb.html" [1]
2013-11-03 21:50:14 URL:http://hem.passagen.se/unik/skleros/q3skis4.html [1847/1847] -> "hem.passagen.se_unik_skleros_20131103/unik/skleros/q3skis4.html" [1]
2013-11-03 21:50:15 URL:http://hem.passagen.se/unik/skleros/maps/q3skis4.zip [647204/647204] -> "hem.passagen.se_unik_skleros_20131103/unik/skleros/maps/q3skis4.zip" [1]
2013-11-03 21:50:15 URL:http://hem.passagen.se/unik/skleros/demos/sk1dem.zip [59479/59479] -> "hem.passagen.se_unik_skleros_20131103/unik/skleros/demos/sk1dem.zip" [1]
2013-11-03 21:50:15 URL:http://hem.passagen.se/unik/skleros/demos/sk2dem.zip [93374/93374] -> "hem.passagen.se_unik_skleros_20131103/unik/skleros/demos/sk2dem.zip" [1]
2013-11-03 21:50:16 URL:http://hem.passagen.se/unik/skleros/demos/sk3dem.zip [78922/78922] -> "hem.passagen.se_unik_skleros_20131103/unik/skleros/demos/sk3dem.zip" [1]
2013-11-03 21:50:16 URL:http://hem.passagen.se/unik/skleros/demos/sk4dem.zip [98429/98429] -> "hem.passagen.se_unik_skleros_20131103/unik/skleros/demos/sk4dem.zip" [1]
2013-11-03 21:50:16 URL:http://hem.passagen.se/unik/skleros/demos/sk5dem.zip [86356/86356] -> "hem.passagen.se_unik_skleros_20131103/unik/skleros/demos/sk5dem.zip" [1]
2013-11-03 21:50:16 URL:http://hem.passagen.se/unik/skleros/demos/was1dem.zip [47735/47735] -> "hem.passagen.se_unik_skleros_20131103/unik/skleros/demos/was1dem.zip" [1]
2013-11-03 21:50:16 URL:http://hem.passagen.se/unik/skleros/demos/valdem.zip [47848/47848] -> "hem.passagen.se_unik_skleros_20131103/unik/skleros/demos/valdem.zip" [1]
2013-11-03 21:50:16 URL:http://hem.passagen.se/unik/skleros/demos/skis3j.zip [40360/40360] -> "hem.passagen.se_unik_skleros_20131103/unik/skleros/demos/skis3j.zip" [1]
2013-11-03 21:50:17 URL:http://hem.passagen.se/unik/skleros/demos/1on1skis5.zip [416567/416567] -> "hem.passagen.se_unik_skleros_20131103/unik/skleros/demos/1on1skis5.zip" [1]
2013-11-03 21:50:18 URL:http://hem.passagen.se/unik/skleros/demos/2on2kik6.zip [644088/644088] -> "hem.passagen.se_unik_skleros_20131103/unik/skleros/demos/2on2kik6.zip" [1]
2013-11-03 21:50:18 URL:http://hem.passagen.se/unik/skleros/demos/1on1skis1.zip [398176/398176] -> "hem.passagen.se_unik_skleros_20131103/unik/skleros/demos/1on1skis1.zip" [1]
2013-11-03 21:50:19 URL:http://hem.passagen.se/unik/skleros/demos/north1.zip [427364/427364] -> "hem.passagen.se_unik_skleros_20131103/unik/skleros/demos/north1.zip" [1]
2013-11-03 21:50:20 URL:http://hem.passagen.se/unik/skleros/demos/aikm1.zip [457676/457676] -> "hem.passagen.se_unik_skleros_20131103/unik/skleros/demos/aikm1.zip" [1]
2013-11-03 21:50:21 URL:http://hem.passagen.se/unik/skleros/demos/qhm1.zip [603140/603140] -> "hem.passagen.se_unik_skleros_20131103/unik/skleros/demos/qhm1.zip" [1]
2013-11-03 21:50:22 URL:http://hem.passagen.se/unik/skleros/demos/qhm4.zip [629698/629698] -> "hem.passagen.se_unik_skleros_20131103/unik/skleros/demos/qhm4.zip" [1]
2013-11-03 21:50:23 URL:http://hem.passagen.se/unik/skleros/demos/valdm2.zip [464357/464357] -> "hem.passagen.se_unik_skleros_20131103/unik/skleros/demos/valdm2.zip" [1]
2013-11-03 21:50:23 URL:http://hem.passagen.se/unik/skleros/demos/skaero.zip [462765/462765] -> "hem.passagen.se_unik_skleros_20131103/unik/skleros/demos/skaero.zip" [1]
2013-11-03 21:50:24 URL:http://hem.passagen.se/unik/skleros/demos/duel-skis1.zip [471415/471415] -> "hem.passagen.se_unik_skleros_20131103/unik/skleros/demos/duel-skis1.zip" [1]
2013-11-03 21:50:24 URL:http://hem.passagen.se/unik/skleros/files/priority.zip [15633/15633] -> "hem.passagen.se_unik_skleros_20131103/unik/skleros/files/priority.zip" [1]
2013-11-03 21:50:24 URL:http://hem.passagen.se/unik/skleros/files/fixent.zip [32405/32405] -> "hem.passagen.se_unik_skleros_20131103/unik/skleros/files/fixent.zip" [1]
2013-11-03 21:50:24 URL:http://hem.passagen.se/unik/skleros/files/tyrlite08.zip [52788/52788] -> "hem.passagen.se_unik_skleros_20131103/unik/skleros/files/tyrlite08.zip" [1]
2013-11-03 21:50:25 URL:http://hem.passagen.se/unik/skleros/files/kteam221.zip [273765/273765] -> "hem.passagen.se_unik_skleros_20131103/unik/skleros/files/kteam221.zip" [1]
2013-11-03 21:50:26 URL:http://hem.passagen.se/unik/skleros/files/qw233.zip [561599/561599] -> "hem.passagen.se_unik_skleros_20131103/unik/skleros/files/qw233.zip" [1]
2013-11-03 21:50:26 URL:http://hem.passagen.se/unik/skleros/files/wq100.zip [344416/344416] -> "hem.passagen.se_unik_skleros_20131103/unik/skleros/files/wq100.zip" [1]
2013-11-03 21:50:27 URL:http://hem.passagen.se/unik/skleros/files/crmod61.zip [262163/262163] -> "hem.passagen.se_unik_skleros_20131103/unik/skleros/files/crmod61.zip" [1]
2013-11-03 21:50:27 URL:http://hem.passagen.se/unik/skleros/files/skle.pak [197982/197982] -> "hem.passagen.se_unik_skleros_20131103/unik/skleros/files/skle.pak" [1]
2013-11-03 21:50:28 URL:http://hem.passagen.se/unik/skleros/files/qizmo291.zip [341682/341682] -> "hem.passagen.se_unik_skleros_20131103/unik/skleros/files/qizmo291.zip" [1]
2013-11-03 21:50:28 URL:http://hem.passagen.se/unik/skleros/files/locs.zip [58718/58718] -> "hem.passagen.se_unik_skleros_20131103/unik/skleros/files/locs.zip" [1]
2013-11-03 21:50:29 URL:http://hem.passagen.se/unik/skleros/files/locs2.zip [59491/59491] -> "hem.passagen.se_unik_skleros_20131103/unik/skleros/files/locs2.zip" [1]
2013-11-03 21:50:29 URL:http://hem.passagen.se/unik/skleros/files/cfgs.zip [8370/8370] -> "hem.passagen.se_unik_skleros_20131103/unik/skleros/files/cfgs.zip" [1]
2013-11-03 21:50:29 URL:http://hem.passagen.se/unik/skleros/files/qwsv24.zip [103234/103234] -> "hem.passagen.se_unik_skleros_20131103/unik/skleros/files/qwsv24.zip" [1]
2013-11-03 21:50:29 URL:http://hem.passagen.se/unik/skleros/tt1.html [2293/2293] -> "hem.passagen.se_unik_skleros_20131103/unik/skleros/tt1.html" [1]
2013-11-03 21:50:29 URL:http://hem.passagen.se/unik/skleros/tt2.html [2243/2243] -> "hem.passagen.se_unik_skleros_20131103/unik/skleros/tt2.html" [1]
2013-11-03 21:50:29 URL:http://hem.passagen.se/unik/skleros/tt3.html [2209/2209] -> "hem.passagen.se_unik_skleros_20131103/unik/skleros/tt3.html" [1]
2013-11-03 21:50:29 URL:http://hem.passagen.se/unik/skleros/tt4.html [2363/2363] -> "hem.passagen.se_unik_skleros_20131103/unik/skleros/tt4.html" [1]
2013-11-03 21:50:29 URL:http://hem.passagen.se/unik/skleros/tt5.html [2455/2455] -> "hem.passagen.se_unik_skleros_20131103/unik/skleros/tt5.html" [1]
2013-11-03 21:50:29 URL:http://hem.passagen.se/unik/skleros/tt6.html [2111/2111] -> "hem.passagen.se_unik_skleros_20131103/unik/skleros/tt6.html" [1]
2013-11-03 21:50:29 URL:http://hem.passagen.se/unik/skleros/tt7.html [2138/2138] -> "hem.passagen.se_unik_skleros_20131103/unik/skleros/tt7.html" [1]
2013-11-03 21:50:30 URL:http://hem.passagen.se/unik/skleros/tt8.html [2169/2169] -> "hem.passagen.se_unik_skleros_20131103/unik/skleros/tt8.html" [1]
2013-11-03 21:50:30 URL:http://hem.passagen.se/unik/skleros/tt9.html [2072/2072] -> "hem.passagen.se_unik_skleros_20131103/unik/skleros/tt9.html" [1]
2013-11-03 21:50:30 URL:http://hem.passagen.se/unik/skleros/tt10.html [2160/2160] -> "hem.passagen.se_unik_skleros_20131103/unik/skleros/tt10.html" [1]
2013-11-03 21:50:30 URL:http://hem.passagen.se/unik/skleros/screen/s_skis1a.gif [51679/51679] -> "hem.passagen.se_unik_skleros_20131103/unik/skleros/screen/s_skis1a.gif" [1]
2013-11-03 21:50:30 URL:http://hem.passagen.se/unik/skleros/gif/s_next.gif [114/114] -> "hem.passagen.se_unik_skleros_20131103/unik/skleros/gif/s_next.gif" [1]
2013-11-03 21:50:30 URL:http://hem.passagen.se/unik/skleros/screen/s_skis1b.gif [45638/45638] -> "hem.passagen.se_unik_skleros_20131103/unik/skleros/screen/s_skis1b.gif" [1]
2013-11-03 21:50:30 URL:http://hem.passagen.se/unik/skleros/gif/s_prev.gif [114/114] -> "hem.passagen.se_unik_skleros_20131103/unik/skleros/gif/s_prev.gif" [1]
2013-11-03 21:50:30 URL:http://hem.passagen.se/unik/skleros/screen/s_skis2a.gif [51948/51948] -> "hem.passagen.se_unik_skleros_20131103/unik/skleros/screen/s_skis2a.gif" [1]
2013-11-03 21:50:30 URL:http://hem.passagen.se/unik/skleros/screen/s_skis2b.gif [41418/41418] -> "hem.passagen.se_unik_skleros_20131103/unik/skleros/screen/s_skis2b.gif" [1]
2013-11-03 21:50:30 URL:http://hem.passagen.se/unik/skleros/screen/s_skis3a.gif [55922/55922] -> "hem.passagen.se_unik_skleros_20131103/unik/skleros/screen/s_skis3a.gif" [1]
2013-11-03 21:50:30 URL:http://hem.passagen.se/unik/skleros/screen/s_skis3b.gif [37028/37028] -> "hem.passagen.se_unik_skleros_20131103/unik/skleros/screen/s_skis3b.gif" [1]
2013-11-03 21:50:30 URL:http://hem.passagen.se/unik/skleros/screen/s_skis4a.gif [59965/59965] -> "hem.passagen.se_unik_skleros_20131103/unik/skleros/screen/s_skis4a.gif" [1]
2013-11-03 21:50:31 URL:http://hem.passagen.se/unik/skleros/screen/s_skis4b.gif [50843/50843] -> "hem.passagen.se_unik_skleros_20131103/unik/skleros/screen/s_skis4b.gif" [1]
2013-11-03 21:50:31 URL:http://hem.passagen.se/unik/skleros/screen/s_skis5a.gif [57229/57229] -> "hem.passagen.se_unik_skleros_20131103/unik/skleros/screen/s_skis5a.gif" [1]
2013-11-03 21:50:31 URL:http://hem.passagen.se/unik/skleros/screen/s_skis5b.gif [62597/62597] -> "hem.passagen.se_unik_skleros_20131103/unik/skleros/screen/s_skis5b.gif" [1]
2013-11-03 21:50:31 URL:http://hem.passagen.se/unik/skleros/screen/s_skisena.gif [56079/56079] -> "hem.passagen.se_unik_skleros_20131103/unik/skleros/screen/s_skisena.gif" [1]
2013-11-03 21:50:31 URL:http://hem.passagen.se/unik/skleros/screen/s_skisenb.gif [50604/50604] -> "hem.passagen.se_unik_skleros_20131103/unik/skleros/screen/s_skisenb.gif" [1]
2013-11-03 21:50:31 URL:http://hem.passagen.se/unik/skleros/screen/s_wasdm1a.gif [42376/42376] -> "hem.passagen.se_unik_skleros_20131103/unik/skleros/screen/s_wasdm1a.gif" [1]
2013-11-03 21:50:31 URL:http://hem.passagen.se/unik/skleros/screen/s_wasdm1b.gif [39937/39937] -> "hem.passagen.se_unik_skleros_20131103/unik/skleros/screen/s_wasdm1b.gif" [1]
2013-11-03 21:50:31 URL:http://hem.passagen.se/unik/skleros/screen/s_honkena.gif [62115/62115] -> "hem.passagen.se_unik_skleros_20131103/unik/skleros/screen/s_honkena.gif" [1]
2013-11-03 21:50:32 URL:http://hem.passagen.se/unik/skleros/screen/s_honkenb.gif [50861/50861] -> "hem.passagen.se_unik_skleros_20131103/unik/skleros/screen/s_honkenb.gif" [1]
2013-11-03 21:50:32 URL:http://hem.passagen.se/unik/skleros/screen/s_valhalla.gif [62261/62261] -> "hem.passagen.se_unik_skleros_20131103/unik/skleros/screen/s_valhalla.gif" [1]
2013-11-03 21:50:32 URL:http://hem.passagen.se/unik/skleros/screen/s_valhallb.gif [74360/74360] -> "hem.passagen.se_unik_skleros_20131103/unik/skleros/screen/s_valhallb.gif" [1]
2013-11-03 21:50:32 URL:http://hem.passagen.se/unik/skleros/screen/s_q3skis4.jpg [24654/24654] -> "hem.passagen.se_unik_skleros_20131103/unik/skleros/screen/s_q3skis4.jpg" [1]
2013-11-03 21:50:32 URL:http://hem.passagen.se/unik/skleros/screen/naked5.gif [37773/37773] -> "hem.passagen.se_unik_skleros_20131103/unik/skleros/screen/naked5.gif" [1]
2013-11-03 21:50:32 URL:http://hem.passagen.se/unik/skleros/screen/zed2.gif [40222/40222] -> "hem.passagen.se_unik_skleros_20131103/unik/skleros/screen/zed2.gif" [1]
2013-11-03 21:50:32 URL:http://hem.passagen.se/unik/skleros/screen/arma2.gif [38769/38769] -> "hem.passagen.se_unik_skleros_20131103/unik/skleros/screen/arma2.gif" [1]
2013-11-03 21:50:32 URL:http://hem.passagen.se/unik/skleros/screen/warfare3.gif [42355/42355] -> "hem.passagen.se_unik_skleros_20131103/unik/skleros/screen/warfare3.gif" [1]
2013-11-03 21:50:32 URL:http://hem.passagen.se/unik/skleros/screen/kikdm6.gif [40028/40028] -> "hem.passagen.se_unik_skleros_20131103/unik/skleros/screen/kikdm6.gif" [1]
2013-11-03 21:50:32 URL:http://hem.passagen.se/unik/skleros/screen/ztndm3.gif [44633/44633] -> "hem.passagen.se_unik_skleros_20131103/unik/skleros/screen/ztndm3.gif" [1]
2013-11-03 21:50:32 URL:http://hem.passagen.se/unik/skleros/screen/efdm12.gif [34148/34148] -> "hem.passagen.se_unik_skleros_20131103/unik/skleros/screen/efdm12.gif" [1]
2013-11-03 21:50:33 URL:http://hem.passagen.se/unik/skleros/screen/ikspq2.gif [35133/35133] -> "hem.passagen.se_unik_skleros_20131103/unik/skleros/screen/ikspq2.gif" [1]
2013-11-03 21:50:33 URL:http://hem.passagen.se/unik/skleros/screen/efdm9.gif [45054/45054] -> "hem.passagen.se_unik_skleros_20131103/unik/skleros/screen/efdm9.gif" [1]
2013-11-03 21:50:33 URL:http://hem.passagen.se/unik/skleros/screen/dapak12.gif [44272/44272] -> "hem.passagen.se_unik_skleros_20131103/unik/skleros/screen/dapak12.gif" [1]
FINISHED --2013-11-03 21:50:33--
Total wall clock time: 24s
Downloaded: 149 files, 13M in 5.8s (2.21 MB/s)
