2014-07-03 21:50:01 URL:http://homepages.nildram.co.uk/~moonrise/matt/ [11319] -> "homepages.nildram.co.uk_moonrise_matt_20140703/~moonrise/matt/index.html" [1]
Cookie coming from www.talktalk.co.uk attempted to set domain to tiscali.co.uk
2014-07-03 21:50:04 URL:https://sales.talktalk.co.uk/ [134233] -> "homepages.nildram.co.uk_moonrise_matt_20140703/icons/blank.gif.html" [1]
2014-07-03 21:50:04 URL:http://homepages.nildram.co.uk/~moonrise/matt/?C=N;O=D [11319] -> "homepages.nildram.co.uk_moonrise_matt_20140703/~moonrise/matt/index.html?C=N;O=D.html" [1]
2014-07-03 21:50:04 URL:http://homepages.nildram.co.uk/~moonrise/matt/?C=M;O=A [11319] -> "homepages.nildram.co.uk_moonrise_matt_20140703/~moonrise/matt/index.html?C=M;O=A.html" [1]
2014-07-03 21:50:04 URL:http://homepages.nildram.co.uk/~moonrise/matt/?C=S;O=A [11319] -> "homepages.nildram.co.uk_moonrise_matt_20140703/~moonrise/matt/index.html?C=S;O=A.html" [1]
2014-07-03 21:50:04 URL:http://homepages.nildram.co.uk/~moonrise/matt/?C=D;O=A [11319] -> "homepages.nildram.co.uk_moonrise_matt_20140703/~moonrise/matt/index.html?C=D;O=A.html" [1]
Cookie coming from www.talktalk.co.uk attempted to set domain to tiscali.co.uk
2014-07-03 21:50:06 URL:https://sales.talktalk.co.uk/ [134233] -> "homepages.nildram.co.uk_moonrise_matt_20140703/icons/back.gif.html" [1]
Cookie coming from www.talktalk.co.uk attempted to set domain to tiscali.co.uk
2014-07-03 21:50:08 URL:https://sales.talktalk.co.uk/ [134233] -> "homepages.nildram.co.uk_moonrise_matt_20140703/icons/unknown.gif.html" [1]
2014-07-03 21:50:08 URL:http://homepages.nildram.co.uk/~moonrise/matt/Gandhi%20BC-0375.CivBeyondSwordSave [123412/123412] -> "homepages.nildram.co.uk_moonrise_matt_20140703/~moonrise/matt/Gandhi BC-0375.CivBeyondSwordSave" [1]
Cookie coming from www.talktalk.co.uk attempted to set domain to tiscali.co.uk
2014-07-03 21:50:10 URL:https://sales.talktalk.co.uk/ [134233] -> "homepages.nildram.co.uk_moonrise_matt_20140703/icons/image2.gif.html" [1]
2014-07-03 21:50:10 URL:http://homepages.nildram.co.uk/~moonrise/matt/Grass10.jpg [15046/15046] -> "homepages.nildram.co.uk_moonrise_matt_20140703/~moonrise/matt/Grass10.jpg" [1]
Cookie coming from www.talktalk.co.uk attempted to set domain to tiscali.co.uk
2014-07-03 21:50:12 URL:https://sales.talktalk.co.uk/ [134233] -> "homepages.nildram.co.uk_moonrise_matt_20140703/icons/compressed.gif.html" [1]
2014-07-03 21:50:13 URL:http://homepages.nildram.co.uk/~moonrise/matt/Grass10.zip [328934/328934] -> "homepages.nildram.co.uk_moonrise_matt_20140703/~moonrise/matt/Grass10.zip" [1]
2014-07-03 21:50:14 URL:http://homepages.nildram.co.uk/~moonrise/matt/NormalCube.zip [625849/625849] -> "homepages.nildram.co.uk_moonrise_matt_20140703/~moonrise/matt/NormalCube.zip" [1]
2014-07-03 21:50:14 URL:http://homepages.nildram.co.uk/~moonrise/matt/NormalMap22.zip [211884/211884] -> "homepages.nildram.co.uk_moonrise_matt_20140703/~moonrise/matt/NormalMap22.zip" [1]
2014-07-03 21:50:14 URL:http://homepages.nildram.co.uk/~moonrise/matt/Parallax20.jpg [8102/8102] -> "homepages.nildram.co.uk_moonrise_matt_20140703/~moonrise/matt/Parallax20.jpg" [1]
2014-07-03 21:50:15 URL:http://homepages.nildram.co.uk/~moonrise/matt/Parallax20.zip [289165/289165] -> "homepages.nildram.co.uk_moonrise_matt_20140703/~moonrise/matt/Parallax20.zip" [1]
2014-07-03 21:50:15 URL:http://homepages.nildram.co.uk/~moonrise/matt/PhongHolo10.jpg [12410/12410] -> "homepages.nildram.co.uk_moonrise_matt_20140703/~moonrise/matt/PhongHolo10.jpg" [1]
2014-07-03 21:50:15 URL:http://homepages.nildram.co.uk/~moonrise/matt/PhongHolo10.zip [52214/52214] -> "homepages.nildram.co.uk_moonrise_matt_20140703/~moonrise/matt/PhongHolo10.zip" [1]
2014-07-03 21:50:16 URL:http://homepages.nildram.co.uk/~moonrise/matt/QuakeMatt.zip [668782/668782] -> "homepages.nildram.co.uk_moonrise_matt_20140703/~moonrise/matt/QuakeMatt.zip" [1]
2014-07-03 21:50:16 URL:http://homepages.nildram.co.uk/~moonrise/matt/Thermal10.jpg [5484/5484] -> "homepages.nildram.co.uk_moonrise_matt_20140703/~moonrise/matt/Thermal10.jpg" [1]
2014-07-03 21:50:16 URL:http://homepages.nildram.co.uk/~moonrise/matt/Thermal10.zip [93671/93671] -> "homepages.nildram.co.uk_moonrise_matt_20140703/~moonrise/matt/Thermal10.zip" [1]
2014-07-03 21:50:16 URL:http://homepages.nildram.co.uk/~moonrise/matt/Thermal11.zip [93832/93832] -> "homepages.nildram.co.uk_moonrise_matt_20140703/~moonrise/matt/Thermal11.zip" [1]
2014-07-03 21:50:17 URL:http://homepages.nildram.co.uk/~moonrise/matt/bluemonsters.jpg [73198/73198] -> "homepages.nildram.co.uk_moonrise_matt_20140703/~moonrise/matt/bluemonsters.jpg" [1]
Cookie coming from www.talktalk.co.uk attempted to set domain to tiscali.co.uk
2014-07-03 21:50:18 URL:https://sales.talktalk.co.uk/ [134233] -> "homepages.nildram.co.uk_moonrise_matt_20140703/icons/folder.gif.html" [1]
2014-07-03 21:50:18 URL:http://homepages.nildram.co.uk/~moonrise/matt/cats/ [2954/2954] -> "homepages.nildram.co.uk_moonrise_matt_20140703/~moonrise/matt/cats/index.html" [1]
2014-07-03 21:50:20 URL:http://homepages.nildram.co.uk/~moonrise/matt/coopmod10.zip [735820/735820] -> "homepages.nildram.co.uk_moonrise_matt_20140703/~moonrise/matt/coopmod10.zip" [1]
2014-07-03 21:50:20 URL:http://homepages.nildram.co.uk/~moonrise/matt/dogbug.zip [66092/66092] -> "homepages.nildram.co.uk_moonrise_matt_20140703/~moonrise/matt/dogbug.zip" [1]
2014-07-03 21:50:20 URL:http://homepages.nildram.co.uk/~moonrise/matt/dow_replays/ [1643/1643] -> "homepages.nildram.co.uk_moonrise_matt_20140703/~moonrise/matt/dow_replays/index.html" [1]
2014-07-03 21:50:20 URL:http://homepages.nildram.co.uk/~moonrise/matt/flag_purplepeople.jpg [3915/3915] -> "homepages.nildram.co.uk_moonrise_matt_20140703/~moonrise/matt/flag_purplepeople.jpg" [1]
2014-07-03 21:50:20 URL:http://homepages.nildram.co.uk/~moonrise/matt/flag_quakeclan.jpg [3995/3995] -> "homepages.nildram.co.uk_moonrise_matt_20140703/~moonrise/matt/flag_quakeclan.jpg" [1]
2014-07-03 21:50:20 URL:http://homepages.nildram.co.uk/~moonrise/matt/flag_quakecompany.jpg [4526/4526] -> "homepages.nildram.co.uk_moonrise_matt_20140703/~moonrise/matt/flag_quakecompany.jpg" [1]
2014-07-03 21:50:20 URL:http://homepages.nildram.co.uk/~moonrise/matt/flag_quakecompany.png [4253/4253] -> "homepages.nildram.co.uk_moonrise_matt_20140703/~moonrise/matt/flag_quakecompany.png" [1]
2014-07-03 21:50:20 URL:http://homepages.nildram.co.uk/~moonrise/matt/flag_quakelegion.jpg [3655/3655] -> "homepages.nildram.co.uk_moonrise_matt_20140703/~moonrise/matt/flag_quakelegion.jpg" [1]
2014-07-03 21:50:35 URL:http://homepages.nildram.co.uk/~moonrise/matt/gamepack.rar [21387365/21387365] -> "homepages.nildram.co.uk_moonrise_matt_20140703/~moonrise/matt/gamepack.rar" [1]
2014-07-03 21:50:37 URL:http://homepages.nildram.co.uk/~moonrise/matt/gorectf.rar [1704653/1704653] -> "homepages.nildram.co.uk_moonrise_matt_20140703/~moonrise/matt/gorectf.rar" [1]
2014-07-03 21:50:37 URL:http://homepages.nildram.co.uk/~moonrise/matt/gyro.zip [246297/246297] -> "homepages.nildram.co.uk_moonrise_matt_20140703/~moonrise/matt/gyro.zip" [1]
2014-07-03 21:50:37 URL:http://homepages.nildram.co.uk/~moonrise/matt/gyro2_20.rar [24392/24392] -> "homepages.nildram.co.uk_moonrise_matt_20140703/~moonrise/matt/gyro2_20.rar" [1]
2014-07-03 21:50:37 URL:http://homepages.nildram.co.uk/~moonrise/matt/gyro2_alpha1.zip [11161/11161] -> "homepages.nildram.co.uk_moonrise_matt_20140703/~moonrise/matt/gyro2_alpha1.zip" [1]
2014-07-03 21:50:37 URL:http://homepages.nildram.co.uk/~moonrise/matt/gyro11beta.zip [11174/11174] -> "homepages.nildram.co.uk_moonrise_matt_20140703/~moonrise/matt/gyro11beta.zip" [1]
2014-07-03 21:50:38 URL:http://homepages.nildram.co.uk/~moonrise/matt/gyro_frikbots.rar [305536/305536] -> "homepages.nildram.co.uk_moonrise_matt_20140703/~moonrise/matt/gyro_frikbots.rar" [1]
2014-07-03 21:50:38 URL:http://homepages.nildram.co.uk/~moonrise/matt/haloatc/ [1288/1288] -> "homepages.nildram.co.uk_moonrise_matt_20140703/~moonrise/matt/haloatc/index.html" [1]
2014-07-03 21:50:38 URL:http://homepages.nildram.co.uk/~moonrise/matt/magicdecks.zip [18684/18684] -> "homepages.nildram.co.uk_moonrise_matt_20140703/~moonrise/matt/magicdecks.zip" [1]
Cookie coming from www.talktalk.co.uk attempted to set domain to tiscali.co.uk
2014-07-03 21:50:39 URL:https://sales.talktalk.co.uk/ [134233] -> "homepages.nildram.co.uk_moonrise_matt_20140703/icons/text.gif.html" [1]
2014-07-03 21:50:40 URL:http://homepages.nildram.co.uk/~moonrise/matt/matt_errors.txt [6688/6688] -> "homepages.nildram.co.uk_moonrise_matt_20140703/~moonrise/matt/matt_errors.txt" [1]
2014-07-03 21:50:40 URL:http://homepages.nildram.co.uk/~moonrise/matt/ninjamatt_96x96.jpg [4091/4091] -> "homepages.nildram.co.uk_moonrise_matt_20140703/~moonrise/matt/ninjamatt_96x96.jpg" [1]
2014-07-03 21:50:40 URL:http://homepages.nildram.co.uk/~moonrise/matt/nobles_brennus/ [2132/2132] -> "homepages.nildram.co.uk_moonrise_matt_20140703/~moonrise/matt/nobles_brennus/index.html" [1]
2014-07-03 21:50:40 URL:http://homepages.nildram.co.uk/~moonrise/matt/panzer_inside3dlogo.jpg [13565/13565] -> "homepages.nildram.co.uk_moonrise_matt_20140703/~moonrise/matt/panzer_inside3dlogo.jpg" [1]
2014-07-03 21:50:40 URL:http://homepages.nildram.co.uk/~moonrise/matt/panzer_quakedevlogo.jpg [14179/14179] -> "homepages.nildram.co.uk_moonrise_matt_20140703/~moonrise/matt/panzer_quakedevlogo.jpg" [1]
2014-07-03 21:50:50 URL:http://homepages.nildram.co.uk/~moonrise/matt/panzerbeta1.zip [2294420/2294420] -> "homepages.nildram.co.uk_moonrise_matt_20140703/~moonrise/matt/panzerbeta1.zip" [1]
2014-07-03 21:50:50 URL:http://homepages.nildram.co.uk/~moonrise/matt/panzermap.jpg [37364/37364] -> "homepages.nildram.co.uk_moonrise_matt_20140703/~moonrise/matt/panzermap.jpg" [1]
2014-07-03 21:50:50 URL:http://homepages.nildram.co.uk/~moonrise/matt/poor_purple.png [6269/6269] -> "homepages.nildram.co.uk_moonrise_matt_20140703/~moonrise/matt/poor_purple.png" [1]
2014-07-03 21:50:50 URL:http://homepages.nildram.co.uk/~moonrise/matt/quakeflag.jpg [2545/2545] -> "homepages.nildram.co.uk_moonrise_matt_20140703/~moonrise/matt/quakeflag.jpg" [1]
2014-07-03 21:50:51 URL:http://homepages.nildram.co.uk/~moonrise/matt/quakematt_80x80.jpg [3518/3518] -> "homepages.nildram.co.uk_moonrise_matt_20140703/~moonrise/matt/quakematt_80x80.jpg" [1]
2014-07-03 21:50:51 URL:http://homepages.nildram.co.uk/~moonrise/matt/quakematt_96x96.jpg [7042/7042] -> "homepages.nildram.co.uk_moonrise_matt_20140703/~moonrise/matt/quakematt_96x96.jpg" [1]
2014-07-03 21:50:52 URL:http://homepages.nildram.co.uk/~moonrise/matt/reinforcer.zip [396306/396306] -> "homepages.nildram.co.uk_moonrise_matt_20140703/~moonrise/matt/reinforcer.zip" [1]
2014-07-03 21:50:53 URL:http://homepages.nildram.co.uk/~moonrise/matt/reinforcer11.zip [294327/294327] -> "homepages.nildram.co.uk_moonrise_matt_20140703/~moonrise/matt/reinforcer11.zip" [1]
2014-07-03 21:50:54 URL:http://homepages.nildram.co.uk/~moonrise/matt/remove_problem.txt [192/192] -> "homepages.nildram.co.uk_moonrise_matt_20140703/~moonrise/matt/remove_problem.txt" [1]
2014-07-03 21:51:04 URL:http://homepages.nildram.co.uk/~moonrise/matt/sherman2.zip [9897269/9897269] -> "homepages.nildram.co.uk_moonrise_matt_20140703/~moonrise/matt/sherman2.zip" [1]
2014-07-03 21:51:04 URL:http://homepages.nildram.co.uk/~moonrise/matt/vnc_authentication.jpg [26525/26525] -> "homepages.nildram.co.uk_moonrise_matt_20140703/~moonrise/matt/vnc_authentication.jpg" [1]
2014-07-03 21:51:04 URL:http://homepages.nildram.co.uk/~moonrise/matt/vnc_connections.jpg [31637/31637] -> "homepages.nildram.co.uk_moonrise_matt_20140703/~moonrise/matt/vnc_connections.jpg" [1]
2014-07-03 21:51:04 URL:http://homepages.nildram.co.uk/~moonrise/matt/wonkylava.jpg [27093/27093] -> "homepages.nildram.co.uk_moonrise_matt_20140703/~moonrise/matt/wonkylava.jpg" [1]
2014-07-03 21:51:04 URL:http://homepages.nildram.co.uk/~moonrise/matt/?C=N;O=A [11319] -> "homepages.nildram.co.uk_moonrise_matt_20140703/~moonrise/matt/index.html?C=N;O=A.html" [1]
2014-07-03 21:51:05 URL:http://homepages.nildram.co.uk/~moonrise/matt/?C=M;O=D [11319] -> "homepages.nildram.co.uk_moonrise_matt_20140703/~moonrise/matt/index.html?C=M;O=D.html" [1]
2014-07-03 21:51:05 URL:http://homepages.nildram.co.uk/~moonrise/matt/?C=S;O=D [11319] -> "homepages.nildram.co.uk_moonrise_matt_20140703/~moonrise/matt/index.html?C=S;O=D.html" [1]
2014-07-03 21:51:05 URL:http://homepages.nildram.co.uk/~moonrise/matt/?C=D;O=D [11319] -> "homepages.nildram.co.uk_moonrise_matt_20140703/~moonrise/matt/index.html?C=D;O=D.html" [1]
2014-07-03 21:51:05 URL:http://homepages.nildram.co.uk/~moonrise/matt/cats/?C=N;O=D [2954/2954] -> "homepages.nildram.co.uk_moonrise_matt_20140703/~moonrise/matt/cats/index.html?C=N;O=D.html" [1]
2014-07-03 21:51:05 URL:http://homepages.nildram.co.uk/~moonrise/matt/cats/?C=M;O=A [2954/2954] -> "homepages.nildram.co.uk_moonrise_matt_20140703/~moonrise/matt/cats/index.html?C=M;O=A.html" [1]
2014-07-03 21:51:05 URL:http://homepages.nildram.co.uk/~moonrise/matt/cats/?C=S;O=A [2954/2954] -> "homepages.nildram.co.uk_moonrise_matt_20140703/~moonrise/matt/cats/index.html?C=S;O=A.html" [1]
2014-07-03 21:51:05 URL:http://homepages.nildram.co.uk/~moonrise/matt/cats/?C=D;O=A [2954/2954] -> "homepages.nildram.co.uk_moonrise_matt_20140703/~moonrise/matt/cats/index.html?C=D;O=A.html" [1]
2014-07-03 21:51:05 URL:http://homepages.nildram.co.uk/~moonrise/matt/cats/QuakeCat0.jpg [7169/7169] -> "homepages.nildram.co.uk_moonrise_matt_20140703/~moonrise/matt/cats/QuakeCat0.jpg" [1]
2014-07-03 21:51:05 URL:http://homepages.nildram.co.uk/~moonrise/matt/cats/QuakeCat1.jpg [6089/6089] -> "homepages.nildram.co.uk_moonrise_matt_20140703/~moonrise/matt/cats/QuakeCat1.jpg" [1]
2014-07-03 21:51:06 URL:http://homepages.nildram.co.uk/~moonrise/matt/cats/QuakeCat2.jpg [6108/6108] -> "homepages.nildram.co.uk_moonrise_matt_20140703/~moonrise/matt/cats/QuakeCat2.jpg" [1]
2014-07-03 21:51:06 URL:http://homepages.nildram.co.uk/~moonrise/matt/cats/QuakeCat3.jpg [7194/7194] -> "homepages.nildram.co.uk_moonrise_matt_20140703/~moonrise/matt/cats/QuakeCat3.jpg" [1]
2014-07-03 21:51:06 URL:http://homepages.nildram.co.uk/~moonrise/matt/cats/QuakeCat4.jpg [6635/6635] -> "homepages.nildram.co.uk_moonrise_matt_20140703/~moonrise/matt/cats/QuakeCat4.jpg" [1]
2014-07-03 21:51:06 URL:http://homepages.nildram.co.uk/~moonrise/matt/cats/QuakeCat5.jpg [7017/7017] -> "homepages.nildram.co.uk_moonrise_matt_20140703/~moonrise/matt/cats/QuakeCat5.jpg" [1]
2014-07-03 21:51:06 URL:http://homepages.nildram.co.uk/~moonrise/matt/cats/QuakeCat6.jpg [5984/5984] -> "homepages.nildram.co.uk_moonrise_matt_20140703/~moonrise/matt/cats/QuakeCat6.jpg" [1]
2014-07-03 21:51:06 URL:http://homepages.nildram.co.uk/~moonrise/matt/cats/QuakeCat7.jpg [7466/7466] -> "homepages.nildram.co.uk_moonrise_matt_20140703/~moonrise/matt/cats/QuakeCat7.jpg" [1]
2014-07-03 21:51:06 URL:http://homepages.nildram.co.uk/~moonrise/matt/cats/QuakeCat8.jpg [6729/6729] -> "homepages.nildram.co.uk_moonrise_matt_20140703/~moonrise/matt/cats/QuakeCat8.jpg" [1]
2014-07-03 21:51:06 URL:http://homepages.nildram.co.uk/~moonrise/matt/cats/QuakeCat9.jpg [6146/6146] -> "homepages.nildram.co.uk_moonrise_matt_20140703/~moonrise/matt/cats/QuakeCat9.jpg" [1]
2014-07-03 21:51:07 URL:http://homepages.nildram.co.uk/~moonrise/matt/cats/QuakeMatt.jpg [7042/7042] -> "homepages.nildram.co.uk_moonrise_matt_20140703/~moonrise/matt/cats/QuakeMatt.jpg" [1]
2014-07-03 21:51:07 URL:http://homepages.nildram.co.uk/~moonrise/matt/dow_replays/?C=N;O=D [1643/1643] -> "homepages.nildram.co.uk_moonrise_matt_20140703/~moonrise/matt/dow_replays/index.html?C=N;O=D.html" [1]
2014-07-03 21:51:07 URL:http://homepages.nildram.co.uk/~moonrise/matt/dow_replays/?C=M;O=A [1643/1643] -> "homepages.nildram.co.uk_moonrise_matt_20140703/~moonrise/matt/dow_replays/index.html?C=M;O=A.html" [1]
2014-07-03 21:51:07 URL:http://homepages.nildram.co.uk/~moonrise/matt/dow_replays/?C=S;O=A [1643/1643] -> "homepages.nildram.co.uk_moonrise_matt_20140703/~moonrise/matt/dow_replays/index.html?C=S;O=A.html" [1]
2014-07-03 21:51:07 URL:http://homepages.nildram.co.uk/~moonrise/matt/dow_replays/?C=D;O=A [1643/1643] -> "homepages.nildram.co.uk_moonrise_matt_20140703/~moonrise/matt/dow_replays/index.html?C=D;O=A.html" [1]
2014-07-03 21:51:08 URL:http://homepages.nildram.co.uk/~moonrise/matt/dow_replays/1v1_against_jiggon_chaos.zip [109082/109082] -> "homepages.nildram.co.uk_moonrise_matt_20140703/~moonrise/matt/dow_replays/1v1_against_jiggon_chaos.zip" [1]
2014-07-03 21:51:08 URL:http://homepages.nildram.co.uk/~moonrise/matt/dow_replays/2v2_maelstrom_of_battle.zip [240510/240510] -> "homepages.nildram.co.uk_moonrise_matt_20140703/~moonrise/matt/dow_replays/2v2_maelstrom_of_battle.zip" [1]
2014-07-03 21:51:09 URL:http://homepages.nildram.co.uk/~moonrise/matt/dow_replays/3_dowpro_lan_reps.zip [555382/555382] -> "homepages.nildram.co.uk_moonrise_matt_20140703/~moonrise/matt/dow_replays/3_dowpro_lan_reps.zip" [1]
2014-07-03 21:51:10 URL:http://homepages.nildram.co.uk/~moonrise/matt/dow_replays/3_dowpro_sunday_skirmishes.zip [575397/575397] -> "homepages.nildram.co.uk_moonrise_matt_20140703/~moonrise/matt/dow_replays/3_dowpro_sunday_skirmishes.zip" [1]
2014-07-03 21:51:10 URL:http://homepages.nildram.co.uk/~moonrise/matt/haloatc/?C=N;O=D [1288/1288] -> "homepages.nildram.co.uk_moonrise_matt_20140703/~moonrise/matt/haloatc/index.html?C=N;O=D.html" [1]
2014-07-03 21:51:10 URL:http://homepages.nildram.co.uk/~moonrise/matt/haloatc/?C=M;O=A [1288/1288] -> "homepages.nildram.co.uk_moonrise_matt_20140703/~moonrise/matt/haloatc/index.html?C=M;O=A.html" [1]
2014-07-03 21:51:11 URL:http://homepages.nildram.co.uk/~moonrise/matt/haloatc/?C=S;O=A [1288/1288] -> "homepages.nildram.co.uk_moonrise_matt_20140703/~moonrise/matt/haloatc/index.html?C=S;O=A.html" [1]
2014-07-03 21:51:11 URL:http://homepages.nildram.co.uk/~moonrise/matt/haloatc/?C=D;O=A [1288/1288] -> "homepages.nildram.co.uk_moonrise_matt_20140703/~moonrise/matt/haloatc/index.html?C=D;O=A.html" [1]
2014-07-03 21:51:11 URL:http://homepages.nildram.co.uk/~moonrise/matt/haloatc/coag01.jpg [70849/70849] -> "homepages.nildram.co.uk_moonrise_matt_20140703/~moonrise/matt/haloatc/coag01.jpg" [1]
2014-07-03 21:51:11 URL:http://homepages.nildram.co.uk/~moonrise/matt/haloatc/coag02.jpg [76190/76190] -> "homepages.nildram.co.uk_moonrise_matt_20140703/~moonrise/matt/haloatc/coag02.jpg" [1]
2014-07-03 21:51:12 URL:http://homepages.nildram.co.uk/~moonrise/matt/haloatc/screen1.jpg [142450/142450] -> "homepages.nildram.co.uk_moonrise_matt_20140703/~moonrise/matt/haloatc/screen1.jpg" [1]
2014-07-03 21:51:12 URL:http://homepages.nildram.co.uk/~moonrise/matt/nobles_brennus/?C=N;O=D [2132/2132] -> "homepages.nildram.co.uk_moonrise_matt_20140703/~moonrise/matt/nobles_brennus/index.html?C=N;O=D.html" [1]
2014-07-03 21:51:12 URL:http://homepages.nildram.co.uk/~moonrise/matt/nobles_brennus/?C=M;O=A [2132/2132] -> "homepages.nildram.co.uk_moonrise_matt_20140703/~moonrise/matt/nobles_brennus/index.html?C=M;O=A.html" [1]
2014-07-03 21:51:12 URL:http://homepages.nildram.co.uk/~moonrise/matt/nobles_brennus/?C=S;O=A [2132/2132] -> "homepages.nildram.co.uk_moonrise_matt_20140703/~moonrise/matt/nobles_brennus/index.html?C=S;O=A.html" [1]
2014-07-03 21:51:12 URL:http://homepages.nildram.co.uk/~moonrise/matt/nobles_brennus/?C=D;O=A [2132/2132] -> "homepages.nildram.co.uk_moonrise_matt_20140703/~moonrise/matt/nobles_brennus/index.html?C=D;O=A.html" [1]
2014-07-03 21:51:13 URL:http://homepages.nildram.co.uk/~moonrise/matt/nobles_brennus/screen00.jpg [83545/83545] -> "homepages.nildram.co.uk_moonrise_matt_20140703/~moonrise/matt/nobles_brennus/screen00.jpg" [1]
2014-07-03 21:51:13 URL:http://homepages.nildram.co.uk/~moonrise/matt/nobles_brennus/screen01.jpg [56158/56158] -> "homepages.nildram.co.uk_moonrise_matt_20140703/~moonrise/matt/nobles_brennus/screen01.jpg" [1]
2014-07-03 21:51:13 URL:http://homepages.nildram.co.uk/~moonrise/matt/nobles_brennus/screen02.jpg [133802/133802] -> "homepages.nildram.co.uk_moonrise_matt_20140703/~moonrise/matt/nobles_brennus/screen02.jpg" [1]
2014-07-03 21:51:13 URL:http://homepages.nildram.co.uk/~moonrise/matt/nobles_brennus/screen03.jpg [86954/86954] -> "homepages.nildram.co.uk_moonrise_matt_20140703/~moonrise/matt/nobles_brennus/screen03.jpg" [1]
2014-07-03 21:51:14 URL:http://homepages.nildram.co.uk/~moonrise/matt/nobles_brennus/screen04.jpg [68606/68606] -> "homepages.nildram.co.uk_moonrise_matt_20140703/~moonrise/matt/nobles_brennus/screen04.jpg" [1]
2014-07-03 21:51:14 URL:http://homepages.nildram.co.uk/~moonrise/matt/nobles_brennus/screen05.jpg [79994/79994] -> "homepages.nildram.co.uk_moonrise_matt_20140703/~moonrise/matt/nobles_brennus/screen05.jpg" [1]
2014-07-03 21:51:14 URL:http://homepages.nildram.co.uk/~moonrise/matt/nobles_brennus/screen06.jpg [89551/89551] -> "homepages.nildram.co.uk_moonrise_matt_20140703/~moonrise/matt/nobles_brennus/screen06.jpg" [1]
2014-07-03 21:51:14 URL:http://homepages.nildram.co.uk/~moonrise/matt/cats/?C=N;O=A [2954/2954] -> "homepages.nildram.co.uk_moonrise_matt_20140703/~moonrise/matt/cats/index.html?C=N;O=A.html" [1]
2014-07-03 21:51:14 URL:http://homepages.nildram.co.uk/~moonrise/matt/cats/?C=M;O=D [2954/2954] -> "homepages.nildram.co.uk_moonrise_matt_20140703/~moonrise/matt/cats/index.html?C=M;O=D.html" [1]
2014-07-03 21:51:15 URL:http://homepages.nildram.co.uk/~moonrise/matt/cats/?C=S;O=D [2954/2954] -> "homepages.nildram.co.uk_moonrise_matt_20140703/~moonrise/matt/cats/index.html?C=S;O=D.html" [1]
2014-07-03 21:51:15 URL:http://homepages.nildram.co.uk/~moonrise/matt/cats/?C=D;O=D [2954/2954] -> "homepages.nildram.co.uk_moonrise_matt_20140703/~moonrise/matt/cats/index.html?C=D;O=D.html" [1]
2014-07-03 21:51:15 URL:http://homepages.nildram.co.uk/~moonrise/matt/dow_replays/?C=N;O=A [1643/1643] -> "homepages.nildram.co.uk_moonrise_matt_20140703/~moonrise/matt/dow_replays/index.html?C=N;O=A.html" [1]
2014-07-03 21:51:15 URL:http://homepages.nildram.co.uk/~moonrise/matt/dow_replays/?C=M;O=D [1643/1643] -> "homepages.nildram.co.uk_moonrise_matt_20140703/~moonrise/matt/dow_replays/index.html?C=M;O=D.html" [1]
2014-07-03 21:51:15 URL:http://homepages.nildram.co.uk/~moonrise/matt/dow_replays/?C=S;O=D [1643/1643] -> "homepages.nildram.co.uk_moonrise_matt_20140703/~moonrise/matt/dow_replays/index.html?C=S;O=D.html" [1]
2014-07-03 21:51:16 URL:http://homepages.nildram.co.uk/~moonrise/matt/dow_replays/?C=D;O=D [1643/1643] -> "homepages.nildram.co.uk_moonrise_matt_20140703/~moonrise/matt/dow_replays/index.html?C=D;O=D.html" [1]
2014-07-03 21:51:16 URL:http://homepages.nildram.co.uk/~moonrise/matt/haloatc/?C=N;O=A [1288/1288] -> "homepages.nildram.co.uk_moonrise_matt_20140703/~moonrise/matt/haloatc/index.html?C=N;O=A.html" [1]
2014-07-03 21:51:16 URL:http://homepages.nildram.co.uk/~moonrise/matt/haloatc/?C=M;O=D [1288/1288] -> "homepages.nildram.co.uk_moonrise_matt_20140703/~moonrise/matt/haloatc/index.html?C=M;O=D.html" [1]
2014-07-03 21:51:16 URL:http://homepages.nildram.co.uk/~moonrise/matt/haloatc/?C=S;O=D [1288/1288] -> "homepages.nildram.co.uk_moonrise_matt_20140703/~moonrise/matt/haloatc/index.html?C=S;O=D.html" [1]
2014-07-03 21:51:16 URL:http://homepages.nildram.co.uk/~moonrise/matt/haloatc/?C=D;O=D [1288/1288] -> "homepages.nildram.co.uk_moonrise_matt_20140703/~moonrise/matt/haloatc/index.html?C=D;O=D.html" [1]
2014-07-03 21:51:17 URL:http://homepages.nildram.co.uk/~moonrise/matt/nobles_brennus/?C=N;O=A [2132/2132] -> "homepages.nildram.co.uk_moonrise_matt_20140703/~moonrise/matt/nobles_brennus/index.html?C=N;O=A.html" [1]
2014-07-03 21:51:17 URL:http://homepages.nildram.co.uk/~moonrise/matt/nobles_brennus/?C=M;O=D [2132/2132] -> "homepages.nildram.co.uk_moonrise_matt_20140703/~moonrise/matt/nobles_brennus/index.html?C=M;O=D.html" [1]
2014-07-03 21:51:17 URL:http://homepages.nildram.co.uk/~moonrise/matt/nobles_brennus/?C=S;O=D [2132/2132] -> "homepages.nildram.co.uk_moonrise_matt_20140703/~moonrise/matt/nobles_brennus/index.html?C=S;O=D.html" [1]
2014-07-03 21:51:17 URL:http://homepages.nildram.co.uk/~moonrise/matt/nobles_brennus/?C=D;O=D [2132/2132] -> "homepages.nildram.co.uk_moonrise_matt_20140703/~moonrise/matt/nobles_brennus/index.html?C=D;O=D.html" [1]
FINISHED --2014-07-03 21:51:17--
Total wall clock time: 1m 17s
Downloaded: 123 files, 42M in 49s (878 KB/s)
