2014-01-31 13:50:31 URL:http://home.online.no/~thajohan/ [466/466] -> "home.online.no_thajohan_20140131/~thajohan/index.html" [1]
2014-01-31 13:50:31 URL:http://home.online.no/~thajohan/tefweb.htm [1846/1846] -> "home.online.no_thajohan_20140131/~thajohan/tefweb.htm" [1]
2014-01-31 13:50:31 URL:http://home.online.no/~thajohan/index_tefweb.htm [3771/3771] -> "home.online.no_thajohan_20140131/~thajohan/index_tefweb.htm" [1]
2014-01-31 13:50:31 URL:http://home.online.no/~thajohan/personal.htm [2793/2793] -> "home.online.no_thajohan_20140131/~thajohan/personal.htm" [1]
2014-01-31 13:50:32 URL:http://home.online.no/~thajohan/quake1_main.htm [3908/3908] -> "home.online.no_thajohan_20140131/~thajohan/quake1_main.htm" [1]
2014-01-31 13:50:32 URL:http://home.online.no/~thajohan/quake2_main.htm [2709/2709] -> "home.online.no_thajohan_20140131/~thajohan/quake2_main.htm" [1]
2014-01-31 13:50:32 URL:http://home.online.no/~thajohan/wolfpack1.htm [8313/8313] -> "home.online.no_thajohan_20140131/~thajohan/wolfpack1.htm" [1]
2014-01-31 13:50:32 URL:http://home.online.no/~thajohan/public.htm [25486/25486] -> "home.online.no_thajohan_20140131/~thajohan/public.htm" [1]
2014-01-31 13:50:32 URL:http://home.online.no/~thajohan/tef.gif [89160/89160] -> "home.online.no_thajohan_20140131/~thajohan/tef.gif" [1]
2014-01-31 13:50:33 URL:http://home.online.no/~thajohan/modelling/tef_talentedBall.avi [416158/416158] -> "home.online.no_thajohan_20140131/~thajohan/modelling/tef_talentedBall.avi" [1]
2014-01-31 13:50:40 URL:http://home.online.no/~thajohan/modelling/tef_theAbduction_final.avi [2071698/2071698] -> "home.online.no_thajohan_20140131/~thajohan/modelling/tef_theAbduction_final.avi" [1]
2014-01-31 13:50:40 URL:http://home.online.no/~thajohan/opervors.html [7590/7590] -> "home.online.no_thajohan_20140131/~thajohan/opervors.html" [1]
2014-01-31 13:50:40 URL:http://home.online.no/~thajohan/opervors_pics/sp_opervors001.jpg [29406/29406] -> "home.online.no_thajohan_20140131/~thajohan/opervors_pics/sp_opervors001.jpg" [1]
2014-01-31 13:50:41 URL:http://home.online.no/~thajohan/opervors_fix.zip [35482/35482] -> "home.online.no_thajohan_20140131/~thajohan/opervors_fix.zip" [1]
2014-01-31 13:50:41 URL:http://home.online.no/~thajohan/quote.htm [1420/1420] -> "home.online.no_thajohan_20140131/~thajohan/quote.htm" [1]
2014-01-31 13:50:41 URL:http://home.online.no/~thajohan/qlogo2.gif [16960/16960] -> "home.online.no_thajohan_20140131/~thajohan/qlogo2.gif" [1]
2014-01-31 13:50:41 URL:http://home.online.no/~thajohan/tefaop.htm [4378/4378] -> "home.online.no_thajohan_20140131/~thajohan/tefaop.htm" [1]
2014-01-31 13:50:41 URL:http://home.online.no/~thajohan/tefsg.htm [4136/4136] -> "home.online.no_thajohan_20140131/~thajohan/tefsg.htm" [1]
2014-01-31 13:50:41 URL:http://home.online.no/~thajohan/tefsc.htm [5568/5568] -> "home.online.no_thajohan_20140131/~thajohan/tefsc.htm" [1]
2014-01-31 13:50:41 URL:http://home.online.no/~thajohan/tefww.htm [4159/4159] -> "home.online.no_thajohan_20140131/~thajohan/tefww.htm" [1]
2014-01-31 13:50:41 URL:http://home.online.no/~thajohan/tefio.htm [5039/5039] -> "home.online.no_thajohan_20140131/~thajohan/tefio.htm" [1]
2014-01-31 13:50:41 URL:http://home.online.no/~thajohan/tefel.htm [3972/3972] -> "home.online.no_thajohan_20140131/~thajohan/tefel.htm" [1]
2014-01-31 13:50:42 URL:http://home.online.no/~thajohan/tefno.htm [3588/3588] -> "home.online.no_thajohan_20140131/~thajohan/tefno.htm" [1]
2014-01-31 13:50:42 URL:http://home.online.no/~thajohan/tefdbl3.htm [7280/7280] -> "home.online.no_thajohan_20140131/~thajohan/tefdbl3.htm" [1]
2014-01-31 13:50:42 URL:http://home.online.no/~thajohan/redpen.htm [4283/4283] -> "home.online.no_thajohan_20140131/~thajohan/redpen.htm" [1]
2014-01-31 13:50:42 URL:http://home.online.no/~thajohan/tefdbl4.htm [3623/3623] -> "home.online.no_thajohan_20140131/~thajohan/tefdbl4.htm" [1]
2014-01-31 13:50:42 URL:http://home.online.no/~thajohan/tefdbl5.htm [3488/3488] -> "home.online.no_thajohan_20140131/~thajohan/tefdbl5.htm" [1]
2014-01-31 13:50:42 URL:http://home.online.no/~thajohan/rtcw_head_2.jpg [8402/8402] -> "home.online.no_thajohan_20140131/~thajohan/rtcw_head_2.jpg" [1]
2014-01-31 13:50:42 URL:http://home.online.no/~thajohan/tefcw1.jpg [21108/21108] -> "home.online.no_thajohan_20140131/~thajohan/tefcw1.jpg" [1]
2014-01-31 13:50:42 URL:http://home.online.no/~thajohan/tefcw2.jpg [16147/16147] -> "home.online.no_thajohan_20140131/~thajohan/tefcw2.jpg" [1]
2014-01-31 13:50:42 URL:http://home.online.no/~thajohan/tefcw3.jpg [18171/18171] -> "home.online.no_thajohan_20140131/~thajohan/tefcw3.jpg" [1]
2014-01-31 13:50:43 URL:http://home.online.no/~thajohan/tefcw4.jpg [16343/16343] -> "home.online.no_thajohan_20140131/~thajohan/tefcw4.jpg" [1]
2014-01-31 13:50:43 URL:http://home.online.no/~thajohan/tefcw5.jpg [14521/14521] -> "home.online.no_thajohan_20140131/~thajohan/tefcw5.jpg" [1]
2014-01-31 13:50:43 URL:http://home.online.no/~thajohan/tefcw6.jpg [14327/14327] -> "home.online.no_thajohan_20140131/~thajohan/tefcw6.jpg" [1]
2014-01-31 13:50:43 URL:http://home.online.no/~thajohan/tefcw7.jpg [17256/17256] -> "home.online.no_thajohan_20140131/~thajohan/tefcw7.jpg" [1]
2014-01-31 13:50:43 URL:http://home.online.no/~thajohan/opervors_pics/intro_basis.jpg [17247/17247] -> "home.online.no_thajohan_20140131/~thajohan/opervors_pics/intro_basis.jpg" [1]
2014-01-31 13:50:43 URL:http://home.online.no/~thajohan/opervors_pics/tefcw1_basis.jpg [24117/24117] -> "home.online.no_thajohan_20140131/~thajohan/opervors_pics/tefcw1_basis.jpg" [1]
2014-01-31 13:50:43 URL:http://home.online.no/~thajohan/opervors_pics/tefcw2_basis.jpg [33764/33764] -> "home.online.no_thajohan_20140131/~thajohan/opervors_pics/tefcw2_basis.jpg" [1]
2014-01-31 13:50:43 URL:http://home.online.no/~thajohan/opervors_pics/tefcw3_basis.jpg [17071/17071] -> "home.online.no_thajohan_20140131/~thajohan/opervors_pics/tefcw3_basis.jpg" [1]
2014-01-31 13:50:43 URL:http://home.online.no/~thajohan/opervors_pics/tefcw4_basis.jpg [20401/20401] -> "home.online.no_thajohan_20140131/~thajohan/opervors_pics/tefcw4_basis.jpg" [1]
2014-01-31 13:50:44 URL:http://home.online.no/~thajohan/opervors_pics/exit_basis.jpg [27203/27203] -> "home.online.no_thajohan_20140131/~thajohan/opervors_pics/exit_basis.jpg" [1]
2014-01-31 13:50:44 URL:http://home.online.no/~thajohan/opervors_pics/end_basis.jpg [13142/13142] -> "home.online.no_thajohan_20140131/~thajohan/opervors_pics/end_basis.jpg" [1]
2014-01-31 13:50:44 URL:http://home.online.no/~thajohan/flame.gif [21280/21280] -> "home.online.no_thajohan_20140131/~thajohan/flame.gif" [1]
2014-01-31 13:50:44 URL:http://home.online.no/~thajohan/quake00.gif [88403/88403] -> "home.online.no_thajohan_20140131/~thajohan/quake00.gif" [1]
2014-01-31 13:50:45 URL:http://home.online.no/~thajohan/quake01.gif [89564/89564] -> "home.online.no_thajohan_20140131/~thajohan/quake01.gif" [1]
2014-01-31 13:50:45 URL:http://home.online.no/~thajohan/quake02.gif [101740/101740] -> "home.online.no_thajohan_20140131/~thajohan/quake02.gif" [1]
2014-01-31 13:50:45 URL:http://home.online.no/~thajohan/quake03.gif [103474/103474] -> "home.online.no_thajohan_20140131/~thajohan/quake03.gif" [1]
2014-01-31 13:50:46 URL:http://home.online.no/~thajohan/quake04.gif [106659/106659] -> "home.online.no_thajohan_20140131/~thajohan/quake04.gif" [1]
2014-01-31 13:50:46 URL:http://home.online.no/~thajohan/quake05.gif [73147/73147] -> "home.online.no_thajohan_20140131/~thajohan/quake05.gif" [1]
2014-01-31 13:50:46 URL:http://home.online.no/~thajohan/tlkalogo.gif [7125/7125] -> "home.online.no_thajohan_20140131/~thajohan/tlkalogo.gif" [1]
2014-01-31 13:50:46 URL:http://home.online.no/~thajohan/quake06.gif [78560/78560] -> "home.online.no_thajohan_20140131/~thajohan/quake06.gif" [1]
2014-01-31 13:50:47 URL:http://home.online.no/~thajohan/quake07.gif [91337/91337] -> "home.online.no_thajohan_20140131/~thajohan/quake07.gif" [1]
2014-01-31 13:50:47 URL:http://home.online.no/~thajohan/quake08.gif [88807/88807] -> "home.online.no_thajohan_20140131/~thajohan/quake08.gif" [1]
2014-01-31 13:50:47 URL:http://home.online.no/~thajohan/quake09.gif [74263/74263] -> "home.online.no_thajohan_20140131/~thajohan/quake09.gif" [1]
2014-01-31 13:50:47 URL:http://home.online.no/~thajohan/quake10.gif [82056/82056] -> "home.online.no_thajohan_20140131/~thajohan/quake10.gif" [1]
2014-01-31 13:50:48 URL:http://home.online.no/~thajohan/quake11.gif [87011/87011] -> "home.online.no_thajohan_20140131/~thajohan/quake11.gif" [1]
2014-01-31 13:50:48 URL:http://home.online.no/~thajohan/quake12.gif [72023/72023] -> "home.online.no_thajohan_20140131/~thajohan/quake12.gif" [1]
2014-01-31 13:50:48 URL:http://home.online.no/~thajohan/quake14.gif [77979/77979] -> "home.online.no_thajohan_20140131/~thajohan/quake14.gif" [1]
2014-01-31 13:50:49 URL:http://home.online.no/~thajohan/kilermp1.gif [7652/7652] -> "home.online.no_thajohan_20140131/~thajohan/kilermp1.gif" [1]
2014-01-31 13:50:49 URL:http://home.online.no/~thajohan/t90.jpg [4344/4344] -> "home.online.no_thajohan_20140131/~thajohan/t90.jpg" [1]
2014-01-31 13:50:49 URL:http://home.online.no/~thajohan/dbl2tips.htm [22308/22308] -> "home.online.no_thajohan_20140131/~thajohan/dbl2tips.htm" [1]
2014-01-31 13:50:49 URL:http://home.online.no/~thajohan/tefio00.gif [77710/77710] -> "home.online.no_thajohan_20140131/~thajohan/tefio00.gif" [1]
2014-01-31 13:50:49 URL:http://home.online.no/~thajohan/tefio01.gif [88537/88537] -> "home.online.no_thajohan_20140131/~thajohan/tefio01.gif" [1]
2014-01-31 13:50:50 URL:http://home.online.no/~thajohan/tefio02.gif [101243/101243] -> "home.online.no_thajohan_20140131/~thajohan/tefio02.gif" [1]
2014-01-31 13:50:50 URL:http://home.online.no/~thajohan/tefsm101.gif [91259/91259] -> "home.online.no_thajohan_20140131/~thajohan/tefsm101.gif" [1]
2014-01-31 13:50:50 URL:http://home.online.no/~thajohan/tefsm102.gif [76521/76521] -> "home.online.no_thajohan_20140131/~thajohan/tefsm102.gif" [1]
2014-01-31 13:50:51 URL:http://home.online.no/~thajohan/tefsm103.gif [95285/95285] -> "home.online.no_thajohan_20140131/~thajohan/tefsm103.gif" [1]
2014-01-31 13:50:51 URL:http://home.online.no/~thajohan/tefno01.gif [74395/74395] -> "home.online.no_thajohan_20140131/~thajohan/tefno01.gif" [1]
2014-01-31 13:50:51 URL:http://home.online.no/~thajohan/tefno02.gif [74205/74205] -> "home.online.no_thajohan_20140131/~thajohan/tefno02.gif" [1]
2014-01-31 13:50:52 URL:http://home.online.no/~thajohan/tefno03.gif [102763/102763] -> "home.online.no_thajohan_20140131/~thajohan/tefno03.gif" [1]
2014-01-31 13:50:52 URL:http://home.online.no/~thajohan/t93.jpg [4359/4359] -> "home.online.no_thajohan_20140131/~thajohan/t93.jpg" [1]
2014-01-31 13:50:52 URL:http://home.online.no/~thajohan/dbl301.gif [29213/29213] -> "home.online.no_thajohan_20140131/~thajohan/dbl301.gif" [1]
2014-01-31 13:50:52 URL:http://home.online.no/~thajohan/dbl304.gif [31244/31244] -> "home.online.no_thajohan_20140131/~thajohan/dbl304.gif" [1]
2014-01-31 13:50:52 URL:http://home.online.no/~thajohan/dbl305.gif [25992/25992] -> "home.online.no_thajohan_20140131/~thajohan/dbl305.gif" [1]
2014-01-31 13:50:52 URL:http://home.online.no/~thajohan/dbl306.gif [37628/37628] -> "home.online.no_thajohan_20140131/~thajohan/dbl306.gif" [1]
2014-01-31 13:50:53 URL:http://home.online.no/~thajohan/dbl307.gif [36705/36705] -> "home.online.no_thajohan_20140131/~thajohan/dbl307.gif" [1]
2014-01-31 13:50:53 URL:http://home.online.no/~thajohan/dbl309.gif [31221/31221] -> "home.online.no_thajohan_20140131/~thajohan/dbl309.gif" [1]
2014-01-31 13:50:53 URL:http://home.online.no/~thajohan/dbl314.gif [24606/24606] -> "home.online.no_thajohan_20140131/~thajohan/dbl314.gif" [1]
2014-01-31 13:50:53 URL:http://home.online.no/~thajohan/dbl315.gif [26876/26876] -> "home.online.no_thajohan_20140131/~thajohan/dbl315.gif" [1]
2014-01-31 13:50:53 URL:http://home.online.no/~thajohan/dbl310.gif [27373/27373] -> "home.online.no_thajohan_20140131/~thajohan/dbl310.gif" [1]
2014-01-31 13:50:53 URL:http://home.online.no/~thajohan/dbl311.gif [24525/24525] -> "home.online.no_thajohan_20140131/~thajohan/dbl311.gif" [1]
2014-01-31 13:50:53 URL:http://home.online.no/~thajohan/dbl312.gif [30766/30766] -> "home.online.no_thajohan_20140131/~thajohan/dbl312.gif" [1]
2014-01-31 13:50:53 URL:http://home.online.no/~thajohan/dbl313.gif [25475/25475] -> "home.online.no_thajohan_20140131/~thajohan/dbl313.gif" [1]
2014-01-31 13:50:54 URL:http://home.online.no/~thajohan/tlka.gif [3913/3913] -> "home.online.no_thajohan_20140131/~thajohan/tlka.gif" [1]
2014-01-31 13:50:54 URL:http://home.online.no/~thajohan/redpen04.jpg [20312/20312] -> "home.online.no_thajohan_20140131/~thajohan/redpen04.jpg" [1]
2014-01-31 13:50:54 URL:http://home.online.no/~thajohan/redpen02.jpg [17143/17143] -> "home.online.no_thajohan_20140131/~thajohan/redpen02.jpg" [1]
2014-01-31 13:50:54 URL:http://home.online.no/~thajohan/redpen03.jpg [14480/14480] -> "home.online.no_thajohan_20140131/~thajohan/redpen03.jpg" [1]
2014-01-31 13:50:54 URL:http://home.online.no/~thajohan/redpen05.jpg [23810/23810] -> "home.online.no_thajohan_20140131/~thajohan/redpen05.jpg" [1]
2014-01-31 13:50:54 URL:http://home.online.no/~thajohan/redpen06.jpg [26354/26354] -> "home.online.no_thajohan_20140131/~thajohan/redpen06.jpg" [1]
2014-01-31 13:50:54 URL:http://home.online.no/~thajohan/flameq.gif [12847/12847] -> "home.online.no_thajohan_20140131/~thajohan/flameq.gif" [1]
2014-01-31 13:50:54 URL:http://home.online.no/~thajohan/award.jpg [11374/11374] -> "home.online.no_thajohan_20140131/~thajohan/award.jpg" [1]
2014-01-31 13:50:54 URL:http://home.online.no/~thajohan/dbl403.jpg [17083/17083] -> "home.online.no_thajohan_20140131/~thajohan/dbl403.jpg" [1]
2014-01-31 13:50:55 URL:http://home.online.no/~thajohan/dbl404.jpg [16219/16219] -> "home.online.no_thajohan_20140131/~thajohan/dbl404.jpg" [1]
2014-01-31 13:50:55 URL:http://home.online.no/~thajohan/dbl406.jpg [20859/20859] -> "home.online.no_thajohan_20140131/~thajohan/dbl406.jpg" [1]
2014-01-31 13:50:55 URL:http://home.online.no/~thajohan/dbl407.jpg [18872/18872] -> "home.online.no_thajohan_20140131/~thajohan/dbl407.jpg" [1]
2014-01-31 13:50:55 URL:http://home.online.no/~thajohan/dbl409.jpg [19934/19934] -> "home.online.no_thajohan_20140131/~thajohan/dbl409.jpg" [1]
2014-01-31 13:50:55 URL:http://home.online.no/~thajohan/dbl411.jpg [18806/18806] -> "home.online.no_thajohan_20140131/~thajohan/dbl411.jpg" [1]
2014-01-31 13:50:55 URL:http://home.online.no/~thajohan/dbl408.jpg [18264/18264] -> "home.online.no_thajohan_20140131/~thajohan/dbl408.jpg" [1]
2014-01-31 13:50:55 URL:http://home.online.no/~thajohan/jayaik_2.jpeg [24433/24433] -> "home.online.no_thajohan_20140131/~thajohan/jayaik_2.jpeg" [1]
2014-01-31 13:50:55 URL:http://home.online.no/~thajohan/quake17.jpg [16411/16411] -> "home.online.no_thajohan_20140131/~thajohan/quake17.jpg" [1]
2014-01-31 13:50:56 URL:http://home.online.no/~thajohan/quake28.jpg [17449/17449] -> "home.online.no_thajohan_20140131/~thajohan/quake28.jpg" [1]
2014-01-31 13:50:56 URL:http://home.online.no/~thajohan/quake31.jpg [17440/17440] -> "home.online.no_thajohan_20140131/~thajohan/quake31.jpg" [1]
2014-01-31 13:50:56 URL:http://home.online.no/~thajohan/quake32.jpg [17261/17261] -> "home.online.no_thajohan_20140131/~thajohan/quake32.jpg" [1]
2014-01-31 13:50:56 URL:http://home.online.no/~thajohan/quake35.jpg [17570/17570] -> "home.online.no_thajohan_20140131/~thajohan/quake35.jpg" [1]
2014-01-31 13:50:56 URL:http://home.online.no/~thajohan/quake37.jpg [17117/17117] -> "home.online.no_thajohan_20140131/~thajohan/quake37.jpg" [1]
2014-01-31 13:50:56 URL:http://home.online.no/~thajohan/quake26.jpg [17364/17364] -> "home.online.no_thajohan_20140131/~thajohan/quake26.jpg" [1]
FINISHED --2014-01-31 13:50:56--
Total wall clock time: 25s
Downloaded: 106 files, 5.6M in 15s (386 KB/s)
