2023-06-17 08:21:24 URL:https://home.kpn.nl/lo2kf8/quake/models/mfq1model/MFQX1modela.html [14613/14613] -> "home.kpn.nl/lo2kf8/quake/models/mfq1model/MFQX1modela.html" [1]
2023-06-17 08:21:24 URL:http://home.kpn.nl/robots.txt [5402/5402] -> "home.kpn.nl/robots.txt.html" [1]
2023-06-17 08:21:24 URL:https://home.kpn.nl/robots.txt [5402/5402] -> "home.kpn.nl/robots.txt.html" [1]
2023-06-17 08:21:24 URL:http://home.kpn.nl/lo2kf8/quake/models/mfq1model/beta-ogre2.gif [23698/23698] -> "home.kpn.nl/lo2kf8/quake/models/mfq1model/beta-ogre2.gif" [1]
2023-06-17 08:21:24 URL:http://home.kpn.nl/lo2kf8/quake/models/mfq1model/Q1_orb.zip [295905/295905] -> "home.kpn.nl/lo2kf8/quake/models/mfq1model/Q1_orb.zip" [1]
2023-06-17 08:21:24 URL:https://home.kpn.nl/lo2kf8/quake/models/mfq1model/orb.gif [70815/70815] -> "home.kpn.nl/lo2kf8/quake/models/mfq1model/orb.gif" [1]
2023-06-17 08:21:24 URL:http://home.kpn.nl/lo2kf8/quake/models/mfq1model/Q1_stegosaurus.zip [313872/313872] -> "home.kpn.nl/lo2kf8/quake/models/mfq1model/Q1_stegosaurus.zip" [1]
2023-06-17 08:21:24 URL:https://home.kpn.nl/lo2kf8/quake/models/mfq1model/steg0.gif [65577/65577] -> "home.kpn.nl/lo2kf8/quake/models/mfq1model/steg0.gif" [1]
2023-06-17 08:21:24 URL:http://home.kpn.nl/lo2kf8/quake/models/mfq1model/Q1_trog.zip [289382/289382] -> "home.kpn.nl/lo2kf8/quake/models/mfq1model/Q1_trog.zip" [1]
2023-06-17 08:21:25 URL:https://home.kpn.nl/lo2kf8/quake/models/mfq1model/trog.gif [79470/79470] -> "home.kpn.nl/lo2kf8/quake/models/mfq1model/trog.gif" [1]
2023-06-17 08:21:25 URL:http://home.kpn.nl/lo2kf8/quake/models/mfq1model/Q1_3bitch.zip [500104/500104] -> "home.kpn.nl/lo2kf8/quake/models/mfq1model/Q1_3bitch.zip" [1]
2023-06-17 08:21:25 URL:https://home.kpn.nl/lo2kf8/quake/models/mfq1model/grl0.gif [112625/112625] -> "home.kpn.nl/lo2kf8/quake/models/mfq1model/grl0.gif" [1]
2023-06-17 08:21:25 URL:http://home.kpn.nl/lo2kf8/quake/models/mfq1model/Q1_metro.zip [312409/312409] -> "home.kpn.nl/lo2kf8/quake/models/mfq1model/Q1_metro.zip" [1]
2023-06-17 08:21:25 URL:https://home.kpn.nl/lo2kf8/quake/models/mfq1model/metro.gif [127434/127434] -> "home.kpn.nl/lo2kf8/quake/models/mfq1model/metro.gif" [1]
2023-06-17 08:21:25 URL:http://home.kpn.nl/lo2kf8/quake/models/mfq1model/Q1_rats.zip [51175/51175] -> "home.kpn.nl/lo2kf8/quake/models/mfq1model/Q1_rats.zip" [1]
2023-06-17 08:21:25 URL:https://home.kpn.nl/lo2kf8/quake/models/mfq1model/rat2.gif [43272/43272] -> "home.kpn.nl/lo2kf8/quake/models/mfq1model/rat2.gif" [1]
2023-06-17 08:21:25 URL:http://home.kpn.nl/lo2kf8/quake/models/mfq1model/Q1_judge.zip [391871/391871] -> "home.kpn.nl/lo2kf8/quake/models/mfq1model/Q1_judge.zip" [1]
2023-06-17 08:21:26 URL:https://home.kpn.nl/lo2kf8/quake/models/mfq1model/bended.gif [213942/213942] -> "home.kpn.nl/lo2kf8/quake/models/mfq1model/bended.gif" [1]
2023-06-17 08:21:26 URL:http://home.kpn.nl/lo2kf8/quake/models/mfq1model/Q1_Q2MrBig.zip [645721/645721] -> "home.kpn.nl/lo2kf8/quake/models/mfq1model/Q1_Q2MrBig.zip" [1]
2023-06-17 08:21:26 URL:https://home.kpn.nl/lo2kf8/quake/models/mfq1model/bigles3.gif [363735/363735] -> "home.kpn.nl/lo2kf8/quake/models/mfq1model/bigles3.gif" [1]
2023-06-17 08:21:26 URL:http://home.kpn.nl/lo2kf8/quake/models/mfq1model/Q1_crossknight.zip [159646/159646] -> "home.kpn.nl/lo2kf8/quake/models/mfq1model/Q1_crossknight.zip" [1]
2023-06-17 08:21:26 URL:https://home.kpn.nl/lo2kf8/quake/models/mfq1model/crossbow1.gif [161160/161160] -> "home.kpn.nl/lo2kf8/quake/models/mfq1model/crossbow1.gif" [1]
2023-06-17 08:21:26 URL:http://home.kpn.nl/lo2kf8/quake/models/mfq1model/Q1_darkyoung.zip [455598/455598] -> "home.kpn.nl/lo2kf8/quake/models/mfq1model/Q1_darkyoung.zip" [1]
2023-06-17 08:21:26 URL:https://home.kpn.nl/lo2kf8/quake/models/mfq1model/darkyoung.GIF [68162/68162] -> "home.kpn.nl/lo2kf8/quake/models/mfq1model/darkyoung.GIF" [1]
2023-06-17 08:21:26 URL:https://home.kpn.nl/lo2kf8/quake/models/mfq1model/serpent.gif [251060/251060] -> "home.kpn.nl/lo2kf8/quake/models/mfq1model/serpent.gif" [1]
2023-06-17 08:21:27 URL:http://home.kpn.nl/lo2kf8/quake/models/mfq1model/Q1_nail_orb.zip [905681/905681] -> "home.kpn.nl/lo2kf8/quake/models/mfq1model/Q1_nail_orb.zip" [1]
2023-06-17 08:21:27 URL:http://home.kpn.nl/lo2kf8/quake/models/mfq1model/nail_orb.GIF [98188/98188] -> "home.kpn.nl/lo2kf8/quake/models/mfq1model/nail_orb.GIF" [1]
2023-06-17 08:21:27 URL:http://home.kpn.nl/lo2kf8/quake/models/mfq1model/Q1_rock_orb.zip [810050/810050] -> "home.kpn.nl/lo2kf8/quake/models/mfq1model/Q1_rock_orb.zip" [1]
2023-06-17 08:21:27 URL:http://home.kpn.nl/lo2kf8/quake/models/mfq1model/rock_orb.GIF [127052/127052] -> "home.kpn.nl/lo2kf8/quake/models/mfq1model/rock_orb.GIF" [1]
2023-06-17 08:21:27 URL:http://home.kpn.nl/lo2kf8/quake/models/mfq1model/madfoxed.zip [186269/186269] -> "home.kpn.nl/lo2kf8/quake/models/mfq1model/madfoxed.zip" [1]
2023-06-17 08:21:27 URL:https://home.kpn.nl/lo2kf8/quake/models/madfoxed.GIF [137557/137557] -> "home.kpn.nl/lo2kf8/quake/models/madfoxed.GIF" [1]
2023-06-17 08:21:27 URL:http://home.kpn.nl/lo2kf8/quake/models/mfq1model/Q1_corvus.zip [336492/336492] -> "home.kpn.nl/lo2kf8/quake/models/mfq1model/Q1_corvus.zip" [1]
2023-06-17 08:21:27 URL:http://home.kpn.nl/lo2kf8/quake/models/mfq1model/corvus.gif [179569/179569] -> "home.kpn.nl/lo2kf8/quake/models/mfq1model/corvus.gif" [1]
2023-06-17 08:21:27 URL:http://home.kpn.nl/lo2kf8/quake/models/mfq1model/Q1_archville.zip [5402/5402] -> "home.kpn.nl/lo2kf8/quake/models/mfq1model/Q1_archville.zip.html" [1]
2023-06-17 08:21:27 URL:http://home.kpn.nl/lo2kf8/quake/models/mfq1model/arch01.gif [54313/54313] -> "home.kpn.nl/lo2kf8/quake/models/mfq1model/arch01.gif" [1]
2023-06-17 08:21:27 URL:http://home.kpn.nl/lo2kf8/quake/models/mfq1model/Q1_FempPlayer.zip [5402/5402] -> "home.kpn.nl/lo2kf8/quake/models/mfq1model/Q1_FempPlayer.zip.html" [1]
2023-06-17 08:21:27 URL:http://home.kpn.nl/lo2kf8/quake/models/mfq1model/lara.gif [20129/20129] -> "home.kpn.nl/lo2kf8/quake/models/mfq1model/lara.gif" [1]
2023-06-17 08:21:27 URL:http://home.kpn.nl/lo2kf8/quake/models/mfq1model/Q1_bow_ogre.zip [159168/159168] -> "home.kpn.nl/lo2kf8/quake/models/mfq1model/Q1_bow_ogre.zip" [1]
2023-06-17 08:21:27 URL:http://home.kpn.nl/lo2kf8/quake/models/mfq1model/bowogre.gif [132026/132026] -> "home.kpn.nl/lo2kf8/quake/models/mfq1model/bowogre.gif" [1]
2023-06-17 08:21:27 URL:http://home.kpn.nl/lo2kf8/quake/models/mfq1model/Q1_catwoman.zip [257929/257929] -> "home.kpn.nl/lo2kf8/quake/models/mfq1model/Q1_catwoman.zip" [1]
2023-06-17 08:21:27 URL:http://home.kpn.nl/lo2kf8/quake/models/mfq1model/q1_cathy.gif [56672/56672] -> "home.kpn.nl/lo2kf8/quake/models/mfq1model/q1_cathy.gif" [1]
2023-06-17 08:21:27 URL:http://home.kpn.nl/lo2kf8/quake/models/mfq1model/Q1_doomguy.zip [131051/131051] -> "home.kpn.nl/lo2kf8/quake/models/mfq1model/Q1_doomguy.zip" [1]
2023-06-17 08:21:27 URL:http://home.kpn.nl/lo2kf8/quake/models/mfq1model/doomguy.gif [116853/116853] -> "home.kpn.nl/lo2kf8/quake/models/mfq1model/doomguy.gif" [1]
2023-06-17 08:21:27 URL:https://home.kpn.nl/lo2kf8/quake/models/mfq1model/MFQX1modelb.html [9084/9084] -> "home.kpn.nl/lo2kf8/quake/models/mfq1model/MFQX1modelb.html" [1]
2023-06-17 08:21:28 URL:https://home.kpn.nl/lo2kf8/quake/models/EldenRune.gif [389599/389599] -> "home.kpn.nl/lo2kf8/quake/models/EldenRune.gif" [1]
2023-06-17 08:21:28 URL:http://home.kpn.nl/images/logo.gif [4050/4050] -> "home.kpn.nl/images/logo.gif" [1]
2023-06-17 08:21:28 URL:http://home.kpn.nl/images/achtergrond.gif [10464/10464] -> "home.kpn.nl/images/achtergrond.gif" [1]
2023-06-17 08:21:28 URL:http://home.kpn.nl/lo2kf8/quake/models/mfq1model/Q1_dalek.zip [280906/280906] -> "home.kpn.nl/lo2kf8/quake/models/mfq1model/Q1_dalek.zip" [1]
2023-06-17 08:21:28 URL:https://home.kpn.nl/lo2kf8/quake/models/mfq1model/q1_dalek.gif [839804/839804] -> "home.kpn.nl/lo2kf8/quake/models/mfq1model/q1_dalek.gif" [1]
2023-06-17 08:21:28 URL:http://home.kpn.nl/lo2kf8/quake/models/mfq1model/Q1_dopefish.zip [121201/121201] -> "home.kpn.nl/lo2kf8/quake/models/mfq1model/Q1_dopefish.zip" [1]
2023-06-17 08:21:28 URL:https://home.kpn.nl/lo2kf8/quake/models/mfq1model/dopefish.gif [66601/66601] -> "home.kpn.nl/lo2kf8/quake/models/mfq1model/dopefish.gif" [1]
2023-06-17 08:21:28 URL:http://home.kpn.nl/lo2kf8/quake/models/mfq1model/Q1_lampoon.zip [339487/339487] -> "home.kpn.nl/lo2kf8/quake/models/mfq1model/Q1_lampoon.zip" [1]
2023-06-17 08:21:29 URL:https://home.kpn.nl/lo2kf8/quake/models/mfq1model/lampoon.gif [128165/128165] -> "home.kpn.nl/lo2kf8/quake/models/mfq1model/lampoon.gif" [1]
2023-06-17 08:21:29 URL:http://home.kpn.nl/lo2kf8/quake/models/mfq1model/Q1_rynch.zip [202645/202645] -> "home.kpn.nl/lo2kf8/quake/models/mfq1model/Q1_rynch.zip" [1]
2023-06-17 08:21:29 URL:https://home.kpn.nl/lo2kf8/quake/models/mfq1model/rynch.gif [48954/48954] -> "home.kpn.nl/lo2kf8/quake/models/mfq1model/rynch.gif" [1]
2023-06-17 08:21:29 URL:http://home.kpn.nl/lo2kf8/quake/models/mfq1model/Q1_albyon.zip [745754/745754] -> "home.kpn.nl/lo2kf8/quake/models/mfq1model/Q1_albyon.zip" [1]
2023-06-17 08:21:29 URL:https://home.kpn.nl/lo2kf8/quake/models/mfq1model/Q1_amphb.gif [61817/61817] -> "home.kpn.nl/lo2kf8/quake/models/mfq1model/Q1_amphb.gif" [1]
2023-06-17 08:21:29 URL:http://home.kpn.nl/lo2kf8/quake/models/mfq1model/Q1_uknight.zip [112236/112236] -> "home.kpn.nl/lo2kf8/quake/models/mfq1model/Q1_uknight.zip" [1]
2023-06-17 08:21:29 URL:https://home.kpn.nl/lo2kf8/quake/models/mfq1model/juknight.gif [97192/97192] -> "home.kpn.nl/lo2kf8/quake/models/mfq1model/juknight.gif" [1]
2023-06-17 08:21:29 URL:http://home.kpn.nl/lo2kf8/quake/models/mfq1model/Q1_dweller.zip [1361439/1361439] -> "home.kpn.nl/lo2kf8/quake/models/mfq1model/Q1_dweller.zip" [1]
2023-06-17 08:21:30 URL:https://home.kpn.nl/lo2kf8/quake/models/mfq1model/dweller.gif [92124/92124] -> "home.kpn.nl/lo2kf8/quake/models/mfq1model/dweller.gif" [1]
2023-06-17 08:21:30 URL:http://home.kpn.nl/lo2kf8/quake/models/mfq1model/Q1_elden_ogre.zip [572257/572257] -> "home.kpn.nl/lo2kf8/quake/models/mfq1model/Q1_elden_ogre.zip" [1]
2023-06-17 08:21:30 URL:https://home.kpn.nl/lo2kf8/quake/models/mfq1model/elden_ogre.gif [65457/65457] -> "home.kpn.nl/lo2kf8/quake/models/mfq1model/elden_ogre.gif" [1]
2023-06-17 08:21:30 URL:http://home.kpn.nl/lo2kf8/quake/models/mfq1model/Q1_balrog.zip [311142/311142] -> "home.kpn.nl/lo2kf8/quake/models/mfq1model/Q1_balrog.zip" [1]
2023-06-17 08:21:30 URL:https://home.kpn.nl/lo2kf8/quake/models/mfq1model/Q1_balrog.gif [98181/98181] -> "home.kpn.nl/lo2kf8/quake/models/mfq1model/Q1_balrog.gif" [1]
2023-06-17 08:21:30 URL:http://home.kpn.nl/lo2kf8/quake/models/mfq1model/Q1_cami.zip [332195/332195] -> "home.kpn.nl/lo2kf8/quake/models/mfq1model/Q1_cami.zip" [1]
2023-06-17 08:21:30 URL:https://home.kpn.nl/lo2kf8/quake/models/mfq1model/Q1_cami.gif [42859/42859] -> "home.kpn.nl/lo2kf8/quake/models/mfq1model/Q1_cami.gif" [1]
2023-06-17 08:21:30 URL:http://home.kpn.nl/lo2kf8/quake/models/mfq1model/Q1_dragonite.zip [274036/274036] -> "home.kpn.nl/lo2kf8/quake/models/mfq1model/Q1_dragonite.zip" [1]
2023-06-17 08:21:31 URL:https://home.kpn.nl/lo2kf8/quake/models/mfq1model/Q1_dragonite.gif [101766/101766] -> "home.kpn.nl/lo2kf8/quake/models/mfq1model/Q1_dragonite.gif" [1]
2023-06-17 08:21:31 URL:http://home.kpn.nl/lo2kf8/quake/models/mfq1model/Q1_chicka.zip [202361/202361] -> "home.kpn.nl/lo2kf8/quake/models/mfq1model/Q1_chicka.zip" [1]
2023-06-17 08:21:31 URL:https://home.kpn.nl/lo2kf8/quake/models/mfq1model/Q1_chicka.gif [70205/70205] -> "home.kpn.nl/lo2kf8/quake/models/mfq1model/Q1_chicka.gif" [1]
2023-06-17 08:21:31 URL:http://home.kpn.nl/lo2kf8/quake/models/mfq1model/Q1_lyonant.zip [458158/458158] -> "home.kpn.nl/lo2kf8/quake/models/mfq1model/Q1_lyonant.zip" [1]
2023-06-17 08:21:31 URL:https://home.kpn.nl/lo2kf8/quake/models/mfq1model/Q1_lyonant.gif [54865/54865] -> "home.kpn.nl/lo2kf8/quake/models/mfq1model/Q1_lyonant.gif" [1]
2023-06-17 08:21:31 URL:http://home.kpn.nl/lo2kf8/quake/models/mfq1model/Q1_zerstorer.zip [485129/485129] -> "home.kpn.nl/lo2kf8/quake/models/mfq1model/Q1_zerstorer.zip" [1]
2023-06-17 08:21:31 URL:https://home.kpn.nl/lo2kf8/quake/models/mfq1model/Q1_zerstorer.gif [95010/95010] -> "home.kpn.nl/lo2kf8/quake/models/mfq1model/Q1_zerstorer.gif" [1]
2023-06-17 08:21:31 URL:https://home.kpn.nl/lo2kf8/quake/models/mfq1model/MFQX1modelc.html [7178/7178] -> "home.kpn.nl/lo2kf8/quake/models/mfq1model/MFQX1modelc.html" [1]
2023-06-17 08:21:31 URL:http://home.kpn.nl/lo2kf8/quake/models/EldenRune.gif [389599/389599] -> "home.kpn.nl/lo2kf8/quake/models/EldenRune.gif" [1]
2023-06-17 08:21:31 URL:http://home.kpn.nl/lo2kf8/quake/models/mfq1model/Q1_samuri.zip [176926/176926] -> "home.kpn.nl/lo2kf8/quake/models/mfq1model/Q1_samuri.zip" [1]
2023-06-17 08:21:32 URL:https://home.kpn.nl/lo2kf8/quake/models/mfq1model/samuri.gif [36650/36650] -> "home.kpn.nl/lo2kf8/quake/models/mfq1model/samuri.gif" [1]
2023-06-17 08:21:32 URL:http://home.kpn.nl/lo2kf8/quake/models/mfq1model/Q1_djugler.zip [204434/204434] -> "home.kpn.nl/lo2kf8/quake/models/mfq1model/Q1_djugler.zip" [1]
2023-06-17 08:21:32 URL:https://home.kpn.nl/lo2kf8/quake/models/mfq1model/djugler.gif [121148/121148] -> "home.kpn.nl/lo2kf8/quake/models/mfq1model/djugler.gif" [1]
2023-06-17 08:21:32 URL:http://home.kpn.nl/lo2kf8/quake/models/mfq1model/Q1_Golum.zip [317189/317189] -> "home.kpn.nl/lo2kf8/quake/models/mfq1model/Q1_Golum.zip" [1]
2023-06-17 08:21:32 URL:https://home.kpn.nl/lo2kf8/quake/models/mfq1model/fvf_golum.gif [55763/55763] -> "home.kpn.nl/lo2kf8/quake/models/mfq1model/fvf_golum.gif" [1]
2023-06-17 08:21:32 URL:http://home.kpn.nl/lo2kf8/quake/models/mfq1model/Q1_monster.zip [228162/228162] -> "home.kpn.nl/lo2kf8/quake/models/mfq1model/Q1_monster.zip" [1]
2023-06-17 08:21:32 URL:https://home.kpn.nl/lo2kf8/quake/models/mfq1model/monster.gif [117226/117226] -> "home.kpn.nl/lo2kf8/quake/models/mfq1model/monster.gif" [1]
2023-06-17 08:21:32 URL:http://home.kpn.nl/lo2kf8/quake/models/mfq1model/Q1_scorpio.zip [116285/116285] -> "home.kpn.nl/lo2kf8/quake/models/mfq1model/Q1_scorpio.zip" [1]
2023-06-17 08:21:33 URL:https://home.kpn.nl/lo2kf8/quake/models/mfq1model/scorpio.gif [24149/24149] -> "home.kpn.nl/lo2kf8/quake/models/mfq1model/scorpio.gif" [1]
2023-06-17 08:21:33 URL:http://home.kpn.nl/lo2kf8/quake/models/mfq1model/Q1_melyta.zip [108237/108237] -> "home.kpn.nl/lo2kf8/quake/models/mfq1model/Q1_melyta.zip" [1]
2023-06-17 08:21:33 URL:https://home.kpn.nl/lo2kf8/quake/models/mfq1model/melyta.gif [60442/60442] -> "home.kpn.nl/lo2kf8/quake/models/mfq1model/melyta.gif" [1]
2023-06-17 08:21:33 URL:http://home.kpn.nl/lo2kf8/quake/models/mfq1model/Q1_demon1.zip [113403/113403] -> "home.kpn.nl/lo2kf8/quake/models/mfq1model/Q1_demon1.zip" [1]
2023-06-17 08:21:33 URL:https://home.kpn.nl/lo2kf8/quake/models/mfq1model/demon1.gif [33337/33337] -> "home.kpn.nl/lo2kf8/quake/models/mfq1model/demon1.gif" [1]
2023-06-17 08:21:33 URL:http://home.kpn.nl/lo2kf8/quake/models/mfq1model/Q1_skhunter.zip [295530/295530] -> "home.kpn.nl/lo2kf8/quake/models/mfq1model/Q1_skhunter.zip" [1]
2023-06-17 08:21:33 URL:https://home.kpn.nl/lo2kf8/quake/models/mfq1model/skhunter.gif [75460/75460] -> "home.kpn.nl/lo2kf8/quake/models/mfq1model/skhunter.gif" [1]
2023-06-17 08:21:33 URL:http://home.kpn.nl/lo2kf8/quake/models/mfq1model/Q1_lizzy.zip [177392/177392] -> "home.kpn.nl/lo2kf8/quake/models/mfq1model/Q1_lizzy.zip" [1]
2023-06-17 08:21:33 URL:https://home.kpn.nl/lo2kf8/quake/models/mfq1model/mf_lizard.gif [106902/106902] -> "home.kpn.nl/lo2kf8/quake/models/mfq1model/mf_lizard.gif" [1]
2023-06-17 08:21:34 URL:http://home.kpn.nl/lo2kf8/quake/models/mfq1model/Q1_skeleton.zip [326115/326115] -> "home.kpn.nl/lo2kf8/quake/models/mfq1model/Q1_skeleton.zip" [1]
2023-06-17 08:21:34 URL:https://home.kpn.nl/lo2kf8/quake/models/mfq1model/Q1_bones.gif [28578/28578] -> "home.kpn.nl/lo2kf8/quake/models/mfq1model/Q1_bones.gif" [1]
2023-06-17 08:21:34 URL:http://home.kpn.nl/lo2kf8/quake/models/mfq1model/Q1_pzomby.zip [567258/567258] -> "home.kpn.nl/lo2kf8/quake/models/mfq1model/Q1_pzomby.zip" [1]
2023-06-17 08:21:34 URL:https://home.kpn.nl/lo2kf8/quake/models/mfq1model/Q1_pzomby.gif [110287/110287] -> "home.kpn.nl/lo2kf8/quake/models/mfq1model/Q1_pzomby.gif" [1]
2023-06-17 08:21:34 URL:http://home.kpn.nl/lo2kf8/quake/models/mfq1model/Q1_QuakeFlag.zip [236978/236978] -> "home.kpn.nl/lo2kf8/quake/models/mfq1model/Q1_QuakeFlag.zip" [1]
2023-06-17 08:21:34 URL:https://home.kpn.nl/lo2kf8/quake/models/mfq1model/Q1_QuakeFlag.gif [556435/556435] -> "home.kpn.nl/lo2kf8/quake/models/mfq1model/Q1_QuakeFlag.gif" [1]
FINISHED --2023-06-17 08:21:34--
Total wall clock time: 11s
Downloaded: 101 files, 20M in 5.2s (3.89 MB/s)
