2014-10-23 14:08:18 URL:http://joequake.runecentral.com/ [276/276] -> "joequake.runecentral.com_20141023/index.html" [1]
2014-10-23 14:08:18 URL:http://joequake.runecentral.com/news.html [16115/16115] -> "joequake.runecentral.com_20141023/news.html" [1]
2014-10-23 14:08:19 URL:http://joequake.runecentral.com/joeqlogo2.png [15138/15138] -> "joequake.runecentral.com_20141023/joeqlogo2.png" [1]
2014-10-23 14:08:19 URL:http://joequake.runecentral.com/news2.png [1395/1395] -> "joequake.runecentral.com_20141023/news2.png" [1]
2014-10-23 14:08:19 URL:http://joequake.runecentral.com/features.html [22229/22229] -> "joequake.runecentral.com_20141023/features.html" [1]
2014-10-23 14:08:20 URL:http://joequake.runecentral.com/features.png [1667/1667] -> "joequake.runecentral.com_20141023/features.png" [1]
2014-10-23 14:08:20 URL:http://joequake.runecentral.com/downloads.html [3084/3084] -> "joequake.runecentral.com_20141023/downloads.html" [1]
2014-10-23 14:08:20 URL:http://joequake.runecentral.com/downloads.png [1852/1852] -> "joequake.runecentral.com_20141023/downloads.png" [1]
2014-10-23 14:08:20 URL:http://joequake.runecentral.com/shots.html [4803/4803] -> "joequake.runecentral.com_20141023/shots.html" [1]
2014-10-23 14:08:21 URL:http://joequake.runecentral.com/shots.png [1595/1595] -> "joequake.runecentral.com_20141023/shots.png" [1]
2014-10-23 14:08:21 URL:http://joequake.runecentral.com/about.html [2299/2299] -> "joequake.runecentral.com_20141023/about.html" [1]
2014-10-23 14:08:21 URL:http://joequake.runecentral.com/about.png [1515/1515] -> "joequake.runecentral.com_20141023/about.png" [1]
2014-10-23 14:08:22 URL:http://joequake.runecentral.com/links.html [3040/3040] -> "joequake.runecentral.com_20141023/links.html" [1]
2014-10-23 14:08:22 URL:http://joequake.runecentral.com/links.png [1153/1153] -> "joequake.runecentral.com_20141023/links.png" [1]
2014-10-23 14:08:22 URL:http://joequake.runecentral.com/whatsnew.txt [26169/26169] -> "joequake.runecentral.com_20141023/whatsnew.txt" [1]
http://joequake.runecentral.com/joequake-v0.13-bugfix-linux.zip:
2014-10-23 14:08:23 ERROR 404: Not Found.
http://joequake.runecentral.com/joequake-v0.13-bugfix-win32.zip:
2014-10-23 14:08:23 ERROR 404: Not Found.
http://joequake.runecentral.com/joequake-v0.13-win32.zip:
2014-10-23 14:08:23 ERROR 404: Not Found.
http://joequake.runecentral.com/joequake-v0.13DEV.zip:
2014-10-23 14:08:23 ERROR 404: Not Found.
http://joequake.runecentral.com/joequake-v0.13DEV-linux.zip:
2014-10-23 14:08:24 ERROR 404: Not Found.
2014-10-23 14:08:24 URL:http://joequake.runecentral.com/news.png [1502/1502] -> "joequake.runecentral.com_20141023/news.png" [1]
2014-10-23 14:08:24 URL:http://joequake.runecentral.com/features2.png [1500/1500] -> "joequake.runecentral.com_20141023/features2.png" [1]
2014-10-23 14:08:24 URL:http://joequake.runecentral.com/downloads2.png [1720/1720] -> "joequake.runecentral.com_20141023/downloads2.png" [1]
2014-10-23 14:08:25 URL:http://joequake.runecentral.com/shots2.png [1485/1485] -> "joequake.runecentral.com_20141023/shots2.png" [1]
2014-10-23 14:08:26 URL:http://joequake.runecentral.com/shots/menu000.jpg [410232/410232] -> "joequake.runecentral.com_20141023/shots/menu000.jpg" [1]
2014-10-23 14:08:27 URL:http://joequake.runecentral.com/shots/menu000_s.jpg [16535/16535] -> "joequake.runecentral.com_20141023/shots/menu000_s.jpg" [1]
2014-10-23 14:08:28 URL:http://joequake.runecentral.com/shots/menu001.jpg [400255/400255] -> "joequake.runecentral.com_20141023/shots/menu001.jpg" [1]
2014-10-23 14:08:29 URL:http://joequake.runecentral.com/shots/menu001_s.jpg [17370/17370] -> "joequake.runecentral.com_20141023/shots/menu001_s.jpg" [1]
2014-10-23 14:08:30 URL:http://joequake.runecentral.com/shots/joequake020.jpg [185761/185761] -> "joequake.runecentral.com_20141023/shots/joequake020.jpg" [1]
2014-10-23 14:08:30 URL:http://joequake.runecentral.com/shots/joequake020_s.jpg [10812/10812] -> "joequake.runecentral.com_20141023/shots/joequake020_s.jpg" [1]
2014-10-23 14:08:31 URL:http://joequake.runecentral.com/shots/joequake000.jpg [292028/292028] -> "joequake.runecentral.com_20141023/shots/joequake000.jpg" [1]
2014-10-23 14:08:32 URL:http://joequake.runecentral.com/shots/joequake000_s.jpg [17595/17595] -> "joequake.runecentral.com_20141023/shots/joequake000_s.jpg" [1]
2014-10-23 14:08:33 URL:http://joequake.runecentral.com/shots/joequake001.jpg [183086/183086] -> "joequake.runecentral.com_20141023/shots/joequake001.jpg" [1]
2014-10-23 14:08:33 URL:http://joequake.runecentral.com/shots/joequake001_s.jpg [9501/9501] -> "joequake.runecentral.com_20141023/shots/joequake001_s.jpg" [1]
2014-10-23 14:08:34 URL:http://joequake.runecentral.com/shots/joequake002.jpg [226525/226525] -> "joequake.runecentral.com_20141023/shots/joequake002.jpg" [1]
2014-10-23 14:08:34 URL:http://joequake.runecentral.com/shots/joequake002_s.jpg [10430/10430] -> "joequake.runecentral.com_20141023/shots/joequake002_s.jpg" [1]
2014-10-23 14:08:35 URL:http://joequake.runecentral.com/shots/joequake003.jpg [176910/176910] -> "joequake.runecentral.com_20141023/shots/joequake003.jpg" [1]
2014-10-23 14:08:35 URL:http://joequake.runecentral.com/shots/joequake003_s.jpg [9649/9649] -> "joequake.runecentral.com_20141023/shots/joequake003_s.jpg" [1]
2014-10-23 14:08:36 URL:http://joequake.runecentral.com/shots/joequake004.jpg [221619/221619] -> "joequake.runecentral.com_20141023/shots/joequake004.jpg" [1]
2014-10-23 14:08:37 URL:http://joequake.runecentral.com/shots/joequake004_s.jpg [8977/8977] -> "joequake.runecentral.com_20141023/shots/joequake004_s.jpg" [1]
2014-10-23 14:08:38 URL:http://joequake.runecentral.com/shots/joequake005.jpg [243735/243735] -> "joequake.runecentral.com_20141023/shots/joequake005.jpg" [1]
2014-10-23 14:08:38 URL:http://joequake.runecentral.com/shots/joequake005_s.jpg [13392/13392] -> "joequake.runecentral.com_20141023/shots/joequake005_s.jpg" [1]
2014-10-23 14:08:39 URL:http://joequake.runecentral.com/shots/joequake006.jpg [165044/165044] -> "joequake.runecentral.com_20141023/shots/joequake006.jpg" [1]
2014-10-23 14:08:39 URL:http://joequake.runecentral.com/shots/joequake006_s.jpg [8476/8476] -> "joequake.runecentral.com_20141023/shots/joequake006_s.jpg" [1]
2014-10-23 14:08:40 URL:http://joequake.runecentral.com/shots/joequake007.jpg [223870/223870] -> "joequake.runecentral.com_20141023/shots/joequake007.jpg" [1]
2014-10-23 14:08:41 URL:http://joequake.runecentral.com/shots/joequake007_s.jpg [10685/10685] -> "joequake.runecentral.com_20141023/shots/joequake007_s.jpg" [1]
2014-10-23 14:08:42 URL:http://joequake.runecentral.com/shots/joequake008.jpg [206806/206806] -> "joequake.runecentral.com_20141023/shots/joequake008.jpg" [1]
2014-10-23 14:08:42 URL:http://joequake.runecentral.com/shots/joequake008_s.jpg [13785/13785] -> "joequake.runecentral.com_20141023/shots/joequake008_s.jpg" [1]
2014-10-23 14:08:43 URL:http://joequake.runecentral.com/shots/joequake009.jpg [182912/182912] -> "joequake.runecentral.com_20141023/shots/joequake009.jpg" [1]
2014-10-23 14:08:43 URL:http://joequake.runecentral.com/shots/joequake009_s.jpg [11384/11384] -> "joequake.runecentral.com_20141023/shots/joequake009_s.jpg" [1]
2014-10-23 14:08:44 URL:http://joequake.runecentral.com/shots/joequake010.jpg [151670/151670] -> "joequake.runecentral.com_20141023/shots/joequake010.jpg" [1]
2014-10-23 14:08:44 URL:http://joequake.runecentral.com/shots/joequake010_s.jpg [11167/11167] -> "joequake.runecentral.com_20141023/shots/joequake010_s.jpg" [1]
2014-10-23 14:08:45 URL:http://joequake.runecentral.com/shots/joequake011.jpg [205962/205962] -> "joequake.runecentral.com_20141023/shots/joequake011.jpg" [1]
2014-10-23 14:08:45 URL:http://joequake.runecentral.com/shots/joequake011_s.jpg [13118/13118] -> "joequake.runecentral.com_20141023/shots/joequake011_s.jpg" [1]
2014-10-23 14:08:46 URL:http://joequake.runecentral.com/shots/joequake012.jpg [183919/183919] -> "joequake.runecentral.com_20141023/shots/joequake012.jpg" [1]
2014-10-23 14:08:47 URL:http://joequake.runecentral.com/shots/joequake012_s.jpg [10182/10182] -> "joequake.runecentral.com_20141023/shots/joequake012_s.jpg" [1]
2014-10-23 14:08:48 URL:http://joequake.runecentral.com/shots/joequake013.jpg [191522/191522] -> "joequake.runecentral.com_20141023/shots/joequake013.jpg" [1]
2014-10-23 14:08:48 URL:http://joequake.runecentral.com/shots/joequake013_s.jpg [9801/9801] -> "joequake.runecentral.com_20141023/shots/joequake013_s.jpg" [1]
2014-10-23 14:08:49 URL:http://joequake.runecentral.com/shots/joequake014.jpg [201044/201044] -> "joequake.runecentral.com_20141023/shots/joequake014.jpg" [1]
2014-10-23 14:08:49 URL:http://joequake.runecentral.com/shots/joequake014_s.jpg [11656/11656] -> "joequake.runecentral.com_20141023/shots/joequake014_s.jpg" [1]
2014-10-23 14:08:50 URL:http://joequake.runecentral.com/shots/joequake015.jpg [194491/194491] -> "joequake.runecentral.com_20141023/shots/joequake015.jpg" [1]
2014-10-23 14:08:50 URL:http://joequake.runecentral.com/shots/joequake015_s.jpg [12116/12116] -> "joequake.runecentral.com_20141023/shots/joequake015_s.jpg" [1]
2014-10-23 14:08:52 URL:http://joequake.runecentral.com/shots/joequake016.jpg [216831/216831] -> "joequake.runecentral.com_20141023/shots/joequake016.jpg" [1]
2014-10-23 14:08:52 URL:http://joequake.runecentral.com/shots/joequake016_s.jpg [12251/12251] -> "joequake.runecentral.com_20141023/shots/joequake016_s.jpg" [1]
2014-10-23 14:08:53 URL:http://joequake.runecentral.com/shots/joequake017.jpg [155869/155869] -> "joequake.runecentral.com_20141023/shots/joequake017.jpg" [1]
2014-10-23 14:08:53 URL:http://joequake.runecentral.com/shots/joequake017_s.jpg [8574/8574] -> "joequake.runecentral.com_20141023/shots/joequake017_s.jpg" [1]
2014-10-23 14:08:54 URL:http://joequake.runecentral.com/shots/joequake018.jpg [167295/167295] -> "joequake.runecentral.com_20141023/shots/joequake018.jpg" [1]
2014-10-23 14:08:54 URL:http://joequake.runecentral.com/shots/joequake018_s.jpg [9257/9257] -> "joequake.runecentral.com_20141023/shots/joequake018_s.jpg" [1]
2014-10-23 14:08:55 URL:http://joequake.runecentral.com/shots/joequake019.jpg [160773/160773] -> "joequake.runecentral.com_20141023/shots/joequake019.jpg" [1]
2014-10-23 14:08:55 URL:http://joequake.runecentral.com/shots/joequake019_s.jpg [8346/8346] -> "joequake.runecentral.com_20141023/shots/joequake019_s.jpg" [1]
2014-10-23 14:08:55 URL:http://joequake.runecentral.com/about2.png [1385/1385] -> "joequake.runecentral.com_20141023/about2.png" [1]
2014-10-23 14:08:56 URL:http://joequake.runecentral.com/links2.png [1100/1100] -> "joequake.runecentral.com_20141023/links2.png" [1]
FINISHED --2014-10-23 14:08:56--
Total wall clock time: 38s
Downloaded: 67 files, 5.1M in 18s (289 KB/s)
