2020-11-21 13:07:24,554 - wpull.processor.web - INFO - Fetching ‘http://joequake.runecentral.com/’.
2020-11-21 13:07:24,676 - wpull.processor.web - INFO - Fetched ‘http://joequake.runecentral.com/’: 200 OK. Length: 276 [text/html; charset=UTF-8].
2020-11-21 13:07:24,689 - wpull.processor.web - INFO - Fetching ‘http://joequake.runecentral.com/robots.txt’.
2020-11-21 13:07:24,809 - wpull.processor.web - INFO - Fetched ‘http://joequake.runecentral.com/robots.txt’: 404 Not Found. Length: 208 [text/html; charset=iso-8859-1].
2020-11-21 13:07:24,812 - wpull.processor.web - INFO - Fetching ‘http://joequake.runecentral.com/sitemap.xml’.
2020-11-21 13:07:24,937 - wpull.processor.web - INFO - Fetched ‘http://joequake.runecentral.com/sitemap.xml’: 404 Not Found. Length: 209 [text/html; charset=iso-8859-1].
2020-11-21 13:07:24,939 - wpull.processor.web - INFO - Fetching ‘http://joequake.runecentral.com/news.html’.
2020-11-21 13:07:25,202 - wpull.processor.web - INFO - Fetched ‘http://joequake.runecentral.com/news.html’: 200 OK. Length: 22567 [text/html; charset=UTF-8].
2020-11-21 13:07:25,227 - wpull.processor.web - INFO - Fetching ‘http://joequake.runecentral.com/shots.html’.
2020-11-21 13:07:25,356 - wpull.processor.web - INFO - Fetched ‘http://joequake.runecentral.com/shots.html’: 200 OK. Length: 4803 [text/html; charset=UTF-8].
2020-11-21 13:07:25,373 - root - WARNING - No processor available to handle 'mailto' scheme.
2020-11-21 13:07:25,380 - wpull.processor.web - INFO - Fetching ‘http://joequake.runecentral.com/downloads.html’.
2020-11-21 13:07:25,499 - wpull.processor.web - INFO - Fetched ‘http://joequake.runecentral.com/downloads.html’: 200 OK. Length: 4202 [text/html; charset=UTF-8].
2020-11-21 13:07:25,515 - wpull.processor.web - INFO - Fetching ‘http://joequake.runecentral.com/whatsnew.txt’.
2020-11-21 13:07:25,638 - wpull.processor.web - INFO - Fetched ‘http://joequake.runecentral.com/whatsnew.txt’: 200 OK. Length: 26169 [text/plain; charset=UTF-8].
2020-11-21 13:07:25,641 - wpull.processor.web - INFO - Fetching ‘http://joequake.runecentral.com/downloads.png’.
2020-11-21 13:07:25,763 - wpull.processor.web - INFO - Fetched ‘http://joequake.runecentral.com/downloads.png’: 200 OK. Length: 1852 [image/png].
2020-11-21 13:07:25,767 - wpull.processor.web - INFO - Fetching ‘http://joequake.runecentral.com/about.html’.
2020-11-21 13:07:25,885 - wpull.processor.web - INFO - Fetched ‘http://joequake.runecentral.com/about.html’: 200 OK. Length: 2296 [text/html; charset=UTF-8].
2020-11-21 13:07:25,892 - wpull.processor.web - INFO - Fetching ‘http://joequake.runecentral.com/joequake-v0.13-bugfix-win32.zip’.
2020-11-21 13:07:26,017 - wpull.processor.web - INFO - Fetched ‘http://joequake.runecentral.com/joequake-v0.13-bugfix-win32.zip’: 404 Not Found. Length: 229 [text/html; charset=iso-8859-1].
2020-11-21 13:07:26,019 - wpull.processor.web - INFO - Fetching ‘http://joequake.runecentral.com/joequake-v0.13-bugfix-linux.zip’.
2020-11-21 13:07:26,144 - wpull.processor.web - INFO - Fetched ‘http://joequake.runecentral.com/joequake-v0.13-bugfix-linux.zip’: 404 Not Found. Length: 229 [text/html; charset=iso-8859-1].
2020-11-21 13:07:26,150 - root - WARNING - No processor available to handle 'mailto' scheme.
2020-11-21 13:07:26,153 - wpull.processor.web - INFO - Fetching ‘http://joequake.runecentral.com/links.html’.
2020-11-21 13:07:26,271 - wpull.processor.web - INFO - Fetched ‘http://joequake.runecentral.com/links.html’: 200 OK. Length: 3040 [text/html; charset=UTF-8].
2020-11-21 13:07:26,281 - wpull.processor.web - INFO - Fetching ‘http://joequake.runecentral.com/joequake-v0.13DEV.zip’.
2020-11-21 13:07:26,407 - wpull.processor.web - INFO - Fetched ‘http://joequake.runecentral.com/joequake-v0.13DEV.zip’: 404 Not Found. Length: 219 [text/html; charset=iso-8859-1].
2020-11-21 13:07:26,408 - wpull.processor.web - INFO - Fetching ‘http://joequake.runecentral.com/about.png’.
2020-11-21 13:07:26,530 - wpull.processor.web - INFO - Fetched ‘http://joequake.runecentral.com/about.png’: 200 OK. Length: 1515 [image/png].
2020-11-21 13:07:26,534 - wpull.processor.web - INFO - Fetching ‘http://joequake.runecentral.com/joequake-v0.13-win32.zip’.
2020-11-21 13:07:26,667 - wpull.processor.web - INFO - Fetched ‘http://joequake.runecentral.com/joequake-v0.13-win32.zip’: 404 Not Found. Length: 222 [text/html; charset=iso-8859-1].
2020-11-21 13:07:26,674 - wpull.processor.web - INFO - Fetching ‘http://joequake.runecentral.com/news2.png’.
2020-11-21 13:07:26,796 - wpull.processor.web - INFO - Fetched ‘http://joequake.runecentral.com/news2.png’: 200 OK. Length: 1395 [image/png].
2020-11-21 13:07:26,803 - wpull.processor.web - INFO - Fetching ‘http://joequake.runecentral.com/joequake-v0.13DEV-linux.zip’.
2020-11-21 13:07:26,923 - wpull.processor.web - INFO - Fetched ‘http://joequake.runecentral.com/joequake-v0.13DEV-linux.zip’: 404 Not Found. Length: 225 [text/html; charset=iso-8859-1].
2020-11-21 13:07:26,925 - wpull.processor.web - INFO - Fetching ‘http://joequake.runecentral.com/features.png’.
2020-11-21 13:07:27,045 - wpull.processor.web - INFO - Fetched ‘http://joequake.runecentral.com/features.png’: 200 OK. Length: 1667 [image/png].
2020-11-21 13:07:27,047 - wpull.processor.web - INFO - Fetching ‘http://joequake.runecentral.com/features.html’.
2020-11-21 13:07:27,168 - wpull.processor.web - INFO - Fetched ‘http://joequake.runecentral.com/features.html’: 200 OK. Length: 24661 [text/html; charset=UTF-8].
2020-11-21 13:07:27,175 - wpull.processor.web - INFO - Fetching ‘http://joequake.runecentral.com/joeqlogo2.png’.
2020-11-21 13:07:27,296 - wpull.processor.web - INFO - Fetched ‘http://joequake.runecentral.com/joeqlogo2.png’: 200 OK. Length: 15138 [image/png].
2020-11-21 13:07:27,300 - wpull.processor.web - INFO - Fetching ‘http://joequake.runecentral.com/shots.png’.
2020-11-21 13:07:27,425 - wpull.processor.web - INFO - Fetched ‘http://joequake.runecentral.com/shots.png’: 200 OK. Length: 1595 [image/png].
2020-11-21 13:07:27,435 - wpull.processor.web - INFO - Fetching ‘http://joequake.runecentral.com/links.png’.
2020-11-21 13:07:27,554 - wpull.processor.web - INFO - Fetched ‘http://joequake.runecentral.com/links.png’: 200 OK. Length: 1153 [image/png].
2020-11-21 13:07:27,557 - wpull.processor.web - INFO - Fetching ‘http://joequake.runecentral.com/shots/menu000.jpg’.
2020-11-21 13:07:28,048 - wpull.processor.web - INFO - Fetched ‘http://joequake.runecentral.com/shots/menu000.jpg’: 200 OK. Length: 410232 [image/jpeg].
2020-11-21 13:07:28,050 - wpull.processor.web - INFO - Fetching ‘http://joequake.runecentral.com/shots/joequake005_s.jpg’.
2020-11-21 13:07:28,177 - wpull.processor.web - INFO - Fetched ‘http://joequake.runecentral.com/shots/joequake005_s.jpg’: 200 OK. Length: 13392 [image/jpeg].
2020-11-21 13:07:28,180 - wpull.processor.web - INFO - Fetching ‘http://joequake.runecentral.com/shots/menu001_s.jpg’.
2020-11-21 13:07:28,309 - wpull.processor.web - INFO - Fetched ‘http://joequake.runecentral.com/shots/menu001_s.jpg’: 200 OK. Length: 17370 [image/jpeg].
2020-11-21 13:07:28,313 - wpull.processor.web - INFO - Fetching ‘http://joequake.runecentral.com/shots/joequake014.jpg’.
2020-11-21 13:07:28,562 - wpull.processor.web - INFO - Fetched ‘http://joequake.runecentral.com/shots/joequake014.jpg’: 200 OK. Length: 201044 [image/jpeg].
2020-11-21 13:07:28,565 - wpull.processor.web - INFO - Fetching ‘http://joequake.runecentral.com/shots/joequake006_s.jpg’.
2020-11-21 13:07:28,691 - wpull.processor.web - INFO - Fetched ‘http://joequake.runecentral.com/shots/joequake006_s.jpg’: 200 OK. Length: 8476 [image/jpeg].
2020-11-21 13:07:28,694 - wpull.processor.web - INFO - Fetching ‘http://joequake.runecentral.com/shots/joequake015_s.jpg’.
2020-11-21 13:07:28,817 - wpull.processor.web - INFO - Fetched ‘http://joequake.runecentral.com/shots/joequake015_s.jpg’: 200 OK. Length: 12116 [image/jpeg].
2020-11-21 13:07:28,820 - wpull.processor.web - INFO - Fetching ‘http://joequake.runecentral.com/shots/joequake017_s.jpg’.
2020-11-21 13:07:28,943 - wpull.processor.web - INFO - Fetched ‘http://joequake.runecentral.com/shots/joequake017_s.jpg’: 200 OK. Length: 8574 [image/jpeg].
2020-11-21 13:07:28,946 - wpull.processor.web - INFO - Fetching ‘http://joequake.runecentral.com/shots/joequake018_s.jpg’.
2020-11-21 13:07:29,068 - wpull.processor.web - INFO - Fetched ‘http://joequake.runecentral.com/shots/joequake018_s.jpg’: 200 OK. Length: 9257 [image/jpeg].
2020-11-21 13:07:29,072 - wpull.processor.web - INFO - Fetching ‘http://joequake.runecentral.com/shots/joequake001_s.jpg’.
2020-11-21 13:07:29,194 - wpull.processor.web - INFO - Fetched ‘http://joequake.runecentral.com/shots/joequake001_s.jpg’: 200 OK. Length: 9501 [image/jpeg].
2020-11-21 13:07:29,197 - wpull.processor.web - INFO - Fetching ‘http://joequake.runecentral.com/shots/joequake004_s.jpg’.
2020-11-21 13:07:29,323 - wpull.processor.web - INFO - Fetched ‘http://joequake.runecentral.com/shots/joequake004_s.jpg’: 200 OK. Length: 8977 [image/jpeg].
2020-11-21 13:07:29,325 - wpull.processor.web - INFO - Fetching ‘http://joequake.runecentral.com/shots/joequake009_s.jpg’.
2020-11-21 13:07:29,455 - wpull.processor.web - INFO - Fetched ‘http://joequake.runecentral.com/shots/joequake009_s.jpg’: 200 OK. Length: 11384 [image/jpeg].
2020-11-21 13:07:29,459 - wpull.processor.web - INFO - Fetching ‘http://joequake.runecentral.com/shots2.png’.
2020-11-21 13:07:29,583 - wpull.processor.web - INFO - Fetched ‘http://joequake.runecentral.com/shots2.png’: 200 OK. Length: 1485 [image/png].
2020-11-21 13:07:29,585 - wpull.processor.web - INFO - Fetching ‘http://joequake.runecentral.com/shots/joequake017.jpg’.
2020-11-21 13:07:29,722 - wpull.processor.web - INFO - Fetched ‘http://joequake.runecentral.com/shots/joequake017.jpg’: 200 OK. Length: 155869 [image/jpeg].
2020-11-21 13:07:29,726 - wpull.processor.web - INFO - Fetching ‘http://joequake.runecentral.com/shots/joequake002_s.jpg’.
2020-11-21 13:07:29,848 - wpull.processor.web - INFO - Fetched ‘http://joequake.runecentral.com/shots/joequake002_s.jpg’: 200 OK. Length: 10430 [image/jpeg].
2020-11-21 13:07:29,851 - wpull.processor.web - INFO - Fetching ‘http://joequake.runecentral.com/shots/joequake010.jpg’.
2020-11-21 13:07:29,982 - wpull.processor.web - INFO - Fetched ‘http://joequake.runecentral.com/shots/joequake010.jpg’: 200 OK. Length: 151670 [image/jpeg].
2020-11-21 13:07:29,984 - wpull.processor.web - INFO - Fetching ‘http://joequake.runecentral.com/shots/joequake020.jpg’.
2020-11-21 13:07:30,231 - wpull.processor.web - INFO - Fetched ‘http://joequake.runecentral.com/shots/joequake020.jpg’: 200 OK. Length: 185761 [image/jpeg].
2020-11-21 13:07:30,235 - wpull.processor.web - INFO - Fetching ‘http://joequake.runecentral.com/shots/joequake001.jpg’.
2020-11-21 13:07:30,496 - wpull.processor.web - INFO - Fetched ‘http://joequake.runecentral.com/shots/joequake001.jpg’: 200 OK. Length: 183086 [image/jpeg].
2020-11-21 13:07:30,500 - wpull.processor.web - INFO - Fetching ‘http://joequake.runecentral.com/shots/joequake009.jpg’.
2020-11-21 13:07:30,746 - wpull.processor.web - INFO - Fetched ‘http://joequake.runecentral.com/shots/joequake009.jpg’: 200 OK. Length: 182912 [image/jpeg].
2020-11-21 13:07:30,750 - wpull.processor.web - INFO - Fetching ‘http://joequake.runecentral.com/shots/joequake019.jpg’.
2020-11-21 13:07:30,885 - wpull.processor.web - INFO - Fetched ‘http://joequake.runecentral.com/shots/joequake019.jpg’: 200 OK. Length: 160773 [image/jpeg].
2020-11-21 13:07:30,888 - wpull.processor.web - INFO - Fetching ‘http://joequake.runecentral.com/shots/joequake013_s.jpg’.
2020-11-21 13:07:31,009 - wpull.processor.web - INFO - Fetched ‘http://joequake.runecentral.com/shots/joequake013_s.jpg’: 200 OK. Length: 9801 [image/jpeg].
2020-11-21 13:07:31,012 - wpull.processor.web - INFO - Fetching ‘http://joequake.runecentral.com/shots/joequake014_s.jpg’.
2020-11-21 13:07:31,134 - wpull.processor.web - INFO - Fetched ‘http://joequake.runecentral.com/shots/joequake014_s.jpg’: 200 OK. Length: 11656 [image/jpeg].
2020-11-21 13:07:31,136 - wpull.processor.web - INFO - Fetching ‘http://joequake.runecentral.com/shots/joequake016.jpg’.
2020-11-21 13:07:31,383 - wpull.processor.web - INFO - Fetched ‘http://joequake.runecentral.com/shots/joequake016.jpg’: 200 OK. Length: 216831 [image/jpeg].
2020-11-21 13:07:31,384 - wpull.processor.web - INFO - Fetching ‘http://joequake.runecentral.com/shots/joequake010_s.jpg’.
2020-11-21 13:07:31,508 - wpull.processor.web - INFO - Fetched ‘http://joequake.runecentral.com/shots/joequake010_s.jpg’: 200 OK. Length: 11167 [image/jpeg].
2020-11-21 13:07:31,511 - wpull.processor.web - INFO - Fetching ‘http://joequake.runecentral.com/shots/joequake019_s.jpg’.
2020-11-21 13:07:31,634 - wpull.processor.web - INFO - Fetched ‘http://joequake.runecentral.com/shots/joequake019_s.jpg’: 200 OK. Length: 8346 [image/jpeg].
2020-11-21 13:07:31,637 - wpull.processor.web - INFO - Fetching ‘http://joequake.runecentral.com/shots/joequake004.jpg’.
2020-11-21 13:07:31,888 - wpull.processor.web - INFO - Fetched ‘http://joequake.runecentral.com/shots/joequake004.jpg’: 200 OK. Length: 221619 [image/jpeg].
2020-11-21 13:07:31,892 - wpull.processor.web - INFO - Fetching ‘http://joequake.runecentral.com/shots/joequake008.jpg’.
2020-11-21 13:07:32,136 - wpull.processor.web - INFO - Fetched ‘http://joequake.runecentral.com/shots/joequake008.jpg’: 200 OK. Length: 206806 [image/jpeg].
2020-11-21 13:07:32,139 - wpull.processor.web - INFO - Fetching ‘http://joequake.runecentral.com/shots/joequake005.jpg’.
2020-11-21 13:07:32,390 - wpull.processor.web - INFO - Fetched ‘http://joequake.runecentral.com/shots/joequake005.jpg’: 200 OK. Length: 243735 [image/jpeg].
2020-11-21 13:07:32,393 - wpull.processor.web - INFO - Fetching ‘http://joequake.runecentral.com/shots/joequake008_s.jpg’.
2020-11-21 13:07:32,516 - wpull.processor.web - INFO - Fetched ‘http://joequake.runecentral.com/shots/joequake008_s.jpg’: 200 OK. Length: 13785 [image/jpeg].
2020-11-21 13:07:32,519 - wpull.processor.web - INFO - Fetching ‘http://joequake.runecentral.com/shots/joequake006.jpg’.
2020-11-21 13:07:32,651 - wpull.processor.web - INFO - Fetched ‘http://joequake.runecentral.com/shots/joequake006.jpg’: 200 OK. Length: 165044 [image/jpeg].
2020-11-21 13:07:32,654 - wpull.processor.web - INFO - Fetching ‘http://joequake.runecentral.com/shots/joequake012_s.jpg’.
2020-11-21 13:07:32,777 - wpull.processor.web - INFO - Fetched ‘http://joequake.runecentral.com/shots/joequake012_s.jpg’: 200 OK. Length: 10182 [image/jpeg].
2020-11-21 13:07:32,781 - wpull.processor.web - INFO - Fetching ‘http://joequake.runecentral.com/shots/joequake013.jpg’.
2020-11-21 13:07:32,929 - wpull.processor.web - INFO - Fetched ‘http://joequake.runecentral.com/shots/joequake013.jpg’: 200 OK. Length: 191522 [image/jpeg].
2020-11-21 13:07:32,932 - wpull.processor.web - INFO - Fetching ‘http://joequake.runecentral.com/shots/joequake018.jpg’.
2020-11-21 13:07:33,069 - wpull.processor.web - INFO - Fetched ‘http://joequake.runecentral.com/shots/joequake018.jpg’: 200 OK. Length: 167295 [image/jpeg].
2020-11-21 13:07:33,073 - wpull.processor.web - INFO - Fetching ‘http://joequake.runecentral.com/shots/joequake011_s.jpg’.
2020-11-21 13:07:33,196 - wpull.processor.web - INFO - Fetched ‘http://joequake.runecentral.com/shots/joequake011_s.jpg’: 200 OK. Length: 13118 [image/jpeg].
2020-11-21 13:07:33,199 - wpull.processor.web - INFO - Fetching ‘http://joequake.runecentral.com/shots/joequake007_s.jpg’.
2020-11-21 13:07:33,322 - wpull.processor.web - INFO - Fetched ‘http://joequake.runecentral.com/shots/joequake007_s.jpg’: 200 OK. Length: 10685 [image/jpeg].
2020-11-21 13:07:33,326 - wpull.processor.web - INFO - Fetching ‘http://joequake.runecentral.com/shots/joequake002.jpg’.
2020-11-21 13:07:33,590 - wpull.processor.web - INFO - Fetched ‘http://joequake.runecentral.com/shots/joequake002.jpg’: 200 OK. Length: 226525 [image/jpeg].
2020-11-21 13:07:33,593 - wpull.processor.web - INFO - Fetching ‘http://joequake.runecentral.com/shots/joequake012.jpg’.
2020-11-21 13:07:33,731 - wpull.processor.web - INFO - Fetched ‘http://joequake.runecentral.com/shots/joequake012.jpg’: 200 OK. Length: 183919 [image/jpeg].
2020-11-21 13:07:33,734 - wpull.processor.web - INFO - Fetching ‘http://joequake.runecentral.com/shots/joequake003.jpg’.
2020-11-21 13:07:33,869 - wpull.processor.web - INFO - Fetched ‘http://joequake.runecentral.com/shots/joequake003.jpg’: 200 OK. Length: 176910 [image/jpeg].
2020-11-21 13:07:33,874 - wpull.processor.web - INFO - Fetching ‘http://joequake.runecentral.com/shots/joequake007.jpg’.
2020-11-21 13:07:34,127 - wpull.processor.web - INFO - Fetched ‘http://joequake.runecentral.com/shots/joequake007.jpg’: 200 OK. Length: 223870 [image/jpeg].
2020-11-21 13:07:34,130 - wpull.processor.web - INFO - Fetching ‘http://joequake.runecentral.com/shots/joequake000.jpg’.
2020-11-21 13:07:34,386 - wpull.processor.web - INFO - Fetched ‘http://joequake.runecentral.com/shots/joequake000.jpg’: 200 OK. Length: 292028 [image/jpeg].
2020-11-21 13:07:34,390 - wpull.processor.web - INFO - Fetching ‘http://joequake.runecentral.com/shots/joequake011.jpg’.
2020-11-21 13:07:34,652 - wpull.processor.web - INFO - Fetched ‘http://joequake.runecentral.com/shots/joequake011.jpg’: 200 OK. Length: 205962 [image/jpeg].
2020-11-21 13:07:34,655 - wpull.processor.web - INFO - Fetching ‘http://joequake.runecentral.com/shots/menu000_s.jpg’.
2020-11-21 13:07:34,779 - wpull.processor.web - INFO - Fetched ‘http://joequake.runecentral.com/shots/menu000_s.jpg’: 200 OK. Length: 16535 [image/jpeg].
2020-11-21 13:07:34,783 - wpull.processor.web - INFO - Fetching ‘http://joequake.runecentral.com/shots/joequake016_s.jpg’.
2020-11-21 13:07:34,907 - wpull.processor.web - INFO - Fetched ‘http://joequake.runecentral.com/shots/joequake016_s.jpg’: 200 OK. Length: 12251 [image/jpeg].
2020-11-21 13:07:34,910 - wpull.processor.web - INFO - Fetching ‘http://joequake.runecentral.com/shots/joequake000_s.jpg’.
2020-11-21 13:07:35,039 - wpull.processor.web - INFO - Fetched ‘http://joequake.runecentral.com/shots/joequake000_s.jpg’: 200 OK. Length: 17595 [image/jpeg].
2020-11-21 13:07:35,042 - wpull.processor.web - INFO - Fetching ‘http://joequake.runecentral.com/shots/joequake003_s.jpg’.
2020-11-21 13:07:35,164 - wpull.processor.web - INFO - Fetched ‘http://joequake.runecentral.com/shots/joequake003_s.jpg’: 200 OK. Length: 9649 [image/jpeg].
2020-11-21 13:07:35,167 - wpull.processor.web - INFO - Fetching ‘http://joequake.runecentral.com/shots/joequake020_s.jpg’.
2020-11-21 13:07:35,292 - wpull.processor.web - INFO - Fetched ‘http://joequake.runecentral.com/shots/joequake020_s.jpg’: 200 OK. Length: 10812 [image/jpeg].
2020-11-21 13:07:35,295 - wpull.processor.web - INFO - Fetching ‘http://joequake.runecentral.com/shots/menu001.jpg’.
2020-11-21 13:07:35,569 - wpull.processor.web - INFO - Fetched ‘http://joequake.runecentral.com/shots/menu001.jpg’: 200 OK. Length: 400255 [image/jpeg].
2020-11-21 13:07:35,572 - wpull.processor.web - INFO - Fetching ‘http://joequake.runecentral.com/shots/joequake015.jpg’.
2020-11-21 13:07:35,707 - wpull.processor.web - INFO - Fetched ‘http://joequake.runecentral.com/shots/joequake015.jpg’: 200 OK. Length: 194491 [image/jpeg].
2020-11-21 13:07:35,711 - wpull.processor.web - INFO - Fetching ‘http://joequake.runecentral.com/news.png’.
2020-11-21 13:07:35,835 - wpull.processor.web - INFO - Fetched ‘http://joequake.runecentral.com/news.png’: 200 OK. Length: 1502 [image/png].
2020-11-21 13:07:35,838 - wpull.processor.web - INFO - Fetching ‘http://joequake.runecentral.com/downloads2.png’.
2020-11-21 13:07:35,961 - wpull.processor.web - INFO - Fetched ‘http://joequake.runecentral.com/downloads2.png’: 200 OK. Length: 1720 [image/png].
2020-11-21 13:07:36,029 - wpull.processor.web - INFO - Fetching ‘http://joequake.runecentral.com/about2.png’.
2020-11-21 13:07:36,147 - wpull.processor.web - INFO - Fetched ‘http://joequake.runecentral.com/about2.png’: 200 OK. Length: 1385 [image/png].
2020-11-21 13:07:36,157 - wpull.processor.web - INFO - Fetching ‘http://joequake.runecentral.com/links2.png’.
2020-11-21 13:07:36,278 - wpull.processor.web - INFO - Fetched ‘http://joequake.runecentral.com/links2.png’: 200 OK. Length: 1100 [image/png].
2020-11-21 13:07:36,306 - wpull.processor.web - INFO - Fetching ‘http://joequake.runecentral.com/features2.png’.
2020-11-21 13:07:36,424 - wpull.processor.web - INFO - Fetched ‘http://joequake.runecentral.com/features2.png’: 200 OK. Length: 1500 [image/png].
2020-11-21 13:07:36,429 - wpull.application.tasks.stats - INFO - FINISHED.
2020-11-21 13:07:36,429 - wpull.application.tasks.stats - INFO - Duration: 0:00:12. Speed: 626.2 KiB/s.
2020-11-21 13:07:36,430 - wpull.application.tasks.stats - INFO - Downloaded: 67 files, 5.1 MiB.
