2015-01-31 14:15:32 URL:https://kneedeepinthedoomed.wordpress.com/ [46781] -> "kneedeepinthedoomed.wordpress.com_20150131/kneedeepinthedoomed.wordpress.com/index.html" [1]
2015-01-31 14:15:33 URL:https://kneedeepinthedoomed.wordpress.com/xmlrpc.php [42] -> "kneedeepinthedoomed.wordpress.com_20150131/kneedeepinthedoomed.wordpress.com/xmlrpc.php" [1]
2015-01-31 14:15:33 URL:https://kneedeepinthedoomed.wordpress.com/feed/ [40956] -> "kneedeepinthedoomed.wordpress.com_20150131/kneedeepinthedoomed.wordpress.com/feed/index.html" [1]
2015-01-31 14:15:33 URL:https://kneedeepinthedoomed.wordpress.com/comments/feed/ [9442] -> "kneedeepinthedoomed.wordpress.com_20150131/kneedeepinthedoomed.wordpress.com/comments/feed/index.html" [1]
2015-01-31 14:15:33 URL:https://kneedeepinthedoomed.wordpress.com/xmlrpc.php?rsd [919] -> "kneedeepinthedoomed.wordpress.com_20150131/kneedeepinthedoomed.wordpress.com/xmlrpc.php?rsd" [1]
2015-01-31 14:15:34 URL:https://kneedeepinthedoomed.wordpress.com/?openidserver=1 [24] -> "kneedeepinthedoomed.wordpress.com_20150131/kneedeepinthedoomed.wordpress.com/index.html?openidserver=1.html" [1]
2015-01-31 14:15:34 URL:https://kneedeepinthedoomed.wordpress.com/osd.xml [1496] -> "kneedeepinthedoomed.wordpress.com_20150131/kneedeepinthedoomed.wordpress.com/osd.xml" [1]
2015-01-31 14:15:35 URL:https://kneedeepinthedoomed.wordpress.com/about/ [42092] -> "kneedeepinthedoomed.wordpress.com_20150131/kneedeepinthedoomed.wordpress.com/about/index.html" [1]
2015-01-31 14:15:35 URL:https://kneedeepinthedoomed.wordpress.com/downloads/ [48384] -> "kneedeepinthedoomed.wordpress.com_20150131/kneedeepinthedoomed.wordpress.com/downloads/index.html" [1]
2015-01-31 14:15:37 URL:https://kneedeepinthedoomed.wordpress.com/rmq-mapping-guide/ [115518] -> "kneedeepinthedoomed.wordpress.com_20150131/kneedeepinthedoomed.wordpress.com/rmq-mapping-guide/index.html" [1]
2015-01-31 14:15:37 URL:https://kneedeepinthedoomed.files.wordpress.com/2012/01/cropped-herdh.jpg [11184/11184] -> "kneedeepinthedoomed.wordpress.com_20150131/kneedeepinthedoomed.files.wordpress.com/2012/01/cropped-herdh.jpg" [1]
2015-01-31 14:15:38 URL:https://kneedeepinthedoomed.wordpress.com/2015/01/30/rune-of-earth-magic/ [46686] -> "kneedeepinthedoomed.wordpress.com_20150131/kneedeepinthedoomed.wordpress.com/2015/01/30/rune-of-earth-magic/index.html" [1]
2015-01-31 14:15:39 URL:https://kneedeepinthedoomed.wordpress.com/author/kneedeepinthedoomed/ [45632] -> "kneedeepinthedoomed.wordpress.com_20150131/kneedeepinthedoomed.wordpress.com/author/kneedeepinthedoomed/index.html" [1]
2015-01-31 14:15:39 URL:https://kneedeepinthedoomed.files.wordpress.com/2015/01/dirt1.jpg [276970/276970] -> "kneedeepinthedoomed.wordpress.com_20150131/kneedeepinthedoomed.files.wordpress.com/2015/01/dirt1.jpg" [1]
2015-01-31 14:15:39 URL:https://kneedeepinthedoomed.files.wordpress.com/2015/01/dirt1.jpg?w=490&h=368 [60711/60711] -> "kneedeepinthedoomed.wordpress.com_20150131/kneedeepinthedoomed.files.wordpress.com/2015/01/dirt1.jpg?w=490&h=368" [1]
2015-01-31 14:15:40 URL:https://kneedeepinthedoomed.wordpress.com/tag/mod/ [27737] -> "kneedeepinthedoomed.wordpress.com_20150131/kneedeepinthedoomed.wordpress.com/tag/mod/index.html" [1]
2015-01-31 14:15:41 URL:https://kneedeepinthedoomed.wordpress.com/tag/quake/ [27735] -> "kneedeepinthedoomed.wordpress.com_20150131/kneedeepinthedoomed.wordpress.com/tag/quake/index.html" [1]
2015-01-31 14:15:42 URL:https://kneedeepinthedoomed.wordpress.com/tag/remakequake/ [27827] -> "kneedeepinthedoomed.wordpress.com_20150131/kneedeepinthedoomed.wordpress.com/tag/remakequake/index.html" [1]
2015-01-31 14:15:42 URL:https://kneedeepinthedoomed.wordpress.com/tag/rune-of-earth-magic/ [27969] -> "kneedeepinthedoomed.wordpress.com_20150131/kneedeepinthedoomed.wordpress.com/tag/rune-of-earth-magic/index.html" [1]
2015-01-31 14:15:43 URL:https://kneedeepinthedoomed.wordpress.com/category/uncategorized/ [44924] -> "kneedeepinthedoomed.wordpress.com_20150131/kneedeepinthedoomed.wordpress.com/category/uncategorized/index.html" [1]
2015-01-31 14:15:44 URL:https://kneedeepinthedoomed.wordpress.com/2012/07/15/the-end/ [50738] -> "kneedeepinthedoomed.wordpress.com_20150131/kneedeepinthedoomed.wordpress.com/2012/07/15/the-end/index.html" [1]
2015-01-31 14:15:44 URL:https://kneedeepinthedoomed.wordpress.com/2012/06/08/final-update-likely/ [49896] -> "kneedeepinthedoomed.wordpress.com_20150131/kneedeepinthedoomed.wordpress.com/2012/06/08/final-update-likely/index.html" [1]
2015-01-31 14:15:45 URL:https://kneedeepinthedoomed.wordpress.com/2012/04/30/csqc-more-or-less-working/ [47684] -> "kneedeepinthedoomed.wordpress.com_20150131/kneedeepinthedoomed.wordpress.com/2012/04/30/csqc-more-or-less-working/index.html" [1]
2015-01-31 14:15:46 URL:https://kneedeepinthedoomed.files.wordpress.com/2012/04/closer.jpg [129913/129913] -> "kneedeepinthedoomed.wordpress.com_20150131/kneedeepinthedoomed.files.wordpress.com/2012/04/closer.jpg" [1]
2015-01-31 14:15:46 URL:https://kneedeepinthedoomed.files.wordpress.com/2012/04/closer.jpg?w=490&h=367 [59535/59535] -> "kneedeepinthedoomed.wordpress.com_20150131/kneedeepinthedoomed.files.wordpress.com/2012/04/closer.jpg?w=490&h=367" [1]
2015-01-31 14:15:47 URL:https://kneedeepinthedoomed.wordpress.com/2012/04/25/bsp2-engine-support-features/ [50379] -> "kneedeepinthedoomed.wordpress.com_20150131/kneedeepinthedoomed.wordpress.com/2012/04/25/bsp2-engine-support-features/index.html" [1]
2015-01-31 14:15:48 URL:https://kneedeepinthedoomed.wordpress.com/2012/02/09/temporary-issues/ [48712] -> "kneedeepinthedoomed.wordpress.com_20150131/kneedeepinthedoomed.wordpress.com/2012/02/09/temporary-issues/index.html" [1]
2015-01-31 14:15:48 URL:https://kneedeepinthedoomed.wordpress.com/2012/01/22/winter-spring-cleaning/ [48073] -> "kneedeepinthedoomed.wordpress.com_20150131/kneedeepinthedoomed.wordpress.com/2012/01/22/winter-spring-cleaning/index.html" [1]
2015-01-31 14:15:49 URL:https://kneedeepinthedoomed.wordpress.com/page/2/ [47887] -> "kneedeepinthedoomed.wordpress.com_20150131/kneedeepinthedoomed.wordpress.com/page/2/index.html" [1]
2015-01-31 14:15:50 URL:https://kneedeepinthedoomed.wordpress.com/wp-login.php [7270] -> "kneedeepinthedoomed.wordpress.com_20150131/kneedeepinthedoomed.wordpress.com/wp-login.php.html" [1]
2015-01-31 14:15:50 URL:https://kneedeepinthedoomed.wordpress.com/about/feed/ [1712] -> "kneedeepinthedoomed.wordpress.com_20150131/kneedeepinthedoomed.wordpress.com/about/feed/index.html" [1]
2015-01-31 14:15:50 URL:https://kneedeepinthedoomed.wordpress.com/downloads/feed/ [1797] -> "kneedeepinthedoomed.wordpress.com_20150131/kneedeepinthedoomed.wordpress.com/downloads/feed/index.html" [1]
2015-01-31 14:15:51 URL:https://kneedeepinthedoomed.files.wordpress.com/2012/01/spdemo3_1.jpg [204092/204092] -> "kneedeepinthedoomed.wordpress.com_20150131/kneedeepinthedoomed.files.wordpress.com/2012/01/spdemo3_1.jpg" [1]
2015-01-31 14:15:51 URL:https://kneedeepinthedoomed.files.wordpress.com/2012/01/spdemo3_1.jpg?w=490&h=367 [53209/53209] -> "kneedeepinthedoomed.wordpress.com_20150131/kneedeepinthedoomed.files.wordpress.com/2012/01/spdemo3_1.jpg?w=490&h=367" [1]
2015-01-31 14:15:52 URL:https://kneedeepinthedoomed.wordpress.com/2012/01/09/sp-demo-3-release/ [55690] -> "kneedeepinthedoomed.wordpress.com_20150131/kneedeepinthedoomed.wordpress.com/2012/01/09/sp-demo-3-release/index.html" [1]
2015-01-31 14:15:52 URL:https://kneedeepinthedoomed.files.wordpress.com/2010/06/spdemo2_1.jpg [188360/188360] -> "kneedeepinthedoomed.wordpress.com_20150131/kneedeepinthedoomed.files.wordpress.com/2010/06/spdemo2_1.jpg" [1]
2015-01-31 14:15:52 URL:https://kneedeepinthedoomed.files.wordpress.com/2010/06/spdemo2_1.jpg?w=490&h=367 [56370/56370] -> "kneedeepinthedoomed.wordpress.com_20150131/kneedeepinthedoomed.files.wordpress.com/2010/06/spdemo2_1.jpg?w=490&h=367" [1]
2015-01-31 14:15:53 URL:https://kneedeepinthedoomed.wordpress.com/2010/12/24/xmas-presents-part-2/ [55772] -> "kneedeepinthedoomed.wordpress.com_20150131/kneedeepinthedoomed.wordpress.com/2010/12/24/xmas-presents-part-2/index.html" [1]
2015-01-31 14:15:54 URL:https://kneedeepinthedoomed.wordpress.com/2011/01/09/ez-installer-and-more/ [48044] -> "kneedeepinthedoomed.wordpress.com_20150131/kneedeepinthedoomed.wordpress.com/2011/01/09/ez-installer-and-more/index.html" [1]
2015-01-31 14:15:54 URL:https://kneedeepinthedoomed.files.wordpress.com/2010/06/boxshot-quake.jpg [4796/4796] -> "kneedeepinthedoomed.wordpress.com_20150131/kneedeepinthedoomed.files.wordpress.com/2010/06/boxshot-quake.jpg" [1]
2015-01-31 14:15:54 URL:https://kneedeepinthedoomed.files.wordpress.com/2010/06/boxshot-quake.jpg?w=490 [4423/4423] -> "kneedeepinthedoomed.wordpress.com_20150131/kneedeepinthedoomed.files.wordpress.com/2010/06/boxshot-quake.jpg?w=490" [1]
2015-01-31 14:15:55 URL:https://kneedeepinthedoomed.wordpress.com/rmq-mapping-guide/feed/ [7684] -> "kneedeepinthedoomed.wordpress.com_20150131/kneedeepinthedoomed.wordpress.com/rmq-mapping-guide/feed/index.html" [1]
2015-01-31 14:15:56 URL:https://kneedeepinthedoomed.files.wordpress.com/2010/10/funcladder2.jpg [322284/322284] -> "kneedeepinthedoomed.wordpress.com_20150131/kneedeepinthedoomed.files.wordpress.com/2010/10/funcladder2.jpg" [1]
2015-01-31 14:15:56 URL:https://kneedeepinthedoomed.files.wordpress.com/2010/10/funcladder2.jpg?w=490&h=392 [75677/75677] -> "kneedeepinthedoomed.wordpress.com_20150131/kneedeepinthedoomed.files.wordpress.com/2010/10/funcladder2.jpg?w=490&h=392" [1]
2015-01-31 14:15:56 URL:https://kneedeepinthedoomed.files.wordpress.com/2010/10/funcladder4.jpg [282203/282203] -> "kneedeepinthedoomed.wordpress.com_20150131/kneedeepinthedoomed.files.wordpress.com/2010/10/funcladder4.jpg" [1]
2015-01-31 14:15:56 URL:https://kneedeepinthedoomed.files.wordpress.com/2010/10/funcladder4.jpg?w=490&h=392 [64720/64720] -> "kneedeepinthedoomed.wordpress.com_20150131/kneedeepinthedoomed.files.wordpress.com/2010/10/funcladder4.jpg?w=490&h=392" [1]
2015-01-31 14:15:57 URL:https://kneedeepinthedoomed.files.wordpress.com/2010/11/funcwaterwrong1.jpg [24347/24347] -> "kneedeepinthedoomed.wordpress.com_20150131/kneedeepinthedoomed.files.wordpress.com/2010/11/funcwaterwrong1.jpg" [1]
2015-01-31 14:15:57 URL:https://kneedeepinthedoomed.files.wordpress.com/2010/11/funcwaterwrong1.jpg?w=490&h=367 [22644/22644] -> "kneedeepinthedoomed.wordpress.com_20150131/kneedeepinthedoomed.files.wordpress.com/2010/11/funcwaterwrong1.jpg?w=490&h=367" [1]
2015-01-31 14:15:57 URL:https://kneedeepinthedoomed.files.wordpress.com/2010/11/funcwatercorrect.jpg [22743/22743] -> "kneedeepinthedoomed.wordpress.com_20150131/kneedeepinthedoomed.files.wordpress.com/2010/11/funcwatercorrect.jpg" [1]
2015-01-31 14:15:57 URL:https://kneedeepinthedoomed.files.wordpress.com/2010/11/funcwatercorrect.jpg?w=490&h=367 [22511/22511] -> "kneedeepinthedoomed.wordpress.com_20150131/kneedeepinthedoomed.files.wordpress.com/2010/11/funcwatercorrect.jpg?w=490&h=367" [1]
2015-01-31 14:15:57 URL:https://kneedeepinthedoomed.files.wordpress.com/2010/11/grapple_meth1.jpg [37191/37191] -> "kneedeepinthedoomed.wordpress.com_20150131/kneedeepinthedoomed.files.wordpress.com/2010/11/grapple_meth1.jpg" [1]
2015-01-31 14:15:57 URL:https://kneedeepinthedoomed.files.wordpress.com/2010/11/grapple_meth1.jpg?w=490&h=367 [32818/32818] -> "kneedeepinthedoomed.wordpress.com_20150131/kneedeepinthedoomed.files.wordpress.com/2010/11/grapple_meth1.jpg?w=490&h=367" [1]
2015-01-31 14:15:58 URL:https://kneedeepinthedoomed.files.wordpress.com/2010/11/grapple_meth2.jpg [37219/37219] -> "kneedeepinthedoomed.wordpress.com_20150131/kneedeepinthedoomed.files.wordpress.com/2010/11/grapple_meth2.jpg" [1]
2015-01-31 14:15:58 URL:https://kneedeepinthedoomed.files.wordpress.com/2010/11/grapple_meth2.jpg?w=490&h=367 [30530/30530] -> "kneedeepinthedoomed.wordpress.com_20150131/kneedeepinthedoomed.files.wordpress.com/2010/11/grapple_meth2.jpg?w=490&h=367" [1]
2015-01-31 14:15:58 URL:https://kneedeepinthedoomed.files.wordpress.com/2010/11/grapple2_meth1.jpg [34483/34483] -> "kneedeepinthedoomed.wordpress.com_20150131/kneedeepinthedoomed.files.wordpress.com/2010/11/grapple2_meth1.jpg" [1]
2015-01-31 14:15:58 URL:https://kneedeepinthedoomed.files.wordpress.com/2010/11/grapple2_meth1.jpg?w=490&h=367 [29430/29430] -> "kneedeepinthedoomed.wordpress.com_20150131/kneedeepinthedoomed.files.wordpress.com/2010/11/grapple2_meth1.jpg?w=490&h=367" [1]
2015-01-31 14:15:58 URL:https://kneedeepinthedoomed.files.wordpress.com/2010/11/grapple2_meth2.jpg [48391/48391] -> "kneedeepinthedoomed.wordpress.com_20150131/kneedeepinthedoomed.files.wordpress.com/2010/11/grapple2_meth2.jpg" [1]
2015-01-31 14:15:59 URL:https://kneedeepinthedoomed.files.wordpress.com/2010/11/grapple2_meth2.jpg?w=490&h=367 [37645/37645] -> "kneedeepinthedoomed.wordpress.com_20150131/kneedeepinthedoomed.files.wordpress.com/2010/11/grapple2_meth2.jpg?w=490&h=367" [1]
2015-01-31 14:15:59 URL:https://kneedeepinthedoomed.files.wordpress.com/2010/11/weirdstuff.jpg [144761/144761] -> "kneedeepinthedoomed.wordpress.com_20150131/kneedeepinthedoomed.files.wordpress.com/2010/11/weirdstuff.jpg" [1]
2015-01-31 14:15:59 URL:https://kneedeepinthedoomed.files.wordpress.com/2010/11/weirdstuff.jpg?w=490&h=367 [42377/42377] -> "kneedeepinthedoomed.wordpress.com_20150131/kneedeepinthedoomed.files.wordpress.com/2010/11/weirdstuff.jpg?w=490&h=367" [1]
2015-01-31 14:15:59 URL:https://kneedeepinthedoomed.files.wordpress.com/2010/11/randomizer.jpg [108828/108828] -> "kneedeepinthedoomed.wordpress.com_20150131/kneedeepinthedoomed.files.wordpress.com/2010/11/randomizer.jpg" [1]
2015-01-31 14:15:59 URL:https://kneedeepinthedoomed.files.wordpress.com/2010/11/randomizer.jpg?w=490&h=367 [51786/51786] -> "kneedeepinthedoomed.wordpress.com_20150131/kneedeepinthedoomed.files.wordpress.com/2010/11/randomizer.jpg?w=490&h=367" [1]
2015-01-31 14:16:00 URL:https://kneedeepinthedoomed.files.wordpress.com/2010/11/rmqrot1.jpg [42120/42120] -> "kneedeepinthedoomed.wordpress.com_20150131/kneedeepinthedoomed.files.wordpress.com/2010/11/rmqrot1.jpg" [1]
2015-01-31 14:16:00 URL:https://kneedeepinthedoomed.files.wordpress.com/2010/11/rmqrot1.jpg?w=490&h=367 [30844/30844] -> "kneedeepinthedoomed.wordpress.com_20150131/kneedeepinthedoomed.files.wordpress.com/2010/11/rmqrot1.jpg?w=490&h=367" [1]
2015-01-31 14:16:00 URL:https://kneedeepinthedoomed.files.wordpress.com/2010/08/ofcourse.jpg [281268/281268] -> "kneedeepinthedoomed.wordpress.com_20150131/kneedeepinthedoomed.files.wordpress.com/2010/08/ofcourse.jpg" [1]
2015-01-31 14:16:00 URL:https://kneedeepinthedoomed.files.wordpress.com/2010/08/ofcourse.jpg?w=490&h=367 [76421/76421] -> "kneedeepinthedoomed.wordpress.com_20150131/kneedeepinthedoomed.files.wordpress.com/2010/08/ofcourse.jpg?w=490&h=367" [1]
2015-01-31 14:16:01 URL:https://kneedeepinthedoomed.files.wordpress.com/2010/11/copgrate.jpg [220707/220707] -> "kneedeepinthedoomed.wordpress.com_20150131/kneedeepinthedoomed.files.wordpress.com/2010/11/copgrate.jpg" [1]
2015-01-31 14:16:01 URL:https://kneedeepinthedoomed.files.wordpress.com/2010/11/copgrate.jpg?w=490&h=393 [84546/84546] -> "kneedeepinthedoomed.wordpress.com_20150131/kneedeepinthedoomed.files.wordpress.com/2010/11/copgrate.jpg?w=490&h=393" [1]
2015-01-31 14:16:01 URL:https://kneedeepinthedoomed.files.wordpress.com/2010/11/qrp1.jpg [307906/307906] -> "kneedeepinthedoomed.wordpress.com_20150131/kneedeepinthedoomed.files.wordpress.com/2010/11/qrp1.jpg" [1]
2015-01-31 14:16:01 URL:https://kneedeepinthedoomed.files.wordpress.com/2010/11/qrp1.jpg?w=490&h=367 [70780/70780] -> "kneedeepinthedoomed.wordpress.com_20150131/kneedeepinthedoomed.files.wordpress.com/2010/11/qrp1.jpg?w=490&h=367" [1]
2015-01-31 14:16:02 URL:https://kneedeepinthedoomed.wordpress.com/2015/01/30/rune-of-earth-magic/feed/ [959] -> "kneedeepinthedoomed.wordpress.com_20150131/kneedeepinthedoomed.wordpress.com/2015/01/30/rune-of-earth-magic/feed/index.html" [1]
2015-01-31 14:16:02 URL:https://kneedeepinthedoomed.wordpress.com/author/kneedeepinthedoomed/feed/ [41014] -> "kneedeepinthedoomed.wordpress.com_20150131/kneedeepinthedoomed.wordpress.com/author/kneedeepinthedoomed/feed/index.html" [1]
2015-01-31 14:16:03 URL:https://kneedeepinthedoomed.wordpress.com/author/kneedeepinthedoomed/page/2/ [46881] -> "kneedeepinthedoomed.wordpress.com_20150131/kneedeepinthedoomed.wordpress.com/author/kneedeepinthedoomed/page/2/index.html" [1]
2015-01-31 14:16:04 URL:https://kneedeepinthedoomed.wordpress.com/tag/mod/feed/ [3932] -> "kneedeepinthedoomed.wordpress.com_20150131/kneedeepinthedoomed.wordpress.com/tag/mod/feed/index.html" [1]
2015-01-31 14:16:04 URL:https://kneedeepinthedoomed.wordpress.com/tag/quake/feed/ [3938] -> "kneedeepinthedoomed.wordpress.com_20150131/kneedeepinthedoomed.wordpress.com/tag/quake/feed/index.html" [1]
2015-01-31 14:16:05 URL:https://kneedeepinthedoomed.wordpress.com/tag/remakequake/feed/ [3956] -> "kneedeepinthedoomed.wordpress.com_20150131/kneedeepinthedoomed.wordpress.com/tag/remakequake/feed/index.html" [1]
2015-01-31 14:16:05 URL:https://kneedeepinthedoomed.wordpress.com/tag/rune-of-earth-magic/feed/ [3980] -> "kneedeepinthedoomed.wordpress.com_20150131/kneedeepinthedoomed.wordpress.com/tag/rune-of-earth-magic/feed/index.html" [1]
2015-01-31 14:16:06 URL:https://kneedeepinthedoomed.wordpress.com/category/uncategorized/feed/ [40998] -> "kneedeepinthedoomed.wordpress.com_20150131/kneedeepinthedoomed.wordpress.com/category/uncategorized/feed/index.html" [1]
2015-01-31 14:16:07 URL:https://kneedeepinthedoomed.wordpress.com/category/uncategorized/page/2/ [45502] -> "kneedeepinthedoomed.wordpress.com_20150131/kneedeepinthedoomed.wordpress.com/category/uncategorized/page/2/index.html" [1]
2015-01-31 14:16:07 URL:https://kneedeepinthedoomed.wordpress.com/2012/07/15/the-end/feed/ [3561] -> "kneedeepinthedoomed.wordpress.com_20150131/kneedeepinthedoomed.wordpress.com/2012/07/15/the-end/feed/index.html" [1]
2015-01-31 14:16:07 URL:https://kneedeepinthedoomed.wordpress.com/2012/06/08/final-update-likely/feed/ [4113] -> "kneedeepinthedoomed.wordpress.com_20150131/kneedeepinthedoomed.wordpress.com/2012/06/08/final-update-likely/feed/index.html" [1]
2015-01-31 14:16:08 URL:https://kneedeepinthedoomed.wordpress.com/2012/04/30/csqc-more-or-less-working/feed/ [977] -> "kneedeepinthedoomed.wordpress.com_20150131/kneedeepinthedoomed.wordpress.com/2012/04/30/csqc-more-or-less-working/feed/index.html" [1]
2015-01-31 14:16:08 URL:https://kneedeepinthedoomed.wordpress.com/2012/04/25/bsp2-engine-support-features/feed/ [988] -> "kneedeepinthedoomed.wordpress.com_20150131/kneedeepinthedoomed.wordpress.com/2012/04/25/bsp2-engine-support-features/feed/index.html" [1]
2015-01-31 14:16:08 URL:https://kneedeepinthedoomed.wordpress.com/2012/02/09/temporary-issues/feed/ [2529] -> "kneedeepinthedoomed.wordpress.com_20150131/kneedeepinthedoomed.wordpress.com/2012/02/09/temporary-issues/feed/index.html" [1]
2015-01-31 14:16:09 URL:https://kneedeepinthedoomed.wordpress.com/2012/01/22/winter-spring-cleaning/feed/ [968] -> "kneedeepinthedoomed.wordpress.com_20150131/kneedeepinthedoomed.wordpress.com/2012/01/22/winter-spring-cleaning/feed/index.html" [1]
2015-01-31 14:16:09 URL:https://kneedeepinthedoomed.files.wordpress.com/2012/01/spdemo3_1.jpg?w=300&h=225 [22945/22945] -> "kneedeepinthedoomed.wordpress.com_20150131/kneedeepinthedoomed.files.wordpress.com/2012/01/spdemo3_1.jpg?w=300&h=225" [1]
2015-01-31 14:16:09 URL:https://kneedeepinthedoomed.files.wordpress.com/2012/01/spdemo3_2.jpg [196502/196502] -> "kneedeepinthedoomed.wordpress.com_20150131/kneedeepinthedoomed.files.wordpress.com/2012/01/spdemo3_2.jpg" [1]
2015-01-31 14:16:09 URL:https://kneedeepinthedoomed.files.wordpress.com/2012/01/spdemo3_2.jpg?w=300&h=225 [24721/24721] -> "kneedeepinthedoomed.wordpress.com_20150131/kneedeepinthedoomed.files.wordpress.com/2012/01/spdemo3_2.jpg?w=300&h=225" [1]
2015-01-31 14:16:10 URL:https://kneedeepinthedoomed.files.wordpress.com/2012/01/spdemo3_3.jpg [243982/243982] -> "kneedeepinthedoomed.wordpress.com_20150131/kneedeepinthedoomed.files.wordpress.com/2012/01/spdemo3_3.jpg" [1]
2015-01-31 14:16:10 URL:https://kneedeepinthedoomed.files.wordpress.com/2012/01/spdemo3_3.jpg?w=300&h=225 [25482/25482] -> "kneedeepinthedoomed.wordpress.com_20150131/kneedeepinthedoomed.files.wordpress.com/2012/01/spdemo3_3.jpg?w=300&h=225" [1]
2015-01-31 14:16:10 URL:https://kneedeepinthedoomed.files.wordpress.com/2012/01/spdemo3_4a.jpg [151769/151769] -> "kneedeepinthedoomed.wordpress.com_20150131/kneedeepinthedoomed.files.wordpress.com/2012/01/spdemo3_4a.jpg" [1]
2015-01-31 14:16:10 URL:https://kneedeepinthedoomed.files.wordpress.com/2012/01/spdemo3_4a.jpg?w=300&h=225 [18237/18237] -> "kneedeepinthedoomed.wordpress.com_20150131/kneedeepinthedoomed.files.wordpress.com/2012/01/spdemo3_4a.jpg?w=300&h=225" [1]
2015-01-31 14:16:11 URL:https://kneedeepinthedoomed.files.wordpress.com/2012/01/spdemo3_5.jpg [274102/274102] -> "kneedeepinthedoomed.wordpress.com_20150131/kneedeepinthedoomed.files.wordpress.com/2012/01/spdemo3_5.jpg" [1]
2015-01-31 14:16:11 URL:https://kneedeepinthedoomed.files.wordpress.com/2012/01/spdemo3_5.jpg?w=300&h=225 [31869/31869] -> "kneedeepinthedoomed.wordpress.com_20150131/kneedeepinthedoomed.files.wordpress.com/2012/01/spdemo3_5.jpg?w=300&h=225" [1]
2015-01-31 14:16:12 URL:https://kneedeepinthedoomed.files.wordpress.com/2012/01/spdemo3_6.jpg [284002/284002] -> "kneedeepinthedoomed.wordpress.com_20150131/kneedeepinthedoomed.files.wordpress.com/2012/01/spdemo3_6.jpg" [1]
2015-01-31 14:16:12 URL:https://kneedeepinthedoomed.files.wordpress.com/2012/01/spdemo3_6.jpg?w=300&h=225 [34940/34940] -> "kneedeepinthedoomed.wordpress.com_20150131/kneedeepinthedoomed.files.wordpress.com/2012/01/spdemo3_6.jpg?w=300&h=225" [1]
2015-01-31 14:16:12 URL:https://kneedeepinthedoomed.files.wordpress.com/2012/01/spdemo3_7.jpg [236195/236195] -> "kneedeepinthedoomed.wordpress.com_20150131/kneedeepinthedoomed.files.wordpress.com/2012/01/spdemo3_7.jpg" [1]
2015-01-31 14:16:12 URL:https://kneedeepinthedoomed.files.wordpress.com/2012/01/spdemo3_7.jpg?w=300&h=225 [26485/26485] -> "kneedeepinthedoomed.wordpress.com_20150131/kneedeepinthedoomed.files.wordpress.com/2012/01/spdemo3_7.jpg?w=300&h=225" [1]
2015-01-31 14:16:13 URL:https://kneedeepinthedoomed.files.wordpress.com/2012/01/spdemo3_8.jpg [217518/217518] -> "kneedeepinthedoomed.wordpress.com_20150131/kneedeepinthedoomed.files.wordpress.com/2012/01/spdemo3_8.jpg" [1]
2015-01-31 14:16:13 URL:https://kneedeepinthedoomed.files.wordpress.com/2012/01/spdemo3_8.jpg?w=300&h=225 [25494/25494] -> "kneedeepinthedoomed.wordpress.com_20150131/kneedeepinthedoomed.files.wordpress.com/2012/01/spdemo3_8.jpg?w=300&h=225" [1]
2015-01-31 14:16:13 URL:https://kneedeepinthedoomed.files.wordpress.com/2012/01/spdemo3_9.jpg [249309/249309] -> "kneedeepinthedoomed.wordpress.com_20150131/kneedeepinthedoomed.files.wordpress.com/2012/01/spdemo3_9.jpg" [1]
2015-01-31 14:16:13 URL:https://kneedeepinthedoomed.files.wordpress.com/2012/01/spdemo3_9.jpg?w=300&h=225 [30812/30812] -> "kneedeepinthedoomed.wordpress.com_20150131/kneedeepinthedoomed.files.wordpress.com/2012/01/spdemo3_9.jpg?w=300&h=225" [1]
2015-01-31 14:16:14 URL:https://kneedeepinthedoomed.files.wordpress.com/2012/01/spdemo3_10.jpg [281119/281119] -> "kneedeepinthedoomed.wordpress.com_20150131/kneedeepinthedoomed.files.wordpress.com/2012/01/spdemo3_10.jpg" [1]
2015-01-31 14:16:14 URL:https://kneedeepinthedoomed.files.wordpress.com/2012/01/spdemo3_10.jpg?w=300&h=225 [30185/30185] -> "kneedeepinthedoomed.wordpress.com_20150131/kneedeepinthedoomed.files.wordpress.com/2012/01/spdemo3_10.jpg?w=300&h=225" [1]
2015-01-31 14:16:15 URL:https://kneedeepinthedoomed.files.wordpress.com/2012/01/spdemo3_11.jpg [275202/275202] -> "kneedeepinthedoomed.wordpress.com_20150131/kneedeepinthedoomed.files.wordpress.com/2012/01/spdemo3_11.jpg" [1]
2015-01-31 14:16:15 URL:https://kneedeepinthedoomed.files.wordpress.com/2012/01/spdemo3_11.jpg?w=300&h=225 [28763/28763] -> "kneedeepinthedoomed.wordpress.com_20150131/kneedeepinthedoomed.files.wordpress.com/2012/01/spdemo3_11.jpg?w=300&h=225" [1]
2015-01-31 14:16:15 URL:https://kneedeepinthedoomed.files.wordpress.com/2012/01/spdemo3_12.jpg [148514/148514] -> "kneedeepinthedoomed.wordpress.com_20150131/kneedeepinthedoomed.files.wordpress.com/2012/01/spdemo3_12.jpg" [1]
2015-01-31 14:16:15 URL:https://kneedeepinthedoomed.files.wordpress.com/2012/01/spdemo3_12.jpg?w=300&h=225 [18755/18755] -> "kneedeepinthedoomed.wordpress.com_20150131/kneedeepinthedoomed.files.wordpress.com/2012/01/spdemo3_12.jpg?w=300&h=225" [1]
2015-01-31 14:16:16 URL:https://kneedeepinthedoomed.wordpress.com/2011/12/01/demo-rumours-might-be-true/ [48313] -> "kneedeepinthedoomed.wordpress.com_20150131/kneedeepinthedoomed.wordpress.com/2011/12/01/demo-rumours-might-be-true/index.html" [1]
2015-01-31 14:16:17 URL:https://kneedeepinthedoomed.wordpress.com/2011/10/04/i-sense-great-change-on-the-wind/ [50083] -> "kneedeepinthedoomed.wordpress.com_20150131/kneedeepinthedoomed.wordpress.com/2011/10/04/i-sense-great-change-on-the-wind/index.html" [1]
2015-01-31 14:16:17 URL:https://kneedeepinthedoomed.files.wordpress.com/2011/10/ka50_1.jpg [221602/221602] -> "kneedeepinthedoomed.wordpress.com_20150131/kneedeepinthedoomed.files.wordpress.com/2011/10/ka50_1.jpg" [1]
2015-01-31 14:16:18 URL:https://kneedeepinthedoomed.files.wordpress.com/2011/10/ka50_1.jpg?w=490&h=367 [52984/52984] -> "kneedeepinthedoomed.wordpress.com_20150131/kneedeepinthedoomed.files.wordpress.com/2011/10/ka50_1.jpg?w=490&h=367" [1]
2015-01-31 14:16:18 URL:https://kneedeepinthedoomed.wordpress.com/2011/09/16/september-update/ [49963] -> "kneedeepinthedoomed.wordpress.com_20150131/kneedeepinthedoomed.wordpress.com/2011/09/16/september-update/index.html" [1]
2015-01-31 14:16:19 URL:https://kneedeepinthedoomed.files.wordpress.com/2011/09/boat.png [21671/21671] -> "kneedeepinthedoomed.wordpress.com_20150131/kneedeepinthedoomed.files.wordpress.com/2011/09/boat.png" [1]
2015-01-31 14:16:19 URL:https://kneedeepinthedoomed.files.wordpress.com/2011/09/boat.png?w=490&h=252 [26512/26512] -> "kneedeepinthedoomed.wordpress.com_20150131/kneedeepinthedoomed.files.wordpress.com/2011/09/boat.png?w=490&h=252" [1]
2015-01-31 14:16:20 URL:https://kneedeepinthedoomed.wordpress.com/2011/08/28/late-summer-update/ [48871] -> "kneedeepinthedoomed.wordpress.com_20150131/kneedeepinthedoomed.wordpress.com/2011/08/28/late-summer-update/index.html" [1]
2015-01-31 14:16:20 URL:https://kneedeepinthedoomed.files.wordpress.com/2011/08/herd2.jpg [69861/69861] -> "kneedeepinthedoomed.wordpress.com_20150131/kneedeepinthedoomed.files.wordpress.com/2011/08/herd2.jpg" [1]
2015-01-31 14:16:20 URL:https://kneedeepinthedoomed.files.wordpress.com/2011/08/herd2.jpg?w=490&h=490 [26720/26720] -> "kneedeepinthedoomed.wordpress.com_20150131/kneedeepinthedoomed.files.wordpress.com/2011/08/herd2.jpg?w=490&h=490" [1]
2015-01-31 14:16:21 URL:https://kneedeepinthedoomed.wordpress.com/category/remakequake/ [40905] -> "kneedeepinthedoomed.wordpress.com_20150131/kneedeepinthedoomed.wordpress.com/category/remakequake/index.html" [1]
2015-01-31 14:16:22 URL:https://kneedeepinthedoomed.wordpress.com/2011/08/05/videos/ [46552] -> "kneedeepinthedoomed.wordpress.com_20150131/kneedeepinthedoomed.wordpress.com/2011/08/05/videos/index.html" [1]
2015-01-31 14:16:23 URL:https://kneedeepinthedoomed.wordpress.com/2011/07/10/summer-update/ [46757] -> "kneedeepinthedoomed.wordpress.com_20150131/kneedeepinthedoomed.wordpress.com/2011/07/10/summer-update/index.html" [1]
2015-01-31 14:16:24 URL:https://kneedeepinthedoomed.wordpress.com/page/3/ [40447] -> "kneedeepinthedoomed.wordpress.com_20150131/kneedeepinthedoomed.wordpress.com/page/3/index.html" [1]
2015-01-31 14:16:24 URL:https://kneedeepinthedoomed.wordpress.com/2012/01/09/sp-demo-3-release/feed/ [2904] -> "kneedeepinthedoomed.wordpress.com_20150131/kneedeepinthedoomed.wordpress.com/2012/01/09/sp-demo-3-release/feed/index.html" [1]
2015-01-31 14:16:24 URL:https://kneedeepinthedoomed.wordpress.com/2010/12/24/xmas-presents-part-2/feed/ [9643] -> "kneedeepinthedoomed.wordpress.com_20150131/kneedeepinthedoomed.wordpress.com/2010/12/24/xmas-presents-part-2/feed/index.html" [1]
2015-01-31 14:16:25 URL:https://kneedeepinthedoomed.wordpress.com/2010/12/24/xmas-presents-part-1/ [48086] -> "kneedeepinthedoomed.wordpress.com_20150131/kneedeepinthedoomed.wordpress.com/2010/12/24/xmas-presents-part-1/index.html" [1]
2015-01-31 14:16:26 URL:https://kneedeepinthedoomed.files.wordpress.com/2010/12/rmqdemo2.jpg [119017/119017] -> "kneedeepinthedoomed.wordpress.com_20150131/kneedeepinthedoomed.files.wordpress.com/2010/12/rmqdemo2.jpg" [1]
2015-01-31 14:16:27 URL:https://kneedeepinthedoomed.files.wordpress.com/2010/12/rmqdemo2.jpg?w=490&h=367 [46556/46556] -> "kneedeepinthedoomed.wordpress.com_20150131/kneedeepinthedoomed.files.wordpress.com/2010/12/rmqdemo2.jpg?w=490&h=367" [1]
2015-01-31 14:16:27 URL:https://kneedeepinthedoomed.wordpress.com/2011/01/09/ez-installer-and-more/feed/ [965] -> "kneedeepinthedoomed.wordpress.com_20150131/kneedeepinthedoomed.wordpress.com/2011/01/09/ez-installer-and-more/feed/index.html" [1]
2015-01-31 14:16:28 URL:https://kneedeepinthedoomed.wordpress.com/2011/01/09/white-textures-when-running-rmq/ [47100] -> "kneedeepinthedoomed.wordpress.com_20150131/kneedeepinthedoomed.wordpress.com/2011/01/09/white-textures-when-running-rmq/index.html" [1]
2015-01-31 14:16:29 URL:https://kneedeepinthedoomed.wordpress.com/author/kneedeepinthedoomed/page/3/ [39385] -> "kneedeepinthedoomed.wordpress.com_20150131/kneedeepinthedoomed.wordpress.com/author/kneedeepinthedoomed/page/3/index.html" [1]
2015-01-31 14:16:30 URL:https://kneedeepinthedoomed.wordpress.com/2011/06/10/status-iqm/ [46499] -> "kneedeepinthedoomed.wordpress.com_20150131/kneedeepinthedoomed.wordpress.com/2011/06/10/status-iqm/index.html" [1]
2015-01-31 14:16:31 URL:https://kneedeepinthedoomed.wordpress.com/2011/06/10/schedule-postponed/ [47987] -> "kneedeepinthedoomed.wordpress.com_20150131/kneedeepinthedoomed.wordpress.com/2011/06/10/schedule-postponed/index.html" [1]
2015-01-31 14:16:32 URL:https://kneedeepinthedoomed.wordpress.com/2011/03/13/schedule-updated/ [47426] -> "kneedeepinthedoomed.wordpress.com_20150131/kneedeepinthedoomed.wordpress.com/2011/03/13/schedule-updated/index.html" [1]
2015-01-31 14:16:33 URL:https://kneedeepinthedoomed.wordpress.com/category/uncategorized/page/3/ [47745] -> "kneedeepinthedoomed.wordpress.com_20150131/kneedeepinthedoomed.wordpress.com/category/uncategorized/page/3/index.html" [1]
2015-01-31 14:16:33 URL:https://kneedeepinthedoomed.wordpress.com/2011/12/01/demo-rumours-might-be-true/feed/ [2637] -> "kneedeepinthedoomed.wordpress.com_20150131/kneedeepinthedoomed.wordpress.com/2011/12/01/demo-rumours-might-be-true/feed/index.html" [1]
2015-01-31 14:16:33 URL:https://kneedeepinthedoomed.wordpress.com/2011/10/04/i-sense-great-change-on-the-wind/feed/ [3433] -> "kneedeepinthedoomed.wordpress.com_20150131/kneedeepinthedoomed.wordpress.com/2011/10/04/i-sense-great-change-on-the-wind/feed/index.html" [1]
2015-01-31 14:16:34 URL:https://kneedeepinthedoomed.wordpress.com/2011/09/16/september-update/feed/ [1682] -> "kneedeepinthedoomed.wordpress.com_20150131/kneedeepinthedoomed.wordpress.com/2011/09/16/september-update/feed/index.html" [1]
2015-01-31 14:16:34 URL:https://kneedeepinthedoomed.wordpress.com/2011/08/28/late-summer-update/feed/ [2066] -> "kneedeepinthedoomed.wordpress.com_20150131/kneedeepinthedoomed.wordpress.com/2011/08/28/late-summer-update/feed/index.html" [1]
2015-01-31 14:16:35 URL:https://kneedeepinthedoomed.wordpress.com/category/remakequake/feed/ [33072] -> "kneedeepinthedoomed.wordpress.com_20150131/kneedeepinthedoomed.wordpress.com/category/remakequake/feed/index.html" [1]
2015-01-31 14:16:36 URL:https://kneedeepinthedoomed.wordpress.com/2011/05/31/iqm-grass/ [50600] -> "kneedeepinthedoomed.wordpress.com_20150131/kneedeepinthedoomed.wordpress.com/2011/05/31/iqm-grass/index.html" [1]
2015-01-31 14:16:36 URL:https://kneedeepinthedoomed.files.wordpress.com/2011/05/alpha_blended_grass.jpg [217309/217309] -> "kneedeepinthedoomed.wordpress.com_20150131/kneedeepinthedoomed.files.wordpress.com/2011/05/alpha_blended_grass.jpg" [1]
2015-01-31 14:16:37 URL:https://kneedeepinthedoomed.files.wordpress.com/2011/05/alpha_blended_grass.jpg?w=490&h=367 [88981/88981] -> "kneedeepinthedoomed.wordpress.com_20150131/kneedeepinthedoomed.files.wordpress.com/2011/05/alpha_blended_grass.jpg?w=490&h=367" [1]
2015-01-31 14:16:38 URL:https://kneedeepinthedoomed.wordpress.com/2011/05/09/schedule-even-more-updated/ [47836] -> "kneedeepinthedoomed.wordpress.com_20150131/kneedeepinthedoomed.wordpress.com/2011/05/09/schedule-even-more-updated/index.html" [1]
2015-01-31 14:16:39 URL:https://kneedeepinthedoomed.wordpress.com/2011/01/27/beta-brawl/ [49184] -> "kneedeepinthedoomed.wordpress.com_20150131/kneedeepinthedoomed.wordpress.com/2011/01/27/beta-brawl/index.html" [1]
2015-01-31 14:16:40 URL:https://kneedeepinthedoomed.wordpress.com/2010/08/01/doom3-the-remake-of-the-remake/ [58962] -> "kneedeepinthedoomed.wordpress.com_20150131/kneedeepinthedoomed.wordpress.com/2010/08/01/doom3-the-remake-of-the-remake/index.html" [1]
2015-01-31 14:16:41 URL:https://kneedeepinthedoomed.files.wordpress.com/2010/08/spriteswithholesinthem.jpg [375282/375282] -> "kneedeepinthedoomed.wordpress.com_20150131/kneedeepinthedoomed.files.wordpress.com/2010/08/spriteswithholesinthem.jpg" [1]
2015-01-31 14:16:41 URL:https://kneedeepinthedoomed.files.wordpress.com/2010/08/spriteswithholesinthem.jpg?w=490 [113443/113443] -> "kneedeepinthedoomed.wordpress.com_20150131/kneedeepinthedoomed.files.wordpress.com/2010/08/spriteswithholesinthem.jpg?w=490" [1]
2015-01-31 14:16:42 URL:https://kneedeepinthedoomed.wordpress.com/category/remakequake/page/2/ [45312] -> "kneedeepinthedoomed.wordpress.com_20150131/kneedeepinthedoomed.wordpress.com/category/remakequake/page/2/index.html" [1]
2015-01-31 14:16:43 URL:https://kneedeepinthedoomed.wordpress.com/2011/08/05/videos/feed/ [1475] -> "kneedeepinthedoomed.wordpress.com_20150131/kneedeepinthedoomed.wordpress.com/2011/08/05/videos/feed/index.html" [1]
2015-01-31 14:16:43 URL:https://kneedeepinthedoomed.wordpress.com/2011/07/10/summer-update/feed/ [941] -> "kneedeepinthedoomed.wordpress.com_20150131/kneedeepinthedoomed.wordpress.com/2011/07/10/summer-update/feed/index.html" [1]
2015-01-31 14:16:44 URL:https://kneedeepinthedoomed.wordpress.com/2011/02/10/schedule/ [41168] -> "kneedeepinthedoomed.wordpress.com_20150131/kneedeepinthedoomed.wordpress.com/2011/02/10/schedule/index.html" [1]
2015-01-31 14:16:45 URL:https://kneedeepinthedoomed.wordpress.com/page/4/ [52472] -> "kneedeepinthedoomed.wordpress.com_20150131/kneedeepinthedoomed.wordpress.com/page/4/index.html" [1]
2015-01-31 14:16:45 URL:https://kneedeepinthedoomed.wordpress.com/2010/12/24/xmas-presents-part-1/feed/ [963] -> "kneedeepinthedoomed.wordpress.com_20150131/kneedeepinthedoomed.wordpress.com/2010/12/24/xmas-presents-part-1/feed/index.html" [1]
2015-01-31 14:16:46 URL:https://kneedeepinthedoomed.wordpress.com/2010/12/23/i-mapping-robot/ [54002] -> "kneedeepinthedoomed.wordpress.com_20150131/kneedeepinthedoomed.wordpress.com/2010/12/23/i-mapping-robot/index.html" [1]
2015-01-31 14:16:47 URL:https://kneedeepinthedoomed.files.wordpress.com/2010/12/skull.jpg [125937/125937] -> "kneedeepinthedoomed.wordpress.com_20150131/kneedeepinthedoomed.files.wordpress.com/2010/12/skull.jpg" [1]
2015-01-31 14:16:47 URL:https://kneedeepinthedoomed.files.wordpress.com/2010/12/skull.jpg?w=490&h=490 [97141/97141] -> "kneedeepinthedoomed.wordpress.com_20150131/kneedeepinthedoomed.files.wordpress.com/2010/12/skull.jpg?w=490&h=490" [1]
2015-01-31 14:16:48 URL:https://kneedeepinthedoomed.wordpress.com/2011/01/09/white-textures-when-running-rmq/feed/ [996] -> "kneedeepinthedoomed.wordpress.com_20150131/kneedeepinthedoomed.wordpress.com/2011/01/09/white-textures-when-running-rmq/feed/index.html" [1]
2015-01-31 14:16:48 URL:https://kneedeepinthedoomed.wordpress.com/2011/01/12/how-we-do-things/ [52417] -> "kneedeepinthedoomed.wordpress.com_20150131/kneedeepinthedoomed.wordpress.com/2011/01/12/how-we-do-things/index.html" [1]
2015-01-31 14:16:49 URL:https://kneedeepinthedoomed.wordpress.com/author/kneedeepinthedoomed/page/4/ [51466] -> "kneedeepinthedoomed.wordpress.com_20150131/kneedeepinthedoomed.wordpress.com/author/kneedeepinthedoomed/page/4/index.html" [1]
2015-01-31 14:16:50 URL:https://kneedeepinthedoomed.wordpress.com/2011/06/10/status-iqm/feed/ [933] -> "kneedeepinthedoomed.wordpress.com_20150131/kneedeepinthedoomed.wordpress.com/2011/06/10/status-iqm/feed/index.html" [1]
2015-01-31 14:16:50 URL:https://kneedeepinthedoomed.wordpress.com/2011/06/10/schedule-postponed/feed/ [2440] -> "kneedeepinthedoomed.wordpress.com_20150131/kneedeepinthedoomed.wordpress.com/2011/06/10/schedule-postponed/feed/index.html" [1]
2015-01-31 14:16:50 URL:https://kneedeepinthedoomed.wordpress.com/2011/03/13/schedule-updated/feed/ [1739] -> "kneedeepinthedoomed.wordpress.com_20150131/kneedeepinthedoomed.wordpress.com/2011/03/13/schedule-updated/feed/index.html" [1]
2015-01-31 14:16:51 URL:https://kneedeepinthedoomed.wordpress.com/2011/01/27/new-engine-release/ [50670] -> "kneedeepinthedoomed.wordpress.com_20150131/kneedeepinthedoomed.wordpress.com/2011/01/27/new-engine-release/index.html" [1]
2015-01-31 14:16:52 URL:https://kneedeepinthedoomed.files.wordpress.com/2011/01/baoht_zuq.jpg [165804/165804] -> "kneedeepinthedoomed.wordpress.com_20150131/kneedeepinthedoomed.files.wordpress.com/2011/01/baoht_zuq.jpg" [1]
2015-01-31 14:16:52 URL:https://kneedeepinthedoomed.files.wordpress.com/2011/01/baoht_zuq.jpg?w=490&h=367 [48784/48784] -> "kneedeepinthedoomed.wordpress.com_20150131/kneedeepinthedoomed.files.wordpress.com/2011/01/baoht_zuq.jpg?w=490&h=367" [1]
2015-01-31 14:16:53 URL:https://kneedeepinthedoomed.files.wordpress.com/2011/01/sometickets.jpg [240847/240847] -> "kneedeepinthedoomed.wordpress.com_20150131/kneedeepinthedoomed.files.wordpress.com/2011/01/sometickets.jpg" [1]
2015-01-31 14:16:53 URL:https://kneedeepinthedoomed.files.wordpress.com/2011/01/sometickets.jpg?w=490&h=634 [99804/99804] -> "kneedeepinthedoomed.wordpress.com_20150131/kneedeepinthedoomed.files.wordpress.com/2011/01/sometickets.jpg?w=490&h=634" [1]
2015-01-31 14:16:54 URL:https://kneedeepinthedoomed.wordpress.com/category/uncategorized/page/4/ [42281] -> "kneedeepinthedoomed.wordpress.com_20150131/kneedeepinthedoomed.wordpress.com/category/uncategorized/page/4/index.html" [1]
2015-01-31 14:16:54 URL:https://kneedeepinthedoomed.wordpress.com/2011/05/31/iqm-grass/feed/ [5055] -> "kneedeepinthedoomed.wordpress.com_20150131/kneedeepinthedoomed.wordpress.com/2011/05/31/iqm-grass/feed/index.html" [1]
2015-01-31 14:16:55 URL:https://kneedeepinthedoomed.wordpress.com/2011/05/09/schedule-even-more-updated/feed/ [1667] -> "kneedeepinthedoomed.wordpress.com_20150131/kneedeepinthedoomed.wordpress.com/2011/05/09/schedule-even-more-updated/feed/index.html" [1]
2015-01-31 14:16:55 URL:https://kneedeepinthedoomed.wordpress.com/2011/01/27/beta-brawl/feed/ [2337] -> "kneedeepinthedoomed.wordpress.com_20150131/kneedeepinthedoomed.wordpress.com/2011/01/27/beta-brawl/feed/index.html" [1]
2015-01-31 14:16:56 URL:https://kneedeepinthedoomed.wordpress.com/2010/08/01/doom3-the-remake-of-the-remake/feed/ [13661] -> "kneedeepinthedoomed.wordpress.com_20150131/kneedeepinthedoomed.wordpress.com/2010/08/01/doom3-the-remake-of-the-remake/feed/index.html" [1]
2015-01-31 14:16:57 URL:https://kneedeepinthedoomed.wordpress.com/2010/07/30/weve-got-incoming/ [50388] -> "kneedeepinthedoomed.wordpress.com_20150131/kneedeepinthedoomed.wordpress.com/2010/07/30/weve-got-incoming/index.html" [1]
2015-01-31 14:16:58 URL:https://kneedeepinthedoomed.wordpress.com/2010/08/07/recent-activity/ [56535] -> "kneedeepinthedoomed.wordpress.com_20150131/kneedeepinthedoomed.wordpress.com/2010/08/07/recent-activity/index.html" [1]
2015-01-31 14:16:59 URL:https://kneedeepinthedoomed.files.wordpress.com/2010/07/doodle1.jpg [345940/345940] -> "kneedeepinthedoomed.wordpress.com_20150131/kneedeepinthedoomed.files.wordpress.com/2010/07/doodle1.jpg" [1]
2015-01-31 14:17:00 URL:https://kneedeepinthedoomed.files.wordpress.com/2010/07/blimey2.jpg [300725/300725] -> "kneedeepinthedoomed.wordpress.com_20150131/kneedeepinthedoomed.files.wordpress.com/2010/07/blimey2.jpg" [1]
2015-01-31 14:17:00 URL:https://kneedeepinthedoomed.files.wordpress.com/2010/07/blimey2.jpg?w=490 [84578/84578] -> "kneedeepinthedoomed.wordpress.com_20150131/kneedeepinthedoomed.files.wordpress.com/2010/07/blimey2.jpg?w=490" [1]
2015-01-31 14:17:01 URL:https://kneedeepinthedoomed.wordpress.com/2010/06/12/the-center-bridge-has-been-changed/ [46889] -> "kneedeepinthedoomed.wordpress.com_20150131/kneedeepinthedoomed.wordpress.com/2010/06/12/the-center-bridge-has-been-changed/index.html" [1]
2015-01-31 14:17:02 URL:https://kneedeepinthedoomed.files.wordpress.com/2010/06/e2m6rq_2.jpg [20110/20110] -> "kneedeepinthedoomed.wordpress.com_20150131/kneedeepinthedoomed.files.wordpress.com/2010/06/e2m6rq_2.jpg" [1]
2015-01-31 14:17:02 URL:https://kneedeepinthedoomed.files.wordpress.com/2010/06/e2m6rq_2.jpg?w=490 [19504/19504] -> "kneedeepinthedoomed.wordpress.com_20150131/kneedeepinthedoomed.files.wordpress.com/2010/06/e2m6rq_2.jpg?w=490" [1]
2015-01-31 14:17:03 URL:https://kneedeepinthedoomed.wordpress.com/2010/05/31/188/ [49025] -> "kneedeepinthedoomed.wordpress.com_20150131/kneedeepinthedoomed.wordpress.com/2010/05/31/188/index.html" [1]
2015-01-31 14:17:04 URL:https://kneedeepinthedoomed.files.wordpress.com/2010/05/dankplace.jpg [186725/186725] -> "kneedeepinthedoomed.wordpress.com_20150131/kneedeepinthedoomed.files.wordpress.com/2010/05/dankplace.jpg" [1]
2015-01-31 14:17:04 URL:https://kneedeepinthedoomed.files.wordpress.com/2010/05/dankplace.jpg?w=490 [45191/45191] -> "kneedeepinthedoomed.wordpress.com_20150131/kneedeepinthedoomed.files.wordpress.com/2010/05/dankplace.jpg?w=490" [1]
2015-01-31 14:17:06 URL:https://kneedeepinthedoomed.wordpress.com/2010/05/31/ladies-and-gentlemen-we-have-an-engine/ [72497] -> "kneedeepinthedoomed.wordpress.com_20150131/kneedeepinthedoomed.wordpress.com/2010/05/31/ladies-and-gentlemen-we-have-an-engine/index.html" [1]
2015-01-31 14:17:06 URL:https://kneedeepinthedoomed.files.wordpress.com/2010/05/rmq_conback.jpg [61317/61317] -> "kneedeepinthedoomed.wordpress.com_20150131/kneedeepinthedoomed.files.wordpress.com/2010/05/rmq_conback.jpg" [1]
2015-01-31 14:17:07 URL:https://kneedeepinthedoomed.files.wordpress.com/2010/05/rmq_conback.jpg?w=300&h=187 [66032/66032] -> "kneedeepinthedoomed.wordpress.com_20150131/kneedeepinthedoomed.files.wordpress.com/2010/05/rmq_conback.jpg?w=300&h=187" [1]
2015-01-31 14:17:08 URL:https://kneedeepinthedoomed.wordpress.com/2010/04/25/recent-development-2/ [50912] -> "kneedeepinthedoomed.wordpress.com_20150131/kneedeepinthedoomed.wordpress.com/2010/04/25/recent-development-2/index.html" [1]
2015-01-31 14:17:09 URL:https://kneedeepinthedoomed.files.wordpress.com/2010/04/trifloor.jpg [345440/345440] -> "kneedeepinthedoomed.wordpress.com_20150131/kneedeepinthedoomed.files.wordpress.com/2010/04/trifloor.jpg" [1]
2015-01-31 14:17:09 URL:https://kneedeepinthedoomed.files.wordpress.com/2010/04/trifloor.jpg?w=300&h=224 [34343/34343] -> "kneedeepinthedoomed.wordpress.com_20150131/kneedeepinthedoomed.files.wordpress.com/2010/04/trifloor.jpg?w=300&h=224" [1]
2015-01-31 14:17:10 URL:https://kneedeepinthedoomed.wordpress.com/2010/03/17/recent-development/ [51271] -> "kneedeepinthedoomed.wordpress.com_20150131/kneedeepinthedoomed.wordpress.com/2010/03/17/recent-development/index.html" [1]
2015-01-31 14:17:11 URL:https://kneedeepinthedoomed.files.wordpress.com/2010/03/dropquad.jpg [370900/370900] -> "kneedeepinthedoomed.wordpress.com_20150131/kneedeepinthedoomed.files.wordpress.com/2010/03/dropquad.jpg" [1]
2015-01-31 14:17:12 URL:https://kneedeepinthedoomed.files.wordpress.com/2010/03/dropquad.jpg?w=300&h=225 [51651/51651] -> "kneedeepinthedoomed.wordpress.com_20150131/kneedeepinthedoomed.files.wordpress.com/2010/03/dropquad.jpg?w=300&h=225" [1]
2015-01-31 14:17:12 URL:https://kneedeepinthedoomed.wordpress.com/2010/03/14/piles-of-bling/ [47206] -> "kneedeepinthedoomed.wordpress.com_20150131/kneedeepinthedoomed.wordpress.com/2010/03/14/piles-of-bling/index.html" [1]
2015-01-31 14:17:13 URL:https://kneedeepinthedoomed.files.wordpress.com/2010/03/e2m5rq_11.jpg [101070/101070] -> "kneedeepinthedoomed.wordpress.com_20150131/kneedeepinthedoomed.files.wordpress.com/2010/03/e2m5rq_11.jpg" [1]
2015-01-31 14:17:13 URL:https://kneedeepinthedoomed.files.wordpress.com/2010/03/e2m5rq_11.jpg?w=300&h=187 [53048/53048] -> "kneedeepinthedoomed.wordpress.com_20150131/kneedeepinthedoomed.files.wordpress.com/2010/03/e2m5rq_11.jpg?w=300&h=187" [1]
2015-01-31 14:17:14 URL:https://kneedeepinthedoomed.wordpress.com/category/remakequake/page/3/ [36944] -> "kneedeepinthedoomed.wordpress.com_20150131/kneedeepinthedoomed.wordpress.com/category/remakequake/page/3/index.html" [1]
2015-01-31 14:17:15 URL:https://kneedeepinthedoomed.wordpress.com/2011/02/10/schedule/feed/ [926] -> "kneedeepinthedoomed.wordpress.com_20150131/kneedeepinthedoomed.wordpress.com/2011/02/10/schedule/feed/index.html" [1]
2015-01-31 14:17:15 URL:https://kneedeepinthedoomed.files.wordpress.com/2010/12/solstice.jpg [199817/199817] -> "kneedeepinthedoomed.wordpress.com_20150131/kneedeepinthedoomed.files.wordpress.com/2010/12/solstice.jpg" [1]
2015-01-31 14:17:16 URL:https://kneedeepinthedoomed.files.wordpress.com/2010/12/solstice.jpg?w=490&h=367 [57528/57528] -> "kneedeepinthedoomed.wordpress.com_20150131/kneedeepinthedoomed.files.wordpress.com/2010/12/solstice.jpg?w=490&h=367" [1]
2015-01-31 14:17:17 URL:https://kneedeepinthedoomed.files.wordpress.com/2010/12/thejoining.jpg [477803/477803] -> "kneedeepinthedoomed.wordpress.com_20150131/kneedeepinthedoomed.files.wordpress.com/2010/12/thejoining.jpg" [1]
2015-01-31 14:17:18 URL:https://kneedeepinthedoomed.files.wordpress.com/2010/12/thejoining.jpg?w=490&h=392 [98160/98160] -> "kneedeepinthedoomed.wordpress.com_20150131/kneedeepinthedoomed.files.wordpress.com/2010/12/thejoining.jpg?w=490&h=392" [1]
2015-01-31 14:17:19 URL:https://kneedeepinthedoomed.wordpress.com/page/5/ [41625] -> "kneedeepinthedoomed.wordpress.com_20150131/kneedeepinthedoomed.wordpress.com/page/5/index.html" [1]
2015-01-31 14:17:19 URL:https://kneedeepinthedoomed.wordpress.com/2010/12/23/i-mapping-robot/feed/ [5355] -> "kneedeepinthedoomed.wordpress.com_20150131/kneedeepinthedoomed.wordpress.com/2010/12/23/i-mapping-robot/feed/index.html" [1]
2015-01-31 14:17:20 URL:https://kneedeepinthedoomed.wordpress.com/2010/12/04/graaaaahhh/ [46181] -> "kneedeepinthedoomed.wordpress.com_20150131/kneedeepinthedoomed.wordpress.com/2010/12/04/graaaaahhh/index.html" [1]
2015-01-31 14:17:20 URL:https://kneedeepinthedoomed.wordpress.com/2011/01/12/how-we-do-things/feed/ [950] -> "kneedeepinthedoomed.wordpress.com_20150131/kneedeepinthedoomed.wordpress.com/2011/01/12/how-we-do-things/feed/index.html" [1]
2015-01-31 14:17:21 URL:https://kneedeepinthedoomed.wordpress.com/author/kneedeepinthedoomed/page/5/ [40591] -> "kneedeepinthedoomed.wordpress.com_20150131/kneedeepinthedoomed.wordpress.com/author/kneedeepinthedoomed/page/5/index.html" [1]
2015-01-31 14:17:21 URL:https://kneedeepinthedoomed.wordpress.com/2011/01/27/new-engine-release/feed/ [4068] -> "kneedeepinthedoomed.wordpress.com_20150131/kneedeepinthedoomed.wordpress.com/2011/01/27/new-engine-release/feed/index.html" [1]
2015-01-31 14:17:22 URL:https://kneedeepinthedoomed.wordpress.com/2010/11/26/mapping-guide-and-more-moves/ [46670] -> "kneedeepinthedoomed.wordpress.com_20150131/kneedeepinthedoomed.wordpress.com/2010/11/26/mapping-guide-and-more-moves/index.html" [1]
2015-01-31 14:17:23 URL:https://kneedeepinthedoomed.wordpress.com/2010/11/26/mapping-help/ [47886] -> "kneedeepinthedoomed.wordpress.com_20150131/kneedeepinthedoomed.wordpress.com/2010/11/26/mapping-help/index.html" [1]
2015-01-31 14:17:24 URL:https://kneedeepinthedoomed.wordpress.com/2010/11/19/a-move/ [47094] -> "kneedeepinthedoomed.wordpress.com_20150131/kneedeepinthedoomed.wordpress.com/2010/11/19/a-move/index.html" [1]
2015-01-31 14:17:24 URL:https://kneedeepinthedoomed.files.wordpress.com/2010/11/header1.jpg [59428/59428] -> "kneedeepinthedoomed.wordpress.com_20150131/kneedeepinthedoomed.files.wordpress.com/2010/11/header1.jpg" [1]
2015-01-31 14:17:24 URL:https://kneedeepinthedoomed.files.wordpress.com/2010/11/header1.jpg?w=490&h=103 [19451/19451] -> "kneedeepinthedoomed.wordpress.com_20150131/kneedeepinthedoomed.files.wordpress.com/2010/11/header1.jpg?w=490&h=103" [1]
2015-01-31 14:17:25 URL:https://kneedeepinthedoomed.wordpress.com/2010/11/17/finally-going-bonkers/ [47619] -> "kneedeepinthedoomed.wordpress.com_20150131/kneedeepinthedoomed.wordpress.com/2010/11/17/finally-going-bonkers/index.html" [1]
2015-01-31 14:17:26 URL:https://kneedeepinthedoomed.files.wordpress.com/2010/11/weirdstuff31.jpg [96504/96504] -> "kneedeepinthedoomed.wordpress.com_20150131/kneedeepinthedoomed.files.wordpress.com/2010/11/weirdstuff31.jpg" [1]
2015-01-31 14:17:26 URL:https://kneedeepinthedoomed.files.wordpress.com/2010/11/weirdstuff31.jpg?w=490&h=367 [31620/31620] -> "kneedeepinthedoomed.wordpress.com_20150131/kneedeepinthedoomed.files.wordpress.com/2010/11/weirdstuff31.jpg?w=490&h=367" [1]
2015-01-31 14:17:27 URL:https://kneedeepinthedoomed.wordpress.com/2010/11/17/engine-test-release/ [46422] -> "kneedeepinthedoomed.wordpress.com_20150131/kneedeepinthedoomed.wordpress.com/2010/11/17/engine-test-release/index.html" [1]
2015-01-31 14:17:28 URL:https://kneedeepinthedoomed.wordpress.com/category/uncategorized/page/5/ [55867] -> "kneedeepinthedoomed.wordpress.com_20150131/kneedeepinthedoomed.wordpress.com/category/uncategorized/page/5/index.html" [1]
2015-01-31 14:17:28 URL:https://kneedeepinthedoomed.wordpress.com/2010/07/30/weve-got-incoming/feed/ [960] -> "kneedeepinthedoomed.wordpress.com_20150131/kneedeepinthedoomed.wordpress.com/2010/07/30/weve-got-incoming/feed/index.html" [1]
2015-01-31 14:17:29 URL:https://kneedeepinthedoomed.wordpress.com/2010/07/18/you-and-which-army/ [56319] -> "kneedeepinthedoomed.wordpress.com_20150131/kneedeepinthedoomed.wordpress.com/2010/07/18/you-and-which-army/index.html" [1]
2015-01-31 14:17:29 URL:https://kneedeepinthedoomed.wordpress.com/2010/08/07/recent-activity/feed/ [10503] -> "kneedeepinthedoomed.wordpress.com_20150131/kneedeepinthedoomed.wordpress.com/2010/08/07/recent-activity/feed/index.html" [1]
2015-01-31 14:17:30 URL:https://kneedeepinthedoomed.wordpress.com/2010/10/30/under-construction-sp-demo-2/ [51629] -> "kneedeepinthedoomed.wordpress.com_20150131/kneedeepinthedoomed.wordpress.com/2010/10/30/under-construction-sp-demo-2/index.html" [1]
2015-01-31 14:17:31 URL:https://kneedeepinthedoomed.files.wordpress.com/2010/08/ofcourse.jpg?w=490 [76421/76421] -> "kneedeepinthedoomed.wordpress.com_20150131/kneedeepinthedoomed.files.wordpress.com/2010/08/ofcourse.jpg?w=490" [1]
2015-01-31 14:17:31 URL:https://kneedeepinthedoomed.wordpress.com/2010/06/12/the-center-bridge-has-been-changed/feed/ [1006] -> "kneedeepinthedoomed.wordpress.com_20150131/kneedeepinthedoomed.wordpress.com/2010/06/12/the-center-bridge-has-been-changed/feed/index.html" [1]
2015-01-31 14:17:32 URL:https://kneedeepinthedoomed.wordpress.com/2010/06/11/new-page-tutorials/ [46687] -> "kneedeepinthedoomed.wordpress.com_20150131/kneedeepinthedoomed.wordpress.com/2010/06/11/new-page-tutorials/index.html" [1]
2015-01-31 14:17:33 URL:https://kneedeepinthedoomed.wordpress.com/2010/06/13/poll-help-us-outfit-quakegirl/ [70196] -> "kneedeepinthedoomed.wordpress.com_20150131/kneedeepinthedoomed.wordpress.com/2010/06/13/poll-help-us-outfit-quakegirl/index.html" [1]
2015-01-31 14:17:34 URL:https://kneedeepinthedoomed.wordpress.com/2010/05/31/188/feed/ [3239] -> "kneedeepinthedoomed.wordpress.com_20150131/kneedeepinthedoomed.wordpress.com/2010/05/31/188/feed/index.html" [1]
2015-01-31 14:17:34 URL:https://kneedeepinthedoomed.wordpress.com/2010/06/09/theme-change/ [46560] -> "kneedeepinthedoomed.wordpress.com_20150131/kneedeepinthedoomed.wordpress.com/2010/06/09/theme-change/index.html" [1]
2015-01-31 14:17:35 URL:https://kneedeepinthedoomed.wordpress.com/2010/05/31/ladies-and-gentlemen-we-have-an-engine/feed/ [25679] -> "kneedeepinthedoomed.wordpress.com_20150131/kneedeepinthedoomed.wordpress.com/2010/05/31/ladies-and-gentlemen-we-have-an-engine/feed/index.html" [1]
2015-01-31 14:17:35 URL:https://kneedeepinthedoomed.wordpress.com/2010/04/25/recent-development-2/feed/ [3867] -> "kneedeepinthedoomed.wordpress.com_20150131/kneedeepinthedoomed.wordpress.com/2010/04/25/recent-development-2/feed/index.html" [1]
2015-01-31 14:17:36 URL:https://kneedeepinthedoomed.wordpress.com/2010/03/23/construction-work/ [48401] -> "kneedeepinthedoomed.wordpress.com_20150131/kneedeepinthedoomed.wordpress.com/2010/03/23/construction-work/index.html" [1]
2015-01-31 14:17:36 URL:https://kneedeepinthedoomed.wordpress.com/2010/03/17/recent-development/feed/ [3594] -> "kneedeepinthedoomed.wordpress.com_20150131/kneedeepinthedoomed.wordpress.com/2010/03/17/recent-development/feed/index.html" [1]
2015-01-31 14:17:37 URL:https://kneedeepinthedoomed.wordpress.com/2010/03/20/tutorials/ [46831] -> "kneedeepinthedoomed.wordpress.com_20150131/kneedeepinthedoomed.wordpress.com/2010/03/20/tutorials/index.html" [1]
2015-01-31 14:17:37 URL:https://kneedeepinthedoomed.wordpress.com/2010/03/14/piles-of-bling/feed/ [944] -> "kneedeepinthedoomed.wordpress.com_20150131/kneedeepinthedoomed.wordpress.com/2010/03/14/piles-of-bling/feed/index.html" [1]
2015-01-31 14:17:38 URL:https://kneedeepinthedoomed.wordpress.com/2010/03/14/current-development/ [46275] -> "kneedeepinthedoomed.wordpress.com_20150131/kneedeepinthedoomed.wordpress.com/2010/03/14/current-development/index.html" [1]
2015-01-31 14:17:39 URL:https://kneedeepinthedoomed.wordpress.com/2010/03/13/you-want-pictures-you-got-pictures/ [47186] -> "kneedeepinthedoomed.wordpress.com_20150131/kneedeepinthedoomed.wordpress.com/2010/03/13/you-want-pictures-you-got-pictures/index.html" [1]
2015-01-31 14:17:40 URL:https://kneedeepinthedoomed.files.wordpress.com/2010/03/e1m6rq_2.jpg [386935/386935] -> "kneedeepinthedoomed.wordpress.com_20150131/kneedeepinthedoomed.files.wordpress.com/2010/03/e1m6rq_2.jpg" [1]
2015-01-31 14:17:40 URL:https://kneedeepinthedoomed.files.wordpress.com/2010/03/e1m6rq_2.jpg?w=300&h=225 [40690/40690] -> "kneedeepinthedoomed.wordpress.com_20150131/kneedeepinthedoomed.files.wordpress.com/2010/03/e1m6rq_2.jpg?w=300&h=225" [1]
2015-01-31 14:17:41 URL:https://kneedeepinthedoomed.wordpress.com/2010/03/13/dashing-into-2010/ [46902] -> "kneedeepinthedoomed.wordpress.com_20150131/kneedeepinthedoomed.wordpress.com/2010/03/13/dashing-into-2010/index.html" [1]
2015-01-31 14:17:42 URL:https://kneedeepinthedoomed.wordpress.com/2010/03/12/rmq-the-kraken/ [46878] -> "kneedeepinthedoomed.wordpress.com_20150131/kneedeepinthedoomed.wordpress.com/2010/03/12/rmq-the-kraken/index.html" [1]
2015-01-31 14:17:43 URL:https://kneedeepinthedoomed.wordpress.com/2010/03/12/32/ [47657] -> "kneedeepinthedoomed.wordpress.com_20150131/kneedeepinthedoomed.wordpress.com/2010/03/12/32/index.html" [1]
2015-01-31 14:17:43 URL:https://kneedeepinthedoomed.wordpress.com/2010/03/12/4/ [47398] -> "kneedeepinthedoomed.wordpress.com_20150131/kneedeepinthedoomed.wordpress.com/2010/03/12/4/index.html" [1]
2015-01-31 14:17:44 URL:https://kneedeepinthedoomed.wordpress.com/2010/11/16/orange-mapping-part-3/ [47631] -> "kneedeepinthedoomed.wordpress.com_20150131/kneedeepinthedoomed.wordpress.com/2010/11/16/orange-mapping-part-3/index.html" [1]
2015-01-31 14:17:45 URL:https://kneedeepinthedoomed.files.wordpress.com/2010/11/gborange6.jpg [138321/138321] -> "kneedeepinthedoomed.wordpress.com_20150131/kneedeepinthedoomed.files.wordpress.com/2010/11/gborange6.jpg" [1]
2015-01-31 14:17:45 URL:https://kneedeepinthedoomed.files.wordpress.com/2010/11/gborange6.jpg?w=490&h=367 [42682/42682] -> "kneedeepinthedoomed.wordpress.com_20150131/kneedeepinthedoomed.files.wordpress.com/2010/11/gborange6.jpg?w=490&h=367" [1]
2015-01-31 14:17:46 URL:https://kneedeepinthedoomed.wordpress.com/page/6/ [59158] -> "kneedeepinthedoomed.wordpress.com_20150131/kneedeepinthedoomed.wordpress.com/page/6/index.html" [1]
2015-01-31 14:17:46 URL:https://kneedeepinthedoomed.wordpress.com/2010/12/04/graaaaahhh/feed/ [933] -> "kneedeepinthedoomed.wordpress.com_20150131/kneedeepinthedoomed.wordpress.com/2010/12/04/graaaaahhh/feed/index.html" [1]
2015-01-31 14:17:47 URL:https://kneedeepinthedoomed.wordpress.com/author/kneedeepinthedoomed/page/6/ [58152] -> "kneedeepinthedoomed.wordpress.com_20150131/kneedeepinthedoomed.wordpress.com/author/kneedeepinthedoomed/page/6/index.html" [1]
2015-01-31 14:17:48 URL:https://kneedeepinthedoomed.wordpress.com/2010/11/26/mapping-guide-and-more-moves/feed/ [987] -> "kneedeepinthedoomed.wordpress.com_20150131/kneedeepinthedoomed.wordpress.com/2010/11/26/mapping-guide-and-more-moves/feed/index.html" [1]
2015-01-31 14:17:48 URL:https://kneedeepinthedoomed.wordpress.com/2010/11/26/mapping-help/feed/ [938] -> "kneedeepinthedoomed.wordpress.com_20150131/kneedeepinthedoomed.wordpress.com/2010/11/26/mapping-help/feed/index.html" [1]
2015-01-31 14:17:48 URL:https://kneedeepinthedoomed.wordpress.com/2010/11/19/a-move/feed/ [920] -> "kneedeepinthedoomed.wordpress.com_20150131/kneedeepinthedoomed.wordpress.com/2010/11/19/a-move/feed/index.html" [1]
2015-01-31 14:17:49 URL:https://kneedeepinthedoomed.wordpress.com/2010/11/17/finally-going-bonkers/feed/ [1522] -> "kneedeepinthedoomed.wordpress.com_20150131/kneedeepinthedoomed.wordpress.com/2010/11/17/finally-going-bonkers/feed/index.html" [1]
2015-01-31 14:17:50 URL:https://kneedeepinthedoomed.wordpress.com/2010/11/17/engine-test-release/feed/ [959] -> "kneedeepinthedoomed.wordpress.com_20150131/kneedeepinthedoomed.wordpress.com/2010/11/17/engine-test-release/feed/index.html" [1]
2015-01-31 14:17:50 URL:https://kneedeepinthedoomed.wordpress.com/2010/11/15/orange-mapping-part-2/ [49261] -> "kneedeepinthedoomed.wordpress.com_20150131/kneedeepinthedoomed.wordpress.com/2010/11/15/orange-mapping-part-2/index.html" [1]
2015-01-31 14:17:51 URL:https://kneedeepinthedoomed.files.wordpress.com/2010/11/gborange4.jpg [253891/253891] -> "kneedeepinthedoomed.wordpress.com_20150131/kneedeepinthedoomed.files.wordpress.com/2010/11/gborange4.jpg" [1]
2015-01-31 14:17:52 URL:https://kneedeepinthedoomed.files.wordpress.com/2010/11/gborange4.jpg?w=490&h=367 [94981/94981] -> "kneedeepinthedoomed.wordpress.com_20150131/kneedeepinthedoomed.files.wordpress.com/2010/11/gborange4.jpg?w=490&h=367" [1]
2015-01-31 14:17:52 URL:https://kneedeepinthedoomed.files.wordpress.com/2010/11/gborange5.jpg [205877/205877] -> "kneedeepinthedoomed.wordpress.com_20150131/kneedeepinthedoomed.files.wordpress.com/2010/11/gborange5.jpg" [1]
2015-01-31 14:17:53 URL:https://kneedeepinthedoomed.files.wordpress.com/2010/11/gborange5.jpg?w=490&h=367 [54434/54434] -> "kneedeepinthedoomed.wordpress.com_20150131/kneedeepinthedoomed.files.wordpress.com/2010/11/gborange5.jpg?w=490&h=367" [1]
2015-01-31 14:17:54 URL:https://kneedeepinthedoomed.wordpress.com/2010/11/14/dev-texture-experiments/ [54118] -> "kneedeepinthedoomed.wordpress.com_20150131/kneedeepinthedoomed.wordpress.com/2010/11/14/dev-texture-experiments/index.html" [1]
2015-01-31 14:17:57 URL:https://kneedeepinthedoomed.files.wordpress.com/2010/11/gborange.jpg [369888/369888] -> "kneedeepinthedoomed.wordpress.com_20150131/kneedeepinthedoomed.files.wordpress.com/2010/11/gborange.jpg" [1]
2015-01-31 14:17:58 URL:https://kneedeepinthedoomed.files.wordpress.com/2010/11/gborange.jpg?w=490&h=392 [86266/86266] -> "kneedeepinthedoomed.wordpress.com_20150131/kneedeepinthedoomed.files.wordpress.com/2010/11/gborange.jpg?w=490&h=392" [1]
2015-01-31 14:18:00 URL:https://kneedeepinthedoomed.files.wordpress.com/2010/11/gborange2.jpg [390726/390726] -> "kneedeepinthedoomed.wordpress.com_20150131/kneedeepinthedoomed.files.wordpress.com/2010/11/gborange2.jpg" [1]
2015-01-31 14:18:00 URL:https://kneedeepinthedoomed.files.wordpress.com/2010/11/gborange2.jpg?w=490&h=392 [85899/85899] -> "kneedeepinthedoomed.wordpress.com_20150131/kneedeepinthedoomed.files.wordpress.com/2010/11/gborange2.jpg?w=490&h=392" [1]
2015-01-31 14:18:01 URL:https://kneedeepinthedoomed.files.wordpress.com/2010/11/gborange31.jpg [249840/249840] -> "kneedeepinthedoomed.wordpress.com_20150131/kneedeepinthedoomed.files.wordpress.com/2010/11/gborange31.jpg" [1]
2015-01-31 14:18:01 URL:https://kneedeepinthedoomed.files.wordpress.com/2010/11/gborange31.jpg?w=490&h=367 [83199/83199] -> "kneedeepinthedoomed.wordpress.com_20150131/kneedeepinthedoomed.files.wordpress.com/2010/11/gborange31.jpg?w=490&h=367" [1]
2015-01-31 14:18:03 URL:https://kneedeepinthedoomed.wordpress.com/2010/11/07/addon-qrp-textures/ [51645] -> "kneedeepinthedoomed.wordpress.com_20150131/kneedeepinthedoomed.wordpress.com/2010/11/07/addon-qrp-textures/index.html" [1]
2015-01-31 14:18:04 URL:https://kneedeepinthedoomed.files.wordpress.com/2010/11/qrp2.jpg [426290/426290] -> "kneedeepinthedoomed.wordpress.com_20150131/kneedeepinthedoomed.files.wordpress.com/2010/11/qrp2.jpg" [1]
2015-01-31 14:18:04 URL:https://kneedeepinthedoomed.files.wordpress.com/2010/11/qrp2.jpg?w=490&h=367 [98054/98054] -> "kneedeepinthedoomed.wordpress.com_20150131/kneedeepinthedoomed.files.wordpress.com/2010/11/qrp2.jpg?w=490&h=367" [1]
2015-01-31 14:18:05 URL:https://kneedeepinthedoomed.files.wordpress.com/2010/11/qrp3.jpg [364456/364456] -> "kneedeepinthedoomed.wordpress.com_20150131/kneedeepinthedoomed.files.wordpress.com/2010/11/qrp3.jpg" [1]
2015-01-31 14:18:05 URL:https://kneedeepinthedoomed.files.wordpress.com/2010/11/qrp3.jpg?w=490&h=367 [81818/81818] -> "kneedeepinthedoomed.wordpress.com_20150131/kneedeepinthedoomed.files.wordpress.com/2010/11/qrp3.jpg?w=490&h=367" [1]
2015-01-31 14:18:06 URL:https://kneedeepinthedoomed.wordpress.com/2010/11/07/orange-light-green-walls-far-out-experiences-with-colored-light/ [61883] -> "kneedeepinthedoomed.wordpress.com_20150131/kneedeepinthedoomed.wordpress.com/2010/11/07/orange-light-green-walls-far-out-experiences-with-colored-light/index.html" [1]
2015-01-31 14:18:07 URL:https://kneedeepinthedoomed.files.wordpress.com/2010/11/lavagreen.jpg [423133/423133] -> "kneedeepinthedoomed.wordpress.com_20150131/kneedeepinthedoomed.files.wordpress.com/2010/11/lavagreen.jpg" [1]
2015-01-31 14:18:08 URL:https://kneedeepinthedoomed.files.wordpress.com/2010/11/lavagreen.jpg?w=490&h=367 [109021/109021] -> "kneedeepinthedoomed.wordpress.com_20150131/kneedeepinthedoomed.files.wordpress.com/2010/11/lavagreen.jpg?w=490&h=367" [1]
2015-01-31 14:18:09 URL:https://kneedeepinthedoomed.files.wordpress.com/2010/11/lavalight2.jpg [447087/447087] -> "kneedeepinthedoomed.wordpress.com_20150131/kneedeepinthedoomed.files.wordpress.com/2010/11/lavalight2.jpg" [1]
2015-01-31 14:18:09 URL:https://kneedeepinthedoomed.files.wordpress.com/2010/11/lavalight2.jpg?w=490&h=367 [100031/100031] -> "kneedeepinthedoomed.wordpress.com_20150131/kneedeepinthedoomed.files.wordpress.com/2010/11/lavalight2.jpg?w=490&h=367" [1]
2015-01-31 14:18:10 URL:https://kneedeepinthedoomed.files.wordpress.com/2010/11/lavalight1.jpg [330740/330740] -> "kneedeepinthedoomed.wordpress.com_20150131/kneedeepinthedoomed.files.wordpress.com/2010/11/lavalight1.jpg" [1]
2015-01-31 14:18:10 URL:https://kneedeepinthedoomed.files.wordpress.com/2010/11/lavalight1.jpg?w=490&h=367 [72761/72761] -> "kneedeepinthedoomed.wordpress.com_20150131/kneedeepinthedoomed.files.wordpress.com/2010/11/lavalight1.jpg?w=490&h=367" [1]
2015-01-31 14:18:11 URL:https://kneedeepinthedoomed.files.wordpress.com/2010/11/lavalight3.jpg [294213/294213] -> "kneedeepinthedoomed.wordpress.com_20150131/kneedeepinthedoomed.files.wordpress.com/2010/11/lavalight3.jpg" [1]
2015-01-31 14:18:12 URL:https://kneedeepinthedoomed.files.wordpress.com/2010/11/lavalight3.jpg?w=490&h=367 [74532/74532] -> "kneedeepinthedoomed.wordpress.com_20150131/kneedeepinthedoomed.files.wordpress.com/2010/11/lavalight3.jpg?w=490&h=367" [1]
2015-01-31 14:18:12 URL:https://kneedeepinthedoomed.wordpress.com/2010/11/01/rmq-engine-required-highly-likely/ [48075] -> "kneedeepinthedoomed.wordpress.com_20150131/kneedeepinthedoomed.wordpress.com/2010/11/01/rmq-engine-required-highly-likely/index.html" [1]
2015-01-31 14:18:13 URL:https://kneedeepinthedoomed.wordpress.com/2010/11/01/do-you-want-stroyent-lava-i-dont/ [56441] -> "kneedeepinthedoomed.wordpress.com_20150131/kneedeepinthedoomed.wordpress.com/2010/11/01/do-you-want-stroyent-lava-i-dont/index.html" [1]
2015-01-31 14:18:14 URL:https://kneedeepinthedoomed.files.wordpress.com/2010/11/lavafog3.jpg [342007/342007] -> "kneedeepinthedoomed.wordpress.com_20150131/kneedeepinthedoomed.files.wordpress.com/2010/11/lavafog3.jpg" [1]
2015-01-31 14:18:14 URL:https://kneedeepinthedoomed.files.wordpress.com/2010/11/lavafog3.jpg?w=490 [85580/85580] -> "kneedeepinthedoomed.wordpress.com_20150131/kneedeepinthedoomed.files.wordpress.com/2010/11/lavafog3.jpg?w=490" [1]
2015-01-31 14:18:15 URL:https://kneedeepinthedoomed.files.wordpress.com/2010/11/lavafog4.jpg [358572/358572] -> "kneedeepinthedoomed.wordpress.com_20150131/kneedeepinthedoomed.files.wordpress.com/2010/11/lavafog4.jpg" [1]
2015-01-31 14:18:16 URL:https://kneedeepinthedoomed.files.wordpress.com/2010/11/lavafog4.jpg?w=490 [92308/92308] -> "kneedeepinthedoomed.wordpress.com_20150131/kneedeepinthedoomed.files.wordpress.com/2010/11/lavafog4.jpg?w=490" [1]
2015-01-31 14:18:16 URL:https://kneedeepinthedoomed.files.wordpress.com/2010/11/lavafog1.jpg [248363/248363] -> "kneedeepinthedoomed.wordpress.com_20150131/kneedeepinthedoomed.files.wordpress.com/2010/11/lavafog1.jpg" [1]
2015-01-31 14:18:16 URL:https://kneedeepinthedoomed.files.wordpress.com/2010/11/lavafog1.jpg?w=490 [65869/65869] -> "kneedeepinthedoomed.wordpress.com_20150131/kneedeepinthedoomed.files.wordpress.com/2010/11/lavafog1.jpg?w=490" [1]
2015-01-31 14:18:17 URL:https://kneedeepinthedoomed.files.wordpress.com/2010/11/lavafog2.jpg [253970/253970] -> "kneedeepinthedoomed.wordpress.com_20150131/kneedeepinthedoomed.files.wordpress.com/2010/11/lavafog2.jpg" [1]
2015-01-31 14:18:17 URL:https://kneedeepinthedoomed.files.wordpress.com/2010/11/lavafog2.jpg?w=490 [68220/68220] -> "kneedeepinthedoomed.wordpress.com_20150131/kneedeepinthedoomed.files.wordpress.com/2010/11/lavafog2.jpg?w=490" [1]
2015-01-31 14:18:18 URL:https://kneedeepinthedoomed.wordpress.com/category/uncategorized/page/6/ [49272] -> "kneedeepinthedoomed.wordpress.com_20150131/kneedeepinthedoomed.wordpress.com/category/uncategorized/page/6/index.html" [1]
2015-01-31 14:18:19 URL:https://kneedeepinthedoomed.wordpress.com/2010/07/18/you-and-which-army/feed/ [10250] -> "kneedeepinthedoomed.wordpress.com_20150131/kneedeepinthedoomed.wordpress.com/2010/07/18/you-and-which-army/feed/index.html" [1]
2015-01-31 14:18:19 URL:https://kneedeepinthedoomed.wordpress.com/2010/07/12/half-life-style-rotating-doors/ [48066] -> "kneedeepinthedoomed.wordpress.com_20150131/kneedeepinthedoomed.wordpress.com/2010/07/12/half-life-style-rotating-doors/index.html" [1]
2015-01-31 14:18:20 URL:https://kneedeepinthedoomed.files.wordpress.com/2010/07/death400k.jpg [675912/675912] -> "kneedeepinthedoomed.wordpress.com_20150131/kneedeepinthedoomed.files.wordpress.com/2010/07/death400k.jpg" [1]
2015-01-31 14:18:21 URL:https://kneedeepinthedoomed.files.wordpress.com/2010/07/death400k.jpg?w=490 [191883/191883] -> "kneedeepinthedoomed.wordpress.com_20150131/kneedeepinthedoomed.files.wordpress.com/2010/07/death400k.jpg?w=490" [1]
2015-01-31 14:18:22 URL:https://kneedeepinthedoomed.wordpress.com/2010/10/30/under-construction-sp-demo-2/feed/ [2678] -> "kneedeepinthedoomed.wordpress.com_20150131/kneedeepinthedoomed.wordpress.com/2010/10/30/under-construction-sp-demo-2/feed/index.html" [1]
2015-01-31 14:18:23 URL:https://kneedeepinthedoomed.files.wordpress.com/2010/10/ogretech5.jpg [446480/446480] -> "kneedeepinthedoomed.wordpress.com_20150131/kneedeepinthedoomed.files.wordpress.com/2010/10/ogretech5.jpg" [1]
2015-01-31 14:18:23 URL:https://kneedeepinthedoomed.files.wordpress.com/2010/10/ogretech5.jpg?w=490 [126156/126156] -> "kneedeepinthedoomed.wordpress.com_20150131/kneedeepinthedoomed.files.wordpress.com/2010/10/ogretech5.jpg?w=490" [1]
2015-01-31 14:18:24 URL:https://kneedeepinthedoomed.files.wordpress.com/2010/10/ogretech3.jpg [248311/248311] -> "kneedeepinthedoomed.wordpress.com_20150131/kneedeepinthedoomed.files.wordpress.com/2010/10/ogretech3.jpg" [1]
2015-01-31 14:18:24 URL:https://kneedeepinthedoomed.files.wordpress.com/2010/10/ogretech3.jpg?w=490 [68354/68354] -> "kneedeepinthedoomed.wordpress.com_20150131/kneedeepinthedoomed.files.wordpress.com/2010/10/ogretech3.jpg?w=490" [1]
2015-01-31 14:18:25 URL:https://kneedeepinthedoomed.wordpress.com/2010/06/11/new-page-tutorials/feed/ [957] -> "kneedeepinthedoomed.wordpress.com_20150131/kneedeepinthedoomed.wordpress.com/2010/06/11/new-page-tutorials/feed/index.html" [1]
2015-01-31 14:18:26 URL:https://kneedeepinthedoomed.wordpress.com/2010/06/10/the-number-4096/ [49630] -> "kneedeepinthedoomed.wordpress.com_20150131/kneedeepinthedoomed.wordpress.com/2010/06/10/the-number-4096/index.html" [1]
2015-01-31 14:18:26 URL:https://kneedeepinthedoomed.wordpress.com/2010/06/13/poll-help-us-outfit-quakegirl/feed/ [22281] -> "kneedeepinthedoomed.wordpress.com_20150131/kneedeepinthedoomed.wordpress.com/2010/06/13/poll-help-us-outfit-quakegirl/feed/index.html" [1]
2015-01-31 14:18:27 URL:https://kneedeepinthedoomed.wordpress.com/2010/07/07/none-of-them-and-rotating-stuff/ [47422] -> "kneedeepinthedoomed.wordpress.com_20150131/kneedeepinthedoomed.wordpress.com/2010/07/07/none-of-them-and-rotating-stuff/index.html" [1]
2015-01-31 14:18:27 URL:https://kneedeepinthedoomed.wordpress.com/2010/06/09/theme-change/feed/ [938] -> "kneedeepinthedoomed.wordpress.com_20150131/kneedeepinthedoomed.wordpress.com/2010/06/09/theme-change/feed/index.html" [1]
2015-01-31 14:18:27 URL:https://kneedeepinthedoomed.wordpress.com/2010/03/23/construction-work/feed/ [953] -> "kneedeepinthedoomed.wordpress.com_20150131/kneedeepinthedoomed.wordpress.com/2010/03/23/construction-work/feed/index.html" [1]
2015-01-31 14:18:28 URL:https://kneedeepinthedoomed.files.wordpress.com/2010/03/pipes.jpg [460099/460099] -> "kneedeepinthedoomed.wordpress.com_20150131/kneedeepinthedoomed.files.wordpress.com/2010/03/pipes.jpg" [1]
2015-01-31 14:18:29 URL:https://kneedeepinthedoomed.files.wordpress.com/2010/03/pipes.jpg?w=300&h=225 [49050/49050] -> "kneedeepinthedoomed.wordpress.com_20150131/kneedeepinthedoomed.files.wordpress.com/2010/03/pipes.jpg?w=300&h=225" [1]
2015-01-31 14:18:29 URL:https://kneedeepinthedoomed.files.wordpress.com/2010/03/weirdness.jpg [441563/441563] -> "kneedeepinthedoomed.wordpress.com_20150131/kneedeepinthedoomed.files.wordpress.com/2010/03/weirdness.jpg" [1]
2015-01-31 14:18:30 URL:https://kneedeepinthedoomed.files.wordpress.com/2010/03/weirdness.jpg?w=300&h=225 [47190/47190] -> "kneedeepinthedoomed.wordpress.com_20150131/kneedeepinthedoomed.files.wordpress.com/2010/03/weirdness.jpg?w=300&h=225" [1]
2015-01-31 14:18:30 URL:https://kneedeepinthedoomed.wordpress.com/2010/03/20/tutorials/feed/ [929] -> "kneedeepinthedoomed.wordpress.com_20150131/kneedeepinthedoomed.wordpress.com/2010/03/20/tutorials/feed/index.html" [1]
2015-01-31 14:18:31 URL:https://kneedeepinthedoomed.files.wordpress.com/2010/03/editor17.jpg [289796/289796] -> "kneedeepinthedoomed.wordpress.com_20150131/kneedeepinthedoomed.files.wordpress.com/2010/03/editor17.jpg" [1]
2015-01-31 14:18:31 URL:https://kneedeepinthedoomed.files.wordpress.com/2010/03/editor17.jpg?w=300&h=240 [25566/25566] -> "kneedeepinthedoomed.wordpress.com_20150131/kneedeepinthedoomed.files.wordpress.com/2010/03/editor17.jpg?w=300&h=240" [1]
2015-01-31 14:18:32 URL:https://kneedeepinthedoomed.wordpress.com/2010/03/14/current-development/feed/ [959] -> "kneedeepinthedoomed.wordpress.com_20150131/kneedeepinthedoomed.wordpress.com/2010/03/14/current-development/feed/index.html" [1]
2015-01-31 14:18:32 URL:https://kneedeepinthedoomed.wordpress.com/2010/03/13/you-want-pictures-you-got-pictures/feed/ [1005] -> "kneedeepinthedoomed.wordpress.com_20150131/kneedeepinthedoomed.wordpress.com/2010/03/13/you-want-pictures-you-got-pictures/feed/index.html" [1]
2015-01-31 14:18:33 URL:https://kneedeepinthedoomed.wordpress.com/2010/03/13/dashing-into-2010/feed/ [953] -> "kneedeepinthedoomed.wordpress.com_20150131/kneedeepinthedoomed.wordpress.com/2010/03/13/dashing-into-2010/feed/index.html" [1]
2015-01-31 14:18:33 URL:https://kneedeepinthedoomed.wordpress.com/2010/03/12/rmq-the-kraken/feed/ [945] -> "kneedeepinthedoomed.wordpress.com_20150131/kneedeepinthedoomed.wordpress.com/2010/03/12/rmq-the-kraken/feed/index.html" [1]
2015-01-31 14:18:33 URL:https://kneedeepinthedoomed.wordpress.com/2010/03/12/32/feed/ [925] -> "kneedeepinthedoomed.wordpress.com_20150131/kneedeepinthedoomed.wordpress.com/2010/03/12/32/feed/index.html" [1]
2015-01-31 14:18:34 URL:https://kneedeepinthedoomed.wordpress.com/2010/03/12/4/feed/ [911] -> "kneedeepinthedoomed.wordpress.com_20150131/kneedeepinthedoomed.wordpress.com/2010/03/12/4/feed/index.html" [1]
2015-01-31 14:18:34 URL:https://kneedeepinthedoomed.wordpress.com/2010/11/16/orange-mapping-part-3/feed/ [966] -> "kneedeepinthedoomed.wordpress.com_20150131/kneedeepinthedoomed.wordpress.com/2010/11/16/orange-mapping-part-3/feed/index.html" [1]
2015-01-31 14:18:35 URL:https://kneedeepinthedoomed.wordpress.com/page/7/ [51671] -> "kneedeepinthedoomed.wordpress.com_20150131/kneedeepinthedoomed.wordpress.com/page/7/index.html" [1]
2015-01-31 14:18:36 URL:https://kneedeepinthedoomed.wordpress.com/author/kneedeepinthedoomed/page/7/ [50609] -> "kneedeepinthedoomed.wordpress.com_20150131/kneedeepinthedoomed.wordpress.com/author/kneedeepinthedoomed/page/7/index.html" [1]
2015-01-31 14:18:36 URL:https://kneedeepinthedoomed.wordpress.com/2010/11/15/orange-mapping-part-2/feed/ [1806] -> "kneedeepinthedoomed.wordpress.com_20150131/kneedeepinthedoomed.wordpress.com/2010/11/15/orange-mapping-part-2/feed/index.html" [1]
2015-01-31 14:18:36 URL:https://kneedeepinthedoomed.wordpress.com/2010/11/14/dev-texture-experiments/feed/ [9713] -> "kneedeepinthedoomed.wordpress.com_20150131/kneedeepinthedoomed.wordpress.com/2010/11/14/dev-texture-experiments/feed/index.html" [1]
2015-01-31 14:18:37 URL:https://kneedeepinthedoomed.wordpress.com/2010/11/07/addon-qrp-textures/feed/ [4302] -> "kneedeepinthedoomed.wordpress.com_20150131/kneedeepinthedoomed.wordpress.com/2010/11/07/addon-qrp-textures/feed/index.html" [1]
2015-01-31 14:18:37 URL:https://kneedeepinthedoomed.wordpress.com/2010/11/07/orange-light-green-walls-far-out-experiences-with-colored-light/feed/ [13662] -> "kneedeepinthedoomed.wordpress.com_20150131/kneedeepinthedoomed.wordpress.com/2010/11/07/orange-light-green-walls-far-out-experiences-with-colored-light/feed/index.html" [1]
2015-01-31 14:18:37 URL:https://kneedeepinthedoomed.wordpress.com/2010/11/01/rmq-engine-required-highly-likely/feed/ [1002] -> "kneedeepinthedoomed.wordpress.com_20150131/kneedeepinthedoomed.wordpress.com/2010/11/01/rmq-engine-required-highly-likely/feed/index.html" [1]
2015-01-31 14:18:38 URL:https://kneedeepinthedoomed.wordpress.com/2010/11/01/do-you-want-stroyent-lava-i-dont/feed/ [8957] -> "kneedeepinthedoomed.wordpress.com_20150131/kneedeepinthedoomed.wordpress.com/2010/11/01/do-you-want-stroyent-lava-i-dont/feed/index.html" [1]
2015-01-31 14:18:39 URL:https://kneedeepinthedoomed.wordpress.com/2010/07/07/point-release/ [49985] -> "kneedeepinthedoomed.wordpress.com_20150131/kneedeepinthedoomed.wordpress.com/2010/07/07/point-release/index.html" [1]
2015-01-31 14:18:39 URL:https://kneedeepinthedoomed.files.wordpress.com/2010/07/patch1.jpg [305844/305844] -> "kneedeepinthedoomed.wordpress.com_20150131/kneedeepinthedoomed.files.wordpress.com/2010/07/patch1.jpg" [1]
2015-01-31 14:18:40 URL:https://kneedeepinthedoomed.files.wordpress.com/2010/07/patch1.jpg?w=490 [79875/79875] -> "kneedeepinthedoomed.wordpress.com_20150131/kneedeepinthedoomed.files.wordpress.com/2010/07/patch1.jpg?w=490" [1]
2015-01-31 14:18:40 URL:https://kneedeepinthedoomed.files.wordpress.com/2010/07/dm1ring.jpg [281279/281279] -> "kneedeepinthedoomed.wordpress.com_20150131/kneedeepinthedoomed.files.wordpress.com/2010/07/dm1ring.jpg" [1]
2015-01-31 14:18:41 URL:https://kneedeepinthedoomed.files.wordpress.com/2010/07/dm1ring.jpg?w=490 [66820/66820] -> "kneedeepinthedoomed.wordpress.com_20150131/kneedeepinthedoomed.files.wordpress.com/2010/07/dm1ring.jpg?w=490" [1]
2015-01-31 14:18:41 URL:https://kneedeepinthedoomed.wordpress.com/category/uncategorized/page/7/ [38896] -> "kneedeepinthedoomed.wordpress.com_20150131/kneedeepinthedoomed.wordpress.com/category/uncategorized/page/7/index.html" [1]
2015-01-31 14:18:42 URL:https://kneedeepinthedoomed.wordpress.com/2010/07/12/half-life-style-rotating-doors/feed/ [992] -> "kneedeepinthedoomed.wordpress.com_20150131/kneedeepinthedoomed.wordpress.com/2010/07/12/half-life-style-rotating-doors/feed/index.html" [1]
2015-01-31 14:18:42 URL:https://kneedeepinthedoomed.wordpress.com/2010/06/10/the-number-4096/feed/ [1979] -> "kneedeepinthedoomed.wordpress.com_20150131/kneedeepinthedoomed.wordpress.com/2010/06/10/the-number-4096/feed/index.html" [1]
2015-01-31 14:18:43 URL:https://kneedeepinthedoomed.files.wordpress.com/2010/06/e1m3_06010_topview.jpg [821631/821631] -> "kneedeepinthedoomed.wordpress.com_20150131/kneedeepinthedoomed.files.wordpress.com/2010/06/e1m3_06010_topview.jpg" [1]
2015-01-31 14:18:44 URL:https://kneedeepinthedoomed.files.wordpress.com/2010/06/e1m3_06010_topview.jpg?w=490 [123976/123976] -> "kneedeepinthedoomed.wordpress.com_20150131/kneedeepinthedoomed.files.wordpress.com/2010/06/e1m3_06010_topview.jpg?w=490" [1]
2015-01-31 14:18:44 URL:https://kneedeepinthedoomed.wordpress.com/2010/07/07/none-of-them-and-rotating-stuff/feed/ [997] -> "kneedeepinthedoomed.wordpress.com_20150131/kneedeepinthedoomed.wordpress.com/2010/07/07/none-of-them-and-rotating-stuff/feed/index.html" [1]
2015-01-31 14:18:45 URL:https://kneedeepinthedoomed.wordpress.com/page/8/ [44571] -> "kneedeepinthedoomed.wordpress.com_20150131/kneedeepinthedoomed.wordpress.com/page/8/index.html" [1]
2015-01-31 14:18:46 URL:https://kneedeepinthedoomed.wordpress.com/author/kneedeepinthedoomed/page/8/ [43565] -> "kneedeepinthedoomed.wordpress.com_20150131/kneedeepinthedoomed.wordpress.com/author/kneedeepinthedoomed/page/8/index.html" [1]
2015-01-31 14:18:46 URL:https://kneedeepinthedoomed.wordpress.com/2010/07/07/point-release/feed/ [941] -> "kneedeepinthedoomed.wordpress.com_20150131/kneedeepinthedoomed.wordpress.com/2010/07/07/point-release/feed/index.html" [1]
2015-01-31 14:18:47 URL:https://kneedeepinthedoomed.wordpress.com/page/9/ [44126] -> "kneedeepinthedoomed.wordpress.com_20150131/kneedeepinthedoomed.wordpress.com/page/9/index.html" [1]
2015-01-31 14:18:48 URL:https://kneedeepinthedoomed.wordpress.com/author/kneedeepinthedoomed/page/9/ [43092] -> "kneedeepinthedoomed.wordpress.com_20150131/kneedeepinthedoomed.wordpress.com/author/kneedeepinthedoomed/page/9/index.html" [1]
2015-01-31 14:18:48 URL:https://kneedeepinthedoomed.wordpress.com/page/10/ [37142] -> "kneedeepinthedoomed.wordpress.com_20150131/kneedeepinthedoomed.wordpress.com/page/10/index.html" [1]
2015-01-31 14:18:49 URL:https://kneedeepinthedoomed.wordpress.com/author/kneedeepinthedoomed/page/10/ [35913] -> "kneedeepinthedoomed.wordpress.com_20150131/kneedeepinthedoomed.wordpress.com/author/kneedeepinthedoomed/page/10/index.html" [1]
FINISHED --2015-01-31 14:18:49--
Total wall clock time: 3m 18s
Downloaded: 344 files, 28M in 57s (496 KB/s)
