2015-12-25 21:07:05 URL:http://lambert.jeanphilippe.free.fr/ [12170/12170] -> "lambert.jeanphilippe.free.fr_20151225/index.html" [1]
2015-12-25 21:07:05 URL:http://lambert.jeanphilippe.free.fr/index_fichiers/filelist.xml [259/259] -> "lambert.jeanphilippe.free.fr_20151225/index_fichiers/filelist.xml" [1]
http://lambert.jeanphilippe.free.fr/index_fichiers/editdata.mso:
2015-12-25 21:07:05 ERROR 404: Not Found.
2015-12-25 21:07:05 URL:http://lambert.jeanphilippe.free.fr/index_fichiers/image001.jpg [12516/12516] -> "lambert.jeanphilippe.free.fr_20151225/index_fichiers/image001.jpg" [1]
2015-12-25 21:07:05 URL:http://lambert.jeanphilippe.free.fr/index_fichiers/image003.jpg [26038/26038] -> "lambert.jeanphilippe.free.fr_20151225/index_fichiers/image003.jpg" [1]
2015-12-25 21:07:05 URL:http://lambert.jeanphilippe.free.fr/News/News.htm [85087/85087] -> "lambert.jeanphilippe.free.fr_20151225/News/News.htm" [1]
2015-12-25 21:07:05 URL:http://lambert.jeanphilippe.free.fr/News/News_fichiers/filelist.xml [226/226] -> "lambert.jeanphilippe.free.fr_20151225/News/News_fichiers/filelist.xml" [1]
http://lambert.jeanphilippe.free.fr/News/News_fichiers/editdata.mso:
2015-12-25 21:07:05 ERROR 404: Not Found.
2015-12-25 21:07:05 URL:http://lambert.jeanphilippe.free.fr/News/News_fichiers/image001.jpg [12516/12516] -> "lambert.jeanphilippe.free.fr_20151225/News/News_fichiers/image001.jpg" [1]
2015-12-25 21:07:06 URL:http://lambert.jeanphilippe.free.fr/News/News_fichiers/image003.jpg [26038/26038] -> "lambert.jeanphilippe.free.fr_20151225/News/News_fichiers/image003.jpg" [1]
2015-12-25 21:07:06 URL:http://lambert.jeanphilippe.free.fr/Wind/Wind.htm [52176/52176] -> "lambert.jeanphilippe.free.fr_20151225/Wind/Wind.htm" [1]
2015-12-25 21:07:06 URL:http://lambert.jeanphilippe.free.fr/Quake/Quake.htm [62151/62151] -> "lambert.jeanphilippe.free.fr_20151225/Quake/Quake.htm" [1]
2015-12-25 21:07:06 URL:http://lambert.jeanphilippe.free.fr/CV/CV.htm [40530/40530] -> "lambert.jeanphilippe.free.fr_20151225/CV/CV.htm" [1]
2015-12-25 21:07:06 URL:http://lambert.jeanphilippe.free.fr/Wind/Wind_fichiers/filelist.xml [354/354] -> "lambert.jeanphilippe.free.fr_20151225/Wind/Wind_fichiers/filelist.xml" [1]
http://lambert.jeanphilippe.free.fr/Wind/Wind_fichiers/editdata.mso:
2015-12-25 21:07:06 ERROR 404: Not Found.
2015-12-25 21:07:06 URL:http://lambert.jeanphilippe.free.fr/Wind/Wind_fichiers/image001.gif [667/667] -> "lambert.jeanphilippe.free.fr_20151225/Wind/Wind_fichiers/image001.gif" [1]
2015-12-25 21:07:06 URL:http://lambert.jeanphilippe.free.fr/Wind/Wind_fichiers/image002.gif [128/128] -> "lambert.jeanphilippe.free.fr_20151225/Wind/Wind_fichiers/image002.gif" [1]
2015-12-25 21:07:06 URL:http://lambert.jeanphilippe.free.fr/Wind/Wind_fichiers/image003.gif [191/191] -> "lambert.jeanphilippe.free.fr_20151225/Wind/Wind_fichiers/image003.gif" [1]
2015-12-25 21:07:06 URL:http://lambert.jeanphilippe.free.fr/Wind/Wind_fichiers/image004.jpg [12516/12516] -> "lambert.jeanphilippe.free.fr_20151225/Wind/Wind_fichiers/image004.jpg" [1]
2015-12-25 21:07:06 URL:http://lambert.jeanphilippe.free.fr/Wind/Wind_fichiers/image006.jpg [26038/26038] -> "lambert.jeanphilippe.free.fr_20151225/Wind/Wind_fichiers/image006.jpg" [1]
2015-12-25 21:07:06 URL:http://lambert.jeanphilippe.free.fr/Wind/Shots/Cannes-04-11-2009.htm [14981/14981] -> "lambert.jeanphilippe.free.fr_20151225/Wind/Shots/Cannes-04-11-2009.htm" [1]
2015-12-25 21:07:06 URL:http://lambert.jeanphilippe.free.fr/Wind/Shots/Coudou-13-06-2008.htm [13677/13677] -> "lambert.jeanphilippe.free.fr_20151225/Wind/Shots/Coudou-13-06-2008.htm" [1]
2015-12-25 21:07:06 URL:http://lambert.jeanphilippe.free.fr/Wind/Shots/Cannes-01-06-2008.htm [17196/17196] -> "lambert.jeanphilippe.free.fr_20151225/Wind/Shots/Cannes-01-06-2008.htm" [1]
2015-12-25 21:07:06 URL:http://lambert.jeanphilippe.free.fr/Wind/Shots/Cannes-08-01-2006.htm [13929/13929] -> "lambert.jeanphilippe.free.fr_20151225/Wind/Shots/Cannes-08-01-2006.htm" [1]
2015-12-25 21:07:06 URL:http://lambert.jeanphilippe.free.fr/Wind/Shots/Coudou-02-10-2005.htm [16328/16328] -> "lambert.jeanphilippe.free.fr_20151225/Wind/Shots/Coudou-02-10-2005.htm" [1]
2015-12-25 21:07:06 URL:http://lambert.jeanphilippe.free.fr/Wind/Shots/Cannes-16-04-2005.htm [12347/12347] -> "lambert.jeanphilippe.free.fr_20151225/Wind/Shots/Cannes-16-04-2005.htm" [1]
2015-12-25 21:07:07 URL:http://lambert.jeanphilippe.free.fr/Quake/Quake_fichiers/filelist.xml [355/355] -> "lambert.jeanphilippe.free.fr_20151225/Quake/Quake_fichiers/filelist.xml" [1]
http://lambert.jeanphilippe.free.fr/Quake/Quake_fichiers/editdata.mso:
2015-12-25 21:07:07 ERROR 404: Not Found.
2015-12-25 21:07:07 URL:http://lambert.jeanphilippe.free.fr/Quake/Quake_fichiers/image002.gif [667/667] -> "lambert.jeanphilippe.free.fr_20151225/Quake/Quake_fichiers/image002.gif" [1]
2015-12-25 21:07:07 URL:http://lambert.jeanphilippe.free.fr/Quake/Quake_fichiers/image003.gif [128/128] -> "lambert.jeanphilippe.free.fr_20151225/Quake/Quake_fichiers/image003.gif" [1]
2015-12-25 21:07:07 URL:http://lambert.jeanphilippe.free.fr/Quake/Quake_fichiers/image004.gif [191/191] -> "lambert.jeanphilippe.free.fr_20151225/Quake/Quake_fichiers/image004.gif" [1]
2015-12-25 21:07:07 URL:http://lambert.jeanphilippe.free.fr/Quake/Quake_fichiers/image001.jpg [12516/12516] -> "lambert.jeanphilippe.free.fr_20151225/Quake/Quake_fichiers/image001.jpg" [1]
2015-12-25 21:07:07 URL:http://lambert.jeanphilippe.free.fr/Quake/Quake_fichiers/image007.jpg [26038/26038] -> "lambert.jeanphilippe.free.fr_20151225/Quake/Quake_fichiers/image007.jpg" [1]
2015-12-25 21:07:08 URL:http://lambert.jeanphilippe.free.fr/DownLoad/gth.zip [9116072/9116072] -> "lambert.jeanphilippe.free.fr_20151225/DownLoad/gth.zip" [1]
2015-12-25 21:07:08 URL:http://lambert.jeanphilippe.free.fr/Screenshots/GTH1.JPG [121074/121074] -> "lambert.jeanphilippe.free.fr_20151225/Screenshots/GTH1.JPG" [1]
2015-12-25 21:07:08 URL:http://lambert.jeanphilippe.free.fr/Screenshots/GTH2.JPG [107368/107368] -> "lambert.jeanphilippe.free.fr_20151225/Screenshots/GTH2.JPG" [1]
2015-12-25 21:07:08 URL:http://lambert.jeanphilippe.free.fr/Screenshots/GTH3.JPG [118123/118123] -> "lambert.jeanphilippe.free.fr_20151225/Screenshots/GTH3.JPG" [1]
2015-12-25 21:07:09 URL:http://lambert.jeanphilippe.free.fr/DownLoad/fort_driant.zip [16348852/16348852] -> "lambert.jeanphilippe.free.fr_20151225/DownLoad/fort_driant.zip" [1]
2015-12-25 21:07:10 URL:http://lambert.jeanphilippe.free.fr/DownLoad/fort_driant-fullvis.zip [5638123/5638123] -> "lambert.jeanphilippe.free.fr_20151225/DownLoad/fort_driant-fullvis.zip" [1]
2015-12-25 21:07:10 URL:http://lambert.jeanphilippe.free.fr/Screenshots/FD1.JPG [116010/116010] -> "lambert.jeanphilippe.free.fr_20151225/Screenshots/FD1.JPG" [1]
2015-12-25 21:07:10 URL:http://lambert.jeanphilippe.free.fr/Screenshots/FD2.JPG [67062/67062] -> "lambert.jeanphilippe.free.fr_20151225/Screenshots/FD2.JPG" [1]
2015-12-25 21:07:10 URL:http://lambert.jeanphilippe.free.fr/Screenshots/FD3.JPG [88055/88055] -> "lambert.jeanphilippe.free.fr_20151225/Screenshots/FD3.JPG" [1]
2015-12-25 21:07:10 URL:http://lambert.jeanphilippe.free.fr/Screenshots/FD4.JPG [100840/100840] -> "lambert.jeanphilippe.free.fr_20151225/Screenshots/FD4.JPG" [1]
2015-12-25 21:07:11 URL:http://lambert.jeanphilippe.free.fr/DownLoad/src2.zip [2760542/2760542] -> "lambert.jeanphilippe.free.fr_20151225/DownLoad/src2.zip" [1]
2015-12-25 21:07:11 URL:http://lambert.jeanphilippe.free.fr/Screenshots/SRC1.JPG [89485/89485] -> "lambert.jeanphilippe.free.fr_20151225/Screenshots/SRC1.JPG" [1]
2015-12-25 21:07:11 URL:http://lambert.jeanphilippe.free.fr/Screenshots/SRC2.JPG [81696/81696] -> "lambert.jeanphilippe.free.fr_20151225/Screenshots/SRC2.JPG" [1]
2015-12-25 21:07:11 URL:http://lambert.jeanphilippe.free.fr/Screenshots/SRC3.JPG [85868/85868] -> "lambert.jeanphilippe.free.fr_20151225/Screenshots/SRC3.JPG" [1]
2015-12-25 21:07:11 URL:http://lambert.jeanphilippe.free.fr/Screenshots/SRC4.JPG [112166/112166] -> "lambert.jeanphilippe.free.fr_20151225/Screenshots/SRC4.JPG" [1]
2015-12-25 21:07:12 URL:http://lambert.jeanphilippe.free.fr/DownLoad/thf.zip [1532904/1532904] -> "lambert.jeanphilippe.free.fr_20151225/DownLoad/thf.zip" [1]
2015-12-25 21:07:12 URL:http://lambert.jeanphilippe.free.fr/Screenshots/THF1.JPG [102417/102417] -> "lambert.jeanphilippe.free.fr_20151225/Screenshots/THF1.JPG" [1]
2015-12-25 21:07:12 URL:http://lambert.jeanphilippe.free.fr/Screenshots/THF2.JPG [126557/126557] -> "lambert.jeanphilippe.free.fr_20151225/Screenshots/THF2.JPG" [1]
2015-12-25 21:07:13 URL:http://lambert.jeanphilippe.free.fr/DownLoad/5rivers.zip [10937146/10937146] -> "lambert.jeanphilippe.free.fr_20151225/DownLoad/5rivers.zip" [1]
2015-12-25 21:07:13 URL:http://lambert.jeanphilippe.free.fr/Screenshots/5R1.JPG [160034/160034] -> "lambert.jeanphilippe.free.fr_20151225/Screenshots/5R1.JPG" [1]
2015-12-25 21:07:13 URL:http://lambert.jeanphilippe.free.fr/Screenshots/5R2.JPG [118400/118400] -> "lambert.jeanphilippe.free.fr_20151225/Screenshots/5R2.JPG" [1]
2015-12-25 21:07:14 URL:http://lambert.jeanphilippe.free.fr/Screenshots/5R3.JPG [119911/119911] -> "lambert.jeanphilippe.free.fr_20151225/Screenshots/5R3.JPG" [1]
2015-12-25 21:07:14 URL:http://lambert.jeanphilippe.free.fr/Screenshots/5R4.JPG [82968/82968] -> "lambert.jeanphilippe.free.fr_20151225/Screenshots/5R4.JPG" [1]
2015-12-25 21:07:14 URL:http://lambert.jeanphilippe.free.fr/DownLoad/src.zip [2855591/2855591] -> "lambert.jeanphilippe.free.fr_20151225/DownLoad/src.zip" [1]
2015-12-25 21:07:15 URL:http://lambert.jeanphilippe.free.fr/DownLoad/Event.zip [4108406/4108406] -> "lambert.jeanphilippe.free.fr_20151225/DownLoad/Event.zip" [1]
2015-12-25 21:07:15 URL:http://lambert.jeanphilippe.free.fr/Screenshots/EVENT1.JPG [84067/84067] -> "lambert.jeanphilippe.free.fr_20151225/Screenshots/EVENT1.JPG" [1]
2015-12-25 21:07:15 URL:http://lambert.jeanphilippe.free.fr/Screenshots/EVENT2.JPG [100159/100159] -> "lambert.jeanphilippe.free.fr_20151225/Screenshots/EVENT2.JPG" [1]
2015-12-25 21:07:15 URL:http://lambert.jeanphilippe.free.fr/Screenshots/EVENT3.JPG [84736/84736] -> "lambert.jeanphilippe.free.fr_20151225/Screenshots/EVENT3.JPG" [1]
2015-12-25 21:07:15 URL:http://lambert.jeanphilippe.free.fr/Screenshots/EVENT4.JPG [120697/120697] -> "lambert.jeanphilippe.free.fr_20151225/Screenshots/EVENT4.JPG" [1]
2015-12-25 21:07:15 URL:http://lambert.jeanphilippe.free.fr/DownLoad/CDA.zip [3422130/3422130] -> "lambert.jeanphilippe.free.fr_20151225/DownLoad/CDA.zip" [1]
2015-12-25 21:07:16 URL:http://lambert.jeanphilippe.free.fr/Screenshots/CDA1.JPG [91902/91902] -> "lambert.jeanphilippe.free.fr_20151225/Screenshots/CDA1.JPG" [1]
2015-12-25 21:07:16 URL:http://lambert.jeanphilippe.free.fr/Screenshots/CDA2.JPG [85216/85216] -> "lambert.jeanphilippe.free.fr_20151225/Screenshots/CDA2.JPG" [1]
2015-12-25 21:07:16 URL:http://lambert.jeanphilippe.free.fr/Screenshots/CDA3.JPG [92202/92202] -> "lambert.jeanphilippe.free.fr_20151225/Screenshots/CDA3.JPG" [1]
2015-12-25 21:07:16 URL:http://lambert.jeanphilippe.free.fr/Screenshots/CDA4.JPG [84065/84065] -> "lambert.jeanphilippe.free.fr_20151225/Screenshots/CDA4.JPG" [1]
2015-12-25 21:07:16 URL:http://lambert.jeanphilippe.free.fr/Screenshots/CDA5.JPG [75242/75242] -> "lambert.jeanphilippe.free.fr_20151225/Screenshots/CDA5.JPG" [1]
2015-12-25 21:07:16 URL:http://lambert.jeanphilippe.free.fr/DownLoad/CMC.zip [2067310/2067310] -> "lambert.jeanphilippe.free.fr_20151225/DownLoad/CMC.zip" [1]
2015-12-25 21:07:16 URL:http://lambert.jeanphilippe.free.fr/Screenshots/CMC1.JPG [63749/63749] -> "lambert.jeanphilippe.free.fr_20151225/Screenshots/CMC1.JPG" [1]
2015-12-25 21:07:16 URL:http://lambert.jeanphilippe.free.fr/Screenshots/CMC2.JPG [103098/103098] -> "lambert.jeanphilippe.free.fr_20151225/Screenshots/CMC2.JPG" [1]
2015-12-25 21:07:17 URL:http://lambert.jeanphilippe.free.fr/Screenshots/CMC3.JPG [74185/74185] -> "lambert.jeanphilippe.free.fr_20151225/Screenshots/CMC3.JPG" [1]
2015-12-25 21:07:17 URL:http://lambert.jeanphilippe.free.fr/Screenshots/CMC4.JPG [106275/106275] -> "lambert.jeanphilippe.free.fr_20151225/Screenshots/CMC4.JPG" [1]
2015-12-25 21:07:17 URL:http://lambert.jeanphilippe.free.fr/DownLoad/Bunker.zip [458889/458889] -> "lambert.jeanphilippe.free.fr_20151225/DownLoad/Bunker.zip" [1]
2015-12-25 21:07:17 URL:http://lambert.jeanphilippe.free.fr/Screenshots/BUNKER1.JPG [91898/91898] -> "lambert.jeanphilippe.free.fr_20151225/Screenshots/BUNKER1.JPG" [1]
2015-12-25 21:07:17 URL:http://lambert.jeanphilippe.free.fr/Screenshots/BUNKER2.JPG [82655/82655] -> "lambert.jeanphilippe.free.fr_20151225/Screenshots/BUNKER2.JPG" [1]
2015-12-25 21:07:17 URL:http://lambert.jeanphilippe.free.fr/DownLoad/Hellchepsout.zip [1013720/1013720] -> "lambert.jeanphilippe.free.fr_20151225/DownLoad/Hellchepsout.zip" [1]
2015-12-25 21:07:17 URL:http://lambert.jeanphilippe.free.fr/Screenshots/HCHP1.JPG [101924/101924] -> "lambert.jeanphilippe.free.fr_20151225/Screenshots/HCHP1.JPG" [1]
2015-12-25 21:07:17 URL:http://lambert.jeanphilippe.free.fr/Screenshots/HCHP2.JPG [71209/71209] -> "lambert.jeanphilippe.free.fr_20151225/Screenshots/HCHP2.JPG" [1]
2015-12-25 21:07:18 URL:http://lambert.jeanphilippe.free.fr/Screenshots/HCHP3.JPG [63670/63670] -> "lambert.jeanphilippe.free.fr_20151225/Screenshots/HCHP3.JPG" [1]
2015-12-25 21:07:18 URL:http://lambert.jeanphilippe.free.fr/Screenshots/HCHP4.JPG [121645/121645] -> "lambert.jeanphilippe.free.fr_20151225/Screenshots/HCHP4.JPG" [1]
2015-12-25 21:07:18 URL:http://lambert.jeanphilippe.free.fr/DownLoad/SGC_tex.zip [32235/32235] -> "lambert.jeanphilippe.free.fr_20151225/DownLoad/SGC_tex.zip" [1]
2015-12-25 21:07:18 URL:http://lambert.jeanphilippe.free.fr/DownLoad/JPLtex_set1.zip [231296/231296] -> "lambert.jeanphilippe.free.fr_20151225/DownLoad/JPLtex_set1.zip" [1]
2015-12-25 21:07:19 URL:http://lambert.jeanphilippe.free.fr/DownLoad/Doom3_tex.zip [7425458/7425458] -> "lambert.jeanphilippe.free.fr_20151225/DownLoad/Doom3_tex.zip" [1]
2015-12-25 21:07:19 URL:http://lambert.jeanphilippe.free.fr/DownLoad/Patman.zip [442794/442794] -> "lambert.jeanphilippe.free.fr_20151225/DownLoad/Patman.zip" [1]
2015-12-25 21:07:19 URL:http://lambert.jeanphilippe.free.fr/DownLoad/QKP.zip [1304350/1304350] -> "lambert.jeanphilippe.free.fr_20151225/DownLoad/QKP.zip" [1]
2015-12-25 21:07:19 URL:http://lambert.jeanphilippe.free.fr/DownLoad/ReaperBot.zip [172423/172423] -> "lambert.jeanphilippe.free.fr_20151225/DownLoad/ReaperBot.zip" [1]
2015-12-25 21:07:19 URL:http://lambert.jeanphilippe.free.fr/CV/CV_fichiers/filelist.xml [320/320] -> "lambert.jeanphilippe.free.fr_20151225/CV/CV_fichiers/filelist.xml" [1]
http://lambert.jeanphilippe.free.fr/CV/CV_fichiers/editdata.mso:
2015-12-25 21:07:19 ERROR 404: Not Found.
2015-12-25 21:07:20 URL:http://lambert.jeanphilippe.free.fr/CV/CV_fichiers/image001.jpg [12516/12516] -> "lambert.jeanphilippe.free.fr_20151225/CV/CV_fichiers/image001.jpg" [1]
2015-12-25 21:07:20 URL:http://lambert.jeanphilippe.free.fr/CV/CV_fichiers/image003.jpg [26038/26038] -> "lambert.jeanphilippe.free.fr_20151225/CV/CV_fichiers/image003.jpg" [1]
2015-12-25 21:07:20 URL:http://lambert.jeanphilippe.free.fr/CV/CV_fichiers/image005.jpg [3975/3975] -> "lambert.jeanphilippe.free.fr_20151225/CV/CV_fichiers/image005.jpg" [1]
2015-12-25 21:07:20 URL:http://lambert.jeanphilippe.free.fr/Wind/Shots/Cannes-04-11-2009_fichiers/filelist.xml [527/527] -> "lambert.jeanphilippe.free.fr_20151225/Wind/Shots/Cannes-04-11-2009_fichiers/filelist.xml" [1]
http://lambert.jeanphilippe.free.fr/Wind/Shots/Cannes-04-11-2009_fichiers/editdata.mso:
2015-12-25 21:07:20 ERROR 404: Not Found.
2015-12-25 21:07:20 URL:http://lambert.jeanphilippe.free.fr/Wind/Shots/Cannes-04-11-2009_fichiers/image001.jpg [12516/12516] -> "lambert.jeanphilippe.free.fr_20151225/Wind/Shots/Cannes-04-11-2009_fichiers/image001.jpg" [1]
2015-12-25 21:07:20 URL:http://lambert.jeanphilippe.free.fr/Wind/Shots/Cannes-04-11-2009_fichiers/image003.jpg [55626/55626] -> "lambert.jeanphilippe.free.fr_20151225/Wind/Shots/Cannes-04-11-2009_fichiers/image003.jpg" [1]
2015-12-25 21:07:20 URL:http://lambert.jeanphilippe.free.fr/Wind/Shots/Cannes-04-11-2009_fichiers/image005.jpg [77143/77143] -> "lambert.jeanphilippe.free.fr_20151225/Wind/Shots/Cannes-04-11-2009_fichiers/image005.jpg" [1]
2015-12-25 21:07:20 URL:http://lambert.jeanphilippe.free.fr/Wind/Shots/Cannes-04-11-2009_fichiers/image007.jpg [57606/57606] -> "lambert.jeanphilippe.free.fr_20151225/Wind/Shots/Cannes-04-11-2009_fichiers/image007.jpg" [1]
2015-12-25 21:07:20 URL:http://lambert.jeanphilippe.free.fr/Wind/Shots/Cannes-04-11-2009_fichiers/image009.jpg [77404/77404] -> "lambert.jeanphilippe.free.fr_20151225/Wind/Shots/Cannes-04-11-2009_fichiers/image009.jpg" [1]
2015-12-25 21:07:20 URL:http://lambert.jeanphilippe.free.fr/Wind/Shots/Cannes-04-11-2009_fichiers/image011.jpg [73555/73555] -> "lambert.jeanphilippe.free.fr_20151225/Wind/Shots/Cannes-04-11-2009_fichiers/image011.jpg" [1]
2015-12-25 21:07:20 URL:http://lambert.jeanphilippe.free.fr/Wind/Shots/Coudou-13-06-2008_fichiers/filelist.xml [623/623] -> "lambert.jeanphilippe.free.fr_20151225/Wind/Shots/Coudou-13-06-2008_fichiers/filelist.xml" [1]
http://lambert.jeanphilippe.free.fr/Wind/Shots/Coudou-13-06-2008_fichiers/editdata.mso:
2015-12-25 21:07:20 ERROR 404: Not Found.
2015-12-25 21:07:20 URL:http://lambert.jeanphilippe.free.fr/Wind/Shots/Coudou-13-06-2008_fichiers/image001.jpg [12516/12516] -> "lambert.jeanphilippe.free.fr_20151225/Wind/Shots/Coudou-13-06-2008_fichiers/image001.jpg" [1]
2015-12-25 21:07:21 URL:http://lambert.jeanphilippe.free.fr/Wind/Shots/Coudou-13-06-2008_fichiers/image003.jpg [47533/47533] -> "lambert.jeanphilippe.free.fr_20151225/Wind/Shots/Coudou-13-06-2008_fichiers/image003.jpg" [1]
2015-12-25 21:07:21 URL:http://lambert.jeanphilippe.free.fr/Wind/Shots/Coudou-13-06-2008_fichiers/image005.jpg [38380/38380] -> "lambert.jeanphilippe.free.fr_20151225/Wind/Shots/Coudou-13-06-2008_fichiers/image005.jpg" [1]
2015-12-25 21:07:21 URL:http://lambert.jeanphilippe.free.fr/Wind/Shots/Coudou-13-06-2008_fichiers/image007.jpg [33339/33339] -> "lambert.jeanphilippe.free.fr_20151225/Wind/Shots/Coudou-13-06-2008_fichiers/image007.jpg" [1]
2015-12-25 21:07:21 URL:http://lambert.jeanphilippe.free.fr/Wind/Shots/Coudou-13-06-2008_fichiers/image009.jpg [38403/38403] -> "lambert.jeanphilippe.free.fr_20151225/Wind/Shots/Coudou-13-06-2008_fichiers/image009.jpg" [1]
2015-12-25 21:07:21 URL:http://lambert.jeanphilippe.free.fr/Wind/Shots/Coudou-13-06-2008_fichiers/image011.jpg [34974/34974] -> "lambert.jeanphilippe.free.fr_20151225/Wind/Shots/Coudou-13-06-2008_fichiers/image011.jpg" [1]
2015-12-25 21:07:21 URL:http://lambert.jeanphilippe.free.fr/Wind/Shots/Coudou-13-06-2008_fichiers/image013.jpg [29479/29479] -> "lambert.jeanphilippe.free.fr_20151225/Wind/Shots/Coudou-13-06-2008_fichiers/image013.jpg" [1]
2015-12-25 21:07:21 URL:http://lambert.jeanphilippe.free.fr/Wind/Shots/Coudou-13-06-2008_fichiers/image015.jpg [36324/36324] -> "lambert.jeanphilippe.free.fr_20151225/Wind/Shots/Coudou-13-06-2008_fichiers/image015.jpg" [1]
2015-12-25 21:07:21 URL:http://lambert.jeanphilippe.free.fr/Wind/Shots/Cannes-01-06-2008_fichiers/filelist.xml [623/623] -> "lambert.jeanphilippe.free.fr_20151225/Wind/Shots/Cannes-01-06-2008_fichiers/filelist.xml" [1]
http://lambert.jeanphilippe.free.fr/Wind/Shots/Cannes-01-06-2008_fichiers/editdata.mso:
2015-12-25 21:07:21 ERROR 404: Not Found.
2015-12-25 21:07:21 URL:http://lambert.jeanphilippe.free.fr/Wind/Shots/Cannes-01-06-2008_fichiers/image001.jpg [12516/12516] -> "lambert.jeanphilippe.free.fr_20151225/Wind/Shots/Cannes-01-06-2008_fichiers/image001.jpg" [1]
2015-12-25 21:07:21 URL:http://lambert.jeanphilippe.free.fr/Wind/Shots/Cannes-01-06-2008_fichiers/image003.jpg [27155/27155] -> "lambert.jeanphilippe.free.fr_20151225/Wind/Shots/Cannes-01-06-2008_fichiers/image003.jpg" [1]
2015-12-25 21:07:21 URL:http://lambert.jeanphilippe.free.fr/Wind/Shots/Cannes-01-06-2008_fichiers/image005.jpg [21661/21661] -> "lambert.jeanphilippe.free.fr_20151225/Wind/Shots/Cannes-01-06-2008_fichiers/image005.jpg" [1]
2015-12-25 21:07:21 URL:http://lambert.jeanphilippe.free.fr/Wind/Shots/Cannes-01-06-2008_fichiers/image007.jpg [26426/26426] -> "lambert.jeanphilippe.free.fr_20151225/Wind/Shots/Cannes-01-06-2008_fichiers/image007.jpg" [1]
2015-12-25 21:07:21 URL:http://lambert.jeanphilippe.free.fr/Wind/Shots/Cannes-01-06-2008_fichiers/image009.jpg [22866/22866] -> "lambert.jeanphilippe.free.fr_20151225/Wind/Shots/Cannes-01-06-2008_fichiers/image009.jpg" [1]
2015-12-25 21:07:21 URL:http://lambert.jeanphilippe.free.fr/Wind/Shots/Cannes-01-06-2008_fichiers/image011.jpg [16962/16962] -> "lambert.jeanphilippe.free.fr_20151225/Wind/Shots/Cannes-01-06-2008_fichiers/image011.jpg" [1]
2015-12-25 21:07:22 URL:http://lambert.jeanphilippe.free.fr/Wind/Shots/Cannes-01-06-2008_fichiers/image013.jpg [21941/21941] -> "lambert.jeanphilippe.free.fr_20151225/Wind/Shots/Cannes-01-06-2008_fichiers/image013.jpg" [1]
2015-12-25 21:07:22 URL:http://lambert.jeanphilippe.free.fr/Wind/Shots/Cannes-01-06-2008_fichiers/image015.jpg [21597/21597] -> "lambert.jeanphilippe.free.fr_20151225/Wind/Shots/Cannes-01-06-2008_fichiers/image015.jpg" [1]
2015-12-25 21:07:22 URL:http://lambert.jeanphilippe.free.fr/Wind/Shots/Cannes-08-01-2006_fichiers/filelist.xml [591/591] -> "lambert.jeanphilippe.free.fr_20151225/Wind/Shots/Cannes-08-01-2006_fichiers/filelist.xml" [1]
http://lambert.jeanphilippe.free.fr/Wind/Shots/Cannes-08-01-2006_fichiers/editdata.mso:
2015-12-25 21:07:22 ERROR 404: Not Found.
2015-12-25 21:07:22 URL:http://lambert.jeanphilippe.free.fr/Wind/Shots/Cannes-08-01-2006_fichiers/image001.jpg [12516/12516] -> "lambert.jeanphilippe.free.fr_20151225/Wind/Shots/Cannes-08-01-2006_fichiers/image001.jpg" [1]
2015-12-25 21:07:22 URL:http://lambert.jeanphilippe.free.fr/Wind/Shots/Cannes-08-01-2006_fichiers/image003.jpg [41056/41056] -> "lambert.jeanphilippe.free.fr_20151225/Wind/Shots/Cannes-08-01-2006_fichiers/image003.jpg" [1]
2015-12-25 21:07:22 URL:http://lambert.jeanphilippe.free.fr/Wind/Shots/Cannes-08-01-2006_fichiers/image005.jpg [51609/51609] -> "lambert.jeanphilippe.free.fr_20151225/Wind/Shots/Cannes-08-01-2006_fichiers/image005.jpg" [1]
2015-12-25 21:07:22 URL:http://lambert.jeanphilippe.free.fr/Wind/Shots/Cannes-08-01-2006_fichiers/image007.jpg [38342/38342] -> "lambert.jeanphilippe.free.fr_20151225/Wind/Shots/Cannes-08-01-2006_fichiers/image007.jpg" [1]
2015-12-25 21:07:22 URL:http://lambert.jeanphilippe.free.fr/Wind/Shots/Cannes-08-01-2006_fichiers/image011.jpg [25212/25212] -> "lambert.jeanphilippe.free.fr_20151225/Wind/Shots/Cannes-08-01-2006_fichiers/image011.jpg" [1]
2015-12-25 21:07:22 URL:http://lambert.jeanphilippe.free.fr/Wind/Shots/Cannes-08-01-2006_fichiers/image013.jpg [27775/27775] -> "lambert.jeanphilippe.free.fr_20151225/Wind/Shots/Cannes-08-01-2006_fichiers/image013.jpg" [1]
2015-12-25 21:07:22 URL:http://lambert.jeanphilippe.free.fr/Wind/Shots/Cannes-08-01-2006_fichiers/image015.jpg [25137/25137] -> "lambert.jeanphilippe.free.fr_20151225/Wind/Shots/Cannes-08-01-2006_fichiers/image015.jpg" [1]
2015-12-25 21:07:22 URL:http://lambert.jeanphilippe.free.fr/Wind/Shots/Coudou-02-10-2005_fichiers/filelist.xml [783/783] -> "lambert.jeanphilippe.free.fr_20151225/Wind/Shots/Coudou-02-10-2005_fichiers/filelist.xml" [1]
http://lambert.jeanphilippe.free.fr/Wind/Shots/Coudou-02-10-2005_fichiers/editdata.mso:
2015-12-25 21:07:22 ERROR 404: Not Found.
2015-12-25 21:07:22 URL:http://lambert.jeanphilippe.free.fr/Wind/Shots/Coudou-02-10-2005_fichiers/image001.jpg [12516/12516] -> "lambert.jeanphilippe.free.fr_20151225/Wind/Shots/Coudou-02-10-2005_fichiers/image001.jpg" [1]
2015-12-25 21:07:22 URL:http://lambert.jeanphilippe.free.fr/Wind/Shots/Coudou-02-10-2005_fichiers/image003.jpg [23397/23397] -> "lambert.jeanphilippe.free.fr_20151225/Wind/Shots/Coudou-02-10-2005_fichiers/image003.jpg" [1]
2015-12-25 21:07:23 URL:http://lambert.jeanphilippe.free.fr/Wind/Shots/Coudou-02-10-2005_fichiers/image005.jpg [46635/46635] -> "lambert.jeanphilippe.free.fr_20151225/Wind/Shots/Coudou-02-10-2005_fichiers/image005.jpg" [1]
2015-12-25 21:07:23 URL:http://lambert.jeanphilippe.free.fr/Wind/Shots/Coudou-02-10-2005_fichiers/image007.jpg [29981/29981] -> "lambert.jeanphilippe.free.fr_20151225/Wind/Shots/Coudou-02-10-2005_fichiers/image007.jpg" [1]
2015-12-25 21:07:23 URL:http://lambert.jeanphilippe.free.fr/Wind/Shots/Coudou-02-10-2005_fichiers/image009.jpg [27082/27082] -> "lambert.jeanphilippe.free.fr_20151225/Wind/Shots/Coudou-02-10-2005_fichiers/image009.jpg" [1]
2015-12-25 21:07:23 URL:http://lambert.jeanphilippe.free.fr/Wind/Shots/Coudou-02-10-2005_fichiers/image011.jpg [33508/33508] -> "lambert.jeanphilippe.free.fr_20151225/Wind/Shots/Coudou-02-10-2005_fichiers/image011.jpg" [1]
2015-12-25 21:07:23 URL:http://lambert.jeanphilippe.free.fr/Wind/Shots/Coudou-02-10-2005_fichiers/image013.jpg [34879/34879] -> "lambert.jeanphilippe.free.fr_20151225/Wind/Shots/Coudou-02-10-2005_fichiers/image013.jpg" [1]
2015-12-25 21:07:23 URL:http://lambert.jeanphilippe.free.fr/Wind/Shots/Coudou-02-10-2005_fichiers/image015.jpg [34324/34324] -> "lambert.jeanphilippe.free.fr_20151225/Wind/Shots/Coudou-02-10-2005_fichiers/image015.jpg" [1]
2015-12-25 21:07:23 URL:http://lambert.jeanphilippe.free.fr/Wind/Shots/Coudou-02-10-2005_fichiers/image017.jpg [33097/33097] -> "lambert.jeanphilippe.free.fr_20151225/Wind/Shots/Coudou-02-10-2005_fichiers/image017.jpg" [1]
2015-12-25 21:07:23 URL:http://lambert.jeanphilippe.free.fr/Wind/Shots/Coudou-02-10-2005_fichiers/image019.jpg [29399/29399] -> "lambert.jeanphilippe.free.fr_20151225/Wind/Shots/Coudou-02-10-2005_fichiers/image019.jpg" [1]
2015-12-25 21:07:23 URL:http://lambert.jeanphilippe.free.fr/Wind/Shots/Cannes-16-04-2005_fichiers/filelist.xml [527/527] -> "lambert.jeanphilippe.free.fr_20151225/Wind/Shots/Cannes-16-04-2005_fichiers/filelist.xml" [1]
http://lambert.jeanphilippe.free.fr/Wind/Shots/Cannes-16-04-2005_fichiers/editdata.mso:
2015-12-25 21:07:23 ERROR 404: Not Found.
2015-12-25 21:07:23 URL:http://lambert.jeanphilippe.free.fr/Wind/Shots/Cannes-16-04-2005_fichiers/image004.jpg [12516/12516] -> "lambert.jeanphilippe.free.fr_20151225/Wind/Shots/Cannes-16-04-2005_fichiers/image004.jpg" [1]
2015-12-25 21:07:23 URL:http://lambert.jeanphilippe.free.fr/Wind/Shots/Cannes-16-04-2005_fichiers/image006.jpg [26142/26142] -> "lambert.jeanphilippe.free.fr_20151225/Wind/Shots/Cannes-16-04-2005_fichiers/image006.jpg" [1]
2015-12-25 21:07:23 URL:http://lambert.jeanphilippe.free.fr/Wind/Shots/Cannes-16-04-2005_fichiers/image008.jpg [17571/17571] -> "lambert.jeanphilippe.free.fr_20151225/Wind/Shots/Cannes-16-04-2005_fichiers/image008.jpg" [1]
2015-12-25 21:07:23 URL:http://lambert.jeanphilippe.free.fr/Wind/Shots/Cannes-16-04-2005_fichiers/image010.jpg [30304/30304] -> "lambert.jeanphilippe.free.fr_20151225/Wind/Shots/Cannes-16-04-2005_fichiers/image010.jpg" [1]
2015-12-25 21:07:23 URL:http://lambert.jeanphilippe.free.fr/Wind/Shots/Cannes-16-04-2005_fichiers/image012.jpg [24247/24247] -> "lambert.jeanphilippe.free.fr_20151225/Wind/Shots/Cannes-16-04-2005_fichiers/image012.jpg" [1]
2015-12-25 21:07:24 URL:http://lambert.jeanphilippe.free.fr/Wind/Shots/Cannes-16-04-2005_fichiers/image014.jpg [20977/20977] -> "lambert.jeanphilippe.free.fr_20151225/Wind/Shots/Cannes-16-04-2005_fichiers/image014.jpg" [1]
FINISHED --2015-12-25 21:07:24--
Total wall clock time: 19s
Downloaded: 138 files, 72M in 7.8s (9.23 MB/s)
