2013-06-18 19:48:17 URL:http://levelthang.tripod.com/ [14922] -> "levelthang.tripod.com_20130618/index.html" [1]
2013-06-18 19:48:18 URL:http://levelthang.tripod.com/index2.html [21475] -> "levelthang.tripod.com_20130618/index2.html" [1]
2013-06-18 19:48:19 URL:http://levelthang.tripod.com/index.html [14922] -> "levelthang.tripod.com_20130618/index.html" [1]
2013-06-18 19:48:19 URL:http://levelthang.tripod.com/images/site/logo1.jpg [15221/15221] -> "levelthang.tripod.com_20130618/images/site/logo1.jpg" [1]
2013-06-18 19:48:20 URL:http://levelthang.tripod.com/maps.html [20640] -> "levelthang.tripod.com_20130618/maps.html" [1]
2013-06-18 19:48:21 URL:http://levelthang.tripod.com/archive.html [18205] -> "levelthang.tripod.com_20130618/archive.html" [1]
2013-06-18 19:48:21 URL:http://levelthang.tripod.com/contact.html [18905] -> "levelthang.tripod.com_20130618/contact.html" [1]
2013-06-18 19:48:22 URL:http://levelthang.tripod.com/about.html [19621] -> "levelthang.tripod.com_20130618/about.html" [1]
2013-06-18 19:48:22 URL:http://levelthang.tripod.com/misc.html [22509] -> "levelthang.tripod.com_20130618/misc.html" [1]
2013-06-18 19:48:23 URL:http://levelthang.tripod.com/rpg100b1.html [20380] -> "levelthang.tripod.com_20130618/rpg100b1.html" [1]
2013-06-18 19:48:23 URL:http://levelthang.tripod.com/images/maps/rpg100b1_1.jpg [16178/16178] -> "levelthang.tripod.com_20130618/images/maps/rpg100b1_1.jpg" [1]
2013-06-18 19:48:24 URL:http://levelthang.tripod.com/sm32.html [21372] -> "levelthang.tripod.com_20130618/sm32.html" [1]
2013-06-18 19:48:24 URL:http://levelthang.tripod.com/images/maps/sm32_1.jpg [22444/22444] -> "levelthang.tripod.com_20130618/images/maps/sm32_1.jpg" [1]
2013-06-18 19:48:25 URL:http://levelthang.tripod.com/rpgsp1.html [20077] -> "levelthang.tripod.com_20130618/rpgsp1.html" [1]
2013-06-18 19:48:25 URL:http://levelthang.tripod.com/images/maps/rpgsp1_1.jpg [19122/19122] -> "levelthang.tripod.com_20130618/images/maps/rpgsp1_1.jpg" [1]
2013-06-18 19:48:26 URL:http://levelthang.tripod.com/scrapyard.html [20556] -> "levelthang.tripod.com_20130618/scrapyard.html" [1]
2013-06-18 19:48:26 URL:http://levelthang.tripod.com/images/scrapyard/amsp1_2.jpg [20671/20671] -> "levelthang.tripod.com_20130618/images/scrapyard/amsp1_2.jpg" [1]
2013-06-18 19:48:27 URL:http://levelthang.tripod.com/123101-280202.html [25341] -> "levelthang.tripod.com_20130618/123101-280202.html" [1]
2013-06-18 19:48:27 URL:http://levelthang.tripod.com/xxxxxx-123101.html [19641] -> "levelthang.tripod.com_20130618/xxxxxx-123101.html" [1]
2013-06-18 19:48:28 URL:http://levelthang.tripod.com/images/site/rpgj1601.jpg [31630/31630] -> "levelthang.tripod.com_20130618/images/site/rpgj1601.jpg" [1]
2013-06-18 19:48:29 URL:http://levelthang.tripod.com/misc/logs/irclotd.html [67688] -> "levelthang.tripod.com_20130618/misc/logs/irclotd.html" [1]
2013-06-18 19:48:30 URL:http://levelthang.tripod.com/misc/logs/quickshots.txt [20044/20044] -> "levelthang.tripod.com_20130618/misc/logs/quickshots.txt" [1]
2013-06-18 19:48:30 URL:http://levelthang.tripod.com/misc/logs/quickshots2001.txt [15739/15739] -> "levelthang.tripod.com_20130618/misc/logs/quickshots2001.txt" [1]
2013-06-18 19:48:31 URL:http://levelthang.tripod.com/misc/logs/rabbits.html [18194] -> "levelthang.tripod.com_20130618/misc/logs/rabbits.html" [1]
2013-06-18 19:48:31 URL:http://levelthang.tripod.com/misc/logs/qmaplotd.html [30384] -> "levelthang.tripod.com_20130618/misc/logs/qmaplotd.html" [1]
2013-06-18 19:48:32 URL:http://levelthang.tripod.com/misc/logs/bptastetester.html [17952] -> "levelthang.tripod.com_20130618/misc/logs/bptastetester.html" [1]
2013-06-18 19:48:33 URL:http://levelthang.tripod.com/misc/logs/killesdrunk.html [36061] -> "levelthang.tripod.com_20130618/misc/logs/killesdrunk.html" [1]
2013-06-18 19:48:33 URL:http://levelthang.tripod.com/images/misc/quakeerror.jpg [16563/16563] -> "levelthang.tripod.com_20130618/images/misc/quakeerror.jpg" [1]
2013-06-18 19:48:34 URL:http://levelthang.tripod.com/images/misc/sam.htm [16238] -> "levelthang.tripod.com_20130618/images/misc/sam.htm" [1]
2013-06-18 19:48:35 URL:http://levelthang.tripod.com/images/misc/cardorpg2.jpg [159926/159926] -> "levelthang.tripod.com_20130618/images/misc/cardorpg2.jpg" [1]
2013-06-18 19:48:36 URL:http://levelthang.tripod.com/images/misc/yousuckrpg.jpg [207484/207484] -> "levelthang.tripod.com_20130618/images/misc/yousuckrpg.jpg" [1]
2013-06-18 19:48:37 URL:http://levelthang.tripod.com/images/misc/cardorpg.jpg [78054/78054] -> "levelthang.tripod.com_20130618/images/misc/cardorpg.jpg" [1]
2013-06-18 19:48:38 URL:http://levelthang.tripod.com/images/maps/rpg100b1_1big.jpg [70623/70623] -> "levelthang.tripod.com_20130618/images/maps/rpg100b1_1big.jpg" [1]
2013-06-18 19:48:39 URL:http://levelthang.tripod.com/images/maps/rpg100b1_2big.jpg [58833/58833] -> "levelthang.tripod.com_20130618/images/maps/rpg100b1_2big.jpg" [1]
2013-06-18 19:48:39 URL:http://levelthang.tripod.com/images/maps/rpg100b1_2.jpg [13617/13617] -> "levelthang.tripod.com_20130618/images/maps/rpg100b1_2.jpg" [1]
2013-06-18 19:48:40 URL:http://levelthang.tripod.com/images/maps/sm32_1big.jpg [108086/108086] -> "levelthang.tripod.com_20130618/images/maps/sm32_1big.jpg" [1]
2013-06-18 19:48:41 URL:http://levelthang.tripod.com/images/maps/sm32_2big.jpg [64408/64408] -> "levelthang.tripod.com_20130618/images/maps/sm32_2big.jpg" [1]
2013-06-18 19:48:41 URL:http://levelthang.tripod.com/images/maps/sm32_2.jpg [15891/15891] -> "levelthang.tripod.com_20130618/images/maps/sm32_2.jpg" [1]
2013-06-18 19:48:43 URL:http://levelthang.tripod.com/images/maps/rpgsp1_1big.jpg [117130/117130] -> "levelthang.tripod.com_20130618/images/maps/rpgsp1_1big.jpg" [1]
2013-06-18 19:48:44 URL:http://levelthang.tripod.com/images/maps/rpgsp1_2big.jpg [112073/112073] -> "levelthang.tripod.com_20130618/images/maps/rpgsp1_2big.jpg" [1]
2013-06-18 19:48:44 URL:http://levelthang.tripod.com/images/maps/rpgsp1_2.jpg [18915/18915] -> "levelthang.tripod.com_20130618/images/maps/rpgsp1_2.jpg" [1]
2013-06-18 19:48:45 URL:http://levelthang.tripod.com/images/scrapyard/amsp1_1big.jpg [112393/112393] -> "levelthang.tripod.com_20130618/images/scrapyard/amsp1_1big.jpg" [1]
2013-06-18 19:48:46 URL:http://levelthang.tripod.com/images/scrapyard/amsp1_1.jpg [19765/19765] -> "levelthang.tripod.com_20130618/images/scrapyard/amsp1_1.jpg" [1]
2013-06-18 19:48:47 URL:http://levelthang.tripod.com/images/scrapyard/amsp1_2big.jpg [116009/116009] -> "levelthang.tripod.com_20130618/images/scrapyard/amsp1_2big.jpg" [1]
2013-06-18 19:48:49 URL:http://levelthang.tripod.com/files/scrapyard/amsp1ah.zip [596330/596330] -> "levelthang.tripod.com_20130618/files/scrapyard/amsp1ah.zip" [1]
2013-06-18 19:48:50 URL:http://levelthang.tripod.com/images/misc/sam.jpg [165527/165527] -> "levelthang.tripod.com_20130618/images/misc/sam.jpg" [1]
FINISHED --2013-06-18 19:48:50--
Total wall clock time: 33s
Downloaded: 46 files, 2.6M in 19s (134 KB/s)
