2015-11-29 18:12:08 URL:http://mickkn.mooo.com/ [2532/2532] -> "mickkn.mooo.com_20151129/index.html" [1]
2015-11-29 18:12:08 URL:http://mickkn.mooo.com/images/header.png [45101/45101] -> "mickkn.mooo.com_20151129/images/header.png" [1]
2015-11-29 18:12:09 URL:http://mickkn.mooo.com/images/ffa.png [15917/15917] -> "mickkn.mooo.com_20151129/images/ffa.png" [1]
2015-11-29 18:12:09 URL:http://mickkn.mooo.com/images/ktx.png [17339/17339] -> "mickkn.mooo.com_20151129/images/ktx.png" [1]
2015-11-29 18:12:09 URL:http://mickkn.mooo.com/images/forum.png [24461/24461] -> "mickkn.mooo.com_20151129/images/forum.png" [1]
2015-11-29 18:12:09 URL:http://mickkn.mooo.com/frogbot/ [11306/11306] -> "mickkn.mooo.com_20151129/frogbot/index.html" [1]
2015-11-29 18:12:09 URL:http://mickkn.mooo.com/images/frogbot.png [29750/29750] -> "mickkn.mooo.com_20151129/images/frogbot.png" [1]
2015-11-29 18:12:10 URL:http://mickkn.mooo.com/convert/ [7543/7543] -> "mickkn.mooo.com_20151129/convert/index.html" [1]
2015-11-29 18:12:10 URL:http://mickkn.mooo.com/images/convert.png [24742/24742] -> "mickkn.mooo.com_20151129/images/convert.png" [1]
2015-11-29 18:12:10 URL:http://mickkn.mooo.com/files/ [1309/1309] -> "mickkn.mooo.com_20151129/files.html" [1]
2015-11-29 18:12:10 URL:http://mickkn.mooo.com/images/files.png [7871/7871] -> "mickkn.mooo.com_20151129/images/files.png" [1]
2015-11-29 18:12:11 URL:http://mickkn.mooo.com/images/host.png [113856/113856] -> "mickkn.mooo.com_20151129/images/host.png" [1]
2015-11-29 18:12:11 URL:http://mickkn.mooo.com/images/instagram-logo.png [120354/120354] -> "mickkn.mooo.com_20151129/images/instagram-logo.png" [1]
2015-11-29 18:12:11 URL:http://mickkn.mooo.com/images/thingiverse-logo.png [18776/18776] -> "mickkn.mooo.com_20151129/images/thingiverse-logo.png" [1]
2015-11-29 18:12:11 URL:http://mickkn.mooo.com/images/flickr-logo.png [22128/22128] -> "mickkn.mooo.com_20151129/images/flickr-logo.png" [1]
2015-11-29 18:12:11 URL:http://mickkn.mooo.com/images/youtube-logo.png [10556/10556] -> "mickkn.mooo.com_20151129/images/youtube-logo.png" [1]
2015-11-29 18:12:12 URL:http://mickkn.mooo.com/images/avatar.png [27317/27317] -> "mickkn.mooo.com_20151129/images/avatar.png" [1]
2015-11-29 18:12:12 URL:http://mickkn.mooo.com/frogbot/images/header.png [29750/29750] -> "mickkn.mooo.com_20151129/frogbot/images/header.png" [1]
2015-11-29 18:12:12 URL:http://mickkn.mooo.com/frogbot/images/config.png [20295/20295] -> "mickkn.mooo.com_20151129/frogbot/images/config.png" [1]
2015-11-29 18:12:13 URL:http://mickkn.mooo.com/frogbot/files/autoexec.cfg [2079/2079] -> "mickkn.mooo.com_20151129/frogbot/files/autoexec.cfg.html" [1]
2015-11-29 18:12:13 URL:http://mickkn.mooo.com/frogbot/images/req.png [19264/19264] -> "mickkn.mooo.com_20151129/frogbot/images/req.png" [1]
2015-11-29 18:12:13 URL:http://mickkn.mooo.com/frogbot/files/waypoint.zip [213073/213073] -> "mickkn.mooo.com_20151129/frogbot/files/waypoint.zip" [1]
2015-11-29 18:12:13 URL:http://mickkn.mooo.com/frogbot/images/step1.png [7940/7940] -> "mickkn.mooo.com_20151129/frogbot/images/step1.png" [1]
2015-11-29 18:12:14 URL:http://mickkn.mooo.com/frogbot/images/step2.png [9299/9299] -> "mickkn.mooo.com_20151129/frogbot/images/step2.png" [1]
2015-11-29 18:12:14 URL:http://mickkn.mooo.com/frogbot/images/step2_manual_off.png [227258/227258] -> "mickkn.mooo.com_20151129/frogbot/images/step2_manual_off.png" [1]
2015-11-29 18:12:15 URL:http://mickkn.mooo.com/frogbot/images/step2_manual_on.png [263570/263570] -> "mickkn.mooo.com_20151129/frogbot/images/step2_manual_on.png" [1]
2015-11-29 18:12:15 URL:http://mickkn.mooo.com/frogbot/images/step2_closest_on.png [182014/182014] -> "mickkn.mooo.com_20151129/frogbot/images/step2_closest_on.png" [1]
2015-11-29 18:12:16 URL:http://mickkn.mooo.com/frogbot/images/step2_zone_decrease.png [182031/182031] -> "mickkn.mooo.com_20151129/frogbot/images/step2_zone_decrease.png" [1]
2015-11-29 18:12:16 URL:http://mickkn.mooo.com/frogbot/images/step2_set_zone.png [174827/174827] -> "mickkn.mooo.com_20151129/frogbot/images/step2_set_zone.png" [1]
2015-11-29 18:12:17 URL:http://mickkn.mooo.com/frogbot/images/step2_more_zones.png [180746/180746] -> "mickkn.mooo.com_20151129/frogbot/images/step2_more_zones.png" [1]
2015-11-29 18:12:17 URL:http://mickkn.mooo.com/frogbot/images/step2.5.png [13091/13091] -> "mickkn.mooo.com_20151129/frogbot/images/step2.5.png" [1]
2015-11-29 18:12:18 URL:http://mickkn.mooo.com/frogbot/images/step2_markers.png [198076/198076] -> "mickkn.mooo.com_20151129/frogbot/images/step2_markers.png" [1]
2015-11-29 18:12:18 URL:http://mickkn.mooo.com/frogbot/images/step3.png [10016/10016] -> "mickkn.mooo.com_20151129/frogbot/images/step3.png" [1]
2015-11-29 18:12:18 URL:http://mickkn.mooo.com/frogbot/images/step4.png [8895/8895] -> "mickkn.mooo.com_20151129/frogbot/images/step4.png" [1]
2015-11-29 18:12:18 URL:http://mickkn.mooo.com/frogbot/images/step5.png [10604/10604] -> "mickkn.mooo.com_20151129/frogbot/images/step5.png" [1]
2015-11-29 18:12:19 URL:http://mickkn.mooo.com/frogbot/images/step5_oneway.png [152501/152501] -> "mickkn.mooo.com_20151129/frogbot/images/step5_oneway.png" [1]
2015-11-29 18:12:19 URL:http://mickkn.mooo.com/frogbot/images/step5_connected.png [234674/234674] -> "mickkn.mooo.com_20151129/frogbot/images/step5_connected.png" [1]
2015-11-29 18:12:19 URL:http://mickkn.mooo.com/frogbot/images/step6.png [11532/11532] -> "mickkn.mooo.com_20151129/frogbot/images/step6.png" [1]
2015-11-29 18:12:20 URL:http://mickkn.mooo.com/frogbot/images/step7.png [9555/9555] -> "mickkn.mooo.com_20151129/frogbot/images/step7.png" [1]
2015-11-29 18:12:20 URL:http://mickkn.mooo.com/frogbot/images/step8.png [10312/10312] -> "mickkn.mooo.com_20151129/frogbot/images/step8.png" [1]
2015-11-29 18:12:20 URL:http://mickkn.mooo.com/frogbot/images/step9.png [11370/11370] -> "mickkn.mooo.com_20151129/frogbot/images/step9.png" [1]
2015-11-29 18:12:20 URL:http://mickkn.mooo.com/frogbot/images/step9_options.png [18921/18921] -> "mickkn.mooo.com_20151129/frogbot/images/step9_options.png" [1]
2015-11-29 18:12:20 URL:http://mickkn.mooo.com/frogbot/images/trouble.png [20318/20318] -> "mickkn.mooo.com_20151129/frogbot/images/trouble.png" [1]
2015-11-29 18:12:21 URL:http://mickkn.mooo.com/convert/images/header.png [24742/24742] -> "mickkn.mooo.com_20151129/convert/images/header.png" [1]
2015-11-29 18:12:21 URL:http://mickkn.mooo.com/convert/images/req.png [22485/22485] -> "mickkn.mooo.com_20151129/convert/images/req.png" [1]
2015-11-29 18:12:21 URL:http://mickkn.mooo.com/convert/images/step1.png [7940/7940] -> "mickkn.mooo.com_20151129/convert/images/step1.png" [1]
2015-11-29 18:12:21 URL:http://mickkn.mooo.com/convert/images/step2.png [10505/10505] -> "mickkn.mooo.com_20151129/convert/images/step2.png" [1]
2015-11-29 18:12:21 URL:http://mickkn.mooo.com/convert/images/step2_texturelist.png [76526/76526] -> "mickkn.mooo.com_20151129/convert/images/step2_texturelist.png" [1]
2015-11-29 18:12:22 URL:http://mickkn.mooo.com/convert/images/step3.png [10498/10498] -> "mickkn.mooo.com_20151129/convert/images/step3.png" [1]
2015-11-29 18:12:22 URL:http://mickkn.mooo.com/convert/images/step3_wc_options.png [21202/21202] -> "mickkn.mooo.com_20151129/convert/images/step3_wc_options.png" [1]
2015-11-29 18:12:22 URL:http://mickkn.mooo.com/convert/images/step3_replace.png [14544/14544] -> "mickkn.mooo.com_20151129/convert/images/step3_replace.png" [1]
2015-11-29 18:12:22 URL:http://mickkn.mooo.com/convert/images/step4.png [10078/10078] -> "mickkn.mooo.com_20151129/convert/images/step4.png" [1]
2015-11-29 18:12:23 URL:http://mickkn.mooo.com/convert/images/step4_trigger.png [280281/280281] -> "mickkn.mooo.com_20151129/convert/images/step4_trigger.png" [1]
2015-11-29 18:12:23 URL:http://mickkn.mooo.com/convert/images/step4_trigger_settings.png [29192/29192] -> "mickkn.mooo.com_20151129/convert/images/step4_trigger_settings.png" [1]
2015-11-29 18:12:23 URL:http://mickkn.mooo.com/convert/images/step5.png [10801/10801] -> "mickkn.mooo.com_20151129/convert/images/step5.png" [1]
2015-11-29 18:12:24 URL:http://mickkn.mooo.com/icons/blank.gif [148/148] -> "mickkn.mooo.com_20151129/icons/blank.gif" [1]
2015-11-29 18:12:24 URL:http://mickkn.mooo.com/files/?C=N;O=D [1309/1309] -> "mickkn.mooo.com_20151129/files/index.html?C=N;O=D.html" [1]
2015-11-29 18:12:24 URL:http://mickkn.mooo.com/files/?C=M;O=A [1309/1309] -> "mickkn.mooo.com_20151129/files/index.html?C=M;O=A.html" [1]
2015-11-29 18:12:24 URL:http://mickkn.mooo.com/files/?C=S;O=A [1309/1309] -> "mickkn.mooo.com_20151129/files/index.html?C=S;O=A.html" [1]
2015-11-29 18:12:24 URL:http://mickkn.mooo.com/files/?C=D;O=A [1309/1309] -> "mickkn.mooo.com_20151129/files/index.html?C=D;O=A.html" [1]
2015-11-29 18:12:25 URL:http://mickkn.mooo.com/icons/back.gif [216/216] -> "mickkn.mooo.com_20151129/icons/back.gif" [1]
2015-11-29 18:12:25 URL:http://mickkn.mooo.com/icons/folder.gif [225/225] -> "mickkn.mooo.com_20151129/icons/folder.gif" [1]
2015-11-29 18:12:25 URL:http://mickkn.mooo.com/files/deathmatch/ [8212] -> "mickkn.mooo.com_20151129/files/deathmatch/index.html" [1]
2015-11-29 18:12:25 URL:http://mickkn.mooo.com/files/fortress/ [1165/1165] -> "mickkn.mooo.com_20151129/files/fortress/index.html" [1]
2015-11-29 18:12:26 URL:http://mickkn.mooo.com/files/scratch/ [1148/1148] -> "mickkn.mooo.com_20151129/files/scratch/index.html" [1]
2015-11-29 18:12:26 URL:http://mickkn.mooo.com/files/?C=N;O=A [1309/1309] -> "mickkn.mooo.com_20151129/files/index.html?C=N;O=A.html" [1]
2015-11-29 18:12:26 URL:http://mickkn.mooo.com/files/?C=M;O=D [1309/1309] -> "mickkn.mooo.com_20151129/files/index.html?C=M;O=D.html" [1]
2015-11-29 18:12:26 URL:http://mickkn.mooo.com/files/?C=S;O=D [1309/1309] -> "mickkn.mooo.com_20151129/files/index.html?C=S;O=D.html" [1]
2015-11-29 18:12:26 URL:http://mickkn.mooo.com/files/?C=D;O=D [1309/1309] -> "mickkn.mooo.com_20151129/files/index.html?C=D;O=D.html" [1]
2015-11-29 18:12:26 URL:http://mickkn.mooo.com/files/deathmatch/?C=N;O=D [8212] -> "mickkn.mooo.com_20151129/files/deathmatch/index.html?C=N;O=D.html" [1]
2015-11-29 18:12:27 URL:http://mickkn.mooo.com/files/deathmatch/?C=M;O=A [8212] -> "mickkn.mooo.com_20151129/files/deathmatch/index.html?C=M;O=A.html" [1]
2015-11-29 18:12:27 URL:http://mickkn.mooo.com/files/deathmatch/?C=S;O=A [8212] -> "mickkn.mooo.com_20151129/files/deathmatch/index.html?C=S;O=A.html" [1]
2015-11-29 18:12:28 URL:http://mickkn.mooo.com/files/deathmatch/?C=D;O=A [8212] -> "mickkn.mooo.com_20151129/files/deathmatch/index.html?C=D;O=A.html" [1]
2015-11-29 18:12:28 URL:http://mickkn.mooo.com/icons/unknown.gif [245/245] -> "mickkn.mooo.com_20151129/icons/unknown.gif" [1]
2015-11-29 18:12:33 URL:http://mickkn.mooo.com/files/deathmatch/q1q3almostlost.bsp [2147956/2147956] -> "mickkn.mooo.com_20151129/files/deathmatch/q1q3almostlost.bsp.html" [1]
2015-11-29 18:12:33 URL:http://mickkn.mooo.com/icons/compressed.gif [1038/1038] -> "mickkn.mooo.com_20151129/icons/compressed.gif" [1]
2015-11-29 18:12:45 URL:http://mickkn.mooo.com/files/deathmatch/q1q3almostlost.zip [7924153/7924153] -> "mickkn.mooo.com_20151129/files/deathmatch/q1q3almostlost.zip" [1]
2015-11-29 18:12:50 URL:http://mickkn.mooo.com/files/deathmatch/q1q3asylum_beta2.zip [4928496/4928496] -> "mickkn.mooo.com_20151129/files/deathmatch/q1q3asylum_beta2.zip" [1]
2015-11-29 18:12:54 URL:http://mickkn.mooo.com/files/deathmatch/q1q3cpm4_beta4.bsp [1492680/1492680] -> "mickkn.mooo.com_20151129/files/deathmatch/q1q3cpm4_beta4.bsp.html" [1]
2015-11-29 18:12:59 URL:http://mickkn.mooo.com/files/deathmatch/q1q3cpm4_beta4.zip [3519374/3519374] -> "mickkn.mooo.com_20151129/files/deathmatch/q1q3cpm4_beta4.zip" [1]
2015-11-29 18:13:11 URL:http://mickkn.mooo.com/files/deathmatch/q1q3cure_beta8.zip [12068717/12068717] -> "mickkn.mooo.com_20151129/files/deathmatch/q1q3cure_beta8.zip" [1]
2015-11-29 18:13:17 URL:http://mickkn.mooo.com/files/deathmatch/q1q3cure_beta9.bsp [3765508/3765508] -> "mickkn.mooo.com_20151129/files/deathmatch/q1q3cure_beta9.bsp.html" [1]
2015-11-29 18:13:23 URL:http://mickkn.mooo.com/files/deathmatch/q1q3dm14.bsp [3783968/3783968] -> "mickkn.mooo.com_20151129/files/deathmatch/q1q3dm14.bsp.html" [1]
2015-11-29 18:13:33 URL:http://mickkn.mooo.com/files/deathmatch/q1q3dm14.zip [7977860/7977860] -> "mickkn.mooo.com_20151129/files/deathmatch/q1q3dm14.zip" [1]
2015-11-29 18:13:36 URL:http://mickkn.mooo.com/files/deathmatch/q1q3evolution_beta2.bsp [919428/919428] -> "mickkn.mooo.com_20151129/files/deathmatch/q1q3evolution_beta2.bsp.html" [1]
2015-11-29 18:13:40 URL:http://mickkn.mooo.com/files/deathmatch/q1q3evolution_beta2.zip [3232016/3232016] -> "mickkn.mooo.com_20151129/files/deathmatch/q1q3evolution_beta2.zip" [1]
2015-11-29 18:13:48 URL:http://mickkn.mooo.com/files/deathmatch/q1q3fheights_beta4.zip [5930684/5930684] -> "mickkn.mooo.com_20151129/files/deathmatch/q1q3fheights_beta4.zip" [1]
2015-11-29 18:13:52 URL:http://mickkn.mooo.com/files/deathmatch/q1q3fheights_beta5.bsp [2170248/2170248] -> "mickkn.mooo.com_20151129/files/deathmatch/q1q3fheights_beta5.bsp.html" [1]
2015-11-29 18:13:57 URL:http://mickkn.mooo.com/files/deathmatch/q1q3gaudy_beta2.zip [2761703/2761703] -> "mickkn.mooo.com_20151129/files/deathmatch/q1q3gaudy_beta2.zip" [1]
2015-11-29 18:14:01 URL:http://mickkn.mooo.com/files/deathmatch/q1q3hektik.bsp [1525068/1525068] -> "mickkn.mooo.com_20151129/files/deathmatch/q1q3hektik.bsp.html" [1]
2015-11-29 18:14:10 URL:http://mickkn.mooo.com/files/deathmatch/q1q3hektik.zip [7271503/7271503] -> "mickkn.mooo.com_20151129/files/deathmatch/q1q3hektik.zip" [1]
2015-11-29 18:14:13 URL:http://mickkn.mooo.com/files/deathmatch/q1q3lastgift_beta2.bsp [1747328/1747328] -> "mickkn.mooo.com_20151129/files/deathmatch/q1q3lastgift_beta2.bsp.html" [1]
2015-11-29 18:14:20 URL:http://mickkn.mooo.com/files/deathmatch/q1q3lastgift_beta2.zip [4828177/4828177] -> "mickkn.mooo.com_20151129/files/deathmatch/q1q3lastgift_beta2.zip" [1]
2015-11-29 18:14:23 URL:http://mickkn.mooo.com/files/deathmatch/q1q3monsoon.bsp [1502400/1502400] -> "mickkn.mooo.com_20151129/files/deathmatch/q1q3monsoon.bsp.html" [1]
2015-11-29 18:14:28 URL:http://mickkn.mooo.com/files/deathmatch/q1q3monsoon.zip [3270013/3270013] -> "mickkn.mooo.com_20151129/files/deathmatch/q1q3monsoon.zip" [1]
2015-11-29 18:14:31 URL:http://mickkn.mooo.com/files/deathmatch/q1q3ospdm5.bsp [1769912/1769912] -> "mickkn.mooo.com_20151129/files/deathmatch/q1q3ospdm5.bsp.html" [1]
2015-11-29 18:14:36 URL:http://mickkn.mooo.com/files/deathmatch/q1q3ospdm5.zip [3528303/3528303] -> "mickkn.mooo.com_20151129/files/deathmatch/q1q3ospdm5.zip" [1]
2015-11-29 18:14:39 URL:http://mickkn.mooo.com/files/deathmatch/q1q3phrantic.bsp [907480/907480] -> "mickkn.mooo.com_20151129/files/deathmatch/q1q3phrantic.bsp.html" [1]
2015-11-29 18:14:44 URL:http://mickkn.mooo.com/files/deathmatch/q1q3phrantic.zip [2626657/2626657] -> "mickkn.mooo.com_20151129/files/deathmatch/q1q3phrantic.zip" [1]
2015-11-29 18:14:45 URL:http://mickkn.mooo.com/files/deathmatch/q1q3solid.bsp [1233560/1233560] -> "mickkn.mooo.com_20151129/files/deathmatch/q1q3solid.bsp.html" [1]
2015-11-29 18:15:02 URL:http://mickkn.mooo.com/files/deathmatch/q1q3solid.zip [5418702/5418702] -> "mickkn.mooo.com_20151129/files/deathmatch/q1q3solid.zip" [1]
2015-11-29 18:15:03 URL:http://mickkn.mooo.com/files/deathmatch/q1q3thunderstruck.bsp [1100164/1100164] -> "mickkn.mooo.com_20151129/files/deathmatch/q1q3thunderstruck.bsp.html" [1]
2015-11-29 18:15:07 URL:http://mickkn.mooo.com/files/deathmatch/q1q3thunderstruck.zip [3847678/3847678] -> "mickkn.mooo.com_20151129/files/deathmatch/q1q3thunderstruck.zip" [1]
2015-11-29 18:15:09 URL:http://mickkn.mooo.com/files/deathmatch/q1q3tourney4.bsp [1260476/1260476] -> "mickkn.mooo.com_20151129/files/deathmatch/q1q3tourney4.bsp.html" [1]
2015-11-29 18:15:18 URL:http://mickkn.mooo.com/files/deathmatch/q1q3toxicity_beta5.zip [5917877/5917877] -> "mickkn.mooo.com_20151129/files/deathmatch/q1q3toxicity_beta5.zip" [1]
2015-11-29 18:15:23 URL:http://mickkn.mooo.com/files/deathmatch/q1q3toxicity_beta6.bsp [2550124/2550124] -> "mickkn.mooo.com_20151129/files/deathmatch/q1q3toxicity_beta6.bsp.html" [1]
2015-11-29 18:15:34 URL:http://mickkn.mooo.com/files/deathmatch/q1q3trinity_beta4.zip [6294366/6294366] -> "mickkn.mooo.com_20151129/files/deathmatch/q1q3trinity_beta4.zip" [1]
2015-11-29 18:15:38 URL:http://mickkn.mooo.com/files/deathmatch/q1q3vertical_beta5.bsp [1758260/1758260] -> "mickkn.mooo.com_20151129/files/deathmatch/q1q3vertical_beta5.bsp.html" [1]
2015-11-29 18:15:44 URL:http://mickkn.mooo.com/files/deathmatch/q1q3vertical_beta5.zip [5579303/5579303] -> "mickkn.mooo.com_20151129/files/deathmatch/q1q3vertical_beta5.zip" [1]
2015-11-29 18:15:44 URL:http://mickkn.mooo.com/files/fortress/?C=N;O=D [1165/1165] -> "mickkn.mooo.com_20151129/files/fortress/index.html?C=N;O=D.html" [1]
2015-11-29 18:15:45 URL:http://mickkn.mooo.com/files/fortress/?C=M;O=A [1165/1165] -> "mickkn.mooo.com_20151129/files/fortress/index.html?C=M;O=A.html" [1]
2015-11-29 18:15:45 URL:http://mickkn.mooo.com/files/fortress/?C=S;O=A [1165/1165] -> "mickkn.mooo.com_20151129/files/fortress/index.html?C=S;O=A.html" [1]
2015-11-29 18:15:45 URL:http://mickkn.mooo.com/files/fortress/?C=D;O=A [1165/1165] -> "mickkn.mooo.com_20151129/files/fortress/index.html?C=D;O=A.html" [1]
2015-11-29 18:16:05 URL:http://mickkn.mooo.com/files/fortress/japanc_beta7.zip [13068835/13068835] -> "mickkn.mooo.com_20151129/files/fortress/japanc_beta7.zip" [1]
2015-11-29 18:16:12 URL:http://mickkn.mooo.com/files/fortress/japanc_beta8.bsp [3824348/3824348] -> "mickkn.mooo.com_20151129/files/fortress/japanc_beta8.bsp.html" [1]
2015-11-29 18:16:13 URL:http://mickkn.mooo.com/files/scratch/?C=N;O=D [1148/1148] -> "mickkn.mooo.com_20151129/files/scratch/index.html?C=N;O=D.html" [1]
2015-11-29 18:16:13 URL:http://mickkn.mooo.com/files/scratch/?C=M;O=A [1148/1148] -> "mickkn.mooo.com_20151129/files/scratch/index.html?C=M;O=A.html" [1]
2015-11-29 18:16:14 URL:http://mickkn.mooo.com/files/scratch/?C=S;O=A [1148/1148] -> "mickkn.mooo.com_20151129/files/scratch/index.html?C=S;O=A.html" [1]
2015-11-29 18:16:14 URL:http://mickkn.mooo.com/files/scratch/?C=D;O=A [1148/1148] -> "mickkn.mooo.com_20151129/files/scratch/index.html?C=D;O=A.html" [1]
2015-11-29 18:16:15 URL:http://mickkn.mooo.com/files/scratch/hexagonia.zip [264699/264699] -> "mickkn.mooo.com_20151129/files/scratch/hexagonia.zip" [1]
http://mickkn.mooo.com/files/scratch/psycho.zip:
2015-11-29 18:16:16 ERROR 403: Forbidden.
2015-11-29 18:16:16 URL:http://mickkn.mooo.com/files/deathmatch/?C=N;O=A [8212] -> "mickkn.mooo.com_20151129/files/deathmatch/index.html?C=N;O=A.html" [1]
2015-11-29 18:16:17 URL:http://mickkn.mooo.com/files/deathmatch/?C=M;O=D [8212] -> "mickkn.mooo.com_20151129/files/deathmatch/index.html?C=M;O=D.html" [1]
2015-11-29 18:16:17 URL:http://mickkn.mooo.com/files/deathmatch/?C=S;O=D [8212] -> "mickkn.mooo.com_20151129/files/deathmatch/index.html?C=S;O=D.html" [1]
2015-11-29 18:16:17 URL:http://mickkn.mooo.com/files/deathmatch/?C=D;O=D [8212] -> "mickkn.mooo.com_20151129/files/deathmatch/index.html?C=D;O=D.html" [1]
2015-11-29 18:16:18 URL:http://mickkn.mooo.com/files/fortress/?C=N;O=A [1165/1165] -> "mickkn.mooo.com_20151129/files/fortress/index.html?C=N;O=A.html" [1]
2015-11-29 18:16:19 URL:http://mickkn.mooo.com/files/fortress/?C=M;O=D [1165/1165] -> "mickkn.mooo.com_20151129/files/fortress/index.html?C=M;O=D.html" [1]
2015-11-29 18:16:19 URL:http://mickkn.mooo.com/files/fortress/?C=S;O=D [1165/1165] -> "mickkn.mooo.com_20151129/files/fortress/index.html?C=S;O=D.html" [1]
2015-11-29 18:16:20 URL:http://mickkn.mooo.com/files/fortress/?C=D;O=D [1165/1165] -> "mickkn.mooo.com_20151129/files/fortress/index.html?C=D;O=D.html" [1]
2015-11-29 18:16:20 URL:http://mickkn.mooo.com/files/scratch/?C=N;O=A [1148/1148] -> "mickkn.mooo.com_20151129/files/scratch/index.html?C=N;O=A.html" [1]
2015-11-29 18:16:21 URL:http://mickkn.mooo.com/files/scratch/?C=M;O=D [1148/1148] -> "mickkn.mooo.com_20151129/files/scratch/index.html?C=M;O=D.html" [1]
2015-11-29 18:16:22 URL:http://mickkn.mooo.com/files/scratch/?C=S;O=D [1148/1148] -> "mickkn.mooo.com_20151129/files/scratch/index.html?C=S;O=D.html" [1]
2015-11-29 18:16:22 URL:http://mickkn.mooo.com/files/scratch/?C=D;O=D [1148/1148] -> "mickkn.mooo.com_20151129/files/scratch/index.html?C=D;O=D.html" [1]
FINISHED --2015-11-29 18:16:22--
Total wall clock time: 4m 16s
Downloaded: 132 files, 140M in 3m 19s (721 KB/s)
