2023-03-21 16:58:21 URL:https://people.montefiore.uliege.be/quinet/ [3203/3203] -> "people.montefiore.uliege.be/quinet/index.html" [1]
2023-03-21 16:58:21 URL:https://people.montefiore.uliege.be/robots.txt [464/464] -> "people.montefiore.uliege.be/robots.txt" [1]
2023-03-21 16:58:21 URL:https://people.montefiore.uliege.be/quinet/Raphael-en.html [2564/2564] -> "people.montefiore.uliege.be/quinet/Raphael-en.html" [1]
2023-03-21 16:58:21 URL:https://people.montefiore.uliege.be/gif/bullet_green.gif [152/152] -> "people.montefiore.uliege.be/gif/bullet_green.gif" [1]
2023-03-21 16:58:21 URL:https://people.montefiore.uliege.be/quinet/ericsson/ [1121/1121] -> "people.montefiore.uliege.be/quinet/ericsson/index.html" [1]
2023-03-21 16:58:21 URL:https://people.montefiore.uliege.be/quinet/EMMA-en.html [947/947] -> "people.montefiore.uliege.be/quinet/EMMA-en.html" [1]
2023-03-21 16:58:21 URL:https://people.montefiore.uliege.be/quinet/items/items-en.html [2063/2063] -> "people.montefiore.uliege.be/quinet/items/items-en.html" [1]
2023-03-21 16:58:21 URL:https://people.montefiore.uliege.be/quinet/games/DEU/DEU-en.html [2461/2461] -> "people.montefiore.uliege.be/quinet/games/DEU/DEU-en.html" [1]
2023-03-21 16:58:21 URL:https://people.montefiore.uliege.be/quinet/games/doom-en.html [8598/8598] -> "people.montefiore.uliege.be/quinet/games/doom-en.html" [1]
2023-03-21 16:58:21 URL:https://people.montefiore.uliege.be/quinet/games/crossfire-en.html [3156/3156] -> "people.montefiore.uliege.be/quinet/games/crossfire-en.html" [1]
2023-03-21 16:58:21 URL:https://people.montefiore.uliege.be/quinet/games/xpilot-en.html [855/855] -> "people.montefiore.uliege.be/quinet/games/xpilot-en.html" [1]
2023-03-21 16:58:21 URL:https://people.montefiore.uliege.be/quinet/Welcome-fr.html [3067/3067] -> "people.montefiore.uliege.be/quinet/Welcome-fr.html" [1]
2023-03-21 16:58:21 URL:https://people.montefiore.uliege.be/gif/button_fr.gif [363/363] -> "people.montefiore.uliege.be/gif/button_fr.gif" [1]
2023-03-21 16:58:21 URL:https://people.montefiore.uliege.be/gif/button_ulg.gif [411/411] -> "people.montefiore.uliege.be/gif/button_ulg.gif" [1]
2023-03-21 16:58:21 URL:https://people.montefiore.uliege.be/quinet/gif/Raphael.gif [34381/34381] -> "people.montefiore.uliege.be/quinet/gif/Raphael.gif" [1]
2023-03-21 16:58:21 URL:https://people.montefiore.uliege.be/quinet/Raphael-fr.html [2971/2971] -> "people.montefiore.uliege.be/quinet/Raphael-fr.html" [1]
2023-03-21 16:58:21 URL:https://people.montefiore.uliege.be/quinet/Welcome-en.html [3203/3203] -> "people.montefiore.uliege.be/quinet/Welcome-en.html" [1]
2023-03-21 16:58:21 URL:https://people.montefiore.uliege.be/gif/button_up.gif [289/289] -> "people.montefiore.uliege.be/gif/button_up.gif" [1]
2023-03-21 16:58:21 URL:https://people.montefiore.uliege.be/quinet/gif/button_rq.gif [1180/1180] -> "people.montefiore.uliege.be/quinet/gif/button_rq.gif" [1]
2023-03-21 16:58:21 URL:https://people.montefiore.uliege.be/quinet/gif/smurf_fault.gif [2192/2192] -> "people.montefiore.uliege.be/quinet/gif/smurf_fault.gif" [1]
2023-03-21 16:58:21 URL:https://people.montefiore.uliege.be/quinet/ericsson/Welcome-fr.html [1296/1296] -> "people.montefiore.uliege.be/quinet/ericsson/Welcome-fr.html" [1]
2023-03-21 16:58:21 URL:https://people.montefiore.uliege.be/quinet/gif/EuroBridge.gif [850/850] -> "people.montefiore.uliege.be/quinet/gif/EuroBridge.gif" [1]
2023-03-21 16:58:21 URL:https://people.montefiore.uliege.be/quinet/EMMAui-en.html [749/749] -> "people.montefiore.uliege.be/quinet/EMMAui-en.html" [1]
https://people.montefiore.uliege.be/quinet/EMMA-fr.html:
2023-03-21 16:58:21 ERROR 404: Not Found.
2023-03-21 16:58:21 URL:https://people.montefiore.uliege.be/quinet/items/help-en.html [4986/4986] -> "people.montefiore.uliege.be/quinet/items/help-en.html" [1]
2023-03-21 16:58:21 URL:https://people.montefiore.uliege.be/gif/bullet_red.gif [152/152] -> "people.montefiore.uliege.be/gif/bullet_red.gif" [1]
2023-03-21 16:58:21 URL:https://people.montefiore.uliege.be/quinet/items/bullets-en.html [1843/1843] -> "people.montefiore.uliege.be/quinet/items/bullets-en.html" [1]
2023-03-21 16:58:22 URL:https://people.montefiore.uliege.be/quinet/items/buttons-en.html [1600/1600] -> "people.montefiore.uliege.be/quinet/items/buttons-en.html" [1]
2023-03-21 16:58:22 URL:https://people.montefiore.uliege.be/quinet/items/hands-en.html [1595/1595] -> "people.montefiore.uliege.be/quinet/items/hands-en.html" [1]
2023-03-21 16:58:22 URL:https://people.montefiore.uliege.be/quinet/items/flags-en.html [1796/1796] -> "people.montefiore.uliege.be/quinet/items/flags-en.html" [1]
2023-03-21 16:58:22 URL:https://people.montefiore.uliege.be/quinet/items/clipart-en.html [1732/1732] -> "people.montefiore.uliege.be/quinet/items/clipart-en.html" [1]
2023-03-21 16:58:22 URL:https://people.montefiore.uliege.be/quinet/items/doom-en.html [2650/2650] -> "people.montefiore.uliege.be/quinet/items/doom-en.html" [1]
2023-03-21 16:58:22 URL:https://people.montefiore.uliege.be/quinet/items/items-fr.html [1570/1570] -> "people.montefiore.uliege.be/quinet/items/items-fr.html" [1]
2023-03-21 16:58:22 URL:https://people.montefiore.uliege.be/gif/button_help.gif [317/317] -> "people.montefiore.uliege.be/gif/button_help.gif" [1]
2023-03-21 16:58:22 URL:https://people.montefiore.uliege.be/quinet/games/QEU/ [2015/2015] -> "people.montefiore.uliege.be/quinet/games/QEU/index.html" [1]
2023-03-21 16:58:22 URL:https://people.montefiore.uliege.be/quinet/games/DEU/deu5logo.gif [18025/18025] -> "people.montefiore.uliege.be/quinet/games/DEU/deu5logo.gif" [1]
2023-03-21 16:58:22 URL:https://people.montefiore.uliege.be/quinet/games/DEU/preview53-en.html [1938/1938] -> "people.montefiore.uliege.be/quinet/games/DEU/preview53-en.html" [1]
2023-03-21 16:58:22 URL:https://people.montefiore.uliege.be/quinet/games/DEU/DEU-fr.html [824/824] -> "people.montefiore.uliege.be/quinet/games/DEU/DEU-fr.html" [1]
2023-03-21 16:58:22 URL:https://people.montefiore.uliege.be/quinet/games/ts_doom.gif [7399/7399] -> "people.montefiore.uliege.be/quinet/games/ts_doom.gif" [1]
2023-03-21 16:58:22 URL:https://people.montefiore.uliege.be/quinet/games/ts_doom2.gif [7195/7195] -> "people.montefiore.uliege.be/quinet/games/ts_doom2.gif" [1]
2023-03-21 16:58:22 URL:https://people.montefiore.uliege.be/quinet/games/ts_heretic.gif [3109/3109] -> "people.montefiore.uliege.be/quinet/games/ts_heretic.gif" [1]
2023-03-21 16:58:22 URL:https://people.montefiore.uliege.be/quinet/games/doomicon.gif [4439/4439] -> "people.montefiore.uliege.be/quinet/games/doomicon.gif" [1]
2023-03-21 16:58:22 URL:https://people.montefiore.uliege.be/quinet/gif/doom_gshot.gif [275/275] -> "people.montefiore.uliege.be/quinet/gif/doom_gshot.gif" [1]
2023-03-21 16:58:22 URL:https://people.montefiore.uliege.be/quinet/games/quake-rfd.html [12977/12977] -> "people.montefiore.uliege.be/quinet/games/quake-rfd.html" [1]
2023-03-21 16:58:22 URL:https://people.montefiore.uliege.be/quinet/games/doom-fr.html [938/938] -> "people.montefiore.uliege.be/quinet/games/doom-fr.html" [1]
2023-03-21 16:58:22 URL:https://people.montefiore.uliege.be/quinet/games/crossfire.gif [14220/14220] -> "people.montefiore.uliege.be/quinet/games/crossfire.gif" [1]
2023-03-21 16:58:22 URL:https://people.montefiore.uliege.be/quinet/games/crossfire2-en.html [1544/1544] -> "people.montefiore.uliege.be/quinet/games/crossfire2-en.html" [1]
2023-03-21 16:58:22 URL:https://people.montefiore.uliege.be/quinet/games/crossfire-fr.html [3319/3319] -> "people.montefiore.uliege.be/quinet/games/crossfire-fr.html" [1]
2023-03-21 16:58:22 URL:https://people.montefiore.uliege.be/quinet/games/xpilot-fr.html [737/737] -> "people.montefiore.uliege.be/quinet/games/xpilot-fr.html" [1]
2023-03-21 16:58:22 URL:https://people.montefiore.uliege.be/gif/button_en.gif [401/401] -> "people.montefiore.uliege.be/gif/button_en.gif" [1]
2023-03-21 16:58:22 URL:https://people.montefiore.uliege.be/quinet/gif/button_rq_fr.gif [1192/1192] -> "people.montefiore.uliege.be/quinet/gif/button_rq_fr.gif" [1]
2023-03-21 16:58:22 URL:https://people.montefiore.uliege.be/quinet/ericsson/Welcome-en.html [1121/1121] -> "people.montefiore.uliege.be/quinet/ericsson/Welcome-en.html" [1]
https://people.montefiore.uliege.be/quinet/EMMAui-fr.html:
2023-03-21 16:58:22 ERROR 404: Not Found.
2023-03-21 16:58:22 URL:https://people.montefiore.uliege.be/quinet/items/help-fr.html [1239/1239] -> "people.montefiore.uliege.be/quinet/items/help-fr.html" [1]
2023-03-21 16:58:22 URL:https://people.montefiore.uliege.be/gif/bullet_blue.gif [152/152] -> "people.montefiore.uliege.be/gif/bullet_blue.gif" [1]
2023-03-21 16:58:22 URL:https://people.montefiore.uliege.be/gif/bullet_cyan.gif [153/153] -> "people.montefiore.uliege.be/gif/bullet_cyan.gif" [1]
2023-03-21 16:58:22 URL:https://people.montefiore.uliege.be/gif/bullet_magenta.gif [153/153] -> "people.montefiore.uliege.be/gif/bullet_magenta.gif" [1]
2023-03-21 16:58:22 URL:https://people.montefiore.uliege.be/gif/bullet_yellow.gif [152/152] -> "people.montefiore.uliege.be/gif/bullet_yellow.gif" [1]
2023-03-21 16:58:23 URL:https://people.montefiore.uliege.be/gif/star.gif [167/167] -> "people.montefiore.uliege.be/gif/star.gif" [1]
2023-03-21 16:58:23 URL:https://people.montefiore.uliege.be/quinet/items/bullets-fr.html [2005/2005] -> "people.montefiore.uliege.be/quinet/items/bullets-fr.html" [1]
2023-03-21 16:58:23 URL:https://people.montefiore.uliege.be/gif/button_home.gif [335/335] -> "people.montefiore.uliege.be/gif/button_home.gif" [1]
2023-03-21 16:58:23 URL:https://people.montefiore.uliege.be/gif/button_next.gif [301/301] -> "people.montefiore.uliege.be/gif/button_next.gif" [1]
2023-03-21 16:58:23 URL:https://people.montefiore.uliege.be/gif/button_prev.gif [306/306] -> "people.montefiore.uliege.be/gif/button_prev.gif" [1]
2023-03-21 16:58:23 URL:https://people.montefiore.uliege.be/quinet/items/buttons-fr.html [1616/1616] -> "people.montefiore.uliege.be/quinet/items/buttons-fr.html" [1]
2023-03-21 16:58:23 URL:https://people.montefiore.uliege.be/quinet/gif/hand_dir.gif [358/358] -> "people.montefiore.uliege.be/quinet/gif/hand_dir.gif" [1]
2023-03-21 16:58:23 URL:https://people.montefiore.uliege.be/quinet/gif/hand_dir2.gif [341/341] -> "people.montefiore.uliege.be/quinet/gif/hand_dir2.gif" [1]
2023-03-21 16:58:23 URL:https://people.montefiore.uliege.be/quinet/gif/hand_dir3.gif [408/408] -> "people.montefiore.uliege.be/quinet/gif/hand_dir3.gif" [1]
2023-03-21 16:58:23 URL:https://people.montefiore.uliege.be/quinet/gif/hand_up.gif [332/332] -> "people.montefiore.uliege.be/quinet/gif/hand_up.gif" [1]
2023-03-21 16:58:23 URL:https://people.montefiore.uliege.be/quinet/gif/hand_down.gif [333/333] -> "people.montefiore.uliege.be/quinet/gif/hand_down.gif" [1]
2023-03-21 16:58:23 URL:https://people.montefiore.uliege.be/quinet/gif/hand_pistol.gif [576/576] -> "people.montefiore.uliege.be/quinet/gif/hand_pistol.gif" [1]
2023-03-21 16:58:23 URL:https://people.montefiore.uliege.be/quinet/gif/hand_note.gif [486/486] -> "people.montefiore.uliege.be/quinet/gif/hand_note.gif" [1]
2023-03-21 16:58:23 URL:https://people.montefiore.uliege.be/quinet/items/hands-fr.html [1611/1611] -> "people.montefiore.uliege.be/quinet/items/hands-fr.html" [1]
2023-03-21 16:58:23 URL:https://people.montefiore.uliege.be/gif/flag_france.gif [106/106] -> "people.montefiore.uliege.be/gif/flag_france.gif" [1]
2023-03-21 16:58:23 URL:https://people.montefiore.uliege.be/gif/flag_germany.gif [82/82] -> "people.montefiore.uliege.be/gif/flag_germany.gif" [1]
2023-03-21 16:58:23 URL:https://people.montefiore.uliege.be/gif/flag_spain.gif [74/74] -> "people.montefiore.uliege.be/gif/flag_spain.gif" [1]
2023-03-21 16:58:23 URL:https://people.montefiore.uliege.be/gif/flag_italy.gif [106/106] -> "people.montefiore.uliege.be/gif/flag_italy.gif" [1]
2023-03-21 16:58:23 URL:https://people.montefiore.uliege.be/gif/flag_uk.gif [136/136] -> "people.montefiore.uliege.be/gif/flag_uk.gif" [1]
2023-03-21 16:58:23 URL:https://people.montefiore.uliege.be/gif/flag_belgium.gif [106/106] -> "people.montefiore.uliege.be/gif/flag_belgium.gif" [1]
2023-03-21 16:58:23 URL:https://people.montefiore.uliege.be/quinet/items/flags-fr.html [1870/1870] -> "people.montefiore.uliege.be/quinet/items/flags-fr.html" [1]
2023-03-21 16:58:23 URL:https://people.montefiore.uliege.be/quinet/gif/frog_jump.gif [1071/1071] -> "people.montefiore.uliege.be/quinet/gif/frog_jump.gif" [1]
2023-03-21 16:58:23 URL:https://people.montefiore.uliege.be/quinet/gif/garfield_head.gif [357/357] -> "people.montefiore.uliege.be/quinet/gif/garfield_head.gif" [1]
2023-03-21 16:58:23 URL:https://people.montefiore.uliege.be/quinet/gif/garfield_me.gif [1248/1248] -> "people.montefiore.uliege.be/quinet/gif/garfield_me.gif" [1]
2023-03-21 16:58:23 URL:https://people.montefiore.uliege.be/quinet/gif/skull_big.gif [1252/1252] -> "people.montefiore.uliege.be/quinet/gif/skull_big.gif" [1]
2023-03-21 16:58:23 URL:https://people.montefiore.uliege.be/quinet/gif/skull_small.gif [477/477] -> "people.montefiore.uliege.be/quinet/gif/skull_small.gif" [1]
2023-03-21 16:58:23 URL:https://people.montefiore.uliege.be/quinet/items/clipart-fr.html [1839/1839] -> "people.montefiore.uliege.be/quinet/items/clipart-fr.html" [1]
2023-03-21 16:58:23 URL:https://people.montefiore.uliege.be/quinet/gif/doom_yskull.gif [203/203] -> "people.montefiore.uliege.be/quinet/gif/doom_yskull.gif" [1]
2023-03-21 16:58:23 URL:https://people.montefiore.uliege.be/quinet/gif/doom_rskull.gif [206/206] -> "people.montefiore.uliege.be/quinet/gif/doom_rskull.gif" [1]
2023-03-21 16:58:23 URL:https://people.montefiore.uliege.be/quinet/gif/doom_bskull.gif [193/193] -> "people.montefiore.uliege.be/quinet/gif/doom_bskull.gif" [1]
2023-03-21 16:58:23 URL:https://people.montefiore.uliege.be/quinet/gif/doom_fball.gif [191/191] -> "people.montefiore.uliege.be/quinet/gif/doom_fball.gif" [1]
2023-03-21 16:58:23 URL:https://people.montefiore.uliege.be/quinet/gif/doom_tball.gif [335/335] -> "people.montefiore.uliege.be/quinet/gif/doom_tball.gif" [1]
2023-03-21 16:58:23 URL:https://people.montefiore.uliege.be/quinet/gif/doom_soul.gif [318/318] -> "people.montefiore.uliege.be/quinet/gif/doom_soul.gif" [1]
2023-03-21 16:58:24 URL:https://people.montefiore.uliege.be/quinet/gif/doom_mega.gif [332/332] -> "people.montefiore.uliege.be/quinet/gif/doom_mega.gif" [1]
2023-03-21 16:58:24 URL:https://people.montefiore.uliege.be/quinet/gif/doom_invul.gif [333/333] -> "people.montefiore.uliege.be/quinet/gif/doom_invul.gif" [1]
2023-03-21 16:58:24 URL:https://people.montefiore.uliege.be/quinet/gif/doom_rocket.gif [246/246] -> "people.montefiore.uliege.be/quinet/gif/doom_rocket.gif" [1]
2023-03-21 16:58:24 URL:https://people.montefiore.uliege.be/quinet/gif/doom_sshot.gif [285/285] -> "people.montefiore.uliege.be/quinet/gif/doom_sshot.gif" [1]
2023-03-21 16:58:24 URL:https://people.montefiore.uliege.be/quinet/items/doom-fr.html [2872/2872] -> "people.montefiore.uliege.be/quinet/items/doom-fr.html" [1]
2023-03-21 16:58:24 URL:https://people.montefiore.uliege.be/quinet/games/QEU/qeu_bg_tile.gif [8706/8706] -> "people.montefiore.uliege.be/quinet/games/QEU/qeu_bg_tile.gif" [1]
2023-03-21 16:58:24 URL:https://people.montefiore.uliege.be/quinet/games/QEU/qeu_logo.gif [13215/13215] -> "people.montefiore.uliege.be/quinet/games/QEU/qeu_logo.gif" [1]
2023-03-21 16:58:24 URL:https://people.montefiore.uliege.be/quinet/games/QEU/qeu_title3.gif [4003/4003] -> "people.montefiore.uliege.be/quinet/games/QEU/qeu_title3.gif" [1]
2023-03-21 16:58:24 URL:https://people.montefiore.uliege.be/quinet/games/editing.html [1715/1715] -> "people.montefiore.uliege.be/quinet/games/editing.html" [1]
2023-03-21 16:58:24 URL:https://people.montefiore.uliege.be/quinet/games/DEU/deu53-1.gif [22183/22183] -> "people.montefiore.uliege.be/quinet/games/DEU/deu53-1.gif" [1]
2023-03-21 16:58:24 URL:https://people.montefiore.uliege.be/quinet/games/DEU/deu53-1s.gif [1358/1358] -> "people.montefiore.uliege.be/quinet/games/DEU/deu53-1s.gif" [1]
2023-03-21 16:58:24 URL:https://people.montefiore.uliege.be/quinet/games/DEU/deu53-2.gif [12795/12795] -> "people.montefiore.uliege.be/quinet/games/DEU/deu53-2.gif" [1]
2023-03-21 16:58:24 URL:https://people.montefiore.uliege.be/quinet/games/DEU/deu53-2s.gif [378/378] -> "people.montefiore.uliege.be/quinet/games/DEU/deu53-2s.gif" [1]
2023-03-21 16:58:24 URL:https://people.montefiore.uliege.be/quinet/games/DEU/deu53-3.gif [17200/17200] -> "people.montefiore.uliege.be/quinet/games/DEU/deu53-3.gif" [1]
2023-03-21 16:58:24 URL:https://people.montefiore.uliege.be/quinet/games/DEU/deu53-3s.gif [337/337] -> "people.montefiore.uliege.be/quinet/games/DEU/deu53-3s.gif" [1]
2023-03-21 16:58:24 URL:https://people.montefiore.uliege.be/quinet/games/DEU/deu53-4.gif [19086/19086] -> "people.montefiore.uliege.be/quinet/games/DEU/deu53-4.gif" [1]
2023-03-21 16:58:24 URL:https://people.montefiore.uliege.be/quinet/games/DEU/deu53-4s.gif [876/876] -> "people.montefiore.uliege.be/quinet/games/DEU/deu53-4s.gif" [1]
2023-03-21 16:58:24 URL:https://people.montefiore.uliege.be/quinet/games/DEU/deu53-5.gif [17250/17250] -> "people.montefiore.uliege.be/quinet/games/DEU/deu53-5.gif" [1]
2023-03-21 16:58:24 URL:https://people.montefiore.uliege.be/quinet/games/DEU/deu53-5s.gif [892/892] -> "people.montefiore.uliege.be/quinet/games/DEU/deu53-5s.gif" [1]
2023-03-21 16:58:24 URL:https://people.montefiore.uliege.be/quinet/games/DEU/preview53-fr.html [1650/1650] -> "people.montefiore.uliege.be/quinet/games/DEU/preview53-fr.html" [1]
2023-03-21 16:58:24 URL:https://people.montefiore.uliege.be/quinet/gif/button_up.gif [289/289] -> "people.montefiore.uliege.be/quinet/gif/button_up.gif" [1]
2023-03-21 16:58:24 URL:https://people.montefiore.uliege.be/quinet/gif/button_ulg.gif [411/411] -> "people.montefiore.uliege.be/quinet/gif/button_ulg.gif" [1]
2023-03-21 16:58:24 URL:https://people.montefiore.uliege.be/quinet/games/cross-a.gif [16058/16058] -> "people.montefiore.uliege.be/quinet/games/cross-a.gif" [1]
2023-03-21 16:58:24 URL:https://people.montefiore.uliege.be/quinet/games/cross-g.gif [3219/3219] -> "people.montefiore.uliege.be/quinet/games/cross-g.gif" [1]
2023-03-21 16:58:24 URL:https://people.montefiore.uliege.be/quinet/games/cross-f.gif [12439/12439] -> "people.montefiore.uliege.be/quinet/games/cross-f.gif" [1]
2023-03-21 16:58:24 URL:https://people.montefiore.uliege.be/quinet/games/cross-e.gif [8920/8920] -> "people.montefiore.uliege.be/quinet/games/cross-e.gif" [1]
2023-03-21 16:58:24 URL:https://people.montefiore.uliege.be/quinet/games/cross-d.gif [5843/5843] -> "people.montefiore.uliege.be/quinet/games/cross-d.gif" [1]
2023-03-21 16:58:24 URL:https://people.montefiore.uliege.be/quinet/games/cross-c.gif [3050/3050] -> "people.montefiore.uliege.be/quinet/games/cross-c.gif" [1]
2023-03-21 16:58:24 URL:https://people.montefiore.uliege.be/quinet/games/cross-b.gif [1724/1724] -> "people.montefiore.uliege.be/quinet/games/cross-b.gif" [1]
2023-03-21 16:58:25 URL:https://people.montefiore.uliege.be/quinet/games/crossfire2-fr.html [1648/1648] -> "people.montefiore.uliege.be/quinet/games/crossfire2-fr.html" [1]
2023-03-21 16:58:25 URL:https://people.montefiore.uliege.be/quinet/gif/bg/paper-sq-ma-sp.gif [1139/1139] -> "people.montefiore.uliege.be/quinet/gif/bg/paper-sq-ma-sp.gif" [1]
2023-03-21 16:58:25 URL:https://people.montefiore.uliege.be/quinet/gif/bg/margin110.gif [50/50] -> "people.montefiore.uliege.be/quinet/gif/bg/margin110.gif" [1]
2023-03-21 16:58:25 URL:https://people.montefiore.uliege.be/quinet/games/wett.html [13205/13205] -> "people.montefiore.uliege.be/quinet/games/wett.html" [1]
2023-03-21 16:58:25 URL:https://people.montefiore.uliege.be/quinet/games/wett-01.gif [1330/1330] -> "people.montefiore.uliege.be/quinet/games/wett-01.gif" [1]
2023-03-21 16:58:25 URL:https://people.montefiore.uliege.be/quinet/games/wett-deu521.html [9198/9198] -> "people.montefiore.uliege.be/quinet/games/wett-deu521.html" [1]
https://people.montefiore.uliege.be/quinet/games/wett-deth63.html:
2023-03-21 16:58:25 ERROR 404: Not Found.
https://people.montefiore.uliege.be/quinet/games/wett-dck22.html:
2023-03-21 16:58:25 ERROR 404: Not Found.
2023-03-21 16:58:25 URL:https://people.montefiore.uliege.be/quinet/games/wett-02.gif [1819/1819] -> "people.montefiore.uliege.be/quinet/games/wett-02.gif" [1]
2023-03-21 16:58:25 URL:https://people.montefiore.uliege.be/quinet/games/wett-03.gif [1902/1902] -> "people.montefiore.uliege.be/quinet/games/wett-03.gif" [1]
2023-03-21 16:58:25 URL:https://people.montefiore.uliege.be/quinet/games/wett-04.gif [1975/1975] -> "people.montefiore.uliege.be/quinet/games/wett-04.gif" [1]
2023-03-21 16:58:25 URL:https://people.montefiore.uliege.be/quinet/games/wett-05.gif [1916/1916] -> "people.montefiore.uliege.be/quinet/games/wett-05.gif" [1]
2023-03-21 16:58:25 URL:https://people.montefiore.uliege.be/quinet/games/wett-06.gif [1933/1933] -> "people.montefiore.uliege.be/quinet/games/wett-06.gif" [1]
2023-03-21 16:58:25 URL:https://people.montefiore.uliege.be/quinet/games/wett-07.gif [2082/2082] -> "people.montefiore.uliege.be/quinet/games/wett-07.gif" [1]
2023-03-21 16:58:25 URL:https://people.montefiore.uliege.be/quinet/games/wett-08.gif [2231/2231] -> "people.montefiore.uliege.be/quinet/games/wett-08.gif" [1]
2023-03-21 16:58:25 URL:https://people.montefiore.uliege.be/quinet/games/wett-09.gif [2298/2298] -> "people.montefiore.uliege.be/quinet/games/wett-09.gif" [1]
2023-03-21 16:58:25 URL:https://people.montefiore.uliege.be/quinet/games/wett-10.gif [2048/2048] -> "people.montefiore.uliege.be/quinet/games/wett-10.gif" [1]
2023-03-21 16:58:25 URL:https://people.montefiore.uliege.be/quinet/games/wett-11.gif [2279/2279] -> "people.montefiore.uliege.be/quinet/games/wett-11.gif" [1]
2023-03-21 16:58:25 URL:https://people.montefiore.uliege.be/quinet/games/wett-12.gif [2302/2302] -> "people.montefiore.uliege.be/quinet/games/wett-12.gif" [1]
2023-03-21 16:58:25 URL:https://people.montefiore.uliege.be/quinet/games/wett-13.gif [2325/2325] -> "people.montefiore.uliege.be/quinet/games/wett-13.gif" [1]
https://people.montefiore.uliege.be/quinet/games/wett-deu53.html:
2023-03-21 16:58:25 ERROR 404: Not Found.
FINISHED --2023-03-21 16:58:25--
Total wall clock time: 6.0s
Downloaded: 136 files, 417K in 0.04s (11.0 MB/s)
