2014-01-01 21:31:04 URL:http://quake.drunkencoders.com/ [1526/1526] -> "quake.drunkencoders.com_20140101/index.html" [1]
2014-01-01 21:31:05 URL:http://quake.drunkencoders.com/index_q1.html [11353/11353] -> "quake.drunkencoders.com_20140101/index_q1.html" [1]
2014-01-01 21:31:05 URL:http://quake.drunkencoders.com/images/shambler.jpg [11032/11032] -> "quake.drunkencoders.com_20140101/images/shambler.jpg" [1]
2014-01-01 21:31:05 URL:http://quake.drunkencoders.com/index_q2.html [7535/7535] -> "quake.drunkencoders.com_20140101/index_q2.html" [1]
2014-01-01 21:31:05 URL:http://quake.drunkencoders.com/images/soldier.jpg [3230/3230] -> "quake.drunkencoders.com_20140101/images/soldier.jpg" [1]
2014-01-01 21:31:06 URL:http://quake.drunkencoders.com/images/logo.jpg [18859/18859] -> "quake.drunkencoders.com_20140101/images/logo.jpg" [1]
2014-01-01 21:31:06 URL:http://quake.drunkencoders.com/images/example.jpg [17055/17055] -> "quake.drunkencoders.com_20140101/images/example.jpg" [1]
2014-01-01 21:31:06 URL:http://quake.drunkencoders.com/images/malice.jpg [20013/20013] -> "quake.drunkencoders.com_20140101/images/malice.jpg" [1]
2014-01-01 21:31:07 URL:http://quake.drunkencoders.com/images/transparent_water.jpg [18999/18999] -> "quake.drunkencoders.com_20140101/images/transparent_water.jpg" [1]
2014-01-01 21:31:07 URL:http://quake.drunkencoders.com/images/current_status3.jpg [13955/13955] -> "quake.drunkencoders.com_20140101/images/current_status3.jpg" [1]
2014-01-01 21:31:07 URL:http://quake.drunkencoders.com/downloads_how_to_play.html [6594/6594] -> "quake.drunkencoders.com_20140101/downloads_how_to_play.html" [1]
2014-01-01 21:31:07 URL:http://quake.drunkencoders.com/options.html [5850/5850] -> "quake.drunkencoders.com_20140101/options.html" [1]
2014-01-01 21:31:07 URL:http://quake.drunkencoders.com/osk_touch.html [3270/3270] -> "quake.drunkencoders.com_20140101/osk_touch.html" [1]
2014-01-01 21:31:07 URL:http://quake.drunkencoders.com/net_mods_tcs.html [4829/4829] -> "quake.drunkencoders.com_20140101/net_mods_tcs.html" [1]
2014-01-01 21:31:08 URL:http://quake.drunkencoders.com/exram.html [10503/10503] -> "quake.drunkencoders.com_20140101/exram.html" [1]
2014-01-01 21:31:08 URL:http://quake.drunkencoders.com/q2/images/logo.jpg [17918/17918] -> "quake.drunkencoders.com_20140101/q2/images/logo.jpg" [1]
2014-01-01 21:31:08 URL:http://quake.drunkencoders.com/q2/images/right_image.jpg [57088/57088] -> "quake.drunkencoders.com_20140101/q2/images/right_image.jpg" [1]
2014-01-01 21:31:09 URL:http://quake.drunkencoders.com/q2/images/right_lower_image.jpg [61521/61521] -> "quake.drunkencoders.com_20140101/q2/images/right_lower_image.jpg" [1]
2014-01-01 21:31:09 URL:http://quake.drunkencoders.com/q2/images/right_lower_2.jpg [58079/58079] -> "quake.drunkencoders.com_20140101/q2/images/right_lower_2.jpg" [1]
2014-01-01 21:31:09 URL:http://quake.drunkencoders.com/q2/downloads_how_to_play.html [5333/5333] -> "quake.drunkencoders.com_20140101/q2/downloads_how_to_play.html" [1]
2014-01-01 21:31:10 URL:http://quake.drunkencoders.com/downloads/quakeds_271007_r3.zip [361750/361750] -> "quake.drunkencoders.com_20140101/downloads/quakeds_271007_r3.zip" [1]
2014-01-01 21:31:11 URL:http://quake.drunkencoders.com/downloads/quakeds_wifi_271007_r3.zip [393078/393078] -> "quake.drunkencoders.com_20140101/downloads/quakeds_wifi_271007_r3.zip" [1]
2014-01-01 21:31:12 URL:http://quake.drunkencoders.com/downloads/quakeds_exram_271007_r3.zip [395140/395140] -> "quake.drunkencoders.com_20140101/downloads/quakeds_exram_271007_r3.zip" [1]
2014-01-01 21:31:21 URL:http://quake.drunkencoders.com/downloads/quakeds_source_271007_r3.zip [3413211/3413211] -> "quake.drunkencoders.com_20140101/downloads/quakeds_source_271007_r3.zip" [1]
2014-01-01 21:31:22 URL:http://quake.drunkencoders.com/downloads/config.cfg [2141/2141] -> "quake.drunkencoders.com_20140101/downloads/config.cfg" [1]
2014-01-01 21:31:24 URL:http://quake.drunkencoders.com/q2/downloads/quake2ds_100208_r1.zip [444370/444370] -> "quake.drunkencoders.com_20140101/q2/downloads/quake2ds_100208_r1.zip" [1]
2014-01-01 21:31:27 URL:http://quake.drunkencoders.com/q2/downloads/quake2ds_source_100208_r1.zip [1276452/1276452] -> "quake.drunkencoders.com_20140101/q2/downloads/quake2ds_source_100208_r1.zip" [1]
2014-01-01 21:31:28 URL:http://quake.drunkencoders.com/q2/downloads/CONFIG.CFG [2609/2609] -> "quake.drunkencoders.com_20140101/q2/downloads/config.cfg" [1]
FINISHED --2014-01-01 21:31:28--
Total wall clock time: 24s
Downloaded: 28 files, 6.3M in 18s (370 KB/s)
