2015-12-23 16:36:37 URL:http://quake.no/ [4660/4660] -> "quake.no_20151223/index.html" [1]
2015-12-23 16:36:37 URL:http://quake.no/quake.css [1464/1464] -> "quake.no_20151223/quake.css" [1]
2015-12-23 16:36:37 URL:http://quake.no/quake.js [6043/6043] -> "quake.no_20151223/quake.js" [1]
2015-12-23 16:36:38 URL:http://quake.no/qbanner.jpg [63415/63415] -> "quake.no_20151223/qbanner.jpg" [1]
2015-12-23 16:36:38 URL:http://quake.no/?p=main [4660/4660] -> "quake.no_20151223/index.html?p=main.html" [1]
2015-12-23 16:36:38 URL:http://quake.no/?p=servers [2911/2911] -> "quake.no_20151223/index.html?p=servers.html" [1]
2015-12-23 16:36:38 URL:http://quake.no/?p=mods [3775/3775] -> "quake.no_20151223/index.html?p=mods.html" [1]
2015-12-23 16:36:38 URL:http://quake.no/?p=maps [2382/2382] -> "quake.no_20151223/index.html?p=maps.html" [1]
2015-12-23 16:36:38 URL:http://quake.no/?p=download [2931/2931] -> "quake.no_20151223/index.html?p=download.html" [1]
2015-12-23 16:36:38 URL:http://quake.no/?p=engines [1944/1944] -> "quake.no_20151223/index.html?p=engines.html" [1]
2015-12-23 16:36:57 URL:http://quake.no/?p=stats [5067/5067] -> "quake.no_20151223/index.html?p=stats.html" [1]
2015-12-23 16:36:57 URL:http://quake.no/?p=links [2417/2417] -> "quake.no_20151223/index.html?p=links.html" [1]
2015-12-23 16:36:57 URL:http://quake.no/?p=faqabout [2230/2230] -> "quake.no_20151223/index.html?p=faqabout.html" [1]
http://quake.no/?p=test:
2015-12-23 16:36:57 ERROR 500: Internal Server Error.
http://quake.no/mods.txt:
2015-12-23 16:36:58 ERROR 404: Not Found.
http://quake.no/en.irc2go.com/webchat/?net=EFnet&room=:
2015-12-23 16:36:58 ERROR 404: Not Found.
http://quake.no/en.irc2go.com/webchat/?net=EFnet&room=%23quake.no&nick=coop_player:
2015-12-23 16:36:58 ERROR 404: Not Found.
2015-12-23 16:37:39 URL:http://quake.no/download/mods/Sourge_Of_Armagon/27504_mission1.zip [46105293/46105293] -> "quake.no_20151223/download/mods/Sourge_Of_Armagon/27504_mission1.zip" [1]
2015-12-23 16:38:12 URL:http://quake.no/download/mods/Dissolution_of_Eternity/27505_mission2.zip [46927722/46927722] -> "quake.no_20151223/download/mods/Dissolution_of_Eternity/27505_mission2.zip" [1]
2015-12-23 16:38:39 URL:http://quake.no/download/mods/Quake_Travail/27506_travail.zip [41464794/41464794] -> "quake.no_20151223/download/mods/Quake_Travail/27506_travail.zip" [1]
2015-12-23 16:39:41 URL:http://quake.no/download/mods/Quake_Travail/travail_soundtrack.zip [92084557/92084557] -> "quake.no_20151223/download/mods/Quake_Travail/travail_soundtrack.zip" [1]
2015-12-23 16:39:46 URL:http://quake.no/download/mods/Beyond_Belief_Part_I/27508_bbelief.zip [7480815/7480815] -> "quake.no_20151223/download/mods/Beyond_Belief_Part_I/27508_bbelief.zip" [1]
2015-12-23 16:39:51 URL:http://quake.no/download/mods/Quake_Arena/27500_arena.zip [7498487/7498487] -> "quake.no_20151223/download/mods/Quake_Arena/27500_arena.zip" [1]
2015-12-23 16:39:54 URL:http://quake.no/download/mods/Quake_Fragtwn/27501_fragtwn.zip [4173118/4173118] -> "quake.no_20151223/download/mods/Quake_Fragtwn/27501_fragtwn.zip" [1]
2015-12-23 16:40:22 URL:http://quake.no/download/mods/Quake_Warpspasm/27507_warpspasm.zip [41569950/41569950] -> "quake.no_20151223/download/mods/Quake_Warpspasm/27507_warpspasm.zip" [1]
2015-12-23 16:40:22 URL:http://quake.no/download/mods/Quake_coop/exCoop0_31.zip [240781/240781] -> "quake.no_20151223/download/mods/Quake_coop/exCoop0_31.zip" [1]
FINISHED --2015-12-23 16:40:22--
Total wall clock time: 3m 45s
Downloaded: 22 files, 274M in 3m 13s (1.42 MB/s)
