2013-06-18 19:48:03 URL:http://qubix1.tripod.com/ [20017] -> "qubix1.tripod.com_20130618/index.html" [1]
2013-06-18 19:48:03 URL:http://qubix1.tripod.com/logo.jpg [14823/14823] -> "qubix1.tripod.com_20130618/logo.jpg" [1]
2013-06-18 19:48:04 URL:http://qubix1.tripod.com/bg1.jpg [7538/7538] -> "qubix1.tripod.com_20130618/bg1.jpg" [1]
2013-06-18 19:48:04 URL:http://qubix1.tripod.com/index.htm [20017] -> "qubix1.tripod.com_20130618/index.htm" [1]
2013-06-18 19:48:05 URL:http://qubix1.tripod.com/features.htm [17218] -> "qubix1.tripod.com_20130618/features.htm" [1]
2013-06-18 19:48:06 URL:http://qubix1.tripod.com/maps.htm [20042] -> "qubix1.tripod.com_20130618/maps.htm" [1]
2013-06-18 19:48:07 URL:http://qubix1.tripod.com/qubixdm2.zip [277292/277292] -> "qubix1.tripod.com_20130618/qubixdm2.zip" [1]
2013-06-18 19:48:08 URL:http://qubix1.tripod.com/qubixdm2a.jpg [18668/18668] -> "qubix1.tripod.com_20130618/qubixdm2a.jpg" [1]
2013-06-18 19:48:08 URL:http://qubix1.tripod.com/qubixdm2b.jpg [14800/14800] -> "qubix1.tripod.com_20130618/qubixdm2b.jpg" [1]
2013-06-18 19:48:09 URL:http://qubix1.tripod.com/conback.jpg [10824/10824] -> "qubix1.tripod.com_20130618/conback.jpg" [1]
2013-06-18 19:48:09 URL:http://qubix1.tripod.com/simmer206s.jpg [9391/9391] -> "qubix1.tripod.com_20130618/simmer206s.jpg" [1]
2013-06-18 19:48:10 URL:http://qubix1.tripod.com/ep2a.jpg [12981/12981] -> "qubix1.tripod.com_20130618/ep2a.jpg" [1]
2013-06-18 19:48:10 URL:http://qubix1.tripod.com/ep2b.jpg [13726/13726] -> "qubix1.tripod.com_20130618/ep2b.jpg" [1]
2013-06-18 19:48:12 URL:http://qubix1.tripod.com/simmer1.zip [340904/340904] -> "qubix1.tripod.com_20130618/simmer1.zip" [1]
2013-06-18 19:48:13 URL:http://qubix1.tripod.com/bg4b.jpg [15640/15640] -> "qubix1.tripod.com_20130618/bg4b.jpg" [1]
2013-06-18 19:48:13 URL:http://qubix1.tripod.com/simmer204s.jpg [9612/9612] -> "qubix1.tripod.com_20130618/simmer204s.jpg" [1]
2013-06-18 19:48:13 URL:http://qubix1.tripod.com/simmer200s.jpg [9412/9412] -> "qubix1.tripod.com_20130618/simmer200s.jpg" [1]
2013-06-18 19:48:14 URL:http://qubix1.tripod.com/ep1a.jpg [15011/15011] -> "qubix1.tripod.com_20130618/ep1a.jpg" [1]
2013-06-18 19:48:14 URL:http://qubix1.tripod.com/ep1b.jpg [14633/14633] -> "qubix1.tripod.com_20130618/ep1b.jpg" [1]
FINISHED --2013-06-18 19:48:14--
Total wall clock time: 12s
Downloaded: 19 files, 842K in 6.2s (136 KB/s)
