2021-01-25 19:43:41 URL:http://quore.free.fr/ [2389/2389] -> "quore.free.fr/index.html" [1]
http://quore.free.fr/robots.txt:
2021-01-25 19:43:41 ERROR 404: Not Found.
2021-01-25 19:43:41 URL:http://quore.free.fr/common.css [5527/5527] -> "quore.free.fr/common.css" [1]
2021-01-25 19:43:41 URL:http://quore.free.fr/quore.css [1536/1536] -> "quore.free.fr/quore.css" [1]
2021-01-25 19:43:41 URL:http://quore.free.fr/quore.png [400519/400519] -> "quore.free.fr/quore.png" [1]
2021-01-25 19:43:41 URL:http://quore.free.fr/index.html [2389/2389] -> "quore.free.fr/index.html" [1]
2021-01-25 19:43:41 URL:http://quore.free.fr/changelog.html [8096/8096] -> "quore.free.fr/changelog.html" [1]
http://quore.free.fr/wiki:
2021-01-25 19:43:41 ERROR 404: Not Found.
2021-01-25 19:43:41 URL:http://quore.free.fr/screenshot.html [961/961] -> "quore.free.fr/screenshot.html" [1]
2021-01-25 19:43:41 URL:http://quore.free.fr/download.html [3754/3754] -> "quore.free.fr/download.html" [1]
http://quore.free.fr/img/mountain.png:
2021-01-25 19:43:42 ERROR 404: Not Found.
http://quore.free.fr/img/keyboard.png:
2021-01-25 19:43:42 ERROR 404: Not Found.
2021-01-25 19:43:42 URL:http://quore.free.fr/screen-id1.html [1133/1133] -> "quore.free.fr/screen-id1.html" [1]
2021-01-25 19:43:42 URL:http://quore.free.fr/screen-quore.html [1108/1108] -> "quore.free.fr/screen-quore.html" [1]
2021-01-25 19:43:42 URL:http://quore.free.fr/screen-art.html [1377/1377] -> "quore.free.fr/screen-art.html" [1]
2021-01-25 19:43:43 URL:http://quore.free.fr/download/pakdm.zip [5862321/5862321] -> "quore.free.fr/download/pakdm.zip" [1]
2021-01-25 19:43:44 URL:http://quore.free.fr/download/num_id3.zip [944771/944771] -> "quore.free.fr/download/num_id3.zip" [1]
2021-01-25 19:44:02 URL:http://quore.free.fr/download/rygel-dp-texturepack-small.pk3 [242214106/242214106] -> "quore.free.fr/download/rygel-dp-texturepack-small.pk3" [1]
2021-01-25 19:44:20 URL:http://quore.free.fr/download/quore-ld.zip [245389367/245389367] -> "quore.free.fr/download/quore-ld.zip" [1]
2021-01-25 19:44:41 URL:http://quore.free.fr/download/baseq1.zip [246223065/246223065] -> "quore.free.fr/download/baseq1.zip" [1]
2021-01-25 19:44:44 URL:http://quore.free.fr/download/id1.zip [22145285/22145285] -> "quore.free.fr/download/id1.zip" [1]
2021-01-25 19:44:45 URL:http://quore.free.fr/download/quore-0.2.9.tgz [1117014/1117014] -> "quore.free.fr/download/quore-0.2.9.tgz.gz" [1]
2021-01-25 19:44:45 URL:http://quore.free.fr/download/quore-0.2.8.tgz [1093552/1093552] -> "quore.free.fr/download/quore-0.2.8.tgz.gz" [1]
2021-01-25 19:44:46 URL:http://quore.free.fr/download/quore-0.2.7.tgz [1079634/1079634] -> "quore.free.fr/download/quore-0.2.7.tgz.gz" [1]
2021-01-25 19:44:47 URL:http://quore.free.fr/download/quore-0.2.6.tgz [1108993/1108993] -> "quore.free.fr/download/quore-0.2.6.tgz.gz" [1]
2021-01-25 19:44:47 URL:http://quore.free.fr/download/quore-0.2.5.tgz [1108172/1108172] -> "quore.free.fr/download/quore-0.2.5.tgz.gz" [1]
2021-01-25 19:44:48 URL:http://quore.free.fr/download/quore-0.2.4.tgz [1107431/1107431] -> "quore.free.fr/download/quore-0.2.4.tgz.gz" [1]
2021-01-25 19:44:49 URL:http://quore.free.fr/download/halfdeath-0.2.3.tgz [1114314/1114314] -> "quore.free.fr/download/halfdeath-0.2.3.tgz.gz" [1]
2021-01-25 19:44:50 URL:http://quore.free.fr/download/halfdeath-0.2.2.tgz [1503826/1503826] -> "quore.free.fr/download/halfdeath-0.2.2.tgz.gz" [1]
2021-01-25 19:44:51 URL:http://quore.free.fr/download/halfdeath-0.2.1.tgz [2221884/2221884] -> "quore.free.fr/download/halfdeath-0.2.1.tgz.gz" [1]
2021-01-25 19:44:53 URL:http://quore.free.fr/demo.mpeg [20709376/20709376] -> "quore.free.fr/demo.mpeg" [1]
2021-01-25 19:44:54 URL:http://quore.free.fr/id1/default.png [499349/499349] -> "quore.free.fr/id1/default.png" [1]
2021-01-25 19:44:54 URL:http://quore.free.fr/id1/quake.png [531511/531511] -> "quore.free.fr/id1/quake.png" [1]
2021-01-25 19:44:54 URL:http://quore.free.fr/id1/despair.png [516715/516715] -> "quore.free.fr/id1/despair.png" [1]
2021-01-25 19:44:55 URL:http://quore.free.fr/id1/epic.png [565846/565846] -> "quore.free.fr/id1/epic.png" [1]
2021-01-25 19:44:55 URL:http://quore.free.fr/id1/exorcist.png [372426/372426] -> "quore.free.fr/id1/exorcist.png" [1]
2021-01-25 19:44:55 URL:http://quore.free.fr/id1/macabre.png [438418/438418] -> "quore.free.fr/id1/macabre.png" [1]
2021-01-25 19:44:56 URL:http://quore.free.fr/id1/nightmare.png [472043/472043] -> "quore.free.fr/id1/nightmare.png" [1]
2021-01-25 19:44:56 URL:http://quore.free.fr/quore/quake.png [504158/504158] -> "quore.free.fr/quore/quake.png" [1]
2021-01-25 19:44:56 URL:http://quore.free.fr/quore/graveyard.png [496254/496254] -> "quore.free.fr/quore/graveyard.png" [1]
2021-01-25 19:44:57 URL:http://quore.free.fr/quore/inferno.png [429588/429588] -> "quore.free.fr/quore/inferno.png" [1]
2021-01-25 19:44:57 URL:http://quore.free.fr/quore/night.png [464251/464251] -> "quore.free.fr/quore/night.png" [1]
2021-01-25 19:44:57 URL:http://quore.free.fr/quore/underworld.png [390118/390118] -> "quore.free.fr/quore/underworld.png" [1]
2021-01-25 19:44:58 URL:http://quore.free.fr/quore/violence.png [410523/410523] -> "quore.free.fr/quore/violence.png" [1]
2021-01-25 19:44:58 URL:http://quore.free.fr/art/5rivers1.png [201893/201893] -> "quore.free.fr/art/5rivers1.png" [1]
2021-01-25 19:44:58 URL:http://quore.free.fr/art/5rivers2.png [283409/283409] -> "quore.free.fr/art/5rivers2.png" [1]
2021-01-25 19:44:59 URL:http://quore.free.fr/art/nsoe1.png [555015/555015] -> "quore.free.fr/art/nsoe1.png" [1]
2021-01-25 19:44:59 URL:http://quore.free.fr/art/nsoe2.png [679766/679766] -> "quore.free.fr/art/nsoe2.png" [1]
2021-01-25 19:45:00 URL:http://quore.free.fr/art/nsoe3.png [791227/791227] -> "quore.free.fr/art/nsoe3.png" [1]
2021-01-25 19:45:00 URL:http://quore.free.fr/art/nsoe5.png [588930/588930] -> "quore.free.fr/art/nsoe5.png" [1]
2021-01-25 19:45:01 URL:http://quore.free.fr/art/nsoe6.png [663836/663836] -> "quore.free.fr/art/nsoe6.png" [1]
2021-01-25 19:45:01 URL:http://quore.free.fr/art/nsoe7.png [649448/649448] -> "quore.free.fr/art/nsoe7.png" [1]
FINISHED --2021-01-25 19:45:01--
Total wall clock time: 1m 25s
Downloaded: 48 files, 769M in 56s (13.7 MB/s)
