2022-02-16 21:22:20 URL:https://renep.home.xs4all.nl/ [728/728] -> "renep.home.xs4all.nl/index.html" [1]
https://renep.home.xs4all.nl/robots.txt:
2022-02-16 21:22:20 ERROR 404: Not Found.
2022-02-16 21:22:20 URL:https://renep.home.xs4all.nl/quakeme/index.htm [626/626] -> "renep.home.xs4all.nl/quakeme/index.htm" [1]
2022-02-16 21:22:20 URL:https://renep.home.xs4all.nl/quakeme/contents.htm [1254/1254] -> "renep.home.xs4all.nl/quakeme/contents.htm" [1]
2022-02-16 21:22:20 URL:https://renep.home.xs4all.nl/quakeme/news.htm [10415/10415] -> "renep.home.xs4all.nl/quakeme/news.htm" [1]
https://renep.home.xs4all.nl/quakeme/backgrad.gif:
2022-02-16 21:22:20 ERROR 404: Not Found.
2022-02-16 21:22:20 URL:https://renep.home.xs4all.nl/quakeme/about.htm [1678/1678] -> "renep.home.xs4all.nl/quakeme/about.htm" [1]
2022-02-16 21:22:20 URL:https://renep.home.xs4all.nl/quakeme/faq.htm [9780/9780] -> "renep.home.xs4all.nl/quakeme/faq.htm" [1]
2022-02-16 21:22:20 URL:https://renep.home.xs4all.nl/quakeme/download.htm [3023/3023] -> "renep.home.xs4all.nl/quakeme/download.htm" [1]
2022-02-16 21:22:20 URL:https://renep.home.xs4all.nl/quakeme/order.htm [1599/1599] -> "renep.home.xs4all.nl/quakeme/order.htm" [1]
2022-02-16 21:22:20 URL:https://renep.home.xs4all.nl/quakeme/bugs.htm [1338/1338] -> "renep.home.xs4all.nl/quakeme/bugs.htm" [1]
2022-02-16 21:22:20 URL:https://renep.home.xs4all.nl/quakeme/tips.htm [1498/1498] -> "renep.home.xs4all.nl/quakeme/tips.htm" [1]
2022-02-16 21:22:20 URL:https://renep.home.xs4all.nl/quakeme/gallery.htm [1068/1068] -> "renep.home.xs4all.nl/quakeme/gallery.htm" [1]
2022-02-16 21:22:20 URL:https://renep.home.xs4all.nl/qmehelp/index.htm [644/644] -> "renep.home.xs4all.nl/qmehelp/index.htm" [1]
2022-02-16 21:22:20 URL:https://renep.home.xs4all.nl/quakeme/images/Leo.gif [66390/66390] -> "renep.home.xs4all.nl/quakeme/images/Leo.gif" [1]
2022-02-16 21:22:20 URL:https://renep.home.xs4all.nl/quakeme/images/human.gif [24013/24013] -> "renep.home.xs4all.nl/quakeme/images/human.gif" [1]
2022-02-16 21:22:20 URL:https://renep.home.xs4all.nl/qmehelp/frconten.htm [2185/2185] -> "renep.home.xs4all.nl/qmehelp/frconten.htm" [1]
2022-02-16 21:22:20 URL:https://renep.home.xs4all.nl/qmehelp/introduction.htm [1863/1863] -> "renep.home.xs4all.nl/qmehelp/introduction.htm" [1]
2022-02-16 21:22:20 URL:https://renep.home.xs4all.nl/qmehelp/backgrad.gif [1259/1259] -> "renep.home.xs4all.nl/qmehelp/backgrad.gif" [1]
2022-02-16 21:22:20 URL:https://renep.home.xs4all.nl/qmehelp/disclaimer.htm [1657/1657] -> "renep.home.xs4all.nl/qmehelp/disclaimer.htm" [1]
2022-02-16 21:22:20 URL:https://renep.home.xs4all.nl/qmehelp/concepts.htm [5846/5846] -> "renep.home.xs4all.nl/qmehelp/concepts.htm" [1]
2022-02-16 21:22:20 URL:https://renep.home.xs4all.nl/qmehelp/mainwindow.htm [35196/35196] -> "renep.home.xs4all.nl/qmehelp/mainwindow.htm" [1]
2022-02-16 21:22:20 URL:https://renep.home.xs4all.nl/qmehelp/optioneditor.htm [9261/9261] -> "renep.home.xs4all.nl/qmehelp/optioneditor.htm" [1]
2022-02-16 21:22:20 URL:https://renep.home.xs4all.nl/qmehelp/modelpropeditor.htm [5353/5353] -> "renep.home.xs4all.nl/qmehelp/modelpropeditor.htm" [1]
2022-02-16 21:22:20 URL:https://renep.home.xs4all.nl/qmehelp/frameeditor.htm [21349/21349] -> "renep.home.xs4all.nl/qmehelp/frameeditor.htm" [1]
2022-02-16 21:22:20 URL:https://renep.home.xs4all.nl/qmehelp/skineditor.htm [4041/4041] -> "renep.home.xs4all.nl/qmehelp/skineditor.htm" [1]
2022-02-16 21:22:20 URL:https://renep.home.xs4all.nl/qmehelp/coloreditor.htm [3057/3057] -> "renep.home.xs4all.nl/qmehelp/coloreditor.htm" [1]
2022-02-16 21:22:20 URL:https://renep.home.xs4all.nl/qmehelp/jointtrackeditor.htm [3833/3833] -> "renep.home.xs4all.nl/qmehelp/jointtrackeditor.htm" [1]
2022-02-16 21:22:20 URL:https://renep.home.xs4all.nl/qmehelp/tutmyfirstmdl.htm [12648/12648] -> "renep.home.xs4all.nl/qmehelp/tutmyfirstmdl.htm" [1]
https://renep.home.xs4all.nl/qmehelp/_vti_bin/shtml.exe/mainwindow.htm/map:
2022-02-16 21:22:20 ERROR 404: Not Found.
2022-02-16 21:22:20 URL:https://renep.home.xs4all.nl/qmehelp/mainwindow.gif [58324/58324] -> "renep.home.xs4all.nl/qmehelp/mainwindow.gif" [1]
2022-02-16 21:22:20 URL:https://renep.home.xs4all.nl/qmehelp/filemenu.gif [3119/3119] -> "renep.home.xs4all.nl/qmehelp/filemenu.gif" [1]
https://renep.home.xs4all.nl/qmehelp/_vti_bin/shtml.exe/mainwindow.htm/map1:
2022-02-16 21:22:20 ERROR 404: Not Found.
2022-02-16 21:22:20 URL:https://renep.home.xs4all.nl/qmehelp/viewmenu.gif [2522/2522] -> "renep.home.xs4all.nl/qmehelp/viewmenu.gif" [1]
https://renep.home.xs4all.nl/qmehelp/_vti_bin/shtml.exe/mainwindow.htm/map2:
2022-02-16 21:22:20 ERROR 404: Not Found.
2022-02-16 21:22:21 URL:https://renep.home.xs4all.nl/qmehelp/optionsmenu.gif [1785/1785] -> "renep.home.xs4all.nl/qmehelp/optionsmenu.gif" [1]
2022-02-16 21:22:21 URL:https://renep.home.xs4all.nl/qmehelp/helpmenu.gif [1155/1155] -> "renep.home.xs4all.nl/qmehelp/helpmenu.gif" [1]
2022-02-16 21:22:21 URL:https://renep.home.xs4all.nl/qmehelp/filemenutoolbar.gif [1387/1387] -> "renep.home.xs4all.nl/qmehelp/filemenutoolbar.gif" [1]
2022-02-16 21:22:21 URL:https://renep.home.xs4all.nl/qmehelp/editorshortcuts.gif [1381/1381] -> "renep.home.xs4all.nl/qmehelp/editorshortcuts.gif" [1]
2022-02-16 21:22:21 URL:https://renep.home.xs4all.nl/qmehelp/objectpal.gif [1765/1765] -> "renep.home.xs4all.nl/qmehelp/objectpal.gif" [1]
2022-02-16 21:22:21 URL:https://renep.home.xs4all.nl/qmehelp/toolpalette.gif [2416/2416] -> "renep.home.xs4all.nl/qmehelp/toolpalette.gif" [1]
2022-02-16 21:22:21 URL:https://renep.home.xs4all.nl/qmehelp/pentoolprops.gif [1867/1867] -> "renep.home.xs4all.nl/qmehelp/pentoolprops.gif" [1]
2022-02-16 21:22:21 URL:https://renep.home.xs4all.nl/qmehelp/toolprops.gif [2787/2787] -> "renep.home.xs4all.nl/qmehelp/toolprops.gif" [1]
2022-02-16 21:22:21 URL:https://renep.home.xs4all.nl/qmehelp/rottoolpal.gif [2744/2744] -> "renep.home.xs4all.nl/qmehelp/rottoolpal.gif" [1]
2022-02-16 21:22:21 URL:https://renep.home.xs4all.nl/qmehelp/scltoolprop.gif [2747/2747] -> "renep.home.xs4all.nl/qmehelp/scltoolprop.gif" [1]
2022-02-16 21:22:21 URL:https://renep.home.xs4all.nl/qmehelp/objscope.gif [1599/1599] -> "renep.home.xs4all.nl/qmehelp/objscope.gif" [1]
2022-02-16 21:22:21 URL:https://renep.home.xs4all.nl/qmehelp/objmode.gif [1373/1373] -> "renep.home.xs4all.nl/qmehelp/objmode.gif" [1]
2022-02-16 21:22:21 URL:https://renep.home.xs4all.nl/qmehelp/objsubject.gif [1358/1358] -> "renep.home.xs4all.nl/qmehelp/objsubject.gif" [1]
2022-02-16 21:22:21 URL:https://renep.home.xs4all.nl/qmehelp/skintree.gif [1629/1629] -> "renep.home.xs4all.nl/qmehelp/skintree.gif" [1]
2022-02-16 21:22:21 URL:https://renep.home.xs4all.nl/qmehelp/skintreemnu.gif [2872/2872] -> "renep.home.xs4all.nl/qmehelp/skintreemnu.gif" [1]
2022-02-16 21:22:21 URL:https://renep.home.xs4all.nl/qmehelp/framegrpico.gif [906/906] -> "renep.home.xs4all.nl/qmehelp/framegrpico.gif" [1]
2022-02-16 21:22:21 URL:https://renep.home.xs4all.nl/qmehelp/frametree.gif [2080/2080] -> "renep.home.xs4all.nl/qmehelp/frametree.gif" [1]
2022-02-16 21:22:21 URL:https://renep.home.xs4all.nl/qmehelp/frametreemnu.gif [4496/4496] -> "renep.home.xs4all.nl/qmehelp/frametreemnu.gif" [1]
2022-02-16 21:22:21 URL:https://renep.home.xs4all.nl/qmehelp/durationedt.gif [4144/4144] -> "renep.home.xs4all.nl/qmehelp/durationedt.gif" [1]
2022-02-16 21:22:21 URL:https://renep.home.xs4all.nl/qmehelp/jointico.gif [842/842] -> "renep.home.xs4all.nl/qmehelp/jointico.gif" [1]
2022-02-16 21:22:21 URL:https://renep.home.xs4all.nl/qmehelp/objtree.gif [2751/2751] -> "renep.home.xs4all.nl/qmehelp/objtree.gif" [1]
2022-02-16 21:22:21 URL:https://renep.home.xs4all.nl/qmehelp/objtreemnu.gif [4123/4123] -> "renep.home.xs4all.nl/qmehelp/objtreemnu.gif" [1]
2022-02-16 21:22:21 URL:https://renep.home.xs4all.nl/qmehelp/jointedit.gif [3824/3824] -> "renep.home.xs4all.nl/qmehelp/jointedit.gif" [1]
2022-02-16 21:22:21 URL:https://renep.home.xs4all.nl/qmehelp/colorpal.gif [6050/6050] -> "renep.home.xs4all.nl/qmehelp/colorpal.gif" [1]
2022-02-16 21:22:21 URL:https://renep.home.xs4all.nl/qmehelp/statusbar.gif [1557/1557] -> "renep.home.xs4all.nl/qmehelp/statusbar.gif" [1]
https://renep.home.xs4all.nl/qmehelp/_vti_bin/shtml.exe/optioneditor.htm/map:
2022-02-16 21:22:21 ERROR 404: Not Found.
2022-02-16 21:22:21 URL:https://renep.home.xs4all.nl/qmehelp/optgeneral.gif [5252/5252] -> "renep.home.xs4all.nl/qmehelp/optgeneral.gif" [1]
2022-02-16 21:22:21 URL:https://renep.home.xs4all.nl/qmehelp/seldir.gif [887/887] -> "renep.home.xs4all.nl/qmehelp/seldir.gif" [1]
https://renep.home.xs4all.nl/qmehelp/_vti_bin/shtml.exe/optioneditor.htm/map1:
2022-02-16 21:22:21 ERROR 404: Not Found.
2022-02-16 21:22:21 URL:https://renep.home.xs4all.nl/qmehelp/optframe.gif [6463/6463] -> "renep.home.xs4all.nl/qmehelp/optframe.gif" [1]
https://renep.home.xs4all.nl/qmehelp/_vti_bin/shtml.exe/optioneditor.htm/map2:
2022-02-16 21:22:21 ERROR 404: Not Found.
2022-02-16 21:22:21 URL:https://renep.home.xs4all.nl/qmehelp/optskin.gif [4808/4808] -> "renep.home.xs4all.nl/qmehelp/optskin.gif" [1]
https://renep.home.xs4all.nl/qmehelp/_vti_bin/shtml.exe/optioneditor.htm/map3:
2022-02-16 21:22:21 ERROR 404: Not Found.
2022-02-16 21:22:21 URL:https://renep.home.xs4all.nl/qmehelp/optcolors.gif [4646/4646] -> "renep.home.xs4all.nl/qmehelp/optcolors.gif" [1]
https://renep.home.xs4all.nl/qmehelp/_vti_bin/shtml.exe/modelpropeditor.htm/map:
2022-02-16 21:22:21 ERROR 404: Not Found.
2022-02-16 21:22:21 URL:https://renep.home.xs4all.nl/qmehelp/modelpropeditor.gif [8352/8352] -> "renep.home.xs4all.nl/qmehelp/modelpropeditor.gif" [1]
https://renep.home.xs4all.nl/qmehelp/_vti_bin/shtml.exe/frameeditor.htm/map:
2022-02-16 21:22:21 ERROR 404: Not Found.
2022-02-16 21:22:21 URL:https://renep.home.xs4all.nl/qmehelp/frameeditor.gif [11332/11332] -> "renep.home.xs4all.nl/qmehelp/frameeditor.gif" [1]
2022-02-16 21:22:21 URL:https://renep.home.xs4all.nl/qmehelp/animctrls.gif [980/980] -> "renep.home.xs4all.nl/qmehelp/animctrls.gif" [1]
2022-02-16 21:22:21 URL:https://renep.home.xs4all.nl/qmehelp/campresets.gif [1387/1387] -> "renep.home.xs4all.nl/qmehelp/campresets.gif" [1]
2022-02-16 21:22:21 URL:https://renep.home.xs4all.nl/qmehelp/perspbtn.gif [926/926] -> "renep.home.xs4all.nl/qmehelp/perspbtn.gif" [1]
2022-02-16 21:22:21 URL:https://renep.home.xs4all.nl/qmehelp/rendermode.gif [1160/1160] -> "renep.home.xs4all.nl/qmehelp/rendermode.gif" [1]
2022-02-16 21:22:21 URL:https://renep.home.xs4all.nl/qmehelp/spotlight.gif [986/986] -> "renep.home.xs4all.nl/qmehelp/spotlight.gif" [1]
2022-02-16 21:22:21 URL:https://renep.home.xs4all.nl/qmehelp/framezoommnu.gif [1697/1697] -> "renep.home.xs4all.nl/qmehelp/framezoommnu.gif" [1]
2022-02-16 21:22:21 URL:https://renep.home.xs4all.nl/qmehelp/resolutionmnu.gif [1739/1739] -> "renep.home.xs4all.nl/qmehelp/resolutionmnu.gif" [1]
2022-02-16 21:22:21 URL:https://renep.home.xs4all.nl/qmehelp/snapshotmnu.gif [1326/1326] -> "renep.home.xs4all.nl/qmehelp/snapshotmnu.gif" [1]
https://renep.home.xs4all.nl/qmehelp/_vti_bin/shtml.exe/frameeditor.htm/map1:
2022-02-16 21:22:21 ERROR 404: Not Found.
2022-02-16 21:22:21 URL:https://renep.home.xs4all.nl/qmehelp/singlevertex.gif [868/868] -> "renep.home.xs4all.nl/qmehelp/singlevertex.gif" [1]
https://renep.home.xs4all.nl/qmehelp/_vti_bin/shtml.exe/frameeditor.htm/map2:
2022-02-16 21:22:21 ERROR 404: Not Found.
2022-02-16 21:22:21 URL:https://renep.home.xs4all.nl/qmehelp/vertexmenu.gif [5577/5577] -> "renep.home.xs4all.nl/qmehelp/vertexmenu.gif" [1]
https://renep.home.xs4all.nl/qmehelp/_vti_bin/shtml.exe/frameeditor.htm/map3:
2022-02-16 21:22:21 ERROR 404: Not Found.
2022-02-16 21:22:21 URL:https://renep.home.xs4all.nl/qmehelp/trianglemenu.gif [5965/5965] -> "renep.home.xs4all.nl/qmehelp/trianglemenu.gif" [1]
2022-02-16 21:22:21 URL:https://renep.home.xs4all.nl/qmehelp/objectmnu.gif [4218/4218] -> "renep.home.xs4all.nl/qmehelp/objectmnu.gif" [1]
https://renep.home.xs4all.nl/qmehelp/_vti_bin/shtml.exe/skineditor.htm/map:
2022-02-16 21:22:21 ERROR 404: Not Found.
2022-02-16 21:22:21 URL:https://renep.home.xs4all.nl/qmehelp/skineditor.gif [9221/9221] -> "renep.home.xs4all.nl/qmehelp/skineditor.gif" [1]
2022-02-16 21:22:21 URL:https://renep.home.xs4all.nl/qmehelp/skinclipboard.gif [1244/1244] -> "renep.home.xs4all.nl/qmehelp/skinclipboard.gif" [1]
https://renep.home.xs4all.nl/qmehelp/_vti_bin/shtml.exe/coloreditor.htm/map:
2022-02-16 21:22:21 ERROR 404: Not Found.
2022-02-16 21:22:22 URL:https://renep.home.xs4all.nl/qmehelp/skincoloreditor.gif [32816/32816] -> "renep.home.xs4all.nl/qmehelp/skincoloreditor.gif" [1]
https://renep.home.xs4all.nl/qmehelp/_vti_bin/shtml.exe/jointtrackeditor.htm/map:
2022-02-16 21:22:22 ERROR 404: Not Found.
2022-02-16 21:22:22 URL:https://renep.home.xs4all.nl/qmehelp/jointtrackeditor.gif [4809/4809] -> "renep.home.xs4all.nl/qmehelp/jointtrackeditor.gif" [1]
2022-02-16 21:22:22 URL:https://renep.home.xs4all.nl/qmehelp/frameedit.gif [944/944] -> "renep.home.xs4all.nl/qmehelp/frameedit.gif" [1]
2022-02-16 21:22:22 URL:https://renep.home.xs4all.nl/qmehelp/zoombtn.gif [968/968] -> "renep.home.xs4all.nl/qmehelp/zoombtn.gif" [1]
2022-02-16 21:22:22 URL:https://renep.home.xs4all.nl/qmehelp/prefabpalette.gif [1658/1658] -> "renep.home.xs4all.nl/qmehelp/prefabpalette.gif" [1]
2022-02-16 21:22:22 URL:https://renep.home.xs4all.nl/qmehelp/sphere.gif [942/942] -> "renep.home.xs4all.nl/qmehelp/sphere.gif" [1]
2022-02-16 21:22:22 URL:https://renep.home.xs4all.nl/qmehelp/objectscale.gif [958/958] -> "renep.home.xs4all.nl/qmehelp/objectscale.gif" [1]
2022-02-16 21:22:22 URL:https://renep.home.xs4all.nl/qmehelp/cylinder.gif [949/949] -> "renep.home.xs4all.nl/qmehelp/cylinder.gif" [1]
2022-02-16 21:22:22 URL:https://renep.home.xs4all.nl/qmehelp/objectmove.gif [961/961] -> "renep.home.xs4all.nl/qmehelp/objectmove.gif" [1]
2022-02-16 21:22:22 URL:https://renep.home.xs4all.nl/qmehelp/box.gif [948/948] -> "renep.home.xs4all.nl/qmehelp/box.gif" [1]
2022-02-16 21:22:22 URL:https://renep.home.xs4all.nl/qmehelp/vertexedittool.gif [957/957] -> "renep.home.xs4all.nl/qmehelp/vertexedittool.gif" [1]
https://renep.home.xs4all.nl/qmehelp/NAI10.jpg:
2022-02-16 21:22:22 ERROR 404: Not Found.
2022-02-16 21:22:22 URL:https://renep.home.xs4all.nl/qmehelp/editprop.gif [961/961] -> "renep.home.xs4all.nl/qmehelp/editprop.gif" [1]
2022-02-16 21:22:22 URL:https://renep.home.xs4all.nl/qmehelp/skinedit.gif [935/935] -> "renep.home.xs4all.nl/qmehelp/skinedit.gif" [1]
https://renep.home.xs4all.nl/qmehelp/NAI20.gif:
2022-02-16 21:22:22 ERROR 404: Not Found.
2022-02-16 21:22:22 URL:https://renep.home.xs4all.nl/qmehelp/pentool.gif [946/946] -> "renep.home.xs4all.nl/qmehelp/pentool.gif" [1]
2022-02-16 21:22:22 URL:https://renep.home.xs4all.nl/qmehelp/myfirstmdl.gif [1985/1985] -> "renep.home.xs4all.nl/qmehelp/myfirstmdl.gif" [1]
FINISHED --2022-02-16 21:22:22--
Total wall clock time: 2.2s
Downloaded: 91 files, 475K in 0.04s (12.3 MB/s)
