2014-06-24 20:26:00 URL:http://reqoning.com/ [10822/10822] -> "reqoning.com_20140624/index.html" [1]
2014-06-24 20:26:00 URL:http://reqoning.com/reqoning.css [3119/3119] -> "reqoning.com_20140624/reqoning.css" [1]
2014-06-24 20:26:00 URL:http://reqoning.com/images/logo5.jpg [18077/18077] -> "reqoning.com_20140624/images/logo5.jpg" [1]
2014-06-24 20:26:01 URL:http://reqoning.com/q1req/ [4702/4702] -> "reqoning.com_20140624/q1req/index.html" [1]
2014-06-24 20:26:01 URL:http://reqoning.com/q1req/images/q1req2.jpg [4344/4344] -> "reqoning.com_20140624/q1req/images/q1req2.jpg" [1]
2014-06-24 20:26:01 URL:http://reqoning.com/q2req/ [4470/4470] -> "reqoning.com_20140624/q2req/index.html" [1]
2014-06-24 20:26:01 URL:http://reqoning.com/q2req/images/q2req2.jpg [3504/3504] -> "reqoning.com_20140624/q2req/images/q2req2.jpg" [1]
2014-06-24 20:26:01 URL:http://reqoning.com/q3req/ [18633/18633] -> "reqoning.com_20140624/q3req/index.html" [1]
2014-06-24 20:26:02 URL:http://reqoning.com/q3req/images/q3req2.jpg [3551/3551] -> "reqoning.com_20140624/q3req/images/q3req2.jpg" [1]
2014-06-24 20:26:02 URL:http://reqoning.com/files/ [6465/6465] -> "reqoning.com_20140624/files/index.html" [1]
2014-06-24 20:26:02 URL:http://reqoning.com/requiem.html [6713/6713] -> "reqoning.com_20140624/requiem.html" [1]
2014-06-24 20:26:02 URL:http://reqoning.com/legal.php [4968] -> "reqoning.com_20140624/legal.php.html" [1]
2014-06-24 20:26:03 URL:http://reqoning.com/stockmaps/ [2212/2212] -> "reqoning.com_20140624/stockmaps/index.html" [1]
2014-06-24 20:26:03 URL:http://reqoning.com/pingpage/index.html [2749/2749] -> "reqoning.com_20140624/pingpage/index.html" [1]
2014-06-24 20:26:03 URL:http://reqoning.com/images/buttons/waronlinebutton.gif [52456/52456] -> "reqoning.com_20140624/images/buttons/waronlinebutton.gif" [1]
2014-06-24 20:26:03 URL:http://reqoning.com/reqoning.js [3423/3423] -> "reqoning.com_20140624/reqoning.js" [1]
2014-06-24 20:26:04 URL:http://reqoning.com/q1req/reqoning_q1req.css [1840/1840] -> "reqoning.com_20140624/q1req/reqoning_q1req.css" [1]
2014-06-24 20:26:04 URL:http://reqoning.com/q1req/images/logo.jpg [6493/6493] -> "reqoning.com_20140624/q1req/images/logo.jpg" [1]
2014-06-24 20:26:04 URL:http://reqoning.com/files/ [6465/6465] -> "reqoning.com_20140624/files.1.html" [1]
2014-06-24 20:26:04 URL:http://reqoning.com/q1req/images/q1req_left.jpg [9407/9407] -> "reqoning.com_20140624/q1req/images/q1req_left.jpg" [1]
2014-06-24 20:26:05 URL:http://reqoning.com/q1req/weapons.html [21983/21983] -> "reqoning.com_20140624/q1req/weapons.html" [1]
2014-06-24 20:26:05 URL:http://reqoning.com/q1req/runes.html [8362/8362] -> "reqoning.com_20140624/q1req/runes.html" [1]
2014-06-24 20:26:05 URL:http://reqoning.com/q1req/bindkeys.html [18433/18433] -> "reqoning.com_20140624/q1req/bindkeys.html" [1]
2014-06-24 20:26:06 URL:http://reqoning.com/q1req/console.html [13512/13512] -> "reqoning.com_20140624/q1req/console.html" [1]
2014-06-24 20:26:06 URL:http://reqoning.com/q1req/optionspack.html [5162/5162] -> "reqoning.com_20140624/q1req/optionspack.html" [1]
2014-06-24 20:26:06 URL:http://reqoning.com/q1req/linux.html [10617/10617] -> "reqoning.com_20140624/q1req/linux.html" [1]
2014-06-24 20:26:06 URL:http://reqoning.com/q1req/nt.html [9989/9989] -> "reqoning.com_20140624/q1req/nt.html" [1]
2014-06-24 20:26:06 URL:http://reqoning.com/q1req/win98.html [5253/5253] -> "reqoning.com_20140624/q1req/win98.html" [1]
2014-06-24 20:26:07 URL:http://reqoning.com/q1req/server.cfg.html [11168/11168] -> "reqoning.com_20140624/q1req/server.cfg.html" [1]
2014-06-24 20:26:07 URL:http://reqoning.com/q1req/maprotation.html [6090/6090] -> "reqoning.com_20140624/q1req/maprotation.html" [1]
2014-06-24 20:26:07 URL:http://reqoning.com/q1req/motd.html [5328/5328] -> "reqoning.com_20140624/q1req/motd.html" [1]
2014-06-24 20:26:08 URL:http://reqoning.com/q1req/background.html [5965/5965] -> "reqoning.com_20140624/q1req/background.html" [1]
2014-06-24 20:26:08 URL:http://reqoning.com/q1req/images/q1req_right.jpg [6898/6898] -> "reqoning.com_20140624/q1req/images/q1req_right.jpg" [1]
2014-06-24 20:26:08 URL:http://reqoning.com/q1req/images/v2.4.b.gif [16194/16194] -> "reqoning.com_20140624/q1req/images/v2.4.b.gif" [1]
2014-06-24 20:26:08 URL:http://reqoning.com/q2req/reqoning_q2req.css [2418/2418] -> "reqoning.com_20140624/q2req/reqoning_q2req.css" [1]
2014-06-24 20:26:08 URL:http://reqoning.com/q2req/images/logo.jpg [6493/6493] -> "reqoning.com_20140624/q2req/images/logo.jpg" [1]
2014-06-24 20:26:09 URL:http://reqoning.com/q2req/images/q2req_left.jpg [10626/10626] -> "reqoning.com_20140624/q2req/images/q2req_left.jpg" [1]
2014-06-24 20:26:09 URL:http://reqoning.com/q2req/summary.html [3438/3438] -> "reqoning.com_20140624/q2req/summary.html" [1]
2014-06-24 20:26:09 URL:http://reqoning.com/q2req/weapons.html [23960/23960] -> "reqoning.com_20140624/q2req/weapons.html" [1]
2014-06-24 20:26:09 URL:http://reqoning.com/q2req/runes.html [6113/6113] -> "reqoning.com_20140624/q2req/runes.html" [1]
2014-06-24 20:26:10 URL:http://reqoning.com/q2req/bindkeys.html [3068/3068] -> "reqoning.com_20140624/q2req/bindkeys.html" [1]
2014-06-24 20:26:10 URL:http://reqoning.com/q2req/screen_shots.html [9425/9425] -> "reqoning.com_20140624/q2req/screen_shots.html" [1]
2014-06-24 20:26:10 URL:http://reqoning.com/q2req/linux.html [2876/2876] -> "reqoning.com_20140624/q2req/linux.html" [1]
2014-06-24 20:26:10 URL:http://reqoning.com/q2req/win32.html [4134/4134] -> "reqoning.com_20140624/q2req/win32.html" [1]
2014-06-24 20:26:10 URL:http://reqoning.com/q2req/server.cfg.html [4522/4522] -> "reqoning.com_20140624/q2req/server.cfg.html" [1]
2014-06-24 20:26:11 URL:http://reqoning.com/q2req/images/q2req_right.jpg [8570/8570] -> "reqoning.com_20140624/q2req/images/q2req_right.jpg" [1]
2014-06-24 20:26:11 URL:http://reqoning.com/q3req/reqoning_q3req.css [2971/2971] -> "reqoning.com_20140624/q3req/reqoning_q3req.css" [1]
2014-06-24 20:26:11 URL:http://reqoning.com/q3req/images/logo.jpg [6889/6889] -> "reqoning.com_20140624/q3req/images/logo.jpg" [1]
2014-06-24 20:26:11 URL:http://reqoning.com/q3req/images/req3logo3.jpg [14060/14060] -> "reqoning.com_20140624/q3req/images/req3logo3.jpg" [1]
2014-06-24 20:26:11 URL:http://reqoning.com/q3req/summary.html [5426/5426] -> "reqoning.com_20140624/q3req/summary.html" [1]
2014-06-24 20:26:12 URL:http://reqoning.com/q3req/weapons.html [4055/4055] -> "reqoning.com_20140624/q3req/weapons.html" [1]
2014-06-24 20:26:12 URL:http://reqoning.com/q3req/runes.html [5461/5461] -> "reqoning.com_20140624/q3req/runes.html" [1]
2014-06-24 20:26:12 URL:http://reqoning.com/q3req/bindkeys.html [4212/4212] -> "reqoning.com_20140624/q3req/bindkeys.html" [1]
2014-06-24 20:26:12 URL:http://reqoning.com/q3req/server-cvars.html [3368/3368] -> "reqoning.com_20140624/q3req/server-cvars.html" [1]
2014-06-24 20:26:12 URL:http://reqoning.com/q3req/screenshots.html [7107/7107] -> "reqoning.com_20140624/q3req/screenshots.html" [1]
2014-06-24 20:26:12 URL:http://reqoning.com/q3req/q3client.html [7523/7523] -> "reqoning.com_20140624/q3req/q3client.html" [1]
2014-06-24 20:26:13 URL:http://reqoning.com/q3req/q3server.html [9877/9877] -> "reqoning.com_20140624/q3req/q3server.html" [1]
2014-06-24 20:26:13 URL:http://reqoning.com/q3req/server.cfg.html [12686/12686] -> "reqoning.com_20140624/q3req/server.cfg.html" [1]
2014-06-24 20:26:13 URL:http://reqoning.com/q3req/maprotation.cfg.html [1840/1840] -> "reqoning.com_20140624/q3req/maprotation.cfg.html" [1]
2014-06-24 20:26:13 URL:http://reqoning.com/q3req/images/footer-logo1.jpg [10860/10860] -> "reqoning.com_20140624/q3req/images/footer-logo1.jpg" [1]
2014-06-24 20:26:13 URL:http://reqoning.com/files/images/filedownload.gif [2867/2867] -> "reqoning.com_20140624/files/images/filedownload.gif" [1]
2014-06-24 20:26:15 URL:http://reqoning.com/files/q1/req2fb.zip [250402/250402] -> "reqoning.com_20140624/files/q1/req2fb.zip" [1]
2014-06-24 20:26:16 URL:http://reqoning.com/files/client/reqpak2.zip [1045150/1045150] -> "reqoning.com_20140624/files/client/reqpak2.zip" [1]
2014-06-24 20:26:16 URL:http://reqoning.com/files/qw/qwreq24.zip [253283/253283] -> "reqoning.com_20140624/files/qw/qwreq24.zip" [1]
2014-06-24 20:26:17 URL:http://reqoning.com/files/q2/req2-v0.3-beta3-i386-glibc.tar.gz [259086/259086] -> "reqoning.com_20140624/files/q2/req2-v0.3-beta3-i386-glibc.tar.gz" [1]
2014-06-24 20:26:17 URL:http://reqoning.com/files/q2/req2-v0.3-beta3.zip [183569/183569] -> "reqoning.com_20140624/files/q2/req2-v0.3-beta3.zip" [1]
2014-06-24 20:26:19 URL:http://reqoning.com/files/q3/req3a-v1.exe [1330894/1330894] -> "reqoning.com_20140624/files/q3/req3a-v1.exe" [1]
2014-06-24 20:26:19 URL:http://reqoning.com/files/q3/req3a-v1-noarch.zip [907933/907933] -> "reqoning.com_20140624/files/q3/req3a-v1-noarch.zip" [1]
2014-06-24 20:26:20 URL:http://reqoning.com/files/q3/server-configs.zip [5854/5854] -> "reqoning.com_20140624/files/q3/server-configs.zip" [1]
2014-06-24 20:26:20 URL:http://reqoning.com/files/q3/reqserv.bat [1064/1064] -> "reqoning.com_20140624/files/q3/reqserv.bat" [1]
2014-06-24 20:26:20 URL:http://reqoning.com/files/q3/go [830/830] -> "reqoning.com_20140624/files/q3/go" [1]
2014-06-24 20:26:33 URL:http://reqoning.com/files/ID/Q3PointRelease_127g.exe [18634586/18634586] -> "reqoning.com_20140624/files/ID/Q3PointRelease_127g.exe" [1]
2014-06-24 20:26:33 URL:http://reqoning.com/files/ID/q3pointrelease_127h_beta.exe [835938/835938] -> "reqoning.com_20140624/files/ID/q3pointrelease_127h_beta.exe" [1]
2014-06-24 20:26:34 URL:http://reqoning.com/files/deadsoul.mid [31649/31649] -> "reqoning.com_20140624/files/deadsoul.mid" [1]
2014-06-24 20:26:34 URL:http://reqoning.com/images/logo.jpg [6493/6493] -> "reqoning.com_20140624/images/logo.jpg" [1]
2014-06-24 20:26:34 URL:http://reqoning.com/stockmaps/stockmaps.js [2439/2439] -> "reqoning.com_20140624/stockmaps/stockmaps.js" [1]
2014-06-24 20:26:34 URL:http://reqoning.com/stockmaps/stockmaps.css [2784/2784] -> "reqoning.com_20140624/stockmaps/stockmaps.css" [1]
2014-06-24 20:26:34 URL:http://reqoning.com/stockmaps/images/logo.jpg [3585/3585] -> "reqoning.com_20140624/stockmaps/images/logo.jpg" [1]
2014-06-24 20:26:35 URL:http://reqoning.com/stockmaps/images/sm_logo.gif [9934/9934] -> "reqoning.com_20140624/stockmaps/images/sm_logo.gif" [1]
2014-06-24 20:26:35 URL:http://reqoning.com/stockmaps/changelog-sm.txt [3240/3240] -> "reqoning.com_20140624/stockmaps/changelog-sm.txt" [1]
2014-06-24 20:26:35 URL:http://reqoning.com/pingpage/logo.jpg [6167/6167] -> "reqoning.com_20140624/pingpage/logo.jpg" [1]
2014-06-24 20:26:35 URL:http://reqoning.com/pingpage/Quickfix.html [3896/3896] -> "reqoning.com_20140624/pingpage/Quickfix.html" [1]
2014-06-24 20:26:35 URL:http://reqoning.com/pingpage/Comp_Phone_ISP.html [9823/9823] -> "reqoning.com_20140624/pingpage/Comp_Phone_ISP.html" [1]
2014-06-24 20:26:35 URL:http://reqoning.com/pingpage/new_page_1.html [7350/7350] -> "reqoning.com_20140624/pingpage/new_page_1.html" [1]
2014-06-24 20:26:36 URL:http://reqoning.com/pingpage/q3_qw_gl.html [11106/11106] -> "reqoning.com_20140624/pingpage/q3_qw_gl.html" [1]
2014-06-24 20:26:36 URL:http://reqoning.com/pingpage/linkomatic.html [5237/5237] -> "reqoning.com_20140624/pingpage/linkomatic.html" [1]
2014-06-24 20:26:36 URL:http://reqoning.com/pingpage/shot0052.jpg [16881/16881] -> "reqoning.com_20140624/pingpage/shot0052.jpg" [1]
2014-06-24 20:26:36 URL:http://reqoning.com/q1req/index.html [4702/4702] -> "reqoning.com_20140624/q1req/index.html" [1]
2014-06-24 20:26:36 URL:http://reqoning.com/q1req/images/spacer.gif [49/49] -> "reqoning.com_20140624/q1req/images/spacer.gif" [1]
2014-06-24 20:26:37 URL:http://reqoning.com/q1req/images/2quake00.jpg [9160/9160] -> "reqoning.com_20140624/q1req/images/2quake00.jpg" [1]
2014-06-24 20:26:37 URL:http://reqoning.com/q1req/images/2quake10.jpg [9815/9815] -> "reqoning.com_20140624/q1req/images/2quake10.jpg" [1]
2014-06-24 20:26:37 URL:http://reqoning.com/q1req/images/2quake12.jpg [8793/8793] -> "reqoning.com_20140624/q1req/images/2quake12.jpg" [1]
2014-06-24 20:26:37 URL:http://reqoning.com/q1req/images/jeffs_linux_b.jpg [6491/6491] -> "reqoning.com_20140624/q1req/images/jeffs_linux_b.jpg" [1]
2014-06-24 20:26:37 URL:http://reqoning.com/q1req/images/micromoney.gif [3461/3461] -> "reqoning.com_20140624/q1req/images/micromoney.gif" [1]
2014-06-24 20:26:38 URL:http://reqoning.com/q2req/index.html [4470/4470] -> "reqoning.com_20140624/q2req/index.html" [1]
2014-06-24 20:26:38 URL:http://reqoning.com/q2req/images/runes/hastrune.jpg [1461/1461] -> "reqoning.com_20140624/q2req/images/runes/hastrune.jpg" [1]
2014-06-24 20:26:38 URL:http://reqoning.com/q2req/images/runes/strengthrune.jpg [1909/1909] -> "reqoning.com_20140624/q2req/images/runes/strengthrune.jpg" [1]
2014-06-24 20:26:38 URL:http://reqoning.com/q2req/images/runes/regenrune.jpg [1750/1750] -> "reqoning.com_20140624/q2req/images/runes/regenrune.jpg" [1]
2014-06-24 20:26:38 URL:http://reqoning.com/q2req/images/runes/resistrune.jpg [1881/1881] -> "reqoning.com_20140624/q2req/images/runes/resistrune.jpg" [1]
2014-06-24 20:26:38 URL:http://reqoning.com/q2req/images/runes/reflectrune.jpg [1812/1812] -> "reqoning.com_20140624/q2req/images/runes/reflectrune.jpg" [1]
2014-06-24 20:26:39 URL:http://reqoning.com/q2req/images/runes/magicrune.jpg [1627/1627] -> "reqoning.com_20140624/q2req/images/runes/magicrune.jpg" [1]
2014-06-24 20:26:39 URL:http://reqoning.com/q2req/images/screen_shots/channeler.jpg [10883/10883] -> "reqoning.com_20140624/q2req/images/screen_shots/channeler.jpg" [1]
2014-06-24 20:26:40 URL:http://reqoning.com/q2req/images/screen_shots/deathmissiles.jpg [9367/9367] -> "reqoning.com_20140624/q2req/images/screen_shots/deathmissiles.jpg" [1]
2014-06-24 20:26:40 URL:http://reqoning.com/q2req/images/screen_shots/duallasers.jpg [9124/9124] -> "reqoning.com_20140624/q2req/images/screen_shots/duallasers.jpg" [1]
2014-06-24 20:26:40 URL:http://reqoning.com/q2req/images/screen_shots/fire.jpg [10312/10312] -> "reqoning.com_20140624/q2req/images/screen_shots/fire.jpg" [1]
2014-06-24 20:26:40 URL:http://reqoning.com/q2req/images/screen_shots/freeze.jpg [4009/4009] -> "reqoning.com_20140624/q2req/images/screen_shots/freeze.jpg" [1]
2014-06-24 20:26:41 URL:http://reqoning.com/q2req/images/screen_shots/poisnailgun.jpg [25377/25377] -> "reqoning.com_20140624/q2req/images/screen_shots/poisnailgun.jpg" [1]
2014-06-24 20:26:41 URL:http://reqoning.com/q2req/images/screen_shots/rail-reflected.jpg [10670/10670] -> "reqoning.com_20140624/q2req/images/screen_shots/rail-reflected.jpg" [1]
2014-06-24 20:26:41 URL:http://reqoning.com/q3req/index.html [18633/18633] -> "reqoning.com_20140624/q3req/index.html" [1]
2014-06-24 20:26:41 URL:http://reqoning.com/q3req/images/runes/rage-05.jpg [8501/8501] -> "reqoning.com_20140624/q3req/images/runes/rage-05.jpg" [1]
2014-06-24 20:26:42 URL:http://reqoning.com/q3req/images/runes/resistance-05.jpg [7887/7887] -> "reqoning.com_20140624/q3req/images/runes/resistance-05.jpg" [1]
2014-06-24 20:26:42 URL:http://reqoning.com/q3req/images/runes/strength-05.jpg [9090/9090] -> "reqoning.com_20140624/q3req/images/runes/strength-05.jpg" [1]
2014-06-24 20:26:42 URL:http://reqoning.com/q3req/images/runes/magic-05.jpg [7711/7711] -> "reqoning.com_20140624/q3req/images/runes/magic-05.jpg" [1]
2014-06-24 20:26:42 URL:http://reqoning.com/q3req/images/runes/rejuvination-05.jpg [8759/8759] -> "reqoning.com_20140624/q3req/images/runes/rejuvination-05.jpg" [1]
2014-06-24 20:26:42 URL:http://reqoning.com/q3req/images/runes/reflection-05.jpg [11014/11014] -> "reqoning.com_20140624/q3req/images/runes/reflection-05.jpg" [1]
2014-06-24 20:26:43 URL:http://reqoning.com/q3req/images/screenshots/freeze/shot0001-large.jpg [73553/73553] -> "reqoning.com_20140624/q3req/images/screenshots/freeze/shot0001-large.jpg" [1]
2014-06-24 20:26:43 URL:http://reqoning.com/q3req/images/screenshots/freeze/shot0001-small.jpg [25265/25265] -> "reqoning.com_20140624/q3req/images/screenshots/freeze/shot0001-small.jpg" [1]
2014-06-24 20:26:44 URL:http://reqoning.com/q3req/images/screenshots/esd/shot0003-large.jpg [66274/66274] -> "reqoning.com_20140624/q3req/images/screenshots/esd/shot0003-large.jpg" [1]
2014-06-24 20:26:44 URL:http://reqoning.com/q3req/images/screenshots/esd/shot0003-small.jpg [23127/23127] -> "reqoning.com_20140624/q3req/images/screenshots/esd/shot0003-small.jpg" [1]
2014-06-24 20:26:44 URL:http://reqoning.com/q3req/images/screenshots/esd/shot0011-large.jpg [63476/63476] -> "reqoning.com_20140624/q3req/images/screenshots/esd/shot0011-large.jpg" [1]
2014-06-24 20:26:44 URL:http://reqoning.com/q3req/images/screenshots/esd/shot0011-small.jpg [21601/21601] -> "reqoning.com_20140624/q3req/images/screenshots/esd/shot0011-small.jpg" [1]
2014-06-24 20:26:45 URL:http://reqoning.com/q3req/images/screenshots/holo/shot0013-large.jpg [66701/66701] -> "reqoning.com_20140624/q3req/images/screenshots/holo/shot0013-large.jpg" [1]
2014-06-24 20:26:45 URL:http://reqoning.com/q3req/images/screenshots/holo/shot0013-small.jpg [22634/22634] -> "reqoning.com_20140624/q3req/images/screenshots/holo/shot0013-small.jpg" [1]
2014-06-24 20:26:45 URL:http://reqoning.com/q3req/images/screenshots/tg/shot0020-large.jpg [58505/58505] -> "reqoning.com_20140624/q3req/images/screenshots/tg/shot0020-large.jpg" [1]
2014-06-24 20:26:46 URL:http://reqoning.com/q3req/images/screenshots/tg/shot0020-small.jpg [19628/19628] -> "reqoning.com_20140624/q3req/images/screenshots/tg/shot0020-small.jpg" [1]
2014-06-24 20:26:46 URL:http://reqoning.com/q3req/images/screenshots/flamethrower/shot0003-large.jpg [68976/68976] -> "reqoning.com_20140624/q3req/images/screenshots/flamethrower/shot0003-large.jpg" [1]
2014-06-24 20:26:46 URL:http://reqoning.com/q3req/images/screenshots/flamethrower/shot0003-small.jpg [22611/22611] -> "reqoning.com_20140624/q3req/images/screenshots/flamethrower/shot0003-small.jpg" [1]
2014-06-24 20:26:47 URL:http://reqoning.com/q3req/images/screenshots/flamethrower/shot0022-large.jpg [77840/77840] -> "reqoning.com_20140624/q3req/images/screenshots/flamethrower/shot0022-large.jpg" [1]
2014-06-24 20:26:47 URL:http://reqoning.com/q3req/images/screenshots/flamethrower/shot0022-small.jpg [26030/26030] -> "reqoning.com_20140624/q3req/images/screenshots/flamethrower/shot0022-small.jpg" [1]
2014-06-24 20:26:47 URL:http://reqoning.com/q3req/images/screenshots/flamethrower/shot0032-large.jpg [54151/54151] -> "reqoning.com_20140624/q3req/images/screenshots/flamethrower/shot0032-large.jpg" [1]
2014-06-24 20:26:47 URL:http://reqoning.com/q3req/images/screenshots/flamethrower/shot0032-small.jpg [19576/19576] -> "reqoning.com_20140624/q3req/images/screenshots/flamethrower/shot0032-small.jpg" [1]
2014-06-24 20:26:47 URL:http://reqoning.com/q3req/images/screenshots/flamethrower/shot0040-large.jpg [66591/66591] -> "reqoning.com_20140624/q3req/images/screenshots/flamethrower/shot0040-large.jpg" [1]
2014-06-24 20:26:48 URL:http://reqoning.com/q3req/images/screenshots/flamethrower/shot0040-small.jpg [22862/22862] -> "reqoning.com_20140624/q3req/images/screenshots/flamethrower/shot0040-small.jpg" [1]
2014-06-24 20:26:48 URL:http://reqoning.com/q3req/images/screenshots/flamethrower/shot0058-large.jpg [65464/65464] -> "reqoning.com_20140624/q3req/images/screenshots/flamethrower/shot0058-large.jpg" [1]
2014-06-24 20:26:48 URL:http://reqoning.com/q3req/images/screenshots/flamethrower/shot0058-small.jpg [22092/22092] -> "reqoning.com_20140624/q3req/images/screenshots/flamethrower/shot0058-small.jpg" [1]
2014-06-24 20:26:48 URL:http://reqoning.com/q3req/images/screenshots/flamethrower/shot0065-large.jpg [67761/67761] -> "reqoning.com_20140624/q3req/images/screenshots/flamethrower/shot0065-large.jpg" [1]
2014-06-24 20:26:49 URL:http://reqoning.com/q3req/images/screenshots/flamethrower/shot0065-small.jpg [23047/23047] -> "reqoning.com_20140624/q3req/images/screenshots/flamethrower/shot0065-small.jpg" [1]
2014-06-24 20:26:49 URL:http://reqoning.com/q3req/images/screenshots/death-missiles/shot0029-large.jpg [49621/49621] -> "reqoning.com_20140624/q3req/images/screenshots/death-missiles/shot0029-large.jpg" [1]
2014-06-24 20:26:49 URL:http://reqoning.com/q3req/images/screenshots/death-missiles/shot0029-small.jpg [17044/17044] -> "reqoning.com_20140624/q3req/images/screenshots/death-missiles/shot0029-small.jpg" [1]
2014-06-24 20:26:49 URL:http://reqoning.com/q3req/images/screenshots/bomber-missile/shot0010-large.jpg [55380/55380] -> "reqoning.com_20140624/q3req/images/screenshots/bomber-missile/shot0010-large.jpg" [1]
2014-06-24 20:26:49 URL:http://reqoning.com/q3req/images/screenshots/bomber-missile/shot0010-small.jpg [18942/18942] -> "reqoning.com_20140624/q3req/images/screenshots/bomber-missile/shot0010-small.jpg" [1]
2014-06-24 20:26:50 URL:http://reqoning.com/q3req/images/screenshots/grapple/grapple-cable-05-large-20000407.jpg [143501/143501] -> "reqoning.com_20140624/q3req/images/screenshots/grapple/grapple-cable-05-large-20000407.jpg" [1]
2014-06-24 20:26:50 URL:http://reqoning.com/q3req/images/screenshots/grapple/grapple-cable-05-small-20000407.jpg [16218/16218] -> "reqoning.com_20140624/q3req/images/screenshots/grapple/grapple-cable-05-small-20000407.jpg" [1]
2014-06-24 20:26:51 URL:http://reqoning.com/q3req/images/screenshots/grapple/grapple-rope-05-large-20000407.jpg [245673/245673] -> "reqoning.com_20140624/q3req/images/screenshots/grapple/grapple-rope-05-large-20000407.jpg" [1]
2014-06-24 20:26:51 URL:http://reqoning.com/q3req/images/screenshots/grapple/grapple-rope-05-small-20000407.jpg [23724/23724] -> "reqoning.com_20140624/q3req/images/screenshots/grapple/grapple-rope-05-small-20000407.jpg" [1]
2014-06-24 20:26:51 URL:http://reqoning.com/q3req/images/screenshots/grapple/grapple-ahead-05-large-20000407.jpg [78056/78056] -> "reqoning.com_20140624/q3req/images/screenshots/grapple/grapple-ahead-05-large-20000407.jpg" [1]
2014-06-24 20:26:51 URL:http://reqoning.com/q3req/images/screenshots/grapple/grapple-ahead-05-small-20000407.jpg [17024/17024] -> "reqoning.com_20140624/q3req/images/screenshots/grapple/grapple-ahead-05-small-20000407.jpg" [1]
2014-06-24 20:26:52 URL:http://reqoning.com/q3req/images/screenshots/grapple/grapple-chain-05-large-20000407.jpg [491640/491640] -> "reqoning.com_20140624/q3req/images/screenshots/grapple/grapple-chain-05-large-20000407.jpg" [1]
2014-06-24 20:26:52 URL:http://reqoning.com/q3req/images/screenshots/grapple/grapple-chain-05-small-20000407.jpg [21471/21471] -> "reqoning.com_20140624/q3req/images/screenshots/grapple/grapple-chain-05-small-20000407.jpg" [1]
2014-06-24 20:26:52 URL:http://reqoning.com/q3req/images/screenshots/grapple/shot0026-large.jpg [44797/44797] -> "reqoning.com_20140624/q3req/images/screenshots/grapple/shot0026-large.jpg" [1]
2014-06-24 20:26:53 URL:http://reqoning.com/q3req/images/screenshots/grapple/shot0026-small.jpg [15428/15428] -> "reqoning.com_20140624/q3req/images/screenshots/grapple/shot0026-small.jpg" [1]
2014-06-24 20:26:53 URL:http://reqoning.com/q3req/images/screenshots/fairstart/shot0068-large.jpg [59703/59703] -> "reqoning.com_20140624/q3req/images/screenshots/fairstart/shot0068-large.jpg" [1]
2014-06-24 20:26:53 URL:http://reqoning.com/q3req/images/screenshots/fairstart/shot0068-small.jpg [20912/20912] -> "reqoning.com_20140624/q3req/images/screenshots/fairstart/shot0068-small.jpg" [1]
2014-06-24 20:26:53 URL:http://reqoning.com/q3req/images/screenshots/fairstart/shot0070-large.jpg [62729/62729] -> "reqoning.com_20140624/q3req/images/screenshots/fairstart/shot0070-large.jpg" [1]
2014-06-24 20:26:53 URL:http://reqoning.com/q3req/images/screenshots/fairstart/shot0070-small.jpg [20798/20798] -> "reqoning.com_20140624/q3req/images/screenshots/fairstart/shot0070-small.jpg" [1]
2014-06-24 20:26:54 URL:http://reqoning.com/q3req/images/screenshots/fairstart/shot0072-large.jpg [70227/70227] -> "reqoning.com_20140624/q3req/images/screenshots/fairstart/shot0072-large.jpg" [1]
2014-06-24 20:26:54 URL:http://reqoning.com/q3req/images/screenshots/fairstart/shot0072-small.jpg [23305/23305] -> "reqoning.com_20140624/q3req/images/screenshots/fairstart/shot0072-small.jpg" [1]
2014-06-24 20:26:54 URL:http://reqoning.com/pingpage/new_page_2.html [4251/4251] -> "reqoning.com_20140624/pingpage/new_page_2.html" [1]
2014-06-24 20:26:54 URL:http://reqoning.com/pingpage/run_ipcfg.jpg [11145/11145] -> "reqoning.com_20140624/pingpage/run_ipcfg.jpg" [1]
2014-06-24 20:26:54 URL:http://reqoning.com/pingpage/my_ip.jpg [15243/15243] -> "reqoning.com_20140624/pingpage/my_ip.jpg" [1]
2014-06-24 20:26:55 URL:http://reqoning.com/pingpage/ping_me.jpg [17834/17834] -> "reqoning.com_20140624/pingpage/ping_me.jpg" [1]
2014-06-24 20:26:55 URL:http://reqoning.com/pingpage/ping_me_windo.jpg [18255/18255] -> "reqoning.com_20140624/pingpage/ping_me_windo.jpg" [1]
2014-06-24 20:26:55 URL:http://reqoning.com/pingpage/uotrace_phx.jpg [35846/35846] -> "reqoning.com_20140624/pingpage/uotrace_phx.jpg" [1]
2014-06-24 20:26:55 URL:http://reqoning.com/pingpage/uotrace_cage2.jpg [36154/36154] -> "reqoning.com_20140624/pingpage/uotrace_cage2.jpg" [1]
2014-06-24 20:26:55 URL:http://reqoning.com/pingpage/uotrace_bad2.jpg [34592/34592] -> "reqoning.com_20140624/pingpage/uotrace_bad2.jpg" [1]
FINISHED --2014-06-24 20:26:55--
Total wall clock time: 56s
Downloaded: 165 files, 26M in 23s (1.11 MB/s)
