2013-09-09 16:42:53 URL:http://riad.usk.pk.edu.pl/~pmj/quake/ [2641/2641] -> "riad.usk.pk.edu.pl_pmj_quake_20130909/~pmj/quake/index.html" [1]
2013-09-09 16:42:53 URL:http://riad.usk.pk.edu.pl/~pmj/quake/yqp.css [636/636] -> "riad.usk.pk.edu.pl_pmj_quake_20130909/~pmj/quake/yqp.css" [1]
2013-09-09 16:42:54 URL:http://riad.usk.pk.edu.pl/~pmj/quake/images/yqp-pozegnanie.jpg [59414/59414] -> "riad.usk.pk.edu.pl_pmj_quake_20130909/~pmj/quake/images/yqp-pozegnanie.jpg" [1]
2013-09-09 16:42:54 URL:http://riad.usk.pk.edu.pl/~pmj/quake/images/yqp-rip.gif [21894/21894] -> "riad.usk.pk.edu.pl_pmj_quake_20130909/~pmj/quake/images/yqp-rip.gif" [1]
2013-09-09 16:42:54 URL:http://riad.usk.pk.edu.pl/~pmj/quake/index-old.shtml [9811] -> "riad.usk.pk.edu.pl_pmj_quake_20130909/~pmj/quake/index-old.shtml.html" [1]
2013-09-09 16:42:54 URL:http://riad.usk.pk.edu.pl/~pmj/quake/images/yqp1996-1997.gif [87120/87120] -> "riad.usk.pk.edu.pl_pmj_quake_20130909/~pmj/quake/images/yqp1996-1997.gif" [1]
2013-09-09 16:42:55 URL:http://riad.usk.pk.edu.pl/~pmj/quake/images/yqp-1996-1997.jpg [24864/24864] -> "riad.usk.pk.edu.pl_pmj_quake_20130909/~pmj/quake/images/yqp-1996-1997.jpg" [1]
2013-09-09 16:42:55 URL:http://riad.usk.pk.edu.pl/~pmj/quake/images/head.jpg [4582/4582] -> "riad.usk.pk.edu.pl_pmj_quake_20130909/~pmj/quake/images/head.jpg" [1]
2013-09-09 16:42:55 URL:http://riad.usk.pk.edu.pl/~pmj/quake/yqp1996-97/scary.html [23471/23471] -> "riad.usk.pk.edu.pl_pmj_quake_20130909/~pmj/quake/yqp1996-97/scary.html" [1]
2013-09-09 16:42:55 URL:http://riad.usk.pk.edu.pl/~pmj/quake/yqp1996-97/roos&yaro.html [55851/55851] -> "riad.usk.pk.edu.pl_pmj_quake_20130909/~pmj/quake/yqp1996-97/roos&yaro.html" [1]
2013-09-09 16:42:56 URL:http://riad.usk.pk.edu.pl/~pmj/quake/yqp1996-97/k&k.html [93522/93522] -> "riad.usk.pk.edu.pl_pmj_quake_20130909/~pmj/quake/yqp1996-97/k&k.html" [1]
2013-09-09 16:42:56 URL:http://riad.usk.pk.edu.pl/~pmj/quake/yqp1996-97/psychoquake.html [11037/11037] -> "riad.usk.pk.edu.pl_pmj_quake_20130909/~pmj/quake/yqp1996-97/psychoquake.html" [1]
2013-09-09 16:42:56 URL:http://riad.usk.pk.edu.pl/~pmj/quake/yqp1996-97/kalendarium.html [18863/18863] -> "riad.usk.pk.edu.pl_pmj_quake_20130909/~pmj/quake/yqp1996-97/kalendarium.html" [1]
2013-09-09 16:42:56 URL:http://riad.usk.pk.edu.pl/~pmj/quake/yqp1996-97/ksiega.html [17977/17977] -> "riad.usk.pk.edu.pl_pmj_quake_20130909/~pmj/quake/yqp1996-97/ksiega.html" [1]
2013-09-09 16:42:56 URL:http://riad.usk.pk.edu.pl/~pmj/quake/oldyooniorquakepage/index.shtml [2018] -> "riad.usk.pk.edu.pl_pmj_quake_20130909/~pmj/quake/oldyooniorquakepage/index.shtml.html" [1]
2013-09-09 16:42:56 URL:http://riad.usk.pk.edu.pl/~pmj/quake/images/yoonior-sig.jpg [4862/4862] -> "riad.usk.pk.edu.pl_pmj_quake_20130909/~pmj/quake/images/yoonior-sig.jpg" [1]
2013-09-09 16:42:57 URL:http://riad.usk.pk.edu.pl/~pmj/quake/index2.shtml [19999] -> "riad.usk.pk.edu.pl_pmj_quake_20130909/~pmj/quake/index2.shtml.html" [1]
2013-09-09 16:42:57 URL:http://riad.usk.pk.edu.pl/~pmj/quake/news.html [5565/5565] -> "riad.usk.pk.edu.pl_pmj_quake_20130909/~pmj/quake/news.html" [1]
2013-09-09 16:42:57 URL:http://riad.usk.pk.edu.pl/~pmj/quake/mirrors.html [4172/4172] -> "riad.usk.pk.edu.pl_pmj_quake_20130909/~pmj/quake/mirrors.html" [1]
2013-09-09 16:42:57 URL:http://riad.usk.pk.edu.pl/~pmj/quake/quaketoys.html [14760/14760] -> "riad.usk.pk.edu.pl_pmj_quake_20130909/~pmj/quake/quaketoys.html" [1]
2013-09-09 16:42:58 URL:http://riad.usk.pk.edu.pl/~pmj/quake/console.html [109651/109651] -> "riad.usk.pk.edu.pl_pmj_quake_20130909/~pmj/quake/console.html" [1]
2013-09-09 16:42:58 URL:http://riad.usk.pk.edu.pl/~pmj/quake/servers.shtml [15869/15869] -> "riad.usk.pk.edu.pl_pmj_quake_20130909/~pmj/quake/servers.shtml.html" [1]
2013-09-09 16:42:59 URL:http://riad.usk.pk.edu.pl/~pmj/quake/players.html [53392/53392] -> "riad.usk.pk.edu.pl_pmj_quake_20130909/~pmj/quake/players.html" [1]
2013-09-09 16:42:59 URL:http://riad.usk.pk.edu.pl/~pmj/quake/links.html [7932/7932] -> "riad.usk.pk.edu.pl_pmj_quake_20130909/~pmj/quake/links.html" [1]
2013-09-09 16:42:59 URL:http://riad.usk.pk.edu.pl/~pmj/quake/help.html [22649/22649] -> "riad.usk.pk.edu.pl_pmj_quake_20130909/~pmj/quake/help.html" [1]
2013-09-09 16:42:59 URL:http://riad.usk.pk.edu.pl/~pmj/quake/faq.html [4148/4148] -> "riad.usk.pk.edu.pl_pmj_quake_20130909/~pmj/quake/faq.html" [1]
2013-09-09 16:42:59 URL:http://riad.usk.pk.edu.pl/~pmj/quake/screenshots.html [6545/6545] -> "riad.usk.pk.edu.pl_pmj_quake_20130909/~pmj/quake/screenshots.html" [1]
2013-09-09 16:42:59 URL:http://riad.usk.pk.edu.pl/~pmj/quake/stories.html [8115/8115] -> "riad.usk.pk.edu.pl_pmj_quake_20130909/~pmj/quake/stories.html" [1]
2013-09-09 16:42:59 URL:http://riad.usk.pk.edu.pl/~pmj/quake/credits.html [3467/3467] -> "riad.usk.pk.edu.pl_pmj_quake_20130909/~pmj/quake/credits.html" [1]
2013-09-09 16:43:00 URL:http://riad.usk.pk.edu.pl/~pmj/quake/images/scary.jpg [21863/21863] -> "riad.usk.pk.edu.pl_pmj_quake_20130909/~pmj/quake/images/scary.jpg" [1]
2013-09-09 16:43:00 URL:http://riad.usk.pk.edu.pl/~pmj/quake/images/yoonior-sig3.jpg [5610/5610] -> "riad.usk.pk.edu.pl_pmj_quake_20130909/~pmj/quake/images/yoonior-sig3.jpg" [1]
2013-09-09 16:43:00 URL:http://riad.usk.pk.edu.pl/~pmj/quake/images/roos&yaro.jpg [20876/20876] -> "riad.usk.pk.edu.pl_pmj_quake_20130909/~pmj/quake/images/roos&yaro.jpg" [1]
2013-09-09 16:43:00 URL:http://riad.usk.pk.edu.pl/~pmj/quake/images/yoonior-sig2.jpg [5662/5662] -> "riad.usk.pk.edu.pl_pmj_quake_20130909/~pmj/quake/images/yoonior-sig2.jpg" [1]
2013-09-09 16:43:00 URL:http://riad.usk.pk.edu.pl/~pmj/quake/images/kik.jpg [15051/15051] -> "riad.usk.pk.edu.pl_pmj_quake_20130909/~pmj/quake/images/kik.jpg" [1]
2013-09-09 16:43:00 URL:http://riad.usk.pk.edu.pl/~pmj/quake/images/psycho.jpg [28077/28077] -> "riad.usk.pk.edu.pl_pmj_quake_20130909/~pmj/quake/images/psycho.jpg" [1]
2013-09-09 16:43:00 URL:http://riad.usk.pk.edu.pl/~pmj/quake/images/kalendarium.jpg [14900/14900] -> "riad.usk.pk.edu.pl_pmj_quake_20130909/~pmj/quake/images/kalendarium.jpg" [1]
2013-09-09 16:43:01 URL:http://riad.usk.pk.edu.pl/~pmj/quake/images/ksiega.jpg [34397/34397] -> "riad.usk.pk.edu.pl_pmj_quake_20130909/~pmj/quake/images/ksiega.jpg" [1]
2013-09-09 16:43:01 URL:http://riad.usk.pk.edu.pl/~pmj/quake/yqp1996-97/qq.gif [151924/151924] -> "riad.usk.pk.edu.pl_pmj_quake_20130909/~pmj/quake/yqp1996-97/qq.gif" [1]
2013-09-09 16:43:01 URL:http://riad.usk.pk.edu.pl/~pmj/quake/yqp1996-97/komp.gif [26154/26154] -> "riad.usk.pk.edu.pl_pmj_quake_20130909/~pmj/quake/yqp1996-97/komp.gif" [1]
2013-09-09 16:43:02 URL:http://riad.usk.pk.edu.pl/~pmj/quake/yqp1996-97/qcom.gif [47738/47738] -> "riad.usk.pk.edu.pl_pmj_quake_20130909/~pmj/quake/yqp1996-97/qcom.gif" [1]
2013-09-09 16:43:02 URL:http://riad.usk.pk.edu.pl/~pmj/quake/oldyooniorquakepage/qklogo2.gif [8925/8925] -> "riad.usk.pk.edu.pl_pmj_quake_20130909/~pmj/quake/oldyooniorquakepage/qklogo2.gif" [1]
2013-09-09 16:43:02 URL:http://riad.usk.pk.edu.pl/~pmj/quake/oldyooniorquakepage/aniquake.gif [6131/6131] -> "riad.usk.pk.edu.pl_pmj_quake_20130909/~pmj/quake/oldyooniorquakepage/aniquake.gif" [1]
2013-09-09 16:43:02 URL:http://riad.usk.pk.edu.pl/~pmj/quake/oldyooniorquakepage/torch.gif [21189/21189] -> "riad.usk.pk.edu.pl_pmj_quake_20130909/~pmj/quake/oldyooniorquakepage/torch.gif" [1]
2013-09-09 16:43:02 URL:http://riad.usk.pk.edu.pl/~pmj/quake/oldyooniorquakepage/skull1.gif [10526/10526] -> "riad.usk.pk.edu.pl_pmj_quake_20130909/~pmj/quake/oldyooniorquakepage/skull1.gif" [1]
http://riad.usk.pk.edu.pl/~pmj/quake/oldyooniorquakepage/q_tcpip.zip:
2013-09-09 16:43:03 ERROR 404: Not Found.
2013-09-09 16:43:03 URL:http://riad.usk.pk.edu.pl/~pmj/images/button_pencil2.gif [359/359] -> "riad.usk.pk.edu.pl_pmj_quake_20130909/~pmj/images/button_pencil2.gif" [1]
2013-09-09 16:43:03 URL:http://riad.usk.pk.edu.pl/~pmj/quake/images/yoonior.gif [19722/19722] -> "riad.usk.pk.edu.pl_pmj_quake_20130909/~pmj/quake/images/yoonior.gif" [1]
2013-09-09 16:43:03 URL:http://riad.usk.pk.edu.pl/~pmj/quake/images/news.gif [2352/2352] -> "riad.usk.pk.edu.pl_pmj_quake_20130909/~pmj/quake/images/news.gif" [1]
2013-09-09 16:43:03 URL:http://riad.usk.pk.edu.pl/~pmj/quake/images/q.gif [1465/1465] -> "riad.usk.pk.edu.pl_pmj_quake_20130909/~pmj/quake/images/q.gif" [1]
2013-09-09 16:43:03 URL:http://riad.usk.pk.edu.pl/~pmj/quake/images/mirrors.gif [3061/3061] -> "riad.usk.pk.edu.pl_pmj_quake_20130909/~pmj/quake/images/mirrors.gif" [1]
2013-09-09 16:43:03 URL:http://riad.usk.pk.edu.pl/~pmj/quake/images/quaketoys.gif [3977/3977] -> "riad.usk.pk.edu.pl_pmj_quake_20130909/~pmj/quake/images/quaketoys.gif" [1]
2013-09-09 16:43:04 URL:http://riad.usk.pk.edu.pl/~pmj/quake/images/stories.gif [2977/2977] -> "riad.usk.pk.edu.pl_pmj_quake_20130909/~pmj/quake/images/stories.gif" [1]
2013-09-09 16:43:04 URL:http://riad.usk.pk.edu.pl/~pmj/quake/images/console.gif [3232/3232] -> "riad.usk.pk.edu.pl_pmj_quake_20130909/~pmj/quake/images/console.gif" [1]
2013-09-09 16:43:04 URL:http://riad.usk.pk.edu.pl/~pmj/quake/images/servers.gif [2891/2891] -> "riad.usk.pk.edu.pl_pmj_quake_20130909/~pmj/quake/images/servers.gif" [1]
2013-09-09 16:43:04 URL:http://riad.usk.pk.edu.pl/~pmj/quake/images/players.gif [2977/2977] -> "riad.usk.pk.edu.pl_pmj_quake_20130909/~pmj/quake/images/players.gif" [1]
2013-09-09 16:43:04 URL:http://riad.usk.pk.edu.pl/~pmj/quake/images/links.gif [2327/2327] -> "riad.usk.pk.edu.pl_pmj_quake_20130909/~pmj/quake/images/links.gif" [1]
2013-09-09 16:43:04 URL:http://riad.usk.pk.edu.pl/~pmj/quake/images/help.gif [2262/2262] -> "riad.usk.pk.edu.pl_pmj_quake_20130909/~pmj/quake/images/help.gif" [1]
2013-09-09 16:43:04 URL:http://riad.usk.pk.edu.pl/~pmj/quake/images/faq.gif [1960/1960] -> "riad.usk.pk.edu.pl_pmj_quake_20130909/~pmj/quake/images/faq.gif" [1]
2013-09-09 16:43:04 URL:http://riad.usk.pk.edu.pl/~pmj/quake/images/screenshots.gif [4335/4335] -> "riad.usk.pk.edu.pl_pmj_quake_20130909/~pmj/quake/images/screenshots.gif" [1]
2013-09-09 16:43:05 URL:http://riad.usk.pk.edu.pl/~pmj/quake/images/credits.gif [2957/2957] -> "riad.usk.pk.edu.pl_pmj_quake_20130909/~pmj/quake/images/credits.gif" [1]
2013-09-09 16:43:05 URL:http://riad.usk.pk.edu.pl/~pmj/quake/contest2.html [41276/41276] -> "riad.usk.pk.edu.pl_pmj_quake_20130909/~pmj/quake/contest2.html" [1]
2013-09-09 16:43:05 URL:http://riad.usk.pk.edu.pl/~pmj/quake/images/contest2.gif [6523/6523] -> "riad.usk.pk.edu.pl_pmj_quake_20130909/~pmj/quake/images/contest2.gif" [1]
2013-09-09 16:43:05 URL:http://riad.usk.pk.edu.pl/~pmj/quake/images/yqp-gambleriada2.gif [6950/6950] -> "riad.usk.pk.edu.pl_pmj_quake_20130909/~pmj/quake/images/yqp-gambleriada2.gif" [1]
2013-09-09 16:43:06 URL:http://riad.usk.pk.edu.pl/~pmj/quake/images/qw-open.gif [9844/9844] -> "riad.usk.pk.edu.pl_pmj_quake_20130909/~pmj/quake/images/qw-open.gif" [1]
2013-09-09 16:43:06 URL:http://riad.usk.pk.edu.pl/~pmj/quake/images/nlp.gif [3167/3167] -> "riad.usk.pk.edu.pl_pmj_quake_20130909/~pmj/quake/images/nlp.gif" [1]
2013-09-09 16:43:06 URL:http://riad.usk.pk.edu.pl/~pmj/quake/images/qopl-now.gif [14729/14729] -> "riad.usk.pk.edu.pl_pmj_quake_20130909/~pmj/quake/images/qopl-now.gif" [1]
2013-09-09 16:43:06 URL:http://riad.usk.pk.edu.pl/~pmj/quake/images/getblues.gif [2555/2555] -> "riad.usk.pk.edu.pl_pmj_quake_20130909/~pmj/quake/images/getblues.gif" [1]
2013-09-09 16:43:06 URL:http://riad.usk.pk.edu.pl/~pmj/quake/images/slipgate.gif [1455/1455] -> "riad.usk.pk.edu.pl_pmj_quake_20130909/~pmj/quake/images/slipgate.gif" [1]
2013-09-09 16:43:06 URL:http://riad.usk.pk.edu.pl/~pmj/quake/images/kraqs.gif [6375/6375] -> "riad.usk.pk.edu.pl_pmj_quake_20130909/~pmj/quake/images/kraqs.gif" [1]
2013-09-09 16:43:07 URL:http://riad.usk.pk.edu.pl/~pmj/quake/images/worldcraft.gif [2627/2627] -> "riad.usk.pk.edu.pl_pmj_quake_20130909/~pmj/quake/images/worldcraft.gif" [1]
2013-09-09 16:43:07 URL:http://riad.usk.pk.edu.pl/~pmj/quake/images/aniquake.gif [6131/6131] -> "riad.usk.pk.edu.pl_pmj_quake_20130909/~pmj/quake/images/aniquake.gif" [1]
2013-09-09 16:43:07 URL:http://riad.usk.pk.edu.pl/~pmj/quake/images/qwnow.gif [10235/10235] -> "riad.usk.pk.edu.pl_pmj_quake_20130909/~pmj/quake/images/qwnow.gif" [1]
2013-09-09 16:43:07 URL:http://riad.usk.pk.edu.pl/~pmj/quake/images/getfort.gif [3998/3998] -> "riad.usk.pk.edu.pl_pmj_quake_20130909/~pmj/quake/images/getfort.gif" [1]
2013-09-09 16:43:07 URL:http://riad.usk.pk.edu.pl/~pmj/quake/images/thrednow.gif [4821/4821] -> "riad.usk.pk.edu.pl_pmj_quake_20130909/~pmj/quake/images/thrednow.gif" [1]
2013-09-09 16:43:07 URL:http://riad.usk.pk.edu.pl/~pmj/quake/images/bspnow.gif [10128/10128] -> "riad.usk.pk.edu.pl_pmj_quake_20130909/~pmj/quake/images/bspnow.gif" [1]
2013-09-09 16:43:07 URL:http://riad.usk.pk.edu.pl/~pmj/quake/images/idlogo_s.gif [4663/4663] -> "riad.usk.pk.edu.pl_pmj_quake_20130909/~pmj/quake/images/idlogo_s.gif" [1]
2013-09-09 16:43:08 URL:http://riad.usk.pk.edu.pl/~pmj/quake/letter.html [1126/1126] -> "riad.usk.pk.edu.pl_pmj_quake_20130909/~pmj/quake/letter.html" [1]
2013-09-09 16:43:08 URL:http://riad.usk.pk.edu.pl/~pmj/quake/images/dank_and_scud_logo.gif [6365/6365] -> "riad.usk.pk.edu.pl_pmj_quake_20130909/~pmj/quake/images/dank_and_scud_logo.gif" [1]
http://riad.pk.edu.pl/~pmj/quake/files/:
2013-09-09 16:43:08 ERROR 403: Forbidden.
2013-09-09 16:43:08 URL:http://riad.usk.pk.edu.pl/~pmj/quake/carmack.html [1378/1378] -> "riad.usk.pk.edu.pl_pmj_quake_20130909/~pmj/quake/carmack.html" [1]
2013-09-09 16:43:08 URL:http://riad.usk.pk.edu.pl/~pmj/quake/oldyooniorquakepage/ [2018] -> "riad.usk.pk.edu.pl_pmj_quake_20130909/~pmj/quake/oldyooniorquakepage/index.html" [1]
2013-09-09 16:43:08 URL:http://riad.usk.pk.edu.pl/~pmj/quake/images/yooniors.gif [12060/12060] -> "riad.usk.pk.edu.pl_pmj_quake_20130909/~pmj/quake/images/yooniors.gif" [1]
2013-09-09 16:43:09 URL:http://riad.usk.pk.edu.pl/~pmj/quake/news_old2.html [41424/41424] -> "riad.usk.pk.edu.pl_pmj_quake_20130909/~pmj/quake/news_old2.html" [1]
2013-09-09 16:43:09 URL:http://riad.usk.pk.edu.pl/~pmj/quake/news_old1.html [36978/36978] -> "riad.usk.pk.edu.pl_pmj_quake_20130909/~pmj/quake/news_old1.html" [1]
2013-09-09 16:43:09 URL:http://riad.usk.pk.edu.pl/~pmj/quake/images/rjump2.gif [6536/6536] -> "riad.usk.pk.edu.pl_pmj_quake_20130909/~pmj/quake/images/rjump2.gif" [1]
http://riad.usk.pk.edu.pl/~pmj/quake/glquake/:
2013-09-09 16:43:09 ERROR 404: Not Found.
http://riad.usk.pk.edu.pl/~pmj/quake/levels/a-e/:
2013-09-09 16:43:09 ERROR 404: Not Found.
http://riad.usk.pk.edu.pl/~pmj/quake/levels/f-k/:
2013-09-09 16:43:09 ERROR 404: Not Found.
http://riad.usk.pk.edu.pl/~pmj/quake/levels/l-p/:
2013-09-09 16:43:09 ERROR 404: Not Found.
http://riad.usk.pk.edu.pl/~pmj/quake/levels/q-u/:
2013-09-09 16:43:10 ERROR 404: Not Found.
http://riad.usk.pk.edu.pl/~pmj/quake/levels/v-z/:
2013-09-09 16:43:10 ERROR 404: Not Found.
http://riad.usk.pk.edu.pl/~pmj/quake/levels/chip/:
2013-09-09 16:43:10 ERROR 404: Not Found.
http://riad.usk.pk.edu.pl/~pmj/quake/levels/polskie/:
2013-09-09 16:43:10 ERROR 404: Not Found.
http://riad.usk.pk.edu.pl/~pmj/quake/levels/transparent_water/:
2013-09-09 16:43:10 ERROR 404: Not Found.
2013-09-09 16:43:10 URL:http://riad.usk.pk.edu.pl/~pmj/quake/contest1.html [13725/13725] -> "riad.usk.pk.edu.pl_pmj_quake_20130909/~pmj/quake/contest1.html" [1]
2013-09-09 16:43:10 URL:http://riad.usk.pk.edu.pl/~pmj/quake/contest_15.html [23407/23407] -> "riad.usk.pk.edu.pl_pmj_quake_20130909/~pmj/quake/contest_15.html" [1]
http://riad.usk.pk.edu.pl/~pmj/quake/e3:
2013-09-09 16:43:10 ERROR 404: Not Found.
http://riad.usk.pk.edu.pl/~pmj/quake/spawn:
2013-09-09 16:43:10 ERROR 404: Not Found.
2013-09-09 16:43:11 URL:http://riad.usk.pk.edu.pl/~pmj/quake/moduly.html [6340/6340] -> "riad.usk.pk.edu.pl_pmj_quake_20130909/~pmj/quake/moduly.html" [1]
2013-09-09 16:43:11 URL:http://riad.usk.pk.edu.pl/~pmj/quake/images/marine_ani5.gif [45803/45803] -> "riad.usk.pk.edu.pl_pmj_quake_20130909/~pmj/quake/images/marine_ani5.gif" [1]
2013-09-09 16:43:11 URL:http://riad.usk.pk.edu.pl/~pmj/quake/images/greet7.gif [1015/1015] -> "riad.usk.pk.edu.pl_pmj_quake_20130909/~pmj/quake/images/greet7.gif" [1]
2013-09-09 16:43:11 URL:http://riad.usk.pk.edu.pl/~pmj/quake/images/greet2.gif [843/843] -> "riad.usk.pk.edu.pl_pmj_quake_20130909/~pmj/quake/images/greet2.gif" [1]
2013-09-09 16:43:11 URL:http://riad.usk.pk.edu.pl/~pmj/quake/images/greet1.gif [928/928] -> "riad.usk.pk.edu.pl_pmj_quake_20130909/~pmj/quake/images/greet1.gif" [1]
2013-09-09 16:43:11 URL:http://riad.usk.pk.edu.pl/~pmj/quake/images/greet4.gif [974/974] -> "riad.usk.pk.edu.pl_pmj_quake_20130909/~pmj/quake/images/greet4.gif" [1]
2013-09-09 16:43:11 URL:http://riad.usk.pk.edu.pl/~pmj/quake/images/greet5.gif [915/915] -> "riad.usk.pk.edu.pl_pmj_quake_20130909/~pmj/quake/images/greet5.gif" [1]
2013-09-09 16:43:11 URL:http://riad.usk.pk.edu.pl/~pmj/quake/images/greet6.gif [1176/1176] -> "riad.usk.pk.edu.pl_pmj_quake_20130909/~pmj/quake/images/greet6.gif" [1]
2013-09-09 16:43:12 URL:http://riad.usk.pk.edu.pl/~pmj/quake/images/greet3.gif [622/622] -> "riad.usk.pk.edu.pl_pmj_quake_20130909/~pmj/quake/images/greet3.gif" [1]
2013-09-09 16:43:12 URL:http://riad.usk.pk.edu.pl/~pmj/quake/images/greet8.gif [1252/1252] -> "riad.usk.pk.edu.pl_pmj_quake_20130909/~pmj/quake/images/greet8.gif" [1]
2013-09-09 16:43:12 URL:http://riad.usk.pk.edu.pl/~pmj/quake/images/ratunku4.gif [8845/8845] -> "riad.usk.pk.edu.pl_pmj_quake_20130909/~pmj/quake/images/ratunku4.gif" [1]
2013-09-09 16:43:12 URL:http://riad.usk.pk.edu.pl/~pmj/quake/quake_secrets_14.html [33885/33885] -> "riad.usk.pk.edu.pl_pmj_quake_20130909/~pmj/quake/quake_secrets_14.html" [1]
2013-09-09 16:43:12 URL:http://riad.usk.pk.edu.pl/~pmj/quake/xmas_gift.html [6203/6203] -> "riad.usk.pk.edu.pl_pmj_quake_20130909/~pmj/quake/xmas_gift.html" [1]
2013-09-09 16:43:13 URL:http://riad.usk.pk.edu.pl/~pmj/quake/images/quake60.gif [15371/15371] -> "riad.usk.pk.edu.pl_pmj_quake_20130909/~pmj/quake/images/quake60.gif" [1]
2013-09-09 16:43:13 URL:http://riad.usk.pk.edu.pl/~pmj/quake/skory.html [4888/4888] -> "riad.usk.pk.edu.pl_pmj_quake_20130909/~pmj/quake/skory.html" [1]
http://riad.usk.pk.edu.pl/~pmj/quake/ftp.pk.edu.pl/pub/games/id/quaketoys/server/:
2013-09-09 16:43:13 ERROR 404: Not Found.
2013-09-09 16:43:13 URL:http://riad.usk.pk.edu.pl/~pmj/quake/faq-contents.txt [9404/9404] -> "riad.usk.pk.edu.pl_pmj_quake_20130909/~pmj/quake/faq-contents.txt" [1]
2013-09-09 16:43:13 URL:http://riad.usk.pk.edu.pl/~pmj/quake/images/hanks_and_fiend.gif [11180/11180] -> "riad.usk.pk.edu.pl_pmj_quake_20130909/~pmj/quake/images/hanks_and_fiend.gif" [1]
2013-09-09 16:43:13 URL:http://riad.usk.pk.edu.pl/~pmj/quake/screenshots/topten.html [2858/2858] -> "riad.usk.pk.edu.pl_pmj_quake_20130909/~pmj/quake/screenshots/topten.html" [1]
2013-09-09 16:43:13 URL:http://riad.usk.pk.edu.pl/~pmj/quake/images/topten.gif [2354/2354] -> "riad.usk.pk.edu.pl_pmj_quake_20130909/~pmj/quake/images/topten.gif" [1]
2013-09-09 16:43:13 URL:http://riad.usk.pk.edu.pl/~pmj/quake/ciapek_farewell.html [9449/9449] -> "riad.usk.pk.edu.pl_pmj_quake_20130909/~pmj/quake/ciapek_farewell.html" [1]
2013-09-09 16:43:13 URL:http://riad.usk.pk.edu.pl/~pmj/quake/images/farewell.gif [4232/4232] -> "riad.usk.pk.edu.pl_pmj_quake_20130909/~pmj/quake/images/farewell.gif" [1]
2013-09-09 16:43:14 URL:http://riad.usk.pk.edu.pl/~pmj/quake/screenshots/1.html [2011/2011] -> "riad.usk.pk.edu.pl_pmj_quake_20130909/~pmj/quake/screenshots/1.html" [1]
2013-09-09 16:43:14 URL:http://riad.usk.pk.edu.pl/~pmj/quake/screenshots/2.html [2011/2011] -> "riad.usk.pk.edu.pl_pmj_quake_20130909/~pmj/quake/screenshots/2.html" [1]
2013-09-09 16:43:14 URL:http://riad.usk.pk.edu.pl/~pmj/quake/screenshots/3.html [2011/2011] -> "riad.usk.pk.edu.pl_pmj_quake_20130909/~pmj/quake/screenshots/3.html" [1]
2013-09-09 16:43:14 URL:http://riad.usk.pk.edu.pl/~pmj/quake/screenshots/4.html [2012/2012] -> "riad.usk.pk.edu.pl_pmj_quake_20130909/~pmj/quake/screenshots/4.html" [1]
2013-09-09 16:43:14 URL:http://riad.usk.pk.edu.pl/~pmj/quake/screenshots/5.html [2013/2013] -> "riad.usk.pk.edu.pl_pmj_quake_20130909/~pmj/quake/screenshots/5.html" [1]
2013-09-09 16:43:14 URL:http://riad.usk.pk.edu.pl/~pmj/quake/screenshots/6.html [2208/2208] -> "riad.usk.pk.edu.pl_pmj_quake_20130909/~pmj/quake/screenshots/6.html" [1]
2013-09-09 16:43:14 URL:http://riad.usk.pk.edu.pl/~pmj/quake/screenshots/7.html [2079/2079] -> "riad.usk.pk.edu.pl_pmj_quake_20130909/~pmj/quake/screenshots/7.html" [1]
2013-09-09 16:43:14 URL:http://riad.usk.pk.edu.pl/~pmj/quake/screenshots/8.html [2384/2384] -> "riad.usk.pk.edu.pl_pmj_quake_20130909/~pmj/quake/screenshots/8.html" [1]
2013-09-09 16:43:14 URL:http://riad.usk.pk.edu.pl/~pmj/quake/screenshots/9.html [2155/2155] -> "riad.usk.pk.edu.pl_pmj_quake_20130909/~pmj/quake/screenshots/9.html" [1]
2013-09-09 16:43:14 URL:http://riad.usk.pk.edu.pl/~pmj/quake/screenshots/10.html [1812/1812] -> "riad.usk.pk.edu.pl_pmj_quake_20130909/~pmj/quake/screenshots/10.html" [1]
2013-09-09 16:43:15 URL:http://riad.usk.pk.edu.pl/~pmj/quake/stories1.html [12335/12335] -> "riad.usk.pk.edu.pl_pmj_quake_20130909/~pmj/quake/stories1.html" [1]
2013-09-09 16:43:15 URL:http://riad.usk.pk.edu.pl/~pmj/quake/quake_humour.html [20033/20033] -> "riad.usk.pk.edu.pl_pmj_quake_20130909/~pmj/quake/quake_humour.html" [1]
2013-09-09 16:43:15 URL:http://riad.usk.pk.edu.pl/~pmj/quake/stories2.html [4679/4679] -> "riad.usk.pk.edu.pl_pmj_quake_20130909/~pmj/quake/stories2.html" [1]
2013-09-09 16:43:15 URL:http://riad.usk.pk.edu.pl/~pmj/quake/stories3.html [7147/7147] -> "riad.usk.pk.edu.pl_pmj_quake_20130909/~pmj/quake/stories3.html" [1]
2013-09-09 16:43:15 URL:http://riad.usk.pk.edu.pl/~pmj/quake/stories4.html [7504/7504] -> "riad.usk.pk.edu.pl_pmj_quake_20130909/~pmj/quake/stories4.html" [1]
2013-09-09 16:43:15 URL:http://riad.usk.pk.edu.pl/~pmj/quake/stories5.html [12639/12639] -> "riad.usk.pk.edu.pl_pmj_quake_20130909/~pmj/quake/stories5.html" [1]
2013-09-09 16:43:15 URL:http://riad.usk.pk.edu.pl/~pmj/quake/stories6.html [5734/5734] -> "riad.usk.pk.edu.pl_pmj_quake_20130909/~pmj/quake/stories6.html" [1]
2013-09-09 16:43:16 URL:http://riad.usk.pk.edu.pl/~pmj/quake/stories7.html [12296/12296] -> "riad.usk.pk.edu.pl_pmj_quake_20130909/~pmj/quake/stories7.html" [1]
2013-09-09 16:43:16 URL:http://riad.usk.pk.edu.pl/~pmj/quake/stories8.html [6287/6287] -> "riad.usk.pk.edu.pl_pmj_quake_20130909/~pmj/quake/stories8.html" [1]
2013-09-09 16:43:16 URL:http://riad.usk.pk.edu.pl/~pmj/quake/stories9.html [46279/46279] -> "riad.usk.pk.edu.pl_pmj_quake_20130909/~pmj/quake/stories9.html" [1]
2013-09-09 16:43:16 URL:http://riad.usk.pk.edu.pl/~pmj/quake/stories10.html [27666/27666] -> "riad.usk.pk.edu.pl_pmj_quake_20130909/~pmj/quake/stories10.html" [1]
2013-09-09 16:43:17 URL:http://riad.usk.pk.edu.pl/~pmj/quake/cionek/index.html [36100/36100] -> "riad.usk.pk.edu.pl_pmj_quake_20130909/~pmj/quake/cionek/index.html" [1]
2013-09-09 16:43:17 URL:http://riad.usk.pk.edu.pl/~pmj/quake/stories11.html [9519/9519] -> "riad.usk.pk.edu.pl_pmj_quake_20130909/~pmj/quake/stories11.html" [1]
2013-09-09 16:43:17 URL:http://riad.usk.pk.edu.pl/~pmj/quake/stories12.html [6889/6889] -> "riad.usk.pk.edu.pl_pmj_quake_20130909/~pmj/quake/stories12.html" [1]
2013-09-09 16:43:17 URL:http://riad.usk.pk.edu.pl/~pmj/quake/stories13.html [28096/28096] -> "riad.usk.pk.edu.pl_pmj_quake_20130909/~pmj/quake/stories13.html" [1]
2013-09-09 16:43:17 URL:http://riad.usk.pk.edu.pl/~pmj/quake/stories14.html [4744/4744] -> "riad.usk.pk.edu.pl_pmj_quake_20130909/~pmj/quake/stories14.html" [1]
2013-09-09 16:43:18 URL:http://riad.usk.pk.edu.pl/~pmj/quake/stories15.html [10138/10138] -> "riad.usk.pk.edu.pl_pmj_quake_20130909/~pmj/quake/stories15.html" [1]
2013-09-09 16:43:18 URL:http://riad.usk.pk.edu.pl/~pmj/quake/gambleriada97.html [6082/6082] -> "riad.usk.pk.edu.pl_pmj_quake_20130909/~pmj/quake/gambleriada97.html" [1]
2013-09-09 16:43:18 URL:http://riad.usk.pk.edu.pl/~pmj/quake/images/yqp-gambleriada.gif [6842/6842] -> "riad.usk.pk.edu.pl_pmj_quake_20130909/~pmj/quake/images/yqp-gambleriada.gif" [1]
2013-09-09 16:43:18 URL:http://riad.usk.pk.edu.pl/~pmj/quake/stories17.html [8039/8039] -> "riad.usk.pk.edu.pl_pmj_quake_20130909/~pmj/quake/stories17.html" [1]
2013-09-09 16:43:18 URL:http://riad.usk.pk.edu.pl/~pmj/quake/stories18.html [14010/14010] -> "riad.usk.pk.edu.pl_pmj_quake_20130909/~pmj/quake/stories18.html" [1]
2013-09-09 16:43:18 URL:http://riad.usk.pk.edu.pl/~pmj/quake/stories16.html [5654/5654] -> "riad.usk.pk.edu.pl_pmj_quake_20130909/~pmj/quake/stories16.html" [1]
2013-09-09 16:43:19 URL:http://riad.usk.pk.edu.pl/~pmj/quake/images/new.gif [1653/1653] -> "riad.usk.pk.edu.pl_pmj_quake_20130909/~pmj/quake/images/new.gif" [1]
2013-09-09 16:43:19 URL:http://riad.usk.pk.edu.pl/~pmj/quake/stories19.html [12899/12899] -> "riad.usk.pk.edu.pl_pmj_quake_20130909/~pmj/quake/stories19.html" [1]
2013-09-09 16:43:19 URL:http://riad.usk.pk.edu.pl/~pmj/quake/images/konkurs2-wyniki.gif [25347/25347] -> "riad.usk.pk.edu.pl_pmj_quake_20130909/~pmj/quake/images/konkurs2-wyniki.gif" [1]
2013-09-09 16:43:19 URL:http://riad.usk.pk.edu.pl/~pmj/quake/contest_rules2.html [14810/14810] -> "riad.usk.pk.edu.pl_pmj_quake_20130909/~pmj/quake/contest_rules2.html" [1]
2013-09-09 16:43:19 URL:http://riad.usk.pk.edu.pl/~pmj/quake/images/5axe.gif [2314/2314] -> "riad.usk.pk.edu.pl_pmj_quake_20130909/~pmj/quake/images/5axe.gif" [1]
2013-09-09 16:43:19 URL:http://riad.usk.pk.edu.pl/~pmj/quake/images/475axe.gif [2313/2313] -> "riad.usk.pk.edu.pl_pmj_quake_20130909/~pmj/quake/images/475axe.gif" [1]
2013-09-09 16:43:20 URL:http://riad.usk.pk.edu.pl/~pmj/quake/images/45axe.gif [2251/2251] -> "riad.usk.pk.edu.pl_pmj_quake_20130909/~pmj/quake/images/45axe.gif" [1]
2013-09-09 16:43:20 URL:http://riad.usk.pk.edu.pl/~pmj/quake/images/425axe.gif [2254/2254] -> "riad.usk.pk.edu.pl_pmj_quake_20130909/~pmj/quake/images/425axe.gif" [1]
2013-09-09 16:43:20 URL:http://riad.usk.pk.edu.pl/~pmj/quake/images/4axe.gif [2097/2097] -> "riad.usk.pk.edu.pl_pmj_quake_20130909/~pmj/quake/images/4axe.gif" [1]
2013-09-09 16:43:20 URL:http://riad.usk.pk.edu.pl/~pmj/quake/images/35axe.gif [2007/2007] -> "riad.usk.pk.edu.pl_pmj_quake_20130909/~pmj/quake/images/35axe.gif" [1]
2013-09-09 16:43:20 URL:http://riad.usk.pk.edu.pl/~pmj/quake/images/325axe.gif [1949/1949] -> "riad.usk.pk.edu.pl_pmj_quake_20130909/~pmj/quake/images/325axe.gif" [1]
2013-09-09 16:43:20 URL:http://riad.usk.pk.edu.pl/~pmj/quake/images/275axe.gif [1803/1803] -> "riad.usk.pk.edu.pl_pmj_quake_20130909/~pmj/quake/images/275axe.gif" [1]
2013-09-09 16:43:20 URL:http://riad.usk.pk.edu.pl/~pmj/quake/images/25axe.gif [1731/1731] -> "riad.usk.pk.edu.pl_pmj_quake_20130909/~pmj/quake/images/25axe.gif" [1]
2013-09-09 16:43:20 URL:http://riad.usk.pk.edu.pl/~pmj/quake/images/225axe.gif [1697/1697] -> "riad.usk.pk.edu.pl_pmj_quake_20130909/~pmj/quake/images/225axe.gif" [1]
2013-09-09 16:43:20 URL:http://riad.usk.pk.edu.pl/~pmj/quake/images/2axe.gif [1586/1586] -> "riad.usk.pk.edu.pl_pmj_quake_20130909/~pmj/quake/images/2axe.gif" [1]
2013-09-09 16:43:20 URL:http://riad.usk.pk.edu.pl/~pmj/quake/images/175axe.gif [1502/1502] -> "riad.usk.pk.edu.pl_pmj_quake_20130909/~pmj/quake/images/175axe.gif" [1]
2013-09-09 16:43:20 URL:http://riad.usk.pk.edu.pl/~pmj/quake/images/15axe.gif [1445/1445] -> "riad.usk.pk.edu.pl_pmj_quake_20130909/~pmj/quake/images/15axe.gif" [1]
2013-09-09 16:43:20 URL:http://riad.usk.pk.edu.pl/~pmj/quake/images/125axe.gif [1410/1410] -> "riad.usk.pk.edu.pl_pmj_quake_20130909/~pmj/quake/images/125axe.gif" [1]
2013-09-09 16:43:21 URL:http://riad.usk.pk.edu.pl/~pmj/quake/images/1axe.gif [1287/1287] -> "riad.usk.pk.edu.pl_pmj_quake_20130909/~pmj/quake/images/1axe.gif" [1]
2013-09-09 16:43:21 URL:http://riad.usk.pk.edu.pl/~pmj/quake/images/05axe.gif [1031/1031] -> "riad.usk.pk.edu.pl_pmj_quake_20130909/~pmj/quake/images/05axe.gif" [1]
2013-09-09 16:43:21 URL:http://riad.usk.pk.edu.pl/~pmj/quake/images/025axe.gif [944/944] -> "riad.usk.pk.edu.pl_pmj_quake_20130909/~pmj/quake/images/025axe.gif" [1]
2013-09-09 16:43:21 URL:http://riad.usk.pk.edu.pl/~pmj/quake/contest_rules1.html [9926/9926] -> "riad.usk.pk.edu.pl_pmj_quake_20130909/~pmj/quake/contest_rules1.html" [1]
2013-09-09 16:43:21 URL:http://riad.usk.pk.edu.pl/~pmj/quake/contest_rules15.html [16590/16590] -> "riad.usk.pk.edu.pl_pmj_quake_20130909/~pmj/quake/contest_rules15.html" [1]
2013-09-09 16:43:22 URL:http://riad.usk.pk.edu.pl/~pmj/quake/killer.txt [63991/63991] -> "riad.usk.pk.edu.pl_pmj_quake_20130909/~pmj/quake/killer.txt" [1]
2013-09-09 16:43:22 URL:http://riad.usk.pk.edu.pl/~pmj/quake/images/armagon2-1.jpg [49815/49815] -> "riad.usk.pk.edu.pl_pmj_quake_20130909/~pmj/quake/images/armagon2-1.jpg" [1]
2013-09-09 16:43:23 URL:http://riad.usk.pk.edu.pl/~pmj/quake/images/armagon2-1.gif [17662/17662] -> "riad.usk.pk.edu.pl_pmj_quake_20130909/~pmj/quake/images/armagon2-1.gif" [1]
2013-09-09 16:43:23 URL:http://riad.usk.pk.edu.pl/~pmj/quake/images/armagon2-2.jpg [70375/70375] -> "riad.usk.pk.edu.pl_pmj_quake_20130909/~pmj/quake/images/armagon2-2.jpg" [1]
2013-09-09 16:43:23 URL:http://riad.usk.pk.edu.pl/~pmj/quake/images/armagon2-2.gif [19429/19429] -> "riad.usk.pk.edu.pl_pmj_quake_20130909/~pmj/quake/images/armagon2-2.gif" [1]
2013-09-09 16:43:24 URL:http://riad.usk.pk.edu.pl/~pmj/quake/images/armagon2-3.jpg [63659/63659] -> "riad.usk.pk.edu.pl_pmj_quake_20130909/~pmj/quake/images/armagon2-3.jpg" [1]
2013-09-09 16:43:24 URL:http://riad.usk.pk.edu.pl/~pmj/quake/images/armagon2-3.gif [15549/15549] -> "riad.usk.pk.edu.pl_pmj_quake_20130909/~pmj/quake/images/armagon2-3.gif" [1]
2013-09-09 16:43:24 URL:http://riad.usk.pk.edu.pl/~pmj/quake/images/armagon2-4.jpg [58349/58349] -> "riad.usk.pk.edu.pl_pmj_quake_20130909/~pmj/quake/images/armagon2-4.jpg" [1]
2013-09-09 16:43:24 URL:http://riad.usk.pk.edu.pl/~pmj/quake/images/armagon2-4.gif [17995/17995] -> "riad.usk.pk.edu.pl_pmj_quake_20130909/~pmj/quake/images/armagon2-4.gif" [1]
2013-09-09 16:43:24 URL:http://riad.usk.pk.edu.pl/~pmj/quake/images/armagon2-5.jpg [54928/54928] -> "riad.usk.pk.edu.pl_pmj_quake_20130909/~pmj/quake/images/armagon2-5.jpg" [1]
2013-09-09 16:43:25 URL:http://riad.usk.pk.edu.pl/~pmj/quake/images/armagon2-5.gif [15729/15729] -> "riad.usk.pk.edu.pl_pmj_quake_20130909/~pmj/quake/images/armagon2-5.gif" [1]
2013-09-09 16:43:25 URL:http://riad.usk.pk.edu.pl/~pmj/quake/images/armagon2-6.jpg [24088/24088] -> "riad.usk.pk.edu.pl_pmj_quake_20130909/~pmj/quake/images/armagon2-6.jpg" [1]
2013-09-09 16:43:25 URL:http://riad.usk.pk.edu.pl/~pmj/quake/images/armagon2-6.gif [8654/8654] -> "riad.usk.pk.edu.pl_pmj_quake_20130909/~pmj/quake/images/armagon2-6.gif" [1]
2013-09-09 16:43:26 URL:http://riad.usk.pk.edu.pl/~pmj/quake/images/armagon2-7.jpg [59466/59466] -> "riad.usk.pk.edu.pl_pmj_quake_20130909/~pmj/quake/images/armagon2-7.jpg" [1]
2013-09-09 16:43:26 URL:http://riad.usk.pk.edu.pl/~pmj/quake/images/armagon2-7.gif [16693/16693] -> "riad.usk.pk.edu.pl_pmj_quake_20130909/~pmj/quake/images/armagon2-7.gif" [1]
2013-09-09 16:43:26 URL:http://riad.usk.pk.edu.pl/~pmj/quake/images/armagon2-8.jpg [55565/55565] -> "riad.usk.pk.edu.pl_pmj_quake_20130909/~pmj/quake/images/armagon2-8.jpg" [1]
2013-09-09 16:43:26 URL:http://riad.usk.pk.edu.pl/~pmj/quake/images/armagon2-8.gif [17868/17868] -> "riad.usk.pk.edu.pl_pmj_quake_20130909/~pmj/quake/images/armagon2-8.gif" [1]
2013-09-09 16:43:27 URL:http://riad.usk.pk.edu.pl/~pmj/quake/images/armagon2-9.jpg [56281/56281] -> "riad.usk.pk.edu.pl_pmj_quake_20130909/~pmj/quake/images/armagon2-9.jpg" [1]
2013-09-09 16:43:27 URL:http://riad.usk.pk.edu.pl/~pmj/quake/images/armagon2-9.gif [20228/20228] -> "riad.usk.pk.edu.pl_pmj_quake_20130909/~pmj/quake/images/armagon2-9.gif" [1]
2013-09-09 16:43:28 URL:http://riad.usk.pk.edu.pl/~pmj/quake/images/armagon1.jpg [43066/43066] -> "riad.usk.pk.edu.pl_pmj_quake_20130909/~pmj/quake/images/armagon1.jpg" [1]
2013-09-09 16:43:28 URL:http://riad.usk.pk.edu.pl/~pmj/quake/images/armagon1s.gif [15925/15925] -> "riad.usk.pk.edu.pl_pmj_quake_20130909/~pmj/quake/images/armagon1s.gif" [1]
2013-09-09 16:43:28 URL:http://riad.usk.pk.edu.pl/~pmj/quake/images/armagon2.jpg [67516/67516] -> "riad.usk.pk.edu.pl_pmj_quake_20130909/~pmj/quake/images/armagon2.jpg" [1]
2013-09-09 16:43:28 URL:http://riad.usk.pk.edu.pl/~pmj/quake/images/armagon2s.gif [21161/21161] -> "riad.usk.pk.edu.pl_pmj_quake_20130909/~pmj/quake/images/armagon2s.gif" [1]
2013-09-09 16:43:29 URL:http://riad.usk.pk.edu.pl/~pmj/quake/images/armagon3.jpg [86527/86527] -> "riad.usk.pk.edu.pl_pmj_quake_20130909/~pmj/quake/images/armagon3.jpg" [1]
2013-09-09 16:43:29 URL:http://riad.usk.pk.edu.pl/~pmj/quake/images/armagon3s.gif [25008/25008] -> "riad.usk.pk.edu.pl_pmj_quake_20130909/~pmj/quake/images/armagon3s.gif" [1]
2013-09-09 16:43:30 URL:http://riad.usk.pk.edu.pl/~pmj/quake/images/armagon4.jpg [74281/74281] -> "riad.usk.pk.edu.pl_pmj_quake_20130909/~pmj/quake/images/armagon4.jpg" [1]
2013-09-09 16:43:30 URL:http://riad.usk.pk.edu.pl/~pmj/quake/images/armagon4s.gif [22161/22161] -> "riad.usk.pk.edu.pl_pmj_quake_20130909/~pmj/quake/images/armagon4s.gif" [1]
2013-09-09 16:43:30 URL:http://riad.usk.pk.edu.pl/~pmj/quake/images/armagon5.jpg [60164/60164] -> "riad.usk.pk.edu.pl_pmj_quake_20130909/~pmj/quake/images/armagon5.jpg" [1]
2013-09-09 16:43:31 URL:http://riad.usk.pk.edu.pl/~pmj/quake/images/armagon5s.gif [18851/18851] -> "riad.usk.pk.edu.pl_pmj_quake_20130909/~pmj/quake/images/armagon5s.gif" [1]
2013-09-09 16:43:31 URL:http://riad.usk.pk.edu.pl/~pmj/quake/images/armagon6.jpg [44689/44689] -> "riad.usk.pk.edu.pl_pmj_quake_20130909/~pmj/quake/images/armagon6.jpg" [1]
2013-09-09 16:43:31 URL:http://riad.usk.pk.edu.pl/~pmj/quake/images/armagon6s.gif [15543/15543] -> "riad.usk.pk.edu.pl_pmj_quake_20130909/~pmj/quake/images/armagon6s.gif" [1]
2013-09-09 16:43:32 URL:http://riad.usk.pk.edu.pl/~pmj/quake/images/armagon7.jpg [56370/56370] -> "riad.usk.pk.edu.pl_pmj_quake_20130909/~pmj/quake/images/armagon7.jpg" [1]
2013-09-09 16:43:32 URL:http://riad.usk.pk.edu.pl/~pmj/quake/images/armagon7s.gif [21944/21944] -> "riad.usk.pk.edu.pl_pmj_quake_20130909/~pmj/quake/images/armagon7s.gif" [1]
2013-09-09 16:43:33 URL:http://riad.usk.pk.edu.pl/~pmj/quake/images/armagon8.jpg [67379/67379] -> "riad.usk.pk.edu.pl_pmj_quake_20130909/~pmj/quake/images/armagon8.jpg" [1]
2013-09-09 16:43:33 URL:http://riad.usk.pk.edu.pl/~pmj/quake/images/armagon8s.gif [17858/17858] -> "riad.usk.pk.edu.pl_pmj_quake_20130909/~pmj/quake/images/armagon8s.gif" [1]
2013-09-09 16:43:33 URL:http://riad.usk.pk.edu.pl/~pmj/quake/images/armagon9.jpg [80365/80365] -> "riad.usk.pk.edu.pl_pmj_quake_20130909/~pmj/quake/images/armagon9.jpg" [1]
2013-09-09 16:43:34 URL:http://riad.usk.pk.edu.pl/~pmj/quake/images/armagon9s.gif [22383/22383] -> "riad.usk.pk.edu.pl_pmj_quake_20130909/~pmj/quake/images/armagon9s.gif" [1]
2013-09-09 16:43:34 URL:http://riad.usk.pk.edu.pl/~pmj/quake/images/konkurs2.gif [18322/18322] -> "riad.usk.pk.edu.pl_pmj_quake_20130909/~pmj/quake/images/konkurs2.gif" [1]
2013-09-09 16:43:34 URL:http://riad.usk.pk.edu.pl/~pmj/quake/images/q1.gif [27730/27730] -> "riad.usk.pk.edu.pl_pmj_quake_20130909/~pmj/quake/images/q1.gif" [1]
2013-09-09 16:43:34 URL:http://riad.usk.pk.edu.pl/~pmj/quake/images/q2.gif [24080/24080] -> "riad.usk.pk.edu.pl_pmj_quake_20130909/~pmj/quake/images/q2.gif" [1]
2013-09-09 16:43:34 URL:http://riad.usk.pk.edu.pl/~pmj/quake/images/q3.gif [14269/14269] -> "riad.usk.pk.edu.pl_pmj_quake_20130909/~pmj/quake/images/q3.gif" [1]
2013-09-09 16:43:34 URL:http://riad.usk.pk.edu.pl/~pmj/quake/images/q4.gif [27721/27721] -> "riad.usk.pk.edu.pl_pmj_quake_20130909/~pmj/quake/images/q4.gif" [1]
2013-09-09 16:43:35 URL:http://riad.usk.pk.edu.pl/~pmj/quake/images/q5.gif [23942/23942] -> "riad.usk.pk.edu.pl_pmj_quake_20130909/~pmj/quake/images/q5.gif" [1]
2013-09-09 16:43:35 URL:http://riad.usk.pk.edu.pl/~pmj/quake/images/logo15_small.gif [17475/17475] -> "riad.usk.pk.edu.pl_pmj_quake_20130909/~pmj/quake/images/logo15_small.gif" [1]
2013-09-09 16:43:35 URL:http://riad.usk.pk.edu.pl/~pmj/quake/contest_rules.html [16705/16705] -> "riad.usk.pk.edu.pl_pmj_quake_20130909/~pmj/quake/contest_rules.html" [1]
2013-09-09 16:43:35 URL:http://riad.usk.pk.edu.pl/~pmj/quake/contest.html [13724/13724] -> "riad.usk.pk.edu.pl_pmj_quake_20130909/~pmj/quake/contest.html" [1]
2013-09-09 16:43:36 URL:http://riad.usk.pk.edu.pl/~pmj/quake/images/title1.gif [18157/18157] -> "riad.usk.pk.edu.pl_pmj_quake_20130909/~pmj/quake/images/title1.gif" [1]
2013-09-09 16:43:36 URL:http://riad.usk.pk.edu.pl/~pmj/quake/server_modules.html [12525/12525] -> "riad.usk.pk.edu.pl_pmj_quake_20130909/~pmj/quake/server_modules.html" [1]
2013-09-09 16:43:36 URL:http://riad.usk.pk.edu.pl/~pmj/quake/carmacksgi.html [1048/1048] -> "riad.usk.pk.edu.pl_pmj_quake_20130909/~pmj/quake/carmacksgi.html" [1]
2013-09-09 16:43:36 URL:http://riad.usk.pk.edu.pl/~pmj/quake/taylor.html [1183/1183] -> "riad.usk.pk.edu.pl_pmj_quake_20130909/~pmj/quake/taylor.html" [1]
2013-09-09 16:43:36 URL:http://riad.usk.pk.edu.pl/~pmj/quake/images/contest.gif [1693/1693] -> "riad.usk.pk.edu.pl_pmj_quake_20130909/~pmj/quake/images/contest.gif" [1]
2013-09-09 16:43:36 URL:http://riad.usk.pk.edu.pl/~pmj/quake/images/3axe.gif [1850/1850] -> "riad.usk.pk.edu.pl_pmj_quake_20130909/~pmj/quake/images/3axe.gif" [1]
2013-09-09 16:43:36 URL:http://riad.usk.pk.edu.pl/~pmj/quake/images/contest1_5.gif [2616/2616] -> "riad.usk.pk.edu.pl_pmj_quake_20130909/~pmj/quake/images/contest1_5.gif" [1]
2013-09-09 16:43:37 URL:http://riad.usk.pk.edu.pl/~pmj/quake/images/logo15.gif [27022/27022] -> "riad.usk.pk.edu.pl_pmj_quake_20130909/~pmj/quake/images/logo15.gif" [1]
2013-09-09 16:43:37 URL:http://riad.usk.pk.edu.pl/~pmj/quake/images/xmas_gift.gif [4636/4636] -> "riad.usk.pk.edu.pl_pmj_quake_20130909/~pmj/quake/images/xmas_gift.gif" [1]
2013-09-09 16:43:37 URL:http://riad.usk.pk.edu.pl/~pmj/quake/images/quake-znaki0-255.gif [39639/39639] -> "riad.usk.pk.edu.pl_pmj_quake_20130909/~pmj/quake/images/quake-znaki0-255.gif" [1]
2013-09-09 16:43:37 URL:http://riad.usk.pk.edu.pl/~pmj/quake/images/quake-znaki0-100.gif [20251/20251] -> "riad.usk.pk.edu.pl_pmj_quake_20130909/~pmj/quake/images/quake-znaki0-100.gif" [1]
2013-09-09 16:43:38 URL:http://riad.usk.pk.edu.pl/~pmj/quake/images/quake-znaki101-200.gif [20767/20767] -> "riad.usk.pk.edu.pl_pmj_quake_20130909/~pmj/quake/images/quake-znaki101-200.gif" [1]
2013-09-09 16:43:38 URL:http://riad.usk.pk.edu.pl/~pmj/quake/images/quake-znaki201-255.gif [11274/11274] -> "riad.usk.pk.edu.pl_pmj_quake_20130909/~pmj/quake/images/quake-znaki201-255.gif" [1]
2013-09-09 16:43:38 URL:http://riad.usk.pk.edu.pl/~pmj/quake/images/yoonior_nick.gif [1031/1031] -> "riad.usk.pk.edu.pl_pmj_quake_20130909/~pmj/quake/images/yoonior_nick.gif" [1]
2013-09-09 16:43:38 URL:http://riad.usk.pk.edu.pl/~pmj/quake/images/pic000.gif [5576/5576] -> "riad.usk.pk.edu.pl_pmj_quake_20130909/~pmj/quake/images/pic000.gif" [1]
2013-09-09 16:43:38 URL:http://riad.usk.pk.edu.pl/~pmj/quake/images/pic001.gif [5310/5310] -> "riad.usk.pk.edu.pl_pmj_quake_20130909/~pmj/quake/images/pic001.gif" [1]
2013-09-09 16:43:38 URL:http://riad.usk.pk.edu.pl/~pmj/quake/images/pic002.gif [6069/6069] -> "riad.usk.pk.edu.pl_pmj_quake_20130909/~pmj/quake/images/pic002.gif" [1]
2013-09-09 16:43:38 URL:http://riad.usk.pk.edu.pl/~pmj/quake/images/pic003.gif [5103/5103] -> "riad.usk.pk.edu.pl_pmj_quake_20130909/~pmj/quake/images/pic003.gif" [1]
2013-09-09 16:43:38 URL:http://riad.usk.pk.edu.pl/~pmj/quake/images/pic004.gif [5748/5748] -> "riad.usk.pk.edu.pl_pmj_quake_20130909/~pmj/quake/images/pic004.gif" [1]
2013-09-09 16:43:38 URL:http://riad.usk.pk.edu.pl/~pmj/quake/images/pic005.gif [4950/4950] -> "riad.usk.pk.edu.pl_pmj_quake_20130909/~pmj/quake/images/pic005.gif" [1]
2013-09-09 16:43:39 URL:http://riad.usk.pk.edu.pl/~pmj/quake/images/pic006.gif [4798/4798] -> "riad.usk.pk.edu.pl_pmj_quake_20130909/~pmj/quake/images/pic006.gif" [1]
2013-09-09 16:43:39 URL:http://riad.usk.pk.edu.pl/~pmj/quake/images/pic007.gif [4470/4470] -> "riad.usk.pk.edu.pl_pmj_quake_20130909/~pmj/quake/images/pic007.gif" [1]
2013-09-09 16:43:39 URL:http://riad.usk.pk.edu.pl/~pmj/quake/images/pic008.gif [4361/4361] -> "riad.usk.pk.edu.pl_pmj_quake_20130909/~pmj/quake/images/pic008.gif" [1]
2013-09-09 16:43:39 URL:http://riad.usk.pk.edu.pl/~pmj/quake/images/pic009.gif [5485/5485] -> "riad.usk.pk.edu.pl_pmj_quake_20130909/~pmj/quake/images/pic009.gif" [1]
2013-09-09 16:43:39 URL:http://riad.usk.pk.edu.pl/~pmj/quake/images/pic010.gif [6752/6752] -> "riad.usk.pk.edu.pl_pmj_quake_20130909/~pmj/quake/images/pic010.gif" [1]
2013-09-09 16:43:39 URL:http://riad.usk.pk.edu.pl/~pmj/quake/images/pic011.gif [5206/5206] -> "riad.usk.pk.edu.pl_pmj_quake_20130909/~pmj/quake/images/pic011.gif" [1]
2013-09-09 16:43:39 URL:http://riad.usk.pk.edu.pl/~pmj/quake/images/pic012.gif [5600/5600] -> "riad.usk.pk.edu.pl_pmj_quake_20130909/~pmj/quake/images/pic012.gif" [1]
2013-09-09 16:43:39 URL:http://riad.usk.pk.edu.pl/~pmj/quake/images/pic013.gif [5235/5235] -> "riad.usk.pk.edu.pl_pmj_quake_20130909/~pmj/quake/images/pic013.gif" [1]
2013-09-09 16:43:40 URL:http://riad.usk.pk.edu.pl/~pmj/quake/images/pic014.gif [5220/5220] -> "riad.usk.pk.edu.pl_pmj_quake_20130909/~pmj/quake/images/pic014.gif" [1]
2013-09-09 16:43:40 URL:http://riad.usk.pk.edu.pl/~pmj/quake/images/pic015.gif [5819/5819] -> "riad.usk.pk.edu.pl_pmj_quake_20130909/~pmj/quake/images/pic015.gif" [1]
2013-09-09 16:43:40 URL:http://riad.usk.pk.edu.pl/~pmj/quake/images/pic016.gif [5913/5913] -> "riad.usk.pk.edu.pl_pmj_quake_20130909/~pmj/quake/images/pic016.gif" [1]
2013-09-09 16:43:40 URL:http://riad.usk.pk.edu.pl/~pmj/quake/images/pic017.gif [5498/5498] -> "riad.usk.pk.edu.pl_pmj_quake_20130909/~pmj/quake/images/pic017.gif" [1]
2013-09-09 16:43:40 URL:http://riad.usk.pk.edu.pl/~pmj/quake/images/pic018.gif [5635/5635] -> "riad.usk.pk.edu.pl_pmj_quake_20130909/~pmj/quake/images/pic018.gif" [1]
2013-09-09 16:43:41 URL:http://riad.usk.pk.edu.pl/~pmj/quake/screenshots/top3.gif [38526/38526] -> "riad.usk.pk.edu.pl_pmj_quake_20130909/~pmj/quake/screenshots/top3.gif" [1]
2013-09-09 16:43:41 URL:http://riad.usk.pk.edu.pl/~pmj/quake/screenshots/top1.gif [32130/32130] -> "riad.usk.pk.edu.pl_pmj_quake_20130909/~pmj/quake/screenshots/top1.gif" [1]
2013-09-09 16:43:41 URL:http://riad.usk.pk.edu.pl/~pmj/quake/screenshots/top10.gif [33018/33018] -> "riad.usk.pk.edu.pl_pmj_quake_20130909/~pmj/quake/screenshots/top10.gif" [1]
2013-09-09 16:43:42 URL:http://riad.usk.pk.edu.pl/~pmj/quake/screenshots/top4.gif [33033/33033] -> "riad.usk.pk.edu.pl_pmj_quake_20130909/~pmj/quake/screenshots/top4.gif" [1]
2013-09-09 16:43:42 URL:http://riad.usk.pk.edu.pl/~pmj/quake/screenshots/top5.gif [35942/35942] -> "riad.usk.pk.edu.pl_pmj_quake_20130909/~pmj/quake/screenshots/top5.gif" [1]
2013-09-09 16:43:43 URL:http://riad.usk.pk.edu.pl/~pmj/quake/screenshots/top8.gif [36454/36454] -> "riad.usk.pk.edu.pl_pmj_quake_20130909/~pmj/quake/screenshots/top8.gif" [1]
2013-09-09 16:43:43 URL:http://riad.usk.pk.edu.pl/~pmj/quake/screenshots/top6.gif [38678/38678] -> "riad.usk.pk.edu.pl_pmj_quake_20130909/~pmj/quake/screenshots/top6.gif" [1]
2013-09-09 16:43:43 URL:http://riad.usk.pk.edu.pl/~pmj/quake/screenshots/top9.gif [34968/34968] -> "riad.usk.pk.edu.pl_pmj_quake_20130909/~pmj/quake/screenshots/top9.gif" [1]
2013-09-09 16:43:44 URL:http://riad.usk.pk.edu.pl/~pmj/quake/screenshots/top2.gif [42550/42550] -> "riad.usk.pk.edu.pl_pmj_quake_20130909/~pmj/quake/screenshots/top2.gif" [1]
2013-09-09 16:43:44 URL:http://riad.usk.pk.edu.pl/~pmj/quake/screenshots/top7.gif [28332/28332] -> "riad.usk.pk.edu.pl_pmj_quake_20130909/~pmj/quake/screenshots/top7.gif" [1]
2013-09-09 16:43:44 URL:http://riad.usk.pk.edu.pl/~pmj/quake/ciapek/107.gif [57104/57104] -> "riad.usk.pk.edu.pl_pmj_quake_20130909/~pmj/quake/ciapek/107.gif" [1]
2013-09-09 16:43:45 URL:http://riad.usk.pk.edu.pl/~pmj/quake/ciapek/111.gif [58505/58505] -> "riad.usk.pk.edu.pl_pmj_quake_20130909/~pmj/quake/ciapek/111.gif" [1]
2013-09-09 16:43:45 URL:http://riad.usk.pk.edu.pl/~pmj/quake/ciapek/114.gif [58775/58775] -> "riad.usk.pk.edu.pl_pmj_quake_20130909/~pmj/quake/ciapek/114.gif" [1]
2013-09-09 16:43:45 URL:http://riad.usk.pk.edu.pl/~pmj/quake/ciapek/115.gif [61073/61073] -> "riad.usk.pk.edu.pl_pmj_quake_20130909/~pmj/quake/ciapek/115.gif" [1]
2013-09-09 16:43:46 URL:http://riad.usk.pk.edu.pl/~pmj/quake/ciapek/120.gif [62278/62278] -> "riad.usk.pk.edu.pl_pmj_quake_20130909/~pmj/quake/ciapek/120.gif" [1]
2013-09-09 16:43:46 URL:http://riad.usk.pk.edu.pl/~pmj/quake/ciapek/135.gif [57438/57438] -> "riad.usk.pk.edu.pl_pmj_quake_20130909/~pmj/quake/ciapek/135.gif" [1]
2013-09-09 16:43:46 URL:http://riad.usk.pk.edu.pl/~pmj/quake/ciapek/203.gif [61989/61989] -> "riad.usk.pk.edu.pl_pmj_quake_20130909/~pmj/quake/ciapek/203.gif" [1]
2013-09-09 16:43:47 URL:http://riad.usk.pk.edu.pl/~pmj/quake/ciapek/218.gif [60640/60640] -> "riad.usk.pk.edu.pl_pmj_quake_20130909/~pmj/quake/ciapek/218.gif" [1]
2013-09-09 16:43:47 URL:http://riad.usk.pk.edu.pl/~pmj/quake/ciapek/220.gif [71102/71102] -> "riad.usk.pk.edu.pl_pmj_quake_20130909/~pmj/quake/ciapek/220.gif" [1]
2013-09-09 16:43:48 URL:http://riad.usk.pk.edu.pl/~pmj/quake/ciapek/223.gif [61007/61007] -> "riad.usk.pk.edu.pl_pmj_quake_20130909/~pmj/quake/ciapek/223.gif" [1]
2013-09-09 16:43:48 URL:http://riad.usk.pk.edu.pl/~pmj/quake/ciapek/225.gif [58378/58378] -> "riad.usk.pk.edu.pl_pmj_quake_20130909/~pmj/quake/ciapek/225.gif" [1]
2013-09-09 16:43:49 URL:http://riad.usk.pk.edu.pl/~pmj/quake/ciapek/226.gif [61348/61348] -> "riad.usk.pk.edu.pl_pmj_quake_20130909/~pmj/quake/ciapek/226.gif" [1]
2013-09-09 16:43:49 URL:http://riad.usk.pk.edu.pl/~pmj/quake/ciapek/235.gif [64213/64213] -> "riad.usk.pk.edu.pl_pmj_quake_20130909/~pmj/quake/ciapek/235.gif" [1]
2013-09-09 16:43:49 URL:http://riad.usk.pk.edu.pl/~pmj/quake/ciapek/236.gif [59239/59239] -> "riad.usk.pk.edu.pl_pmj_quake_20130909/~pmj/quake/ciapek/236.gif" [1]
2013-09-09 16:43:50 URL:http://riad.usk.pk.edu.pl/~pmj/quake/ciapek/246.gif [58495/58495] -> "riad.usk.pk.edu.pl_pmj_quake_20130909/~pmj/quake/ciapek/246.gif" [1]
2013-09-09 16:43:50 URL:http://riad.usk.pk.edu.pl/~pmj/quake/ciapek/247.gif [57182/57182] -> "riad.usk.pk.edu.pl_pmj_quake_20130909/~pmj/quake/ciapek/247.gif" [1]
2013-09-09 16:43:51 URL:http://riad.usk.pk.edu.pl/~pmj/quake/ciapek/242.gif [70019/70019] -> "riad.usk.pk.edu.pl_pmj_quake_20130909/~pmj/quake/ciapek/242.gif" [1]
2013-09-09 16:43:51 URL:http://riad.usk.pk.edu.pl/~pmj/quake/ciapek/305.gif [63087/63087] -> "riad.usk.pk.edu.pl_pmj_quake_20130909/~pmj/quake/ciapek/305.gif" [1]
2013-09-09 16:43:52 URL:http://riad.usk.pk.edu.pl/~pmj/quake/ciapek/309.gif [58074/58074] -> "riad.usk.pk.edu.pl_pmj_quake_20130909/~pmj/quake/ciapek/309.gif" [1]
2013-09-09 16:43:52 URL:http://riad.usk.pk.edu.pl/~pmj/quake/ciapek/312.gif [69238/69238] -> "riad.usk.pk.edu.pl_pmj_quake_20130909/~pmj/quake/ciapek/312.gif" [1]
2013-09-09 16:43:52 URL:http://riad.usk.pk.edu.pl/~pmj/quake/ciapek/314.gif [68447/68447] -> "riad.usk.pk.edu.pl_pmj_quake_20130909/~pmj/quake/ciapek/314.gif" [1]
2013-09-09 16:43:53 URL:http://riad.usk.pk.edu.pl/~pmj/quake/ciapek/319.gif [49494/49494] -> "riad.usk.pk.edu.pl_pmj_quake_20130909/~pmj/quake/ciapek/319.gif" [1]
2013-09-09 16:43:53 URL:http://riad.usk.pk.edu.pl/~pmj/quake/ciapek/320.gif [65486/65486] -> "riad.usk.pk.edu.pl_pmj_quake_20130909/~pmj/quake/ciapek/320.gif" [1]
2013-09-09 16:43:54 URL:http://riad.usk.pk.edu.pl/~pmj/quake/ciapek/406.gif [47593/47593] -> "riad.usk.pk.edu.pl_pmj_quake_20130909/~pmj/quake/ciapek/406.gif" [1]
2013-09-09 16:43:54 URL:http://riad.usk.pk.edu.pl/~pmj/quake/ciapek/408.gif [64300/64300] -> "riad.usk.pk.edu.pl_pmj_quake_20130909/~pmj/quake/ciapek/408.gif" [1]
2013-09-09 16:43:55 URL:http://riad.usk.pk.edu.pl/~pmj/quake/ciapek/409.gif [81222/81222] -> "riad.usk.pk.edu.pl_pmj_quake_20130909/~pmj/quake/ciapek/409.gif" [1]
2013-09-09 16:43:55 URL:http://riad.usk.pk.edu.pl/~pmj/quake/ciapek/415.gif [66189/66189] -> "riad.usk.pk.edu.pl_pmj_quake_20130909/~pmj/quake/ciapek/415.gif" [1]
2013-09-09 16:43:55 URL:http://riad.usk.pk.edu.pl/~pmj/quake/images/vipower.gif [1309/1309] -> "riad.usk.pk.edu.pl_pmj_quake_20130909/~pmj/quake/images/vipower.gif" [1]
2013-09-09 16:43:56 URL:http://riad.usk.pk.edu.pl/~pmj/quake/screenshots/quake41.gif [33593/33593] -> "riad.usk.pk.edu.pl_pmj_quake_20130909/~pmj/quake/screenshots/quake41.gif" [1]
2013-09-09 16:43:56 URL:http://riad.usk.pk.edu.pl/~pmj/quake/screenshots/quake18.gif [35255/35255] -> "riad.usk.pk.edu.pl_pmj_quake_20130909/~pmj/quake/screenshots/quake18.gif" [1]
2013-09-09 16:43:56 URL:http://riad.usk.pk.edu.pl/~pmj/quake/screenshots/quake04.gif [34978/34978] -> "riad.usk.pk.edu.pl_pmj_quake_20130909/~pmj/quake/screenshots/quake04.gif" [1]
2013-09-09 16:43:57 URL:http://riad.usk.pk.edu.pl/~pmj/quake/screenshots/quake10.gif [42749/42749] -> "riad.usk.pk.edu.pl_pmj_quake_20130909/~pmj/quake/screenshots/quake10.gif" [1]
2013-09-09 16:43:57 URL:http://riad.usk.pk.edu.pl/~pmj/quake/screenshots/quake05.gif [31166/31166] -> "riad.usk.pk.edu.pl_pmj_quake_20130909/~pmj/quake/screenshots/quake05.gif" [1]
2013-09-09 16:43:57 URL:http://riad.usk.pk.edu.pl/~pmj/quake/screenshots/quake09.gif [25760/25760] -> "riad.usk.pk.edu.pl_pmj_quake_20130909/~pmj/quake/screenshots/quake09.gif" [1]
2013-09-09 16:43:57 URL:http://riad.usk.pk.edu.pl/~pmj/quake/screenshots/quake11.gif [35201/35201] -> "riad.usk.pk.edu.pl_pmj_quake_20130909/~pmj/quake/screenshots/quake11.gif" [1]
2013-09-09 16:43:58 URL:http://riad.usk.pk.edu.pl/~pmj/quake/screenshots/quake13.gif [39181/39181] -> "riad.usk.pk.edu.pl_pmj_quake_20130909/~pmj/quake/screenshots/quake13.gif" [1]
2013-09-09 16:43:58 URL:http://riad.usk.pk.edu.pl/~pmj/quake/screenshots/quake15.gif [31916/31916] -> "riad.usk.pk.edu.pl_pmj_quake_20130909/~pmj/quake/screenshots/quake15.gif" [1]
2013-09-09 16:43:58 URL:http://riad.usk.pk.edu.pl/~pmj/quake/screenshots/quake17.gif [30893/30893] -> "riad.usk.pk.edu.pl_pmj_quake_20130909/~pmj/quake/screenshots/quake17.gif" [1]
2013-09-09 16:43:59 URL:http://riad.usk.pk.edu.pl/~pmj/quake/screenshots/quake24.gif [37601/37601] -> "riad.usk.pk.edu.pl_pmj_quake_20130909/~pmj/quake/screenshots/quake24.gif" [1]
2013-09-09 16:43:59 URL:http://riad.usk.pk.edu.pl/~pmj/quake/screenshots/quake25.gif [37791/37791] -> "riad.usk.pk.edu.pl_pmj_quake_20130909/~pmj/quake/screenshots/quake25.gif" [1]
2013-09-09 16:43:59 URL:http://riad.usk.pk.edu.pl/~pmj/quake/screenshots/quake26.gif [22352/22352] -> "riad.usk.pk.edu.pl_pmj_quake_20130909/~pmj/quake/screenshots/quake26.gif" [1]
2013-09-09 16:44:00 URL:http://riad.usk.pk.edu.pl/~pmj/quake/screenshots/quake35.gif [30642/30642] -> "riad.usk.pk.edu.pl_pmj_quake_20130909/~pmj/quake/screenshots/quake35.gif" [1]
2013-09-09 16:44:00 URL:http://riad.usk.pk.edu.pl/~pmj/quake/screenshots/quake27.gif [30570/30570] -> "riad.usk.pk.edu.pl_pmj_quake_20130909/~pmj/quake/screenshots/quake27.gif" [1]
2013-09-09 16:44:00 URL:http://riad.usk.pk.edu.pl/~pmj/quake/screenshots/quake31.gif [31893/31893] -> "riad.usk.pk.edu.pl_pmj_quake_20130909/~pmj/quake/screenshots/quake31.gif" [1]
2013-09-09 16:44:01 URL:http://riad.usk.pk.edu.pl/~pmj/quake/screenshots/quake06.gif [31857/31857] -> "riad.usk.pk.edu.pl_pmj_quake_20130909/~pmj/quake/screenshots/quake06.gif" [1]
2013-09-09 16:44:01 URL:http://riad.usk.pk.edu.pl/~pmj/quake/screenshots/quake39.gif [27748/27748] -> "riad.usk.pk.edu.pl_pmj_quake_20130909/~pmj/quake/screenshots/quake39.gif" [1]
2013-09-09 16:44:02 URL:http://riad.usk.pk.edu.pl/~pmj/quake/screenshots/quake47.gif [65909/65909] -> "riad.usk.pk.edu.pl_pmj_quake_20130909/~pmj/quake/screenshots/quake47.gif" [1]
2013-09-09 16:44:02 URL:http://riad.usk.pk.edu.pl/~pmj/quake/screenshots/quake51.gif [54579/54579] -> "riad.usk.pk.edu.pl_pmj_quake_20130909/~pmj/quake/screenshots/quake51.gif" [1]
2013-09-09 16:44:02 URL:http://riad.usk.pk.edu.pl/~pmj/quake/screenshots/quake55.gif [29761/29761] -> "riad.usk.pk.edu.pl_pmj_quake_20130909/~pmj/quake/screenshots/quake55.gif" [1]
2013-09-09 16:44:03 URL:http://riad.usk.pk.edu.pl/~pmj/quake/screenshots/quake97.gif [68402/68402] -> "riad.usk.pk.edu.pl_pmj_quake_20130909/~pmj/quake/screenshots/quake97.gif" [1]
2013-09-09 16:44:03 URL:http://riad.usk.pk.edu.pl/~pmj/quake/screenshots/quake70.gif [39192/39192] -> "riad.usk.pk.edu.pl_pmj_quake_20130909/~pmj/quake/screenshots/quake70.gif" [1]
2013-09-09 16:44:03 URL:http://riad.usk.pk.edu.pl/~pmj/quake/screenshots/quake72.gif [31255/31255] -> "riad.usk.pk.edu.pl_pmj_quake_20130909/~pmj/quake/screenshots/quake72.gif" [1]
2013-09-09 16:44:04 URL:http://riad.usk.pk.edu.pl/~pmj/quake/screenshots/quake73.gif [25680/25680] -> "riad.usk.pk.edu.pl_pmj_quake_20130909/~pmj/quake/screenshots/quake73.gif" [1]
2013-09-09 16:44:04 URL:http://riad.usk.pk.edu.pl/~pmj/quake/screenshots/quake23.gif [29675/29675] -> "riad.usk.pk.edu.pl_pmj_quake_20130909/~pmj/quake/screenshots/quake23.gif" [1]
2013-09-09 16:44:04 URL:http://riad.usk.pk.edu.pl/~pmj/quake/screenshots/quake01.gif [40223/40223] -> "riad.usk.pk.edu.pl_pmj_quake_20130909/~pmj/quake/screenshots/quake01.gif" [1]
2013-09-09 16:44:04 URL:http://riad.usk.pk.edu.pl/~pmj/quake/screenshots/quake02.gif [27170/27170] -> "riad.usk.pk.edu.pl_pmj_quake_20130909/~pmj/quake/screenshots/quake02.gif" [1]
2013-09-09 16:44:05 URL:http://riad.usk.pk.edu.pl/~pmj/quake/screenshots/quake03.gif [28310/28310] -> "riad.usk.pk.edu.pl_pmj_quake_20130909/~pmj/quake/screenshots/quake03.gif" [1]
2013-09-09 16:44:05 URL:http://riad.usk.pk.edu.pl/~pmj/quake/screenshots/quake12.gif [29305/29305] -> "riad.usk.pk.edu.pl_pmj_quake_20130909/~pmj/quake/screenshots/quake12.gif" [1]
2013-09-09 16:44:05 URL:http://riad.usk.pk.edu.pl/~pmj/quake/screenshots/quake14.gif [26784/26784] -> "riad.usk.pk.edu.pl_pmj_quake_20130909/~pmj/quake/screenshots/quake14.gif" [1]
2013-09-09 16:44:05 URL:http://riad.usk.pk.edu.pl/~pmj/quake/screenshots/quake21.gif [26491/26491] -> "riad.usk.pk.edu.pl_pmj_quake_20130909/~pmj/quake/screenshots/quake21.gif" [1]
2013-09-09 16:44:05 URL:http://riad.usk.pk.edu.pl/~pmj/quake/screenshots/quake19.gif [25507/25507] -> "riad.usk.pk.edu.pl_pmj_quake_20130909/~pmj/quake/screenshots/quake19.gif" [1]
2013-09-09 16:44:06 URL:http://riad.usk.pk.edu.pl/~pmj/quake/screenshots/quake29.gif [34131/34131] -> "riad.usk.pk.edu.pl_pmj_quake_20130909/~pmj/quake/screenshots/quake29.gif" [1]
2013-09-09 16:44:06 URL:http://riad.usk.pk.edu.pl/~pmj/quake/screenshots/quake30.gif [36089/36089] -> "riad.usk.pk.edu.pl_pmj_quake_20130909/~pmj/quake/screenshots/quake30.gif" [1]
2013-09-09 16:44:06 URL:http://riad.usk.pk.edu.pl/~pmj/quake/screenshots/quake37.gif [43581/43581] -> "riad.usk.pk.edu.pl_pmj_quake_20130909/~pmj/quake/screenshots/quake37.gif" [1]
2013-09-09 16:44:06 URL:http://riad.usk.pk.edu.pl/~pmj/quake/screenshots/quake32.gif [37221/37221] -> "riad.usk.pk.edu.pl_pmj_quake_20130909/~pmj/quake/screenshots/quake32.gif" [1]
2013-09-09 16:44:07 URL:http://riad.usk.pk.edu.pl/~pmj/quake/screenshots/quake34.gif [35363/35363] -> "riad.usk.pk.edu.pl_pmj_quake_20130909/~pmj/quake/screenshots/quake34.gif" [1]
2013-09-09 16:44:07 URL:http://riad.usk.pk.edu.pl/~pmj/quake/screenshots/quake33.gif [38330/38330] -> "riad.usk.pk.edu.pl_pmj_quake_20130909/~pmj/quake/screenshots/quake33.gif" [1]
2013-09-09 16:44:07 URL:http://riad.usk.pk.edu.pl/~pmj/quake/screenshots/quake38.gif [35044/35044] -> "riad.usk.pk.edu.pl_pmj_quake_20130909/~pmj/quake/screenshots/quake38.gif" [1]
2013-09-09 16:44:07 URL:http://riad.usk.pk.edu.pl/~pmj/quake/screenshots/quake67.gif [35047/35047] -> "riad.usk.pk.edu.pl_pmj_quake_20130909/~pmj/quake/screenshots/quake67.gif" [1]
2013-09-09 16:44:08 URL:http://riad.usk.pk.edu.pl/~pmj/quake/screenshots/quake50.gif [35433/35433] -> "riad.usk.pk.edu.pl_pmj_quake_20130909/~pmj/quake/screenshots/quake50.gif" [1]
2013-09-09 16:44:08 URL:http://riad.usk.pk.edu.pl/~pmj/quake/screenshots/quake53.gif [25864/25864] -> "riad.usk.pk.edu.pl_pmj_quake_20130909/~pmj/quake/screenshots/quake53.gif" [1]
2013-09-09 16:44:08 URL:http://riad.usk.pk.edu.pl/~pmj/quake/screenshots/quake56.gif [31798/31798] -> "riad.usk.pk.edu.pl_pmj_quake_20130909/~pmj/quake/screenshots/quake56.gif" [1]
2013-09-09 16:44:08 URL:http://riad.usk.pk.edu.pl/~pmj/quake/screenshots/quake57.gif [29831/29831] -> "riad.usk.pk.edu.pl_pmj_quake_20130909/~pmj/quake/screenshots/quake57.gif" [1]
2013-09-09 16:44:08 URL:http://riad.usk.pk.edu.pl/~pmj/quake/screenshots/quake58.gif [25092/25092] -> "riad.usk.pk.edu.pl_pmj_quake_20130909/~pmj/quake/screenshots/quake58.gif" [1]
2013-09-09 16:44:09 URL:http://riad.usk.pk.edu.pl/~pmj/quake/screenshots/quake59.gif [35278/35278] -> "riad.usk.pk.edu.pl_pmj_quake_20130909/~pmj/quake/screenshots/quake59.gif" [1]
2013-09-09 16:44:09 URL:http://riad.usk.pk.edu.pl/~pmj/quake/screenshots/quake71.gif [37287/37287] -> "riad.usk.pk.edu.pl_pmj_quake_20130909/~pmj/quake/screenshots/quake71.gif" [1]
2013-09-09 16:44:09 URL:http://riad.usk.pk.edu.pl/~pmj/quake/screenshots/quake75.gif [38670/38670] -> "riad.usk.pk.edu.pl_pmj_quake_20130909/~pmj/quake/screenshots/quake75.gif" [1]
2013-09-09 16:44:09 URL:http://riad.usk.pk.edu.pl/~pmj/quake/screenshots/quake76.gif [35075/35075] -> "riad.usk.pk.edu.pl_pmj_quake_20130909/~pmj/quake/screenshots/quake76.gif" [1]
2013-09-09 16:44:10 URL:http://riad.usk.pk.edu.pl/~pmj/quake/screenshots/quake77.gif [38265/38265] -> "riad.usk.pk.edu.pl_pmj_quake_20130909/~pmj/quake/screenshots/quake77.gif" [1]
2013-09-09 16:44:10 URL:http://riad.usk.pk.edu.pl/~pmj/quake/screenshots/quake61.gif [37824/37824] -> "riad.usk.pk.edu.pl_pmj_quake_20130909/~pmj/quake/screenshots/quake61.gif" [1]
2013-09-09 16:44:10 URL:http://riad.usk.pk.edu.pl/~pmj/quake/screenshots/quake62.gif [18641/18641] -> "riad.usk.pk.edu.pl_pmj_quake_20130909/~pmj/quake/screenshots/quake62.gif" [1]
2013-09-09 16:44:11 URL:http://riad.usk.pk.edu.pl/~pmj/quake/screenshots/quake63.gif [23689/23689] -> "riad.usk.pk.edu.pl_pmj_quake_20130909/~pmj/quake/screenshots/quake63.gif" [1]
2013-09-09 16:44:11 URL:http://riad.usk.pk.edu.pl/~pmj/quake/screenshots/quake64.gif [29095/29095] -> "riad.usk.pk.edu.pl_pmj_quake_20130909/~pmj/quake/screenshots/quake64.gif" [1]
2013-09-09 16:44:11 URL:http://riad.usk.pk.edu.pl/~pmj/quake/screenshots/quake65.gif [26945/26945] -> "riad.usk.pk.edu.pl_pmj_quake_20130909/~pmj/quake/screenshots/quake65.gif" [1]
2013-09-09 16:44:11 URL:http://riad.usk.pk.edu.pl/~pmj/quake/screenshots/quake66.gif [31780/31780] -> "riad.usk.pk.edu.pl_pmj_quake_20130909/~pmj/quake/screenshots/quake66.gif" [1]
2013-09-09 16:44:12 URL:http://riad.usk.pk.edu.pl/~pmj/quake/screenshots/quake80.gif [33483/33483] -> "riad.usk.pk.edu.pl_pmj_quake_20130909/~pmj/quake/screenshots/quake80.gif" [1]
2013-09-09 16:44:12 URL:http://riad.usk.pk.edu.pl/~pmj/quake/screenshots/quake99.gif [58597/58597] -> "riad.usk.pk.edu.pl_pmj_quake_20130909/~pmj/quake/screenshots/quake99.gif" [1]
2013-09-09 16:44:13 URL:http://riad.usk.pk.edu.pl/~pmj/quake/screenshots/quake100.gif [50192/50192] -> "riad.usk.pk.edu.pl_pmj_quake_20130909/~pmj/quake/screenshots/quake100.gif" [1]
2013-09-09 16:44:13 URL:http://riad.usk.pk.edu.pl/~pmj/quake/images/fugazi.gif [5121/5121] -> "riad.usk.pk.edu.pl_pmj_quake_20130909/~pmj/quake/images/fugazi.gif" [1]
http://riad.usk.pk.edu.pl/~pmj/quake/cionek/news.html:
2013-09-09 16:44:13 ERROR 404: Not Found.
http://riad.usk.pk.edu.pl/~pmj/quake/cionek/mirrors.html:
2013-09-09 16:44:13 ERROR 404: Not Found.
http://riad.usk.pk.edu.pl/~pmj/quake/cionek/quaketoys.html:
2013-09-09 16:44:13 ERROR 404: Not Found.
http://riad.usk.pk.edu.pl/~pmj/quake/cionek/console.html:
2013-09-09 16:44:13 ERROR 404: Not Found.
http://riad.usk.pk.edu.pl/~pmj/quake/cionek/servers.shtml:
2013-09-09 16:44:13 ERROR 404: Not Found.
http://riad.usk.pk.edu.pl/~pmj/quake/cionek/players.html:
2013-09-09 16:44:13 ERROR 404: Not Found.
http://riad.usk.pk.edu.pl/~pmj/quake/cionek/links.html:
2013-09-09 16:44:14 ERROR 404: Not Found.
http://riad.usk.pk.edu.pl/~pmj/quake/cionek/help.html:
2013-09-09 16:44:14 ERROR 404: Not Found.
http://riad.usk.pk.edu.pl/~pmj/quake/cionek/faq.html:
2013-09-09 16:44:14 ERROR 404: Not Found.
http://riad.usk.pk.edu.pl/~pmj/quake/cionek/screenshots.html:
2013-09-09 16:44:14 ERROR 404: Not Found.
http://riad.usk.pk.edu.pl/~pmj/quake/cionek/stories.html:
2013-09-09 16:44:14 ERROR 404: Not Found.
http://riad.usk.pk.edu.pl/~pmj/quake/cionek/credits.html:
2013-09-09 16:44:14 ERROR 404: Not Found.
2013-09-09 16:44:15 URL:http://riad.usk.pk.edu.pl/~pmj/quake/cionek/piast.gif [94649/94649] -> "riad.usk.pk.edu.pl_pmj_quake_20130909/~pmj/quake/cionek/piast.gif" [1]
2013-09-09 16:44:16 URL:http://riad.usk.pk.edu.pl/~pmj/quake/cionek/area.gif [91126/91126] -> "riad.usk.pk.edu.pl_pmj_quake_20130909/~pmj/quake/cionek/area.gif" [1]
2013-09-09 16:44:17 URL:http://riad.usk.pk.edu.pl/~pmj/quake/cionek/shadow2.gif [278541/278541] -> "riad.usk.pk.edu.pl_pmj_quake_20130909/~pmj/quake/cionek/shadow2.gif" [1]
2013-09-09 16:44:17 URL:http://riad.usk.pk.edu.pl/~pmj/quake/cionek/narada.gif [31459/31459] -> "riad.usk.pk.edu.pl_pmj_quake_20130909/~pmj/quake/cionek/narada.gif" [1]
2013-09-09 16:44:18 URL:http://riad.usk.pk.edu.pl/~pmj/quake/cionek/shadow1.gif [242755/242755] -> "riad.usk.pk.edu.pl_pmj_quake_20130909/~pmj/quake/cionek/shadow1.gif" [1]
2013-09-09 16:44:18 URL:http://riad.usk.pk.edu.pl/~pmj/quake/cionek/kaplica.gif [24392/24392] -> "riad.usk.pk.edu.pl_pmj_quake_20130909/~pmj/quake/cionek/kaplica.gif" [1]
2013-09-09 16:44:18 URL:http://riad.usk.pk.edu.pl/~pmj/quake/cionek/skradan.gif [20391/20391] -> "riad.usk.pk.edu.pl_pmj_quake_20130909/~pmj/quake/cionek/skradan.gif" [1]
2013-09-09 16:44:19 URL:http://riad.usk.pk.edu.pl/~pmj/quake/cionek/skrad3.gif [23616/23616] -> "riad.usk.pk.edu.pl_pmj_quake_20130909/~pmj/quake/cionek/skrad3.gif" [1]
2013-09-09 16:44:19 URL:http://riad.usk.pk.edu.pl/~pmj/quake/cionek/strzal2.gif [184188/184188] -> "riad.usk.pk.edu.pl_pmj_quake_20130909/~pmj/quake/cionek/strzal2.gif" [1]
2013-09-09 16:44:20 URL:http://riad.usk.pk.edu.pl/~pmj/quake/cionek/strzal.gif [157047/157047] -> "riad.usk.pk.edu.pl_pmj_quake_20130909/~pmj/quake/cionek/strzal.gif" [1]
2013-09-09 16:44:20 URL:http://riad.usk.pk.edu.pl/~pmj/quake/cionek/wrzos.gif [26387/26387] -> "riad.usk.pk.edu.pl_pmj_quake_20130909/~pmj/quake/cionek/wrzos.gif" [1]
2013-09-09 16:44:20 URL:http://riad.usk.pk.edu.pl/~pmj/quake/images/sabotaz1.gif [5706/5706] -> "riad.usk.pk.edu.pl_pmj_quake_20130909/~pmj/quake/images/sabotaz1.gif" [1]
2013-09-09 16:44:20 URL:http://riad.usk.pk.edu.pl/~pmj/quake/images/gambler5.gif [20209/20209] -> "riad.usk.pk.edu.pl_pmj_quake_20130909/~pmj/quake/images/gambler5.gif" [1]
2013-09-09 16:44:20 URL:http://riad.usk.pk.edu.pl/~pmj/quake/gambleriada97_co.html [9214/9214] -> "riad.usk.pk.edu.pl_pmj_quake_20130909/~pmj/quake/gambleriada97_co.html" [1]
2013-09-09 16:44:20 URL:http://riad.usk.pk.edu.pl/~pmj/quake/gambleriada97_drabinka.html [6199/6199] -> "riad.usk.pk.edu.pl_pmj_quake_20130909/~pmj/quake/gambleriada97_drabinka.html" [1]
2013-09-09 16:44:21 URL:http://riad.usk.pk.edu.pl/~pmj/quake/gambleriada97_wejscie.html [6573/6573] -> "riad.usk.pk.edu.pl_pmj_quake_20130909/~pmj/quake/gambleriada97_wejscie.html" [1]
2013-09-09 16:44:21 URL:http://riad.usk.pk.edu.pl/~pmj/quake/sniegowy/ [45825/45825] -> "riad.usk.pk.edu.pl_pmj_quake_20130909/~pmj/quake/sniegowy/index.html" [1]
2013-09-09 16:44:21 URL:http://riad.usk.pk.edu.pl/~pmj/quake/gambleriada97_zdjecia.html [8591/8591] -> "riad.usk.pk.edu.pl_pmj_quake_20130909/~pmj/quake/gambleriada97_zdjecia.html" [1]
2013-09-09 16:44:21 URL:http://riad.usk.pk.edu.pl/~pmj/quake/images/draco.gif [8676/8676] -> "riad.usk.pk.edu.pl_pmj_quake_20130909/~pmj/quake/images/draco.gif" [1]
2013-09-09 16:44:21 URL:http://riad.usk.pk.edu.pl/~pmj/quake/images/enterdraco.gif [4614/4614] -> "riad.usk.pk.edu.pl_pmj_quake_20130909/~pmj/quake/images/enterdraco.gif" [1]
2013-09-09 16:44:21 URL:http://riad.usk.pk.edu.pl/~pmj/quake/images/axe.gif [1792/1792] -> "riad.usk.pk.edu.pl_pmj_quake_20130909/~pmj/quake/images/axe.gif" [1]
2013-09-09 16:44:21 URL:http://riad.usk.pk.edu.pl/~pmj/quake/demo2.txt [1028/1028] -> "riad.usk.pk.edu.pl_pmj_quake_20130909/~pmj/quake/demo2.txt" [1]
2013-09-09 16:44:22 URL:http://riad.usk.pk.edu.pl/~pmj/quake/konkurs.txt [565/565] -> "riad.usk.pk.edu.pl_pmj_quake_20130909/~pmj/quake/konkurs.txt" [1]
2013-09-09 16:44:22 URL:http://riad.usk.pk.edu.pl/~pmj/quake/demo_15.txt [964/964] -> "riad.usk.pk.edu.pl_pmj_quake_20130909/~pmj/quake/demo_15.txt" [1]
2013-09-09 16:44:22 URL:http://riad.usk.pk.edu.pl/~pmj/quake/sniegowy/snieg/margin.gif [5810/5810] -> "riad.usk.pk.edu.pl_pmj_quake_20130909/~pmj/quake/sniegowy/snieg/margin.gif" [1]
2013-09-09 16:44:22 URL:http://riad.usk.pk.edu.pl/~pmj/quake/sniegowy/snieg/balwan1.gif [779/779] -> "riad.usk.pk.edu.pl_pmj_quake_20130909/~pmj/quake/sniegowy/snieg/balwan1.gif" [1]
2013-09-09 16:44:22 URL:http://riad.usk.pk.edu.pl/~pmj/quake/sniegowy/snieg/dastuff.gif [5961/5961] -> "riad.usk.pk.edu.pl_pmj_quake_20130909/~pmj/quake/sniegowy/snieg/dastuff.gif" [1]
2013-09-09 16:44:22 URL:http://riad.usk.pk.edu.pl/~pmj/quake/sniegowy/snieg/balwan2.gif [1081/1081] -> "riad.usk.pk.edu.pl_pmj_quake_20130909/~pmj/quake/sniegowy/snieg/balwan2.gif" [1]
2013-09-09 16:44:22 URL:http://riad.usk.pk.edu.pl/~pmj/quake/sniegowy/snieg/balwan3.gif [1442/1442] -> "riad.usk.pk.edu.pl_pmj_quake_20130909/~pmj/quake/sniegowy/snieg/balwan3.gif" [1]
2013-09-09 16:44:22 URL:http://riad.usk.pk.edu.pl/~pmj/quake/sniegowy/snieg/balwan4.gif [2591/2591] -> "riad.usk.pk.edu.pl_pmj_quake_20130909/~pmj/quake/sniegowy/snieg/balwan4.gif" [1]
2013-09-09 16:44:22 URL:http://riad.usk.pk.edu.pl/~pmj/quake/sniegowy/snieg/dino.gif [1001/1001] -> "riad.usk.pk.edu.pl_pmj_quake_20130909/~pmj/quake/sniegowy/snieg/dino.gif" [1]
2013-09-09 16:44:23 URL:http://riad.usk.pk.edu.pl/~pmj/quake/sniegowy/snieg/waz.gif [2682/2682] -> "riad.usk.pk.edu.pl_pmj_quake_20130909/~pmj/quake/sniegowy/snieg/waz.gif" [1]
2013-09-09 16:44:23 URL:http://riad.usk.pk.edu.pl/~pmj/quake/sniegowy/snieg/n64.gif [1653/1653] -> "riad.usk.pk.edu.pl_pmj_quake_20130909/~pmj/quake/sniegowy/snieg/n64.gif" [1]
2013-09-09 16:44:23 URL:http://riad.usk.pk.edu.pl/~pmj/quake/sniegowy/snieg/balwan8.gif [3466/3466] -> "riad.usk.pk.edu.pl_pmj_quake_20130909/~pmj/quake/sniegowy/snieg/balwan8.gif" [1]
2013-09-09 16:44:23 URL:http://riad.usk.pk.edu.pl/~pmj/quake/sniegowy/snieg/rakieta.gif [738/738] -> "riad.usk.pk.edu.pl_pmj_quake_20130909/~pmj/quake/sniegowy/snieg/rakieta.gif" [1]
2013-09-09 16:44:23 URL:http://riad.usk.pk.edu.pl/~pmj/quake/sniegowy/snieg/balwan5.gif [703/703] -> "riad.usk.pk.edu.pl_pmj_quake_20130909/~pmj/quake/sniegowy/snieg/balwan5.gif" [1]
2013-09-09 16:44:23 URL:http://riad.usk.pk.edu.pl/~pmj/quake/sniegowy/snieg/balwan7.gif [2079/2079] -> "riad.usk.pk.edu.pl_pmj_quake_20130909/~pmj/quake/sniegowy/snieg/balwan7.gif" [1]
2013-09-09 16:44:23 URL:http://riad.usk.pk.edu.pl/~pmj/quake/sniegowy/snieg/nagrody.gif [3997/3997] -> "riad.usk.pk.edu.pl_pmj_quake_20130909/~pmj/quake/sniegowy/snieg/nagrody.gif" [1]
2013-09-09 16:44:23 URL:http://riad.usk.pk.edu.pl/~pmj/quake/sniegowy/snieg/balwan6.gif [695/695] -> "riad.usk.pk.edu.pl_pmj_quake_20130909/~pmj/quake/sniegowy/snieg/balwan6.gif" [1]
2013-09-09 16:44:24 URL:http://riad.usk.pk.edu.pl/~pmj/quake/sniegowy/snieg/ogoras.gif [460/460] -> "riad.usk.pk.edu.pl_pmj_quake_20130909/~pmj/quake/sniegowy/snieg/ogoras.gif" [1]
2013-09-09 16:44:24 URL:http://riad.usk.pk.edu.pl/~pmj/quake/sniegowy/snieg/metro.gif [510/510] -> "riad.usk.pk.edu.pl_pmj_quake_20130909/~pmj/quake/sniegowy/snieg/metro.gif" [1]
2013-09-09 16:44:24 URL:http://riad.usk.pk.edu.pl/~pmj/quake/sniegowy/snieg/bana.gif [1001/1001] -> "riad.usk.pk.edu.pl_pmj_quake_20130909/~pmj/quake/sniegowy/snieg/bana.gif" [1]
2013-09-09 16:44:24 URL:http://riad.usk.pk.edu.pl/~pmj/quake/sniegowy/snieg/dziabag.gif [630/630] -> "riad.usk.pk.edu.pl_pmj_quake_20130909/~pmj/quake/sniegowy/snieg/dziabag.gif" [1]
2013-09-09 16:44:24 URL:http://riad.usk.pk.edu.pl/~pmj/quake/sniegowy/snieg/tjaktoj.gif [1794/1794] -> "riad.usk.pk.edu.pl_pmj_quake_20130909/~pmj/quake/sniegowy/snieg/tjaktoj.gif" [1]
2013-09-09 16:44:25 URL:http://riad.usk.pk.edu.pl/~pmj/quake/gambleriada97/gambleriada97-1.jpg [105655/105655] -> "riad.usk.pk.edu.pl_pmj_quake_20130909/~pmj/quake/gambleriada97/gambleriada97-1.jpg" [1]
2013-09-09 16:44:25 URL:http://riad.usk.pk.edu.pl/~pmj/quake/gambleriada97/gambleriada97-1s.jpg [21065/21065] -> "riad.usk.pk.edu.pl_pmj_quake_20130909/~pmj/quake/gambleriada97/gambleriada97-1s.jpg" [1]
2013-09-09 16:44:25 URL:http://riad.usk.pk.edu.pl/~pmj/quake/gambleriada97/gambleriada97-2.jpg [99654/99654] -> "riad.usk.pk.edu.pl_pmj_quake_20130909/~pmj/quake/gambleriada97/gambleriada97-2.jpg" [1]
2013-09-09 16:44:25 URL:http://riad.usk.pk.edu.pl/~pmj/quake/gambleriada97/gambleriada97-2s.jpg [17082/17082] -> "riad.usk.pk.edu.pl_pmj_quake_20130909/~pmj/quake/gambleriada97/gambleriada97-2s.jpg" [1]
2013-09-09 16:44:26 URL:http://riad.usk.pk.edu.pl/~pmj/quake/gambleriada97/gambleriada97-3.jpg [73841/73841] -> "riad.usk.pk.edu.pl_pmj_quake_20130909/~pmj/quake/gambleriada97/gambleriada97-3.jpg" [1]
2013-09-09 16:44:26 URL:http://riad.usk.pk.edu.pl/~pmj/quake/gambleriada97/gambleriada97-3s.jpg [16370/16370] -> "riad.usk.pk.edu.pl_pmj_quake_20130909/~pmj/quake/gambleriada97/gambleriada97-3s.jpg" [1]
2013-09-09 16:44:27 URL:http://riad.usk.pk.edu.pl/~pmj/quake/gambleriada97/gambleriada97-4.jpg [78454/78454] -> "riad.usk.pk.edu.pl_pmj_quake_20130909/~pmj/quake/gambleriada97/gambleriada97-4.jpg" [1]
2013-09-09 16:44:27 URL:http://riad.usk.pk.edu.pl/~pmj/quake/gambleriada97/gambleriada97-4s.jpg [17891/17891] -> "riad.usk.pk.edu.pl_pmj_quake_20130909/~pmj/quake/gambleriada97/gambleriada97-4s.jpg" [1]
2013-09-09 16:44:27 URL:http://riad.usk.pk.edu.pl/~pmj/quake/gambleriada97/gambleriada97-5.jpg [77820/77820] -> "riad.usk.pk.edu.pl_pmj_quake_20130909/~pmj/quake/gambleriada97/gambleriada97-5.jpg" [1]
2013-09-09 16:44:27 URL:http://riad.usk.pk.edu.pl/~pmj/quake/gambleriada97/gambleriada97-5s.jpg [15852/15852] -> "riad.usk.pk.edu.pl_pmj_quake_20130909/~pmj/quake/gambleriada97/gambleriada97-5s.jpg" [1]
2013-09-09 16:44:28 URL:http://riad.usk.pk.edu.pl/~pmj/quake/gambleriada97/gambleriada97-6.jpg [71262/71262] -> "riad.usk.pk.edu.pl_pmj_quake_20130909/~pmj/quake/gambleriada97/gambleriada97-6.jpg" [1]
2013-09-09 16:44:28 URL:http://riad.usk.pk.edu.pl/~pmj/quake/gambleriada97/gambleriada97-6s.jpg [14137/14137] -> "riad.usk.pk.edu.pl_pmj_quake_20130909/~pmj/quake/gambleriada97/gambleriada97-6s.jpg" [1]
2013-09-09 16:44:28 URL:http://riad.usk.pk.edu.pl/~pmj/quake/gambleriada97/gambleriada97-7.jpg [82110/82110] -> "riad.usk.pk.edu.pl_pmj_quake_20130909/~pmj/quake/gambleriada97/gambleriada97-7.jpg" [1]
2013-09-09 16:44:28 URL:http://riad.usk.pk.edu.pl/~pmj/quake/gambleriada97/gambleriada97-7s.jpg [17047/17047] -> "riad.usk.pk.edu.pl_pmj_quake_20130909/~pmj/quake/gambleriada97/gambleriada97-7s.jpg" [1]
2013-09-09 16:44:29 URL:http://riad.usk.pk.edu.pl/~pmj/quake/gambleriada97/gambleriada97-8.jpg [79848/79848] -> "riad.usk.pk.edu.pl_pmj_quake_20130909/~pmj/quake/gambleriada97/gambleriada97-8.jpg" [1]
2013-09-09 16:44:29 URL:http://riad.usk.pk.edu.pl/~pmj/quake/gambleriada97/gambleriada97-8s.jpg [17139/17139] -> "riad.usk.pk.edu.pl_pmj_quake_20130909/~pmj/quake/gambleriada97/gambleriada97-8s.jpg" [1]
2013-09-09 16:44:29 URL:http://riad.usk.pk.edu.pl/~pmj/quake/gambleriada97/gambleriada97-9.jpg [67356/67356] -> "riad.usk.pk.edu.pl_pmj_quake_20130909/~pmj/quake/gambleriada97/gambleriada97-9.jpg" [1]
2013-09-09 16:44:29 URL:http://riad.usk.pk.edu.pl/~pmj/quake/gambleriada97/gambleriada97-9s.jpg [14344/14344] -> "riad.usk.pk.edu.pl_pmj_quake_20130909/~pmj/quake/gambleriada97/gambleriada97-9s.jpg" [1]
2013-09-09 16:44:29 URL:http://riad.usk.pk.edu.pl/~pmj/quake/gambleriada97/gambleriada97-10.jpg [60217/60217] -> "riad.usk.pk.edu.pl_pmj_quake_20130909/~pmj/quake/gambleriada97/gambleriada97-10.jpg" [1]
2013-09-09 16:44:29 URL:http://riad.usk.pk.edu.pl/~pmj/quake/gambleriada97/gambleriada97-10s.jpg [13011/13011] -> "riad.usk.pk.edu.pl_pmj_quake_20130909/~pmj/quake/gambleriada97/gambleriada97-10s.jpg" [1]
FINISHED --2013-09-09 16:44:29--
Total wall clock time: 1m 37s
Downloaded: 403 files, 9.9M in 1m 0s (169 KB/s)
