2015-01-31 14:19:59 URL:https://runeofearthmagic.wordpress.com/ [56703] -> "runeofearthmagic.wordpress.com_20150131/runeofearthmagic.wordpress.com/index.html" [1]
2015-01-31 14:19:59 URL:https://runeofearthmagic.wordpress.com/xmlrpc.php [42] -> "runeofearthmagic.wordpress.com_20150131/runeofearthmagic.wordpress.com/xmlrpc.php" [1]
2015-01-31 14:20:00 URL:https://runeofearthmagic.wordpress.com/feed/ [44949] -> "runeofearthmagic.wordpress.com_20150131/runeofearthmagic.wordpress.com/feed/index.html" [1]
2015-01-31 14:20:01 URL:https://runeofearthmagic.wordpress.com/comments/feed/ [9328] -> "runeofearthmagic.wordpress.com_20150131/runeofearthmagic.wordpress.com/comments/feed/index.html" [1]
2015-01-31 14:20:01 URL:https://runeofearthmagic.wordpress.com/xmlrpc.php?rsd [904] -> "runeofearthmagic.wordpress.com_20150131/runeofearthmagic.wordpress.com/xmlrpc.php?rsd" [1]
2015-01-31 14:20:01 URL:https://runeofearthmagic.wordpress.com/?openidserver=1 [24] -> "runeofearthmagic.wordpress.com_20150131/runeofearthmagic.wordpress.com/index.html?openidserver=1.html" [1]
2015-01-31 14:20:02 URL:https://runeofearthmagic.wordpress.com/osd.xml [1405] -> "runeofearthmagic.wordpress.com_20150131/runeofearthmagic.wordpress.com/osd.xml" [1]
2015-01-31 14:20:02 URL:https://runeofearthmagic.files.wordpress.com/2015/01/roem_header5.png [218136/218136] -> "runeofearthmagic.wordpress.com_20150131/runeofearthmagic.files.wordpress.com/2015/01/roem_header5.png" [1]
2015-01-31 14:20:03 URL:https://runeofearthmagic.wordpress.com/about/ [46253] -> "runeofearthmagic.wordpress.com_20150131/runeofearthmagic.wordpress.com/about/index.html" [1]
2015-01-31 14:20:04 URL:https://runeofearthmagic.wordpress.com/downloads/ [46300] -> "runeofearthmagic.wordpress.com_20150131/runeofearthmagic.wordpress.com/downloads/index.html" [1]
2015-01-31 14:20:05 URL:https://runeofearthmagic.wordpress.com/2015/01/30/dirt/ [62059] -> "runeofearthmagic.wordpress.com_20150131/runeofearthmagic.wordpress.com/2015/01/30/dirt/index.html" [1]
2015-01-31 14:20:06 URL:https://runeofearthmagic.wordpress.com/author/kneedeepinthedoomed/ [55146] -> "runeofearthmagic.wordpress.com_20150131/runeofearthmagic.wordpress.com/author/kneedeepinthedoomed/index.html" [1]
2015-01-31 14:20:07 URL:https://runeofearthmagic.wordpress.com/category/uncategorized/ [54559] -> "runeofearthmagic.wordpress.com_20150131/runeofearthmagic.wordpress.com/category/uncategorized/index.html" [1]
2015-01-31 14:20:07 URL:https://runeofearthmagic.wordpress.com/tag/mod/ [34985] -> "runeofearthmagic.wordpress.com_20150131/runeofearthmagic.wordpress.com/tag/mod/index.html" [1]
2015-01-31 14:20:08 URL:https://runeofearthmagic.wordpress.com/tag/mods/ [34973] -> "runeofearthmagic.wordpress.com_20150131/runeofearthmagic.wordpress.com/tag/mods/index.html" [1]
2015-01-31 14:20:09 URL:https://runeofearthmagic.wordpress.com/tag/quake/ [39781] -> "runeofearthmagic.wordpress.com_20150131/runeofearthmagic.wordpress.com/tag/quake/index.html" [1]
2015-01-31 14:20:09 URL:https://runeofearthmagic.wordpress.com/tag/remakequake/ [39925] -> "runeofearthmagic.wordpress.com_20150131/runeofearthmagic.wordpress.com/tag/remakequake/index.html" [1]
2015-01-31 14:20:10 URL:https://runeofearthmagic.wordpress.com/tag/rmq/ [37425] -> "runeofearthmagic.wordpress.com_20150131/runeofearthmagic.wordpress.com/tag/rmq/index.html" [1]
2015-01-31 14:20:11 URL:https://runeofearthmagic.wordpress.com/tag/rune-of-earth-magic/ [40011] -> "runeofearthmagic.wordpress.com_20150131/runeofearthmagic.wordpress.com/tag/rune-of-earth-magic/index.html" [1]
2015-01-31 14:20:11 URL:https://runeofearthmagic.files.wordpress.com/2015/01/dirt1.jpg [276970/276970] -> "runeofearthmagic.wordpress.com_20150131/runeofearthmagic.files.wordpress.com/2015/01/dirt1.jpg" [1]
2015-01-31 14:20:11 URL:https://runeofearthmagic.files.wordpress.com/2015/01/dirt1.jpg?w=627 [94947/94947] -> "runeofearthmagic.wordpress.com_20150131/runeofearthmagic.files.wordpress.com/2015/01/dirt1.jpg?w=627" [1]
2015-01-31 14:20:11 URL:https://runeofearthmagic.files.wordpress.com/2015/01/dirt2.jpg [190768/190768] -> "runeofearthmagic.wordpress.com_20150131/runeofearthmagic.files.wordpress.com/2015/01/dirt2.jpg" [1]
2015-01-31 14:20:11 URL:https://runeofearthmagic.files.wordpress.com/2015/01/dirt2.jpg?w=627 [65680/65680] -> "runeofearthmagic.wordpress.com_20150131/runeofearthmagic.files.wordpress.com/2015/01/dirt2.jpg?w=627" [1]
2015-01-31 14:20:12 URL:https://runeofearthmagic.files.wordpress.com/2015/01/dirt3.jpg [189054/189054] -> "runeofearthmagic.wordpress.com_20150131/runeofearthmagic.files.wordpress.com/2015/01/dirt3.jpg" [1]
2015-01-31 14:20:12 URL:https://runeofearthmagic.files.wordpress.com/2015/01/dirt3.jpg?w=627 [66344/66344] -> "runeofearthmagic.wordpress.com_20150131/runeofearthmagic.files.wordpress.com/2015/01/dirt3.jpg?w=627" [1]
2015-01-31 14:20:12 URL:https://runeofearthmagic.files.wordpress.com/2015/01/dirt4.jpg [192642/192642] -> "runeofearthmagic.wordpress.com_20150131/runeofearthmagic.files.wordpress.com/2015/01/dirt4.jpg" [1]
2015-01-31 14:20:12 URL:https://runeofearthmagic.files.wordpress.com/2015/01/dirt4.jpg?w=627 [66996/66996] -> "runeofearthmagic.wordpress.com_20150131/runeofearthmagic.files.wordpress.com/2015/01/dirt4.jpg?w=627" [1]
2015-01-31 14:20:12 URL:https://runeofearthmagic.files.wordpress.com/2015/01/dirt5.jpg [250803/250803] -> "runeofearthmagic.wordpress.com_20150131/runeofearthmagic.files.wordpress.com/2015/01/dirt5.jpg" [1]
2015-01-31 14:20:12 URL:https://runeofearthmagic.files.wordpress.com/2015/01/dirt5.jpg?w=627 [88872/88872] -> "runeofearthmagic.wordpress.com_20150131/runeofearthmagic.files.wordpress.com/2015/01/dirt5.jpg?w=627" [1]
2015-01-31 14:20:13 URL:https://runeofearthmagic.wordpress.com/2015/01/30/shadows/ [50300] -> "runeofearthmagic.wordpress.com_20150131/runeofearthmagic.wordpress.com/2015/01/30/shadows/index.html" [1]
2015-01-31 14:20:14 URL:https://runeofearthmagic.files.wordpress.com/2015/01/db1.jpg [313133/313133] -> "runeofearthmagic.wordpress.com_20150131/runeofearthmagic.files.wordpress.com/2015/01/db1.jpg" [1]
2015-01-31 14:20:14 URL:https://runeofearthmagic.files.wordpress.com/2015/01/db1.jpg?w=627 [107337/107337] -> "runeofearthmagic.wordpress.com_20150131/runeofearthmagic.files.wordpress.com/2015/01/db1.jpg?w=627" [1]
2015-01-31 14:20:14 URL:https://runeofearthmagic.files.wordpress.com/2015/01/db2.jpg [175149/175149] -> "runeofearthmagic.wordpress.com_20150131/runeofearthmagic.files.wordpress.com/2015/01/db2.jpg" [1]
2015-01-31 14:20:14 URL:https://runeofearthmagic.files.wordpress.com/2015/01/db2.jpg?w=627 [60452/60452] -> "runeofearthmagic.wordpress.com_20150131/runeofearthmagic.files.wordpress.com/2015/01/db2.jpg?w=627" [1]
2015-01-31 14:20:15 URL:https://runeofearthmagic.files.wordpress.com/2015/01/db3.jpg [198022/198022] -> "runeofearthmagic.wordpress.com_20150131/runeofearthmagic.files.wordpress.com/2015/01/db3.jpg" [1]
2015-01-31 14:20:15 URL:https://runeofearthmagic.files.wordpress.com/2015/01/db3.jpg?w=627 [68406/68406] -> "runeofearthmagic.wordpress.com_20150131/runeofearthmagic.files.wordpress.com/2015/01/db3.jpg?w=627" [1]
2015-01-31 14:20:16 URL:https://runeofearthmagic.files.wordpress.com/2015/01/db4.jpg [248907/248907] -> "runeofearthmagic.wordpress.com_20150131/runeofearthmagic.files.wordpress.com/2015/01/db4.jpg" [1]
2015-01-31 14:20:16 URL:https://runeofearthmagic.files.wordpress.com/2015/01/db4.jpg?w=627 [85948/85948] -> "runeofearthmagic.wordpress.com_20150131/runeofearthmagic.files.wordpress.com/2015/01/db4.jpg?w=627" [1]
2015-01-31 14:20:16 URL:https://runeofearthmagic.files.wordpress.com/2015/01/db5.jpg [422921/422921] -> "runeofearthmagic.wordpress.com_20150131/runeofearthmagic.files.wordpress.com/2015/01/db5.jpg" [1]
2015-01-31 14:20:16 URL:https://runeofearthmagic.files.wordpress.com/2015/01/db5.jpg?w=627 [134107/134107] -> "runeofearthmagic.wordpress.com_20150131/runeofearthmagic.files.wordpress.com/2015/01/db5.jpg?w=627" [1]
2015-01-31 14:20:17 URL:https://runeofearthmagic.wordpress.com/2014/10/13/gosh-development/ [46987] -> "runeofearthmagic.wordpress.com_20150131/runeofearthmagic.wordpress.com/2014/10/13/gosh-development/index.html" [1]
2015-01-31 14:20:18 URL:https://runeofearthmagic.wordpress.com/2014/10/13/blast-from-the-past/ [52176] -> "runeofearthmagic.wordpress.com_20150131/runeofearthmagic.wordpress.com/2014/10/13/blast-from-the-past/index.html" [1]
2015-01-31 14:20:19 URL:https://runeofearthmagic.wordpress.com/2014/04/21/dug-in/ [53803] -> "runeofearthmagic.wordpress.com_20150131/runeofearthmagic.wordpress.com/2014/04/21/dug-in/index.html" [1]
2015-01-31 14:20:19 URL:https://runeofearthmagic.wordpress.com/2013/12/29/download-added/ [50774] -> "runeofearthmagic.wordpress.com_20150131/runeofearthmagic.wordpress.com/2013/12/29/download-added/index.html" [1]
2015-01-31 14:20:20 URL:https://runeofearthmagic.wordpress.com/2013/12/26/engine-plans/ [46746] -> "runeofearthmagic.wordpress.com_20150131/runeofearthmagic.wordpress.com/2013/12/26/engine-plans/index.html" [1]
2015-01-31 14:20:21 URL:https://runeofearthmagic.wordpress.com/page/2/ [45509] -> "runeofearthmagic.wordpress.com_20150131/runeofearthmagic.wordpress.com/page/2/index.html" [1]
2015-01-31 14:20:22 URL:https://runeofearthmagic.wordpress.com/2015/01/30/dirt/comment-page-1/ [62175] -> "runeofearthmagic.wordpress.com_20150131/runeofearthmagic.wordpress.com/2015/01/30/dirt/comment-page-1/index.html" [1]
2015-01-31 14:20:22 URL:https://runeofearthmagic.wordpress.com/2015/01/ [37309] -> "runeofearthmagic.wordpress.com_20150131/runeofearthmagic.wordpress.com/2015/01/index.html" [1]
2015-01-31 14:20:23 URL:https://runeofearthmagic.wordpress.com/2014/10/ [32847] -> "runeofearthmagic.wordpress.com_20150131/runeofearthmagic.wordpress.com/2014/10/index.html" [1]
2015-01-31 14:20:24 URL:https://runeofearthmagic.wordpress.com/2014/04/ [37845] -> "runeofearthmagic.wordpress.com_20150131/runeofearthmagic.wordpress.com/2014/04/index.html" [1]
2015-01-31 14:20:24 URL:https://runeofearthmagic.wordpress.com/2013/12/ [31909] -> "runeofearthmagic.wordpress.com_20150131/runeofearthmagic.wordpress.com/2013/12/index.html" [1]
2015-01-31 14:20:25 URL:https://runeofearthmagic.wordpress.com/2013/11/ [33188] -> "runeofearthmagic.wordpress.com_20150131/runeofearthmagic.wordpress.com/2013/11/index.html" [1]
2015-01-31 14:20:26 URL:https://runeofearthmagic.wordpress.com/2013/10/ [38460] -> "runeofearthmagic.wordpress.com_20150131/runeofearthmagic.wordpress.com/2013/10/index.html" [1]
2015-01-31 14:20:26 URL:https://runeofearthmagic.wordpress.com/wp-login.php [7192] -> "runeofearthmagic.wordpress.com_20150131/runeofearthmagic.wordpress.com/wp-login.php.html" [1]
2015-01-31 14:20:26 URL:https://runeofearthmagic.wordpress.com/about/feed/ [859] -> "runeofearthmagic.wordpress.com_20150131/runeofearthmagic.wordpress.com/about/feed/index.html" [1]
2015-01-31 14:20:27 URL:https://runeofearthmagic.wordpress.com/downloads/feed/ [867] -> "runeofearthmagic.wordpress.com_20150131/runeofearthmagic.wordpress.com/downloads/feed/index.html" [1]
2015-01-31 14:20:27 URL:https://runeofearthmagic.files.wordpress.com/2013/12/e1m6rq_promo.jpg [238761/238761] -> "runeofearthmagic.wordpress.com_20150131/runeofearthmagic.files.wordpress.com/2013/12/e1m6rq_promo.jpg" [1]
2015-01-31 14:20:27 URL:https://runeofearthmagic.files.wordpress.com/2013/12/e1m6rq_promo.jpg?w=627&h=470 [86972/86972] -> "runeofearthmagic.wordpress.com_20150131/runeofearthmagic.files.wordpress.com/2013/12/e1m6rq_promo.jpg?w=627&h=470" [1]
2015-01-31 14:20:28 URL:https://runeofearthmagic.wordpress.com/2015/01/30/dirt/feed/ [5943] -> "runeofearthmagic.wordpress.com_20150131/runeofearthmagic.wordpress.com/2015/01/30/dirt/feed/index.html" [1]
2015-01-31 14:20:28 URL:https://runeofearthmagic.wordpress.com/author/kneedeepinthedoomed/feed/ [45030] -> "runeofearthmagic.wordpress.com_20150131/runeofearthmagic.wordpress.com/author/kneedeepinthedoomed/feed/index.html" [1]
2015-01-31 14:20:29 URL:https://runeofearthmagic.wordpress.com/author/kneedeepinthedoomed/page/2/ [44099] -> "runeofearthmagic.wordpress.com_20150131/runeofearthmagic.wordpress.com/author/kneedeepinthedoomed/page/2/index.html" [1]
2015-01-31 14:20:30 URL:https://runeofearthmagic.wordpress.com/category/uncategorized/feed/ [45014] -> "runeofearthmagic.wordpress.com_20150131/runeofearthmagic.wordpress.com/category/uncategorized/feed/index.html" [1]
2015-01-31 14:20:31 URL:https://runeofearthmagic.wordpress.com/category/uncategorized/page/2/ [43538] -> "runeofearthmagic.wordpress.com_20150131/runeofearthmagic.wordpress.com/category/uncategorized/page/2/index.html" [1]
2015-01-31 14:20:31 URL:https://runeofearthmagic.wordpress.com/tag/mod/feed/ [9866] -> "runeofearthmagic.wordpress.com_20150131/runeofearthmagic.wordpress.com/tag/mod/feed/index.html" [1]
2015-01-31 14:20:32 URL:https://runeofearthmagic.wordpress.com/2013/11/01/kickin-off/ [52694] -> "runeofearthmagic.wordpress.com_20150131/runeofearthmagic.wordpress.com/2013/11/01/kickin-off/index.html" [1]
2015-01-31 14:20:32 URL:https://runeofearthmagic.wordpress.com/tag/mods/feed/ [9869] -> "runeofearthmagic.wordpress.com_20150131/runeofearthmagic.wordpress.com/tag/mods/feed/index.html" [1]
2015-01-31 14:20:33 URL:https://runeofearthmagic.wordpress.com/tag/quake/feed/ [16071] -> "runeofearthmagic.wordpress.com_20150131/runeofearthmagic.wordpress.com/tag/quake/feed/index.html" [1]
2015-01-31 14:20:33 URL:https://runeofearthmagic.wordpress.com/tag/remakequake/feed/ [16089] -> "runeofearthmagic.wordpress.com_20150131/runeofearthmagic.wordpress.com/tag/remakequake/feed/index.html" [1]
2015-01-31 14:20:34 URL:https://runeofearthmagic.wordpress.com/tag/rmq/feed/ [13043] -> "runeofearthmagic.wordpress.com_20150131/runeofearthmagic.wordpress.com/tag/rmq/feed/index.html" [1]
2015-01-31 14:20:34 URL:https://runeofearthmagic.wordpress.com/tag/rune-of-earth-magic/feed/ [16113] -> "runeofearthmagic.wordpress.com_20150131/runeofearthmagic.wordpress.com/tag/rune-of-earth-magic/feed/index.html" [1]
2015-01-31 14:20:35 URL:https://runeofearthmagic.wordpress.com/2015/01/30/shadows/feed/ [894] -> "runeofearthmagic.wordpress.com_20150131/runeofearthmagic.wordpress.com/2015/01/30/shadows/feed/index.html" [1]
2015-01-31 14:20:35 URL:https://runeofearthmagic.wordpress.com/2014/10/13/gosh-development/feed/ [922] -> "runeofearthmagic.wordpress.com_20150131/runeofearthmagic.wordpress.com/2014/10/13/gosh-development/feed/index.html" [1]
2015-01-31 14:20:35 URL:https://runeofearthmagic.wordpress.com/2014/10/13/blast-from-the-past/feed/ [931] -> "runeofearthmagic.wordpress.com_20150131/runeofearthmagic.wordpress.com/2014/10/13/blast-from-the-past/feed/index.html" [1]
2015-01-31 14:20:35 URL:https://runeofearthmagic.wordpress.com/2014/04/21/dug-in/feed/ [891] -> "runeofearthmagic.wordpress.com_20150131/runeofearthmagic.wordpress.com/2014/04/21/dug-in/feed/index.html" [1]
2015-01-31 14:20:36 URL:https://runeofearthmagic.wordpress.com/2013/12/29/download-added/feed/ [915] -> "runeofearthmagic.wordpress.com_20150131/runeofearthmagic.wordpress.com/2013/12/29/download-added/feed/index.html" [1]
2015-01-31 14:20:36 URL:https://runeofearthmagic.wordpress.com/2013/12/26/engine-plans/feed/ [909] -> "runeofearthmagic.wordpress.com_20150131/runeofearthmagic.wordpress.com/2013/12/26/engine-plans/feed/index.html" [1]
2015-01-31 14:20:37 URL:https://runeofearthmagic.wordpress.com/2013/11/03/nailing-it-down/ [48389] -> "runeofearthmagic.wordpress.com_20150131/runeofearthmagic.wordpress.com/2013/11/03/nailing-it-down/index.html" [1]
2015-01-31 14:20:38 URL:https://runeofearthmagic.wordpress.com/2013/10/31/tidbits/ [53846] -> "runeofearthmagic.wordpress.com_20150131/runeofearthmagic.wordpress.com/2013/10/31/tidbits/index.html" [1]
2015-01-31 14:20:38 URL:https://runeofearthmagic.files.wordpress.com/2013/10/e1m1rq_01_11.jpg [189051/189051] -> "runeofearthmagic.wordpress.com_20150131/runeofearthmagic.files.wordpress.com/2013/10/e1m1rq_01_11.jpg" [1]
2015-01-31 14:20:38 URL:https://runeofearthmagic.files.wordpress.com/2013/10/e1m1rq_01_11.jpg?w=627 [87031/87031] -> "runeofearthmagic.wordpress.com_20150131/runeofearthmagic.files.wordpress.com/2013/10/e1m1rq_01_11.jpg?w=627" [1]
2015-01-31 14:20:39 URL:https://runeofearthmagic.files.wordpress.com/2013/10/e1m2rq.jpg [258710/258710] -> "runeofearthmagic.wordpress.com_20150131/runeofearthmagic.files.wordpress.com/2013/10/e1m2rq.jpg" [1]
2015-01-31 14:20:39 URL:https://runeofearthmagic.files.wordpress.com/2013/10/e1m2rq.jpg?w=627 [120340/120340] -> "runeofearthmagic.wordpress.com_20150131/runeofearthmagic.files.wordpress.com/2013/10/e1m2rq.jpg?w=627" [1]
2015-01-31 14:20:40 URL:https://runeofearthmagic.files.wordpress.com/2013/10/e1m3rq_01_12a.jpg [261967/261967] -> "runeofearthmagic.wordpress.com_20150131/runeofearthmagic.files.wordpress.com/2013/10/e1m3rq_01_12a.jpg" [1]
2015-01-31 14:20:40 URL:https://runeofearthmagic.files.wordpress.com/2013/10/e1m3rq_01_12a.jpg?w=627 [116027/116027] -> "runeofearthmagic.wordpress.com_20150131/runeofearthmagic.files.wordpress.com/2013/10/e1m3rq_01_12a.jpg?w=627" [1]
2015-01-31 14:20:41 URL:https://runeofearthmagic.files.wordpress.com/2013/10/e1m3rq_ent.jpg [266252/266252] -> "runeofearthmagic.wordpress.com_20150131/runeofearthmagic.files.wordpress.com/2013/10/e1m3rq_ent.jpg" [1]
2015-01-31 14:20:41 URL:https://runeofearthmagic.files.wordpress.com/2013/10/e1m3rq_ent.jpg?w=627 [106856/106856] -> "runeofearthmagic.wordpress.com_20150131/runeofearthmagic.files.wordpress.com/2013/10/e1m3rq_ent.jpg?w=627" [1]
2015-01-31 14:20:42 URL:https://runeofearthmagic.files.wordpress.com/2013/10/e1m3rq_platf.jpg [254889/254889] -> "runeofearthmagic.wordpress.com_20150131/runeofearthmagic.files.wordpress.com/2013/10/e1m3rq_platf.jpg" [1]
2015-01-31 14:20:42 URL:https://runeofearthmagic.files.wordpress.com/2013/10/e1m3rq_platf.jpg?w=627 [102997/102997] -> "runeofearthmagic.wordpress.com_20150131/runeofearthmagic.files.wordpress.com/2013/10/e1m3rq_platf.jpg?w=627" [1]
2015-01-31 14:20:42 URL:https://runeofearthmagic.files.wordpress.com/2013/10/e1m5rq_1.jpg [278837/278837] -> "runeofearthmagic.wordpress.com_20150131/runeofearthmagic.files.wordpress.com/2013/10/e1m5rq_1.jpg" [1]
2015-01-31 14:20:42 URL:https://runeofearthmagic.files.wordpress.com/2013/10/e1m5rq_1.jpg?w=627 [126459/126459] -> "runeofearthmagic.wordpress.com_20150131/runeofearthmagic.files.wordpress.com/2013/10/e1m5rq_1.jpg?w=627" [1]
2015-01-31 14:20:43 URL:https://runeofearthmagic.files.wordpress.com/2013/10/e1m6rq.jpg [203467/203467] -> "runeofearthmagic.wordpress.com_20150131/runeofearthmagic.files.wordpress.com/2013/10/e1m6rq.jpg" [1]
2015-01-31 14:20:43 URL:https://runeofearthmagic.files.wordpress.com/2013/10/e1m6rq.jpg?w=627 [98617/98617] -> "runeofearthmagic.wordpress.com_20150131/runeofearthmagic.files.wordpress.com/2013/10/e1m6rq.jpg?w=627" [1]
2015-01-31 14:20:44 URL:https://runeofearthmagic.wordpress.com/2013/10/31/jobs/ [56948] -> "runeofearthmagic.wordpress.com_20150131/runeofearthmagic.wordpress.com/2013/10/31/jobs/index.html" [1]
2015-01-31 14:20:45 URL:https://runeofearthmagic.wordpress.com/2013/10/31/its-on/ [53072] -> "runeofearthmagic.wordpress.com_20150131/runeofearthmagic.wordpress.com/2013/10/31/its-on/index.html" [1]
2015-01-31 14:20:45 URL:https://runeofearthmagic.files.wordpress.com/2013/10/roem.jpg [114542/114542] -> "runeofearthmagic.wordpress.com_20150131/runeofearthmagic.files.wordpress.com/2013/10/roem.jpg" [1]
2015-01-31 14:20:45 URL:https://runeofearthmagic.files.wordpress.com/2013/10/roem.jpg?w=627 [50006/50006] -> "runeofearthmagic.wordpress.com_20150131/runeofearthmagic.files.wordpress.com/2013/10/roem.jpg?w=627" [1]
2015-01-31 14:20:46 URL:https://runeofearthmagic.wordpress.com/2013/11/01/kickin-off/feed/ [910] -> "runeofearthmagic.wordpress.com_20150131/runeofearthmagic.wordpress.com/2013/11/01/kickin-off/feed/index.html" [1]
2015-01-31 14:20:46 URL:https://runeofearthmagic.wordpress.com/2013/11/03/nailing-it-down/feed/ [1527] -> "runeofearthmagic.wordpress.com_20150131/runeofearthmagic.wordpress.com/2013/11/03/nailing-it-down/feed/index.html" [1]
2015-01-31 14:20:47 URL:https://runeofearthmagic.wordpress.com/2013/11/03/nailing-it-down/comment-page-1/ [48517] -> "runeofearthmagic.wordpress.com_20150131/runeofearthmagic.wordpress.com/2013/11/03/nailing-it-down/comment-page-1/index.html" [1]
2015-01-31 14:20:47 URL:https://runeofearthmagic.wordpress.com/2013/10/31/tidbits/feed/ [894] -> "runeofearthmagic.wordpress.com_20150131/runeofearthmagic.wordpress.com/2013/10/31/tidbits/feed/index.html" [1]
2015-01-31 14:20:48 URL:https://runeofearthmagic.wordpress.com/2013/10/31/jobs/feed/ [3558] -> "runeofearthmagic.wordpress.com_20150131/runeofearthmagic.wordpress.com/2013/10/31/jobs/feed/index.html" [1]
2015-01-31 14:20:49 URL:https://runeofearthmagic.wordpress.com/2013/10/31/jobs/comment-page-1/ [57033] -> "runeofearthmagic.wordpress.com_20150131/runeofearthmagic.wordpress.com/2013/10/31/jobs/comment-page-1/index.html" [1]
2015-01-31 14:20:49 URL:https://runeofearthmagic.wordpress.com/2013/10/31/its-on/feed/ [899] -> "runeofearthmagic.wordpress.com_20150131/runeofearthmagic.wordpress.com/2013/10/31/its-on/feed/index.html" [1]
FINISHED --2015-01-31 14:20:49--
Total wall clock time: 51s
Downloaded: 103 files, 8.0M in 15s (542 KB/s)
