2014-06-10 18:04:05 URL:http://scampie.net/ [390/390] -> "scampie.net_20140610/index.html" [1]
2014-06-10 18:04:05 URL:http://scampie.net/favicon.ico [1150/1150] -> "scampie.net_20140610/favicon.ico" [1]
2014-06-10 18:04:06 URL:http://scampie.net/etc/scamp_pixel_bigger.png [1599/1599] -> "scampie.net_20140610/etc/scamp_pixel_bigger.png" [1]
2014-06-10 18:04:06 URL:http://scampie.net/wp/ [19481] -> "scampie.net_20140610/wp/index.html" [1]
2014-06-10 18:04:06 URL:http://scampie.net/etc/ [1957/1957] -> "scampie.net_20140610/etc/index.html" [1]
2014-06-10 18:04:07 URL:http://scampie.net/wp/xmlrpc.php [42/42] -> "scampie.net_20140610/wp/xmlrpc.php" [1]
2014-06-10 18:04:07 URL:http://scampie.net/wp/?feed=rss2 [38616] -> "scampie.net_20140610/wp/index.html?feed=rss2" [1]
http://scampie.net/wp/?feed=comments-rss2:
2014-06-10 18:04:07 ERROR 404: Not Found.
2014-06-10 18:04:07 URL:http://scampie.net/wp/wp-content/themes/coraline-wpcom/style.css?ver=3.9.1 [28737/28737] -> "scampie.net_20140610/wp/wp-content/themes/coraline-wpcom/style.css?ver=3.9.1.css" [1]
2014-06-10 18:04:08 URL:http://scampie.net/wp/xmlrpc.php?rsd [723/723] -> "scampie.net_20140610/wp/xmlrpc.php?rsd" [1]
2014-06-10 18:04:08 URL:http://scampie.net/wp/wp-includes/wlwmanifest.xml [1045/1045] -> "scampie.net_20140610/wp/wp-includes/wlwmanifest.xml" [1]
2014-06-10 18:04:08 URL:http://scampie.net/wp/?page_id=11 [8630] -> "scampie.net_20140610/wp/index.html?page_id=11.html" [1]
2014-06-10 18:04:08 URL:http://scampie.net/wp/?page_id=50 [19285] -> "scampie.net_20140610/wp/index.html?page_id=50.html" [1]
2014-06-10 18:04:08 URL:http://scampie.net/wp/wp-content/themes/coraline-wpcom/images/headers/water-drops.jpg [17216/17216] -> "scampie.net_20140610/wp/wp-content/themes/coraline-wpcom/images/headers/water-drops.jpg" [1]
2014-06-10 18:04:09 URL:http://scampie.net/wp/?p=102 [20587] -> "scampie.net_20140610/wp/index.html?p=102.html" [1]
2014-06-10 18:04:09 URL:http://scampie.net/etc/mapshots/junk/ [3762/3762] -> "scampie.net_20140610/etc/mapshots/junk/index.html" [1]
2014-06-10 18:04:09 URL:http://scampie.net/wp/?cat=5 [13172] -> "scampie.net_20140610/wp/index.html?cat=5.html" [1]
2014-06-10 18:04:09 URL:http://scampie.net/wp/?p=92 [15414] -> "scampie.net_20140610/wp/index.html?p=92.html" [1]
2014-06-10 18:04:10 URL:http://scampie.net/etc/blogimages/Wolf.png [137138/137138] -> "scampie.net_20140610/etc/blogimages/Wolf.png" [1]
2014-06-10 18:04:10 URL:http://scampie.net/wp/?cat=7 [9586] -> "scampie.net_20140610/wp/index.html?cat=7.html" [1]
2014-06-10 18:04:10 URL:http://scampie.net/wp/?p=77 [21322] -> "scampie.net_20140610/wp/index.html?p=77.html" [1]
2014-06-10 18:04:10 URL:http://scampie.net/wp/?cat=6 [9275] -> "scampie.net_20140610/wp/index.html?cat=6.html" [1]
2014-06-10 18:04:11 URL:http://scampie.net/wp/?p=70 [12339] -> "scampie.net_20140610/wp/index.html?p=70.html" [1]
2014-06-10 18:04:11 URL:http://scampie.net/etc/mapshots/q1_scampsp1_thumb.jpg [8896/8896] -> "scampie.net_20140610/etc/mapshots/q1_scampsp1_thumb.jpg" [1]
2014-06-10 18:04:11 URL:http://scampie.net/wp/?p=7 [11443] -> "scampie.net_20140610/wp/index.html?p=7.html" [1]
2014-06-10 18:04:11 URL:http://scampie.net/wp/?cat=1 [10741] -> "scampie.net_20140610/wp/index.html?cat=1.html" [1]
2014-06-10 18:04:11 URL:http://scampie.net/wp/?m=201406 [9309] -> "scampie.net_20140610/wp/index.html?m=201406.html" [1]
2014-06-10 18:04:12 URL:http://scampie.net/wp/?m=201405 [17705] -> "scampie.net_20140610/wp/index.html?m=201405.html" [1]
2014-06-10 18:04:12 URL:http://scampie.net/etc/?C=N;O=D [1957/1957] -> "scampie.net_20140610/etc/index.html?C=N;O=D.html" [1]
2014-06-10 18:04:12 URL:http://scampie.net/etc/?C=M;O=A [1957/1957] -> "scampie.net_20140610/etc/index.html?C=M;O=A.html" [1]
2014-06-10 18:04:12 URL:http://scampie.net/etc/?C=S;O=A [1957/1957] -> "scampie.net_20140610/etc/index.html?C=S;O=A.html" [1]
2014-06-10 18:04:12 URL:http://scampie.net/etc/?C=D;O=A [1957/1957] -> "scampie.net_20140610/etc/index.html?C=D;O=A.html" [1]
2014-06-10 18:04:12 URL:http://scampie.net/etc/blogimages/ [3019/3019] -> "scampie.net_20140610/etc/blogimages/index.html" [1]
2014-06-10 18:04:13 URL:http://scampie.net/etc/hexmazeCA.gif [254242/254242] -> "scampie.net_20140610/etc/hexmazeCA.gif" [1]
2014-06-10 18:04:13 URL:http://scampie.net/etc/hs/ [756/756] -> "scampie.net_20140610/etc/hs/index.html" [1]
2014-06-10 18:04:13 URL:http://scampie.net/etc/mapshots/ [8477] -> "scampie.net_20140610/etc/mapshots/index.html" [1]
2014-06-10 18:04:13 URL:http://scampie.net/etc/qwiki_favicon.ico [1150/1150] -> "scampie.net_20140610/etc/qwiki_favicon.ico" [1]
2014-06-10 18:04:13 URL:http://scampie.net/etc/scamp_pixel.png [1226/1226] -> "scampie.net_20140610/etc/scamp_pixel.png" [1]
2014-06-10 18:04:14 URL:http://scampie.net/etc/stupidcrap.jpg [186217/186217] -> "scampie.net_20140610/etc/stupidcrap.jpg" [1]
2014-06-10 18:04:14 URL:http://scampie.net/wp/wp-content/themes/coraline-wpcom/images/wordpress.png [794/794] -> "scampie.net_20140610/wp/wp-content/themes/coraline-wpcom/images/wordpress.png" [1]
2014-06-10 18:04:14 URL:http://scampie.net/wp/?feed=rss2&page_id=11 [696/696] -> "scampie.net_20140610/wp/index.html?feed=rss2&page_id=11" [1]
2014-06-10 18:04:14 URL:http://scampie.net/wp/?page_id=11 [8630] -> "scampie.net_20140610/wp/index.html?p=11.html" [1]
2014-06-10 18:04:14 URL:http://scampie.net/wp/?feed=rss2&page_id=50 [701/701] -> "scampie.net_20140610/wp/index.html?feed=rss2&page_id=50" [1]
2014-06-10 18:04:15 URL:http://scampie.net/wp/?page_id=50 [19285] -> "scampie.net_20140610/wp/index.html?p=50.html" [1]
2014-06-10 18:04:15 URL:http://scampie.net/etc/mapshots/q1_scampsp1.jpg [591009/591009] -> "scampie.net_20140610/etc/mapshots/q1_scampsp1.jpg" [1]
2014-06-10 18:04:17 URL:http://scampie.net/files/maps/scampsp1.zip [1897564/1897564] -> "scampie.net_20140610/files/maps/scampsp1.zip" [1]
2014-06-10 18:04:17 URL:http://scampie.net/etc/mapshots/q1_scampdm5.jpg [447848/447848] -> "scampie.net_20140610/etc/mapshots/q1_scampdm5.jpg" [1]
2014-06-10 18:04:17 URL:http://scampie.net/etc/mapshots/q1_scampdm5_thumb.jpg [7114/7114] -> "scampie.net_20140610/etc/mapshots/q1_scampdm5_thumb.jpg" [1]
2014-06-10 18:04:18 URL:http://scampie.net/files/maps/scampdm5.zip [375245/375245] -> "scampie.net_20140610/files/maps/scampdm5.zip" [1]
2014-06-10 18:04:18 URL:http://scampie.net/etc/mapshots/q1_scampdm1.jpg [466217/466217] -> "scampie.net_20140610/etc/mapshots/q1_scampdm1.jpg" [1]
2014-06-10 18:04:18 URL:http://scampie.net/etc/mapshots/q1_scampdm1_thumb.jpg [7498/7498] -> "scampie.net_20140610/etc/mapshots/q1_scampdm1_thumb.jpg" [1]
2014-06-10 18:04:19 URL:http://scampie.net/files/maps/scampdm1.zip [139384/139384] -> "scampie.net_20140610/files/maps/scampdm1.zip" [1]
2014-06-10 18:04:19 URL:http://scampie.net/etc/mapshots/q1_scampdm2.jpg [480126/480126] -> "scampie.net_20140610/etc/mapshots/q1_scampdm2.jpg" [1]
2014-06-10 18:04:19 URL:http://scampie.net/etc/mapshots/q1_scampdm2_thumb.jpg [7630/7630] -> "scampie.net_20140610/etc/mapshots/q1_scampdm2_thumb.jpg" [1]
2014-06-10 18:04:19 URL:http://scampie.net/files/maps/scampdm2.zip [145815/145815] -> "scampie.net_20140610/files/maps/scampdm2.zip" [1]
2014-06-10 18:04:20 URL:http://scampie.net/etc/mapshots/q3_scamp20b.jpg [336860/336860] -> "scampie.net_20140610/etc/mapshots/q3_scamp20b.jpg" [1]
2014-06-10 18:04:20 URL:http://scampie.net/etc/mapshots/q3_scamp20b_thumb.jpg [10789/10789] -> "scampie.net_20140610/etc/mapshots/q3_scamp20b_thumb.jpg" [1]
2014-06-10 18:04:29 URL:http://scampie.net/files/maps/q3scamp20b.zip [13613877/13613877] -> "scampie.net_20140610/files/maps/q3scamp20b.zip" [1]
2014-06-10 18:04:29 URL:http://scampie.net/etc/mapshots/q3_tm4scampie1.jpg [393858/393858] -> "scampie.net_20140610/etc/mapshots/q3_tm4scampie1.jpg" [1]
2014-06-10 18:04:29 URL:http://scampie.net/etc/mapshots/q3_tm4scampie1_thumb.jpg [9018/9018] -> "scampie.net_20140610/etc/mapshots/q3_tm4scampie1_thumb.jpg" [1]
2014-06-10 18:04:55 URL:http://scampie.net/files/maps/tm4.zip [40726416/40726416] -> "scampie.net_20140610/files/maps/tm4.zip" [1]
2014-06-10 18:04:55 URL:http://scampie.net/etc/mapshots/q3_tm3scampie.jpg [378610/378610] -> "scampie.net_20140610/etc/mapshots/q3_tm3scampie.jpg" [1]
2014-06-10 18:04:56 URL:http://scampie.net/etc/mapshots/q3_tm3scampie_thumb.jpg [8642/8642] -> "scampie.net_20140610/etc/mapshots/q3_tm3scampie_thumb.jpg" [1]
2014-06-10 18:05:14 URL:http://scampie.net/files/maps/tm3.zip [28876065/28876065] -> "scampie.net_20140610/files/maps/tm3.zip" [1]
2014-06-10 18:05:14 URL:http://scampie.net/etc/mapshots/q3_hh2.jpg [493071/493071] -> "scampie.net_20140610/etc/mapshots/q3_hh2.jpg" [1]
2014-06-10 18:05:15 URL:http://scampie.net/etc/mapshots/q3_hh2_thumb.jpg [11191/11191] -> "scampie.net_20140610/etc/mapshots/q3_hh2_thumb.jpg" [1]
2014-06-10 18:05:33 URL:http://scampie.net/files/maps/hh3-maps.zip [28397456/28397456] -> "scampie.net_20140610/files/maps/hh3-maps.zip" [1]
2014-06-10 18:05:33 URL:http://scampie.net/etc/mapshots/q3_hh3.jpg [535837/535837] -> "scampie.net_20140610/etc/mapshots/q3_hh3.jpg" [1]
2014-06-10 18:05:33 URL:http://scampie.net/etc/mapshots/q3_hh3_thumb.jpg [11539/11539] -> "scampie.net_20140610/etc/mapshots/q3_hh3_thumb.jpg" [1]
2014-06-10 18:05:34 URL:http://scampie.net/etc/mapshots/q3_agr.jpg [476255/476255] -> "scampie.net_20140610/etc/mapshots/q3_agr.jpg" [1]
2014-06-10 18:05:34 URL:http://scampie.net/etc/mapshots/q3_agr_thumb.jpg [10697/10697] -> "scampie.net_20140610/etc/mapshots/q3_agr_thumb.jpg" [1]
2014-06-10 18:05:35 URL:http://scampie.net/files/maps/agr.zip [1553133/1553133] -> "scampie.net_20140610/files/maps/agr.zip" [1]
2014-06-10 18:05:36 URL:http://scampie.net/etc/mapshots/q3_iminhell.jpg [485353/485353] -> "scampie.net_20140610/etc/mapshots/q3_iminhell.jpg" [1]
2014-06-10 18:05:36 URL:http://scampie.net/etc/mapshots/q3_iminhell_thumb.jpg [11399/11399] -> "scampie.net_20140610/etc/mapshots/q3_iminhell_thumb.jpg" [1]
2014-06-10 18:05:37 URL:http://scampie.net/files/maps/iminhell.zip [1499541/1499541] -> "scampie.net_20140610/files/maps/iminhell.zip" [1]
2014-06-10 18:05:38 URL:http://scampie.net/etc/mapshots/q3_reptilian1.jpg [587995/587995] -> "scampie.net_20140610/etc/mapshots/q3_reptilian1.jpg" [1]
2014-06-10 18:05:38 URL:http://scampie.net/etc/mapshots/q3_reptilian1_thumb.jpg [12108/12108] -> "scampie.net_20140610/etc/mapshots/q3_reptilian1_thumb.jpg" [1]
2014-06-10 18:05:39 URL:http://scampie.net/files/maps/reptile1.zip [1163854/1163854] -> "scampie.net_20140610/files/maps/reptile1.zip" [1]
2014-06-10 18:05:39 URL:http://scampie.net/etc/mapshots/q2_crush31.jpg [227829/227829] -> "scampie.net_20140610/etc/mapshots/q2_crush31.jpg" [1]
2014-06-10 18:05:39 URL:http://scampie.net/etc/mapshots/q2_crush31_thumb.jpg [10077/10077] -> "scampie.net_20140610/etc/mapshots/q2_crush31_thumb.jpg" [1]
2014-06-10 18:05:39 URL:http://scampie.net/files/maps/crush3.zip [112114/112114] -> "scampie.net_20140610/files/maps/crush3.zip" [1]
2014-06-10 18:05:40 URL:http://scampie.net/etc/mapshots/q2_scampctf1.jpg [265644/265644] -> "scampie.net_20140610/etc/mapshots/q2_scampctf1.jpg" [1]
2014-06-10 18:05:40 URL:http://scampie.net/etc/mapshots/q2_scampctf1_thumb.jpg [11352/11352] -> "scampie.net_20140610/etc/mapshots/q2_scampctf1_thumb.jpg" [1]
2014-06-10 18:05:40 URL:http://scampie.net/files/maps/scampctf1.zip [171676/171676] -> "scampie.net_20140610/files/maps/scampctf1.zip" [1]
2014-06-10 18:05:41 URL:http://scampie.net/etc/mapshots/q2_ctfcrush1.jpg [265500/265500] -> "scampie.net_20140610/etc/mapshots/q2_ctfcrush1.jpg" [1]
2014-06-10 18:05:41 URL:http://scampie.net/etc/mapshots/q2_ctfcrush1_thumb.jpg [10037/10037] -> "scampie.net_20140610/etc/mapshots/q2_ctfcrush1_thumb.jpg" [1]
2014-06-10 18:05:41 URL:http://scampie.net/files/maps/ctf_crush.zip [105122/105122] -> "scampie.net_20140610/files/maps/ctf_crush.zip" [1]
2014-06-10 18:05:41 URL:http://scampie.net/etc/mapshots/q2_crush2v21.jpg [218848/218848] -> "scampie.net_20140610/etc/mapshots/q2_crush2v21.jpg" [1]
2014-06-10 18:05:41 URL:http://scampie.net/etc/mapshots/q2_crush2v21_thumb.jpg [9448/9448] -> "scampie.net_20140610/etc/mapshots/q2_crush2v21_thumb.jpg" [1]
2014-06-10 18:05:42 URL:http://scampie.net/files/maps/crush2_v2.zip [112822/112822] -> "scampie.net_20140610/files/maps/crush2_v2.zip" [1]
2014-06-10 18:05:42 URL:http://scampie.net/etc/mapshots/q2_crush1.jpg [244841/244841] -> "scampie.net_20140610/etc/mapshots/q2_crush1.jpg" [1]
2014-06-10 18:05:42 URL:http://scampie.net/etc/mapshots/q2_crush1_thumb.jpg [8832/8832] -> "scampie.net_20140610/etc/mapshots/q2_crush1_thumb.jpg" [1]
2014-06-10 18:05:42 URL:http://scampie.net/files/maps/crush.zip [82865/82865] -> "scampie.net_20140610/files/maps/crush.zip" [1]
2014-06-10 18:05:43 URL:http://scampie.net/etc/mapshots/q2_wpitt1.jpg [223713/223713] -> "scampie.net_20140610/etc/mapshots/q2_wpitt1.jpg" [1]
2014-06-10 18:05:43 URL:http://scampie.net/etc/mapshots/q2_wpitt1_thumb.jpg [10246/10246] -> "scampie.net_20140610/etc/mapshots/q2_wpitt1_thumb.jpg" [1]
2014-06-10 18:05:43 URL:http://scampie.net/files/maps/wpitt.zip [214778/214778] -> "scampie.net_20140610/files/maps/wpitt.zip" [1]
2014-06-10 18:05:43 URL:http://scampie.net/etc/mapshots/q2_rockrail1.jpg [222675/222675] -> "scampie.net_20140610/etc/mapshots/q2_rockrail1.jpg" [1]
2014-06-10 18:05:44 URL:http://scampie.net/etc/mapshots/q2_rockrail1_thumb.jpg [6703/6703] -> "scampie.net_20140610/etc/mapshots/q2_rockrail1_thumb.jpg" [1]
2014-06-10 18:05:44 URL:http://scampie.net/files/maps/rockrail.zip [67258/67258] -> "scampie.net_20140610/files/maps/rockrail.zip" [1]
2014-06-10 18:05:45 URL:http://scampie.net/etc/mapshots/q2_scamp21.jpg [337975/337975] -> "scampie.net_20140610/etc/mapshots/q2_scamp21.jpg" [1]
2014-06-10 18:05:45 URL:http://scampie.net/etc/mapshots/q2_scamp21_thumb.jpg [14823/14823] -> "scampie.net_20140610/etc/mapshots/q2_scamp21_thumb.jpg" [1]
2014-06-10 18:05:45 URL:http://scampie.net/files/maps/scamp2.zip [51991/51991] -> "scampie.net_20140610/files/maps/scamp2.zip" [1]
2014-06-10 18:05:45 URL:http://scampie.net/wp/?feed=rss2&p=102 [712/712] -> "scampie.net_20140610/wp/index.html?feed=rss2&p=102" [1]
2014-06-10 18:05:46 URL:http://scampie.net/etc/mapshots/junk/scampsp2trash_1.jpg [565264/565264] -> "scampie.net_20140610/etc/mapshots/junk/scampsp2trash_1.jpg" [1]
2014-06-10 18:05:46 URL:http://scampie.net/etc/blogimages/scampsp2trash_thumb.jpg [35137/35137] -> "scampie.net_20140610/etc/blogimages/scampsp2trash_thumb.jpg" [1]
2014-06-10 18:05:46 URL:http://scampie.net/etc/mapshots/junk/dunwich_1.jpg [297669/297669] -> "scampie.net_20140610/etc/mapshots/junk/dunwich_1.jpg" [1]
2014-06-10 18:05:46 URL:http://scampie.net/etc/blogimages/dunwich_thumb.jpg [18639/18639] -> "scampie.net_20140610/etc/blogimages/dunwich_thumb.jpg" [1]
2014-06-10 18:05:47 URL:http://scampie.net/etc/mapshots/junk/scamprub_2.jpg [513613/513613] -> "scampie.net_20140610/etc/mapshots/junk/scamprub_2.jpg" [1]
2014-06-10 18:05:47 URL:http://scampie.net/etc/blogimages/scamprub_thumb.jpg [36153/36153] -> "scampie.net_20140610/etc/blogimages/scamprub_thumb.jpg" [1]
2014-06-10 18:05:47 URL:http://scampie.net/etc/mapshots/junk/necrocastle.jpg [429293/429293] -> "scampie.net_20140610/etc/mapshots/junk/necrocastle.jpg" [1]
2014-06-10 18:05:48 URL:http://scampie.net/etc/blogimages/necrocastle_thumb.jpg [30876/30876] -> "scampie.net_20140610/etc/blogimages/necrocastle_thumb.jpg" [1]
2014-06-10 18:05:48 URL:http://scampie.net/etc/mapshots/junk/scampwaste_1.jpg [500627/500627] -> "scampie.net_20140610/etc/mapshots/junk/scampwaste_1.jpg" [1]
2014-06-10 18:05:48 URL:http://scampie.net/etc/blogimages/scampwaste_thumb.jpg [32409/32409] -> "scampie.net_20140610/etc/blogimages/scampwaste_thumb.jpg" [1]
2014-06-10 18:05:49 URL:http://scampie.net/etc/mapshots/junk/lemuria_2.jpg [653245/653245] -> "scampie.net_20140610/etc/mapshots/junk/lemuria_2.jpg" [1]
2014-06-10 18:05:49 URL:http://scampie.net/etc/blogimages/lemuria_thumb.jpg [38516/38516] -> "scampie.net_20140610/etc/blogimages/lemuria_thumb.jpg" [1]
2014-06-10 18:05:49 URL:http://scampie.net/etc/mapshots/speedmaps/sm175_scampie.jpg [562100/562100] -> "scampie.net_20140610/etc/mapshots/speedmaps/sm175_scampie.jpg" [1]
2014-06-10 18:05:50 URL:http://scampie.net/etc/blogimages/sm175_thumb.jpg [39471/39471] -> "scampie.net_20140610/etc/blogimages/sm175_thumb.jpg" [1]
2014-06-10 18:05:51 URL:http://scampie.net/files/maps/sm175_scampie.zip [1704204/1704204] -> "scampie.net_20140610/files/maps/sm175_scampie.zip" [1]
2014-06-10 18:05:51 URL:http://scampie.net/etc/mapshots/junk/?C=N;O=D [3762/3762] -> "scampie.net_20140610/etc/mapshots/junk/index.html?C=N;O=D.html" [1]
2014-06-10 18:05:51 URL:http://scampie.net/etc/mapshots/junk/?C=M;O=A [3762/3762] -> "scampie.net_20140610/etc/mapshots/junk/index.html?C=M;O=A.html" [1]
2014-06-10 18:05:51 URL:http://scampie.net/etc/mapshots/junk/?C=S;O=A [3762/3762] -> "scampie.net_20140610/etc/mapshots/junk/index.html?C=S;O=A.html" [1]
2014-06-10 18:05:51 URL:http://scampie.net/etc/mapshots/junk/?C=D;O=A [3762/3762] -> "scampie.net_20140610/etc/mapshots/junk/index.html?C=D;O=A.html" [1]
2014-06-10 18:05:52 URL:http://scampie.net/etc/mapshots/junk/dunwich_2.jpg [233500/233500] -> "scampie.net_20140610/etc/mapshots/junk/dunwich_2.jpg" [1]
2014-06-10 18:05:52 URL:http://scampie.net/etc/mapshots/junk/dunwich_3.jpg [273825/273825] -> "scampie.net_20140610/etc/mapshots/junk/dunwich_3.jpg" [1]
2014-06-10 18:05:52 URL:http://scampie.net/etc/mapshots/junk/dunwich_4.jpg [394883/394883] -> "scampie.net_20140610/etc/mapshots/junk/dunwich_4.jpg" [1]
2014-06-10 18:05:53 URL:http://scampie.net/etc/mapshots/junk/dunwich_5.jpg [387386/387386] -> "scampie.net_20140610/etc/mapshots/junk/dunwich_5.jpg" [1]
2014-06-10 18:05:53 URL:http://scampie.net/etc/mapshots/junk/dunwich_6.jpg [610572/610572] -> "scampie.net_20140610/etc/mapshots/junk/dunwich_6.jpg" [1]
2014-06-10 18:05:54 URL:http://scampie.net/etc/mapshots/junk/dunwich_7.jpg [374739/374739] -> "scampie.net_20140610/etc/mapshots/junk/dunwich_7.jpg" [1]
2014-06-10 18:05:54 URL:http://scampie.net/etc/mapshots/junk/lemuria_1.jpg [623914/623914] -> "scampie.net_20140610/etc/mapshots/junk/lemuria_1.jpg" [1]
2014-06-10 18:05:55 URL:http://scampie.net/etc/mapshots/junk/scamprub_1.jpg [248986/248986] -> "scampie.net_20140610/etc/mapshots/junk/scamprub_1.jpg" [1]
2014-06-10 18:05:55 URL:http://scampie.net/etc/mapshots/junk/scamprub_3.jpg [559960/559960] -> "scampie.net_20140610/etc/mapshots/junk/scamprub_3.jpg" [1]
2014-06-10 18:05:56 URL:http://scampie.net/etc/mapshots/junk/scampsp2_blue.jpg [228391/228391] -> "scampie.net_20140610/etc/mapshots/junk/scampsp2_blue.jpg" [1]
2014-06-10 18:05:56 URL:http://scampie.net/etc/mapshots/junk/scampsp2trash_2.jpg [564555/564555] -> "scampie.net_20140610/etc/mapshots/junk/scampsp2trash_2.jpg" [1]
2014-06-10 18:05:57 URL:http://scampie.net/etc/mapshots/junk/scampwaste_2.jpg [467593/467593] -> "scampie.net_20140610/etc/mapshots/junk/scampwaste_2.jpg" [1]
2014-06-10 18:05:57 URL:http://scampie.net/wp/?feed=rss2&cat=5 [16520] -> "scampie.net_20140610/wp/index.html?feed=rss2&cat=5" [1]
2014-06-10 18:05:57 URL:http://scampie.net/wp/?feed=rss2&p=92 [700/700] -> "scampie.net_20140610/wp/index.html?feed=rss2&p=92" [1]
2014-06-10 18:05:57 URL:http://scampie.net/etc/blogimages/WD.png [159660/159660] -> "scampie.net_20140610/etc/blogimages/WD.png" [1]
2014-06-10 18:05:57 URL:http://scampie.net/etc/blogimages/Spelunky.png [164202/164202] -> "scampie.net_20140610/etc/blogimages/Spelunky.png" [1]
2014-06-10 18:05:58 URL:http://scampie.net/wp/?feed=rss2&cat=7 [7525/7525] -> "scampie.net_20140610/wp/index.html?feed=rss2&cat=7" [1]
2014-06-10 18:05:58 URL:http://scampie.net/wp/?feed=rss2&p=77 [709/709] -> "scampie.net_20140610/wp/index.html?feed=rss2&p=77" [1]
2014-06-10 18:05:58 URL:http://scampie.net/etc/blogimages/C.png [13309/13309] -> "scampie.net_20140610/etc/blogimages/C.png" [1]
2014-06-10 18:05:58 URL:http://scampie.net/etc/blogimages/cpp.png [16546/16546] -> "scampie.net_20140610/etc/blogimages/cpp.png" [1]
2014-06-10 18:05:58 URL:http://scampie.net/etc/blogimages/mitocw.png [11159/11159] -> "scampie.net_20140610/etc/blogimages/mitocw.png" [1]
2014-06-10 18:05:58 URL:http://scampie.net/birds.html [3725/3725] -> "scampie.net_20140610/birds.html" [1]
2014-06-10 18:05:59 URL:http://scampie.net/wp/wp-includes/images/smilies/icon_biggrin.gif [172/172] -> "scampie.net_20140610/wp/wp-includes/images/smilies/icon_biggrin.gif" [1]
2014-06-10 18:05:59 URL:http://scampie.net/wp/?feed=rss2&cat=6 [13400] -> "scampie.net_20140610/wp/index.html?feed=rss2&cat=6" [1]
2014-06-10 18:05:59 URL:http://scampie.net/wp/?feed=rss2&p=70 [706/706] -> "scampie.net_20140610/wp/index.html?feed=rss2&p=70" [1]
2014-06-10 18:05:59 URL:http://scampie.net/wp/?feed=rss2&p=7 [700/700] -> "scampie.net_20140610/wp/index.html?feed=rss2&p=7" [1]
2014-06-10 18:05:59 URL:http://scampie.net/wp/?feed=rss2&cat=1 [3818/3818] -> "scampie.net_20140610/wp/index.html?feed=rss2&cat=1" [1]
2014-06-10 18:05:59 URL:http://scampie.net/etc/?C=N;O=A [1957/1957] -> "scampie.net_20140610/etc/index.html?C=N;O=A.html" [1]
2014-06-10 18:06:00 URL:http://scampie.net/etc/?C=M;O=D [1957/1957] -> "scampie.net_20140610/etc/index.html?C=M;O=D.html" [1]
2014-06-10 18:06:00 URL:http://scampie.net/etc/?C=S;O=D [1957/1957] -> "scampie.net_20140610/etc/index.html?C=S;O=D.html" [1]
2014-06-10 18:06:00 URL:http://scampie.net/etc/?C=D;O=D [1957/1957] -> "scampie.net_20140610/etc/index.html?C=D;O=D.html" [1]
2014-06-10 18:06:00 URL:http://scampie.net/etc/blogimages/?C=N;O=D [3019/3019] -> "scampie.net_20140610/etc/blogimages/index.html?C=N;O=D.html" [1]
2014-06-10 18:06:00 URL:http://scampie.net/etc/blogimages/?C=M;O=A [3019/3019] -> "scampie.net_20140610/etc/blogimages/index.html?C=M;O=A.html" [1]
2014-06-10 18:06:00 URL:http://scampie.net/etc/blogimages/?C=S;O=A [3019/3019] -> "scampie.net_20140610/etc/blogimages/index.html?C=S;O=A.html" [1]
2014-06-10 18:06:00 URL:http://scampie.net/etc/blogimages/?C=D;O=A [3019/3019] -> "scampie.net_20140610/etc/blogimages/index.html?C=D;O=A.html" [1]
2014-06-10 18:06:01 URL:http://scampie.net/etc/blogimages/khan.png [40503/40503] -> "scampie.net_20140610/etc/blogimages/khan.png" [1]
2014-06-10 18:06:01 URL:http://scampie.net/etc/hs/?C=N;O=D [756/756] -> "scampie.net_20140610/etc/hs/index.html?C=N;O=D.html" [1]
2014-06-10 18:06:01 URL:http://scampie.net/etc/hs/?C=M;O=A [756/756] -> "scampie.net_20140610/etc/hs/index.html?C=M;O=A.html" [1]
2014-06-10 18:06:01 URL:http://scampie.net/etc/hs/?C=S;O=A [756/756] -> "scampie.net_20140610/etc/hs/index.html?C=S;O=A.html" [1]
2014-06-10 18:06:01 URL:http://scampie.net/etc/hs/?C=D;O=A [756/756] -> "scampie.net_20140610/etc/hs/index.html?C=D;O=A.html" [1]
2014-06-10 18:06:01 URL:http://scampie.net/etc/hs/decks/ [2539/2539] -> "scampie.net_20140610/etc/hs/decks/index.html" [1]
2014-06-10 18:06:01 URL:http://scampie.net/etc/mapshots/?C=N;O=D [8477] -> "scampie.net_20140610/etc/mapshots/index.html?C=N;O=D.html" [1]
2014-06-10 18:06:02 URL:http://scampie.net/etc/mapshots/?C=M;O=A [8477] -> "scampie.net_20140610/etc/mapshots/index.html?C=M;O=A.html" [1]
2014-06-10 18:06:02 URL:http://scampie.net/etc/mapshots/?C=S;O=A [8477] -> "scampie.net_20140610/etc/mapshots/index.html?C=S;O=A.html" [1]
2014-06-10 18:06:02 URL:http://scampie.net/etc/mapshots/?C=D;O=A [8477] -> "scampie.net_20140610/etc/mapshots/index.html?C=D;O=A.html" [1]
2014-06-10 18:06:02 URL:http://scampie.net/etc/mapshots/q2_scamp22.jpg [266055/266055] -> "scampie.net_20140610/etc/mapshots/q2_scamp22.jpg" [1]
2014-06-10 18:06:02 URL:http://scampie.net/etc/mapshots/q2_scamp23.jpg [143365/143365] -> "scampie.net_20140610/etc/mapshots/q2_scamp23.jpg" [1]
2014-06-10 18:06:03 URL:http://scampie.net/etc/mapshots/speedmaps/ [998/998] -> "scampie.net_20140610/etc/mapshots/speedmaps/index.html" [1]
2014-06-10 18:06:03 URL:http://scampie.net/etc/mapshots/junk/?C=N;O=A [3762/3762] -> "scampie.net_20140610/etc/mapshots/junk/index.html?C=N;O=A.html" [1]
2014-06-10 18:06:03 URL:http://scampie.net/etc/mapshots/junk/?C=M;O=D [3762/3762] -> "scampie.net_20140610/etc/mapshots/junk/index.html?C=M;O=D.html" [1]
2014-06-10 18:06:03 URL:http://scampie.net/etc/mapshots/junk/?C=S;O=D [3762/3762] -> "scampie.net_20140610/etc/mapshots/junk/index.html?C=S;O=D.html" [1]
2014-06-10 18:06:03 URL:http://scampie.net/etc/mapshots/junk/?C=D;O=D [3762/3762] -> "scampie.net_20140610/etc/mapshots/junk/index.html?C=D;O=D.html" [1]
2014-06-10 18:06:03 URL:http://scampie.net/etc/blogimages/?C=N;O=A [3019/3019] -> "scampie.net_20140610/etc/blogimages/index.html?C=N;O=A.html" [1]
2014-06-10 18:06:03 URL:http://scampie.net/etc/blogimages/?C=M;O=D [3019/3019] -> "scampie.net_20140610/etc/blogimages/index.html?C=M;O=D.html" [1]
2014-06-10 18:06:04 URL:http://scampie.net/etc/blogimages/?C=S;O=D [3019/3019] -> "scampie.net_20140610/etc/blogimages/index.html?C=S;O=D.html" [1]
2014-06-10 18:06:04 URL:http://scampie.net/etc/blogimages/?C=D;O=D [3019/3019] -> "scampie.net_20140610/etc/blogimages/index.html?C=D;O=D.html" [1]
2014-06-10 18:06:04 URL:http://scampie.net/etc/hs/?C=N;O=A [756/756] -> "scampie.net_20140610/etc/hs/index.html?C=N;O=A.html" [1]
2014-06-10 18:06:04 URL:http://scampie.net/etc/hs/?C=M;O=D [756/756] -> "scampie.net_20140610/etc/hs/index.html?C=M;O=D.html" [1]
2014-06-10 18:06:04 URL:http://scampie.net/etc/hs/?C=S;O=D [756/756] -> "scampie.net_20140610/etc/hs/index.html?C=S;O=D.html" [1]
2014-06-10 18:06:04 URL:http://scampie.net/etc/hs/?C=D;O=D [756/756] -> "scampie.net_20140610/etc/hs/index.html?C=D;O=D.html" [1]
2014-06-10 18:06:04 URL:http://scampie.net/etc/hs/decks/?C=N;O=D [2539/2539] -> "scampie.net_20140610/etc/hs/decks/index.html?C=N;O=D.html" [1]
2014-06-10 18:06:05 URL:http://scampie.net/etc/hs/decks/?C=M;O=A [2539/2539] -> "scampie.net_20140610/etc/hs/decks/index.html?C=M;O=A.html" [1]
2014-06-10 18:06:05 URL:http://scampie.net/etc/hs/decks/?C=S;O=A [2539/2539] -> "scampie.net_20140610/etc/hs/decks/index.html?C=S;O=A.html" [1]
2014-06-10 18:06:05 URL:http://scampie.net/etc/hs/decks/?C=D;O=A [2539/2539] -> "scampie.net_20140610/etc/hs/decks/index.html?C=D;O=A.html" [1]
2014-06-10 18:06:05 URL:http://scampie.net/etc/hs/decks/druid_magic.png [276618/276618] -> "scampie.net_20140610/etc/hs/decks/druid_magic.png" [1]
2014-06-10 18:06:06 URL:http://scampie.net/etc/hs/decks/druid_ramp.png [305925/305925] -> "scampie.net_20140610/etc/hs/decks/druid_ramp.png" [1]
2014-06-10 18:06:06 URL:http://scampie.net/etc/hs/decks/hunter.png [294337/294337] -> "scampie.net_20140610/etc/hs/decks/hunter.png" [1]
2014-06-10 18:06:06 URL:http://scampie.net/etc/hs/decks/mage_secrets.png [296177/296177] -> "scampie.net_20140610/etc/hs/decks/mage_secrets.png" [1]
2014-06-10 18:06:07 URL:http://scampie.net/etc/hs/decks/paladin_gohuge.png [298618/298618] -> "scampie.net_20140610/etc/hs/decks/paladin_gohuge.png" [1]
2014-06-10 18:06:07 URL:http://scampie.net/etc/hs/decks/priest_burn.png [301889/301889] -> "scampie.net_20140610/etc/hs/decks/priest_burn.png" [1]
2014-06-10 18:06:07 URL:http://scampie.net/etc/hs/decks/priest_mine.png [332121/332121] -> "scampie.net_20140610/etc/hs/decks/priest_mine.png" [1]
2014-06-10 18:06:08 URL:http://scampie.net/etc/hs/decks/shaman_watchermans.png [330679/330679] -> "scampie.net_20140610/etc/hs/decks/shaman_watchermans.png" [1]
2014-06-10 18:06:08 URL:http://scampie.net/etc/hs/decks/shamen.png [303173/303173] -> "scampie.net_20140610/etc/hs/decks/shamen.png" [1]
2014-06-10 18:06:08 URL:http://scampie.net/etc/hs/decks/warlock_dudezoo.png [270129/270129] -> "scampie.net_20140610/etc/hs/decks/warlock_dudezoo.png" [1]
2014-06-10 18:06:09 URL:http://scampie.net/etc/hs/decks/warrior.png [294272/294272] -> "scampie.net_20140610/etc/hs/decks/warrior.png" [1]
2014-06-10 18:06:09 URL:http://scampie.net/etc/mapshots/?C=N;O=A [8477] -> "scampie.net_20140610/etc/mapshots/index.html?C=N;O=A.html" [1]
2014-06-10 18:06:09 URL:http://scampie.net/etc/mapshots/?C=M;O=D [8477] -> "scampie.net_20140610/etc/mapshots/index.html?C=M;O=D.html" [1]
2014-06-10 18:06:09 URL:http://scampie.net/etc/mapshots/?C=S;O=D [8477] -> "scampie.net_20140610/etc/mapshots/index.html?C=S;O=D.html" [1]
2014-06-10 18:06:09 URL:http://scampie.net/etc/mapshots/?C=D;O=D [8477] -> "scampie.net_20140610/etc/mapshots/index.html?C=D;O=D.html" [1]
2014-06-10 18:06:10 URL:http://scampie.net/etc/mapshots/speedmaps/?C=N;O=D [998/998] -> "scampie.net_20140610/etc/mapshots/speedmaps/index.html?C=N;O=D.html" [1]
2014-06-10 18:06:10 URL:http://scampie.net/etc/mapshots/speedmaps/?C=M;O=A [998/998] -> "scampie.net_20140610/etc/mapshots/speedmaps/index.html?C=M;O=A.html" [1]
2014-06-10 18:06:10 URL:http://scampie.net/etc/mapshots/speedmaps/?C=S;O=A [998/998] -> "scampie.net_20140610/etc/mapshots/speedmaps/index.html?C=S;O=A.html" [1]
2014-06-10 18:06:10 URL:http://scampie.net/etc/mapshots/speedmaps/?C=D;O=A [998/998] -> "scampie.net_20140610/etc/mapshots/speedmaps/index.html?C=D;O=A.html" [1]
2014-06-10 18:06:11 URL:http://scampie.net/etc/mapshots/speedmaps/sm174_scampie.jpg [316247/316247] -> "scampie.net_20140610/etc/mapshots/speedmaps/sm174_scampie.jpg" [1]
2014-06-10 18:06:11 URL:http://scampie.net/etc/hs/decks/?C=N;O=A [2539/2539] -> "scampie.net_20140610/etc/hs/decks/index.html?C=N;O=A.html" [1]
2014-06-10 18:06:11 URL:http://scampie.net/etc/hs/decks/?C=M;O=D [2539/2539] -> "scampie.net_20140610/etc/hs/decks/index.html?C=M;O=D.html" [1]
2014-06-10 18:06:11 URL:http://scampie.net/etc/hs/decks/?C=S;O=D [2539/2539] -> "scampie.net_20140610/etc/hs/decks/index.html?C=S;O=D.html" [1]
2014-06-10 18:06:11 URL:http://scampie.net/etc/hs/decks/?C=D;O=D [2539/2539] -> "scampie.net_20140610/etc/hs/decks/index.html?C=D;O=D.html" [1]
2014-06-10 18:06:11 URL:http://scampie.net/etc/mapshots/speedmaps/?C=N;O=A [998/998] -> "scampie.net_20140610/etc/mapshots/speedmaps/index.html?C=N;O=A.html" [1]
2014-06-10 18:06:12 URL:http://scampie.net/etc/mapshots/speedmaps/?C=M;O=D [998/998] -> "scampie.net_20140610/etc/mapshots/speedmaps/index.html?C=M;O=D.html" [1]
2014-06-10 18:06:12 URL:http://scampie.net/etc/mapshots/speedmaps/?C=S;O=D [998/998] -> "scampie.net_20140610/etc/mapshots/speedmaps/index.html?C=S;O=D.html" [1]
2014-06-10 18:06:12 URL:http://scampie.net/etc/mapshots/speedmaps/?C=D;O=D [998/998] -> "scampie.net_20140610/etc/mapshots/speedmaps/index.html?C=D;O=D.html" [1]
FINISHED --2014-06-10 18:06:12--
Total wall clock time: 2m 7s
Downloaded: 213 files, 137M in 1m 27s (1.57 MB/s)
