2015-02-21 18:28:12 URL:http://shoresofnis.com/ [2729/2729] -> "shoresofnis.com_20150221/index.html" [1]
2015-02-21 18:28:12 URL:http://shoresofnis.com/resources/style.css [4598/4598] -> "shoresofnis.com_20150221/resources/style.css" [1]
2015-02-21 18:28:12 URL:http://shoresofnis.com/index.php [2729/2729] -> "shoresofnis.com_20150221/index.php.html" [1]
2015-02-21 18:28:13 URL:http://shoresofnis.com/img/title.png [133244/133244] -> "shoresofnis.com_20150221/img/title.png" [1]
2015-02-21 18:28:14 URL:http://shoresofnis.com/maps.php [9994/9994] -> "shoresofnis.com_20150221/maps.php.html" [1]
2015-02-21 18:28:14 URL:http://shoresofnis.com/mods.php [2866/2866] -> "shoresofnis.com_20150221/mods.php.html" [1]
2015-02-21 18:28:14 URL:http://shoresofnis.com/index.php?folder=1 [3631/3631] -> "shoresofnis.com_20150221/index.php?folder=1.html" [1]
2015-02-21 18:28:52 URL:http://shoresofnis.com/downloads/ne_ruins.zip [48824807/48824807] -> "shoresofnis.com_20150221/downloads/ne_ruins.zip" [1]
http://shoresofnis.com/downloads/ne_ruins_src.zip:
2015-02-21 18:28:52 ERROR 404: Not Found.
2015-02-21 18:28:52 URL:http://shoresofnis.com/img/thumbnails/ne_ruins_tn.jpg [28223/28223] -> "shoresofnis.com_20150221/img/thumbnails/ne_ruins_tn.jpg" [1]
2015-02-21 18:28:57 URL:http://shoresofnis.com/downloads/ne_tower.zip [5780656/5780656] -> "shoresofnis.com_20150221/downloads/ne_tower.zip" [1]
2015-02-21 18:28:58 URL:http://shoresofnis.com/downloads/ne_tower_mapsrc.zip [418386/418386] -> "shoresofnis.com_20150221/downloads/ne_tower_mapsrc.zip" [1]
2015-02-21 18:28:58 URL:http://shoresofnis.com/img/thumbnails/ne_tower_tn.jpg [31355/31355] -> "shoresofnis.com_20150221/img/thumbnails/ne_tower_tn.jpg" [1]
2015-02-21 18:29:06 URL:http://shoresofnis.com/downloads/ne_lend_doom.zip [11216583/11216583] -> "shoresofnis.com_20150221/downloads/ne_lend_doom.zip" [1]
2015-02-21 18:29:06 URL:http://shoresofnis.com/downloads/ne_doom_mapsrc.zip [244834/244834] -> "shoresofnis.com_20150221/downloads/ne_doom_mapsrc.zip" [1]
2015-02-21 18:29:06 URL:http://shoresofnis.com/img/thumbnails/ne_doom_tn.jpg [19406/19406] -> "shoresofnis.com_20150221/img/thumbnails/ne_doom_tn.jpg" [1]
2015-02-21 18:29:07 URL:http://shoresofnis.com/downloads/ne_lend_mapsrc.zip [374926/374926] -> "shoresofnis.com_20150221/downloads/ne_lend_mapsrc.zip" [1]
2015-02-21 18:29:07 URL:http://shoresofnis.com/img/thumbnails/ne_lend_tn.jpg [24499/24499] -> "shoresofnis.com_20150221/img/thumbnails/ne_lend_tn.jpg" [1]
2015-02-21 18:29:08 URL:http://shoresofnis.com/downloads/ne_marb.zip [1933379/1933379] -> "shoresofnis.com_20150221/downloads/ne_marb.zip" [1]
2015-02-21 18:29:08 URL:http://shoresofnis.com/img/thumbnails/ne_marb_tn.jpg [24467/24467] -> "shoresofnis.com_20150221/img/thumbnails/ne_marb_tn.jpg" [1]
2015-02-21 18:29:09 URL:http://shoresofnis.com/downloads/ne_deadcity.zip [610753/610753] -> "shoresofnis.com_20150221/downloads/ne_deadcity.zip" [1]
2015-02-21 18:29:09 URL:http://shoresofnis.com/img/thumbnails/ne_deadcity_tn.jpg [24543/24543] -> "shoresofnis.com_20150221/img/thumbnails/ne_deadcity_tn.jpg" [1]
2015-02-21 18:29:11 URL:http://shoresofnis.com/downloads/chapter_necros2.zip [1810606/1810606] -> "shoresofnis.com_20150221/downloads/chapter_necros2.zip" [1]
2015-02-21 18:29:11 URL:http://shoresofnis.com/img/thumbnails/chapter_necros2_tn.jpg [24148/24148] -> "shoresofnis.com_20150221/img/thumbnails/chapter_necros2_tn.jpg" [1]
2015-02-21 18:29:12 URL:http://shoresofnis.com/downloads/nesp16.zip [1340988/1340988] -> "shoresofnis.com_20150221/downloads/nesp16.zip" [1]
2015-02-21 18:29:12 URL:http://shoresofnis.com/img/thumbnails/nesp16_tn.jpg [16315/16315] -> "shoresofnis.com_20150221/img/thumbnails/nesp16_tn.jpg" [1]
2015-02-21 18:29:13 URL:http://shoresofnis.com/downloads/nesp10.zip [1346705/1346705] -> "shoresofnis.com_20150221/downloads/nesp10.zip" [1]
2015-02-21 18:29:13 URL:http://shoresofnis.com/img/thumbnails/nesp10_tn.jpg [21155/21155] -> "shoresofnis.com_20150221/img/thumbnails/nesp10_tn.jpg" [1]
2015-02-21 18:29:14 URL:http://shoresofnis.com/downloads/nesp04.zip [1253011/1253011] -> "shoresofnis.com_20150221/downloads/nesp04.zip" [1]
2015-02-21 18:29:14 URL:http://shoresofnis.com/img/thumbnails/nesp04_tn.jpg [21256/21256] -> "shoresofnis.com_20150221/img/thumbnails/nesp04_tn.jpg" [1]
2015-02-21 18:29:21 URL:http://shoresofnis.com/downloads/nesp09.zip [7184788/7184788] -> "shoresofnis.com_20150221/downloads/nesp09.zip" [1]
2015-02-21 18:29:21 URL:http://shoresofnis.com/img/thumbnails/nesp09_tn.jpg [25688/25688] -> "shoresofnis.com_20150221/img/thumbnails/nesp09_tn.jpg" [1]
2015-02-21 18:29:25 URL:http://shoresofnis.com/downloads/nesp06.zip [6204109/6204109] -> "shoresofnis.com_20150221/downloads/nesp06.zip" [1]
2015-02-21 18:29:25 URL:http://shoresofnis.com/img/thumbnails/nesp06_tn.jpg [26497/26497] -> "shoresofnis.com_20150221/img/thumbnails/nesp06_tn.jpg" [1]
2015-02-21 18:29:27 URL:http://shoresofnis.com/downloads/nesp03.zip [2271623/2271623] -> "shoresofnis.com_20150221/downloads/nesp03.zip" [1]
2015-02-21 18:29:27 URL:http://shoresofnis.com/img/thumbnails/nesp03_tn.jpg [22524/22524] -> "shoresofnis.com_20150221/img/thumbnails/nesp03_tn.jpg" [1]
2015-02-21 18:29:33 URL:http://shoresofnis.com/downloads/nesp02.zip [7884260/7884260] -> "shoresofnis.com_20150221/downloads/nesp02.zip" [1]
2015-02-21 18:29:33 URL:http://shoresofnis.com/img/thumbnails/nesp02_tn.jpg [21884/21884] -> "shoresofnis.com_20150221/img/thumbnails/nesp02_tn.jpg" [1]
2015-02-21 18:29:40 URL:http://shoresofnis.com/downloads/ne_rpg.zip [8494539/8494539] -> "shoresofnis.com_20150221/downloads/ne_rpg.zip" [1]
2015-02-21 18:29:40 URL:http://shoresofnis.com/img/thumbnails/ne_rpg_tn.jpg [33270/33270] -> "shoresofnis.com_20150221/img/thumbnails/ne_rpg_tn.jpg" [1]
2015-02-21 18:29:49 URL:http://shoresofnis.com/downloads/ne_dynamic.zip [12508861/12508861] -> "shoresofnis.com_20150221/downloads/ne_dynamic.zip" [1]
2015-02-21 18:29:50 URL:http://shoresofnis.com/img/thumbnails/ne_dynamic_tn.jpg [48148/48148] -> "shoresofnis.com_20150221/img/thumbnails/ne_dynamic_tn.jpg" [1]
2015-02-21 18:29:50 URL:http://shoresofnis.com/post.php?postID=7 [7912/7912] -> "shoresofnis.com_20150221/post.php?postID=7.html" [1]
2015-02-21 18:29:50 URL:http://shoresofnis.com/img/fakeshadows/torchShadows.jpg [30567/30567] -> "shoresofnis.com_20150221/img/fakeshadows/torchShadows.jpg" [1]
2015-02-21 18:29:50 URL:http://shoresofnis.com/img/fakeshadows/torchShadows_sm.jpg [5381/5381] -> "shoresofnis.com_20150221/img/fakeshadows/torchShadows_sm.jpg" [1]
2015-02-21 18:29:51 URL:http://shoresofnis.com/post.php?postID=5 [3506/3506] -> "shoresofnis.com_20150221/post.php?postID=5.html" [1]
2015-02-21 18:29:51 URL:http://shoresofnis.com/post.php?postID=3 [10194/10194] -> "shoresofnis.com_20150221/post.php?postID=3.html" [1]
2015-02-21 18:29:51 URL:http://shoresofnis.com/post.php?postID=2 [11994/11994] -> "shoresofnis.com_20150221/post.php?postID=2.html" [1]
http://shoresofnis.com/necros/gtkrq1/quake1.zip:
2015-02-21 18:29:51 ERROR 404: Not Found.
2015-02-21 18:29:52 URL:http://shoresofnis.com/img/fakeshadows/torchShadows3.jpg [54886/54886] -> "shoresofnis.com_20150221/img/fakeshadows/torchShadows3.jpg" [1]
2015-02-21 18:29:52 URL:http://shoresofnis.com/img/fakeshadows/torchShadows2.jpg [31464/31464] -> "shoresofnis.com_20150221/img/fakeshadows/torchShadows2.jpg" [1]
2015-02-21 18:29:52 URL:http://shoresofnis.com/img/fakeshadows/torchShadows2_sm.jpg [5301/5301] -> "shoresofnis.com_20150221/img/fakeshadows/torchShadows2_sm.jpg" [1]
2015-02-21 18:29:52 URL:http://shoresofnis.com/img/q1weapons/axe.jpg [23294/23294] -> "shoresofnis.com_20150221/img/q1weapons/axe.jpg" [1]
2015-02-21 18:29:52 URL:http://shoresofnis.com/img/q1weapons/sg.jpg [17103/17103] -> "shoresofnis.com_20150221/img/q1weapons/sg.jpg" [1]
2015-02-21 18:29:52 URL:http://shoresofnis.com/img/q1weapons/ssg.jpg [20922/20922] -> "shoresofnis.com_20150221/img/q1weapons/ssg.jpg" [1]
2015-02-21 18:29:52 URL:http://shoresofnis.com/img/q1weapons/ng.jpg [23068/23068] -> "shoresofnis.com_20150221/img/q1weapons/ng.jpg" [1]
2015-02-21 18:29:53 URL:http://shoresofnis.com/img/q1weapons/sng.jpg [23582/23582] -> "shoresofnis.com_20150221/img/q1weapons/sng.jpg" [1]
2015-02-21 18:29:53 URL:http://shoresofnis.com/img/q1weapons/gl.jpg [26788/26788] -> "shoresofnis.com_20150221/img/q1weapons/gl.jpg" [1]
2015-02-21 18:29:53 URL:http://shoresofnis.com/img/q1weapons/rl.jpg [25397/25397] -> "shoresofnis.com_20150221/img/q1weapons/rl.jpg" [1]
2015-02-21 18:29:53 URL:http://shoresofnis.com/img/q1weapons/lg.jpg [25520/25520] -> "shoresofnis.com_20150221/img/q1weapons/lg.jpg" [1]
FINISHED --2015-02-21 18:29:53--
Total wall clock time: 1m 42s
Downloaded: 58 files, 115M in 1m 28s (1.31 MB/s)
