2014-11-27 19:56:04 URL:http://simonschreibt.de/ [55234] -> "simonschreibt.de_20141127/index.html" [1]
2014-11-27 19:56:04 URL:http://simonschreibt.de/wp-content/themes/twentytwelve-dark/js/simonsjavascript.js [1219/1219] -> "simonschreibt.de_20141127/wp-content/themes/twentytwelve-dark/js/simonsjavascript.js" [1]
2014-11-27 19:56:16 URL:http://simonschreibt.de/xmlrpc.php [42/42] -> "simonschreibt.de_20141127/xmlrpc.php" [1]
2014-11-27 19:56:17 URL:http://simonschreibt.de/feed/ [426799] -> "simonschreibt.de_20141127/feed/index.html" [1]
2014-11-27 19:56:42 URL:http://simonschreibt.de/comments/feed/ [240938] -> "simonschreibt.de_20141127/comments/feed/index.html" [1]
2014-11-27 19:56:42 URL:http://simonschreibt.de/wp-content/plugins/jquery-collapse-o-matic/dark_style.css?ver=1.6 [997/997] -> "simonschreibt.de_20141127/wp-content/plugins/jquery-collapse-o-matic/dark_style.css?ver=1.6.css" [1]
2014-11-27 19:56:42 URL:http://simonschreibt.de/wp-content/plugins/my-twitter-widget/css/mtw-style.css?ver=4.0.1 [1777/1777] -> "simonschreibt.de_20141127/wp-content/plugins/my-twitter-widget/css/mtw-style.css?ver=4.0.1.css" [1]
2014-11-27 19:56:42 URL:http://simonschreibt.de/wp-content/themes/twentytwelve-dark/style.css?ver=4.0.1 [13408/13408] -> "simonschreibt.de_20141127/wp-content/themes/twentytwelve-dark/style.css?ver=4.0.1.css" [1]
2014-11-27 19:56:43 URL:http://simonschreibt.de/wp-includes/js/jquery/jquery.js?ver=1.11.1 [95807/95807] -> "simonschreibt.de_20141127/wp-includes/js/jquery/jquery.js?ver=1.11.1" [1]
2014-11-27 19:56:43 URL:http://simonschreibt.de/wp-includes/js/jquery/jquery-migrate.min.js?ver=1.2.1 [7200/7200] -> "simonschreibt.de_20141127/wp-includes/js/jquery/jquery-migrate.min.js?ver=1.2.1" [1]
2014-11-27 19:56:47 URL:http://simonschreibt.de/xmlrpc.php?rsd [733/733] -> "simonschreibt.de_20141127/xmlrpc.php?rsd" [1]
2014-11-27 19:56:47 URL:http://simonschreibt.de/wp-includes/wlwmanifest.xml [1045/1045] -> "simonschreibt.de_20141127/wp-includes/wlwmanifest.xml" [1]
2014-11-27 19:56:47 URL:http://simonschreibt.de/wp-content/uploads/2013/09/blog_icon_fav1.gif [650/650] -> "simonschreibt.de_20141127/wp-content/uploads/2013/09/blog_icon_fav1.gif" [1]
2014-11-27 19:56:47 URL:http://simonschreibt.de/wp-content/uploads/2014/11/header.jpg [59033/59033] -> "simonschreibt.de_20141127/wp-content/uploads/2014/11/header.jpg" [1]
2014-11-27 19:56:48 URL:http://simonschreibt.de/game-art-tricks/ [31333] -> "simonschreibt.de_20141127/game-art-tricks/index.html" [1]
2014-11-27 19:56:48 URL:http://simonschreibt.de/game-design-tricks/ [17118] -> "simonschreibt.de_20141127/game-design-tricks/index.html" [1]
2014-11-27 19:56:58 URL:http://simonschreibt.de/imprint/ [6645] -> "simonschreibt.de_20141127/imprint/index.html" [1]
2014-11-27 19:57:01 URL:http://simonschreibt.de/game-art-tricks/ [31333] -> "simonschreibt.de_20141127/game-art-tricks.1.html" [1]
2014-11-27 19:57:02 URL:http://simonschreibt.de/gat/zelda-wind-waker-hyrule-travel-guide/ [60586] -> "simonschreibt.de_20141127/gat/zelda-wind-waker-hyrule-travel-guide/index.html" [1]
2014-11-27 19:57:02 URL:http://simonschreibt.de/supportsimon/ [18553] -> "simonschreibt.de_20141127/supportsimon/index.html" [1]
2014-11-27 19:57:02 URL:http://simonschreibt.de/gat/renderhell/ [128518] -> "simonschreibt.de_20141127/gat/renderhell/index.html" [1]
2014-11-27 19:57:10 URL:http://simonschreibt.de/category/gat/ [7481] -> "simonschreibt.de_20141127/category/gat/index.html" [1]
2014-11-27 19:57:12 URL:http://simonschreibt.de/tag/hyrule/ [7432] -> "simonschreibt.de_20141127/tag/hyrule/index.html" [1]
2014-11-27 19:57:14 URL:http://simonschreibt.de/tag/warby/ [7426] -> "simonschreibt.de_20141127/tag/warby/index.html" [1]
2014-11-27 19:57:17 URL:http://simonschreibt.de/tag/wind-waker/ [7451] -> "simonschreibt.de_20141127/tag/wind-waker/index.html" [1]
2014-11-27 19:57:21 URL:http://simonschreibt.de/tag/zelda/ [7426] -> "simonschreibt.de_20141127/tag/zelda/index.html" [1]
2014-11-27 19:57:22 URL:http://simonschreibt.de/author/simon/ [7857] -> "simonschreibt.de_20141127/author/simon/index.html" [1]
2014-11-27 19:57:24 URL:http://simonschreibt.de/page/2/ [7006] -> "simonschreibt.de_20141127/page/2/index.html" [1]
2014-11-27 19:57:26 URL:http://simonschreibt.de/supportsimon/ [18553] -> "simonschreibt.de_20141127/supportsimon.1.html" [1]
2014-11-27 19:57:29 URL:http://simonschreibt.de/wp-login.php [3946/3946] -> "simonschreibt.de_20141127/wp-login.php.html" [1]
2014-11-27 19:57:29 URL:http://simonschreibt.de/wp-content/plugins/wp-slimstat/wp-slimstat.js [9664/9664] -> "simonschreibt.de_20141127/wp-content/plugins/wp-slimstat/wp-slimstat.js" [1]
2014-11-27 19:57:29 URL:http://simonschreibt.de/wp-content/plugins/jquery-collapse-o-matic/js/collapse.js?ver=1.5.12 [15789/15789] -> "simonschreibt.de_20141127/wp-content/plugins/jquery-collapse-o-matic/js/collapse.js?ver=1.5.12" [1]
2014-11-27 19:57:29 URL:http://simonschreibt.de/wp-content/themes/twentytwelve/js/navigation.js?ver=1.0 [863/863] -> "simonschreibt.de_20141127/wp-content/themes/twentytwelve/js/navigation.js?ver=1.0" [1]
2014-11-27 19:57:29 URL:http://simonschreibt.de/wp-content/plugins/jquery-collapse-o-matic/images/arrow-down-dark.png [1096/1096] -> "simonschreibt.de_20141127/wp-content/plugins/jquery-collapse-o-matic/images/arrow-down-dark.png" [1]
2014-11-27 19:57:29 URL:http://simonschreibt.de/wp-content/plugins/jquery-collapse-o-matic/images/arrow-up-dark.png [1095/1095] -> "simonschreibt.de_20141127/wp-content/plugins/jquery-collapse-o-matic/images/arrow-up-dark.png" [1]
2014-11-27 19:57:29 URL:http://simonschreibt.de/wp-content/themes/twentytwelve/style.css [35292/35292] -> "simonschreibt.de_20141127/wp-content/themes/twentytwelve/style.css" [1]
2014-11-27 19:57:31 URL:http://simonschreibt.de/game-art-tricks/feed/ [840] -> "simonschreibt.de_20141127/game-art-tricks/feed/index.html" [1]
2014-11-27 19:57:32 URL:http://simonschreibt.de/game-art-tricks/ [31333] -> "simonschreibt.de_20141127/index.html?p=13.html" [1]
2014-11-27 19:57:35 URL:http://simonschreibt.de/gat/fallout-3-edges/ [7487] -> "simonschreibt.de_20141127/gat/fallout-3-edges.html" [1]
2014-11-27 19:57:37 URL:http://simonschreibt.de/gat/teleglitch-viewcones/ [40950] -> "simonschreibt.de_20141127/gat/teleglitch-viewcones.html" [1]
2014-11-27 19:57:40 URL:http://simonschreibt.de/gat/teleglitch-rgb-flickering/ [29917] -> "simonschreibt.de_20141127/gat/teleglitch-rgb-flickering.html" [1]
2014-11-27 19:57:45 URL:http://simonschreibt.de/gat/diablo-3-trees/ [7577] -> "simonschreibt.de_20141127/gat/diablo-3-trees.html" [1]
2014-11-27 19:57:48 URL:http://simonschreibt.de/gat/warcraft-3-billboards/ [7654] -> "simonschreibt.de_20141127/gat/warcraft-3-billboards.html" [1]
2014-11-27 19:57:51 URL:http://simonschreibt.de/gat/divine-divinity-2d-reflexion/ [7688] -> "simonschreibt.de_20141127/gat/divine-divinity-2d-reflexion.html" [1]
2014-11-27 19:57:54 URL:http://simonschreibt.de/gat/cell-shading/ [7502] -> "simonschreibt.de_20141127/gat/cell-shading.html" [1]
2014-11-27 19:57:56 URL:http://simonschreibt.de/gat/deus-ex-occlusion/ [7558] -> "simonschreibt.de_20141127/gat/deus-ex-occlusion.html" [1]
2014-11-27 19:57:59 URL:http://simonschreibt.de/gat/deus-ex-3-folds/ [7554] -> "simonschreibt.de_20141127/gat/deus-ex-3-folds.html" [1]
2014-11-27 19:58:10 URL:http://simonschreibt.de/gat/deus-ex-scanlines/ [7579] -> "simonschreibt.de_20141127/gat/deus-ex-scanlines.html" [1]
2014-11-27 19:58:20 URL:http://simonschreibt.de/gat/world-of-warcraft-balloon/ [7670] -> "simonschreibt.de_20141127/gat/world-of-warcraft-balloon.html" [1]
2014-11-27 19:58:24 URL:http://simonschreibt.de/gat/assassins-creed-3-windows/ [7661] -> "simonschreibt.de_20141127/gat/assassins-creed-3-windows.html" [1]
2014-11-27 19:58:31 URL:http://simonschreibt.de/gat/assassins-creed-3-lod-blending/ [7710] -> "simonschreibt.de_20141127/gat/assassins-creed-3-lod-blending.html" [1]
2014-11-27 19:58:42 URL:http://simonschreibt.de/gat/kid-icarus-tricks/ [7598] -> "simonschreibt.de_20141127/gat/kid-icarus-tricks.html" [1]
2014-11-27 19:58:57 URL:http://simonschreibt.de/gat/left-4-dead-2-puke/ [7644] -> "simonschreibt.de_20141127/gat/left-4-dead-2-puke.html" [1]
2014-11-27 19:59:10 URL:http://simonschreibt.de/gat/sacred-2-crystal-reflexion/ [7679] -> "simonschreibt.de_20141127/gat/sacred-2-crystal-reflexion.html" [1]
2014-11-27 19:59:25 URL:http://simonschreibt.de/gat/sacred-2-pulse-shader/ [7681] -> "simonschreibt.de_20141127/gat/sacred-2-pulse-shader.html" [1]
2014-11-27 19:59:28 URL:http://simonschreibt.de/gat/battlefield-bad-company-2-smoke-column/ [7785] -> "simonschreibt.de_20141127/gat/battlefield-bad-company-2-smoke-column.html" [1]
2014-11-27 19:59:30 URL:http://simonschreibt.de/gat/battlefield-2-flag-sound/ [7686] -> "simonschreibt.de_20141127/gat/battlefield-2-flag-sound.html" [1]
2014-11-27 19:59:35 URL:http://simonschreibt.de/gat/sacred-2-burning-map/ [7644] -> "simonschreibt.de_20141127/gat/sacred-2-burning-map.html" [1]
2014-11-27 19:59:38 URL:http://simonschreibt.de/gat/assassins-creed-3-bouncing-light/ [7715] -> "simonschreibt.de_20141127/gat/assassins-creed-3-bouncing-light.html" [1]
2014-11-27 19:59:41 URL:http://simonschreibt.de/gat/airborn-trees/ [7577] -> "simonschreibt.de_20141127/gat/airborn-trees.html" [1]
2014-11-27 19:59:45 URL:http://simonschreibt.de/gat/1943-retro-shadows/ [7602] -> "simonschreibt.de_20141127/gat/1943-retro-shadows.html" [1]
2014-11-27 19:59:49 URL:http://simonschreibt.de/gat/metal-gear-rising-slicing/ [7695] -> "simonschreibt.de_20141127/gat/metal-gear-rising-slicing.html" [1]
2014-11-27 19:59:50 URL:http://simonschreibt.de/gat/dead-space-3-diffuse-reflections/ [7761] -> "simonschreibt.de_20141127/gat/dead-space-3-diffuse-reflections.html" [1]
2014-11-27 19:59:52 URL:http://simonschreibt.de/gat/homeworld-2-backgrounds/ [7688] -> "simonschreibt.de_20141127/gat/homeworld-2-backgrounds.html" [1]
2014-11-27 19:59:54 URL:http://simonschreibt.de/gat/homeworld-2-backgrounds-tech/ [7712] -> "simonschreibt.de_20141127/gat/homeworld-2-backgrounds-tech/index.html" [1]
2014-11-27 19:59:56 URL:http://simonschreibt.de/gat/diablo-3-resource-bubbles/ [7688] -> "simonschreibt.de_20141127/gat/diablo-3-resource-bubbles.html" [1]
2014-11-27 19:59:58 URL:http://simonschreibt.de/gat/007-legends-the-world/ [7627] -> "simonschreibt.de_20141127/gat/007-legends-the-world/index.html" [1]
2014-11-27 20:00:00 URL:http://simonschreibt.de/gat/homeworld-2-engines/ [7618] -> "simonschreibt.de_20141127/gat/homeworld-2-engines.html" [1]
2014-11-27 20:00:02 URL:http://simonschreibt.de/gat/homeworld-2-hyperspace/ [7635] -> "simonschreibt.de_20141127/gat/homeworld-2-hyperspace.html" [1]
2014-11-27 20:00:07 URL:http://simonschreibt.de/gat/bioshock-glossiness/ [7624] -> "simonschreibt.de_20141127/gat/bioshock-glossiness.html" [1]
2014-11-27 20:00:11 URL:http://simonschreibt.de/gat/starcraft-2-localization/ [7690] -> "simonschreibt.de_20141127/gat/starcraft-2-localization.html" [1]
2014-11-27 20:00:15 URL:http://simonschreibt.de/gat/doom-3-volumetric-glow/ [7629] -> "simonschreibt.de_20141127/gat/doom-3-volumetric-glow.html" [1]
2014-11-27 20:01:19 URL:http://simonschreibt.de/gat/gat-doom-3-hdui/ [7538] -> "simonschreibt.de_20141127/gat/doom-3-hdui.html" [1]
No data received.
2014-11-27 20:03:50 URL:http://simonschreibt.de/gat/scribble-cel/ [7496] -> "simonschreibt.de_20141127/gat/scribble-cel.html" [2]
2014-11-27 20:03:53 URL:http://simonschreibt.de/gat/lego-batman-crawler/ [7591] -> "simonschreibt.de_20141127/gat/lego-batman-crawler.html" [1]
2014-11-27 20:03:56 URL:http://simonschreibt.de/gat/dungeon-keeper-2-walls/ [7616] -> "simonschreibt.de_20141127/gat/dungeon-keeper-2-walls.html" [1]
2014-11-27 20:04:02 URL:http://simonschreibt.de/gat/lego-studs/ [7561] -> "simonschreibt.de_20141127/gat/lego-studs.html" [1]
2014-11-27 20:04:05 URL:http://simonschreibt.de/gat/1nsane-carpet-2-repetitive-worlds/ [7721] -> "simonschreibt.de_20141127/gat/1nsane-carpet-2-repetitive-worlds.html" [1]
2014-11-27 20:04:10 URL:http://simonschreibt.de/gat/binding-of-isaac-composition/ [7743] -> "simonschreibt.de_20141127/gat/binding-of-isaac-composition.html" [1]
2014-11-27 20:04:13 URL:http://simonschreibt.de/gat/company-of-heroes-shaded-smoke/ [7740] -> "simonschreibt.de_20141127/gat/company-of-heroes-shaded-smoke.html" [1]
2014-11-27 20:04:14 URL:http://simonschreibt.de/gat/company-of-heroes-flamethrower/ [46506] -> "simonschreibt.de_20141127/gat/company-of-heroes-flamethrower.html" [1]
2014-11-27 20:04:18 URL:http://simonschreibt.de/gat/world-of-torch-siege-blended-trunks/ [7800] -> "simonschreibt.de_20141127/gat/world-of-torch-siege-blended-trunks.html" [1]
2014-11-27 20:04:20 URL:http://simonschreibt.de/gat/oblivion-territory-tree-vs-palm/ [7789] -> "simonschreibt.de_20141127/gat/oblivion-territory-tree-vs-palm.html" [1]
2014-11-27 20:04:22 URL:http://simonschreibt.de/gat/handmade-normal-maps/ [7630] -> "simonschreibt.de_20141127/gat/handmade-normal-maps.html" [1]
2014-11-27 20:04:24 URL:http://simonschreibt.de/gat/tomb-raider-laras-hot-secrets/ [7696] -> "simonschreibt.de_20141127/gat/tomb-raider-laras-hot-secrets.html" [1]
2014-11-27 20:04:26 URL:http://simonschreibt.de/gat/dont-starve-diablo-parallax-7/ [7757] -> "simonschreibt.de_20141127/gat/dont-starve-diablo-parallax-7.html" [1]
2014-11-27 20:04:28 URL:http://simonschreibt.de/gat/windows-ac-row-ininite/ [7652] -> "simonschreibt.de_20141127/gat/windows-ac-row-ininite.html" [1]
2014-11-27 20:04:29 URL:http://simonschreibt.de/gat/renderhell/ [128518] -> "simonschreibt.de_20141127/gat/renderhell.1.html" [1]
2014-11-27 20:04:29 URL:http://simonschreibt.de/wp-content/plugins/si-captcha-for-wordpress/captcha/securimage_show.php?si_form_id=com&prefix=AG8FDTcLIg0T3Ntt [6486/6486] -> "simonschreibt.de_20141127/wp-content/plugins/si-captcha-for-wordpress/captcha/securimage_show.php?si_form_id=com&prefix=AG8FDTcLIg0T3Ntt" [1]
2014-11-27 20:04:29 URL:http://simonschreibt.de/wp-content/plugins/si-captcha-for-wordpress/captcha/images/refresh.png [1106/1106] -> "simonschreibt.de_20141127/wp-content/plugins/si-captcha-for-wordpress/captcha/images/refresh.png" [1]
2014-11-27 20:04:29 URL:http://simonschreibt.de/wp-content/plugins/si-captcha-for-wordpress/captcha/si_captcha.js?ver=1.0 [685/685] -> "simonschreibt.de_20141127/wp-content/plugins/si-captcha-for-wordpress/captcha/si_captcha.js?ver=1.0" [1]
2014-11-27 20:04:29 URL:http://simonschreibt.de/wp-content/plugins/akismet/_inc/form.js?ver=3.0.3 [700/700] -> "simonschreibt.de_20141127/wp-content/plugins/akismet/_inc/form.js?ver=3.0.3" [1]
2014-11-27 20:04:29 URL:http://simonschreibt.de/wp-includes/js/comment-reply.min.js?ver=4.0.1 [757/757] -> "simonschreibt.de_20141127/wp-includes/js/comment-reply.min.js?ver=4.0.1" [1]
2014-11-27 20:04:30 URL:http://simonschreibt.de/game-design-tricks/feed/ [846] -> "simonschreibt.de_20141127/game-design-tricks/feed/index.html" [1]
2014-11-27 20:04:31 URL:http://simonschreibt.de/game-design-tricks/ [17118] -> "simonschreibt.de_20141127/index.html?p=522.html" [1]
2014-11-27 20:04:33 URL:http://simonschreibt.de/gdt/super-hot-turn-based-action/ [7745] -> "simonschreibt.de_20141127/gdt/super-hot-turn-based-action.html" [1]
2014-11-27 20:04:35 URL:http://simonschreibt.de/gdt/sacred-2-floating-point-numbers/ [7716] -> "simonschreibt.de_20141127/gdt/sacred-2-floating-point-numbers.html" [1]
2014-11-27 20:04:37 URL:http://simonschreibt.de/gdt/prey-evil-buttons/ [7640] -> "simonschreibt.de_20141127/gdt/prey-evil-buttons.html" [1]
2014-11-27 20:04:37 URL:http://simonschreibt.de/wp-content/plugins/si-captcha-for-wordpress/captcha/securimage_show.php?si_form_id=com&prefix=EIz4guIKz54GV6q6 [10239] -> "simonschreibt.de_20141127/wp-content/plugins/si-captcha-for-wordpress/captcha/securimage_show.php?si_form_id=com&prefix=EIz4guIKz54GV6q6" [1]
2014-11-27 20:04:40 URL:http://simonschreibt.de/imprint/ [6645] -> "simonschreibt.de_20141127/index.html?p=15.html" [1]
2014-11-27 20:04:41 URL:http://simonschreibt.de/gat/zelda-wind-waker-hyrule-travel-guide/feed/ [936] -> "simonschreibt.de_20141127/gat/zelda-wind-waker-hyrule-travel-guide/feed/index.html" [1]
2014-11-27 20:04:41 URL:http://simonschreibt.de/gat/zelda-wind-waker-hyrule-travel-guide/ [60586] -> "simonschreibt.de_20141127/index.html?p=1555.html" [1]
2014-11-27 20:04:42 URL:http://simonschreibt.de/wp-content/plugins/si-captcha-for-wordpress/captcha/securimage_show.php?si_form_id=com&prefix=CMgd4XJ9MMBTNFsy [10351] -> "simonschreibt.de_20141127/wp-content/plugins/si-captcha-for-wordpress/captcha/securimage_show.php?si_form_id=com&prefix=CMgd4XJ9MMBTNFsy" [1]
2014-11-27 20:04:42 URL:http://simonschreibt.de/supportsimon/feed/ [835] -> "simonschreibt.de_20141127/supportsimon/feed/index.html" [1]
2014-11-27 20:04:43 URL:http://simonschreibt.de/supportsimon/ [18553] -> "simonschreibt.de_20141127/index.html?p=2264.html" [1]
2014-11-27 20:04:44 URL:http://simonschreibt.de/wp-content/plugins/si-captcha-for-wordpress/captcha/securimage_show.php?si_form_id=com&prefix=tvKrHuwAW3z719Mq [8666] -> "simonschreibt.de_20141127/wp-content/plugins/si-captcha-for-wordpress/captcha/securimage_show.php?si_form_id=com&prefix=tvKrHuwAW3z719Mq" [1]
2014-11-27 20:04:44 URL:http://simonschreibt.de/gat/renderhell/feed/ [51823] -> "simonschreibt.de_20141127/gat/renderhell/feed/index.html" [1]
2014-11-27 20:04:45 URL:http://simonschreibt.de/gat/renderhell/ [128518] -> "simonschreibt.de_20141127/index.html?p=2032.html" [1]
2014-11-27 20:04:45 URL:http://simonschreibt.de/wp-includes/images/smilies/icon_smile.gif [174/174] -> "simonschreibt.de_20141127/wp-includes/images/smilies/icon_smile.gif" [1]
2014-11-27 20:04:47 URL:http://simonschreibt.de/tag/draw-call/ [7301] -> "simonschreibt.de_20141127/tag/draw-call/index.html" [1]
2014-11-27 20:04:48 URL:http://simonschreibt.de/tag/render-state/ [7316] -> "simonschreibt.de_20141127/tag/render-state/index.html" [1]
2014-11-27 20:04:49 URL:http://simonschreibt.de/tag/rendering/ [7301] -> "simonschreibt.de_20141127/tag/rendering/index.html" [1]
2014-11-27 20:04:51 URL:http://simonschreibt.de/gat/renderhell/?replytocom=468 [7630] -> "simonschreibt.de_20141127/gat/renderhell/index.html?replytocom=468.html" [1]
2014-11-27 20:04:51 URL:http://simonschreibt.de/wp-content/uploads/2013/09/Simon_avatar_1379624104-44x44.jpg [32597/32597] -> "simonschreibt.de_20141127/wp-content/uploads/2013/09/Simon_avatar_1379624104-44x44.jpg" [1]
2014-11-27 20:04:53 URL:http://simonschreibt.de/gat/renderhell/?replytocom=476 [7630] -> "simonschreibt.de_20141127/gat/renderhell/index.html?replytocom=476.html" [1]
2014-11-27 20:04:54 URL:http://simonschreibt.de/gat/renderhell/?replytocom=485 [7630] -> "simonschreibt.de_20141127/gat/renderhell/index.html?replytocom=485.html" [1]
2014-11-27 20:04:56 URL:http://simonschreibt.de/gat/renderhell/?replytocom=493 [7630] -> "simonschreibt.de_20141127/gat/renderhell/index.html?replytocom=493.html" [1]
2014-11-27 20:04:58 URL:http://simonschreibt.de/gat/renderhell/?replytocom=502 [7630] -> "simonschreibt.de_20141127/gat/renderhell/index.html?replytocom=502.html" [1]
2014-11-27 20:04:59 URL:http://simonschreibt.de/gat/renderhell/?replytocom=507 [7630] -> "simonschreibt.de_20141127/gat/renderhell/index.html?replytocom=507.html" [1]
2014-11-27 20:05:02 URL:http://simonschreibt.de/gat/renderhell/?replytocom=469 [7630] -> "simonschreibt.de_20141127/gat/renderhell/index.html?replytocom=469.html" [1]
2014-11-27 20:05:02 URL:http://simonschreibt.de/wp-includes/images/smilies/icon_biggrin.gif [172/172] -> "simonschreibt.de_20141127/wp-includes/images/smilies/icon_biggrin.gif" [1]
2014-11-27 20:05:04 URL:http://simonschreibt.de/gat/renderhell/?replytocom=477 [7630] -> "simonschreibt.de_20141127/gat/renderhell/index.html?replytocom=477.html" [1]
2014-11-27 20:05:06 URL:http://simonschreibt.de/gat/renderhell/?replytocom=470 [7630] -> "simonschreibt.de_20141127/gat/renderhell/index.html?replytocom=470.html" [1]
2014-11-27 20:05:07 URL:http://simonschreibt.de/gat/renderhell/?replytocom=478 [7630] -> "simonschreibt.de_20141127/gat/renderhell/index.html?replytocom=478.html" [1]
2014-11-27 20:05:08 URL:http://simonschreibt.de/gat/renderhell/?replytocom=474 [7630] -> "simonschreibt.de_20141127/gat/renderhell/index.html?replytocom=474.html" [1]
2014-11-27 20:05:12 URL:http://simonschreibt.de/gat/renderhell/?replytocom=479 [7630] -> "simonschreibt.de_20141127/gat/renderhell/index.html?replytocom=479.html" [1]
2014-11-27 20:05:13 URL:http://simonschreibt.de/gat/renderhell/?replytocom=475 [7630] -> "simonschreibt.de_20141127/gat/renderhell/index.html?replytocom=475.html" [1]
2014-11-27 20:05:15 URL:http://simonschreibt.de/gat/renderhell/?replytocom=480 [7630] -> "simonschreibt.de_20141127/gat/renderhell/index.html?replytocom=480.html" [1]
2014-11-27 20:05:15 URL:http://simonschreibt.de/wp-includes/images/smilies/icon_razz.gif [176/176] -> "simonschreibt.de_20141127/wp-includes/images/smilies/icon_razz.gif" [1]
2014-11-27 20:05:16 URL:http://simonschreibt.de/gat/renderhell/?replytocom=483 [7630] -> "simonschreibt.de_20141127/gat/renderhell/index.html?replytocom=483.html" [1]
2014-11-27 20:05:19 URL:http://simonschreibt.de/gat/renderhell/?replytocom=484 [7630] -> "simonschreibt.de_20141127/gat/renderhell/index.html?replytocom=484.html" [1]
2014-11-27 20:05:21 URL:http://simonschreibt.de/gat/renderhell/?replytocom=492 [7630] -> "simonschreibt.de_20141127/gat/renderhell/index.html?replytocom=492.html" [1]
2014-11-27 20:05:22 URL:http://simonschreibt.de/gat/renderhell/?replytocom=486 [7630] -> "simonschreibt.de_20141127/gat/renderhell/index.html?replytocom=486.html" [1]
2014-11-27 20:05:24 URL:http://simonschreibt.de/gat/renderhell/?replytocom=494 [7630] -> "simonschreibt.de_20141127/gat/renderhell/index.html?replytocom=494.html" [1]
2014-11-27 20:05:25 URL:http://simonschreibt.de/gat/renderhell/?replytocom=487 [7630] -> "simonschreibt.de_20141127/gat/renderhell/index.html?replytocom=487.html" [1]
2014-11-27 20:05:27 URL:http://simonschreibt.de/gat/renderhell/?replytocom=495 [7630] -> "simonschreibt.de_20141127/gat/renderhell/index.html?replytocom=495.html" [1]
2014-11-27 20:05:27 URL:http://simonschreibt.de/wp-includes/images/smilies/icon_sad.gif [171/171] -> "simonschreibt.de_20141127/wp-includes/images/smilies/icon_sad.gif" [1]
2014-11-27 20:05:28 URL:http://simonschreibt.de/gat/renderhell/?replytocom=488 [7630] -> "simonschreibt.de_20141127/gat/renderhell/index.html?replytocom=488.html" [1]
2014-11-27 20:05:29 URL:http://simonschreibt.de/gat/renderhell/?replytocom=496 [7630] -> "simonschreibt.de_20141127/gat/renderhell/index.html?replytocom=496.html" [1]
2014-11-27 20:05:31 URL:http://simonschreibt.de/gat/renderhell/?replytocom=489 [7630] -> "simonschreibt.de_20141127/gat/renderhell/index.html?replytocom=489.html" [1]
2014-11-27 20:05:32 URL:http://simonschreibt.de/gat/renderhell/?replytocom=497 [7630] -> "simonschreibt.de_20141127/gat/renderhell/index.html?replytocom=497.html" [1]
2014-11-27 20:05:34 URL:http://simonschreibt.de/gat/renderhell/?replytocom=490 [7630] -> "simonschreibt.de_20141127/gat/renderhell/index.html?replytocom=490.html" [1]
2014-11-27 20:05:35 URL:http://simonschreibt.de/gat/renderhell/?replytocom=498 [7630] -> "simonschreibt.de_20141127/gat/renderhell/index.html?replytocom=498.html" [1]
2014-11-27 20:05:36 URL:http://simonschreibt.de/gat/renderhell/?replytocom=491 [7630] -> "simonschreibt.de_20141127/gat/renderhell/index.html?replytocom=491.html" [1]
2014-11-27 20:05:38 URL:http://simonschreibt.de/gat/renderhell/?replytocom=499 [7630] -> "simonschreibt.de_20141127/gat/renderhell/index.html?replytocom=499.html" [1]
2014-11-27 20:05:39 URL:http://simonschreibt.de/gat/renderhell/?replytocom=500 [7630] -> "simonschreibt.de_20141127/gat/renderhell/index.html?replytocom=500.html" [1]
2014-11-27 20:05:42 URL:http://simonschreibt.de/gat/renderhell/?replytocom=501 [7630] -> "simonschreibt.de_20141127/gat/renderhell/index.html?replytocom=501.html" [1]
2014-11-27 20:05:44 URL:http://simonschreibt.de/gat/renderhell/?replytocom=506 [7630] -> "simonschreibt.de_20141127/gat/renderhell/index.html?replytocom=506.html" [1]
2014-11-27 20:05:46 URL:http://simonschreibt.de/gat/renderhell/?replytocom=510 [7630] -> "simonschreibt.de_20141127/gat/renderhell/index.html?replytocom=510.html" [1]
2014-11-27 20:05:47 URL:http://simonschreibt.de/gat/renderhell/?replytocom=511 [7630] -> "simonschreibt.de_20141127/gat/renderhell/index.html?replytocom=511.html" [1]
2014-11-27 20:05:49 URL:http://simonschreibt.de/gat/renderhell/?replytocom=512 [7630] -> "simonschreibt.de_20141127/gat/renderhell/index.html?replytocom=512.html" [1]
2014-11-27 20:05:51 URL:http://simonschreibt.de/gat/renderhell/?replytocom=515 [7630] -> "simonschreibt.de_20141127/gat/renderhell/index.html?replytocom=515.html" [1]
2014-11-27 20:05:52 URL:http://simonschreibt.de/gat/renderhell/?replytocom=524 [7630] -> "simonschreibt.de_20141127/gat/renderhell/index.html?replytocom=524.html" [1]
2014-11-27 20:05:55 URL:http://simonschreibt.de/gat/renderhell/?replytocom=525 [7630] -> "simonschreibt.de_20141127/gat/renderhell/index.html?replytocom=525.html" [1]
2014-11-27 20:05:57 URL:http://simonschreibt.de/gat/renderhell/?replytocom=532 [7630] -> "simonschreibt.de_20141127/gat/renderhell/index.html?replytocom=532.html" [1]
2014-11-27 20:05:58 URL:http://simonschreibt.de/gat/renderhell/?replytocom=533 [7630] -> "simonschreibt.de_20141127/gat/renderhell/index.html?replytocom=533.html" [1]
2014-11-27 20:06:00 URL:http://simonschreibt.de/gat/renderhell/?replytocom=535 [7630] -> "simonschreibt.de_20141127/gat/renderhell/index.html?replytocom=535.html" [1]
2014-11-27 20:06:02 URL:http://simonschreibt.de/gat/renderhell/?replytocom=534 [7630] -> "simonschreibt.de_20141127/gat/renderhell/index.html?replytocom=534.html" [1]
2014-11-27 20:06:06 URL:http://simonschreibt.de/gat/renderhell/?replytocom=536 [7630] -> "simonschreibt.de_20141127/gat/renderhell/index.html?replytocom=536.html" [1]
2014-11-27 20:06:06 URL:http://simonschreibt.de/wp-content/plugins/si-captcha-for-wordpress/captcha/securimage_show.php?si_form_id=com&prefix=fVOTW8f6Zgu6vgFx [10328] -> "simonschreibt.de_20141127/wp-content/plugins/si-captcha-for-wordpress/captcha/securimage_show.php?si_form_id=com&prefix=fVOTW8f6Zgu6vgFx" [1]
2014-11-27 20:06:07 URL:http://simonschreibt.de/category/gat/feed/ [1802] -> "simonschreibt.de_20141127/category/gat/feed/index.html" [1]
2014-11-27 20:06:09 URL:http://simonschreibt.de/tag/hyrule/feed/ [1791] -> "simonschreibt.de_20141127/tag/hyrule/feed/index.html" [1]
2014-11-27 20:06:10 URL:http://simonschreibt.de/tag/warby/feed/ [1789] -> "simonschreibt.de_20141127/tag/warby/feed/index.html" [1]
2014-11-27 20:06:13 URL:http://simonschreibt.de/tag/wind-waker/feed/ [1799] -> "simonschreibt.de_20141127/tag/wind-waker/feed/index.html" [1]
2014-11-27 20:06:16 URL:http://simonschreibt.de/tag/zelda/feed/ [1789] -> "simonschreibt.de_20141127/tag/zelda/feed/index.html" [1]
2014-11-27 20:06:17 URL:http://simonschreibt.de/author/simon/feed/ [1792] -> "simonschreibt.de_20141127/author/simon/feed/index.html" [1]
2014-11-27 20:06:19 URL:http://simonschreibt.de/author/simon/page/2/ [7850] -> "simonschreibt.de_20141127/author/simon/page/2/index.html" [1]
2014-11-27 20:06:19 URL:http://simonschreibt.de/wp-includes/css/buttons.min.css?ver=4.0.1 [5979/5979] -> "simonschreibt.de_20141127/wp-includes/css/buttons.min.css?ver=4.0.1.css" [1]
2014-11-27 20:06:19 URL:http://simonschreibt.de/wp-includes/css/dashicons.min.css?ver=4.0.1 [40450/40450] -> "simonschreibt.de_20141127/wp-includes/css/dashicons.min.css?ver=4.0.1.css" [1]
2014-11-27 20:06:19 URL:http://simonschreibt.de/wp-admin/css/login.min.css?ver=4.0.1 [18780/18780] -> "simonschreibt.de_20141127/wp-admin/css/login.min.css?ver=4.0.1.css" [1]
2014-11-27 20:06:19 URL:http://simonschreibt.de/wp-content/plugins/si-captcha-for-wordpress/captcha/si_captcha.js?ver=1417114649 [685/685] -> "simonschreibt.de_20141127/wp-content/plugins/si-captcha-for-wordpress/captcha/si_captcha.js?ver=1417114649" [1]
2014-11-27 20:06:20 URL:http://simonschreibt.de/wp-login.php?action=lostpassword [4845/4845] -> "simonschreibt.de_20141127/wp-login.php?action=lostpassword.html" [1]
2014-11-27 20:06:21 URL:http://simonschreibt.de/gat/fallout-3-edges/feed/ [873] -> "simonschreibt.de_20141127/gat/fallout-3-edges/feed/index.html" [1]
2014-11-27 20:06:23 URL:http://simonschreibt.de/gat/fallout-3-edges/ [7487] -> "simonschreibt.de_20141127/index.html?p=67.html" [1]
2014-11-27 20:06:24 URL:http://simonschreibt.de/gat/teleglitch-rgb-flickering/feed/ [6900] -> "simonschreibt.de_20141127/gat/teleglitch-rgb-flickering/feed/index.html" [1]
2014-11-27 20:06:25 URL:http://simonschreibt.de/gat/teleglitch-rgb-flickering/ [29917] -> "simonschreibt.de_20141127/index.html?p=65.html" [1]
2014-11-27 20:06:26 URL:http://simonschreibt.de/gat/teleglitch-rgb-flickering/?replytocom=8 [7667] -> "simonschreibt.de_20141127/gat/teleglitch-rgb-flickering/index.html?replytocom=8.html" [1]
2014-11-27 20:06:28 URL:http://simonschreibt.de/gat/teleglitch-rgb-flickering/?replytocom=249 [7667] -> "simonschreibt.de_20141127/gat/teleglitch-rgb-flickering/index.html?replytocom=249.html" [1]
2014-11-27 20:06:30 URL:http://simonschreibt.de/gat/teleglitch-rgb-flickering/?replytocom=10 [7667] -> "simonschreibt.de_20141127/gat/teleglitch-rgb-flickering/index.html?replytocom=10.html" [1]
2014-11-27 20:06:31 URL:http://simonschreibt.de/gat/teleglitch-rgb-flickering/?replytocom=18 [7667] -> "simonschreibt.de_20141127/gat/teleglitch-rgb-flickering/index.html?replytocom=18.html" [1]
2014-11-27 20:06:33 URL:http://simonschreibt.de/gat/teleglitch-rgb-flickering/?replytocom=76 [7667] -> "simonschreibt.de_20141127/gat/teleglitch-rgb-flickering/index.html?replytocom=76.html" [1]
2014-11-27 20:06:34 URL:http://simonschreibt.de/gat/teleglitch-rgb-flickering/?replytocom=77 [7667] -> "simonschreibt.de_20141127/gat/teleglitch-rgb-flickering/index.html?replytocom=77.html" [1]
2014-11-27 20:06:35 URL:http://simonschreibt.de/gat/teleglitch-rgb-flickering/?replytocom=329 [7667] -> "simonschreibt.de_20141127/gat/teleglitch-rgb-flickering/index.html?replytocom=329.html" [1]
2014-11-27 20:06:36 URL:http://simonschreibt.de/gat/teleglitch-rgb-flickering/?replytocom=330 [7667] -> "simonschreibt.de_20141127/gat/teleglitch-rgb-flickering/index.html?replytocom=330.html" [1]
2014-11-27 20:06:37 URL:http://simonschreibt.de/wp-content/plugins/si-captcha-for-wordpress/captcha/securimage_show.php?si_form_id=com&prefix=QXMeJ80aZVh3otPP [6743/6743] -> "simonschreibt.de_20141127/wp-content/plugins/si-captcha-for-wordpress/captcha/securimage_show.php?si_form_id=com&prefix=QXMeJ80aZVh3otPP" [1]
2014-11-27 20:06:37 URL:http://simonschreibt.de/gat/warcraft-3-billboards/feed/ [891] -> "simonschreibt.de_20141127/gat/warcraft-3-billboards/feed/index.html" [1]
2014-11-27 20:06:40 URL:http://simonschreibt.de/gat/warcraft-3-billboards/ [7654] -> "simonschreibt.de_20141127/index.html?p=63.html" [1]
2014-11-27 20:06:40 URL:http://simonschreibt.de/gat/cell-shading/feed/ [21515] -> "simonschreibt.de_20141127/gat/cell-shading/feed/index.html" [1]
2014-11-27 20:06:42 URL:http://simonschreibt.de/gat/cell-shading/ [7502] -> "simonschreibt.de_20141127/index.html?p=61.html" [1]
2014-11-27 20:06:43 URL:http://simonschreibt.de/gat/deus-ex-3-folds/feed/ [9897] -> "simonschreibt.de_20141127/gat/deus-ex-3-folds/feed/index.html" [1]
2014-11-27 20:06:45 URL:http://simonschreibt.de/gat/deus-ex-3-folds/ [7554] -> "simonschreibt.de_20141127/index.html?p=59.html" [1]
2014-11-27 20:06:46 URL:http://simonschreibt.de/gat/world-of-warcraft-balloon/feed/ [17528] -> "simonschreibt.de_20141127/gat/world-of-warcraft-balloon/feed/index.html" [1]
2014-11-27 20:06:48 URL:http://simonschreibt.de/gat/world-of-warcraft-balloon/ [7670] -> "simonschreibt.de_20141127/index.html?p=57.html" [1]
2014-11-27 20:06:49 URL:http://simonschreibt.de/gat/assassins-creed-3-lod-blending/feed/ [34471] -> "simonschreibt.de_20141127/gat/assassins-creed-3-lod-blending/feed/index.html" [1]
2014-11-27 20:06:51 URL:http://simonschreibt.de/gat/assassins-creed-3-lod-blending/ [7710] -> "simonschreibt.de_20141127/index.html?p=55.html" [1]
2014-11-27 20:06:52 URL:http://simonschreibt.de/gat/left-4-dead-2-puke/feed/ [882] -> "simonschreibt.de_20141127/gat/left-4-dead-2-puke/feed/index.html" [1]
2014-11-27 20:06:55 URL:http://simonschreibt.de/gat/left-4-dead-2-puke/ [7644] -> "simonschreibt.de_20141127/index.html?p=53.html" [1]
2014-11-27 20:06:56 URL:http://simonschreibt.de/gat/sacred-2-pulse-shader/feed/ [9850] -> "simonschreibt.de_20141127/gat/sacred-2-pulse-shader/feed/index.html" [1]
2014-11-27 20:06:58 URL:http://simonschreibt.de/gat/sacred-2-pulse-shader/ [7681] -> "simonschreibt.de_20141127/index.html?p=50.html" [1]
2014-11-27 20:06:59 URL:http://simonschreibt.de/gat/battlefield-2-flag-sound/feed/ [2538] -> "simonschreibt.de_20141127/gat/battlefield-2-flag-sound/feed/index.html" [1]
2014-11-27 20:07:02 URL:http://simonschreibt.de/gat/battlefield-2-flag-sound/ [7686] -> "simonschreibt.de_20141127/index.html?p=48.html" [1]
2014-11-27 20:07:02 URL:http://simonschreibt.de/gat/assassins-creed-3-bouncing-light/feed/ [17445] -> "simonschreibt.de_20141127/gat/assassins-creed-3-bouncing-light/feed/index.html" [1]
2014-11-27 20:07:04 URL:http://simonschreibt.de/gat/assassins-creed-3-bouncing-light/ [7715] -> "simonschreibt.de_20141127/index.html?p=46.html" [1]
2014-11-27 20:07:05 URL:http://simonschreibt.de/gat/1943-retro-shadows/feed/ [4794] -> "simonschreibt.de_20141127/gat/1943-retro-shadows/feed/index.html" [1]
2014-11-27 20:07:07 URL:http://simonschreibt.de/gat/1943-retro-shadows/ [7602] -> "simonschreibt.de_20141127/index.html?p=44.html" [1]
2014-11-27 20:07:11 URL:http://simonschreibt.de/gat/dead-space-3-diffuse-reflections/feed/ [11390] -> "simonschreibt.de_20141127/gat/dead-space-3-diffuse-reflections/feed/index.html" [1]
2014-11-27 20:07:15 URL:http://simonschreibt.de/gat/dead-space-3-diffuse-reflections/ [7761] -> "simonschreibt.de_20141127/index.html?p=42.html" [1]
2014-11-27 20:07:17 URL:http://simonschreibt.de/gat/homeworld-2-backgrounds-tech/feed/ [7120] -> "simonschreibt.de_20141127/gat/homeworld-2-backgrounds-tech/feed/index.html" [1]
2014-11-27 20:07:21 URL:http://simonschreibt.de/gat/homeworld-2-backgrounds-tech/ [7712] -> "simonschreibt.de_20141127/index.html?p=39.html" [1]
2014-11-27 20:07:22 URL:http://simonschreibt.de/gat/007-legends-the-world/feed/ [2710] -> "simonschreibt.de_20141127/gat/007-legends-the-world/feed/index.html" [1]
2014-11-27 20:07:23 URL:http://simonschreibt.de/gat/007-legends-the-world/ [7627] -> "simonschreibt.de_20141127/index.html?p=150.html" [1]
2014-11-27 20:07:24 URL:http://simonschreibt.de/gat/homeworld-2-hyperspace/feed/ [27794] -> "simonschreibt.de_20141127/gat/homeworld-2-hyperspace/feed/index.html" [1]
2014-11-27 20:07:26 URL:http://simonschreibt.de/gat/homeworld-2-hyperspace/ [7635] -> "simonschreibt.de_20141127/index.html?p=33.html" [1]
2014-11-27 20:07:27 URL:http://simonschreibt.de/gat/starcraft-2-localization/feed/ [900] -> "simonschreibt.de_20141127/gat/starcraft-2-localization/feed/index.html" [1]
2014-11-27 20:07:28 URL:http://simonschreibt.de/gat/doom-3-modding-notes/ [7639] -> "simonschreibt.de_20141127/gat/doom-3-modding-notes/index.html" [1]
2014-11-27 20:07:30 URL:http://simonschreibt.de/gat/starcraft-2-localization/ [7690] -> "simonschreibt.de_20141127/index.html?p=31.html" [1]
2014-11-27 20:07:31 URL:http://simonschreibt.de/gat/doom-3-volumetric-glow/feed/ [21802] -> "simonschreibt.de_20141127/gat/doom-3-volumetric-glow/feed/index.html" [1]
2014-11-27 20:07:33 URL:http://simonschreibt.de/gat/doom-3-volumetric-glow/ [7629] -> "simonschreibt.de_20141127/index.html?p=29.html" [1]
2014-11-27 20:07:34 URL:http://simonschreibt.de/gat/scribble-cel/feed/ [7193] -> "simonschreibt.de_20141127/gat/scribble-cel/feed/index.html" [1]
2014-11-27 20:07:37 URL:http://simonschreibt.de/gat/scribble-cel/ [7496] -> "simonschreibt.de_20141127/index.html?p=27.html" [1]
2014-11-27 20:07:38 URL:http://simonschreibt.de/gat/dungeon-keeper-2-walls/feed/ [27632] -> "simonschreibt.de_20141127/gat/dungeon-keeper-2-walls/feed/index.html" [1]
2014-11-27 20:07:41 URL:http://simonschreibt.de/gat/dungeon-keeper-2-walls/ [7616] -> "simonschreibt.de_20141127/index.html?p=25.html" [1]
2014-11-27 20:07:42 URL:http://simonschreibt.de/gat/1nsane-carpet-2-repetitive-worlds/feed/ [8466] -> "simonschreibt.de_20141127/gat/1nsane-carpet-2-repetitive-worlds/feed/index.html" [1]
2014-11-27 20:07:44 URL:http://simonschreibt.de/gat/1nsane-carpet-2-repetitive-worlds/ [7721] -> "simonschreibt.de_20141127/index.html?p=23.html" [1]
2014-11-27 20:07:46 URL:http://simonschreibt.de/gat/company-of-heroes-shaded-smoke/feed/ [11309] -> "simonschreibt.de_20141127/gat/company-of-heroes-shaded-smoke/feed/index.html" [1]
2014-11-27 20:07:48 URL:http://simonschreibt.de/gat/company-of-heroes-shaded-smoke/ [7740] -> "simonschreibt.de_20141127/index.html?p=21.html" [1]
2014-11-27 20:07:50 URL:http://simonschreibt.de/gat/world-of-torch-siege-blended-trunks/feed/ [933] -> "simonschreibt.de_20141127/gat/world-of-torch-siege-blended-trunks/feed/index.html" [1]
2014-11-27 20:07:55 URL:http://simonschreibt.de/gen/you-found-me/ [7306] -> "simonschreibt.de_20141127/gen/you-found-me/index.html" [1]
2014-11-27 20:08:00 URL:http://simonschreibt.de/gat/world-of-torch-siege-blended-trunks/ [7800] -> "simonschreibt.de_20141127/index.html?p=423.html" [1]
2014-11-27 20:08:01 URL:http://simonschreibt.de/gat/oblivion-territory-tree-vs-palm/feed/ [6695] -> "simonschreibt.de_20141127/gat/oblivion-territory-tree-vs-palm/feed/index.html" [1]
2014-11-27 20:08:11 URL:http://simonschreibt.de/gat/oblivion-territory-tree-vs-palm/ [7789] -> "simonschreibt.de_20141127/index.html?p=547.html" [1]
2014-11-27 20:08:16 URL:http://simonschreibt.de/gat/handmade-normal-maps/feed/ [7019] -> "simonschreibt.de_20141127/gat/handmade-normal-maps/feed/index.html" [1]
2014-11-27 20:08:19 URL:http://simonschreibt.de/gat/handmade-normal-maps/ [7630] -> "simonschreibt.de_20141127/index.html?p=659.html" [1]
2014-11-27 20:08:20 URL:http://simonschreibt.de/gat/dont-starve-diablo-parallax-7/feed/ [8402] -> "simonschreibt.de_20141127/gat/dont-starve-diablo-parallax-7/feed/index.html" [1]
2014-11-27 20:08:22 URL:http://simonschreibt.de/gat/dont-starve-diablo-parallax-7/ [44488] -> "simonschreibt.de_20141127/index.html?p=1080.html" [1]
2014-11-27 20:08:24 URL:http://simonschreibt.de/gat/windows-ac-row-ininite/feed/ [13619] -> "simonschreibt.de_20141127/gat/windows-ac-row-ininite/feed/index.html" [1]
2014-11-27 20:08:27 URL:http://simonschreibt.de/gat/windows-ac-row-ininite/ [7652] -> "simonschreibt.de_20141127/index.html?p=1276.html" [1]
2014-11-27 20:08:43 URL:http://simonschreibt.de/tag/draw-call/feed/ [1684] -> "simonschreibt.de_20141127/tag/draw-call/feed/index.html" [1]
2014-11-27 20:08:50 URL:http://simonschreibt.de/tag/render-state/feed/ [1690] -> "simonschreibt.de_20141127/tag/render-state/feed/index.html" [1]
2014-11-27 20:08:51 URL:http://simonschreibt.de/tag/rendering/feed/ [1684] -> "simonschreibt.de_20141127/tag/rendering/feed/index.html" [1]
2014-11-27 20:08:55 URL:http://simonschreibt.de/author/simon/page/3/ [7913] -> "simonschreibt.de_20141127/author/simon/page/3/index.html" [1]
2014-11-27 20:08:55 URL:http://simonschreibt.de/wp-includes/fonts/dashicons.eot [37498/37498] -> "simonschreibt.de_20141127/wp-includes/fonts/dashicons.eot" [1]
2014-11-27 20:08:56 URL:http://simonschreibt.de/wp-includes/fonts/dashicons.ttf [37212/37212] -> "simonschreibt.de_20141127/wp-includes/fonts/dashicons.ttf" [1]
2014-11-27 20:08:56 URL:http://simonschreibt.de/wp-includes/fonts/dashicons.svg [84719/84719] -> "simonschreibt.de_20141127/wp-includes/fonts/dashicons.svg" [1]
2014-11-27 20:08:56 URL:http://simonschreibt.de/wp-admin/images/loading.gif [2244/2244] -> "simonschreibt.de_20141127/wp-admin/images/loading.gif" [1]
2014-11-27 20:08:56 URL:http://simonschreibt.de/wp-admin/images/w-logo-blue.png?ver=20131202 [3113/3113] -> "simonschreibt.de_20141127/wp-admin/images/w-logo-blue.png?ver=20131202" [1]
2014-11-27 20:08:56 URL:http://simonschreibt.de/wp-admin/images/wordpress-logo.svg?ver=20131107 [1521/1521] -> "simonschreibt.de_20141127/wp-admin/images/wordpress-logo.svg?ver=20131107" [1]
2014-11-27 20:08:57 URL:http://simonschreibt.de/wp-content/plugins/si-captcha-for-wordpress/captcha/si_captcha.js?ver=1417115180 [685/685] -> "simonschreibt.de_20141127/wp-content/plugins/si-captcha-for-wordpress/captcha/si_captcha.js?ver=1417115180" [1]
2014-11-27 20:08:58 URL:http://simonschreibt.de/wp-content/plugins/si-captcha-for-wordpress/captcha/securimage_show.php?si_form_id=reg&prefix=ZLNh80QsCnWKLEkJ [6869/6869] -> "simonschreibt.de_20141127/wp-content/plugins/si-captcha-for-wordpress/captcha/securimage_show.php?si_form_id=reg&prefix=ZLNh80QsCnWKLEkJ" [1]
2014-11-27 20:09:01 URL:http://simonschreibt.de/gat/teleglitch-viewcones/feed/ [13857] -> "simonschreibt.de_20141127/gat/teleglitch-viewcones/feed/index.html" [1]
2014-11-27 20:09:03 URL:http://simonschreibt.de/gat/teleglitch-viewcones/ [40950] -> "simonschreibt.de_20141127/index.html?p=66.html" [1]
2014-11-27 20:09:20 URL:http://simonschreibt.de/tag/teleglitch/ [7316] -> "simonschreibt.de_20141127/tag/teleglitch/index.html" [1]
2014-11-27 20:09:22 URL:http://simonschreibt.de/gat/teleglitch-viewcones/?replytocom=225 [7655] -> "simonschreibt.de_20141127/gat/teleglitch-viewcones/index.html?replytocom=225.html" [1]
2014-11-27 20:09:23 URL:http://simonschreibt.de/gat/teleglitch-viewcones/?replytocom=228 [7655] -> "simonschreibt.de_20141127/gat/teleglitch-viewcones/index.html?replytocom=228.html" [1]
2014-11-27 20:09:25 URL:http://simonschreibt.de/gat/teleglitch-viewcones/?replytocom=247 [7655] -> "simonschreibt.de_20141127/gat/teleglitch-viewcones/index.html?replytocom=247.html" [1]
2014-11-27 20:09:26 URL:http://simonschreibt.de/gat/teleglitch-viewcones/?replytocom=264 [7655] -> "simonschreibt.de_20141127/gat/teleglitch-viewcones/index.html?replytocom=264.html" [1]
2014-11-27 20:09:28 URL:http://simonschreibt.de/gat/teleglitch-viewcones/?replytocom=337 [7655] -> "simonschreibt.de_20141127/gat/teleglitch-viewcones/index.html?replytocom=337.html" [1]
2014-11-27 20:09:31 URL:http://simonschreibt.de/gat/teleglitch-viewcones/?replytocom=340 [7655] -> "simonschreibt.de_20141127/gat/teleglitch-viewcones/index.html?replytocom=340.html" [1]
2014-11-27 20:09:33 URL:http://simonschreibt.de/gat/teleglitch-viewcones/?replytocom=363 [7655] -> "simonschreibt.de_20141127/gat/teleglitch-viewcones/index.html?replytocom=363.html" [1]
2014-11-27 20:09:34 URL:http://simonschreibt.de/gat/teleglitch-viewcones/?replytocom=365 [7655] -> "simonschreibt.de_20141127/gat/teleglitch-viewcones/index.html?replytocom=365.html" [1]
2014-11-27 20:09:35 URL:http://simonschreibt.de/gat/teleglitch-viewcones/?replytocom=343 [7655] -> "simonschreibt.de_20141127/gat/teleglitch-viewcones/index.html?replytocom=343.html" [1]
2014-11-27 20:09:37 URL:http://simonschreibt.de/gat/teleglitch-viewcones/?replytocom=344 [7655] -> "simonschreibt.de_20141127/gat/teleglitch-viewcones/index.html?replytocom=344.html" [1]
2014-11-27 20:09:38 URL:http://simonschreibt.de/gat/teleglitch-viewcones/?replytocom=393 [7655] -> "simonschreibt.de_20141127/gat/teleglitch-viewcones/index.html?replytocom=393.html" [1]
2014-11-27 20:09:41 URL:http://simonschreibt.de/gat/teleglitch-viewcones/?replytocom=394 [7655] -> "simonschreibt.de_20141127/gat/teleglitch-viewcones/index.html?replytocom=394.html" [1]
2014-11-27 20:09:43 URL:http://simonschreibt.de/gat/teleglitch-viewcones/?replytocom=396 [7655] -> "simonschreibt.de_20141127/gat/teleglitch-viewcones/index.html?replytocom=396.html" [1]
2014-11-27 20:09:44 URL:http://simonschreibt.de/gat/teleglitch-viewcones/?replytocom=397 [7655] -> "simonschreibt.de_20141127/gat/teleglitch-viewcones/index.html?replytocom=397.html" [1]
2014-11-27 20:09:45 URL:http://simonschreibt.de/wp-content/plugins/si-captcha-for-wordpress/captcha/securimage_show.php?si_form_id=com&prefix=yOG8vXtKyoDT11lA [5839/5839] -> "simonschreibt.de_20141127/wp-content/plugins/si-captcha-for-wordpress/captcha/securimage_show.php?si_form_id=com&prefix=yOG8vXtKyoDT11lA" [1]
2014-11-27 20:09:45 URL:http://simonschreibt.de/gat/diablo-3-trees/feed/ [6423] -> "simonschreibt.de_20141127/gat/diablo-3-trees/feed/index.html" [1]
2014-11-27 20:09:49 URL:http://simonschreibt.de/gat/diablo-3-trees/ [7577] -> "simonschreibt.de_20141127/index.html?p=64.html" [1]
2014-11-27 20:09:50 URL:http://simonschreibt.de/gat/divine-divinity-2d-reflexion/feed/ [912] -> "simonschreibt.de_20141127/gat/divine-divinity-2d-reflexion/feed/index.html" [1]
2014-11-27 20:09:53 URL:http://simonschreibt.de/gat/divine-divinity-2d-reflexion/ [7688] -> "simonschreibt.de_20141127/index.html?p=62.html" [1]
2014-11-27 20:09:54 URL:http://simonschreibt.de/gat/deus-ex-occlusion/feed/ [4733] -> "simonschreibt.de_20141127/gat/deus-ex-occlusion/feed/index.html" [1]
2014-11-27 20:09:57 URL:http://simonschreibt.de/gat/deus-ex-occlusion/ [7558] -> "simonschreibt.de_20141127/index.html?p=60.html" [1]
2014-11-27 20:09:59 URL:http://simonschreibt.de/gat/deus-ex-scanlines/feed/ [6332] -> "simonschreibt.de_20141127/gat/deus-ex-scanlines/feed/index.html" [1]
2014-11-27 20:10:03 URL:http://simonschreibt.de/gat/deus-ex-scanlines/ [7579] -> "simonschreibt.de_20141127/index.html?p=58.html" [1]
2014-11-27 20:10:13 URL:http://simonschreibt.de/gat/assassins-creed-3-windows/feed/ [8338] -> "simonschreibt.de_20141127/gat/assassins-creed-3-windows/feed/index.html" [1]
2014-11-27 20:10:53 URL:http://simonschreibt.de/gat/assassins-creed-3-windows/ [7661] -> "simonschreibt.de_20141127/index.html?p=56.html" [1]
2014-11-27 20:11:36 URL:http://simonschreibt.de/gat/kid-icarus-tricks/feed/ [2277] -> "simonschreibt.de_20141127/gat/kid-icarus-tricks/feed/index.html" [1]
No data received.
Read error (Connection reset by peer) in headers.
2014-11-27 20:12:57 URL:http://simonschreibt.de/gat/binding-of-isaac-composition/feed/ [9128] -> "simonschreibt.de_20141127/gat/binding-of-isaac-composition/feed/index.html" [1]
2014-11-27 20:13:02 URL:http://simonschreibt.de/gat/binding-of-isaac-composition/ [7743] -> "simonschreibt.de_20141127/index.html?p=22.html" [1]
2014-11-27 20:13:03 URL:http://simonschreibt.de/gat/company-of-heroes-flamethrower/feed/ [16205] -> "simonschreibt.de_20141127/gat/company-of-heroes-flamethrower/feed/index.html" [1]
2014-11-27 20:13:04 URL:http://simonschreibt.de/gat/company-of-heroes-flamethrower/ [46506] -> "simonschreibt.de_20141127/index.html?p=20.html" [1]
http://simonschreibt.de/gat/homeworld-2-engines.html:
2014-11-27 20:13:05 ERROR 404: Not Found.
2014-11-27 20:13:09 URL:http://simonschreibt.de/tag/company-of-heroes/ [7416] -> "simonschreibt.de_20141127/tag/company-of-heroes/index.html" [1]
2014-11-27 20:13:10 URL:http://simonschreibt.de/tag/flamethrower/ [7391] -> "simonschreibt.de_20141127/tag/flamethrower/index.html" [1]
2014-11-27 20:13:11 URL:http://simonschreibt.de/gat/company-of-heroes-flamethrower/?replytocom=248 [7756] -> "simonschreibt.de_20141127/gat/company-of-heroes-flamethrower/index.html?replytocom=248.html" [1]
2014-11-27 20:13:13 URL:http://simonschreibt.de/gat/company-of-heroes-flamethrower/?replytocom=256 [7756] -> "simonschreibt.de_20141127/gat/company-of-heroes-flamethrower/index.html?replytocom=256.html" [1]
2014-11-27 20:13:14 URL:http://simonschreibt.de/gat/company-of-heroes-flamethrower/?replytocom=250 [7756] -> "simonschreibt.de_20141127/gat/company-of-heroes-flamethrower/index.html?replytocom=250.html" [1]
2014-11-27 20:13:16 URL:http://simonschreibt.de/gat/company-of-heroes-flamethrower/?replytocom=257 [7756] -> "simonschreibt.de_20141127/gat/company-of-heroes-flamethrower/index.html?replytocom=257.html" [1]
2014-11-27 20:13:17 URL:http://simonschreibt.de/gat/company-of-heroes-flamethrower/?replytocom=251 [7756] -> "simonschreibt.de_20141127/gat/company-of-heroes-flamethrower/index.html?replytocom=251.html" [1]
2014-11-27 20:13:18 URL:http://simonschreibt.de/gat/company-of-heroes-flamethrower/?replytocom=253 [7756] -> "simonschreibt.de_20141127/gat/company-of-heroes-flamethrower/index.html?replytocom=253.html" [1]
2014-11-27 20:13:19 URL:http://simonschreibt.de/gat/company-of-heroes-flamethrower/?replytocom=258 [7756] -> "simonschreibt.de_20141127/gat/company-of-heroes-flamethrower/index.html?replytocom=258.html" [1]
2014-11-27 20:13:20 URL:http://simonschreibt.de/gat/company-of-heroes-flamethrower/?replytocom=254 [7756] -> "simonschreibt.de_20141127/gat/company-of-heroes-flamethrower/index.html?replytocom=254.html" [1]
2014-11-27 20:13:22 URL:http://simonschreibt.de/gat/company-of-heroes-flamethrower/?replytocom=259 [7756] -> "simonschreibt.de_20141127/gat/company-of-heroes-flamethrower/index.html?replytocom=259.html" [1]
2014-11-27 20:13:24 URL:http://simonschreibt.de/gat/company-of-heroes-flamethrower/?replytocom=261 [7756] -> "simonschreibt.de_20141127/gat/company-of-heroes-flamethrower/index.html?replytocom=261.html" [1]
2014-11-27 20:13:25 URL:http://simonschreibt.de/gat/company-of-heroes-flamethrower/?replytocom=262 [7756] -> "simonschreibt.de_20141127/gat/company-of-heroes-flamethrower/index.html?replytocom=262.html" [1]
2014-11-27 20:13:27 URL:http://simonschreibt.de/gat/company-of-heroes-flamethrower/?replytocom=265 [7756] -> "simonschreibt.de_20141127/gat/company-of-heroes-flamethrower/index.html?replytocom=265.html" [1]
2014-11-27 20:13:28 URL:http://simonschreibt.de/gat/company-of-heroes-flamethrower/?replytocom=266 [7756] -> "simonschreibt.de_20141127/gat/company-of-heroes-flamethrower/index.html?replytocom=266.html" [1]
2014-11-27 20:13:29 URL:http://simonschreibt.de/gat/company-of-heroes-flamethrower/?replytocom=272 [7756] -> "simonschreibt.de_20141127/gat/company-of-heroes-flamethrower/index.html?replytocom=272.html" [1]
2014-11-27 20:13:30 URL:http://simonschreibt.de/gat/company-of-heroes-flamethrower/?replytocom=273 [7756] -> "simonschreibt.de_20141127/gat/company-of-heroes-flamethrower/index.html?replytocom=273.html" [1]
2014-11-27 20:13:30 URL:http://simonschreibt.de/wp-content/plugins/si-captcha-for-wordpress/captcha/securimage_show.php?si_form_id=com&prefix=aFWKxmKUZI5V2Ni8 [5510/5510] -> "simonschreibt.de_20141127/wp-content/plugins/si-captcha-for-wordpress/captcha/securimage_show.php?si_form_id=com&prefix=aFWKxmKUZI5V2Ni8" [1]
2014-11-27 20:13:31 URL:http://simonschreibt.de/gen/you-found-me/feed/ [857] -> "simonschreibt.de_20141127/gen/you-found-me/feed/index.html" [1]
2014-11-27 20:13:33 URL:http://simonschreibt.de/gen/you-found-me/ [7306] -> "simonschreibt.de_20141127/index.html?p=386.html" [1]
2014-11-27 20:13:34 URL:http://simonschreibt.de/gdt/super-hot-turn-based-action/feed/ [8427] -> "simonschreibt.de_20141127/gdt/super-hot-turn-based-action/feed/index.html" [1]
2014-11-27 20:13:35 URL:http://simonschreibt.de/gdt/super-hot-turn-based-action/ [7745] -> "simonschreibt.de_20141127/index.html?p=480.html" [1]
2014-11-27 20:13:36 URL:http://simonschreibt.de/game-design-tricks/ [17118] -> "simonschreibt.de_20141127/game-design-tricks.1.html" [1]
2014-11-27 20:13:37 URL:http://simonschreibt.de/gdt/sacred-2-floating-point-numbers/feed/ [5498] -> "simonschreibt.de_20141127/gdt/sacred-2-floating-point-numbers/feed/index.html" [1]
2014-11-27 20:13:38 URL:http://simonschreibt.de/gdt/sacred-2-floating-point-numbers/ [7716] -> "simonschreibt.de_20141127/index.html?p=668.html" [1]
2014-11-27 20:13:39 URL:http://simonschreibt.de/gat/tomb-raider-laras-hot-secrets/feed/ [15599] -> "simonschreibt.de_20141127/gat/tomb-raider-laras-hot-secrets/feed/index.html" [1]
2014-11-27 20:13:42 URL:http://simonschreibt.de/gat/tomb-raider-laras-hot-secrets/ [7696] -> "simonschreibt.de_20141127/index.html?p=708.html" [1]
2014-11-27 20:13:43 URL:http://simonschreibt.de/gdt/prey-evil-buttons/feed/ [6745] -> "simonschreibt.de_20141127/gdt/prey-evil-buttons/feed/index.html" [1]
2014-11-27 20:13:45 URL:http://simonschreibt.de/gdt/prey-evil-buttons/ [7640] -> "simonschreibt.de_20141127/index.html?p=915.html" [1]
2014-11-27 20:13:47 URL:http://simonschreibt.de/author/simon/page/4/ [7972] -> "simonschreibt.de_20141127/author/simon/page/4/index.html" [1]
2014-11-27 20:13:51 URL:http://simonschreibt.de/tag/teleglitch/feed/ [1641] -> "simonschreibt.de_20141127/tag/teleglitch/feed/index.html" [1]
2014-11-27 20:13:54 URL:http://simonschreibt.de/tag/company-of-heroes/feed/ [1750] -> "simonschreibt.de_20141127/tag/company-of-heroes/feed/index.html" [1]
2014-11-27 20:13:55 URL:http://simonschreibt.de/tag/flamethrower/feed/ [1740] -> "simonschreibt.de_20141127/tag/flamethrower/feed/index.html" [1]
2014-11-27 20:13:57 URL:http://simonschreibt.de/author/simon/page/5/ [7868] -> "simonschreibt.de_20141127/author/simon/page/5/index.html" [1]
2014-11-27 20:13:58 URL:http://simonschreibt.de/author/simon/page/6/ [7934] -> "simonschreibt.de_20141127/author/simon/page/6/index.html" [1]
2014-11-27 20:13:59 URL:http://simonschreibt.de/author/simon/page/7/ [7866] -> "simonschreibt.de_20141127/author/simon/page/7/index.html" [1]
2014-11-27 20:14:03 URL:http://simonschreibt.de/author/simon/page/8/ [7918] -> "simonschreibt.de_20141127/author/simon/page/8/index.html" [1]
2014-11-27 20:14:05 URL:http://simonschreibt.de/author/simon/page/9/ [7970] -> "simonschreibt.de_20141127/author/simon/page/9/index.html" [1]
2014-11-27 20:14:06 URL:http://simonschreibt.de/author/simon/page/10/ [7929] -> "simonschreibt.de_20141127/author/simon/page/10/index.html" [1]
2014-11-27 20:14:08 URL:http://simonschreibt.de/author/simon/page/11/ [8014] -> "simonschreibt.de_20141127/author/simon/page/11/index.html" [1]
2014-11-27 20:14:10 URL:http://simonschreibt.de/author/simon/page/12/ [7567] -> "simonschreibt.de_20141127/author/simon/page/12/index.html" [1]
2014-11-27 20:14:11 URL:http://simonschreibt.de/author/simon/page/13/ [7938] -> "simonschreibt.de_20141127/author/simon/page/13/index.html" [1]
2014-11-27 20:14:12 URL:http://simonschreibt.de/author/simon/page/14/ [7931] -> "simonschreibt.de_20141127/author/simon/page/14/index.html" [1]
2014-11-27 20:14:14 URL:http://simonschreibt.de/author/simon/page/15/ [7932] -> "simonschreibt.de_20141127/author/simon/page/15/index.html" [1]
2014-11-27 20:14:15 URL:http://simonschreibt.de/author/simon/page/16/ [7940] -> "simonschreibt.de_20141127/author/simon/page/16/index.html" [1]
2014-11-27 20:14:16 URL:http://simonschreibt.de/author/simon/page/17/ [7838] -> "simonschreibt.de_20141127/author/simon/page/17/index.html" [1]
2014-11-27 20:14:20 URL:http://simonschreibt.de/author/simon/page/18/ [7897] -> "simonschreibt.de_20141127/author/simon/page/18/index.html" [1]
2014-11-27 20:14:22 URL:http://simonschreibt.de/author/simon/page/19/ [7882] -> "simonschreibt.de_20141127/author/simon/page/19/index.html" [1]
2014-11-27 20:14:25 URL:http://simonschreibt.de/author/simon/page/20/ [7827] -> "simonschreibt.de_20141127/author/simon/page/20/index.html" [1]
2014-11-27 20:14:27 URL:http://simonschreibt.de/author/simon/page/21/ [7853] -> "simonschreibt.de_20141127/author/simon/page/21/index.html" [1]
2014-11-27 20:14:29 URL:http://simonschreibt.de/author/simon/page/22/ [7902] -> "simonschreibt.de_20141127/author/simon/page/22/index.html" [1]
2014-11-27 20:14:30 URL:http://simonschreibt.de/author/simon/page/23/ [7894] -> "simonschreibt.de_20141127/author/simon/page/23/index.html" [1]
2014-11-27 20:14:31 URL:http://simonschreibt.de/author/simon/page/24/ [7943] -> "simonschreibt.de_20141127/author/simon/page/24/index.html" [1]
2014-11-27 20:14:32 URL:http://simonschreibt.de/author/simon/page/25/ [7883] -> "simonschreibt.de_20141127/author/simon/page/25/index.html" [1]
2014-11-27 20:14:34 URL:http://simonschreibt.de/author/simon/page/26/ [7898] -> "simonschreibt.de_20141127/author/simon/page/26/index.html" [1]
2014-11-27 20:14:36 URL:http://simonschreibt.de/author/simon/page/27/ [7883] -> "simonschreibt.de_20141127/author/simon/page/27/index.html" [1]
2014-11-27 20:14:37 URL:http://simonschreibt.de/author/simon/page/28/ [7880] -> "simonschreibt.de_20141127/author/simon/page/28/index.html" [1]
2014-11-27 20:14:38 URL:http://simonschreibt.de/author/simon/page/29/ [7917] -> "simonschreibt.de_20141127/author/simon/page/29/index.html" [1]
2014-11-27 20:14:39 URL:http://simonschreibt.de/author/simon/page/30/ [7931] -> "simonschreibt.de_20141127/author/simon/page/30/index.html" [1]
2014-11-27 20:14:40 URL:http://simonschreibt.de/author/simon/page/31/ [7903] -> "simonschreibt.de_20141127/author/simon/page/31/index.html" [1]
2014-11-27 20:14:41 URL:http://simonschreibt.de/author/simon/page/32/ [7964] -> "simonschreibt.de_20141127/author/simon/page/32/index.html" [1]
2014-11-27 20:14:42 URL:http://simonschreibt.de/author/simon/page/33/ [7922] -> "simonschreibt.de_20141127/author/simon/page/33/index.html" [1]
2014-11-27 20:14:44 URL:http://simonschreibt.de/author/simon/page/34/ [7881] -> "simonschreibt.de_20141127/author/simon/page/34/index.html" [1]
2014-11-27 20:14:47 URL:http://simonschreibt.de/author/simon/page/35/ [7852] -> "simonschreibt.de_20141127/author/simon/page/35/index.html" [1]
2014-11-27 20:14:50 URL:http://simonschreibt.de/author/simon/page/36/ [7948] -> "simonschreibt.de_20141127/author/simon/page/36/index.html" [1]
2014-11-27 20:14:53 URL:http://simonschreibt.de/author/simon/page/37/ [7879] -> "simonschreibt.de_20141127/author/simon/page/37/index.html" [1]
2014-11-27 20:14:54 URL:http://simonschreibt.de/author/simon/page/38/ [7901] -> "simonschreibt.de_20141127/author/simon/page/38/index.html" [1]
2014-11-27 20:14:55 URL:http://simonschreibt.de/author/simon/page/39/ [7970] -> "simonschreibt.de_20141127/author/simon/page/39/index.html" [1]
2014-11-27 20:14:56 URL:http://simonschreibt.de/author/simon/page/40/ [7896] -> "simonschreibt.de_20141127/author/simon/page/40/index.html" [1]
2014-11-27 20:14:57 URL:http://simonschreibt.de/author/simon/page/41/ [7924] -> "simonschreibt.de_20141127/author/simon/page/41/index.html" [1]
2014-11-27 20:15:00 URL:http://simonschreibt.de/author/simon/page/42/ [7913] -> "simonschreibt.de_20141127/author/simon/page/42/index.html" [1]
2014-11-27 20:15:04 URL:http://simonschreibt.de/author/simon/page/43/ [7861] -> "simonschreibt.de_20141127/author/simon/page/43/index.html" [1]
2014-11-27 20:15:07 URL:http://simonschreibt.de/author/simon/page/44/ [7933] -> "simonschreibt.de_20141127/author/simon/page/44/index.html" [1]
2014-11-27 20:15:15 URL:http://simonschreibt.de/author/simon/page/45/ [7878] -> "simonschreibt.de_20141127/author/simon/page/45/index.html" [1]
2014-11-27 20:15:20 URL:http://simonschreibt.de/author/simon/page/46/ [7913] -> "simonschreibt.de_20141127/author/simon/page/46/index.html" [1]
2014-11-27 20:15:27 URL:http://simonschreibt.de/author/simon/page/47/ [7858] -> "simonschreibt.de_20141127/author/simon/page/47/index.html" [1]
2014-11-27 20:15:45 URL:http://simonschreibt.de/author/simon/page/48/ [7853] -> "simonschreibt.de_20141127/author/simon/page/48/index.html" [1]
2014-11-27 20:15:48 URL:http://simonschreibt.de/author/simon/page/49/ [7872] -> "simonschreibt.de_20141127/author/simon/page/49/index.html" [1]
2014-11-27 20:15:51 URL:http://simonschreibt.de/author/simon/page/50/ [7809] -> "simonschreibt.de_20141127/author/simon/page/50/index.html" [1]
2014-11-27 20:15:54 URL:http://simonschreibt.de/author/simon/page/51/ [7946] -> "simonschreibt.de_20141127/author/simon/page/51/index.html" [1]
2014-11-27 20:15:57 URL:http://simonschreibt.de/author/simon/page/52/ [7913] -> "simonschreibt.de_20141127/author/simon/page/52/index.html" [1]
2014-11-27 20:15:59 URL:http://simonschreibt.de/author/simon/page/53/ [7856] -> "simonschreibt.de_20141127/author/simon/page/53/index.html" [1]
2014-11-27 20:16:00 URL:http://simonschreibt.de/author/simon/page/54/ [7878] -> "simonschreibt.de_20141127/author/simon/page/54/index.html" [1]
2014-11-27 20:16:02 URL:http://simonschreibt.de/author/simon/page/55/ [7874] -> "simonschreibt.de_20141127/author/simon/page/55/index.html" [1]
2014-11-27 20:16:04 URL:http://simonschreibt.de/author/simon/page/56/ [7779] -> "simonschreibt.de_20141127/author/simon/page/56/index.html" [1]
FINISHED --2014-11-27 20:16:04--
Total wall clock time: 20m 1s
Downloaded: 367 files, 4.4M in 29s (155 KB/s)
