2014-10-11 21:39:56 URL:http://strgazer.chat.ru/ [2178] -> "strgazer.chat.ru_20141011/index.html" [1]
2014-10-11 21:39:56 URL:http://strgazer.chat.ru/Main.htm [1440] -> "strgazer.chat.ru_20141011/Main.htm" [1]
2014-10-11 21:39:56 URL:http://strgazer.chat.ru/Menus.htm [4558] -> "strgazer.chat.ru_20141011/Menus.htm" [1]
2014-10-11 21:39:56 URL:http://strgazer.chat.ru/News.htm [3855] -> "strgazer.chat.ru_20141011/News.htm" [1]
2014-10-11 21:39:56 URL:http://strgazer.chat.ru/Bottom.htm [1024] -> "strgazer.chat.ru_20141011/Bottom.htm" [1]
2014-10-11 21:39:57 URL:http://strgazer.chat.ru/Title1.jpg [21202/21202] -> "strgazer.chat.ru_20141011/Title1.jpg" [1]
2014-10-11 21:39:57 URL:http://strgazer.chat.ru/Meteor.gif [2860/2860] -> "strgazer.chat.ru_20141011/Meteor.gif" [1]
2014-10-11 21:39:57 URL:http://strgazer.chat.ru/Title3.gif [3494/3494] -> "strgazer.chat.ru_20141011/Title3.gif" [1]
2014-10-11 21:39:57 URL:http://strgazer.chat.ru/Empty.gif [1492/1492] -> "strgazer.chat.ru_20141011/Empty.gif" [1]
2014-10-11 21:39:57 URL:http://strgazer.chat.ru/News1.gif [2911/2911] -> "strgazer.chat.ru_20141011/News1.gif" [1]
2014-10-11 21:39:57 URL:http://strgazer.chat.ru/Maps1.gif [2939/2939] -> "strgazer.chat.ru_20141011/Maps1.gif" [1]
2014-10-11 21:39:57 URL:http://strgazer.chat.ru/Unfin.htm [1601] -> "strgazer.chat.ru_20141011/Unfin.htm" [1]
2014-10-11 21:39:57 URL:http://strgazer.chat.ru/Unfin1.gif [2668/2668] -> "strgazer.chat.ru_20141011/Unfin1.gif" [1]
2014-10-11 21:39:57 URL:http://strgazer.chat.ru/Dmusic.htm [1601] -> "strgazer.chat.ru_20141011/Dmusic.htm" [1]
2014-10-11 21:39:58 URL:http://strgazer.chat.ru/Dmusic1.gif [2807/2807] -> "strgazer.chat.ru_20141011/Dmusic1.gif" [1]
2014-10-11 21:39:58 URL:http://strgazer.chat.ru/Violence.htm [1606] -> "strgazer.chat.ru_20141011/Violence.htm" [1]
2014-10-11 21:39:58 URL:http://strgazer.chat.ru/Violence1.gif [2900/2900] -> "strgazer.chat.ru_20141011/Violence1.gif" [1]
2014-10-11 21:39:58 URL:http://strgazer.chat.ru/Dsn.htm [1585] -> "strgazer.chat.ru_20141011/Dsn.htm" [1]
2014-10-11 21:39:58 URL:http://strgazer.chat.ru/Dsn1.gif [2586/2586] -> "strgazer.chat.ru_20141011/Dsn1.gif" [1]
2014-10-11 21:39:58 URL:http://strgazer.chat.ru/V2dc.htm [1579] -> "strgazer.chat.ru_20141011/V2dc.htm" [1]
2014-10-11 21:39:58 URL:http://strgazer.chat.ru/V2dc1.gif [2124/2124] -> "strgazer.chat.ru_20141011/V2dc1.gif" [1]
2014-10-11 21:39:58 URL:http://strgazer.chat.ru/Empty_2.gif [2599/2599] -> "strgazer.chat.ru_20141011/Empty_2.gif" [1]
2014-10-11 21:39:59 URL:http://strgazer.chat.ru/V2dc1.jpg [19396/19396] -> "strgazer.chat.ru_20141011/V2dc1.jpg" [1]
2014-10-11 21:39:59 URL:http://strgazer.chat.ru/V2dc2.jpg [19257/19257] -> "strgazer.chat.ru_20141011/V2dc2.jpg" [1]
2014-10-11 21:39:59 URL:http://strgazer.chat.ru/Lefract2.jpg [18929/18929] -> "strgazer.chat.ru_20141011/Lefract2.jpg" [1]
2014-10-11 21:39:59 URL:http://strgazer.chat.ru/Lefract3.jpg [18394/18394] -> "strgazer.chat.ru_20141011/Lefract3.jpg" [1]
2014-10-11 21:40:03 URL:http://strgazer.chat.ru/Unfin.zip [141955/141955] -> "strgazer.chat.ru_20141011/Unfin.zip" [1]
2014-10-11 21:40:04 URL:http://strgazer.chat.ru/Unfin7.jpg [17950/17950] -> "strgazer.chat.ru_20141011/Unfin7.jpg" [1]
2014-10-11 21:40:04 URL:http://strgazer.chat.ru/Unfin8.jpg [18040/18040] -> "strgazer.chat.ru_20141011/Unfin8.jpg" [1]
2014-10-11 21:40:07 URL:http://strgazer.chat.ru/Dmusic.zip [125427/125427] -> "strgazer.chat.ru_20141011/Dmusic.zip" [1]
2014-10-11 21:40:07 URL:http://strgazer.chat.ru/Dmusic2.jpg [17762/17762] -> "strgazer.chat.ru_20141011/Dmusic2.jpg" [1]
2014-10-11 21:40:07 URL:http://strgazer.chat.ru/Dmusic8.jpg [17251/17251] -> "strgazer.chat.ru_20141011/Dmusic8.jpg" [1]
2014-10-11 21:40:11 URL:http://strgazer.chat.ru/Violence.zip [112231/112231] -> "strgazer.chat.ru_20141011/Violence.zip" [1]
2014-10-11 21:40:11 URL:http://strgazer.chat.ru/Violence2.jpg [26298/26298] -> "strgazer.chat.ru_20141011/Violence2.jpg" [1]
2014-10-11 21:40:11 URL:http://strgazer.chat.ru/Violence6.jpg [24107/24107] -> "strgazer.chat.ru_20141011/Violence6.jpg" [1]
2014-10-11 21:40:16 URL:http://strgazer.chat.ru/Dsn.zip [160899/160899] -> "strgazer.chat.ru_20141011/Dsn.zip" [1]
2014-10-11 21:40:16 URL:http://strgazer.chat.ru/Dsn3.jpg [13494/13494] -> "strgazer.chat.ru_20141011/Dsn3.jpg" [1]
2014-10-11 21:40:16 URL:http://strgazer.chat.ru/Dsn4.jpg [12941/12941] -> "strgazer.chat.ru_20141011/Dsn4.jpg" [1]
2014-10-11 21:40:18 URL:http://strgazer.chat.ru/V2dc.zip [88206/88206] -> "strgazer.chat.ru_20141011/V2dc.zip" [1]
FINISHED --2014-10-11 21:40:18--
Total wall clock time: 23s
Downloaded: 39 files, 902K in 19s (47.6 KB/s)
