2012-11-27 17:34:24 URL:http://tomeofpreach.wordpress.com/ [44071] -> "tomeofpreach.wordpress.com/index.html" [1]
2012-11-27 17:34:24 URL:http://tomeofpreach.wordpress.com/xmlrpc.php [42] -> "tomeofpreach.wordpress.com/xmlrpc.php" [1]
2012-11-27 17:34:24 URL:http://tomeofpreach.wordpress.com/feed/ [46710] -> "tomeofpreach.wordpress.com/feed/index.html" [1]
2012-11-27 17:34:25 URL:http://tomeofpreach.wordpress.com/comments/feed/ [5451] -> "tomeofpreach.wordpress.com/comments/feed/index.html" [1]
2012-11-27 17:34:25 URL:http://tomeofpreach.wordpress.com/xmlrpc.php?rsd [889] -> "tomeofpreach.wordpress.com/xmlrpc.php?rsd" [1]
2012-11-27 17:34:25 URL:http://tomeofpreach.wordpress.com/wp-includes/wlwmanifest.xml [1052/1052] -> "tomeofpreach.wordpress.com/wp-includes/wlwmanifest.xml" [1]
2012-11-27 17:34:26 URL:http://tomeofpreach.wordpress.com/?openidserver=1 [24] -> "tomeofpreach.wordpress.com/index.html?openidserver=1.html" [1]
2012-11-27 17:34:26 URL:http://tomeofpreach.wordpress.com/osd.xml [1428] -> "tomeofpreach.wordpress.com/osd.xml" [1]
2012-11-27 17:34:27 URL:http://tomeofpreach.wordpress.com/about/ [18247] -> "tomeofpreach.wordpress.com/about/index.html" [1]
2012-11-27 17:34:27 URL:http://tomeofpreach.wordpress.com/category/models/ [29310] -> "tomeofpreach.wordpress.com/category/models/index.html" [1]
2012-11-27 17:34:28 URL:http://tomeofpreach.wordpress.com/category/models/map-objects/ [28287] -> "tomeofpreach.wordpress.com/category/models/map-objects/index.html" [1]
2012-11-27 17:34:29 URL:http://tomeofpreach.wordpress.com/category/models/effects/ [21073] -> "tomeofpreach.wordpress.com/category/models/effects/index.html" [1]
2012-11-27 17:34:30 URL:http://tomeofpreach.wordpress.com/category/models/weapons/ [18568] -> "tomeofpreach.wordpress.com/category/models/weapons/index.html" [1]
2012-11-27 17:34:30 URL:http://tomeofpreach.wordpress.com/category/models/items/ [18563] -> "tomeofpreach.wordpress.com/category/models/items/index.html" [1]
2012-11-27 17:34:31 URL:http://tomeofpreach.wordpress.com/category/modelling/ [42807] -> "tomeofpreach.wordpress.com/category/modelling/index.html" [1]
2012-11-27 17:34:31 URL:http://tomeofpreach.wordpress.com/md3tomdl/ [18589] -> "tomeofpreach.wordpress.com/md3tomdl/index.html" [1]
2012-11-27 17:34:32 URL:http://tomeofpreach.wordpress.com/qmdl/ [18917] -> "tomeofpreach.wordpress.com/qmdl/index.html" [1]
2012-11-27 17:34:33 URL:http://tomeofpreach.wordpress.com/category/code/ [25945] -> "tomeofpreach.wordpress.com/category/code/index.html" [1]
2012-11-27 17:34:34 URL:http://tomeofpreach.wordpress.com/category/map-hacks/ [32973] -> "tomeofpreach.wordpress.com/category/map-hacks/index.html" [1]
2012-11-27 17:34:35 URL:http://tomeofpreach.wordpress.com/page/2/ [31386] -> "tomeofpreach.wordpress.com/page/2/index.html" [1]
2012-11-27 17:34:36 URL:http://tomeofpreach.wordpress.com/2012/11/26/co-op-detection/ [31900] -> "tomeofpreach.wordpress.com/2012/11/26/co-op-detection/index.html" [1]
2012-11-27 17:34:37 URL:http://tomeofpreach.wordpress.com/2012/11/26/respawning-items/ [30874] -> "tomeofpreach.wordpress.com/2012/11/26/respawning-items/index.html" [1]
2012-11-27 17:34:38 URL:http://tomeofpreach.wordpress.com/2012/11/24/a-modelling-pipeline/ [40688] -> "tomeofpreach.wordpress.com/2012/11/24/a-modelling-pipeline/index.html" [1]
2012-11-27 17:34:39 URL:http://tomeofpreach.wordpress.com/2012/11/24/avoiding-nested-ifs-in-loops/ [33734] -> "tomeofpreach.wordpress.com/2012/11/24/avoiding-nested-ifs-in-loops/index.html" [1]
2012-11-27 17:34:40 URL:http://tomeofpreach.wordpress.com/2012/11/19/reducing-nested-ifs/ [32401] -> "tomeofpreach.wordpress.com/2012/11/19/reducing-nested-ifs/index.html" [1]
2012-11-27 17:34:41 URL:http://tomeofpreach.wordpress.com/2012/11/23/rewriting-entity-paths/ [32033] -> "tomeofpreach.wordpress.com/2012/11/23/rewriting-entity-paths/index.html" [1]
2012-11-27 17:34:41 URL:http://tomeofpreach.wordpress.com/2012/11/ [40862] -> "tomeofpreach.wordpress.com/2012/11/index.html" [1]
2012-11-27 17:34:42 URL:http://tomeofpreach.wordpress.com/category/models/feed/ [34300] -> "tomeofpreach.wordpress.com/category/models/feed/index.html" [1]
2012-11-27 17:34:43 URL:http://tomeofpreach.wordpress.com/category/models/page/2/ [26119] -> "tomeofpreach.wordpress.com/category/models/page/2/index.html" [1]
2012-11-27 17:34:44 URL:http://tomeofpreach.wordpress.com/2012/11/22/arch-window/ [33419] -> "tomeofpreach.wordpress.com/2012/11/22/arch-window/index.html" [1]
2012-11-27 17:34:46 URL:http://tomeofpreach.wordpress.com/tag/modern/ [28320] -> "tomeofpreach.wordpress.com/tag/modern/index.html" [1]
2012-11-27 17:34:46 URL:http://tomeofpreach.wordpress.com/2012/11/21/roof/ [31685] -> "tomeofpreach.wordpress.com/2012/11/21/roof/index.html" [1]
2012-11-27 17:34:47 URL:http://tomeofpreach.wordpress.com/2012/11/21/roof/roof/ [26714] -> "tomeofpreach.wordpress.com/index.html?attachment_id=149.html" [1]
2012-11-27 17:34:48 URL:http://tomeofpreach.wordpress.com/2012/11/21/oval-windo/ [32025] -> "tomeofpreach.wordpress.com/2012/11/21/oval-windo/index.html" [1]
2012-11-27 17:34:49 URL:http://tomeofpreach.wordpress.com/2012/11/21/oval-windo/oval/ [26863] -> "tomeofpreach.wordpress.com/2012/11/21/oval-windo/oval/index.html" [1]
2012-11-27 17:34:50 URL:http://tomeofpreach.wordpress.com/2012/11/21/embers/ [33190] -> "tomeofpreach.wordpress.com/2012/11/21/embers/index.html" [1]
2012-11-27 17:34:50 URL:http://tomeofpreach.wordpress.com/2012/11/21/embers/embers/ [26649] -> "tomeofpreach.wordpress.com/2012/11/21/embers/embers/index.html" [1]
2012-11-27 17:34:51 URL:http://tomeofpreach.wordpress.com/2012/11/21/crane-and-helipad/ [33453] -> "tomeofpreach.wordpress.com/2012/11/21/crane-and-helipad/index.html" [1]
2012-11-27 17:34:52 URL:http://tomeofpreach.wordpress.com/2012/11/21/crane-and-helipad/crane/ [26880] -> "tomeofpreach.wordpress.com/2012/11/21/crane-and-helipad/crane/index.html" [1]
2012-11-27 17:34:53 URL:http://tomeofpreach.wordpress.com/2012/11/21/crane-and-helipad/heli/ [26894] -> "tomeofpreach.wordpress.com/2012/11/21/crane-and-helipad/heli/index.html" [1]
2012-11-27 17:34:54 URL:http://tomeofpreach.wordpress.com/tag/classic/ [23363] -> "tomeofpreach.wordpress.com/tag/classic/index.html" [1]
2012-11-27 17:34:55 URL:http://tomeofpreach.wordpress.com/category/models/map-objects/feed/ [20025] -> "tomeofpreach.wordpress.com/category/models/map-objects/feed/index.html" [1]
2012-11-27 17:34:55 URL:http://tomeofpreach.wordpress.com/2012/11/18/forcefield-smoke/ [34952] -> "tomeofpreach.wordpress.com/2012/11/18/forcefield-smoke/index.html" [1]
2012-11-27 17:34:57 URL:http://tomeofpreach.wordpress.com/2012/11/18/forcefield-smoke/plumes/ [27775] -> "tomeofpreach.wordpress.com/2012/11/18/forcefield-smoke/plumes/index.html" [1]
2012-11-27 17:34:57 URL:http://tomeofpreach.wordpress.com/2012/11/18/forcefield-smoke/field/ [26954] -> "tomeofpreach.wordpress.com/2012/11/18/forcefield-smoke/field/index.html" [1]
2012-11-27 17:34:58 URL:http://tomeofpreach.wordpress.com/2012/11/18/console/ [32231] -> "tomeofpreach.wordpress.com/2012/11/18/console/index.html" [1]
http://tomeofpreach.wordpress.com/console/console1/:
2012-11-27 17:34:59 ERROR 404: Not Found.
2012-11-27 17:34:59 URL:http://tomeofpreach.wordpress.com/category/models/effects/feed/ [9737] -> "tomeofpreach.wordpress.com/category/models/effects/feed/index.html" [1]
2012-11-27 17:35:00 URL:http://tomeofpreach.wordpress.com/category/models/weapons/feed/ [4478] -> "tomeofpreach.wordpress.com/category/models/weapons/feed/index.html" [1]
2012-11-27 17:35:01 URL:http://tomeofpreach.wordpress.com/2012/11/18/flak-cannon/ [31625] -> "tomeofpreach.wordpress.com/2012/11/18/flak-cannon/index.html" [1]
2012-11-27 17:35:01 URL:http://tomeofpreach.wordpress.com/2012/11/18/flak-cannon/flak/ [26753] -> "tomeofpreach.wordpress.com/2012/11/18/flak-cannon/flak/index.html" [1]
2012-11-27 17:35:02 URL:http://tomeofpreach.wordpress.com/category/models/items/feed/ [4319] -> "tomeofpreach.wordpress.com/category/models/items/feed/index.html" [1]
2012-11-27 17:35:03 URL:http://tomeofpreach.wordpress.com/2012/11/18/medpack/ [32401] -> "tomeofpreach.wordpress.com/2012/11/18/medpack/index.html" [1]
2012-11-27 17:35:04 URL:http://tomeofpreach.wordpress.com/2012/11/18/medpack/ [31331] -> "tomeofpreach.wordpress.com/2012/11/18/medpack/medpack/index.html" [1]
2012-11-27 17:35:04 URL:http://tomeofpreach.wordpress.com/category/modelling/feed/ [29017] -> "tomeofpreach.wordpress.com/category/modelling/feed/index.html" [1]
2012-11-27 17:35:06 URL:http://tomeofpreach.wordpress.com/2012/11/21/skin-sizes/ [31463] -> "tomeofpreach.wordpress.com/2012/11/21/skin-sizes/index.html" [1]
2012-11-27 17:35:06 URL:http://tomeofpreach.wordpress.com/2012/11/19/progressive-enhancement/ [41970] -> "tomeofpreach.wordpress.com/2012/11/19/progressive-enhancement/index.html" [1]
2012-11-27 17:35:08 URL:http://tomeofpreach.wordpress.com/2012/11/19/progressive-enhancement/plink/ [27562] -> "tomeofpreach.wordpress.com/2012/11/19/progressive-enhancement/plink/index.html" [1]
2012-11-27 17:35:08 URL:http://tomeofpreach.wordpress.com/2012/11/18/forcefield-smoke/comment-page-1/ [35495] -> "tomeofpreach.wordpress.com/2012/11/18/forcefield-smoke/comment-page-1/index.html" [1]
2012-11-27 17:35:09 URL:http://tomeofpreach.wordpress.com/category/code/feed/ [12001] -> "tomeofpreach.wordpress.com/category/code/feed/index.html" [1]
2012-11-27 17:35:10 URL:http://tomeofpreach.wordpress.com/tag/refactoring/ [21644] -> "tomeofpreach.wordpress.com/tag/refactoring/index.html" [1]
2012-11-27 17:35:10 URL:http://tomeofpreach.wordpress.com/2012/11/18/an-anti-pattern/ [32157] -> "tomeofpreach.wordpress.com/2012/11/18/an-anti-pattern/index.html" [1]
2012-11-27 17:35:12 URL:http://tomeofpreach.wordpress.com/category/map-hacks/feed/ [24502] -> "tomeofpreach.wordpress.com/category/map-hacks/feed/index.html" [1]
2012-11-27 17:35:12 URL:http://tomeofpreach.wordpress.com/category/map-hacks/page/2/ [21896] -> "tomeofpreach.wordpress.com/category/map-hacks/page/2/index.html" [1]
2012-11-27 17:35:13 URL:http://tomeofpreach.wordpress.com/2012/11/18/mid-map-entity-spawning/ [33208] -> "tomeofpreach.wordpress.com/2012/11/18/mid-map-entity-spawning/index.html" [1]
2012-11-27 17:35:14 URL:http://tomeofpreach.wordpress.com/2012/11/18/triggered-explosions/ [34367] -> "tomeofpreach.wordpress.com/2012/11/18/triggered-explosions/index.html" [1]
2012-11-27 17:35:15 URL:http://tomeofpreach.wordpress.com/2012/11/18/extra-healthy-monsters/ [32912] -> "tomeofpreach.wordpress.com/2012/11/18/extra-healthy-monsters/index.html" [1]
2012-11-27 17:35:16 URL:http://tomeofpreach.wordpress.com/page/3/ [42489] -> "tomeofpreach.wordpress.com/page/3/index.html" [1]
2012-11-27 17:35:16 URL:http://tomeofpreach.wordpress.com/2012/11/26/co-op-detection/feed/ [942] -> "tomeofpreach.wordpress.com/2012/11/26/co-op-detection/feed/index.html" [1]
2012-11-27 17:35:16 URL:http://tomeofpreach.wordpress.com/2012/11/26/respawning-items/feed/ [945] -> "tomeofpreach.wordpress.com/2012/11/26/respawning-items/feed/index.html" [1]
2012-11-27 17:35:17 URL:http://tomeofpreach.wordpress.com/2012/11/24/a-modelling-pipeline/feed/ [957] -> "tomeofpreach.wordpress.com/2012/11/24/a-modelling-pipeline/feed/index.html" [1]
2012-11-27 17:35:17 URL:http://tomeofpreach.wordpress.com/2012/11/24/avoiding-nested-ifs-in-loops/feed/ [981] -> "tomeofpreach.wordpress.com/2012/11/24/avoiding-nested-ifs-in-loops/feed/index.html" [1]
2012-11-27 17:35:18 URL:http://tomeofpreach.wordpress.com/2012/11/19/reducing-nested-ifs/feed/ [1856] -> "tomeofpreach.wordpress.com/2012/11/19/reducing-nested-ifs/feed/index.html" [1]
2012-11-27 17:35:18 URL:http://tomeofpreach.wordpress.com/2012/11/23/rewriting-entity-paths/feed/ [963] -> "tomeofpreach.wordpress.com/2012/11/23/rewriting-entity-paths/feed/index.html" [1]
2012-11-27 17:35:19 URL:http://tomeofpreach.wordpress.com/2012/11/page/2/ [28635] -> "tomeofpreach.wordpress.com/2012/11/page/2/index.html" [1]
2012-11-27 17:35:19 URL:http://tomeofpreach.wordpress.com/2012/11/22/arch-window/feed/ [930] -> "tomeofpreach.wordpress.com/2012/11/22/arch-window/feed/index.html" [1]
2012-11-27 17:35:20 URL:http://tomeofpreach.wordpress.com/tag/modern/feed/ [24201] -> "tomeofpreach.wordpress.com/tag/modern/feed/index.html" [1]
2012-11-27 17:35:21 URL:http://tomeofpreach.wordpress.com/tag/modern/page/2/ [18776] -> "tomeofpreach.wordpress.com/tag/modern/page/2/index.html" [1]
2012-11-27 17:35:21 URL:http://tomeofpreach.wordpress.com/2012/11/21/roof/feed/ [909] -> "tomeofpreach.wordpress.com/2012/11/21/roof/feed/index.html" [1]
2012-11-27 17:35:21 URL:http://tomeofpreach.wordpress.com/2012/11/21/roof/roof/feed/ [919] -> "tomeofpreach.wordpress.com/2012/11/21/roof/roof/feed/index.html" [1]
2012-11-27 17:35:22 URL:http://tomeofpreach.wordpress.com/2012/11/21/oval-windo/feed/ [928] -> "tomeofpreach.wordpress.com/2012/11/21/oval-windo/feed/index.html" [1]
2012-11-27 17:35:22 URL:http://tomeofpreach.wordpress.com/2012/11/21/oval-windo/oval/feed/ [938] -> "tomeofpreach.wordpress.com/2012/11/21/oval-windo/oval/feed/index.html" [1]
2012-11-27 17:35:23 URL:http://tomeofpreach.wordpress.com/2012/11/21/embers/feed/ [915] -> "tomeofpreach.wordpress.com/2012/11/21/embers/feed/index.html" [1]
2012-11-27 17:35:23 URL:http://tomeofpreach.wordpress.com/2012/11/21/embers/embers/feed/ [929] -> "tomeofpreach.wordpress.com/2012/11/21/embers/embers/feed/index.html" [1]
2012-11-27 17:35:23 URL:http://tomeofpreach.wordpress.com/2012/11/21/crane-and-helipad/feed/ [948] -> "tomeofpreach.wordpress.com/2012/11/21/crane-and-helipad/feed/index.html" [1]
2012-11-27 17:35:24 URL:http://tomeofpreach.wordpress.com/2012/11/21/crane-and-helipad/crane/feed/ [948] -> "tomeofpreach.wordpress.com/2012/11/21/crane-and-helipad/crane/feed/index.html" [1]
2012-11-27 17:35:24 URL:http://tomeofpreach.wordpress.com/2012/11/21/crane-and-helipad/heli/feed/ [948] -> "tomeofpreach.wordpress.com/2012/11/21/crane-and-helipad/heli/feed/index.html" [1]
2012-11-27 17:35:25 URL:http://tomeofpreach.wordpress.com/tag/classic/feed/ [11646] -> "tomeofpreach.wordpress.com/tag/classic/feed/index.html" [1]
2012-11-27 17:35:25 URL:http://tomeofpreach.wordpress.com/2012/11/18/forcefield-smoke/feed/ [3377] -> "tomeofpreach.wordpress.com/2012/11/18/forcefield-smoke/feed/index.html" [1]
2012-11-27 17:35:26 URL:http://tomeofpreach.wordpress.com/2012/11/18/forcefield-smoke/?replytocom=3 [35019] -> "tomeofpreach.wordpress.com/2012/11/18/forcefield-smoke/index.html?replytocom=3.html" [1]
2012-11-27 17:35:27 URL:http://tomeofpreach.wordpress.com/2012/11/18/forcefield-smoke/?replytocom=6 [35021] -> "tomeofpreach.wordpress.com/2012/11/18/forcefield-smoke/index.html?replytocom=6.html" [1]
2012-11-27 17:35:27 URL:http://tomeofpreach.wordpress.com/2012/11/18/forcefield-smoke/plumes/feed/ [948] -> "tomeofpreach.wordpress.com/2012/11/18/forcefield-smoke/plumes/feed/index.html" [1]
2012-11-27 17:35:27 URL:http://tomeofpreach.wordpress.com/2012/11/18/forcefield-smoke/field/feed/ [946] -> "tomeofpreach.wordpress.com/2012/11/18/forcefield-smoke/field/feed/index.html" [1]
2012-11-27 17:35:28 URL:http://tomeofpreach.wordpress.com/2012/11/18/console/feed/ [918] -> "tomeofpreach.wordpress.com/2012/11/18/console/feed/index.html" [1]
2012-11-27 17:35:28 URL:http://tomeofpreach.wordpress.com/2012/11/18/flak-cannon/feed/ [930] -> "tomeofpreach.wordpress.com/2012/11/18/flak-cannon/feed/index.html" [1]
2012-11-27 17:35:29 URL:http://tomeofpreach.wordpress.com/2012/11/18/flak-cannon/flak/feed/ [940] -> "tomeofpreach.wordpress.com/2012/11/18/flak-cannon/flak/feed/index.html" [1]
2012-11-27 17:35:29 URL:http://tomeofpreach.wordpress.com/2012/11/18/medpack/feed/ [918] -> "tomeofpreach.wordpress.com/2012/11/18/medpack/feed/index.html" [1]
2012-11-27 17:35:29 URL:http://tomeofpreach.wordpress.com/2012/11/21/skin-sizes/feed/ [927] -> "tomeofpreach.wordpress.com/2012/11/21/skin-sizes/feed/index.html" [1]
2012-11-27 17:35:30 URL:http://tomeofpreach.wordpress.com/2012/11/19/progressive-enhancement/feed/ [966] -> "tomeofpreach.wordpress.com/2012/11/19/progressive-enhancement/feed/index.html" [1]
2012-11-27 17:35:30 URL:http://tomeofpreach.wordpress.com/2012/11/19/progressive-enhancement/plink/feed/ [960] -> "tomeofpreach.wordpress.com/2012/11/19/progressive-enhancement/plink/feed/index.html" [1]
2012-11-27 17:35:31 URL:http://tomeofpreach.wordpress.com/2012/11/18/forcefield-smoke/comment-page-1/?replytocom=3 [35559] -> "tomeofpreach.wordpress.com/2012/11/18/forcefield-smoke/comment-page-1/index.html?replytocom=3.html" [1]
2012-11-27 17:35:32 URL:http://tomeofpreach.wordpress.com/2012/11/18/forcefield-smoke/comment-page-1/?replytocom=6 [35090] -> "tomeofpreach.wordpress.com/2012/11/18/forcefield-smoke/comment-page-1/index.html?replytocom=6.html" [1]
2012-11-27 17:35:32 URL:http://tomeofpreach.wordpress.com/tag/refactoring/feed/ [7546] -> "tomeofpreach.wordpress.com/tag/refactoring/feed/index.html" [1]
2012-11-27 17:35:33 URL:http://tomeofpreach.wordpress.com/2012/11/18/an-anti-pattern/feed/ [942] -> "tomeofpreach.wordpress.com/2012/11/18/an-anti-pattern/feed/index.html" [1]
2012-11-27 17:35:33 URL:http://tomeofpreach.wordpress.com/2012/11/18/mid-map-entity-spawning/feed/ [966] -> "tomeofpreach.wordpress.com/2012/11/18/mid-map-entity-spawning/feed/index.html" [1]
2012-11-27 17:35:33 URL:http://tomeofpreach.wordpress.com/2012/11/18/triggered-explosions/feed/ [2031] -> "tomeofpreach.wordpress.com/2012/11/18/triggered-explosions/feed/index.html" [1]
2012-11-27 17:35:34 URL:http://tomeofpreach.wordpress.com/2012/11/18/extra-healthy-monsters/feed/ [963] -> "tomeofpreach.wordpress.com/2012/11/18/extra-healthy-monsters/feed/index.html" [1]
2012-11-27 17:35:35 URL:http://tomeofpreach.wordpress.com/page/4/ [36777] -> "tomeofpreach.wordpress.com/page/4/index.html" [1]
2012-11-27 17:35:35 URL:http://tomeofpreach.wordpress.com/2012/11/page/3/ [39738] -> "tomeofpreach.wordpress.com/2012/11/page/3/index.html" [1]
2012-11-27 17:35:36 URL:http://tomeofpreach.wordpress.com/page/5/ [20315] -> "tomeofpreach.wordpress.com/page/5/index.html" [1]
2012-11-27 17:35:37 URL:http://tomeofpreach.wordpress.com/2012/11/page/4/ [34026] -> "tomeofpreach.wordpress.com/2012/11/page/4/index.html" [1]
2012-11-27 17:35:38 URL:http://tomeofpreach.wordpress.com/2012/11/page/5/ [18702] -> "tomeofpreach.wordpress.com/2012/11/page/5/index.html" [1]
FINISHED --2012-11-27 17:35:38--
Total wall clock time: 1m 15s
Downloaded: 111 files, 2.1M in 17s (123 KB/s)
