2013-09-07 15:24:40 URL:http://tomeofpreach.wordpress.com/ [31610] -> "tomeofpreach.wordpress.com_20130907/index.html" [1]
2013-09-07 15:24:41 URL:http://tomeofpreach.wordpress.com/xmlrpc.php [42] -> "tomeofpreach.wordpress.com_20130907/xmlrpc.php" [1]
2013-09-07 15:24:42 URL:http://tomeofpreach.wordpress.com/feed/ [93711] -> "tomeofpreach.wordpress.com_20130907/feed/index.html" [1]
2013-09-07 15:24:43 URL:http://tomeofpreach.wordpress.com/comments/feed/ [9896] -> "tomeofpreach.wordpress.com_20130907/comments/feed/index.html" [1]
2013-09-07 15:24:43 URL:http://tomeofpreach.wordpress.com/xmlrpc.php?rsd [889] -> "tomeofpreach.wordpress.com_20130907/xmlrpc.php?rsd" [1]
2013-09-07 15:24:44 URL:http://tomeofpreach.wordpress.com/wp-includes/wlwmanifest.xml [1052/1052] -> "tomeofpreach.wordpress.com_20130907/wp-includes/wlwmanifest.xml" [1]
2013-09-07 15:24:44 URL:http://tomeofpreach.wordpress.com/?openidserver=1 [24] -> "tomeofpreach.wordpress.com_20130907/index.html?openidserver=1.html" [1]
2013-09-07 15:24:45 URL:http://tomeofpreach.wordpress.com/osd.xml [1478] -> "tomeofpreach.wordpress.com_20130907/osd.xml" [1]
2013-09-07 15:24:46 URL:http://tomeofpreach.wordpress.com/about/ [18865] -> "tomeofpreach.wordpress.com_20130907/about/index.html" [1]
2013-09-07 15:24:47 URL:http://tomeofpreach.wordpress.com/category/models/ [29850] -> "tomeofpreach.wordpress.com_20130907/category/models/index.html" [1]
2013-09-07 15:24:49 URL:http://tomeofpreach.wordpress.com/category/models/map-objects/ [29986] -> "tomeofpreach.wordpress.com_20130907/category/models/map-objects/index.html" [1]
2013-09-07 15:24:50 URL:http://tomeofpreach.wordpress.com/category/models/effects/ [26647] -> "tomeofpreach.wordpress.com_20130907/category/models/effects/index.html" [1]
2013-09-07 15:24:51 URL:http://tomeofpreach.wordpress.com/category/models/weapons/ [28042] -> "tomeofpreach.wordpress.com_20130907/category/models/weapons/index.html" [1]
2013-09-07 15:24:52 URL:http://tomeofpreach.wordpress.com/category/models/items/ [19019] -> "tomeofpreach.wordpress.com_20130907/category/models/items/index.html" [1]
2013-09-07 15:24:54 URL:http://tomeofpreach.wordpress.com/category/models/creatures/ [23296] -> "tomeofpreach.wordpress.com_20130907/category/models/creatures/index.html" [1]
2013-09-07 15:24:55 URL:http://tomeofpreach.wordpress.com/category/modelling/ [30135] -> "tomeofpreach.wordpress.com_20130907/category/modelling/index.html" [1]
2013-09-07 15:24:56 URL:http://tomeofpreach.wordpress.com/md3tomdl/ [19301] -> "tomeofpreach.wordpress.com_20130907/md3tomdl/index.html" [1]
2013-09-07 15:24:57 URL:http://tomeofpreach.wordpress.com/qmdl/ [19738] -> "tomeofpreach.wordpress.com_20130907/qmdl/index.html" [1]
2013-09-07 15:24:58 URL:http://tomeofpreach.wordpress.com/category/code/ [31301] -> "tomeofpreach.wordpress.com_20130907/category/code/index.html" [1]
2013-09-07 15:24:59 URL:http://tomeofpreach.wordpress.com/category/map-hacks/ [28135] -> "tomeofpreach.wordpress.com_20130907/category/map-hacks/index.html" [1]
2013-09-07 15:25:01 URL:http://tomeofpreach.wordpress.com/quoth/ [29145] -> "tomeofpreach.wordpress.com_20130907/quoth/index.html" [1]
2013-09-07 15:25:02 URL:http://tomeofpreach.wordpress.com/page/2/ [33147] -> "tomeofpreach.wordpress.com_20130907/page/2/index.html" [1]
2013-09-07 15:25:03 URL:http://tomeofpreach.wordpress.com/type/aside/ [17502] -> "tomeofpreach.wordpress.com_20130907/type/aside/index.html" [1]
2013-09-07 15:25:05 URL:http://tomeofpreach.wordpress.com/2013/08/19/state-of-play/ [37102] -> "tomeofpreach.wordpress.com_20130907/2013/08/19/state-of-play/index.html" [1]
2013-09-07 15:25:06 URL:http://tomeofpreach.wordpress.com/2013/09/05/quake-rc-and-being-a-good-citizen/ [47414] -> "tomeofpreach.wordpress.com_20130907/2013/09/05/quake-rc-and-being-a-good-citizen/index.html" [1]
2013-09-07 15:25:07 URL:http://tomeofpreach.wordpress.com/2013/08/23/getting-even-with-field-pointers/ [47854] -> "tomeofpreach.wordpress.com_20130907/2013/08/23/getting-even-with-field-pointers/index.html" [1]
2013-09-07 15:25:09 URL:http://tomeofpreach.wordpress.com/2013/08/09/going-overboard-with-field-pointers/ [49791] -> "tomeofpreach.wordpress.com_20130907/2013/08/09/going-overboard-with-field-pointers/index.html" [1]
2013-09-07 15:25:10 URL:http://tomeofpreach.wordpress.com/2013/08/19/normals-in-mdl-format/ [42080] -> "tomeofpreach.wordpress.com_20130907/2013/08/19/normals-in-mdl-format/index.html" [1]
2013-09-07 15:25:12 URL:http://tomeofpreach.wordpress.com/2013/08/01/skin-maps-for-mdl-format/ [43199] -> "tomeofpreach.wordpress.com_20130907/2013/08/01/skin-maps-for-mdl-format/index.html" [1]
2013-09-07 15:25:14 URL:http://tomeofpreach.wordpress.com/2013/08/10/poster/ [35958] -> "tomeofpreach.wordpress.com_20130907/2013/08/10/poster/index.html" [1]
2013-09-07 15:25:15 URL:http://tomeofpreach.wordpress.com/tag/base/ [28560] -> "tomeofpreach.wordpress.com_20130907/tag/base/index.html" [1]
2013-09-07 15:25:16 URL:http://tomeofpreach.wordpress.com/tag/medieval/ [30091] -> "tomeofpreach.wordpress.com_20130907/tag/medieval/index.html" [1]
2013-09-07 15:25:17 URL:http://tomeofpreach.wordpress.com/tag/modern/ [29684] -> "tomeofpreach.wordpress.com_20130907/tag/modern/index.html" [1]
2013-09-07 15:25:19 URL:http://tomeofpreach.wordpress.com/tag/window-kit/ [25961] -> "tomeofpreach.wordpress.com_20130907/tag/window-kit/index.html" [1]
2013-09-07 15:25:20 URL:http://tomeofpreach.wordpress.com/2013/06/22/makepak-py/ [40092] -> "tomeofpreach.wordpress.com_20130907/2013/06/22/makepak-py/index.html" [1]
2013-09-07 15:25:21 URL:http://tomeofpreach.wordpress.com/2013/09/ [18443] -> "tomeofpreach.wordpress.com_20130907/2013/09/index.html" [1]
2013-09-07 15:25:22 URL:http://tomeofpreach.wordpress.com/2013/08/ [27280] -> "tomeofpreach.wordpress.com_20130907/2013/08/index.html" [1]
2013-09-07 15:25:23 URL:http://tomeofpreach.wordpress.com/2013/07/ [28752] -> "tomeofpreach.wordpress.com_20130907/2013/07/index.html" [1]
2013-09-07 15:25:24 URL:http://tomeofpreach.wordpress.com/2013/06/ [31252] -> "tomeofpreach.wordpress.com_20130907/2013/06/index.html" [1]
2013-09-07 15:25:26 URL:http://tomeofpreach.wordpress.com/2013/05/ [30656] -> "tomeofpreach.wordpress.com_20130907/2013/05/index.html" [1]
2013-09-07 15:25:27 URL:http://tomeofpreach.wordpress.com/2013/04/ [25051] -> "tomeofpreach.wordpress.com_20130907/2013/04/index.html" [1]
2013-09-07 15:25:28 URL:http://tomeofpreach.wordpress.com/2013/03/ [27947] -> "tomeofpreach.wordpress.com_20130907/2013/03/index.html" [1]
2013-09-07 15:25:29 URL:http://tomeofpreach.wordpress.com/2013/02/ [19352] -> "tomeofpreach.wordpress.com_20130907/2013/02/index.html" [1]
2013-09-07 15:25:30 URL:http://tomeofpreach.wordpress.com/2013/01/ [21579] -> "tomeofpreach.wordpress.com_20130907/2013/01/index.html" [1]
2013-09-07 15:25:31 URL:http://tomeofpreach.wordpress.com/2012/12/ [27901] -> "tomeofpreach.wordpress.com_20130907/2012/12/index.html" [1]
2013-09-07 15:25:32 URL:http://tomeofpreach.wordpress.com/2012/11/ [33576] -> "tomeofpreach.wordpress.com_20130907/2012/11/index.html" [1]
2013-09-07 15:25:34 URL:http://tomeofpreach.wordpress.com/category/models/feed/ [44069] -> "tomeofpreach.wordpress.com_20130907/category/models/feed/index.html" [1]
2013-09-07 15:25:35 URL:http://tomeofpreach.wordpress.com/category/models/page/2/ [28856] -> "tomeofpreach.wordpress.com_20130907/category/models/page/2/index.html" [1]
2013-09-07 15:25:36 URL:http://tomeofpreach.wordpress.com/2013/07/26/runic-barrier/ [39441] -> "tomeofpreach.wordpress.com_20130907/2013/07/26/runic-barrier/index.html" [1]
2013-09-07 15:25:38 URL:http://tomeofpreach.wordpress.com/tag/elder/ [30267] -> "tomeofpreach.wordpress.com_20130907/tag/elder/index.html" [1]
2013-09-07 15:25:39 URL:http://tomeofpreach.wordpress.com/tag/runic/ [29701] -> "tomeofpreach.wordpress.com_20130907/tag/runic/index.html" [1]
2013-09-07 15:25:41 URL:http://tomeofpreach.wordpress.com/2013/07/17/button/ [41511] -> "tomeofpreach.wordpress.com_20130907/2013/07/17/button/index.html" [1]
2013-09-07 15:25:42 URL:http://tomeofpreach.wordpress.com/2013/07/05/starfield-screen/ [38025] -> "tomeofpreach.wordpress.com_20130907/2013/07/05/starfield-screen/index.html" [1]
2013-09-07 15:25:43 URL:http://tomeofpreach.wordpress.com/2013/07/01/mushroom/ [37417] -> "tomeofpreach.wordpress.com_20130907/2013/07/01/mushroom/index.html" [1]
2013-09-07 15:25:45 URL:http://tomeofpreach.wordpress.com/tag/foliage/ [20830] -> "tomeofpreach.wordpress.com_20130907/tag/foliage/index.html" [1]
2013-09-07 15:25:46 URL:http://tomeofpreach.wordpress.com/category/models/map-objects/feed/ [44091] -> "tomeofpreach.wordpress.com_20130907/category/models/map-objects/feed/index.html" [1]
2013-09-07 15:25:47 URL:http://tomeofpreach.wordpress.com/category/models/map-objects/page/2/ [29016] -> "tomeofpreach.wordpress.com_20130907/category/models/map-objects/page/2/index.html" [1]
2013-09-07 15:25:49 URL:http://tomeofpreach.wordpress.com/category/models/effects/feed/ [19277] -> "tomeofpreach.wordpress.com_20130907/category/models/effects/feed/index.html" [1]
2013-09-07 15:25:50 URL:http://tomeofpreach.wordpress.com/2013/03/30/waterfall/ [41110] -> "tomeofpreach.wordpress.com_20130907/2013/03/30/waterfall/index.html" [1]
2013-09-07 15:25:51 URL:http://tomeofpreach.wordpress.com/2012/11/21/embers/ [38864] -> "tomeofpreach.wordpress.com_20130907/2012/11/21/embers/index.html" [1]
2013-09-07 15:25:52 URL:http://tomeofpreach.wordpress.com/2012/11/21/embers/embers/ [31114] -> "tomeofpreach.wordpress.com_20130907/2012/11/21/embers/embers/index.html" [1]
2013-09-07 15:25:54 URL:http://tomeofpreach.wordpress.com/2012/11/18/forcefield-smoke/ [41346] -> "tomeofpreach.wordpress.com_20130907/2012/11/18/forcefield-smoke/index.html" [1]
2013-09-07 15:25:55 URL:http://tomeofpreach.wordpress.com/2012/11/18/forcefield-smoke/plumes/ [32262] -> "tomeofpreach.wordpress.com_20130907/2012/11/18/forcefield-smoke/plumes/index.html" [1]
2013-09-07 15:25:57 URL:http://tomeofpreach.wordpress.com/2012/11/18/forcefield-smoke/field/ [31435] -> "tomeofpreach.wordpress.com_20130907/2012/11/18/forcefield-smoke/field/index.html" [1]
2013-09-07 15:25:58 URL:http://tomeofpreach.wordpress.com/category/models/weapons/feed/ [19385] -> "tomeofpreach.wordpress.com_20130907/category/models/weapons/feed/index.html" [1]
2013-09-07 15:25:59 URL:http://tomeofpreach.wordpress.com/2012/12/10/demon-arms/ [37821] -> "tomeofpreach.wordpress.com_20130907/2012/12/10/demon-arms/index.html" [1]
2013-09-07 15:26:00 URL:http://tomeofpreach.wordpress.com/2012/12/01/xm8-rifle/ [38105] -> "tomeofpreach.wordpress.com_20130907/2012/12/01/xm8-rifle/index.html" [1]
2013-09-07 15:26:02 URL:http://tomeofpreach.wordpress.com/tag/classic/ [28552] -> "tomeofpreach.wordpress.com_20130907/tag/classic/index.html" [1]
2013-09-07 15:26:03 URL:http://tomeofpreach.wordpress.com/2012/12/01/tri-plasma-gun/ [33609] -> "tomeofpreach.wordpress.com_20130907/2012/12/01/tri-plasma-gun/index.html" [1]
2013-09-07 15:26:04 URL:http://tomeofpreach.wordpress.com/2012/11/30/submachine-gun/ [33674] -> "tomeofpreach.wordpress.com_20130907/2012/11/30/submachine-gun/index.html" [1]
2013-09-07 15:26:06 URL:http://tomeofpreach.wordpress.com/2012/11/18/flak-cannon/ [37106] -> "tomeofpreach.wordpress.com_20130907/2012/11/18/flak-cannon/index.html" [1]
2013-09-07 15:26:07 URL:http://tomeofpreach.wordpress.com/2012/11/18/flak-cannon/flak/ [31210] -> "tomeofpreach.wordpress.com_20130907/2012/11/18/flak-cannon/flak/index.html" [1]
2013-09-07 15:26:08 URL:http://tomeofpreach.wordpress.com/category/models/items/feed/ [4320] -> "tomeofpreach.wordpress.com_20130907/category/models/items/feed/index.html" [1]
2013-09-07 15:26:09 URL:http://tomeofpreach.wordpress.com/2012/11/18/medpack/ [37210] -> "tomeofpreach.wordpress.com_20130907/2012/11/18/medpack/index.html" [1]
2013-09-07 15:26:11 URL:http://tomeofpreach.wordpress.com/2012/11/18/medpack/ [37209] -> "tomeofpreach.wordpress.com_20130907/2012/11/18/medpack/medpack/index.html" [1]
2013-09-07 15:26:12 URL:http://tomeofpreach.wordpress.com/category/models/creatures/feed/ [14592] -> "tomeofpreach.wordpress.com_20130907/category/models/creatures/feed/index.html" [1]
2013-09-07 15:26:13 URL:http://tomeofpreach.wordpress.com/2012/12/24/shambler-dance/ [37028] -> "tomeofpreach.wordpress.com_20130907/2012/12/24/shambler-dance/index.html" [1]
2013-09-07 15:26:15 URL:http://tomeofpreach.wordpress.com/2012/12/15/ogre/ [39380] -> "tomeofpreach.wordpress.com_20130907/2012/12/15/ogre/index.html" [1]
2013-09-07 15:26:16 URL:http://tomeofpreach.wordpress.com/2012/12/05/horror/ [42651] -> "tomeofpreach.wordpress.com_20130907/2012/12/05/horror/index.html" [1]
2013-09-07 15:26:17 URL:http://tomeofpreach.wordpress.com/category/modelling/feed/ [84648] -> "tomeofpreach.wordpress.com_20130907/category/modelling/feed/index.html" [1]
2013-09-07 15:26:17 URL:http://tomeofpreach.wordpress.com/category/modelling/page/2/ [34699] -> "tomeofpreach.wordpress.com_20130907/category/modelling/page/2/index.html" [1]
2013-09-07 15:26:18 URL:http://tomeofpreach.wordpress.com/2013/02/03/standalone-fbxtomdl/ [50190] -> "tomeofpreach.wordpress.com_20130907/2013/02/03/standalone-fbxtomdl/index.html" [1]
2013-09-07 15:26:19 URL:http://tomeofpreach.wordpress.com/2013/01/31/work-in-progress-fbxtomdl-script/ [47876] -> "tomeofpreach.wordpress.com_20130907/2013/01/31/work-in-progress-fbxtomdl-script/index.html" [1]
2013-09-07 15:26:20 URL:http://tomeofpreach.wordpress.com/2012/12/31/in-defence-of-qme/ [40793] -> "tomeofpreach.wordpress.com_20130907/2012/12/31/in-defence-of-qme/index.html" [1]
2013-09-07 15:26:21 URL:http://tomeofpreach.wordpress.com/2012/11/22/arch-window/ [39644] -> "tomeofpreach.wordpress.com_20130907/2012/11/22/arch-window/index.html" [1]
2013-09-07 15:26:22 URL:http://tomeofpreach.wordpress.com/2012/11/24/a-modelling-pipeline/ [41679] -> "tomeofpreach.wordpress.com_20130907/2012/11/24/a-modelling-pipeline/index.html" [1]
2013-09-07 15:26:22 URL:http://tomeofpreach.wordpress.com/2012/11/18/console/ [39089] -> "tomeofpreach.wordpress.com_20130907/2012/11/18/console/index.html" [1]
2013-09-07 15:26:23 URL:http://tomeofpreach.wordpress.com/category/code/feed/ [94225] -> "tomeofpreach.wordpress.com_20130907/category/code/feed/index.html" [1]
2013-09-07 15:26:24 URL:http://tomeofpreach.wordpress.com/category/code/page/2/ [31682] -> "tomeofpreach.wordpress.com_20130907/category/code/page/2/index.html" [1]
2013-09-07 15:26:25 URL:http://tomeofpreach.wordpress.com/2013/08/07/field-pointers-in-qc/ [47100] -> "tomeofpreach.wordpress.com_20130907/2013/08/07/field-pointers-in-qc/index.html" [1]
2013-09-07 15:26:26 URL:http://tomeofpreach.wordpress.com/category/map-hacks/feed/ [58967] -> "tomeofpreach.wordpress.com_20130907/category/map-hacks/feed/index.html" [1]
2013-09-07 15:26:27 URL:http://tomeofpreach.wordpress.com/category/map-hacks/page/2/ [32871] -> "tomeofpreach.wordpress.com_20130907/category/map-hacks/page/2/index.html" [1]
2013-09-07 15:26:27 URL:http://tomeofpreach.wordpress.com/2013/06/07/random-algorithms-and-bsp/ [50200] -> "tomeofpreach.wordpress.com_20130907/2013/06/07/random-algorithms-and-bsp/index.html" [1]
2013-09-07 15:26:28 URL:http://tomeofpreach.wordpress.com/2013/05/31/greedy-algorithms-and-bsp/ [41185] -> "tomeofpreach.wordpress.com_20130907/2013/05/31/greedy-algorithms-and-bsp/index.html" [1]
2013-09-07 15:26:29 URL:http://tomeofpreach.wordpress.com/2013/05/15/new-logic-gates-part-two/ [40386] -> "tomeofpreach.wordpress.com_20130907/2013/05/15/new-logic-gates-part-two/index.html" [1]
2013-09-07 15:26:30 URL:http://tomeofpreach.wordpress.com/2013/05/13/new-logic-gate-design/ [44319] -> "tomeofpreach.wordpress.com_20130907/2013/05/13/new-logic-gate-design/index.html" [1]
2013-09-07 15:26:31 URL:http://tomeofpreach.wordpress.com/2013/05/11/trigger_damagethreshold-simulator/ [36235] -> "tomeofpreach.wordpress.com_20130907/2013/05/11/trigger_damagethreshold-simulator/index.html" [1]
2013-09-07 15:26:31 URL:http://tomeofpreach.wordpress.com/2013/05/10/infinite-ammo/ [35050] -> "tomeofpreach.wordpress.com_20130907/2013/05/10/infinite-ammo/index.html" [1]
2013-09-07 15:26:32 URL:http://tomeofpreach.wordpress.com/quoth/feed/ [883] -> "tomeofpreach.wordpress.com_20130907/quoth/feed/index.html" [1]
2013-09-07 15:26:33 URL:http://tomeofpreach.wordpress.com/quoth/tutorial/ [40741] -> "tomeofpreach.wordpress.com_20130907/quoth/tutorial/index.html" [1]
2013-09-07 15:26:34 URL:http://tomeofpreach.wordpress.com/page/3/ [31908] -> "tomeofpreach.wordpress.com_20130907/page/3/index.html" [1]
2013-09-07 15:26:34 URL:http://tomeofpreach.wordpress.com/2013/08/19/state-of-play/feed/ [936] -> "tomeofpreach.wordpress.com_20130907/2013/08/19/state-of-play/feed/index.html" [1]
2013-09-07 15:26:35 URL:http://tomeofpreach.wordpress.com/category/uncategorized/ [22083] -> "tomeofpreach.wordpress.com_20130907/category/uncategorized/index.html" [1]
2013-09-07 15:26:35 URL:http://tomeofpreach.wordpress.com/2013/09/05/quake-rc-and-being-a-good-citizen/feed/ [996] -> "tomeofpreach.wordpress.com_20130907/2013/09/05/quake-rc-and-being-a-good-citizen/feed/index.html" [1]
2013-09-07 15:26:35 URL:http://tomeofpreach.wordpress.com/2013/08/23/getting-even-with-field-pointers/feed/ [993] -> "tomeofpreach.wordpress.com_20130907/2013/08/23/getting-even-with-field-pointers/feed/index.html" [1]
2013-09-07 15:26:36 URL:http://tomeofpreach.wordpress.com/2012/11/24/avoiding-nested-ifs-in-loops/ [41671] -> "tomeofpreach.wordpress.com_20130907/2012/11/24/avoiding-nested-ifs-in-loops/index.html" [1]
2013-09-07 15:26:37 URL:http://tomeofpreach.wordpress.com/2013/08/09/going-overboard-with-field-pointers/feed/ [2053] -> "tomeofpreach.wordpress.com_20130907/2013/08/09/going-overboard-with-field-pointers/feed/index.html" [1]
2013-09-07 15:26:37 URL:http://tomeofpreach.wordpress.com/2013/08/19/normals-in-mdl-format/feed/ [961] -> "tomeofpreach.wordpress.com_20130907/2013/08/19/normals-in-mdl-format/feed/index.html" [1]
2013-09-07 15:26:38 URL:http://tomeofpreach.wordpress.com/2013/08/01/skin-maps-for-mdl-format/feed/ [1809] -> "tomeofpreach.wordpress.com_20130907/2013/08/01/skin-maps-for-mdl-format/feed/index.html" [1]
2013-09-07 15:26:38 URL:http://tomeofpreach.wordpress.com/2013/08/10/poster/feed/ [915] -> "tomeofpreach.wordpress.com_20130907/2013/08/10/poster/feed/index.html" [1]
2013-09-07 15:26:39 URL:http://tomeofpreach.wordpress.com/2013/04/10/decals/ [39056] -> "tomeofpreach.wordpress.com_20130907/2013/04/10/decals/index.html" [1]
2013-09-07 15:26:40 URL:http://tomeofpreach.wordpress.com/2013/07/13/palette-swapping-with-qme/ [38914] -> "tomeofpreach.wordpress.com_20130907/2013/07/13/palette-swapping-with-qme/index.html" [1]
2013-09-07 15:26:40 URL:http://tomeofpreach.wordpress.com/tag/base/feed/ [30221] -> "tomeofpreach.wordpress.com_20130907/tag/base/feed/index.html" [1]
2013-09-07 15:26:41 URL:http://tomeofpreach.wordpress.com/tag/base/page/2/ [21627] -> "tomeofpreach.wordpress.com_20130907/tag/base/page/2/index.html" [1]
2013-09-07 15:26:43 URL:http://tomeofpreach.wordpress.com/2013/06/29/levels-monitor/ [38265] -> "tomeofpreach.wordpress.com_20130907/2013/06/29/levels-monitor/index.html" [1]
2013-09-07 15:26:45 URL:http://tomeofpreach.wordpress.com/2013/06/16/oscillator-screen/ [38535] -> "tomeofpreach.wordpress.com_20130907/2013/06/16/oscillator-screen/index.html" [1]
2013-09-07 15:26:45 URL:http://tomeofpreach.wordpress.com/tag/medieval/feed/ [38672] -> "tomeofpreach.wordpress.com_20130907/tag/medieval/feed/index.html" [1]
2013-09-07 15:26:46 URL:http://tomeofpreach.wordpress.com/tag/medieval/page/2/ [24727] -> "tomeofpreach.wordpress.com_20130907/tag/medieval/page/2/index.html" [1]
2013-09-07 15:26:47 URL:http://tomeofpreach.wordpress.com/2012/12/20/dome/ [39787] -> "tomeofpreach.wordpress.com_20130907/2012/12/20/dome/index.html" [1]
2013-09-07 15:26:48 URL:http://tomeofpreach.wordpress.com/2012/12/16/fence/ [37697] -> "tomeofpreach.wordpress.com_20130907/2012/12/16/fence/index.html" [1]
2013-09-07 15:26:49 URL:http://tomeofpreach.wordpress.com/tag/modern/feed/ [44064] -> "tomeofpreach.wordpress.com_20130907/tag/modern/feed/index.html" [1]
2013-09-07 15:26:50 URL:http://tomeofpreach.wordpress.com/tag/modern/page/2/ [28675] -> "tomeofpreach.wordpress.com_20130907/tag/modern/page/2/index.html" [1]
2013-09-07 15:26:51 URL:http://tomeofpreach.wordpress.com/tag/window-kit/feed/ [20978] -> "tomeofpreach.wordpress.com_20130907/tag/window-kit/feed/index.html" [1]
2013-09-07 15:26:51 URL:http://tomeofpreach.wordpress.com/2013/04/09/glass-panes/ [39174] -> "tomeofpreach.wordpress.com_20130907/2013/04/09/glass-panes/index.html" [1]
2013-09-07 15:26:52 URL:http://tomeofpreach.wordpress.com/2013/03/31/windows-in-quake/ [39596] -> "tomeofpreach.wordpress.com_20130907/2013/03/31/windows-in-quake/index.html" [1]
2013-09-07 15:26:52 URL:http://tomeofpreach.wordpress.com/2013/06/22/makepak-py/feed/ [927] -> "tomeofpreach.wordpress.com_20130907/2013/06/22/makepak-py/feed/index.html" [1]
2013-09-07 15:26:53 URL:http://tomeofpreach.wordpress.com/2013/08/page/2/ [21034] -> "tomeofpreach.wordpress.com_20130907/2013/08/page/2/index.html" [1]
2013-09-07 15:26:54 URL:http://tomeofpreach.wordpress.com/2013/06/page/2/ [21842] -> "tomeofpreach.wordpress.com_20130907/2013/06/page/2/index.html" [1]
2013-09-07 15:26:55 URL:http://tomeofpreach.wordpress.com/2013/06/29/vines/ [38131] -> "tomeofpreach.wordpress.com_20130907/2013/06/29/vines/index.html" [1]
2013-09-07 15:26:56 URL:http://tomeofpreach.wordpress.com/2013/06/09/quasi-randomised-algorithms-and-bsp/ [42738] -> "tomeofpreach.wordpress.com_20130907/2013/06/09/quasi-randomised-algorithms-and-bsp/index.html" [1]
2013-09-07 15:26:57 URL:http://tomeofpreach.wordpress.com/2013/05/page/2/ [21517] -> "tomeofpreach.wordpress.com_20130907/2013/05/page/2/index.html" [1]
2013-09-07 15:26:57 URL:http://tomeofpreach.wordpress.com/2013/05/13/build-your-own-trigger/ [40017] -> "tomeofpreach.wordpress.com_20130907/2013/05/13/build-your-own-trigger/index.html" [1]
2013-09-07 15:26:58 URL:http://tomeofpreach.wordpress.com/2013/04/27/text-manipulation-in-quake-part-v-coroutines/ [45284] -> "tomeofpreach.wordpress.com_20130907/2013/04/27/text-manipulation-in-quake-part-v-coroutines/index.html" [1]
2013-09-07 15:26:59 URL:http://tomeofpreach.wordpress.com/tag/text/ [28381] -> "tomeofpreach.wordpress.com_20130907/tag/text/index.html" [1]
2013-09-07 15:27:00 URL:http://tomeofpreach.wordpress.com/2013/04/06/text-manipulation-in-quake-part-iv-state/ [42679] -> "tomeofpreach.wordpress.com_20130907/2013/04/06/text-manipulation-in-quake-part-iv-state/index.html" [1]
2013-09-07 15:27:01 URL:http://tomeofpreach.wordpress.com/2013/03/30/text-manipulation-in-quake-part-iii-parameters/ [41556] -> "tomeofpreach.wordpress.com_20130907/2013/03/30/text-manipulation-in-quake-part-iii-parameters/index.html" [1]
2013-09-07 15:27:02 URL:http://tomeofpreach.wordpress.com/2013/03/29/text-manipulation-in-quake-part-ii-inversion-of-control/ [49861] -> "tomeofpreach.wordpress.com_20130907/2013/03/29/text-manipulation-in-quake-part-ii-inversion-of-control/index.html" [1]
2013-09-07 15:27:03 URL:http://tomeofpreach.wordpress.com/2013/03/28/text-manipulation-in-quake-i-the-basics/ [47556] -> "tomeofpreach.wordpress.com_20130907/2013/03/28/text-manipulation-in-quake-i-the-basics/index.html" [1]
2013-09-07 15:27:04 URL:http://tomeofpreach.wordpress.com/2013/01/18/sub_normalizeangles-bug-squashed/ [43179] -> "tomeofpreach.wordpress.com_20130907/2013/01/18/sub_normalizeangles-bug-squashed/index.html" [1]
2013-09-07 15:27:04 URL:http://tomeofpreach.wordpress.com/2012/12/page/2/ [31625] -> "tomeofpreach.wordpress.com_20130907/2012/12/page/2/index.html" [1]
2013-09-07 15:27:05 URL:http://tomeofpreach.wordpress.com/2012/12/26/not-using-vlen/ [40390] -> "tomeofpreach.wordpress.com_20130907/2012/12/26/not-using-vlen/index.html" [1]
2013-09-07 15:27:06 URL:http://tomeofpreach.wordpress.com/2012/11/page/2/ [29998] -> "tomeofpreach.wordpress.com_20130907/2012/11/page/2/index.html" [1]
2013-09-07 15:27:07 URL:http://tomeofpreach.wordpress.com/2012/11/26/co-op-detection/ [38222] -> "tomeofpreach.wordpress.com_20130907/2012/11/26/co-op-detection/index.html" [1]
2013-09-07 15:27:08 URL:http://tomeofpreach.wordpress.com/2012/11/26/respawning-items/ [31506] -> "tomeofpreach.wordpress.com_20130907/2012/11/26/respawning-items/index.html" [1]
2013-09-07 15:27:09 URL:http://tomeofpreach.wordpress.com/2012/11/19/reducing-nested-ifs/ [39853] -> "tomeofpreach.wordpress.com_20130907/2012/11/19/reducing-nested-ifs/index.html" [1]
2013-09-07 15:27:10 URL:http://tomeofpreach.wordpress.com/category/models/page/3/ [29039] -> "tomeofpreach.wordpress.com_20130907/category/models/page/3/index.html" [1]
2013-09-07 15:27:10 URL:http://tomeofpreach.wordpress.com/2013/07/26/runic-barrier/feed/ [936] -> "tomeofpreach.wordpress.com_20130907/2013/07/26/runic-barrier/feed/index.html" [1]
2013-09-07 15:27:11 URL:http://tomeofpreach.wordpress.com/tag/elder/feed/ [32386] -> "tomeofpreach.wordpress.com_20130907/tag/elder/feed/index.html" [1]
2013-09-07 15:27:12 URL:http://tomeofpreach.wordpress.com/tag/elder/page/2/ [22119] -> "tomeofpreach.wordpress.com_20130907/tag/elder/page/2/index.html" [1]
2013-09-07 15:27:12 URL:http://tomeofpreach.wordpress.com/tag/runic/feed/ [24054] -> "tomeofpreach.wordpress.com_20130907/tag/runic/feed/index.html" [1]
2013-09-07 15:27:13 URL:http://tomeofpreach.wordpress.com/2012/11/21/oval-window/ [37938] -> "tomeofpreach.wordpress.com_20130907/2012/11/21/oval-window/index.html" [1]
2013-09-07 15:27:14 URL:http://tomeofpreach.wordpress.com/2012/11/21/oval-windo/oval/ [31330] -> "tomeofpreach.wordpress.com_20130907/2012/11/21/oval-windo/oval/index.html" [1]
2013-09-07 15:27:15 URL:http://tomeofpreach.wordpress.com/2013/07/17/button/feed/ [915] -> "tomeofpreach.wordpress.com_20130907/2013/07/17/button/feed/index.html" [1]
2013-09-07 15:27:15 URL:http://tomeofpreach.wordpress.com/2013/07/05/starfield-screen/feed/ [945] -> "tomeofpreach.wordpress.com_20130907/2013/07/05/starfield-screen/feed/index.html" [1]
2013-09-07 15:27:15 URL:http://tomeofpreach.wordpress.com/2013/07/01/mushroom/feed/ [921] -> "tomeofpreach.wordpress.com_20130907/2013/07/01/mushroom/feed/index.html" [1]
2013-09-07 15:27:16 URL:http://tomeofpreach.wordpress.com/tag/foliage/feed/ [7998] -> "tomeofpreach.wordpress.com_20130907/tag/foliage/feed/index.html" [1]
2013-09-07 15:27:17 URL:http://tomeofpreach.wordpress.com/category/models/map-objects/page/3/ [29923] -> "tomeofpreach.wordpress.com_20130907/category/models/map-objects/page/3/index.html" [1]
2013-09-07 15:27:17 URL:http://tomeofpreach.wordpress.com/2013/03/30/waterfall/feed/ [1544] -> "tomeofpreach.wordpress.com_20130907/2013/03/30/waterfall/feed/index.html" [1]
2013-09-07 15:27:18 URL:http://tomeofpreach.wordpress.com/2013/03/30/waterfall/comment-page-1/ [41193] -> "tomeofpreach.wordpress.com_20130907/2013/03/30/waterfall/comment-page-1/index.html" [1]
2013-09-07 15:27:19 URL:http://tomeofpreach.wordpress.com/2013/03/30/waterfall/?replytocom=69 [41190] -> "tomeofpreach.wordpress.com_20130907/2013/03/30/waterfall/index.html?replytocom=69.html" [1]
2013-09-07 15:27:20 URL:http://tomeofpreach.wordpress.com/2012/11/21/embers/feed/ [915] -> "tomeofpreach.wordpress.com_20130907/2012/11/21/embers/feed/index.html" [1]
2013-09-07 15:27:20 URL:http://tomeofpreach.wordpress.com/2012/11/21/crane-and-helipad/ [38673] -> "tomeofpreach.wordpress.com_20130907/2012/11/21/crane-and-helipad/index.html" [1]
2013-09-07 15:27:21 URL:http://tomeofpreach.wordpress.com/2012/11/21/embers/embers/feed/ [929] -> "tomeofpreach.wordpress.com_20130907/2012/11/21/embers/embers/feed/index.html" [1]
2013-09-07 15:27:21 URL:http://tomeofpreach.wordpress.com/2012/11/18/forcefield-smoke/feed/ [4213] -> "tomeofpreach.wordpress.com_20130907/2012/11/18/forcefield-smoke/feed/index.html" [1]
2013-09-07 15:27:22 URL:http://tomeofpreach.wordpress.com/2012/11/18/an-anti-pattern/ [42113] -> "tomeofpreach.wordpress.com_20130907/2012/11/18/an-anti-pattern/index.html" [1]
2013-09-07 15:27:23 URL:http://tomeofpreach.wordpress.com/2012/11/19/progressive-enhancement/ [43003] -> "tomeofpreach.wordpress.com_20130907/2012/11/19/progressive-enhancement/index.html" [1]
2013-09-07 15:27:24 URL:http://tomeofpreach.wordpress.com/2012/11/18/forcefield-smoke/comment-page-1/ [41445] -> "tomeofpreach.wordpress.com_20130907/2012/11/18/forcefield-smoke/comment-page-1/index.html" [1]
2013-09-07 15:27:25 URL:http://tomeofpreach.wordpress.com/2012/11/18/forcefield-smoke/?replytocom=3 [41423] -> "tomeofpreach.wordpress.com_20130907/2012/11/18/forcefield-smoke/index.html?replytocom=3.html" [1]
2013-09-07 15:27:26 URL:http://tomeofpreach.wordpress.com/2012/11/18/forcefield-smoke/?replytocom=6 [41424] -> "tomeofpreach.wordpress.com_20130907/2012/11/18/forcefield-smoke/index.html?replytocom=6.html" [1]
2013-09-07 15:27:27 URL:http://tomeofpreach.wordpress.com/2012/11/18/forcefield-smoke/plumes/feed/ [948] -> "tomeofpreach.wordpress.com_20130907/2012/11/18/forcefield-smoke/plumes/feed/index.html" [1]
2013-09-07 15:27:27 URL:http://tomeofpreach.wordpress.com/2012/11/18/forcefield-smoke/field/feed/ [946] -> "tomeofpreach.wordpress.com_20130907/2012/11/18/forcefield-smoke/field/feed/index.html" [1]
2013-09-07 15:27:27 URL:http://tomeofpreach.wordpress.com/2012/12/10/demon-arms/feed/ [927] -> "tomeofpreach.wordpress.com_20130907/2012/12/10/demon-arms/feed/index.html" [1]
2013-09-07 15:27:28 URL:http://tomeofpreach.wordpress.com/2012/12/10/holding-fire/ [40942] -> "tomeofpreach.wordpress.com_20130907/2012/12/10/holding-fire/index.html" [1]
2013-09-07 15:27:29 URL:http://tomeofpreach.wordpress.com/2012/12/01/xm8-rifle/feed/ [924] -> "tomeofpreach.wordpress.com_20130907/2012/12/01/xm8-rifle/feed/index.html" [1]
2013-09-07 15:27:30 URL:http://tomeofpreach.wordpress.com/2012/12/01/whats-in-a-name/ [45491] -> "tomeofpreach.wordpress.com_20130907/2012/12/01/whats-in-a-name/index.html" [1]
2013-09-07 15:27:31 URL:http://tomeofpreach.wordpress.com/tag/classic/feed/ [28886] -> "tomeofpreach.wordpress.com_20130907/tag/classic/feed/index.html" [1]
2013-09-07 15:27:31 URL:http://tomeofpreach.wordpress.com/tag/classic/page/2/ [21511] -> "tomeofpreach.wordpress.com_20130907/tag/classic/page/2/index.html" [1]
2013-09-07 15:27:32 URL:http://tomeofpreach.wordpress.com/2012/11/21/crane-and-helipad/crane/ [31368] -> "tomeofpreach.wordpress.com_20130907/2012/11/21/crane-and-helipad/crane/index.html" [1]
2013-09-07 15:27:33 URL:http://tomeofpreach.wordpress.com/2012/11/21/crane-and-helipad/heli/ [31376] -> "tomeofpreach.wordpress.com_20130907/2012/11/21/crane-and-helipad/heli/index.html" [1]
2013-09-07 15:27:33 URL:http://tomeofpreach.wordpress.com/2012/12/01/tri-plasma-gun/feed/ [939] -> "tomeofpreach.wordpress.com_20130907/2012/12/01/tri-plasma-gun/feed/index.html" [1]
2013-09-07 15:27:34 URL:http://tomeofpreach.wordpress.com/2012/11/30/submachine-gun/feed/ [1878] -> "tomeofpreach.wordpress.com_20130907/2012/11/30/submachine-gun/feed/index.html" [1]
2013-09-07 15:27:34 URL:http://tomeofpreach.wordpress.com/2012/11/18/flak-cannon/feed/ [930] -> "tomeofpreach.wordpress.com_20130907/2012/11/18/flak-cannon/feed/index.html" [1]
2013-09-07 15:27:34 URL:http://tomeofpreach.wordpress.com/2012/11/18/flak-cannon/flak/feed/ [940] -> "tomeofpreach.wordpress.com_20130907/2012/11/18/flak-cannon/flak/feed/index.html" [1]
2013-09-07 15:27:35 URL:http://tomeofpreach.wordpress.com/2012/11/18/medpack/feed/ [918] -> "tomeofpreach.wordpress.com_20130907/2012/11/18/medpack/feed/index.html" [1]
2013-09-07 15:27:35 URL:http://tomeofpreach.wordpress.com/2012/12/24/shambler-dance/feed/ [939] -> "tomeofpreach.wordpress.com_20130907/2012/12/24/shambler-dance/feed/index.html" [1]
2013-09-07 15:27:35 URL:http://tomeofpreach.wordpress.com/2012/12/15/ogre/feed/ [1724] -> "tomeofpreach.wordpress.com_20130907/2012/12/15/ogre/feed/index.html" [1]
2013-09-07 15:27:36 URL:http://tomeofpreach.wordpress.com/2012/12/05/horror/feed/ [2733] -> "tomeofpreach.wordpress.com_20130907/2012/12/05/horror/feed/index.html" [1]
2013-09-07 15:27:37 URL:http://tomeofpreach.wordpress.com/2012/12/03/overlapping-fields/ [45494] -> "tomeofpreach.wordpress.com_20130907/2012/12/03/overlapping-fields/index.html" [1]
2013-09-07 15:27:38 URL:http://tomeofpreach.wordpress.com/qmdl/ [19738] -> "tomeofpreach.wordpress.com_20130907/qmdl.1.html" [1]
2013-09-07 15:27:39 URL:http://tomeofpreach.wordpress.com/2012/12/05/horror/comment-page-1/ [42750] -> "tomeofpreach.wordpress.com_20130907/2012/12/05/horror/comment-page-1/index.html" [1]
2013-09-07 15:27:40 URL:http://tomeofpreach.wordpress.com/2012/12/05/horror/?replytocom=17 [42731] -> "tomeofpreach.wordpress.com_20130907/2012/12/05/horror/index.html?replytocom=17.html" [1]
2013-09-07 15:27:41 URL:http://tomeofpreach.wordpress.com/2012/12/05/horror/?replytocom=18 [42733] -> "tomeofpreach.wordpress.com_20130907/2012/12/05/horror/index.html?replytocom=18.html" [1]
2013-09-07 15:27:41 URL:http://tomeofpreach.wordpress.com/2012/11/21/skin-sizes/ [36831] -> "tomeofpreach.wordpress.com_20130907/2012/11/21/skin-sizes/index.html" [1]
2013-09-07 15:27:42 URL:http://tomeofpreach.wordpress.com/2012/11/19/progressive-enhancement/plink/ [31570] -> "tomeofpreach.wordpress.com_20130907/2012/11/19/progressive-enhancement/plink/index.html" [1]
2013-09-07 15:27:43 URL:http://tomeofpreach.wordpress.com/2013/02/03/standalone-fbxtomdl/feed/ [954] -> "tomeofpreach.wordpress.com_20130907/2013/02/03/standalone-fbxtomdl/feed/index.html" [1]
2013-09-07 15:27:43 URL:http://tomeofpreach.wordpress.com/2013/01/31/work-in-progress-fbxtomdl-script/feed/ [1635] -> "tomeofpreach.wordpress.com_20130907/2013/01/31/work-in-progress-fbxtomdl-script/feed/index.html" [1]
2013-09-07 15:27:43 URL:http://tomeofpreach.wordpress.com/2012/12/31/in-defence-of-qme/feed/ [948] -> "tomeofpreach.wordpress.com_20130907/2012/12/31/in-defence-of-qme/feed/index.html" [1]
2013-09-07 15:27:44 URL:http://tomeofpreach.wordpress.com/2012/11/22/arch-window/feed/ [930] -> "tomeofpreach.wordpress.com_20130907/2012/11/22/arch-window/feed/index.html" [1]
2013-09-07 15:27:45 URL:http://tomeofpreach.wordpress.com/2012/11/21/roof/ [37865] -> "tomeofpreach.wordpress.com_20130907/2012/11/21/roof/index.html" [1]
2013-09-07 15:27:45 URL:http://tomeofpreach.wordpress.com/2012/11/23/rewriting-entity-paths/ [40014] -> "tomeofpreach.wordpress.com_20130907/2012/11/23/rewriting-entity-paths/index.html" [1]
2013-09-07 15:27:46 URL:http://tomeofpreach.wordpress.com/2012/11/24/a-modelling-pipeline/feed/ [1890] -> "tomeofpreach.wordpress.com_20130907/2012/11/24/a-modelling-pipeline/feed/index.html" [1]
2013-09-07 15:27:46 URL:http://tomeofpreach.wordpress.com/2012/11/18/console/feed/ [3651] -> "tomeofpreach.wordpress.com_20130907/2012/11/18/console/feed/index.html" [1]
2013-09-07 15:27:47 URL:http://tomeofpreach.wordpress.com/2012/11/18/triggered-explosions/ [40266] -> "tomeofpreach.wordpress.com_20130907/2012/11/18/triggered-explosions/index.html" [1]
http://tomeofpreach.wordpress.com/console/console1/:
2013-09-07 15:27:48 ERROR 404: Not Found.
2013-09-07 15:27:49 URL:http://tomeofpreach.wordpress.com/category/code/page/3/ [28345] -> "tomeofpreach.wordpress.com_20130907/category/code/page/3/index.html" [1]
2013-09-07 15:27:49 URL:http://tomeofpreach.wordpress.com/2013/06/05/text-manipulation-in-quake-part-vi-numbers/ [44794] -> "tomeofpreach.wordpress.com_20130907/2013/06/05/text-manipulation-in-quake-part-vi-numbers/index.html" [1]
2013-09-07 15:27:50 URL:http://tomeofpreach.wordpress.com/2013/08/07/field-pointers-in-qc/feed/ [1614] -> "tomeofpreach.wordpress.com_20130907/2013/08/07/field-pointers-in-qc/feed/index.html" [1]
2013-09-07 15:27:51 URL:http://tomeofpreach.wordpress.com/quoth/tutorial/func_breakable/ [34988] -> "tomeofpreach.wordpress.com_20130907/quoth/tutorial/func_breakable/index.html" [1]
2013-09-07 15:27:51 URL:http://tomeofpreach.wordpress.com/category/map-hacks/page/3/ [30018] -> "tomeofpreach.wordpress.com_20130907/category/map-hacks/page/3/index.html" [1]
2013-09-07 15:27:52 URL:http://tomeofpreach.wordpress.com/2013/06/07/random-algorithms-and-bsp/feed/ [1642] -> "tomeofpreach.wordpress.com_20130907/2013/06/07/random-algorithms-and-bsp/feed/index.html" [1]
2013-09-07 15:27:52 URL:http://tomeofpreach.wordpress.com/2013/05/31/greedy-algorithms-and-bsp/feed/ [972] -> "tomeofpreach.wordpress.com_20130907/2013/05/31/greedy-algorithms-and-bsp/feed/index.html" [1]
2013-09-07 15:27:53 URL:http://tomeofpreach.wordpress.com/2013/05/15/new-logic-gates-part-two/feed/ [969] -> "tomeofpreach.wordpress.com_20130907/2013/05/15/new-logic-gates-part-two/feed/index.html" [1]
2013-09-07 15:27:53 URL:http://tomeofpreach.wordpress.com/2013/05/13/new-logic-gate-design/feed/ [1595] -> "tomeofpreach.wordpress.com_20130907/2013/05/13/new-logic-gate-design/feed/index.html" [1]
2013-09-07 15:27:53 URL:http://tomeofpreach.wordpress.com/2013/05/11/trigger_damagethreshold-simulator/feed/ [3233] -> "tomeofpreach.wordpress.com_20130907/2013/05/11/trigger_damagethreshold-simulator/feed/index.html" [1]
2013-09-07 15:27:54 URL:http://tomeofpreach.wordpress.com/2013/05/11/trigger_damagethreshold-simulator/comment-page-1/ [36320] -> "tomeofpreach.wordpress.com_20130907/2013/05/11/trigger_damagethreshold-simulator/comment-page-1/index.html" [1]
2013-09-07 15:27:55 URL:http://tomeofpreach.wordpress.com/2013/05/11/trigger_damagethreshold-simulator/?replytocom=80 [36318] -> "tomeofpreach.wordpress.com_20130907/2013/05/11/trigger_damagethreshold-simulator/index.html?replytocom=80.html" [1]
2013-09-07 15:27:56 URL:http://tomeofpreach.wordpress.com/2013/05/11/trigger_damagethreshold-simulator/?replytocom=82 [36317] -> "tomeofpreach.wordpress.com_20130907/2013/05/11/trigger_damagethreshold-simulator/index.html?replytocom=82.html" [1]
2013-09-07 15:27:57 URL:http://tomeofpreach.wordpress.com/2013/05/10/infinite-ammo/feed/ [2339] -> "tomeofpreach.wordpress.com_20130907/2013/05/10/infinite-ammo/feed/index.html" [1]
2013-09-07 15:27:57 URL:http://tomeofpreach.wordpress.com/quoth/tutorial/feed/ [895] -> "tomeofpreach.wordpress.com_20130907/quoth/tutorial/feed/index.html" [1]
2013-09-07 15:27:58 URL:http://tomeofpreach.wordpress.com/quoth/tutorial/monster_bob/ [30751] -> "tomeofpreach.wordpress.com_20130907/quoth/tutorial/monster_bob/index.html" [1]
2013-09-07 15:27:58 URL:http://tomeofpreach.wordpress.com/quoth/tutorial/worldspawn/ [34447] -> "tomeofpreach.wordpress.com_20130907/quoth/tutorial/worldspawn/index.html" [1]
2013-09-07 15:27:59 URL:http://tomeofpreach.wordpress.com/quoth/tutorial/monster-spawning/ [31421] -> "tomeofpreach.wordpress.com_20130907/quoth/tutorial/monster-spawning/index.html" [1]
2013-09-07 15:28:00 URL:http://tomeofpreach.wordpress.com/quoth/tutorial/corpse-removal/ [31561] -> "tomeofpreach.wordpress.com_20130907/quoth/tutorial/corpse-removal/index.html" [1]
2013-09-07 15:28:00 URL:http://tomeofpreach.wordpress.com/quoth/tutorial/item-respawning/ [29922] -> "tomeofpreach.wordpress.com_20130907/quoth/tutorial/item-respawning/index.html" [1]
2013-09-07 15:28:01 URL:http://tomeofpreach.wordpress.com/quoth/tutorial/external-models/ [31456] -> "tomeofpreach.wordpress.com_20130907/quoth/tutorial/external-models/index.html" [1]
2013-09-07 15:28:02 URL:http://tomeofpreach.wordpress.com/quoth/tutorial/multiple-targeting/ [30935] -> "tomeofpreach.wordpress.com_20130907/quoth/tutorial/multiple-targeting/index.html" [1]
2013-09-07 15:28:03 URL:http://tomeofpreach.wordpress.com/quoth/tutorial/coop-configuration/ [31703] -> "tomeofpreach.wordpress.com_20130907/quoth/tutorial/coop-configuration/index.html" [1]
2013-09-07 15:28:04 URL:http://tomeofpreach.wordpress.com/quoth/tutorial/point-triggers/ [30327] -> "tomeofpreach.wordpress.com_20130907/quoth/tutorial/point-triggers/index.html" [1]
2013-09-07 15:28:05 URL:http://tomeofpreach.wordpress.com/quoth/tutorial/customizable-deathtypes/ [29891] -> "tomeofpreach.wordpress.com_20130907/quoth/tutorial/customizable-deathtypes/index.html" [1]
2013-09-07 15:28:06 URL:http://tomeofpreach.wordpress.com/quoth/tutorial/environment-variables/ [33369] -> "tomeofpreach.wordpress.com_20130907/quoth/tutorial/environment-variables/index.html" [1]
2013-09-07 15:28:07 URL:http://tomeofpreach.wordpress.com/quoth/tutorial/monster_army_rocket/ [31514] -> "tomeofpreach.wordpress.com_20130907/monster_army_rocket/index.html" [1]
2013-09-07 15:28:08 URL:http://tomeofpreach.wordpress.com/quoth/tutorial/monster_defender/ [31158] -> "tomeofpreach.wordpress.com_20130907/monster_defender/index.html" [1]
2013-09-07 15:28:09 URL:http://tomeofpreach.wordpress.com/quoth/tutorial/monster_pyro/ [32436] -> "tomeofpreach.wordpress.com_20130907/monster_pyro/index.html" [1]
2013-09-07 15:28:10 URL:http://tomeofpreach.wordpress.com/quoth/tutorial/monster_eliminator/ [31316] -> "tomeofpreach.wordpress.com_20130907/quoth/tutorial/monster_eliminator/index.html" [1]
2013-09-07 15:28:11 URL:http://tomeofpreach.wordpress.com/quoth/tutorial/monster_scourge/ [32168] -> "tomeofpreach.wordpress.com_20130907/quoth/tutorial/monster_scourge/index.html" [1]
2013-09-07 15:28:11 URL:http://tomeofpreach.wordpress.com/quoth/tutorial/monster_sentinel/ [30839] -> "tomeofpreach.wordpress.com_20130907/quoth/tutorial/monster_sentinel/index.html" [1]
2013-09-07 15:28:12 URL:http://tomeofpreach.wordpress.com/quoth/tutorial/monster_edie/ [30324] -> "tomeofpreach.wordpress.com_20130907/quoth/tutorial/monster_edie/index.html" [1]
2013-09-07 15:28:13 URL:http://tomeofpreach.wordpress.com/quoth/tutorial/monster_ogre_flak/ [31448] -> "tomeofpreach.wordpress.com_20130907/quoth/tutorial/monster_ogre_flak/index.html" [1]
2013-09-07 15:28:13 URL:http://tomeofpreach.wordpress.com/quoth/tutorial/monster_voreling/ [33044] -> "tomeofpreach.wordpress.com_20130907/quoth/tutorial/monster_voreling/index.html" [1]
2013-09-07 15:28:14 URL:http://tomeofpreach.wordpress.com/quoth/tutorial/monster_polyp/ [36213] -> "tomeofpreach.wordpress.com_20130907/quoth/tutorial/monster_polyp/index.html" [1]
2013-09-07 15:28:15 URL:http://tomeofpreach.wordpress.com/quoth/tutorial/monster_death_guard/ [30360] -> "tomeofpreach.wordpress.com_20130907/quoth/tutorial/monster_death_guard/index.html" [1]
2013-09-07 15:28:15 URL:http://tomeofpreach.wordpress.com/quoth/tutorial/monster_death_knight/ [31219] -> "tomeofpreach.wordpress.com_20130907/quoth/tutorial/monster_death_knight/index.html" [1]
2013-09-07 15:28:16 URL:http://tomeofpreach.wordpress.com/quoth/tutorial/monster_death_lord/ [32526] -> "tomeofpreach.wordpress.com_20130907/quoth/tutorial/monster_death_lord/index.html" [1]
2013-09-07 15:28:17 URL:http://tomeofpreach.wordpress.com/quoth/tutorial/monster_gaunt/ [32214] -> "tomeofpreach.wordpress.com_20130907/quoth/tutorial/monster_gaunt/index.html" [1]
2013-09-07 15:28:18 URL:http://tomeofpreach.wordpress.com/quoth/tutorial/monster_drole/ [33175] -> "tomeofpreach.wordpress.com_20130907/quoth/tutorial/monster_drole/index.html" [1]
2013-09-07 15:28:19 URL:http://tomeofpreach.wordpress.com/quoth/tutorial/monster_gug/ [35188] -> "tomeofpreach.wordpress.com_20130907/quoth/tutorial/monster_gug/index.html" [1]
2013-09-07 15:28:19 URL:http://tomeofpreach.wordpress.com/quoth/tutorial/monster_vermis/ [33593] -> "tomeofpreach.wordpress.com_20130907/quoth/tutorial/monster_vermis/index.html" [1]
2013-09-07 15:28:20 URL:http://tomeofpreach.wordpress.com/quoth/tutorial/info_command/ [31327] -> "tomeofpreach.wordpress.com_20130907/quoth/tutorial/info_command/index.html" [1]
2013-09-07 15:28:21 URL:http://tomeofpreach.wordpress.com/quoth/tutorial/info_command_spawn/ [30235] -> "tomeofpreach.wordpress.com_20130907/quoth/tutorial/info_command_spawn/index.html" [1]
2013-09-07 15:28:22 URL:http://tomeofpreach.wordpress.com/quoth/tutorial/info_command_server/ [30099] -> "tomeofpreach.wordpress.com_20130907/quoth/tutorial/info_command_server/index.html" [1]
2013-09-07 15:28:22 URL:http://tomeofpreach.wordpress.com/quoth/tutorial/info_bomb/ [29436] -> "tomeofpreach.wordpress.com_20130907/quoth/tutorial/info_bomb/index.html" [1]
2013-09-07 15:28:23 URL:http://tomeofpreach.wordpress.com/quoth/tutorial/info_effect_pulse/ [30256] -> "tomeofpreach.wordpress.com_20130907/quoth/tutorial/info_effect_pulse/index.html" [1]
2013-09-07 15:28:24 URL:http://tomeofpreach.wordpress.com/quoth/tutorial/info_endgate/ [30697] -> "tomeofpreach.wordpress.com_20130907/quoth/tutorial/info_endgate/index.html" [1]
2013-09-07 15:28:24 URL:http://tomeofpreach.wordpress.com/quoth/tutorial/info_mapgate/ [30495] -> "tomeofpreach.wordpress.com_20130907/quoth/tutorial/info_mapgate/index.html" [1]
2013-09-07 15:28:25 URL:http://tomeofpreach.wordpress.com/quoth/tutorial/info_multispawn/ [30860] -> "tomeofpreach.wordpress.com_20130907/quoth/tutorial/info_multispawn/index.html" [1]
2013-09-07 15:28:26 URL:http://tomeofpreach.wordpress.com/quoth/tutorial/info_groupspawn/ [30159] -> "tomeofpreach.wordpress.com_20130907/quoth/tutorial/info_groupspawn/index.html" [1]
2013-09-07 15:28:26 URL:http://tomeofpreach.wordpress.com/quoth/tutorial/info_intermission/ [29684] -> "tomeofpreach.wordpress.com_20130907/quoth/tutorial/info_intermission/index.html" [1]
2013-09-07 15:28:27 URL:http://tomeofpreach.wordpress.com/quoth/tutorial/info_rubble/ [29802] -> "tomeofpreach.wordpress.com_20130907/quoth/tutorial/info_rubble/index.html" [1]
2013-09-07 15:28:28 URL:http://tomeofpreach.wordpress.com/quoth/tutorial/info_screenshake/ [30483] -> "tomeofpreach.wordpress.com_20130907/quoth/tutorial/info_screenshake/index.html" [1]
2013-09-07 15:28:29 URL:http://tomeofpreach.wordpress.com/quoth/tutorial/info_trap/ [33780] -> "tomeofpreach.wordpress.com_20130907/quoth/tutorial/info_trap/index.html" [1]
2013-09-07 15:28:29 URL:http://tomeofpreach.wordpress.com/quoth/tutorial/path_corner/ [32072] -> "tomeofpreach.wordpress.com_20130907/quoth/tutorial/path_corner/index.html" [1]
2013-09-07 15:28:30 URL:http://tomeofpreach.wordpress.com/quoth/tutorial/path_corner_contact/ [29503] -> "tomeofpreach.wordpress.com_20130907/quoth/tutorial/path_corner_contact/index.html" [1]
2013-09-07 15:28:32 URL:http://tomeofpreach.wordpress.com/quoth/tutorial/path_corner_precise/ [30021] -> "tomeofpreach.wordpress.com_20130907/quoth/tutorial/path_corner_precise/index.html" [1]
2013-09-07 15:28:32 URL:http://tomeofpreach.wordpress.com/quoth/tutorial/trigger_changelevel/ [30379] -> "tomeofpreach.wordpress.com_20130907/quoth/tutorial/trigger_changelevel/index.html" [1]
2013-09-07 15:28:33 URL:http://tomeofpreach.wordpress.com/quoth/tutorial/trigger_command/ [30675] -> "tomeofpreach.wordpress.com_20130907/quoth/tutorial/trigger_command/index.html" [1]
2013-09-07 15:28:34 URL:http://tomeofpreach.wordpress.com/quoth/tutorial/trigger_command_contact/ [31085] -> "tomeofpreach.wordpress.com_20130907/quoth/tutorial/trigger_command_contact/index.html" [1]
2013-09-07 15:28:34 URL:http://tomeofpreach.wordpress.com/quoth/tutorial/trigger_damagethreshold/ [29964] -> "tomeofpreach.wordpress.com_20130907/quoth/tutorial/trigger_damagethreshold/index.html" [1]
2013-09-07 15:28:35 URL:http://tomeofpreach.wordpress.com/quoth/tutorial/trigger_drolejump/ [29584] -> "tomeofpreach.wordpress.com_20130907/quoth/tutorial/trigger_drolejump/index.html" [1]
2013-09-07 15:28:36 URL:http://tomeofpreach.wordpress.com/quoth/tutorial/trigger_hurt/ [29882] -> "tomeofpreach.wordpress.com_20130907/quoth/tutorial/trigger_hurt/index.html" [1]
2013-09-07 15:28:36 URL:http://tomeofpreach.wordpress.com/quoth/tutorial/trigger_ladder/ [31348] -> "tomeofpreach.wordpress.com_20130907/quoth/tutorial/trigger_ladder/index.html" [1]
2013-09-07 15:28:37 URL:http://tomeofpreach.wordpress.com/quoth/tutorial/trigger_teleport/ [30052] -> "tomeofpreach.wordpress.com_20130907/quoth/tutorial/trigger_teleport/index.html" [1]
2013-09-07 15:28:38 URL:http://tomeofpreach.wordpress.com/quoth/tutorial/trigger_setgravity/ [29839] -> "tomeofpreach.wordpress.com_20130907/quoth/tutorial/trigger_setgravity/index.html" [1]
2013-09-07 15:28:39 URL:http://tomeofpreach.wordpress.com/quoth/tutorial/trigger_void/ [29592] -> "tomeofpreach.wordpress.com_20130907/quoth/tutorial/trigger_void/index.html" [1]
2013-09-07 15:28:39 URL:http://tomeofpreach.wordpress.com/quoth/tutorial/func_door_button/ [29999] -> "tomeofpreach.wordpress.com_20130907/quoth/tutorial/func_door_button/index.html" [1]
2013-09-07 15:28:40 URL:http://tomeofpreach.wordpress.com/quoth/tutorial/func_togglewall/ [31808] -> "tomeofpreach.wordpress.com_20130907/quoth/tutorial/func_togglewall/index.html" [1]
2013-09-07 15:28:41 URL:http://tomeofpreach.wordpress.com/quoth/tutorial/func_train/ [30451] -> "tomeofpreach.wordpress.com_20130907/quoth/tutorial/func_train/index.html" [1]
2013-09-07 15:28:42 URL:http://tomeofpreach.wordpress.com/quoth/tutorial/func_particlefield/ [30146] -> "tomeofpreach.wordpress.com_20130907/quoth/tutorial/func_particlefield/index.html" [1]
2013-09-07 15:28:42 URL:http://tomeofpreach.wordpress.com/quoth/tutorial/item_flashlight/ [30368] -> "tomeofpreach.wordpress.com_20130907/quoth/tutorial/item_flashlight/index.html" [1]
2013-09-07 15:28:43 URL:http://tomeofpreach.wordpress.com/quoth/tutorial/keys/ [29746] -> "tomeofpreach.wordpress.com_20130907/quoth/tutorial/keys/index.html" [1]
2013-09-07 15:28:44 URL:http://tomeofpreach.wordpress.com/quoth/tutorial/item_artifact_trinity/ [30430] -> "tomeofpreach.wordpress.com_20130907/quoth/tutorial/item_artifact_trinity/index.html" [1]
2013-09-07 15:28:45 URL:http://tomeofpreach.wordpress.com/quoth/tutorial/item_artifact_cross/ [30651] -> "tomeofpreach.wordpress.com_20130907/quoth/tutorial/item_artifact_cross/index.html" [1]
2013-09-07 15:28:45 URL:http://tomeofpreach.wordpress.com/quoth/tutorial/weapon_hammer/ [31666] -> "tomeofpreach.wordpress.com_20130907/quoth/tutorial/weapon_hammer/index.html" [1]
2013-09-07 15:28:46 URL:http://tomeofpreach.wordpress.com/quoth/tutorial/weapon_plasmagun/ [34338] -> "tomeofpreach.wordpress.com_20130907/quoth/tutorial/weapon_plasmagun/index.html" [1]
2013-09-07 15:28:47 URL:http://tomeofpreach.wordpress.com/quoth/tutorial/weapon_bomb/ [30962] -> "tomeofpreach.wordpress.com_20130907/quoth/tutorial/weapon_bomb/index.html" [1]
2013-09-07 15:28:48 URL:http://tomeofpreach.wordpress.com/quoth/tutorial/static-and-dynamic-map-objects/ [30854] -> "tomeofpreach.wordpress.com_20130907/quoth/tutorial/static-and-dynamic-map-objects/index.html" [1]
2013-09-07 15:28:48 URL:http://tomeofpreach.wordpress.com/quoth/tutorial/mapobject_custom/ [31308] -> "tomeofpreach.wordpress.com_20130907/quoth/tutorial/mapobject_custom/index.html" [1]
2013-09-07 15:28:49 URL:http://tomeofpreach.wordpress.com/quoth/tutorial/exploding-crates/ [30276] -> "tomeofpreach.wordpress.com_20130907/quoth/tutorial/exploding-crates/index.html" [1]
2013-09-07 15:28:50 URL:http://tomeofpreach.wordpress.com/quoth/tutorial/mapobject_grill/ [30508] -> "tomeofpreach.wordpress.com_20130907/quoth/tutorial/mapobject_grill/index.html" [1]
2013-09-07 15:28:51 URL:http://tomeofpreach.wordpress.com/quoth/tutorial/light_postlight/ [29908] -> "tomeofpreach.wordpress.com_20130907/quoth/tutorial/light_postlight/index.html" [1]
2013-09-07 15:28:51 URL:http://tomeofpreach.wordpress.com/quoth/tutorial/light_tubelight/ [29839] -> "tomeofpreach.wordpress.com_20130907/quoth/tutorial/light_tubelight/index.html" [1]
2013-09-07 15:28:52 URL:http://tomeofpreach.wordpress.com/quoth/tutorial/light_globe/ [29896] -> "tomeofpreach.wordpress.com_20130907/quoth/tutorial/light_globe/index.html" [1]
2013-09-07 15:28:53 URL:http://tomeofpreach.wordpress.com/quoth/tutorial/light_marsh/ [30216] -> "tomeofpreach.wordpress.com_20130907/quoth/tutorial/light_marsh/index.html" [1]
2013-09-07 15:28:54 URL:http://tomeofpreach.wordpress.com/quoth/tutorial/flame-braziers/ [31855] -> "tomeofpreach.wordpress.com_20130907/quoth/tutorial/flame-braziers/index.html" [1]
2013-09-07 15:28:54 URL:http://tomeofpreach.wordpress.com/quoth/tutorial/corpses/ [33012] -> "tomeofpreach.wordpress.com_20130907/quoth/tutorial/corpses/index.html" [1]
2013-09-07 15:28:55 URL:http://tomeofpreach.wordpress.com/quoth/tutorial/ambient_generalpurpose/ [30462] -> "tomeofpreach.wordpress.com_20130907/quoth/tutorial/ambient_generalpurpose/index.html" [1]
2013-09-07 15:28:56 URL:http://tomeofpreach.wordpress.com/quoth/tutorial/ambient_triggered/ [29887] -> "tomeofpreach.wordpress.com_20130907/quoth/tutorial/ambient_triggered/index.html" [1]
2013-09-07 15:28:57 URL:http://tomeofpreach.wordpress.com/quoth/tutorial/play_sound_triggered/ [33356] -> "tomeofpreach.wordpress.com_20130907/quoth/tutorial/play_sound_triggered/index.html" [1]
2013-09-07 15:28:58 URL:http://tomeofpreach.wordpress.com/quoth/tutorial/play_sound/ [29855] -> "tomeofpreach.wordpress.com_20130907/quoth/tutorial/play_sound/index.html" [1]
2013-09-07 15:28:59 URL:http://tomeofpreach.wordpress.com/quoth/tutorial/rotation-overview/ [34395] -> "tomeofpreach.wordpress.com_20130907/quoth/tutorial/rotation-overview/index.html" [1]
2013-09-07 15:29:00 URL:http://tomeofpreach.wordpress.com/quoth/tutorial/rotate_object/ [31742] -> "tomeofpreach.wordpress.com_20130907/quoth/tutorial/rotate_object/index.html" [1]
2013-09-07 15:29:02 URL:http://tomeofpreach.wordpress.com/quoth/tutorial/info_rotate/ [33094] -> "tomeofpreach.wordpress.com_20130907/quoth/tutorial/info_rotate/index.html" [1]
2013-09-07 15:29:03 URL:http://tomeofpreach.wordpress.com/quoth/tutorial/path_rotate/ [32811] -> "tomeofpreach.wordpress.com_20130907/quoth/tutorial/path_rotate/index.html" [1]
2013-09-07 15:29:04 URL:http://tomeofpreach.wordpress.com/quoth/tutorial/func_rotate_entity/ [30865] -> "tomeofpreach.wordpress.com_20130907/quoth/tutorial/func_rotate_entity/index.html" [1]
2013-09-07 15:29:04 URL:http://tomeofpreach.wordpress.com/quoth/tutorial/func_rotate_door/ [33687] -> "tomeofpreach.wordpress.com_20130907/quoth/tutorial/func_rotate_door/index.html" [1]
2013-09-07 15:29:05 URL:http://tomeofpreach.wordpress.com/quoth/tutorial/func_rotate_train/ [31144] -> "tomeofpreach.wordpress.com_20130907/quoth/tutorial/func_rotate_train/index.html" [1]
2013-09-07 15:29:06 URL:http://tomeofpreach.wordpress.com/quoth/tutorial/func_movewall/ [31682] -> "tomeofpreach.wordpress.com_20130907/quoth/tutorial/func_movewall/index.html" [1]
2013-09-07 15:29:07 URL:http://tomeofpreach.wordpress.com/page/4/ [35885] -> "tomeofpreach.wordpress.com_20130907/page/4/index.html" [1]
2013-09-07 15:29:08 URL:http://tomeofpreach.wordpress.com/category/uncategorized/feed/ [14509] -> "tomeofpreach.wordpress.com_20130907/category/uncategorized/feed/index.html" [1]
2013-09-07 15:29:08 URL:http://tomeofpreach.wordpress.com/2012/11/24/avoiding-nested-ifs-in-loops/feed/ [2008] -> "tomeofpreach.wordpress.com_20130907/2012/11/24/avoiding-nested-ifs-in-loops/feed/index.html" [1]
2013-09-07 15:29:08 URL:http://tomeofpreach.wordpress.com/2013/04/10/decals/feed/ [1718] -> "tomeofpreach.wordpress.com_20130907/2013/04/10/decals/feed/index.html" [1]
2013-09-07 15:29:09 URL:http://tomeofpreach.wordpress.com/2013/07/13/palette-swapping-with-qme/feed/ [1951] -> "tomeofpreach.wordpress.com_20130907/2013/07/13/palette-swapping-with-qme/feed/index.html" [1]
2013-09-07 15:29:09 URL:http://tomeofpreach.wordpress.com/2013/06/29/levels-monitor/feed/ [939] -> "tomeofpreach.wordpress.com_20130907/2013/06/29/levels-monitor/feed/index.html" [1]
2013-09-07 15:29:09 URL:http://tomeofpreach.wordpress.com/2013/06/16/oscillator-screen/feed/ [1933] -> "tomeofpreach.wordpress.com_20130907/2013/06/16/oscillator-screen/feed/index.html" [1]
2013-09-07 15:29:11 URL:http://tomeofpreach.wordpress.com/2012/11/21/roof/roof/ [31175] -> "tomeofpreach.wordpress.com_20130907/index.html?attachment_id=149.html" [1]
2013-09-07 15:29:11 URL:http://tomeofpreach.wordpress.com/2012/12/20/dome/feed/ [1792] -> "tomeofpreach.wordpress.com_20130907/2012/12/20/dome/feed/index.html" [1]
2013-09-07 15:29:11 URL:http://tomeofpreach.wordpress.com/2012/12/16/fence/feed/ [912] -> "tomeofpreach.wordpress.com_20130907/2012/12/16/fence/feed/index.html" [1]
2013-09-07 15:29:12 URL:http://tomeofpreach.wordpress.com/tag/modern/page/3/ [28862] -> "tomeofpreach.wordpress.com_20130907/tag/modern/page/3/index.html" [1]
2013-09-07 15:29:13 URL:http://tomeofpreach.wordpress.com/2013/04/09/glass-panes/feed/ [930] -> "tomeofpreach.wordpress.com_20130907/2013/04/09/glass-panes/feed/index.html" [1]
2013-09-07 15:29:13 URL:http://tomeofpreach.wordpress.com/2013/03/31/windows-in-quake/feed/ [945] -> "tomeofpreach.wordpress.com_20130907/2013/03/31/windows-in-quake/feed/index.html" [1]
2013-09-07 15:29:13 URL:http://tomeofpreach.wordpress.com/2013/06/29/vines/feed/ [912] -> "tomeofpreach.wordpress.com_20130907/2013/06/29/vines/feed/index.html" [1]
2013-09-07 15:29:14 URL:http://tomeofpreach.wordpress.com/2013/06/09/quasi-randomised-algorithms-and-bsp/feed/ [1002] -> "tomeofpreach.wordpress.com_20130907/2013/06/09/quasi-randomised-algorithms-and-bsp/feed/index.html" [1]
2013-09-07 15:29:14 URL:http://tomeofpreach.wordpress.com/2013/05/13/build-your-own-trigger/feed/ [963] -> "tomeofpreach.wordpress.com_20130907/2013/05/13/build-your-own-trigger/feed/index.html" [1]
2013-09-07 15:29:15 URL:http://tomeofpreach.wordpress.com/2013/04/27/text-manipulation-in-quake-part-v-coroutines/feed/ [2033] -> "tomeofpreach.wordpress.com_20130907/2013/04/27/text-manipulation-in-quake-part-v-coroutines/feed/index.html" [1]
2013-09-07 15:29:16 URL:http://tomeofpreach.wordpress.com/tag/text/feed/ [59347] -> "tomeofpreach.wordpress.com_20130907/tag/text/feed/index.html" [1]
2013-09-07 15:29:17 URL:http://tomeofpreach.wordpress.com/tag/text/page/2/ [19375] -> "tomeofpreach.wordpress.com_20130907/tag/text/page/2/index.html" [1]
2013-09-07 15:29:17 URL:http://tomeofpreach.wordpress.com/2013/04/06/text-manipulation-in-quake-part-iv-state/feed/ [1957] -> "tomeofpreach.wordpress.com_20130907/2013/04/06/text-manipulation-in-quake-part-iv-state/feed/index.html" [1]
2013-09-07 15:29:18 URL:http://tomeofpreach.wordpress.com/2013/03/30/text-manipulation-in-quake-part-iii-parameters/feed/ [1038] -> "tomeofpreach.wordpress.com_20130907/2013/03/30/text-manipulation-in-quake-part-iii-parameters/feed/index.html" [1]
2013-09-07 15:29:18 URL:http://tomeofpreach.wordpress.com/2013/03/29/text-manipulation-in-quake-part-ii-inversion-of-control/feed/ [2641] -> "tomeofpreach.wordpress.com_20130907/2013/03/29/text-manipulation-in-quake-part-ii-inversion-of-control/feed/index.html" [1]
2013-09-07 15:29:18 URL:http://tomeofpreach.wordpress.com/2013/03/28/text-manipulation-in-quake-i-the-basics/feed/ [2830] -> "tomeofpreach.wordpress.com_20130907/2013/03/28/text-manipulation-in-quake-i-the-basics/feed/index.html" [1]
2013-09-07 15:29:19 URL:http://tomeofpreach.wordpress.com/2013/01/18/sub_normalizeangles-bug-squashed/feed/ [2857] -> "tomeofpreach.wordpress.com_20130907/2013/01/18/sub_normalizeangles-bug-squashed/feed/index.html" [1]
2013-09-07 15:29:19 URL:http://tomeofpreach.wordpress.com/2013/01/18/sub_normalizeangles-bug-squashed/comment-page-1/ [43295] -> "tomeofpreach.wordpress.com_20130907/2013/01/18/sub_normalizeangles-bug-squashed/comment-page-1/index.html" [1]
2013-09-07 15:29:20 URL:http://tomeofpreach.wordpress.com/2013/01/18/sub_normalizeangles-bug-squashed/?replytocom=56 [43262] -> "tomeofpreach.wordpress.com_20130907/2013/01/18/sub_normalizeangles-bug-squashed/index.html?replytocom=56.html" [1]
2013-09-07 15:29:21 URL:http://tomeofpreach.wordpress.com/2013/01/18/sub_normalizeangles-bug-squashed/?replytocom=58 [43262] -> "tomeofpreach.wordpress.com_20130907/2013/01/18/sub_normalizeangles-bug-squashed/index.html?replytocom=58.html" [1]
2013-09-07 15:29:22 URL:http://tomeofpreach.wordpress.com/2013/01/18/sub_normalizeangles-bug-squashed/?replytocom=59 [43262] -> "tomeofpreach.wordpress.com_20130907/2013/01/18/sub_normalizeangles-bug-squashed/index.html?replytocom=59.html" [1]
2013-09-07 15:29:23 URL:http://tomeofpreach.wordpress.com/2012/12/page/3/ [23346] -> "tomeofpreach.wordpress.com_20130907/2012/12/page/3/index.html" [1]
2013-09-07 15:29:23 URL:http://tomeofpreach.wordpress.com/tag/ai/ [22187] -> "tomeofpreach.wordpress.com_20130907/tag/ai/index.html" [1]
2013-09-07 15:29:24 URL:http://tomeofpreach.wordpress.com/2012/12/26/not-using-vlen/feed/ [939] -> "tomeofpreach.wordpress.com_20130907/2012/12/26/not-using-vlen/feed/index.html" [1]
2013-09-07 15:29:25 URL:http://tomeofpreach.wordpress.com/2012/11/page/3/ [42036] -> "tomeofpreach.wordpress.com_20130907/2012/11/page/3/index.html" [1]
2013-09-07 15:29:25 URL:http://tomeofpreach.wordpress.com/2012/11/26/co-op-detection/feed/ [942] -> "tomeofpreach.wordpress.com_20130907/2012/11/26/co-op-detection/feed/index.html" [1]
2013-09-07 15:29:25 URL:http://tomeofpreach.wordpress.com/2012/11/26/respawning-items/feed/ [945] -> "tomeofpreach.wordpress.com_20130907/2012/11/26/respawning-items/feed/index.html" [1]
2013-09-07 15:29:26 URL:http://tomeofpreach.wordpress.com/2012/11/19/reducing-nested-ifs/feed/ [1856] -> "tomeofpreach.wordpress.com_20130907/2012/11/19/reducing-nested-ifs/feed/index.html" [1]
2013-09-07 15:29:27 URL:http://tomeofpreach.wordpress.com/tag/refactoring/ [24593] -> "tomeofpreach.wordpress.com_20130907/tag/refactoring/index.html" [1]
2013-09-07 15:29:27 URL:http://tomeofpreach.wordpress.com/category/models/page/4/ [28651] -> "tomeofpreach.wordpress.com_20130907/category/models/page/4/index.html" [1]
2013-09-07 15:29:28 URL:http://tomeofpreach.wordpress.com/2012/11/21/oval-window/feed/ [930] -> "tomeofpreach.wordpress.com_20130907/2012/11/21/oval-window/feed/index.html" [1]
2013-09-07 15:29:28 URL:http://tomeofpreach.wordpress.com/2012/11/21/oval-window/oval/feed/ [940] -> "tomeofpreach.wordpress.com_20130907/2012/11/21/oval-window/oval/feed/index.html" [1]
2013-09-07 15:29:29 URL:http://tomeofpreach.wordpress.com/2012/11/21/oval-window/oval/ [31329] -> "tomeofpreach.wordpress.com_20130907/2012/11/21/oval-window/oval/index.html" [1]
2013-09-07 15:29:30 URL:http://tomeofpreach.wordpress.com/category/models/map-objects/page/4/ [24951] -> "tomeofpreach.wordpress.com_20130907/category/models/map-objects/page/4/index.html" [1]
2013-09-07 15:29:30 URL:http://tomeofpreach.wordpress.com/2013/03/30/waterfall/comment-page-1/?replytocom=69 [41932] -> "tomeofpreach.wordpress.com_20130907/2013/03/30/waterfall/comment-page-1/index.html?replytocom=69.html" [1]
2013-09-07 15:29:31 URL:http://tomeofpreach.wordpress.com/2012/11/21/crane-and-helipad/feed/ [948] -> "tomeofpreach.wordpress.com_20130907/2012/11/21/crane-and-helipad/feed/index.html" [1]
2013-09-07 15:29:31 URL:http://tomeofpreach.wordpress.com/2012/11/18/an-anti-pattern/feed/ [2677] -> "tomeofpreach.wordpress.com_20130907/2012/11/18/an-anti-pattern/feed/index.html" [1]
2013-09-07 15:29:32 URL:http://tomeofpreach.wordpress.com/2012/11/18/mid-map-entity-spawning/ [38992] -> "tomeofpreach.wordpress.com_20130907/2012/11/18/mid-map-entity-spawning/index.html" [1]
2013-09-07 15:29:33 URL:http://tomeofpreach.wordpress.com/2012/11/18/an-anti-pattern/comment-page-1/ [42212] -> "tomeofpreach.wordpress.com_20130907/2012/11/18/an-anti-pattern/comment-page-1/index.html" [1]
2013-09-07 15:29:34 URL:http://tomeofpreach.wordpress.com/2012/11/18/an-anti-pattern/?replytocom=44 [42193] -> "tomeofpreach.wordpress.com_20130907/2012/11/18/an-anti-pattern/index.html?replytocom=44.html" [1]
2013-09-07 15:29:35 URL:http://tomeofpreach.wordpress.com/2012/11/18/an-anti-pattern/?replytocom=47 [42194] -> "tomeofpreach.wordpress.com_20130907/2012/11/18/an-anti-pattern/index.html?replytocom=47.html" [1]
2013-09-07 15:29:35 URL:http://tomeofpreach.wordpress.com/2012/11/19/progressive-enhancement/feed/ [1810] -> "tomeofpreach.wordpress.com_20130907/2012/11/19/progressive-enhancement/feed/index.html" [1]
2013-09-07 15:29:36 URL:http://tomeofpreach.wordpress.com/2012/11/18/forcefield-smoke/comment-page-1/?replytocom=3 [41522] -> "tomeofpreach.wordpress.com_20130907/2012/11/18/forcefield-smoke/comment-page-1/index.html?replytocom=3.html" [1]
2013-09-07 15:29:37 URL:http://tomeofpreach.wordpress.com/2012/11/18/forcefield-smoke/comment-page-1/?replytocom=6 [41523] -> "tomeofpreach.wordpress.com_20130907/2012/11/18/forcefield-smoke/comment-page-1/index.html?replytocom=6.html" [1]
2013-09-07 15:29:37 URL:http://tomeofpreach.wordpress.com/2012/12/10/holding-fire/feed/ [933] -> "tomeofpreach.wordpress.com_20130907/2012/12/10/holding-fire/feed/index.html" [1]
2013-09-07 15:29:37 URL:http://tomeofpreach.wordpress.com/2012/12/01/whats-in-a-name/feed/ [1555] -> "tomeofpreach.wordpress.com_20130907/2012/12/01/whats-in-a-name/feed/index.html" [1]
2013-09-07 15:29:38 URL:http://tomeofpreach.wordpress.com/2012/11/21/crane-and-helipad/crane/feed/ [948] -> "tomeofpreach.wordpress.com_20130907/2012/11/21/crane-and-helipad/crane/feed/index.html" [1]
2013-09-07 15:29:38 URL:http://tomeofpreach.wordpress.com/2012/11/21/crane-and-helipad/heli/feed/ [948] -> "tomeofpreach.wordpress.com_20130907/2012/11/21/crane-and-helipad/heli/feed/index.html" [1]
2013-09-07 15:29:38 URL:http://tomeofpreach.wordpress.com/2012/12/03/overlapping-fields/feed/ [951] -> "tomeofpreach.wordpress.com_20130907/2012/12/03/overlapping-fields/feed/index.html" [1]
2013-09-07 15:29:39 URL:http://tomeofpreach.wordpress.com/2012/12/05/horror/comment-page-1/?replytocom=17 [42830] -> "tomeofpreach.wordpress.com_20130907/2012/12/05/horror/comment-page-1/index.html?replytocom=17.html" [1]
2013-09-07 15:29:40 URL:http://tomeofpreach.wordpress.com/2012/12/05/horror/comment-page-1/?replytocom=18 [42832] -> "tomeofpreach.wordpress.com_20130907/2012/12/05/horror/comment-page-1/index.html?replytocom=18.html" [1]
2013-09-07 15:29:41 URL:http://tomeofpreach.wordpress.com/2012/11/21/skin-sizes/feed/ [927] -> "tomeofpreach.wordpress.com_20130907/2012/11/21/skin-sizes/feed/index.html" [1]
2013-09-07 15:29:41 URL:http://tomeofpreach.wordpress.com/2012/11/19/progressive-enhancement/plink/feed/ [960] -> "tomeofpreach.wordpress.com_20130907/2012/11/19/progressive-enhancement/plink/feed/index.html" [1]
2013-09-07 15:29:42 URL:http://tomeofpreach.wordpress.com/2012/11/21/roof/feed/ [909] -> "tomeofpreach.wordpress.com_20130907/2012/11/21/roof/feed/index.html" [1]
2013-09-07 15:29:42 URL:http://tomeofpreach.wordpress.com/2012/11/23/rewriting-entity-paths/feed/ [2553] -> "tomeofpreach.wordpress.com_20130907/2012/11/23/rewriting-entity-paths/feed/index.html" [1]
2013-09-07 15:29:43 URL:http://tomeofpreach.wordpress.com/2012/11/23/rewriting-entity-paths/comment-page-1/ [40113] -> "tomeofpreach.wordpress.com_20130907/2012/11/23/rewriting-entity-paths/comment-page-1/index.html" [1]
2013-09-07 15:29:44 URL:http://tomeofpreach.wordpress.com/2012/11/23/rewriting-entity-paths/?replytocom=40 [40095] -> "tomeofpreach.wordpress.com_20130907/2012/11/23/rewriting-entity-paths/index.html?replytocom=40.html" [1]
2013-09-07 15:29:45 URL:http://tomeofpreach.wordpress.com/2012/11/23/rewriting-entity-paths/?replytocom=41 [40093] -> "tomeofpreach.wordpress.com_20130907/2012/11/23/rewriting-entity-paths/index.html?replytocom=41.html" [1]
2013-09-07 15:29:45 URL:http://tomeofpreach.wordpress.com/2012/11/18/triggered-explosions/feed/ [2031] -> "tomeofpreach.wordpress.com_20130907/2012/11/18/triggered-explosions/feed/index.html" [1]
2013-09-07 15:29:46 URL:http://tomeofpreach.wordpress.com/2012/11/18/extra-healthy-monsters/ [38238] -> "tomeofpreach.wordpress.com_20130907/2012/11/18/extra-healthy-monsters/index.html" [1]
2013-09-07 15:29:47 URL:http://tomeofpreach.wordpress.com/category/code/page/4/ [33510] -> "tomeofpreach.wordpress.com_20130907/category/code/page/4/index.html" [1]
2013-09-07 15:29:47 URL:http://tomeofpreach.wordpress.com/2013/06/05/text-manipulation-in-quake-part-vi-numbers/feed/ [1026] -> "tomeofpreach.wordpress.com_20130907/2013/06/05/text-manipulation-in-quake-part-vi-numbers/feed/index.html" [1]
2013-09-07 15:29:48 URL:http://tomeofpreach.wordpress.com/quoth/tutorial/func_breakable/feed/ [916] -> "tomeofpreach.wordpress.com_20130907/quoth/tutorial/func_breakable/feed/index.html" [1]
2013-09-07 15:29:49 URL:http://tomeofpreach.wordpress.com/2013/05/11/trigger_damagethreshold-simulator/comment-page-1/?replytocom=80 [36402] -> "tomeofpreach.wordpress.com_20130907/2013/05/11/trigger_damagethreshold-simulator/comment-page-1/index.html?replytocom=80.html" [1]
2013-09-07 15:29:49 URL:http://tomeofpreach.wordpress.com/2013/05/11/trigger_damagethreshold-simulator/comment-page-1/?replytocom=82 [36400] -> "tomeofpreach.wordpress.com_20130907/2013/05/11/trigger_damagethreshold-simulator/comment-page-1/index.html?replytocom=82.html" [1]
2013-09-07 15:29:50 URL:http://tomeofpreach.wordpress.com/quoth/tutorial/monster_bob/feed/ [902] -> "tomeofpreach.wordpress.com_20130907/quoth/tutorial/monster_bob/feed/index.html" [1]
2013-09-07 15:29:50 URL:http://tomeofpreach.wordpress.com/quoth/tutorial/worldspawn/feed/ [908] -> "tomeofpreach.wordpress.com_20130907/quoth/tutorial/worldspawn/feed/index.html" [1]
2013-09-07 15:29:50 URL:http://tomeofpreach.wordpress.com/quoth/tutorial/monster-spawning/feed/ [920] -> "tomeofpreach.wordpress.com_20130907/quoth/tutorial/monster-spawning/feed/index.html" [1]
2013-09-07 15:29:51 URL:http://tomeofpreach.wordpress.com/quoth/tutorial/corpse-removal/feed/ [916] -> "tomeofpreach.wordpress.com_20130907/quoth/tutorial/corpse-removal/feed/index.html" [1]
2013-09-07 15:29:51 URL:http://tomeofpreach.wordpress.com/quoth/tutorial/item-respawning/feed/ [918] -> "tomeofpreach.wordpress.com_20130907/quoth/tutorial/item-respawning/feed/index.html" [1]
2013-09-07 15:29:51 URL:http://tomeofpreach.wordpress.com/quoth/tutorial/external-models/feed/ [918] -> "tomeofpreach.wordpress.com_20130907/quoth/tutorial/external-models/feed/index.html" [1]
2013-09-07 15:29:52 URL:http://tomeofpreach.wordpress.com/quoth/tutorial/multiple-targeting/feed/ [924] -> "tomeofpreach.wordpress.com_20130907/quoth/tutorial/multiple-targeting/feed/index.html" [1]
2013-09-07 15:29:52 URL:http://tomeofpreach.wordpress.com/quoth/tutorial/coop-configuration/feed/ [924] -> "tomeofpreach.wordpress.com_20130907/quoth/tutorial/coop-configuration/feed/index.html" [1]
2013-09-07 15:29:53 URL:http://tomeofpreach.wordpress.com/quoth/tutorial/point-triggers/feed/ [916] -> "tomeofpreach.wordpress.com_20130907/quoth/tutorial/point-triggers/feed/index.html" [1]
2013-09-07 15:29:53 URL:http://tomeofpreach.wordpress.com/quoth/tutorial/customizable-deathtypes/feed/ [934] -> "tomeofpreach.wordpress.com_20130907/quoth/tutorial/customizable-deathtypes/feed/index.html" [1]
2013-09-07 15:29:54 URL:http://tomeofpreach.wordpress.com/quoth/tutorial/commands/ [35047] -> "tomeofpreach.wordpress.com_20130907/quoth/tutorial/commands/index.html" [1]
2013-09-07 15:29:54 URL:http://tomeofpreach.wordpress.com/quoth/tutorial/environment-variables/feed/ [930] -> "tomeofpreach.wordpress.com_20130907/quoth/tutorial/environment-variables/feed/index.html" [1]
2013-09-07 15:29:55 URL:http://tomeofpreach.wordpress.com/quoth/tutorial/mapobject_waterfall/ [31803] -> "tomeofpreach.wordpress.com_20130907/quoth/tutorial/mapobject_waterfall/index.html" [1]
2013-09-07 15:29:55 URL:http://tomeofpreach.wordpress.com/quoth/tutorial/monster_defender/feed/ [912] -> "tomeofpreach.wordpress.com_20130907/quoth/tutorial/monster_defender/feed/index.html" [1]
2013-09-07 15:29:56 URL:http://tomeofpreach.wordpress.com/quoth/tutorial/monster_eliminator/feed/ [916] -> "tomeofpreach.wordpress.com_20130907/quoth/tutorial/monster_eliminator/feed/index.html" [1]
2013-09-07 15:29:56 URL:http://tomeofpreach.wordpress.com/quoth/tutorial/monster_scourge/feed/ [911] -> "tomeofpreach.wordpress.com_20130907/quoth/tutorial/monster_scourge/feed/index.html" [1]
2013-09-07 15:29:57 URL:http://tomeofpreach.wordpress.com/quoth/tutorial/monster_sentinel/feed/ [912] -> "tomeofpreach.wordpress.com_20130907/quoth/tutorial/monster_sentinel/feed/index.html" [1]
2013-09-07 15:29:57 URL:http://tomeofpreach.wordpress.com/quoth/tutorial/monster_edie/feed/ [904] -> "tomeofpreach.wordpress.com_20130907/quoth/tutorial/monster_edie/feed/index.html" [1]
2013-09-07 15:29:57 URL:http://tomeofpreach.wordpress.com/quoth/tutorial/monster_ogre_flak/feed/ [914] -> "tomeofpreach.wordpress.com_20130907/quoth/tutorial/monster_ogre_flak/feed/index.html" [1]
2013-09-07 15:29:58 URL:http://tomeofpreach.wordpress.com/quoth/tutorial/monster_voreling/feed/ [920] -> "tomeofpreach.wordpress.com_20130907/quoth/tutorial/monster_voreling/feed/index.html" [1]
2013-09-07 15:29:58 URL:http://tomeofpreach.wordpress.com/quoth/tutorial/monster_polyp/feed/ [906] -> "tomeofpreach.wordpress.com_20130907/quoth/tutorial/monster_polyp/feed/index.html" [1]
2013-09-07 15:29:59 URL:http://tomeofpreach.wordpress.com/quoth/tutorial/monster_death_guard/feed/ [918] -> "tomeofpreach.wordpress.com_20130907/quoth/tutorial/monster_death_guard/feed/index.html" [1]
2013-09-07 15:29:59 URL:http://tomeofpreach.wordpress.com/quoth/tutorial/monster_death_knight/feed/ [920] -> "tomeofpreach.wordpress.com_20130907/quoth/tutorial/monster_death_knight/feed/index.html" [1]
2013-09-07 15:29:59 URL:http://tomeofpreach.wordpress.com/quoth/tutorial/monster_death_lord/feed/ [916] -> "tomeofpreach.wordpress.com_20130907/quoth/tutorial/monster_death_lord/feed/index.html" [1]
2013-09-07 15:30:00 URL:http://tomeofpreach.wordpress.com/quoth/tutorial/monster_gaunt/feed/ [906] -> "tomeofpreach.wordpress.com_20130907/quoth/tutorial/monster_gaunt/feed/index.html" [1]
2013-09-07 15:30:00 URL:http://tomeofpreach.wordpress.com/quoth/tutorial/monster_drole/feed/ [906] -> "tomeofpreach.wordpress.com_20130907/quoth/tutorial/monster_drole/feed/index.html" [1]
2013-09-07 15:30:00 URL:http://tomeofpreach.wordpress.com/quoth/tutorial/monster_gug/feed/ [902] -> "tomeofpreach.wordpress.com_20130907/quoth/tutorial/monster_gug/feed/index.html" [1]
2013-09-07 15:30:01 URL:http://tomeofpreach.wordpress.com/quoth/tutorial/monster_vermis/feed/ [908] -> "tomeofpreach.wordpress.com_20130907/quoth/tutorial/monster_vermis/feed/index.html" [1]
2013-09-07 15:30:01 URL:http://tomeofpreach.wordpress.com/quoth/tutorial/info_command/feed/ [912] -> "tomeofpreach.wordpress.com_20130907/quoth/tutorial/info_command/feed/index.html" [1]
2013-09-07 15:30:02 URL:http://tomeofpreach.wordpress.com/quoth/tutorial/info_command_server/ [30095] -> "tomeofpreach.wordpress.com_20130907/quoth/tutorial/info_command_server.1.html" [1]
2013-09-07 15:30:03 URL:http://tomeofpreach.wordpress.com/quoth/tutorial/info_command_spawn/feed/ [924] -> "tomeofpreach.wordpress.com_20130907/quoth/tutorial/info_command_spawn/feed/index.html" [1]
2013-09-07 15:30:03 URL:http://tomeofpreach.wordpress.com/quoth/tutorial/info_command_server/feed/ [926] -> "tomeofpreach.wordpress.com_20130907/quoth/tutorial/info_command_server/feed/index.html" [1]
2013-09-07 15:30:03 URL:http://tomeofpreach.wordpress.com/quoth/tutorial/info_bomb/feed/ [906] -> "tomeofpreach.wordpress.com_20130907/quoth/tutorial/info_bomb/feed/index.html" [1]
2013-09-07 15:30:04 URL:http://tomeofpreach.wordpress.com/quoth/tutorial/info_effect_pulse/feed/ [922] -> "tomeofpreach.wordpress.com_20130907/quoth/tutorial/info_effect_pulse/feed/index.html" [1]
2013-09-07 15:30:04 URL:http://tomeofpreach.wordpress.com/quoth/tutorial/info_endgate/feed/ [912] -> "tomeofpreach.wordpress.com_20130907/quoth/tutorial/info_endgate/feed/index.html" [1]
2013-09-07 15:30:04 URL:http://tomeofpreach.wordpress.com/quoth/tutorial/info_mapgate/feed/ [912] -> "tomeofpreach.wordpress.com_20130907/quoth/tutorial/info_mapgate/feed/index.html" [1]
2013-09-07 15:30:05 URL:http://tomeofpreach.wordpress.com/quoth/tutorial/info_multispawn/feed/ [918] -> "tomeofpreach.wordpress.com_20130907/quoth/tutorial/info_multispawn/feed/index.html" [1]
2013-09-07 15:30:05 URL:http://tomeofpreach.wordpress.com/quoth/tutorial/info_groupspawn/feed/ [918] -> "tomeofpreach.wordpress.com_20130907/quoth/tutorial/info_groupspawn/feed/index.html" [1]
2013-09-07 15:30:06 URL:http://tomeofpreach.wordpress.com/quoth/tutorial/info_intermission/feed/ [922] -> "tomeofpreach.wordpress.com_20130907/quoth/tutorial/info_intermission/feed/index.html" [1]
2013-09-07 15:30:06 URL:http://tomeofpreach.wordpress.com/quoth/tutorial/info_rubble/feed/ [910] -> "tomeofpreach.wordpress.com_20130907/quoth/tutorial/info_rubble/feed/index.html" [1]
2013-09-07 15:30:07 URL:http://tomeofpreach.wordpress.com/quoth/tutorial/func_breakable/ [34988] -> "tomeofpreach.wordpress.com_20130907/quoth/tutorial/func_breakable.1.html" [1]
2013-09-07 15:30:07 URL:http://tomeofpreach.wordpress.com/quoth/tutorial/info_screenshake/feed/ [920] -> "tomeofpreach.wordpress.com_20130907/quoth/tutorial/info_screenshake/feed/index.html" [1]
2013-09-07 15:30:08 URL:http://tomeofpreach.wordpress.com/quoth/tutorial/info_trap/feed/ [2175] -> "tomeofpreach.wordpress.com_20130907/quoth/tutorial/info_trap/feed/index.html" [1]
2013-09-07 15:30:09 URL:http://tomeofpreach.wordpress.com/quoth/tutorial/info_trap/comment-page-1/ [33865] -> "tomeofpreach.wordpress.com_20130907/quoth/tutorial/info_trap/comment-page-1/index.html" [1]
2013-09-07 15:30:09 URL:http://tomeofpreach.wordpress.com/quoth/tutorial/info_trap/?replytocom=121 [33865] -> "tomeofpreach.wordpress.com_20130907/quoth/tutorial/info_trap/index.html?replytocom=121.html" [1]
2013-09-07 15:30:10 URL:http://tomeofpreach.wordpress.com/quoth/tutorial/info_trap/?replytocom=122 [33865] -> "tomeofpreach.wordpress.com_20130907/quoth/tutorial/info_trap/index.html?replytocom=122.html" [1]
2013-09-07 15:30:10 URL:http://tomeofpreach.wordpress.com/quoth/tutorial/path_corner/feed/ [910] -> "tomeofpreach.wordpress.com_20130907/quoth/tutorial/path_corner/feed/index.html" [1]
2013-09-07 15:30:11 URL:http://tomeofpreach.wordpress.com/quoth/tutorial/path_corner_contact/feed/ [926] -> "tomeofpreach.wordpress.com_20130907/quoth/tutorial/path_corner_contact/feed/index.html" [1]
2013-09-07 15:30:11 URL:http://tomeofpreach.wordpress.com/quoth/tutorial/path_corner_precise/feed/ [926] -> "tomeofpreach.wordpress.com_20130907/quoth/tutorial/path_corner_precise/feed/index.html" [1]
2013-09-07 15:30:11 URL:http://tomeofpreach.wordpress.com/quoth/tutorial/trigger_changelevel/feed/ [926] -> "tomeofpreach.wordpress.com_20130907/quoth/tutorial/trigger_changelevel/feed/index.html" [1]
2013-09-07 15:30:12 URL:http://tomeofpreach.wordpress.com/quoth/tutorial/trigger_command/feed/ [918] -> "tomeofpreach.wordpress.com_20130907/quoth/tutorial/trigger_command/feed/index.html" [1]
2013-09-07 15:30:12 URL:http://tomeofpreach.wordpress.com/quoth/tutorial/trigger_command_contact/feed/ [934] -> "tomeofpreach.wordpress.com_20130907/quoth/tutorial/trigger_command_contact/feed/index.html" [1]
2013-09-07 15:30:13 URL:http://tomeofpreach.wordpress.com/quoth/tutorial/trigger_damagethreshold/feed/ [934] -> "tomeofpreach.wordpress.com_20130907/quoth/tutorial/trigger_damagethreshold/feed/index.html" [1]
2013-09-07 15:30:13 URL:http://tomeofpreach.wordpress.com/quoth/tutorial/trigger_drolejump/feed/ [922] -> "tomeofpreach.wordpress.com_20130907/quoth/tutorial/trigger_drolejump/feed/index.html" [1]
2013-09-07 15:30:13 URL:http://tomeofpreach.wordpress.com/quoth/tutorial/trigger_hurt/feed/ [912] -> "tomeofpreach.wordpress.com_20130907/quoth/tutorial/trigger_hurt/feed/index.html" [1]
2013-09-07 15:30:14 URL:http://tomeofpreach.wordpress.com/quoth/tutorial/trigger_ladder/feed/ [916] -> "tomeofpreach.wordpress.com_20130907/quoth/tutorial/trigger_ladder/feed/index.html" [1]
2013-09-07 15:30:14 URL:http://tomeofpreach.wordpress.com/quoth/tutorial/trigger_teleport/feed/ [920] -> "tomeofpreach.wordpress.com_20130907/quoth/tutorial/trigger_teleport/feed/index.html" [1]
2013-09-07 15:30:14 URL:http://tomeofpreach.wordpress.com/quoth/tutorial/trigger_setgravity/feed/ [924] -> "tomeofpreach.wordpress.com_20130907/quoth/tutorial/trigger_setgravity/feed/index.html" [1]
2013-09-07 15:30:15 URL:http://tomeofpreach.wordpress.com/quoth/tutorial/trigger_void/feed/ [912] -> "tomeofpreach.wordpress.com_20130907/quoth/tutorial/trigger_void/feed/index.html" [1]
2013-09-07 15:30:15 URL:http://tomeofpreach.wordpress.com/quoth/tutorial/func_door_button/feed/ [920] -> "tomeofpreach.wordpress.com_20130907/quoth/tutorial/func_door_button/feed/index.html" [1]
2013-09-07 15:30:15 URL:http://tomeofpreach.wordpress.com/quoth/tutorial/func_togglewall/feed/ [918] -> "tomeofpreach.wordpress.com_20130907/quoth/tutorial/func_togglewall/feed/index.html" [1]
2013-09-07 15:30:16 URL:http://tomeofpreach.wordpress.com/quoth/tutorial/func_train/feed/ [908] -> "tomeofpreach.wordpress.com_20130907/quoth/tutorial/func_train/feed/index.html" [1]
2013-09-07 15:30:16 URL:http://tomeofpreach.wordpress.com/quoth/tutorial/func_particlefield/feed/ [924] -> "tomeofpreach.wordpress.com_20130907/quoth/tutorial/func_particlefield/feed/index.html" [1]
2013-09-07 15:30:16 URL:http://tomeofpreach.wordpress.com/quoth/tutorial/item_flashlight/feed/ [913] -> "tomeofpreach.wordpress.com_20130907/quoth/tutorial/item_flashlight/feed/index.html" [1]
2013-09-07 15:30:17 URL:http://tomeofpreach.wordpress.com/quoth/tutorial/keys/feed/ [896] -> "tomeofpreach.wordpress.com_20130907/quoth/tutorial/keys/feed/index.html" [1]
2013-09-07 15:30:17 URL:http://tomeofpreach.wordpress.com/quoth/tutorial/item_artifact_trinity/feed/ [916] -> "tomeofpreach.wordpress.com_20130907/quoth/tutorial/item_artifact_trinity/feed/index.html" [1]
2013-09-07 15:30:17 URL:http://tomeofpreach.wordpress.com/quoth/tutorial/item_artifact_cross/feed/ [926] -> "tomeofpreach.wordpress.com_20130907/quoth/tutorial/item_artifact_cross/feed/index.html" [1]
2013-09-07 15:30:18 URL:http://tomeofpreach.wordpress.com/quoth/tutorial/weapon_hammer/feed/ [910] -> "tomeofpreach.wordpress.com_20130907/quoth/tutorial/weapon_hammer/feed/index.html" [1]
2013-09-07 15:30:18 URL:http://tomeofpreach.wordpress.com/quoth/tutorial/weapon_plasmagun/feed/ [914] -> "tomeofpreach.wordpress.com_20130907/quoth/tutorial/weapon_plasmagun/feed/index.html" [1]
2013-09-07 15:30:19 URL:http://tomeofpreach.wordpress.com/quoth/tutorial/weapon_bomb/feed/ [907] -> "tomeofpreach.wordpress.com_20130907/quoth/tutorial/weapon_bomb/feed/index.html" [1]
2013-09-07 15:30:19 URL:http://tomeofpreach.wordpress.com/quoth/tutorial/static-and-dynamic-map-objects/feed/ [948] -> "tomeofpreach.wordpress.com_20130907/quoth/tutorial/static-and-dynamic-map-objects/feed/index.html" [1]
2013-09-07 15:30:19 URL:http://tomeofpreach.wordpress.com/quoth/tutorial/mapobject_custom/feed/ [920] -> "tomeofpreach.wordpress.com_20130907/quoth/tutorial/mapobject_custom/feed/index.html" [1]
2013-09-07 15:30:20 URL:http://tomeofpreach.wordpress.com/quoth/tutorial/exploding-crates/feed/ [920] -> "tomeofpreach.wordpress.com_20130907/quoth/tutorial/exploding-crates/feed/index.html" [1]
2013-09-07 15:30:20 URL:http://tomeofpreach.wordpress.com/quoth/tutorial/mapobject_grill/feed/ [918] -> "tomeofpreach.wordpress.com_20130907/quoth/tutorial/mapobject_grill/feed/index.html" [1]
2013-09-07 15:30:21 URL:http://tomeofpreach.wordpress.com/quoth/tutorial/mapobject_grill64/ [28782] -> "tomeofpreach.wordpress.com_20130907/quoth/tutorial/mapobject_grill64/index.html" [1]
2013-09-07 15:30:21 URL:http://tomeofpreach.wordpress.com/quoth/tutorial/light_postlight/feed/ [918] -> "tomeofpreach.wordpress.com_20130907/quoth/tutorial/light_postlight/feed/index.html" [1]
2013-09-07 15:30:22 URL:http://tomeofpreach.wordpress.com/quoth/tutorial/mapobject_grill128/ [28788] -> "tomeofpreach.wordpress.com_20130907/quoth/tutorial/mapobject_grill128/index.html" [1]
2013-09-07 15:30:22 URL:http://tomeofpreach.wordpress.com/quoth/tutorial/light_tubelight/feed/ [918] -> "tomeofpreach.wordpress.com_20130907/quoth/tutorial/light_tubelight/feed/index.html" [1]
2013-09-07 15:30:23 URL:http://tomeofpreach.wordpress.com/quoth/tutorial/light_globe/feed/ [910] -> "tomeofpreach.wordpress.com_20130907/quoth/tutorial/light_globe/feed/index.html" [1]
2013-09-07 15:30:23 URL:http://tomeofpreach.wordpress.com/quoth/tutorial/light_marsh/feed/ [910] -> "tomeofpreach.wordpress.com_20130907/quoth/tutorial/light_marsh/feed/index.html" [1]
2013-09-07 15:30:23 URL:http://tomeofpreach.wordpress.com/quoth/tutorial/flame-braziers/feed/ [916] -> "tomeofpreach.wordpress.com_20130907/quoth/tutorial/flame-braziers/feed/index.html" [1]
2013-09-07 15:30:24 URL:http://tomeofpreach.wordpress.com/quoth/tutorial/corpses/feed/ [902] -> "tomeofpreach.wordpress.com_20130907/quoth/tutorial/corpses/feed/index.html" [1]
2013-09-07 15:30:24 URL:http://tomeofpreach.wordpress.com/quoth/tutorial/ambient_generalpurpose/feed/ [932] -> "tomeofpreach.wordpress.com_20130907/quoth/tutorial/ambient_generalpurpose/feed/index.html" [1]
2013-09-07 15:30:24 URL:http://tomeofpreach.wordpress.com/quoth/tutorial/ambient_triggered/feed/ [922] -> "tomeofpreach.wordpress.com_20130907/quoth/tutorial/ambient_triggered/feed/index.html" [1]
2013-09-07 15:30:25 URL:http://tomeofpreach.wordpress.com/quoth/tutorial/play_sound_triggered/feed/ [928] -> "tomeofpreach.wordpress.com_20130907/quoth/tutorial/play_sound_triggered/feed/index.html" [1]
2013-09-07 15:30:25 URL:http://tomeofpreach.wordpress.com/quoth/tutorial/play_sound/feed/ [908] -> "tomeofpreach.wordpress.com_20130907/quoth/tutorial/play_sound/feed/index.html" [1]
2013-09-07 15:30:25 URL:http://tomeofpreach.wordpress.com/quoth/tutorial/rotation-overview/feed/ [922] -> "tomeofpreach.wordpress.com_20130907/quoth/tutorial/rotation-overview/feed/index.html" [1]
2013-09-07 15:30:26 URL:http://tomeofpreach.wordpress.com/quoth/tutorial/rotate_object/feed/ [914] -> "tomeofpreach.wordpress.com_20130907/quoth/tutorial/rotate_object/feed/index.html" [1]
2013-09-07 15:30:27 URL:http://tomeofpreach.wordpress.com/quoth/tutorial/func_rotate_door/ [33688] -> "tomeofpreach.wordpress.com_20130907/quoth/tutorial/func_rotate_door.1.html" [1]
2013-09-07 15:30:28 URL:http://tomeofpreach.wordpress.com/quoth/tutorial/func_rotate_train/ [31144] -> "tomeofpreach.wordpress.com_20130907/quoth/tutorial/func_rotate_train.1.html" [1]
2013-09-07 15:30:29 URL:http://tomeofpreach.wordpress.com/quoth/tutorial/func_rotate_entity/ [30865] -> "tomeofpreach.wordpress.com_20130907/quoth/tutorial/func_rotate_entity.1.html" [1]
2013-09-07 15:30:30 URL:http://tomeofpreach.wordpress.com/quoth/tutorial/info_rotate/feed/ [910] -> "tomeofpreach.wordpress.com_20130907/quoth/tutorial/info_rotate/feed/index.html" [1]
2013-09-07 15:30:30 URL:http://tomeofpreach.wordpress.com/quoth/tutorial/path_rotate/feed/ [910] -> "tomeofpreach.wordpress.com_20130907/quoth/tutorial/path_rotate/feed/index.html" [1]
2013-09-07 15:30:30 URL:http://tomeofpreach.wordpress.com/quoth/tutorial/func_rotate_entity/feed/ [924] -> "tomeofpreach.wordpress.com_20130907/quoth/tutorial/func_rotate_entity/feed/index.html" [1]
2013-09-07 15:30:31 URL:http://tomeofpreach.wordpress.com/quoth/tutorial/func_rotate_door/feed/ [2719] -> "tomeofpreach.wordpress.com_20130907/quoth/tutorial/func_rotate_door/feed/index.html" [1]
2013-09-07 15:30:32 URL:http://tomeofpreach.wordpress.com/quoth/tutorial/func_rotate_door/comment-page-1/ [33768] -> "tomeofpreach.wordpress.com_20130907/quoth/tutorial/func_rotate_door/comment-page-1/index.html" [1]
2013-09-07 15:30:33 URL:http://tomeofpreach.wordpress.com/quoth/tutorial/func_rotate_door/?replytocom=120 [33767] -> "tomeofpreach.wordpress.com_20130907/quoth/tutorial/func_rotate_door/index.html?replytocom=120.html" [1]
2013-09-07 15:30:34 URL:http://tomeofpreach.wordpress.com/quoth/tutorial/func_rotate_door/?replytocom=123 [33772] -> "tomeofpreach.wordpress.com_20130907/quoth/tutorial/func_rotate_door/index.html?replytocom=123.html" [1]
2013-09-07 15:30:34 URL:http://tomeofpreach.wordpress.com/quoth/tutorial/func_rotate_train/feed/ [922] -> "tomeofpreach.wordpress.com_20130907/quoth/tutorial/func_rotate_train/feed/index.html" [1]
2013-09-07 15:30:34 URL:http://tomeofpreach.wordpress.com/quoth/tutorial/func_movewall/feed/ [914] -> "tomeofpreach.wordpress.com_20130907/quoth/tutorial/func_movewall/feed/index.html" [1]
2013-09-07 15:30:35 URL:http://tomeofpreach.wordpress.com/page/5/ [34678] -> "tomeofpreach.wordpress.com_20130907/page/5/index.html" [1]
2013-09-07 15:30:36 URL:http://tomeofpreach.wordpress.com/2012/11/21/roof/roof/feed/ [919] -> "tomeofpreach.wordpress.com_20130907/2012/11/21/roof/roof/feed/index.html" [1]
2013-09-07 15:30:37 URL:http://tomeofpreach.wordpress.com/tag/modern/page/4/ [29379] -> "tomeofpreach.wordpress.com_20130907/tag/modern/page/4/index.html" [1]
2013-09-07 15:30:37 URL:http://tomeofpreach.wordpress.com/2013/01/18/sub_normalizeangles-bug-squashed/comment-page-1/?replytocom=56 [43376] -> "tomeofpreach.wordpress.com_20130907/2013/01/18/sub_normalizeangles-bug-squashed/comment-page-1/index.html?replytocom=56.html" [1]
2013-09-07 15:30:38 URL:http://tomeofpreach.wordpress.com/2013/01/18/sub_normalizeangles-bug-squashed/comment-page-1/?replytocom=58 [43376] -> "tomeofpreach.wordpress.com_20130907/2013/01/18/sub_normalizeangles-bug-squashed/comment-page-1/index.html?replytocom=58.html" [1]
2013-09-07 15:30:39 URL:http://tomeofpreach.wordpress.com/2013/01/18/sub_normalizeangles-bug-squashed/comment-page-1/?replytocom=59 [43375] -> "tomeofpreach.wordpress.com_20130907/2013/01/18/sub_normalizeangles-bug-squashed/comment-page-1/index.html?replytocom=59.html" [1]
2013-09-07 15:30:40 URL:http://tomeofpreach.wordpress.com/tag/ai/feed/ [5517] -> "tomeofpreach.wordpress.com_20130907/tag/ai/feed/index.html" [1]
2013-09-07 15:30:41 URL:http://tomeofpreach.wordpress.com/2012/11/page/4/ [37462] -> "tomeofpreach.wordpress.com_20130907/2012/11/page/4/index.html" [1]
2013-09-07 15:30:41 URL:http://tomeofpreach.wordpress.com/tag/refactoring/feed/ [8046] -> "tomeofpreach.wordpress.com_20130907/tag/refactoring/feed/index.html" [1]
2013-09-07 15:30:42 URL:http://tomeofpreach.wordpress.com/category/models/page/5/ [29903] -> "tomeofpreach.wordpress.com_20130907/category/models/page/5/index.html" [1]
2013-09-07 15:30:43 URL:http://tomeofpreach.wordpress.com/2012/11/18/mid-map-entity-spawning/feed/ [966] -> "tomeofpreach.wordpress.com_20130907/2012/11/18/mid-map-entity-spawning/feed/index.html" [1]
2013-09-07 15:30:44 URL:http://tomeofpreach.wordpress.com/2012/11/18/an-anti-pattern/comment-page-1/?replytocom=44 [42291] -> "tomeofpreach.wordpress.com_20130907/2012/11/18/an-anti-pattern/comment-page-1/index.html?replytocom=44.html" [1]
2013-09-07 15:30:44 URL:http://tomeofpreach.wordpress.com/2012/11/18/an-anti-pattern/comment-page-1/?replytocom=47 [42294] -> "tomeofpreach.wordpress.com_20130907/2012/11/18/an-anti-pattern/comment-page-1/index.html?replytocom=47.html" [1]
2013-09-07 15:30:45 URL:http://tomeofpreach.wordpress.com/2012/11/23/rewriting-entity-paths/comment-page-1/?replytocom=40 [40192] -> "tomeofpreach.wordpress.com_20130907/2012/11/23/rewriting-entity-paths/comment-page-1/index.html?replytocom=40.html" [1]
2013-09-07 15:30:46 URL:http://tomeofpreach.wordpress.com/2012/11/23/rewriting-entity-paths/comment-page-1/?replytocom=41 [40194] -> "tomeofpreach.wordpress.com_20130907/2012/11/23/rewriting-entity-paths/comment-page-1/index.html?replytocom=41.html" [1]
2013-09-07 15:30:46 URL:http://tomeofpreach.wordpress.com/2012/11/18/extra-healthy-monsters/feed/ [963] -> "tomeofpreach.wordpress.com_20130907/2012/11/18/extra-healthy-monsters/feed/index.html" [1]
2013-09-07 15:30:47 URL:http://tomeofpreach.wordpress.com/category/code/page/5/ [25212] -> "tomeofpreach.wordpress.com_20130907/category/code/page/5/index.html" [1]
2013-09-07 15:30:47 URL:http://tomeofpreach.wordpress.com/quoth/tutorial/monster_army_rocket/feed/ [916] -> "tomeofpreach.wordpress.com_20130907/quoth/tutorial/monster_army_rocket/feed/index.html" [1]
2013-09-07 15:30:48 URL:http://tomeofpreach.wordpress.com/quoth/tutorial/commands/feed/ [904] -> "tomeofpreach.wordpress.com_20130907/quoth/tutorial/commands/feed/index.html" [1]
2013-09-07 15:30:48 URL:http://tomeofpreach.wordpress.com/quoth/tutorial/mapobject_waterfall/feed/ [926] -> "tomeofpreach.wordpress.com_20130907/quoth/tutorial/mapobject_waterfall/feed/index.html" [1]
2013-09-07 15:30:48 URL:http://tomeofpreach.wordpress.com/quoth/tutorial/monster_pyro/feed/ [904] -> "tomeofpreach.wordpress.com_20130907/quoth/tutorial/monster_pyro/feed/index.html" [1]
2013-09-07 15:30:49 URL:http://tomeofpreach.wordpress.com/quoth/tutorial/info_trap/comment-page-1/?replytocom=121 [33953] -> "tomeofpreach.wordpress.com_20130907/quoth/tutorial/info_trap/comment-page-1/index.html?replytocom=121.html" [1]
2013-09-07 15:30:50 URL:http://tomeofpreach.wordpress.com/quoth/tutorial/info_trap/comment-page-1/?replytocom=122 [33953] -> "tomeofpreach.wordpress.com_20130907/quoth/tutorial/info_trap/comment-page-1/index.html?replytocom=122.html" [1]
2013-09-07 15:30:51 URL:http://tomeofpreach.wordpress.com/quoth/tutorial/mapobject_grill64/feed/ [922] -> "tomeofpreach.wordpress.com_20130907/quoth/tutorial/mapobject_grill64/feed/index.html" [1]
http://tomeofpreach.wordpress.com/quoth/tutorial/mapobject_mesh/:
2013-09-07 15:30:51 ERROR 404: Not Found.
2013-09-07 15:30:52 URL:http://tomeofpreach.wordpress.com/quoth/tutorial/mapobject_grill128/feed/ [924] -> "tomeofpreach.wordpress.com_20130907/quoth/tutorial/mapobject_grill128/feed/index.html" [1]
2013-09-07 15:30:52 URL:http://tomeofpreach.wordpress.com/quoth/tutorial/func_rotate_door/comment-page-1/?replytocom=120 [33856] -> "tomeofpreach.wordpress.com_20130907/quoth/tutorial/func_rotate_door/comment-page-1/index.html?replytocom=120.html" [1]
2013-09-07 15:30:53 URL:http://tomeofpreach.wordpress.com/quoth/tutorial/func_rotate_door/comment-page-1/?replytocom=123 [33851] -> "tomeofpreach.wordpress.com_20130907/quoth/tutorial/func_rotate_door/comment-page-1/index.html?replytocom=123.html" [1]
2013-09-07 15:30:54 URL:http://tomeofpreach.wordpress.com/page/6/ [34249] -> "tomeofpreach.wordpress.com_20130907/page/6/index.html" [1]
2013-09-07 15:30:55 URL:http://tomeofpreach.wordpress.com/tag/modern/page/5/ [22087] -> "tomeofpreach.wordpress.com_20130907/tag/modern/page/5/index.html" [1]
2013-09-07 15:30:55 URL:http://tomeofpreach.wordpress.com/2012/11/page/5/ [21362] -> "tomeofpreach.wordpress.com_20130907/2012/11/page/5/index.html" [1]
2013-09-07 15:30:56 URL:http://tomeofpreach.wordpress.com/category/models/page/6/ [26742] -> "tomeofpreach.wordpress.com_20130907/category/models/page/6/index.html" [1]
2013-09-07 15:30:57 URL:http://tomeofpreach.wordpress.com/page/7/ [32467] -> "tomeofpreach.wordpress.com_20130907/page/7/index.html" [1]
2013-09-07 15:30:58 URL:http://tomeofpreach.wordpress.com/page/8/ [33021] -> "tomeofpreach.wordpress.com_20130907/page/8/index.html" [1]
2013-09-07 15:30:59 URL:http://tomeofpreach.wordpress.com/page/9/ [35936] -> "tomeofpreach.wordpress.com_20130907/page/9/index.html" [1]
2013-09-07 15:30:59 URL:http://tomeofpreach.wordpress.com/page/10/ [31700] -> "tomeofpreach.wordpress.com_20130907/page/10/index.html" [1]
2013-09-07 15:31:00 URL:http://tomeofpreach.wordpress.com/page/11/ [33508] -> "tomeofpreach.wordpress.com_20130907/page/11/index.html" [1]
2013-09-07 15:31:02 URL:http://tomeofpreach.wordpress.com/page/12/ [37983] -> "tomeofpreach.wordpress.com_20130907/page/12/index.html" [1]
2013-09-07 15:31:03 URL:http://tomeofpreach.wordpress.com/page/13/ [45267] -> "tomeofpreach.wordpress.com_20130907/page/13/index.html" [1]
2013-09-07 15:31:04 URL:http://tomeofpreach.wordpress.com/page/14/ [41712] -> "tomeofpreach.wordpress.com_20130907/page/14/index.html" [1]
2013-09-07 15:31:05 URL:http://tomeofpreach.wordpress.com/page/15/ [27423] -> "tomeofpreach.wordpress.com_20130907/page/15/index.html" [1]
FINISHED --2013-09-07 15:31:05--
Total wall clock time: 6m 27s
Downloaded: 517 files, 11M in 1m 54s (99.2 KB/s)
