2015-10-12 18:50:33 URL:http://untitled-game.org/ [460/460] -> "untitled-game.org_20151012/index.html" [1]
2015-10-12 18:50:33 URL:http://untitled-game.org/download.html [2167/2167] -> "untitled-game.org_20151012/download.html" [1]
2015-10-12 18:50:33 URL:http://untitled-game.org/index.html [460/460] -> "untitled-game.org_20151012/index.html" [1]
2015-10-12 18:50:33 URL:http://untitled-game.org/img/unga.gif [662/662] -> "untitled-game.org_20151012/img/unga.gif" [1]
2015-10-12 18:50:33 URL:http://untitled-game.org/img/add2.gif [3512/3512] -> "untitled-game.org_20151012/img/add2.gif" [1]
2015-10-12 18:50:33 URL:http://untitled-game.org/progs/index.html [2215/2215] -> "untitled-game.org_20151012/progs/index.html" [1]
2015-10-12 18:50:33 URL:http://untitled-game.org/img/ic1.gif [104/104] -> "untitled-game.org_20151012/img/ic1.gif" [1]
2015-10-12 18:50:34 URL:http://untitled-game.org/ug.html [957/957] -> "untitled-game.org_20151012/ug.html" [1]
2015-10-12 18:50:57 URL:http://untitled-game.org/mac/ug.sit [37172619/37172619] -> "untitled-game.org_20151012/mac/ug.sit" [1]
2015-10-12 18:51:22 URL:http://untitled-game.org/pc/ug.zip [39006610/39006610] -> "untitled-game.org_20151012/pc/ug.zip" [1]
2015-10-12 18:51:22 URL:http://untitled-game.org/ug1.html [1150/1150] -> "untitled-game.org_20151012/ug1.html" [1]
2015-10-12 18:51:24 URL:http://untitled-game.org/pc/a-x.zip [2903224/2903224] -> "untitled-game.org_20151012/pc/a-x.zip" [1]
2015-10-12 18:51:24 URL:http://untitled-game.org/ug2.html [1150/1150] -> "untitled-game.org_20151012/ug2.html" [1]
2015-10-12 18:51:26 URL:http://untitled-game.org/mac/arena.sit [2783368/2783368] -> "untitled-game.org_20151012/mac/arena.sit" [1]
2015-10-12 18:51:28 URL:http://untitled-game.org/pc/arena.zip [2713881/2713881] -> "untitled-game.org_20151012/pc/arena.zip" [1]
2015-10-12 18:51:28 URL:http://untitled-game.org/ug3.html [1153/1153] -> "untitled-game.org_20151012/ug3.html" [1]
2015-10-12 18:51:30 URL:http://untitled-game.org/mac/ctrl-f6.sit [2546372/2546372] -> "untitled-game.org_20151012/mac/ctrl-f6.sit" [1]
No data received.
2015-10-12 18:51:32 URL:http://untitled-game.org/pc/ctrl-f6.zip [2511396/2511396] -> "untitled-game.org_20151012/pc/ctrl-f6.zip" [2]
2015-10-12 18:51:32 URL:http://untitled-game.org/ug4.html [1153/1153] -> "untitled-game.org_20151012/ug4.html" [1]
2015-10-12 18:51:34 URL:http://untitled-game.org/mac/ctrl-9.sit [2971904/2971904] -> "untitled-game.org_20151012/mac/ctrl-9.sit" [1]
2015-10-12 18:51:36 URL:http://untitled-game.org/pc/ctrl-9.zip [3113998/3113998] -> "untitled-game.org_20151012/pc/ctrl-9.zip" [1]
2015-10-12 18:51:36 URL:http://untitled-game.org/ug5.html [1156/1156] -> "untitled-game.org_20151012/ug5.html" [1]
2015-10-12 18:51:39 URL:http://untitled-game.org/mac/ctrl-space.sit [3015760/3015760] -> "untitled-game.org_20151012/mac/ctrl-space.sit" [1]
2015-10-12 18:51:40 URL:http://untitled-game.org/pc/ctrl-space.zip [2880618/2880618] -> "untitled-game.org_20151012/pc/ctrl-space.zip" [1]
2015-10-12 18:51:40 URL:http://untitled-game.org/ug6.html [1153/1153] -> "untitled-game.org_20151012/ug6.html" [1]
2015-10-12 18:51:42 URL:http://untitled-game.org/mac/e1m1ap.sit [1468320/1468320] -> "untitled-game.org_20151012/mac/e1m1ap.sit" [1]
2015-10-12 18:51:43 URL:http://untitled-game.org/pc/e1m1ap.zip [1463464/1463464] -> "untitled-game.org_20151012/pc/e1m1ap.zip" [1]
2015-10-12 18:51:43 URL:http://untitled-game.org/ug7.html [1150/1150] -> "untitled-game.org_20151012/ug7.html" [1]
2015-10-12 18:51:44 URL:http://untitled-game.org/mac/g-r.sit [2394964/2394964] -> "untitled-game.org_20151012/mac/g-r.sit" [1]
2015-10-12 18:51:46 URL:http://untitled-game.org/pc/g-r.zip [2424775/2424775] -> "untitled-game.org_20151012/pc/g-r.zip" [1]
2015-10-12 18:51:46 URL:http://untitled-game.org/ug8.html [1150/1150] -> "untitled-game.org_20151012/ug8.html" [1]
2015-10-12 18:51:47 URL:http://untitled-game.org/mac/i-n.sit [945968/945968] -> "untitled-game.org_20151012/mac/i-n.sit" [1]
2015-10-12 18:51:47 URL:http://untitled-game.org/pc/i-n.zip [962102/962102] -> "untitled-game.org_20151012/pc/i-n.zip" [1]
2015-10-12 18:51:47 URL:http://untitled-game.org/ug9.html [1151/1151] -> "untitled-game.org_20151012/ug9.html" [1]
2015-10-12 18:51:49 URL:http://untitled-game.org/mac/m-w.sit [2545164/2545164] -> "untitled-game.org_20151012/mac/m-w.sit" [1]
2015-10-12 18:51:51 URL:http://untitled-game.org/pc/m-w.zip [2600049/2600049] -> "untitled-game.org_20151012/pc/m-w.zip" [1]
No data received.
2015-10-12 18:51:52 URL:http://untitled-game.org/ug10.html [1151/1151] -> "untitled-game.org_20151012/ug10.html" [2]
2015-10-12 18:51:53 URL:http://untitled-game.org/mac/o-o.sit [2354256/2354256] -> "untitled-game.org_20151012/mac/o-o.sit" [1]
2015-10-12 18:51:55 URL:http://untitled-game.org/pc/o-o.zip [2370471/2370471] -> "untitled-game.org_20151012/pc/o-o.zip" [1]
2015-10-12 18:51:55 URL:http://untitled-game.org/ug11.html [1150/1150] -> "untitled-game.org_20151012/ug11.html" [1]
2015-10-12 18:52:00 URL:http://untitled-game.org/mac/q-l.sit [7158718/7158718] -> "untitled-game.org_20151012/mac/q-l.sit" [1]
2015-10-12 18:52:04 URL:http://untitled-game.org/pc/q-l.zip [6226185/6226185] -> "untitled-game.org_20151012/pc/q-l.zip" [1]
2015-10-12 18:52:04 URL:http://untitled-game.org/ug12.html [1155/1155] -> "untitled-game.org_20151012/ug12.html" [1]
2015-10-12 18:52:06 URL:http://untitled-game.org/mac/slipgate.sit [3662056/3662056] -> "untitled-game.org_20151012/mac/slipgate.sit" [1]
2015-10-12 18:52:09 URL:http://untitled-game.org/pc/slipgate.zip [3530346/3530346] -> "untitled-game.org_20151012/pc/slipgate.zip" [1]
2015-10-12 18:52:09 URL:http://untitled-game.org/ug13.html [1151/1151] -> "untitled-game.org_20151012/ug13.html" [1]
2015-10-12 18:52:11 URL:http://untitled-game.org/mac/spawn.sit [3027184/3027184] -> "untitled-game.org_20151012/mac/spawn.sit" [1]
2015-10-12 18:52:13 URL:http://untitled-game.org/pc/spawn.zip [2889997/2889997] -> "untitled-game.org_20151012/pc/spawn.zip" [1]
2015-10-12 18:52:13 URL:http://untitled-game.org/ug14.html [1175/1175] -> "untitled-game.org_20151012/ug14.html" [1]
2015-10-12 18:52:14 URL:http://untitled-game.org/mac/v-y.sit [2410488/2410488] -> "untitled-game.org_20151012/mac/v-y.sit" [1]
2015-10-12 18:52:16 URL:http://untitled-game.org/pc/v-y.zip [2411526/2411526] -> "untitled-game.org_20151012/pc/v-y.zip" [1]
2015-10-12 18:52:16 URL:http://untitled-game.org/source/index.html [9393/9393] -> "untitled-game.org_20151012/source/index.html" [1]
2015-10-12 18:52:16 URL:http://untitled-game.org/progsx/aiqc.html [18585/18585] -> "untitled-game.org_20151012/progsx/aiqc.html" [1]
2015-10-12 18:52:16 URL:http://untitled-game.org/progsx/buttonsqc.html [3205/3205] -> "untitled-game.org_20151012/progsx/buttonsqc.html" [1]
2015-10-12 18:52:16 URL:http://untitled-game.org/progsx/clientqc.html [29259/29259] -> "untitled-game.org_20151012/progsx/clientqc.html" [1]
2015-10-12 18:52:16 URL:http://untitled-game.org/progsx/combatqc.html [7550/7550] -> "untitled-game.org_20151012/progsx/combatqc.html" [1]
2015-10-12 18:52:17 URL:http://untitled-game.org/progsx/defsqc.html [24289/24289] -> "untitled-game.org_20151012/progsx/defsqc.html" [1]
2015-10-12 18:52:17 URL:http://untitled-game.org/progsx/doorsqc.html [17377/17377] -> "untitled-game.org_20151012/progsx/doorsqc.html" [1]
2015-10-12 18:52:17 URL:http://untitled-game.org/progsx/fightqc.html [7490/7490] -> "untitled-game.org_20151012/progsx/fightqc.html" [1]
2015-10-12 18:52:17 URL:http://untitled-game.org/progsx/flagqc.html [434/434] -> "untitled-game.org_20151012/progsx/flagqc.html" [1]
2015-10-12 18:52:17 URL:http://untitled-game.org/progsx/itemsqc.html [30943/30943] -> "untitled-game.org_20151012/progsx/itemsqc.html" [1]
2015-10-12 18:52:17 URL:http://untitled-game.org/progsx/miscqc.html [17051/17051] -> "untitled-game.org_20151012/progsx/miscqc.html" [1]
2015-10-12 18:52:17 URL:http://untitled-game.org/progsx/modelsqc.html [10665/10665] -> "untitled-game.org_20151012/progsx/modelsqc.html" [1]
2015-10-12 18:52:17 URL:http://untitled-game.org/progsx/monstersqc.html [5080/5080] -> "untitled-game.org_20151012/progsx/monstersqc.html" [1]
2015-10-12 18:52:17 URL:http://untitled-game.org/progsx/platsqc.html [8049/8049] -> "untitled-game.org_20151012/progsx/platsqc.html" [1]
2015-10-12 18:52:17 URL:http://untitled-game.org/progsx/playerqc.html [18653/18653] -> "untitled-game.org_20151012/progsx/playerqc.html" [1]
2015-10-12 18:52:17 URL:http://untitled-game.org/progsx/serverqc.html [2661/2661] -> "untitled-game.org_20151012/progsx/serverqc.html" [1]
2015-10-12 18:52:17 URL:http://untitled-game.org/progsx/spectateqc.html [2249/2249] -> "untitled-game.org_20151012/progsx/spectateqc.html" [1]
2015-10-12 18:52:17 URL:http://untitled-game.org/progsx/spritesqc.html [747/747] -> "untitled-game.org_20151012/progsx/spritesqc.html" [1]
2015-10-12 18:52:17 URL:http://untitled-game.org/progsx/subsqc.html [5831/5831] -> "untitled-game.org_20151012/progsx/subsqc.html" [1]
2015-10-12 18:52:17 URL:http://untitled-game.org/progsx/triggersqc.html [14548/14548] -> "untitled-game.org_20151012/progsx/triggersqc.html" [1]
2015-10-12 18:52:17 URL:http://untitled-game.org/progsx/weaponsqc.html [27071/27071] -> "untitled-game.org_20151012/progsx/weaponsqc.html" [1]
2015-10-12 18:52:17 URL:http://untitled-game.org/progsx/worldqc.html [11580/11580] -> "untitled-game.org_20151012/progsx/worldqc.html" [1]
2015-10-12 18:52:17 URL:http://untitled-game.org/progsx/bossqc.html [11706/11706] -> "untitled-game.org_20151012/progsx/bossqc.html" [1]
2015-10-12 18:52:17 URL:http://untitled-game.org/progsx/demonqc.html [9660/9660] -> "untitled-game.org_20151012/progsx/demonqc.html" [1]
2015-10-12 18:52:17 URL:http://untitled-game.org/progsx/dogqc.html [11784/11784] -> "untitled-game.org_20151012/progsx/dogqc.html" [1]
2015-10-12 18:52:17 URL:http://untitled-game.org/progsx/knightqc.html [10739/10739] -> "untitled-game.org_20151012/progsx/knightqc.html" [1]
2015-10-12 18:52:17 URL:http://untitled-game.org/progsx/ogreqc.html [13363/13363] -> "untitled-game.org_20151012/progsx/ogreqc.html" [1]
2015-10-12 18:52:17 URL:http://untitled-game.org/progsx/shamblerqc.html [12380/12380] -> "untitled-game.org_20151012/progsx/shamblerqc.html" [1]
2015-10-12 18:52:17 URL:http://untitled-game.org/progsx/soldierqc.html [9322/9322] -> "untitled-game.org_20151012/progsx/soldierqc.html" [1]
2015-10-12 18:52:18 URL:http://untitled-game.org/progsx/wizardqc.html [10638/10638] -> "untitled-game.org_20151012/progsx/wizardqc.html" [1]
2015-10-12 18:52:18 URL:http://untitled-game.org/progsx/zombieqc.html [19061/19061] -> "untitled-game.org_20151012/progsx/zombieqc.html" [1]
2015-10-12 18:52:18 URL:http://untitled-game.org/progsx/enforcerqc.html [10485/10485] -> "untitled-game.org_20151012/progsx/enforcerqc.html" [1]
2015-10-12 18:52:18 URL:http://untitled-game.org/progsx/fishqc.html [7391/7391] -> "untitled-game.org_20151012/progsx/fishqc.html" [1]
2015-10-12 18:52:18 URL:http://untitled-game.org/progsx/hknightqc.html [17314/17314] -> "untitled-game.org_20151012/progsx/hknightqc.html" [1]
2015-10-12 18:52:18 URL:http://untitled-game.org/progsx/oldoneqc.html [9515/9515] -> "untitled-game.org_20151012/progsx/oldoneqc.html" [1]
2015-10-12 18:52:18 URL:http://untitled-game.org/progsx/shalrathqc.html [8089/8089] -> "untitled-game.org_20151012/progsx/shalrathqc.html" [1]
2015-10-12 18:52:18 URL:http://untitled-game.org/progsx/tarbabyqc.html [7207/7207] -> "untitled-game.org_20151012/progsx/tarbabyqc.html" [1]
2015-10-12 18:52:19 URL:http://untitled-game.org/autoexeccfg.html [1859/1859] -> "untitled-game.org_20151012/autoexeccfg.html" [1]
2015-10-12 18:52:19 URL:http://untitled-game.org/configcfg.html [2709/2709] -> "untitled-game.org_20151012/configcfg.html" [1]
2015-10-12 18:52:20 URL:http://untitled-game.org/pak0pak.txt [1159168/1159168] -> "untitled-game.org_20151012/pak0pak.txt" [1]
No data received.
2015-10-12 18:52:21 URL:http://untitled-game.org/pmpro16dll.html [990/990] -> "untitled-game.org_20151012/pmpro16dll.html" [2]
2015-10-12 18:52:21 URL:http://untitled-game.org/pmpro32dll.html [988/988] -> "untitled-game.org_20151012/pmpro32dll.html" [1]
2015-10-12 18:52:21 URL:http://untitled-game.org/wdir16dll.html [993/993] -> "untitled-game.org_20151012/wdir16dll.html" [1]
2015-10-12 18:52:21 URL:http://untitled-game.org/wdir32dll.html [988/988] -> "untitled-game.org_20151012/wdir32dll.html" [1]
2015-10-12 18:52:21 URL:http://untitled-game.org/wdirnoppif.html [955/955] -> "untitled-game.org_20151012/wdirnoppif.html" [1]
2015-10-12 18:52:21 URL:http://untitled-game.org/wdirnopcom.html [1082/1082] -> "untitled-game.org_20151012/wdirnopcom.html" [1]
2015-10-12 18:52:22 URL:http://untitled-game.org/mac/sprockets.sit [815721/815721] -> "untitled-game.org_20151012/mac/sprockets.sit" [1]
2015-10-12 18:52:22 URL:http://untitled-game.org/mac/macipx.sit [107038/107038] -> "untitled-game.org_20151012/mac/macipx.sit" [1]
2015-10-12 18:52:22 URL:http://untitled-game.org/img/un.gif [576/576] -> "untitled-game.org_20151012/img/un.gif" [1]
2015-10-12 18:52:22 URL:http://untitled-game.org/img/a-x.png [11616/11616] -> "untitled-game.org_20151012/img/a-x.png" [1]
2015-10-12 18:52:22 URL:http://untitled-game.org/img/arena.png [4664/4664] -> "untitled-game.org_20151012/img/arena.png" [1]
2015-10-12 18:52:22 URL:http://untitled-game.org/img/ctrl-f6.png [23403/23403] -> "untitled-game.org_20151012/img/ctrl-f6.png" [1]
2015-10-12 18:52:22 URL:http://untitled-game.org/img/ctrl-9.png [21070/21070] -> "untitled-game.org_20151012/img/ctrl-9.png" [1]
2015-10-12 18:52:22 URL:http://untitled-game.org/img/ctrl-space.png [9550/9550] -> "untitled-game.org_20151012/img/ctrl-space.png" [1]
2015-10-12 18:52:22 URL:http://untitled-game.org/img/e1m1ap.png [80761/80761] -> "untitled-game.org_20151012/img/e1m1ap.png" [1]
2015-10-12 18:52:23 URL:http://untitled-game.org/img/g-r.png [7699/7699] -> "untitled-game.org_20151012/img/g-r.png" [1]
2015-10-12 18:52:23 URL:http://untitled-game.org/img/i-n.png [342127/342127] -> "untitled-game.org_20151012/img/i-n.png" [1]
2015-10-12 18:52:23 URL:http://untitled-game.org/img/m-w.png [3498/3498] -> "untitled-game.org_20151012/img/m-w.png" [1]
2015-10-12 18:52:23 URL:http://untitled-game.org/img/o-o.png [6722/6722] -> "untitled-game.org_20151012/img/o-o.png" [1]
2015-10-12 18:52:23 URL:http://untitled-game.org/img/q-l.png [23855/23855] -> "untitled-game.org_20151012/img/q-l.png" [1]
2015-10-12 18:52:23 URL:http://untitled-game.org/img/slipgate.png [8418/8418] -> "untitled-game.org_20151012/img/slipgate.png" [1]
2015-10-12 18:52:23 URL:http://untitled-game.org/img/spawn.png [5867/5867] -> "untitled-game.org_20151012/img/spawn.png" [1]
2015-10-12 18:52:23 URL:http://untitled-game.org/img/v-y.png [5754/5754] -> "untitled-game.org_20151012/img/v-y.png" [1]
2015-10-12 18:52:23 URL:http://untitled-game.org/img/v-y1.png [5268/5268] -> "untitled-game.org_20151012/img/v-y1.png" [1]
2015-10-12 18:52:23 URL:http://untitled-game.org/source/adivtabh.html [10291/10291] -> "untitled-game.org_20151012/source/adivtabh.html" [1]
2015-10-12 18:52:23 URL:http://untitled-game.org/source/anorm_dotsh.html [21031/21031] -> "untitled-game.org_20151012/source/anorm_dotsh.html" [1]
2015-10-12 18:52:23 URL:http://untitled-game.org/source/anormsh.html [6063/6063] -> "untitled-game.org_20151012/source/anormsh.html" [1]
2015-10-12 18:52:23 URL:http://untitled-game.org/source/asm_drawh.html [4006/4006] -> "untitled-game.org_20151012/source/asm_drawh.html" [1]
2015-10-12 18:52:24 URL:http://untitled-game.org/source/asm_i386h.html [2288/2288] -> "untitled-game.org_20151012/source/asm_i386h.html" [1]
2015-10-12 18:52:24 URL:http://untitled-game.org/source/block16h.html [2606/2606] -> "untitled-game.org_20151012/source/block16h.html" [1]
2015-10-12 18:52:24 URL:http://untitled-game.org/source/block8h.html [2553/2553] -> "untitled-game.org_20151012/source/block8h.html" [1]
2015-10-12 18:52:24 URL:http://untitled-game.org/source/bspfileh.html [6864/6864] -> "untitled-game.org_20151012/source/bspfileh.html" [1]
2015-10-12 18:52:24 URL:http://untitled-game.org/source/cd_audioc.html [18395/18395] -> "untitled-game.org_20151012/source/cd_audioc.html" [1]
2015-10-12 18:52:24 URL:http://untitled-game.org/source/cd_linuxc.html [7409/7409] -> "untitled-game.org_20151012/source/cd_linuxc.html" [1]
2015-10-12 18:52:24 URL:http://untitled-game.org/source/cd_nullc.html [766/766] -> "untitled-game.org_20151012/source/cd_nullc.html" [1]
2015-10-12 18:52:24 URL:http://untitled-game.org/source/cd_winc.html [9435/9435] -> "untitled-game.org_20151012/source/cd_winc.html" [1]
2015-10-12 18:52:24 URL:http://untitled-game.org/source/cdaudioh.html [703/703] -> "untitled-game.org_20151012/source/cdaudioh.html" [1]
2015-10-12 18:52:24 URL:http://untitled-game.org/source/chasec.html [2156/2156] -> "untitled-game.org_20151012/source/chasec.html" [1]
2015-10-12 18:52:24 URL:http://untitled-game.org/source/cl_democ.html [7081/7081] -> "untitled-game.org_20151012/source/cl_democ.html" [1]
2015-10-12 18:52:24 URL:http://untitled-game.org/source/cl_inputc.html [10978/10978] -> "untitled-game.org_20151012/source/cl_inputc.html" [1]
2015-10-12 18:52:24 URL:http://untitled-game.org/source/cl_mainc.html [15145/15145] -> "untitled-game.org_20151012/source/cl_mainc.html" [1]
2015-10-12 18:52:24 URL:http://untitled-game.org/source/cl_parsec.html [20577/20577] -> "untitled-game.org_20151012/source/cl_parsec.html" [1]
2015-10-12 18:52:24 URL:http://untitled-game.org/source/cl_tentc.html [8667/8667] -> "untitled-game.org_20151012/source/cl_tentc.html" [1]
2015-10-12 18:52:24 URL:http://untitled-game.org/source/clienth.html [8714/8714] -> "untitled-game.org_20151012/source/clienth.html" [1]
2015-10-12 18:52:24 URL:http://untitled-game.org/source/cmdc.html [11896/11896] -> "untitled-game.org_20151012/source/cmdc.html" [1]
2015-10-12 18:52:24 URL:http://untitled-game.org/source/cmdh.html [4096/4096] -> "untitled-game.org_20151012/source/cmdh.html" [1]
2015-10-12 18:52:24 URL:http://untitled-game.org/source/commonc.html [34248/34248] -> "untitled-game.org_20151012/source/commonc.html" [1]
2015-10-12 18:52:24 URL:http://untitled-game.org/source/commonh.html [5195/5195] -> "untitled-game.org_20151012/source/commonh.html" [1]
2015-10-12 18:52:25 URL:http://untitled-game.org/source/conprocc.html [6886/6886] -> "untitled-game.org_20151012/source/conprocc.html" [1]
2015-10-12 18:52:25 URL:http://untitled-game.org/source/conproch.html [833/833] -> "untitled-game.org_20151012/source/conproch.html" [1]
2015-10-12 18:52:25 URL:http://untitled-game.org/source/consolec.html [11952/11952] -> "untitled-game.org_20151012/source/consolec.html" [1]
2015-10-12 18:52:25 URL:http://untitled-game.org/source/consoleh.html [1240/1240] -> "untitled-game.org_20151012/source/consoleh.html" [1]
2015-10-12 18:52:25 URL:http://untitled-game.org/source/crcc.html [3199/3199] -> "untitled-game.org_20151012/source/crcc.html" [1]
2015-10-12 18:52:25 URL:http://untitled-game.org/source/crch.html [656/656] -> "untitled-game.org_20151012/source/crch.html" [1]
2015-10-12 18:52:25 URL:http://untitled-game.org/source/cvarc.html [3957/3957] -> "untitled-game.org_20151012/source/cvarc.html" [1]
2015-10-12 18:52:25 URL:http://untitled-game.org/source/cvarh.html [3148/3148] -> "untitled-game.org_20151012/source/cvarh.html" [1]
2015-10-12 18:52:25 URL:http://untitled-game.org/source/d_copys.html [3103/3103] -> "untitled-game.org_20151012/source/d_copys.html" [1]
2015-10-12 18:52:25 URL:http://untitled-game.org/source/d_draws.html [24121/24121] -> "untitled-game.org_20151012/source/d_draws.html" [1]
2015-10-12 18:52:25 URL:http://untitled-game.org/source/d_draw16s.html [22476/22476] -> "untitled-game.org_20151012/source/d_draw16s.html" [1]
2015-10-12 18:52:25 URL:http://untitled-game.org/source/d_edgec.html [7325/7325] -> "untitled-game.org_20151012/source/d_edgec.html" [1]
2015-10-12 18:52:25 URL:http://untitled-game.org/source/d_fillc.html [1663/1663] -> "untitled-game.org_20151012/source/d_fillc.html" [1]
2015-10-12 18:52:25 URL:http://untitled-game.org/source/d_ifaceh.html [6275/6275] -> "untitled-game.org_20151012/source/d_ifaceh.html" [1]
2015-10-12 18:52:25 URL:http://untitled-game.org/source/d_ifaceah.html [2594/2594] -> "untitled-game.org_20151012/source/d_ifaceah.html" [1]
2015-10-12 18:52:25 URL:http://untitled-game.org/source/d_initc.html [3041/3041] -> "untitled-game.org_20151012/source/d_initc.html" [1]
2015-10-12 18:52:25 URL:http://untitled-game.org/source/d_localh.html [2826/2826] -> "untitled-game.org_20151012/source/d_localh.html" [1]
2015-10-12 18:52:25 URL:http://untitled-game.org/source/d_modechc.html [2069/2069] -> "untitled-game.org_20151012/source/d_modechc.html" [1]
2015-10-12 18:52:25 URL:http://untitled-game.org/source/d_partc.html [3450/3450] -> "untitled-game.org_20151012/source/d_partc.html" [1]
2015-10-12 18:52:25 URL:http://untitled-game.org/source/d_partas.html [9933/9933] -> "untitled-game.org_20151012/source/d_partas.html" [1]
2015-10-12 18:52:25 URL:http://untitled-game.org/source/d_polysas.html [45353/45353] -> "untitled-game.org_20151012/source/d_polysas.html" [1]
2015-10-12 18:52:25 URL:http://untitled-game.org/source/d_polysec.html [24835/24835] -> "untitled-game.org_20151012/source/d_polysec.html" [1]
2015-10-12 18:52:25 URL:http://untitled-game.org/source/d_scanc.html [10608/10608] -> "untitled-game.org_20151012/source/d_scanc.html" [1]
2015-10-12 18:52:26 URL:http://untitled-game.org/source/d_scanas.html [1832/1832] -> "untitled-game.org_20151012/source/d_scanas.html" [1]
2015-10-12 18:52:26 URL:http://untitled-game.org/source/d_skyc.html [2950/2950] -> "untitled-game.org_20151012/source/d_skyc.html" [1]
2015-10-12 18:52:26 URL:http://untitled-game.org/source/d_spr8s.html [20448/20448] -> "untitled-game.org_20151012/source/d_spr8s.html" [1]
2015-10-12 18:52:26 URL:http://untitled-game.org/source/d_spritec.html [9869/9869] -> "untitled-game.org_20151012/source/d_spritec.html" [1]
2015-10-12 18:52:26 URL:http://untitled-game.org/source/d_surfc.html [6942/6942] -> "untitled-game.org_20151012/source/d_surfc.html" [1]
2015-10-12 18:52:26 URL:http://untitled-game.org/source/d_varsc.html [1273/1273] -> "untitled-game.org_20151012/source/d_varsc.html" [1]
2015-10-12 18:52:26 URL:http://untitled-game.org/source/d_varsas.html [5037/5037] -> "untitled-game.org_20151012/source/d_varsas.html" [1]
2015-10-12 18:52:26 URL:http://untitled-game.org/source/d_zpointc.html [983/983] -> "untitled-game.org_20151012/source/d_zpointc.html" [1]
2015-10-12 18:52:26 URL:http://untitled-game.org/source/dos_v2c.html [4607/4607] -> "untitled-game.org_20151012/source/dos_v2c.html" [1]
2015-10-12 18:52:26 URL:http://untitled-game.org/source/dosasms.html [1684/1684] -> "untitled-game.org_20151012/source/dosasms.html" [1]
2015-10-12 18:52:26 URL:http://untitled-game.org/source/dosismsh.html [2198/2198] -> "untitled-game.org_20151012/source/dosismsh.html" [1]
2015-10-12 18:52:26 URL:http://untitled-game.org/source/drawc.html [17151/17151] -> "untitled-game.org_20151012/source/drawc.html" [1]
2015-10-12 18:52:26 URL:http://untitled-game.org/source/drawh.html [1251/1251] -> "untitled-game.org_20151012/source/drawh.html" [1]
2015-10-12 18:52:26 URL:http://untitled-game.org/source/gl_drawc.html [27544/27544] -> "untitled-game.org_20151012/source/gl_drawc.html" [1]
2015-10-12 18:52:26 URL:http://untitled-game.org/source/gl_meshc.html [7460/7460] -> "untitled-game.org_20151012/source/gl_meshc.html" [1]
2015-10-12 18:52:26 URL:http://untitled-game.org/source/gl_modelc.html [39976/39976] -> "untitled-game.org_20151012/source/gl_modelc.html" [1]
2015-10-12 18:52:26 URL:http://untitled-game.org/source/gl_modelh.html [8880/8880] -> "untitled-game.org_20151012/source/gl_modelh.html" [1]
2015-10-12 18:52:26 URL:http://untitled-game.org/source/gl_refragc.html [3992/3992] -> "untitled-game.org_20151012/source/gl_refragc.html" [1]
2015-10-12 18:52:26 URL:http://untitled-game.org/source/gl_rlightc.html [6873/6873] -> "untitled-game.org_20151012/source/gl_rlightc.html" [1]
2015-10-12 18:52:26 URL:http://untitled-game.org/source/gl_rmainc.html [24217/24217] -> "untitled-game.org_20151012/source/gl_rmainc.html" [1]
2015-10-12 18:52:26 URL:http://untitled-game.org/source/gl_rmiscc.html [11200/11200] -> "untitled-game.org_20151012/source/gl_rmiscc.html" [1]
2015-10-12 18:52:26 URL:http://untitled-game.org/source/gl_rsurfc.html [34967/34967] -> "untitled-game.org_20151012/source/gl_rsurfc.html" [1]
2015-10-12 18:52:26 URL:http://untitled-game.org/source/gl_screenc.html [17294/17294] -> "untitled-game.org_20151012/source/gl_screenc.html" [1]
2015-10-12 18:52:26 URL:http://untitled-game.org/source/gl_testc.html [3128/3128] -> "untitled-game.org_20151012/source/gl_testc.html" [1]
2015-10-12 18:52:27 URL:http://untitled-game.org/source/gl_vidlinuxc.html [18968/18968] -> "untitled-game.org_20151012/source/gl_vidlinuxc.html" [1]
2015-10-12 18:52:27 URL:http://untitled-game.org/source/gl_vidlinuxglxc.html [21822/21822] -> "untitled-game.org_20151012/source/gl_vidlinuxglxc.html" [1]
2015-10-12 18:52:27 URL:http://untitled-game.org/source/gl_vidntc.html [44407/44407] -> "untitled-game.org_20151012/source/gl_vidntc.html" [1]
2015-10-12 18:52:27 URL:http://untitled-game.org/source/gl_warpc.html [20779/20779] -> "untitled-game.org_20151012/source/gl_warpc.html" [1]
2015-10-12 18:52:27 URL:http://untitled-game.org/source/gl_warp_sinh.html [2951/2951] -> "untitled-game.org_20151012/source/gl_warp_sinh.html" [1]
2015-10-12 18:52:27 URL:http://untitled-game.org/source/glqnotestxt.html [8290/8290] -> "untitled-game.org_20151012/source/glqnotestxt.html" [1]
2015-10-12 18:52:27 URL:http://untitled-game.org/source/glquakeh.html [6661/6661] -> "untitled-game.org_20151012/source/glquakeh.html" [1]
2015-10-12 18:52:27 URL:http://untitled-game.org/source/glquake2h.html [5727/5727] -> "untitled-game.org_20151012/source/glquake2h.html" [1]
2015-10-12 18:52:27 URL:http://untitled-game.org/source/hostc.html [19763/19763] -> "untitled-game.org_20151012/source/hostc.html" [1]
2015-10-12 18:52:27 URL:http://untitled-game.org/source/host_cmdc.html [37898/37898] -> "untitled-game.org_20151012/source/host_cmdc.html" [1]
2015-10-12 18:52:27 URL:http://untitled-game.org/source/in_dosc.html [12182/12182] -> "untitled-game.org_20151012/source/in_dosc.html" [1]
2015-10-12 18:52:27 URL:http://untitled-game.org/source/in_nullc.html [679/679] -> "untitled-game.org_20151012/source/in_nullc.html" [1]
2015-10-12 18:52:27 URL:http://untitled-game.org/source/in_sunc.html [5367/5367] -> "untitled-game.org_20151012/source/in_sunc.html" [1]
2015-10-12 18:52:27 URL:http://untitled-game.org/source/in_winc.html [27042/27042] -> "untitled-game.org_20151012/source/in_winc.html" [1]
2015-10-12 18:52:27 URL:http://untitled-game.org/source/inputh.html [859/859] -> "untitled-game.org_20151012/source/inputh.html" [1]
2015-10-12 18:52:27 URL:http://untitled-game.org/source/keysc.html [13924/13924] -> "untitled-game.org_20151012/source/keysc.html" [1]
2015-10-12 18:52:27 URL:http://untitled-game.org/source/keysh.html [2809/2809] -> "untitled-game.org_20151012/source/keysh.html" [1]
2015-10-12 18:52:27 URL:http://untitled-game.org/source/makefile_solaris.html [12229/12229] -> "untitled-game.org_20151012/source/makefile_solaris.html" [1]
2015-10-12 18:52:27 URL:http://untitled-game.org/source/maths.html [10735/10735] -> "untitled-game.org_20151012/source/maths.html" [1]
2015-10-12 18:52:27 URL:http://untitled-game.org/source/mathlibc.html [12011/12011] -> "untitled-game.org_20151012/source/mathlibc.html" [1]
2015-10-12 18:52:27 URL:http://untitled-game.org/source/mathlibh.html [2509/2509] -> "untitled-game.org_20151012/source/mathlibh.html" [1]
2015-10-12 18:52:28 URL:http://untitled-game.org/source/menuc.html [64864/64864] -> "untitled-game.org_20151012/source/menuc.html" [1]
2015-10-12 18:52:28 URL:http://untitled-game.org/source/menuh.html [814/814] -> "untitled-game.org_20151012/source/menuh.html" [1]
2015-10-12 18:52:28 URL:http://untitled-game.org/source/modelc.html [40413/40413] -> "untitled-game.org_20151012/source/modelc.html" [1]
2015-10-12 18:52:28 URL:http://untitled-game.org/source/modelh.html [7582/7582] -> "untitled-game.org_20151012/source/modelh.html" [1]
2015-10-12 18:52:28 URL:http://untitled-game.org/source/modelgenh.html [2778/2778] -> "untitled-game.org_20151012/source/modelgenh.html" [1]
2015-10-12 18:52:28 URL:http://untitled-game.org/source/mpdosockh.html [27445/27445] -> "untitled-game.org_20151012/source/mpdosockh.html" [1]
2015-10-12 18:52:28 URL:http://untitled-game.org/source/mplibc.html [5252/5252] -> "untitled-game.org_20151012/source/mplibc.html" [1]
2015-10-12 18:52:28 URL:http://untitled-game.org/source/mplpcc.html [20971/20971] -> "untitled-game.org_20151012/source/mplpcc.html" [1]
2015-10-12 18:52:28 URL:http://untitled-game.org/source/neth.html [9460/9460] -> "untitled-game.org_20151012/source/neth.html" [1]
2015-10-12 18:52:28 URL:http://untitled-game.org/source/net_bsdc.html [1662/1662] -> "untitled-game.org_20151012/source/net_bsdc.html" [1]
2015-10-12 18:52:28 URL:http://untitled-game.org/source/net_bwc.html [18324/18324] -> "untitled-game.org_20151012/source/net_bwc.html" [1]
2015-10-12 18:52:28 URL:http://untitled-game.org/source/net_bwh.html [1406/1406] -> "untitled-game.org_20151012/source/net_bwh.html" [1]
2015-10-12 18:52:28 URL:http://untitled-game.org/source/net_comxc.html [29255/29255] -> "untitled-game.org_20151012/source/net_comxc.html" [1]
2015-10-12 18:52:28 URL:http://untitled-game.org/source/net_dgrmc.html [32929/32929] -> "untitled-game.org_20151012/source/net_dgrmc.html" [1]
2015-10-12 18:52:28 URL:http://untitled-game.org/source/net_dgrmh.html [1085/1085] -> "untitled-game.org_20151012/source/net_dgrmh.html" [1]
2015-10-12 18:52:28 URL:http://untitled-game.org/source/net_dosc.html [2743/2743] -> "untitled-game.org_20151012/source/net_dosc.html" [1]
2015-10-12 18:52:28 URL:http://untitled-game.org/source/net_ipxc.html [17792/17792] -> "untitled-game.org_20151012/source/net_ipxc.html" [1]
2015-10-12 18:52:28 URL:http://untitled-game.org/source/net_ipxh.html [1427/1427] -> "untitled-game.org_20151012/source/net_ipxh.html" [1]
2015-10-12 18:52:28 URL:http://untitled-game.org/source/net_loopc.html [5019/5019] -> "untitled-game.org_20151012/source/net_loopc.html" [1]
2015-10-12 18:52:29 URL:http://untitled-game.org/source/net_looph.html [1037/1037] -> "untitled-game.org_20151012/source/net_looph.html" [1]
2015-10-12 18:52:29 URL:http://untitled-game.org/source/net_mainc.html [19445/19445] -> "untitled-game.org_20151012/source/net_mainc.html" [1]
2015-10-12 18:52:29 URL:http://untitled-game.org/source/net_mpc.html [10682/10682] -> "untitled-game.org_20151012/source/net_mpc.html" [1]
2015-10-12 18:52:29 URL:http://untitled-game.org/source/net_mph.html [1464/1464] -> "untitled-game.org_20151012/source/net_mph.html" [1]
2015-10-12 18:52:29 URL:http://untitled-game.org/source/net_nonec.html [956/956] -> "untitled-game.org_20151012/source/net_nonec.html" [1]
2015-10-12 18:52:29 URL:http://untitled-game.org/source/net_serc.html [20229/20229] -> "untitled-game.org_20151012/source/net_serc.html" [1]
2015-10-12 18:52:29 URL:http://untitled-game.org/source/net_serh.html [1056/1056] -> "untitled-game.org_20151012/source/net_serh.html" [1]
2015-10-12 18:52:29 URL:http://untitled-game.org/source/net_udpc.html [9916/9916] -> "untitled-game.org_20151012/source/net_udpc.html" [1]
2015-10-12 18:52:29 URL:http://untitled-game.org/source/net_udph.html [1427/1427] -> "untitled-game.org_20151012/source/net_udph.html" [1]
2015-10-12 18:52:29 URL:http://untitled-game.org/source/net_vcrc.html [3266/3266] -> "untitled-game.org_20151012/source/net_vcrc.html" [1]
2015-10-12 18:52:29 URL:http://untitled-game.org/source/net_vcrh.html [1055/1055] -> "untitled-game.org_20151012/source/net_vcrh.html" [1]
2015-10-12 18:52:29 URL:http://untitled-game.org/source/net_winc.html [2103/2103] -> "untitled-game.org_20151012/source/net_winc.html" [1]
2015-10-12 18:52:29 URL:http://untitled-game.org/source/net_winsc.html [14556/14556] -> "untitled-game.org_20151012/source/net_winsc.html" [1]
2015-10-12 18:52:29 URL:http://untitled-game.org/source/net_winsh.html [1447/1447] -> "untitled-game.org_20151012/source/net_winsh.html" [1]
2015-10-12 18:52:29 URL:http://untitled-game.org/source/net_wipxc.html [10532/10532] -> "untitled-game.org_20151012/source/net_wipxc.html" [1]
2015-10-12 18:52:29 URL:http://untitled-game.org/source/net_wipxh.html [1447/1447] -> "untitled-game.org_20151012/source/net_wipxh.html" [1]
2015-10-12 18:52:29 URL:http://untitled-game.org/source/net_wsoc.html [491/491] -> "untitled-game.org_20151012/source/net_wsoc.html" [1]
2015-10-12 18:52:29 URL:http://untitled-game.org/source/nonintelc.html [993/993] -> "untitled-game.org_20151012/source/nonintelc.html" [1]
2015-10-12 18:52:29 URL:http://untitled-game.org/source/pr_cmdsc.html [37047/37047] -> "untitled-game.org_20151012/source/pr_cmdsc.html" [1]
2015-10-12 18:52:29 URL:http://untitled-game.org/source/pr_comph.html [2833/2833] -> "untitled-game.org_20151012/source/pr_comph.html" [1]
2015-10-12 18:52:29 URL:http://untitled-game.org/source/pr_edictc.html [21783/21783] -> "untitled-game.org_20151012/source/pr_edictc.html" [1]
2015-10-12 18:52:29 URL:http://untitled-game.org/source/pr_execc.html [12144/12144] -> "untitled-game.org_20151012/source/pr_execc.html" [1]
2015-10-12 18:52:29 URL:http://untitled-game.org/source/progdefsh.html [568/568] -> "untitled-game.org_20151012/source/progdefsh.html" [1]
2015-10-12 18:52:29 URL:http://untitled-game.org/source/progdefsq1.html [2949/2949] -> "untitled-game.org_20151012/source/progdefsq1.html" [1]
2015-10-12 18:52:29 URL:http://untitled-game.org/source/progdefsq2.html [3223/3223] -> "untitled-game.org_20151012/source/progdefsq2.html" [1]
2015-10-12 18:52:30 URL:http://untitled-game.org/source/progsh.html [3584/3584] -> "untitled-game.org_20151012/source/progsh.html" [1]
2015-10-12 18:52:30 URL:http://untitled-game.org/source/protocolh.html [4555/4555] -> "untitled-game.org_20151012/source/protocolh.html" [1]
2015-10-12 18:52:30 URL:http://untitled-game.org/source/q_dataspecsh.html [2058/2058] -> "untitled-game.org_20151012/source/q_dataspecsh.html" [1]
2015-10-12 18:52:30 URL:http://untitled-game.org/source/q_hipnoticspecsh.html [4815/4815] -> "untitled-game.org_20151012/source/q_hipnoticspecsh.html" [1]
2015-10-12 18:52:30 URL:http://untitled-game.org/source/q_roguespecsh.html [4593/4593] -> "untitled-game.org_20151012/source/q_roguespecsh.html" [1]
http://untitled-game.org/source/q_sharewarespec.sh.html:
2015-10-12 18:52:30 ERROR 404: Not Found.
2015-10-12 18:52:30 URL:http://untitled-game.org/source/q_specsh.html [2119/2119] -> "untitled-game.org_20151012/source/q_specsh.html" [1]
2015-10-12 18:52:30 URL:http://untitled-game.org/source/q_asmh.html [6093/6093] -> "untitled-game.org_20151012/source/q_asmh.html" [1]
2015-10-12 18:52:30 URL:http://untitled-game.org/source/q_defh.html [8238/8238] -> "untitled-game.org_20151012/source/q_defh.html" [1]
2015-10-12 18:52:30 URL:http://untitled-game.org/source/r_aclipc.html [8136/8136] -> "untitled-game.org_20151012/source/r_aclipc.html" [1]
2015-10-12 18:52:30 URL:http://untitled-game.org/source/r_aclipas.html [5293/5293] -> "untitled-game.org_20151012/source/r_aclipas.html" [1]
2015-10-12 18:52:30 URL:http://untitled-game.org/source/r_aliasc.html [18405/18405] -> "untitled-game.org_20151012/source/r_aliasc.html" [1]
2015-10-12 18:52:30 URL:http://untitled-game.org/source/r_aliasas.html [6837/6837] -> "untitled-game.org_20151012/source/r_aliasas.html" [1]
2015-10-12 18:52:30 URL:http://untitled-game.org/source/r_bspc.html [14627/14627] -> "untitled-game.org_20151012/source/r_bspc.html" [1]
2015-10-12 18:52:30 URL:http://untitled-game.org/source/r_drawc.html [19869/19869] -> "untitled-game.org_20151012/source/r_drawc.html" [1]
2015-10-12 18:52:30 URL:http://untitled-game.org/source/r_drawas.html [18677/18677] -> "untitled-game.org_20151012/source/r_drawas.html" [1]
2015-10-12 18:52:30 URL:http://untitled-game.org/source/r_edgec.html [15554/15554] -> "untitled-game.org_20151012/source/r_edgec.html" [1]
2015-10-12 18:52:30 URL:http://untitled-game.org/source/r_edgeas.html [17708/17708] -> "untitled-game.org_20151012/source/r_edgeas.html" [1]
2015-10-12 18:52:30 URL:http://untitled-game.org/source/r_efragc.html [4804/4804] -> "untitled-game.org_20151012/source/r_efragc.html" [1]
2015-10-12 18:52:30 URL:http://untitled-game.org/source/r_lightc.html [5085/5085] -> "untitled-game.org_20151012/source/r_lightc.html" [1]
2015-10-12 18:52:30 URL:http://untitled-game.org/source/r_localh.html [8143/8143] -> "untitled-game.org_20151012/source/r_localh.html" [1]
2015-10-12 18:52:30 URL:http://untitled-game.org/source/r_mainc.html [24887/24887] -> "untitled-game.org_20151012/source/r_mainc.html" [1]
2015-10-12 18:52:30 URL:http://untitled-game.org/source/r_miscc.html [9374/9374] -> "untitled-game.org_20151012/source/r_miscc.html" [1]
2015-10-12 18:52:30 URL:http://untitled-game.org/source/r_partc.html [14924/14924] -> "untitled-game.org_20151012/source/r_partc.html" [1]
2015-10-12 18:52:30 URL:http://untitled-game.org/source/r_sharedh.html [4690/4690] -> "untitled-game.org_20151012/source/r_sharedh.html" [1]
2015-10-12 18:52:31 URL:http://untitled-game.org/source/r_skyc.html [4907/4907] -> "untitled-game.org_20151012/source/r_skyc.html" [1]
2015-10-12 18:52:31 URL:http://untitled-game.org/source/r_spritec.html [10543/10543] -> "untitled-game.org_20151012/source/r_spritec.html" [1]
2015-10-12 18:52:31 URL:http://untitled-game.org/source/r_surfc.html [13823/13823] -> "untitled-game.org_20151012/source/r_surfc.html" [1]
2015-10-12 18:52:31 URL:http://untitled-game.org/source/r_varsc.html [1697/1697] -> "untitled-game.org_20151012/source/r_varsc.html" [1]
2015-10-12 18:52:31 URL:http://untitled-game.org/source/r_varsas.html [1471/1471] -> "untitled-game.org_20151012/source/r_varsas.html" [1]
2015-10-12 18:52:31 URL:http://untitled-game.org/source/readmesolaris.html [3684/3684] -> "untitled-game.org_20151012/source/readmesolaris.html" [1]
2015-10-12 18:52:31 URL:http://untitled-game.org/source/renderh.html [4631/4631] -> "untitled-game.org_20151012/source/renderh.html" [1]
2015-10-12 18:52:31 URL:http://untitled-game.org/source/resourceh.html [1107/1107] -> "untitled-game.org_20151012/source/resourceh.html" [1]
2015-10-12 18:52:31 URL:http://untitled-game.org/source/sbarc.html [29046/29046] -> "untitled-game.org_20151012/source/sbarc.html" [1]
2015-10-12 18:52:31 URL:http://untitled-game.org/source/sbarh.html [1027/1027] -> "untitled-game.org_20151012/source/sbarh.html" [1]
2015-10-12 18:52:31 URL:http://untitled-game.org/source/screenc.html [18744/18744] -> "untitled-game.org_20151012/source/screenc.html" [1]
2015-10-12 18:52:31 URL:http://untitled-game.org/source/screenh.html [1375/1375] -> "untitled-game.org_20151012/source/screenh.html" [1]
2015-10-12 18:52:31 URL:http://untitled-game.org/source/serverh.html [6878/6878] -> "untitled-game.org_20151012/source/serverh.html" [1]
2015-10-12 18:52:31 URL:http://untitled-game.org/source/snd_dmac.html [19954/19954] -> "untitled-game.org_20151012/source/snd_dmac.html" [1]
2015-10-12 18:52:31 URL:http://untitled-game.org/source/snd_dosc.html [12630/12630] -> "untitled-game.org_20151012/source/snd_dosc.html" [1]
2015-10-12 18:52:31 URL:http://untitled-game.org/source/snd_gusc.html [33892/33892] -> "untitled-game.org_20151012/source/snd_gusc.html" [1]
2015-10-12 18:52:31 URL:http://untitled-game.org/source/snd_linuxc.html [5647/5647] -> "untitled-game.org_20151012/source/snd_linuxc.html" [1]
2015-10-12 18:52:31 URL:http://untitled-game.org/source/snd_memc.html [6448/6448] -> "untitled-game.org_20151012/source/snd_memc.html" [1]
2015-10-12 18:52:31 URL:http://untitled-game.org/source/snd_mixc.html [7694/7694] -> "untitled-game.org_20151012/source/snd_mixc.html" [1]
2015-10-12 18:52:31 URL:http://untitled-game.org/source/snd_mixas.html [4631/4631] -> "untitled-game.org_20151012/source/snd_mixas.html" [1]
2015-10-12 18:52:31 URL:http://untitled-game.org/source/snd_nextc.html [1180/1180] -> "untitled-game.org_20151012/source/snd_nextc.html" [1]
2015-10-12 18:52:31 URL:http://untitled-game.org/source/snd_nullc.html [1483/1483] -> "untitled-game.org_20151012/source/snd_nullc.html" [1]
2015-10-12 18:52:31 URL:http://untitled-game.org/source/snd_sunc.html [4184/4184] -> "untitled-game.org_20151012/source/snd_sunc.html" [1]
2015-10-12 18:52:31 URL:http://untitled-game.org/source/snd_winc.html [15050/15050] -> "untitled-game.org_20151012/source/snd_winc.html" [1]
http://untitled-game.org/source/soundh.html:
2015-10-12 18:52:32 ERROR 404: Not Found.
2015-10-12 18:52:32 URL:http://untitled-game.org/source/spritegnh.html [2574/2574] -> "untitled-game.org_20151012/source/spritegnh.html" [1]
2015-10-12 18:52:32 URL:http://untitled-game.org/source/surf16s.html [3095/3095] -> "untitled-game.org_20151012/source/surf16s.html" [1]
2015-10-12 18:52:32 URL:http://untitled-game.org/source/surf8s.html [13676/13676] -> "untitled-game.org_20151012/source/surf8s.html" [1]
2015-10-12 18:52:32 URL:http://untitled-game.org/source/sv_mainc.html [27138/27138] -> "untitled-game.org_20151012/source/sv_mainc.html" [1]
2015-10-12 18:52:32 URL:http://untitled-game.org/source/sv_movec.html [9247/9247] -> "untitled-game.org_20151012/source/sv_movec.html" [1]
2015-10-12 18:52:32 URL:http://untitled-game.org/source/sv_physc.html [37109/37109] -> "untitled-game.org_20151012/source/sv_physc.html" [1]
2015-10-12 18:52:32 URL:http://untitled-game.org/source/sv_userc.html [12797/12797] -> "untitled-game.org_20151012/source/sv_userc.html" [1]
2015-10-12 18:52:32 URL:http://untitled-game.org/source/sysh.html [1699/1699] -> "untitled-game.org_20151012/source/sysh.html" [1]
2015-10-12 18:52:32 URL:http://untitled-game.org/source/sys_dosc.html [19501/19501] -> "untitled-game.org_20151012/source/sys_dosc.html" [1]
2015-10-12 18:52:32 URL:http://untitled-game.org/source/sys_dosas.html [1736/1736] -> "untitled-game.org_20151012/source/sys_dosas.html" [1]
2015-10-12 18:52:32 URL:http://untitled-game.org/source/sys_linuxc.html [13119/13119] -> "untitled-game.org_20151012/source/sys_linuxc.html" [1]
2015-10-12 18:52:32 URL:http://untitled-game.org/source/sys_nullc.html [3573/3573] -> "untitled-game.org_20151012/source/sys_nullc.html" [1]
2015-10-12 18:52:32 URL:http://untitled-game.org/source/sys_sunc.html [6698/6698] -> "untitled-game.org_20151012/source/sys_sunc.html" [1]
2015-10-12 18:52:32 URL:http://untitled-game.org/source/sys_winc.html [16117/16117] -> "untitled-game.org_20151012/source/sys_winc.html" [1]
2015-10-12 18:52:33 URL:http://untitled-game.org/source/sys_winas.html [1853/1853] -> "untitled-game.org_20151012/source/sys_winas.html" [1]
2015-10-12 18:52:33 URL:http://untitled-game.org/source/sys_windc.html [4915/4915] -> "untitled-game.org_20151012/source/sys_windc.html" [1]
2015-10-12 18:52:33 URL:http://untitled-game.org/source/vgamodesh.html [14327/14327] -> "untitled-game.org_20151012/source/vgamodesh.html" [1]
2015-10-12 18:52:33 URL:http://untitled-game.org/source/vidh.html [2508/2508] -> "untitled-game.org_20151012/source/vidh.html" [1]
2015-10-12 18:52:33 URL:http://untitled-game.org/source/vid_dosc.html [15230/15230] -> "untitled-game.org_20151012/source/vid_dosc.html" [1]
2015-10-12 18:52:33 URL:http://untitled-game.org/source/vid_dosh.html [2581/2581] -> "untitled-game.org_20151012/source/vid_dosh.html" [1]
2015-10-12 18:52:33 URL:http://untitled-game.org/source/vid_extc.html [18868/18868] -> "untitled-game.org_20151012/source/vid_extc.html" [1]
2015-10-12 18:52:33 URL:http://untitled-game.org/source/vid_nullc.html [1740/1740] -> "untitled-game.org_20151012/source/vid_nullc.html" [1]
2015-10-12 18:52:33 URL:http://untitled-game.org/source/vid_sunxc.html [29436/29436] -> "untitled-game.org_20151012/source/vid_sunxc.html" [1]
2015-10-12 18:52:33 URL:http://untitled-game.org/source/vid_sunxilc.html [29793/29793] -> "untitled-game.org_20151012/source/vid_sunxilc.html" [1]
2015-10-12 18:52:33 URL:http://untitled-game.org/source/vid_svgalibc.html [20815/20815] -> "untitled-game.org_20151012/source/vid_svgalibc.html" [1]
2015-10-12 18:52:33 URL:http://untitled-game.org/source/vid_vgac.html [9323/9323] -> "untitled-game.org_20151012/source/vid_vgac.html" [1]
2015-10-12 18:52:33 URL:http://untitled-game.org/source/vid_winc.html [71846/71846] -> "untitled-game.org_20151012/source/vid_winc.html" [1]
2015-10-12 18:52:33 URL:http://untitled-game.org/source/vid_xc.html [27496/27496] -> "untitled-game.org_20151012/source/vid_xc.html" [1]
2015-10-12 18:52:33 URL:http://untitled-game.org/source/viewc.html [23763/23763] -> "untitled-game.org_20151012/source/viewc.html" [1]
2015-10-12 18:52:33 URL:http://untitled-game.org/source/viewh.html [794/794] -> "untitled-game.org_20151012/source/viewh.html" [1]
2015-10-12 18:52:33 URL:http://untitled-game.org/source/vregsetc.html [1472/1472] -> "untitled-game.org_20151012/source/vregsetc.html" [1]
2015-10-12 18:52:34 URL:http://untitled-game.org/source/vregseth.html [1143/1143] -> "untitled-game.org_20151012/source/vregseth.html" [1]
2015-10-12 18:52:34 URL:http://untitled-game.org/source/wadc.html [3179/3179] -> "untitled-game.org_20151012/source/wadc.html" [1]
2015-10-12 18:52:34 URL:http://untitled-game.org/source/wadh.html [1497/1497] -> "untitled-game.org_20151012/source/wadh.html" [1]
2015-10-12 18:52:34 URL:http://untitled-game.org/source/winqh.html [3241/3241] -> "untitled-game.org_20151012/source/winqh.html" [1]
2015-10-12 18:52:34 URL:http://untitled-game.org/source/worldc.html [21150/21150] -> "untitled-game.org_20151012/source/worldc.html" [1]
2015-10-12 18:52:34 URL:http://untitled-game.org/source/worldh.html [2334/2334] -> "untitled-game.org_20151012/source/worldh.html" [1]
2015-10-12 18:52:34 URL:http://untitled-game.org/source/worldas.html [2700/2700] -> "untitled-game.org_20151012/source/worldas.html" [1]
2015-10-12 18:52:34 URL:http://untitled-game.org/source/zonec.html [18584/18584] -> "untitled-game.org_20151012/source/zonec.html" [1]
2015-10-12 18:52:34 URL:http://untitled-game.org/source/zoneh.html [2944/2944] -> "untitled-game.org_20151012/source/zoneh.html" [1]
2015-10-12 18:52:34 URL:http://untitled-game.org/progs/aiqc.html [18690/18690] -> "untitled-game.org_20151012/progs/aiqc.html" [1]
2015-10-12 18:52:34 URL:http://untitled-game.org/img/ic.gif [142/142] -> "untitled-game.org_20151012/img/ic.gif" [1]
2015-10-12 18:52:34 URL:http://untitled-game.org/progs/buttonsqc.html [3325/3325] -> "untitled-game.org_20151012/progs/buttonsqc.html" [1]
2015-10-12 18:52:34 URL:http://untitled-game.org/progs/clientqc.html [29379/29379] -> "untitled-game.org_20151012/progs/clientqc.html" [1]
2015-10-12 18:52:34 URL:http://untitled-game.org/progs/combatqc.html [7651/7651] -> "untitled-game.org_20151012/progs/combatqc.html" [1]
2015-10-12 18:52:34 URL:http://untitled-game.org/progs/defsqc.html [24393/24393] -> "untitled-game.org_20151012/progs/defsqc.html" [1]
2015-10-12 18:52:34 URL:http://untitled-game.org/progs/doorsqc.html [17479/17479] -> "untitled-game.org_20151012/progs/doorsqc.html" [1]
2015-10-12 18:52:34 URL:http://untitled-game.org/progs/fightqc.html [7593/7593] -> "untitled-game.org_20151012/progs/fightqc.html" [1]
2015-10-12 18:52:34 URL:http://untitled-game.org/progs/flagqc.html [539/539] -> "untitled-game.org_20151012/progs/flagqc.html" [1]
2015-10-12 18:52:34 URL:http://untitled-game.org/progs/itemsqc.html [31046/31046] -> "untitled-game.org_20151012/progs/itemsqc.html" [1]
2015-10-12 18:52:34 URL:http://untitled-game.org/progs/miscqc.html [17154/17154] -> "untitled-game.org_20151012/progs/miscqc.html" [1]
2015-10-12 18:52:34 URL:http://untitled-game.org/progs/modelsqc.html [10717/10717] -> "untitled-game.org_20151012/progs/modelsqc.html" [1]
2015-10-12 18:52:34 URL:http://untitled-game.org/progs/monstersqc.html [5181/5181] -> "untitled-game.org_20151012/progs/monstersqc.html" [1]
2015-10-12 18:52:34 URL:http://untitled-game.org/progs/platsqc.html [8154/8154] -> "untitled-game.org_20151012/progs/platsqc.html" [1]
2015-10-12 18:52:34 URL:http://untitled-game.org/progs/playerqc.html [18754/18754] -> "untitled-game.org_20151012/progs/playerqc.html" [1]
2015-10-12 18:52:35 URL:http://untitled-game.org/progs/serverqc.html [2762/2762] -> "untitled-game.org_20151012/progs/serverqc.html" [1]
2015-10-12 18:52:35 URL:http://untitled-game.org/progs/spectateqc.html [2351/2351] -> "untitled-game.org_20151012/progs/spectateqc.html" [1]
2015-10-12 18:52:35 URL:http://untitled-game.org/progs/spritesqc.html [848/848] -> "untitled-game.org_20151012/progs/spritesqc.html" [1]
2015-10-12 18:52:35 URL:http://untitled-game.org/progs/subsqc.html [5934/5934] -> "untitled-game.org_20151012/progs/subsqc.html" [1]
2015-10-12 18:52:35 URL:http://untitled-game.org/progs/triggersqc.html [14647/14647] -> "untitled-game.org_20151012/progs/triggersqc.html" [1]
2015-10-12 18:52:35 URL:http://untitled-game.org/progs/weaponsqc.html [27172/27172] -> "untitled-game.org_20151012/progs/weaponsqc.html" [1]
2015-10-12 18:52:35 URL:http://untitled-game.org/progs/worldqc.html [11683/11683] -> "untitled-game.org_20151012/progs/worldqc.html" [1]
2015-10-12 18:52:35 URL:http://untitled-game.org/progs/bossqc.html [11757/11757] -> "untitled-game.org_20151012/progs/bossqc.html" [1]
2015-10-12 18:52:35 URL:http://untitled-game.org/progs/demonqc.html [9762/9762] -> "untitled-game.org_20151012/progs/demonqc.html" [1]
2015-10-12 18:52:35 URL:http://untitled-game.org/progs/dogqc.html [11887/11887] -> "untitled-game.org_20151012/progs/dogqc.html" [1]
2015-10-12 18:52:35 URL:http://untitled-game.org/progs/knightqc.html [10843/10843] -> "untitled-game.org_20151012/progs/knightqc.html" [1]
2015-10-12 18:52:35 URL:http://untitled-game.org/progs/ogreqc.html [13468/13468] -> "untitled-game.org_20151012/progs/ogreqc.html" [1]
2015-10-12 18:52:35 URL:http://untitled-game.org/progs/shamblerqc.html [12479/12479] -> "untitled-game.org_20151012/progs/shamblerqc.html" [1]
2015-10-12 18:52:35 URL:http://untitled-game.org/progs/soldierqc.html [9424/9424] -> "untitled-game.org_20151012/progs/soldierqc.html" [1]
2015-10-12 18:52:35 URL:http://untitled-game.org/progs/wizardqc.html [10738/10738] -> "untitled-game.org_20151012/progs/wizardqc.html" [1]
2015-10-12 18:52:35 URL:http://untitled-game.org/progs/zombieqc.html [19163/19163] -> "untitled-game.org_20151012/progs/zombieqc.html" [1]
2015-10-12 18:52:35 URL:http://untitled-game.org/progs/enforcerqc.html [10585/10585] -> "untitled-game.org_20151012/progs/enforcerqc.html" [1]
2015-10-12 18:52:35 URL:http://untitled-game.org/progs/fishqc.html [7496/7496] -> "untitled-game.org_20151012/progs/fishqc.html" [1]
2015-10-12 18:52:35 URL:http://untitled-game.org/progs/hknightqc.html [17415/17415] -> "untitled-game.org_20151012/progs/hknightqc.html" [1]
2015-10-12 18:52:35 URL:http://untitled-game.org/progs/oldoneqc.html [9618/9618] -> "untitled-game.org_20151012/progs/oldoneqc.html" [1]
2015-10-12 18:52:35 URL:http://untitled-game.org/progs/shalrathqc.html [8191/8191] -> "untitled-game.org_20151012/progs/shalrathqc.html" [1]
2015-10-12 18:52:35 URL:http://untitled-game.org/progs/tarbabyqc.html [7307/7307] -> "untitled-game.org_20151012/progs/tarbabyqc.html" [1]
FINISHED --2015-10-12 18:52:35--
Total wall clock time: 2m 2s
Downloaded: 376 files, 151M in 1m 35s (1.58 MB/s)
