2013-09-14 17:16:06 URL:http://wartrench.telefragged.com/ [879/879] -> "wartrench.telefragged.com_20130914/index.html" [1]
2013-09-14 17:16:07 URL:http://wartrench.telefragged.com/frconten.shtml [5496] -> "wartrench.telefragged.com_20130914/frconten.shtml.html" [1]
2013-09-14 17:16:07 URL:http://wartrench.telefragged.com/mod.html [640/640] -> "wartrench.telefragged.com_20130914/mod.html" [1]
2013-09-14 17:16:07 URL:http://wartrench.telefragged.com/frmain.shtml [20088/20088] -> "wartrench.telefragged.com_20130914/frmain.shtml.html" [1]
2013-09-14 17:16:07 URL:http://wartrench.telefragged.com/logo_sml.jpg [3820/3820] -> "wartrench.telefragged.com_20130914/logo_sml.jpg" [1]
2013-09-14 17:16:08 URL:http://wartrench.telefragged.com/midi1.html [1100/1100] -> "wartrench.telefragged.com_20130914/midi1.html" [1]
2013-09-14 17:16:08 URL:http://wartrench.telefragged.com/off_contents.jpg [2174/2174] -> "wartrench.telefragged.com_20130914/off_contents.jpg" [1]
2013-09-14 17:16:08 URL:http://wartrench.telefragged.com/off_welcome.jpg [1566/1566] -> "wartrench.telefragged.com_20130914/off_welcome.jpg" [1]
2013-09-14 17:16:08 URL:http://wartrench.telefragged.com/off_2015.jpg [1450/1450] -> "wartrench.telefragged.com_20130914/off_2015.jpg" [1]
2013-09-14 17:16:08 URL:http://wartrench.telefragged.com/custents.html [10846/10846] -> "wartrench.telefragged.com_20130914/custents.html" [1]
2013-09-14 17:16:08 URL:http://wartrench.telefragged.com/off_custents.jpg [1602/1602] -> "wartrench.telefragged.com_20130914/off_custents.jpg" [1]
2013-09-14 17:16:08 URL:http://wartrench.telefragged.com/off_custhelp.jpg [2215/2215] -> "wartrench.telefragged.com_20130914/off_custhelp.jpg" [1]
2013-09-14 17:16:09 URL:http://wartrench.telefragged.com/cinside.html [3366/3366] -> "wartrench.telefragged.com_20130914/cinside.html" [1]
2013-09-14 17:16:09 URL:http://wartrench.telefragged.com/off_cinside.jpg [2629/2629] -> "wartrench.telefragged.com_20130914/off_cinside.jpg" [1]
2013-09-14 17:16:09 URL:http://wartrench.telefragged.com/mental.html [5633/5633] -> "wartrench.telefragged.com_20130914/mental.html" [1]
2013-09-14 17:16:09 URL:http://wartrench.telefragged.com/off_mental.jpg [2483/2483] -> "wartrench.telefragged.com_20130914/off_mental.jpg" [1]
2013-09-14 17:16:09 URL:http://wartrench.telefragged.com/art.html [2355/2355] -> "wartrench.telefragged.com_20130914/art.html" [1]
2013-09-14 17:16:09 URL:http://wartrench.telefragged.com/off_artsy.jpg [2034/2034] -> "wartrench.telefragged.com_20130914/off_artsy.jpg" [1]
2013-09-14 17:16:10 URL:http://wartrench.telefragged.com/links.html [2424/2424] -> "wartrench.telefragged.com_20130914/links.html" [1]
2013-09-14 17:16:10 URL:http://wartrench.telefragged.com/off_links.jpg [2274/2274] -> "wartrench.telefragged.com_20130914/off_links.jpg" [1]
2013-09-14 17:16:10 URL:http://wartrench.telefragged.com/custdls.html [3591/3591] -> "wartrench.telefragged.com_20130914/custdls.html" [1]
2013-09-14 17:16:10 URL:http://wartrench.telefragged.com/off_dl.jpg [2073/2073] -> "wartrench.telefragged.com_20130914/off_dl.jpg" [1]
2013-09-14 17:16:10 URL:http://wartrench.telefragged.com/off_email.jpg [3044/3044] -> "wartrench.telefragged.com_20130914/off_email.jpg" [1]
2013-09-14 17:16:12 URL:http://wartrench.telefragged.com/mod/A-CORPSE-Blocked.mdz [676048/676048] -> "wartrench.telefragged.com_20130914/mod/A-CORPSE-Blocked.mdz" [1]
2013-09-14 17:16:12 URL:http://wartrench.telefragged.com/logo.jpg [27730/27730] -> "wartrench.telefragged.com_20130914/logo.jpg" [1]
2013-09-14 17:16:12 URL:http://wartrench.telefragged.com/modplug.gif [2621/2621] -> "wartrench.telefragged.com_20130914/modplug.gif" [1]
2013-09-14 17:16:13 URL:http://wartrench.telefragged.com/oldyakit.htm [23060/23060] -> "wartrench.telefragged.com_20130914/oldyakit.htm" [1]
2013-09-14 17:16:14 URL:http://www.atomicgamer.com/responseCodes/404.php [17535] -> "wartrench.telefragged.com_20130914/mod5.html" [1]
2013-09-14 17:16:15 URL:http://wartrench.telefragged.com/midi/mozart.mid [74006/74006] -> "wartrench.telefragged.com_20130914/midi/mozart.mid" [1]
2013-09-14 17:16:15 URL:http://wartrench.telefragged.com/midi2.htm [1094/1094] -> "wartrench.telefragged.com_20130914/midi2.htm" [1]
2013-09-14 17:16:15 URL:http://wartrench.telefragged.com/midi3.htm [1082/1082] -> "wartrench.telefragged.com_20130914/midi3.htm" [1]
2013-09-14 17:16:15 URL:http://wartrench.telefragged.com/ce6logo.jpg [58005/58005] -> "wartrench.telefragged.com_20130914/ce6logo.jpg" [1]
2013-09-14 17:16:16 URL:http://wartrench.telefragged.com/ceinside.jpg [21927/21927] -> "wartrench.telefragged.com_20130914/ceinside.jpg" [1]
2013-09-14 17:16:16 URL:http://wartrench.telefragged.com/logo_lrg.jpg [12233/12233] -> "wartrench.telefragged.com_20130914/logo_lrg.jpg" [1]
2013-09-14 17:16:17 URL:http://wartrench.telefragged.com/Mage.jpg [377538/377538] -> "wartrench.telefragged.com_20130914/Mage.jpg" [1]
2013-09-14 17:16:17 URL:http://wartrench.telefragged.com/Kensai-nunchuks.jpg [87359/87359] -> "wartrench.telefragged.com_20130914/Kensai-nunchuks.jpg" [1]
2013-09-14 17:16:17 URL:http://wartrench.telefragged.com/luramtnt.JPG [127586/127586] -> "wartrench.telefragged.com_20130914/luramtnt.JPG" [1]
2013-09-14 17:16:17 URL:http://wartrench.telefragged.com/mutanis.jpg [7274/7274] -> "wartrench.telefragged.com_20130914/mutanis.jpg" [1]
2013-09-14 17:16:18 URL:http://wartrench.telefragged.com/coolinks.jpg [12803/12803] -> "wartrench.telefragged.com_20130914/coolinks.jpg" [1]
2013-09-14 17:16:18 URL:http://wartrench.telefragged.com/telel3.jpg [13136/13136] -> "wartrench.telefragged.com_20130914/telel3.jpg" [1]
2013-09-14 17:16:18 URL:http://wartrench.telefragged.com/datawave.jpg [7768/7768] -> "wartrench.telefragged.com_20130914/datawave.jpg" [1]
2013-09-14 17:16:18 URL:http://wartrench.telefragged.com/blues.GIF [2910/2910] -> "wartrench.telefragged.com_20130914/blues.GIF" [1]
2013-09-14 17:16:18 URL:http://wartrench.telefragged.com/qnow.jpg [2093/2093] -> "wartrench.telefragged.com_20130914/qnow.jpg" [1]
2013-09-14 17:16:18 URL:http://wartrench.telefragged.com/getwc.gif [11961/11961] -> "wartrench.telefragged.com_20130914/getwc.gif" [1]
2013-09-14 17:16:19 URL:http://wartrench.telefragged.com/sgc_button.gif [2657/2657] -> "wartrench.telefragged.com_20130914/sgc_button.gif" [1]
2013-09-14 17:16:19 URL:http://wartrench.telefragged.com/vbutton.gif [6551/6551] -> "wartrench.telefragged.com_20130914/vbutton.gif" [1]
2013-09-14 17:16:19 URL:http://wartrench.telefragged.com/kimnow.gif [3579/3579] -> "wartrench.telefragged.com_20130914/kimnow.gif" [1]
2013-09-14 17:16:20 URL:http://www.atomicgamer.com/responseCodes/404.php [17535] -> "wartrench.telefragged.com_20130914/midi/ruiner.mid.html" [1]
2013-09-14 17:16:21 URL:http://www.atomicgamer.com/responseCodes/404.php [17535] -> "wartrench.telefragged.com_20130914/midi/ffvbig.mid.html" [1]
FINISHED --2013-09-14 17:16:21--
Total wall clock time: 15s
Downloaded: 49 files, 1.6M in 5.2s (318 KB/s)
