2015-02-01 21:55:13 URL:http://welovequake.6te.net/ [6884/6884] -> "welovequake.6te.net_20150201/index.html" [1]
2015-02-01 21:55:13 URL:http://welovequake.6te.net/favicon.ico [22382/22382] -> "welovequake.6te.net_20150201/favicon.ico" [1]
2015-02-01 21:55:13 URL:http://welovequake.6te.net/images/iphone1.png [24955/24955] -> "welovequake.6te.net_20150201/images/iphone1.png" [1]
2015-02-01 21:55:13 URL:http://welovequake.6te.net/images/ipad.png [11689/11689] -> "welovequake.6te.net_20150201/images/ipad.png" [1]
2015-02-01 21:55:13 URL:http://welovequake.6te.net/images/iphone2.png [7784/7784] -> "welovequake.6te.net_20150201/images/iphone2.png" [1]
2015-02-01 21:55:13 URL:http://welovequake.6te.net/images/speeddial.png [37882/37882] -> "welovequake.6te.net_20150201/images/speeddial.png" [1]
2015-02-01 21:55:13 URL:http://welovequake.6te.net/images/background.jpg [42945/42945] -> "welovequake.6te.net_20150201/images/background.jpg" [1]
2015-02-01 21:55:14 URL:http://welovequake.6te.net/index.html [6884/6884] -> "welovequake.6te.net_20150201/index.html" [1]
2015-02-01 21:55:14 URL:http://welovequake.6te.net/contact.html [1513/1513] -> "welovequake.6te.net_20150201/contact.html" [1]
2015-02-01 21:55:14 URL:http://welovequake.6te.net/downloads.html [6006/6006] -> "welovequake.6te.net_20150201/downloads.html" [1]
2015-02-01 21:55:14 URL:http://welovequake.6te.net/images/banner.png [215908/215908] -> "welovequake.6te.net_20150201/images/banner.png" [1]
2015-02-01 21:55:14 URL:http://welovequake.6te.net/images/news.png [55589/55589] -> "welovequake.6te.net_20150201/images/news.png" [1]
2015-02-01 21:55:14 URL:http://welovequake.6te.net/images/quack.jpg [133125/133125] -> "welovequake.6te.net_20150201/images/quack.jpg" [1]
2015-02-01 21:55:14 URL:http://welovequake.6te.net/images/ping.gif [52314/52314] -> "welovequake.6te.net_20150201/images/ping.gif" [1]
2015-02-01 21:55:14 URL:http://welovequake.6te.net/images/contact.png [62156/62156] -> "welovequake.6te.net_20150201/images/contact.png" [1]
2015-02-01 21:55:14 URL:http://welovequake.6te.net/images/downloads.png [40348/40348] -> "welovequake.6te.net_20150201/images/downloads.png" [1]
2015-02-01 21:55:14 URL:http://welovequake.6te.net/images/pakexp.jpg [120544/120544] -> "welovequake.6te.net_20150201/images/pakexp.jpg" [1]
2015-02-01 21:55:14 URL:http://welovequake.6te.net/files/pakexplr.zip [76508/76508] -> "welovequake.6te.net_20150201/files/pakexplr.zip" [1]
2015-02-01 21:55:15 URL:http://welovequake.6te.net/images/fimg.jpg [198006/198006] -> "welovequake.6te.net_20150201/images/fimg.jpg" [1]
2015-02-01 21:55:15 URL:http://welovequake.6te.net/files/fimg_v02.zip [1020048/1020048] -> "welovequake.6te.net_20150201/files/fimg_v02.zip" [1]
2015-02-01 21:55:15 URL:http://welovequake.6te.net/images/qme.jpg [52211/52211] -> "welovequake.6te.net_20150201/images/qme.jpg" [1]
2015-02-01 21:55:16 URL:http://welovequake.6te.net/files/quakeme23.zip [219499/219499] -> "welovequake.6te.net_20150201/files/quakeme23.zip" [1]
2015-02-01 21:55:16 URL:http://welovequake.6te.net/files/qbsp.zip [133122/133122] -> "welovequake.6te.net_20150201/files/qbsp.zip" [1]
2015-02-01 21:55:16 URL:http://welovequake.6te.net/images/textures.jpg [37994/37994] -> "welovequake.6te.net_20150201/images/textures.jpg" [1]
2015-02-01 21:55:17 URL:http://welovequake.6te.net/files/quake_wad.zip [2052568/2052568] -> "welovequake.6te.net_20150201/files/quake_wad.zip" [1]
2015-02-01 21:55:17 URL:http://welovequake.6te.net/images/house.jpg [49834/49834] -> "welovequake.6te.net_20150201/images/house.jpg" [1]
2015-02-01 21:55:18 URL:http://welovequake.6te.net/files/house.zip [294611/294611] -> "welovequake.6te.net_20150201/files/house.zip" [1]
2015-02-01 21:55:18 URL:http://welovequake.6te.net/images/trench.jpg [119281/119281] -> "welovequake.6te.net_20150201/images/trench.jpg" [1]
2015-02-01 21:55:18 URL:http://welovequake.6te.net/images/darkplaces.jpg [132037/132037] -> "welovequake.6te.net_20150201/images/darkplaces.jpg" [1]
2015-02-01 21:55:18 URL:http://welovequake.6te.net/images/fitz.jpg [57260/57260] -> "welovequake.6te.net_20150201/images/fitz.jpg" [1]
FINISHED --2015-02-01 21:55:18--
Total wall clock time: 5.2s
Downloaded: 30 files, 5.0M in 3.3s (1.51 MB/s)
