2014-07-27 13:22:06 URL:http://www.bloodbathsoftworks.com/xylemon/ [4883/4883] -> "www.bloodbathsoftworks.com_xylemon_20140727/xylemon/index.html" [1]
2014-07-27 13:22:06 URL:http://www.bloodbathsoftworks.com/xylemon/images/icon.png [347/347] -> "www.bloodbathsoftworks.com_xylemon_20140727/xylemon/images/icon.png" [1]
2014-07-27 13:22:06 URL:http://www.bloodbathsoftworks.com/xylemon/inc/style2.css [4589/4589] -> "www.bloodbathsoftworks.com_xylemon_20140727/xylemon/inc/style2.css" [1]
2014-07-27 13:22:06 URL:http://www.bloodbathsoftworks.com/xylemon/inc/konami.js [1017/1017] -> "www.bloodbathsoftworks.com_xylemon_20140727/xylemon/inc/konami.js" [1]
2014-07-27 13:22:06 URL:http://www.bloodbathsoftworks.com/xylemon/index.php [4883/4883] -> "www.bloodbathsoftworks.com_xylemon_20140727/xylemon/index.php.html" [1]
2014-07-27 13:22:06 URL:http://www.bloodbathsoftworks.com/xylemon/images/bannerxylem.gif [6733/6733] -> "www.bloodbathsoftworks.com_xylemon_20140727/xylemon/images/bannerxylem.gif" [1]
2014-07-27 13:22:07 URL:http://www.bloodbathsoftworks.com/xylemon/about.php [2977/2977] -> "www.bloodbathsoftworks.com_xylemon_20140727/xylemon/about.php.html" [1]
2014-07-27 13:22:07 URL:http://www.bloodbathsoftworks.com/xylemon/images/About.gif [1191/1191] -> "www.bloodbathsoftworks.com_xylemon_20140727/xylemon/images/About.gif" [1]
2014-07-27 13:22:07 URL:http://www.bloodbathsoftworks.com/xylemon/projects.php [3268/3268] -> "www.bloodbathsoftworks.com_xylemon_20140727/xylemon/projects.php.html" [1]
2014-07-27 13:22:07 URL:http://www.bloodbathsoftworks.com/xylemon/images/Projects.gif [1239/1239] -> "www.bloodbathsoftworks.com_xylemon_20140727/xylemon/images/Projects.gif" [1]
2014-07-27 13:23:07 URL:http://www.bloodbathsoftworks.com/xylemon/blog.php [2750/2750] -> "www.bloodbathsoftworks.com_xylemon_20140727/xylemon/blog.php.html" [1]
2014-07-27 13:23:07 URL:http://www.bloodbathsoftworks.com/xylemon/images/Media.gif [1178/1178] -> "www.bloodbathsoftworks.com_xylemon_20140727/xylemon/images/Media.gif" [1]
2014-07-27 13:23:30 URL:http://www.bloodbathsoftworks.com/xylemon/servers.php [14402/14402] -> "www.bloodbathsoftworks.com_xylemon_20140727/xylemon/servers.php.html" [1]
2014-07-27 13:23:30 URL:http://www.bloodbathsoftworks.com/xylemon/images/Servers.gif [1251/1251] -> "www.bloodbathsoftworks.com_xylemon_20140727/xylemon/images/Servers.gif" [1]
2014-07-27 13:23:31 URL:http://www.bloodbathsoftworks.com/xylemon/contact.php [4671/4671] -> "www.bloodbathsoftworks.com_xylemon_20140727/xylemon/contact.php.html" [1]
2014-07-27 13:23:31 URL:http://www.bloodbathsoftworks.com/xylemon/images/Contact.gif [1242/1242] -> "www.bloodbathsoftworks.com_xylemon_20140727/xylemon/images/Contact.gif" [1]
2014-07-27 13:23:31 URL:http://www.bloodbathsoftworks.com/xylemon/plusone.js [15246/15246] -> "www.bloodbathsoftworks.com_xylemon_20140727/xylemon/plusone.js" [1]
2014-07-27 13:23:31 URL:http://www.bloodbathsoftworks.com/xylemon/inc/img/space_big.gif [38365/38365] -> "www.bloodbathsoftworks.com_xylemon_20140727/xylemon/inc/img/space_big.gif" [1]
2014-07-27 13:23:32 URL:http://www.bloodbathsoftworks.com/xylemon/images/modsheaderbig_ani.gif [247267/247267] -> "www.bloodbathsoftworks.com_xylemon_20140727/xylemon/images/modsheaderbig_ani.gif" [1]
2014-07-27 13:23:32 URL:http://www.bloodbathsoftworks.com/xylemon/images/musicheaderbig_ani.gif [221210/221210] -> "www.bloodbathsoftworks.com_xylemon_20140727/xylemon/images/musicheaderbig_ani.gif" [1]
2014-07-27 13:23:32 URL:http://www.bloodbathsoftworks.com/xylemon/images/videosheaderbig_ani.gif [150028/150028] -> "www.bloodbathsoftworks.com_xylemon_20140727/xylemon/images/videosheaderbig_ani.gif" [1]
2014-07-27 13:23:33 URL:http://www.bloodbathsoftworks.com/xylemon/images/otpage.gif [303146/303146] -> "www.bloodbathsoftworks.com_xylemon_20140727/xylemon/images/otpage.gif" [1]
2014-07-27 13:23:33 URL:http://www.bloodbathsoftworks.com/xylemon/images/qreateani.gif [323608/323608] -> "www.bloodbathsoftworks.com_xylemon_20140727/xylemon/images/qreateani.gif" [1]
2014-07-27 13:23:34 URL:http://www.bloodbathsoftworks.com/xylemon/images/vektar_previewani.gif [249173/249173] -> "www.bloodbathsoftworks.com_xylemon_20140727/xylemon/images/vektar_previewani.gif" [1]
2014-07-27 13:23:34 URL:http://www.bloodbathsoftworks.com/xylemon/images/alphamodani.gif [218086/218086] -> "www.bloodbathsoftworks.com_xylemon_20140727/xylemon/images/alphamodani.gif" [1]
2014-07-27 13:23:35 URL:http://www.bloodbathsoftworks.com/xylemon/images/axel_ani.gif [100044/100044] -> "www.bloodbathsoftworks.com_xylemon_20140727/xylemon/images/axel_ani.gif" [1]
2014-07-27 13:23:35 URL:http://www.bloodbathsoftworks.com/xylemon/images/2basesani.gif [181576/181576] -> "www.bloodbathsoftworks.com_xylemon_20140727/xylemon/images/2basesani.gif" [1]
2014-07-27 13:23:36 URL:http://www.bloodbathsoftworks.com/xylemon/images/hdpacksh.gif [579169/579169] -> "www.bloodbathsoftworks.com_xylemon_20140727/xylemon/images/hdpacksh.gif" [1]
2014-07-27 13:23:36 URL:http://www.bloodbathsoftworks.com/xylemon/images/stpage.gif [198405/198405] -> "www.bloodbathsoftworks.com_xylemon_20140727/xylemon/images/stpage.gif" [1]
2014-07-27 13:23:37 URL:http://www.bloodbathsoftworks.com/xylemon/images/abstractpreviewani.gif [155548/155548] -> "www.bloodbathsoftworks.com_xylemon_20140727/xylemon/images/abstractpreviewani.gif" [1]
2014-07-27 13:23:37 URL:http://www.bloodbathsoftworks.com/xylemon/images/dueldustani.gif [156717/156717] -> "www.bloodbathsoftworks.com_xylemon_20140727/xylemon/images/dueldustani.gif" [1]
2014-07-27 13:23:37 URL:http://www.bloodbathsoftworks.com/xylemon/images/ttt_canalsani.gif [204161/204161] -> "www.bloodbathsoftworks.com_xylemon_20140727/xylemon/images/ttt_canalsani.gif" [1]
2014-07-27 13:23:38 URL:http://www.bloodbathsoftworks.com/xylemon/images/leakmapsani.gif [455646/455646] -> "www.bloodbathsoftworks.com_xylemon_20140727/xylemon/images/leakmapsani.gif" [1]
2014-07-27 13:23:38 URL:http://www.bloodbathsoftworks.com/xylemon/images/ms_ani.gif [151915/151915] -> "www.bloodbathsoftworks.com_xylemon_20140727/xylemon/images/ms_ani.gif" [1]
2014-07-27 13:23:38 URL:http://www.bloodbathsoftworks.com/xylemon/images/ROOTZ_ani.gif [145928/145928] -> "www.bloodbathsoftworks.com_xylemon_20140727/xylemon/images/ROOTZ_ani.gif" [1]
2014-07-27 13:23:38 URL:http://www.bloodbathsoftworks.com/xylemon/images/IWTCJFB_ani.gif [140487/140487] -> "www.bloodbathsoftworks.com_xylemon_20140727/xylemon/images/IWTCJFB_ani.gif" [1]
2014-07-27 13:23:39 URL:http://www.bloodbathsoftworks.com/xylemon/images/BRAIN_ani.gif [157463/157463] -> "www.bloodbathsoftworks.com_xylemon_20140727/xylemon/images/BRAIN_ani.gif" [1]
2014-07-27 13:23:39 URL:http://www.bloodbathsoftworks.com/xylemon/images/aboutheader.gif [4518/4518] -> "www.bloodbathsoftworks.com_xylemon_20140727/xylemon/images/aboutheader.gif" [1]
2014-07-27 13:23:39 URL:http://www.bloodbathsoftworks.com/xylemon/images/projectsheader.gif [9858/9858] -> "www.bloodbathsoftworks.com_xylemon_20140727/xylemon/images/projectsheader.gif" [1]
2014-07-27 13:23:39 URL:http://www.bloodbathsoftworks.com/xylemon/mods.php [4794/4794] -> "www.bloodbathsoftworks.com_xylemon_20140727/xylemon/mods.php.html" [1]
2014-07-27 13:23:39 URL:http://www.bloodbathsoftworks.com/xylemon/images/modsheaderbig.gif [22631/22631] -> "www.bloodbathsoftworks.com_xylemon_20140727/xylemon/images/modsheaderbig.gif" [1]
2014-07-27 13:23:39 URL:http://www.bloodbathsoftworks.com/xylemon/music.php [3432/3432] -> "www.bloodbathsoftworks.com_xylemon_20140727/xylemon/music.php.html" [1]
2014-07-27 13:23:39 URL:http://www.bloodbathsoftworks.com/xylemon/images/musicheaderbig.gif [21483/21483] -> "www.bloodbathsoftworks.com_xylemon_20140727/xylemon/images/musicheaderbig.gif" [1]
2014-07-27 13:23:40 URL:http://www.bloodbathsoftworks.com/xylemon/images/videosheaderbig.gif [15518/15518] -> "www.bloodbathsoftworks.com_xylemon_20140727/xylemon/images/videosheaderbig.gif" [1]
http://www.bloodbathsoftworks.com/xylemon/function.readfile:
2014-07-27 13:23:40 ERROR 404: Not Found.
2014-07-27 13:23:40 URL:http://www.bloodbathsoftworks.com/xylemon/images/serversheader.gif [5920/5920] -> "www.bloodbathsoftworks.com_xylemon_20140727/xylemon/images/serversheader.gif" [1]
2014-07-27 13:23:40 URL:http://www.bloodbathsoftworks.com/xylemon/images/tslogo.png [13445/13445] -> "www.bloodbathsoftworks.com_xylemon_20140727/xylemon/images/tslogo.png" [1]
http://www.bloodbathsoftworks.com/xylemon/images/mumble_title.gif:
2014-07-27 13:23:40 ERROR 404: Not Found.
2014-07-27 13:23:41 URL:http://www.bloodbathsoftworks.com/xylemon/images/kf_title.gif [8853/8853] -> "www.bloodbathsoftworks.com_xylemon_20140727/xylemon/images/kf_title.gif" [1]
2014-07-27 13:23:41 URL:http://www.bloodbathsoftworks.com/xylemon/images/won2_title.gif [31254/31254] -> "www.bloodbathsoftworks.com_xylemon_20140727/xylemon/images/won2_title.gif" [1]
http://www.bloodbathsoftworks.com/xylemon/function.file-get-contents:
2014-07-27 13:23:41 ERROR 404: Not Found.
2014-07-27 13:23:41 URL:http://www.bloodbathsoftworks.com/xylemon/images/map_previews/null.gif [447169/447169] -> "www.bloodbathsoftworks.com_xylemon_20140727/xylemon/images/map_previews/null.gif" [1]
2014-07-27 13:23:42 URL:http://www.bloodbathsoftworks.com/xylemon/images/tf_title.gif [11302/11302] -> "www.bloodbathsoftworks.com_xylemon_20140727/xylemon/images/tf_title.gif" [1]
2014-07-27 13:23:42 URL:http://www.bloodbathsoftworks.com/xylemon/images/Wastes_title.gif [9368/9368] -> "www.bloodbathsoftworks.com_xylemon_20140727/xylemon/images/Wastes_title.gif" [1]
2014-07-27 13:23:42 URL:http://www.bloodbathsoftworks.com/xylemon/images/gmod_title.gif [8420/8420] -> "www.bloodbathsoftworks.com_xylemon_20140727/xylemon/images/gmod_title.gif" [1]
2014-07-27 13:23:42 URL:http://www.bloodbathsoftworks.com/xylemon/images/contactheader.gif [9829/9829] -> "www.bloodbathsoftworks.com_xylemon_20140727/xylemon/images/contactheader.gif" [1]
2014-07-27 13:23:42 URL:http://www.bloodbathsoftworks.com/xylemon/images/steam_logo_small.gif [1008/1008] -> "www.bloodbathsoftworks.com_xylemon_20140727/xylemon/images/steam_logo_small.gif" [1]
2014-07-27 13:23:42 URL:http://www.bloodbathsoftworks.com/xylemon/images/googleplus_logo.gif [626/626] -> "www.bloodbathsoftworks.com_xylemon_20140727/xylemon/images/googleplus_logo.gif" [1]
2014-07-27 13:23:42 URL:http://www.bloodbathsoftworks.com/xylemon/images/moddb_logo_small.gif [1050/1050] -> "www.bloodbathsoftworks.com_xylemon_20140727/xylemon/images/moddb_logo_small.gif" [1]
2014-07-27 13:23:43 URL:http://www.bloodbathsoftworks.com/xylemon/images/yt_logo_small.gif [353/353] -> "www.bloodbathsoftworks.com_xylemon_20140727/xylemon/images/yt_logo_small.gif" [1]
2014-07-27 13:23:43 URL:http://www.bloodbathsoftworks.com/xylemon/images/snarkpit_logo_small.gif [959/959] -> "www.bloodbathsoftworks.com_xylemon_20140727/xylemon/images/snarkpit_logo_small.gif" [1]
2014-07-27 13:23:43 URL:http://www.bloodbathsoftworks.com/xylemon/images/twhl_logo_small.gif [1018/1018] -> "www.bloodbathsoftworks.com_xylemon_20140727/xylemon/images/twhl_logo_small.gif" [1]
2014-07-27 13:23:43 URL:http://www.bloodbathsoftworks.com/xylemon/images/bandcamp_logo_small.gif [131/131] -> "www.bloodbathsoftworks.com_xylemon_20140727/xylemon/images/bandcamp_logo_small.gif" [1]
2014-07-27 13:23:43 URL:http://www.bloodbathsoftworks.com/xylemon/images/soundcloud_logo_small.gif [997/997] -> "www.bloodbathsoftworks.com_xylemon_20140727/xylemon/images/soundcloud_logo_small.gif" [1]
2014-07-27 13:23:43 URL:http://www.bloodbathsoftworks.com/xylemon/images/deviantart_logo_small.gif [918/918] -> "www.bloodbathsoftworks.com_xylemon_20140727/xylemon/images/deviantart_logo_small.gif" [1]
2014-07-27 13:23:43 URL:http://www.bloodbathsoftworks.com/xylemon/images/modsheader.gif [11320/11320] -> "www.bloodbathsoftworks.com_xylemon_20140727/xylemon/images/modsheader.gif" [1]
2014-07-27 13:23:43 URL:http://www.bloodbathsoftworks.com/xylemon/maps_goldsrc.php [4547/4547] -> "www.bloodbathsoftworks.com_xylemon_20140727/xylemon/maps_goldsrc.php.html" [1]
2014-07-27 13:23:44 URL:http://www.bloodbathsoftworks.com/xylemon/images/butgoldsrc.gif [2289/2289] -> "www.bloodbathsoftworks.com_xylemon_20140727/xylemon/images/butgoldsrc.gif" [1]
2014-07-27 13:23:44 URL:http://www.bloodbathsoftworks.com/xylemon/maps_source.php [4275/4275] -> "www.bloodbathsoftworks.com_xylemon_20140727/xylemon/maps_source.php.html" [1]
2014-07-27 13:23:44 URL:http://www.bloodbathsoftworks.com/xylemon/images/butsource.gif [2287/2287] -> "www.bloodbathsoftworks.com_xylemon_20140727/xylemon/images/butsource.gif" [1]
2014-07-27 13:23:44 URL:http://www.bloodbathsoftworks.com/xylemon/overturn.php [6551/6551] -> "www.bloodbathsoftworks.com_xylemon_20140727/xylemon/overturn.php.html" [1]
2014-07-27 13:23:44 URL:http://www.bloodbathsoftworks.com/xylemon/images/overturn.gif [13728/13728] -> "www.bloodbathsoftworks.com_xylemon_20140727/xylemon/images/overturn.gif" [1]
2014-07-27 13:23:44 URL:http://www.bloodbathsoftworks.com/xylemon/images/hlw0n_icon.gif [899/899] -> "www.bloodbathsoftworks.com_xylemon_20140727/xylemon/images/hlw0n_icon.gif" [1]
2014-07-27 13:23:44 URL:http://www.bloodbathsoftworks.com/xylemon/images/hl_icon.gif [1043/1043] -> "www.bloodbathsoftworks.com_xylemon_20140727/xylemon/images/hl_icon.gif" [1]
2014-07-27 13:23:45 URL:http://www.bloodbathsoftworks.com/xylemon/cmod.php [8290/8290] -> "www.bloodbathsoftworks.com_xylemon_20140727/xylemon/cmod.php.html" [1]
2014-07-27 13:23:45 URL:http://www.bloodbathsoftworks.com/xylemon/images/cmod.gif [27677/27677] -> "www.bloodbathsoftworks.com_xylemon_20140727/xylemon/images/cmod.gif" [1]
2014-07-27 13:23:45 URL:http://www.bloodbathsoftworks.com/xylemon/images/Quake_icon.gif [971/971] -> "www.bloodbathsoftworks.com_xylemon_20140727/xylemon/images/Quake_icon.gif" [1]
2014-07-27 13:23:45 URL:http://www.bloodbathsoftworks.com/xylemon/vektar.php [5701/5701] -> "www.bloodbathsoftworks.com_xylemon_20140727/xylemon/vektar.php.html" [1]
2014-07-27 13:23:45 URL:http://www.bloodbathsoftworks.com/xylemon/images/vektar_preview.gif [14969/14969] -> "www.bloodbathsoftworks.com_xylemon_20140727/xylemon/images/vektar_preview.gif" [1]
2014-07-27 13:23:45 URL:http://www.bloodbathsoftworks.com/xylemon/alphamod.php [6029/6029] -> "www.bloodbathsoftworks.com_xylemon_20140727/xylemon/alphamod.php.html" [1]
2014-07-27 13:23:45 URL:http://www.bloodbathsoftworks.com/xylemon/images/alphamod.gif [12760/12760] -> "www.bloodbathsoftworks.com_xylemon_20140727/xylemon/images/alphamod.gif" [1]
2014-07-27 13:23:45 URL:http://www.bloodbathsoftworks.com/xylemon/images/Doom_icon.gif [1036/1036] -> "www.bloodbathsoftworks.com_xylemon_20140727/xylemon/images/Doom_icon.gif" [1]
2014-07-27 13:23:46 URL:http://www.bloodbathsoftworks.com/xylemon/images/ZDoom_icon.gif [910/910] -> "www.bloodbathsoftworks.com_xylemon_20140727/xylemon/images/ZDoom_icon.gif" [1]
2014-07-27 13:23:46 URL:http://www.bloodbathsoftworks.com/xylemon/axel.php [5498/5498] -> "www.bloodbathsoftworks.com_xylemon_20140727/xylemon/axel.php.html" [1]
2014-07-27 13:23:46 URL:http://www.bloodbathsoftworks.com/xylemon/images/axel.gif [23153/23153] -> "www.bloodbathsoftworks.com_xylemon_20140727/xylemon/images/axel.gif" [1]
2014-07-27 13:23:46 URL:http://www.bloodbathsoftworks.com/xylemon/images/leak_icon.gif [999/999] -> "www.bloodbathsoftworks.com_xylemon_20140727/xylemon/images/leak_icon.gif" [1]
2014-07-27 13:23:46 URL:http://www.bloodbathsoftworks.com/xylemon/images/musicheader.gif [11018/11018] -> "www.bloodbathsoftworks.com_xylemon_20140727/xylemon/images/musicheader.gif" [1]
2014-07-27 13:23:46 URL:http://www.bloodbathsoftworks.com/xylemon/ms.php [5460/5460] -> "www.bloodbathsoftworks.com_xylemon_20140727/xylemon/ms.php.html" [1]
2014-07-27 13:23:46 URL:http://www.bloodbathsoftworks.com/xylemon/images/MSpre.gif [15456/15456] -> "www.bloodbathsoftworks.com_xylemon_20140727/xylemon/images/MSpre.gif" [1]
2014-07-27 13:23:47 URL:http://www.bloodbathsoftworks.com/xylemon/rootz.php [5561/5561] -> "www.bloodbathsoftworks.com_xylemon_20140727/xylemon/rootz.php.html" [1]
2014-07-27 13:23:47 URL:http://www.bloodbathsoftworks.com/xylemon/images/ROOTZpre.gif [14640/14640] -> "www.bloodbathsoftworks.com_xylemon_20140727/xylemon/images/ROOTZpre.gif" [1]
2014-07-27 13:23:47 URL:http://www.bloodbathsoftworks.com/xylemon/soon.php [2610/2610] -> "www.bloodbathsoftworks.com_xylemon_20140727/xylemon/soon.php.html" [1]
2014-07-27 13:23:47 URL:http://www.bloodbathsoftworks.com/xylemon/images/IWTCJFBpre.gif [13552/13552] -> "www.bloodbathsoftworks.com_xylemon_20140727/xylemon/images/IWTCJFBpre.gif" [1]
2014-07-27 13:23:47 URL:http://www.bloodbathsoftworks.com/xylemon/images/BRAINpre.gif [13166/13166] -> "www.bloodbathsoftworks.com_xylemon_20140727/xylemon/images/BRAINpre.gif" [1]
2014-07-27 13:23:47 URL:http://www.bloodbathsoftworks.com/xylemon/images/goldsrcheader.gif [11026/11026] -> "www.bloodbathsoftworks.com_xylemon_20140727/xylemon/images/goldsrcheader.gif" [1]
2014-07-27 13:23:47 URL:http://www.bloodbathsoftworks.com/xylemon/images/butmods.gif [2384/2384] -> "www.bloodbathsoftworks.com_xylemon_20140727/xylemon/images/butmods.gif" [1]
2014-07-27 13:23:48 URL:http://www.bloodbathsoftworks.com/xylemon/2bases.php [7531/7531] -> "www.bloodbathsoftworks.com_xylemon_20140727/xylemon/2bases.php.html" [1]
2014-07-27 13:23:48 URL:http://www.bloodbathsoftworks.com/xylemon/images/sh_2bases.gif [18267/18267] -> "www.bloodbathsoftworks.com_xylemon_20140727/xylemon/images/sh_2bases.gif" [1]
2014-07-27 13:23:48 URL:http://www.bloodbathsoftworks.com/xylemon/images/op4_icon.gif [920/920] -> "www.bloodbathsoftworks.com_xylemon_20140727/xylemon/images/op4_icon.gif" [1]
2014-07-27 13:23:48 URL:http://www.bloodbathsoftworks.com/xylemon/images/sh_icon.gif [997/997] -> "www.bloodbathsoftworks.com_xylemon_20140727/xylemon/images/sh_icon.gif" [1]
2014-07-27 13:23:48 URL:http://www.bloodbathsoftworks.com/xylemon/images/tfc_icon.gif [964/964] -> "www.bloodbathsoftworks.com_xylemon_20140727/xylemon/images/tfc_icon.gif" [1]
2014-07-27 13:23:48 URL:http://www.bloodbathsoftworks.com/xylemon/hdmap.php [7529/7529] -> "www.bloodbathsoftworks.com_xylemon_20140727/xylemon/hdmap.php.html" [1]
2014-07-27 13:23:49 URL:http://www.bloodbathsoftworks.com/xylemon/images/shpack.gif [19839/19839] -> "www.bloodbathsoftworks.com_xylemon_20140727/xylemon/images/shpack.gif" [1]
2014-07-27 13:23:49 URL:http://www.bloodbathsoftworks.com/xylemon/street.php [8501/8501] -> "www.bloodbathsoftworks.com_xylemon_20140727/xylemon/street.php.html" [1]
2014-07-27 13:23:49 URL:http://www.bloodbathsoftworks.com/xylemon/images/stpage_old.gif [21318/21318] -> "www.bloodbathsoftworks.com_xylemon_20140727/xylemon/images/stpage_old.gif" [1]
2014-07-27 13:23:49 URL:http://www.bloodbathsoftworks.com/xylemon/images/cs_icon.gif [1025/1025] -> "www.bloodbathsoftworks.com_xylemon_20140727/xylemon/images/cs_icon.gif" [1]
2014-07-27 13:23:49 URL:http://www.bloodbathsoftworks.com/xylemon/images/ts_icon.gif [1050/1050] -> "www.bloodbathsoftworks.com_xylemon_20140727/xylemon/images/ts_icon.gif" [1]
2014-07-27 13:23:50 URL:http://www.bloodbathsoftworks.com/xylemon/images/sourcemapsheader.gif [10909/10909] -> "www.bloodbathsoftworks.com_xylemon_20140727/xylemon/images/sourcemapsheader.gif" [1]
2014-07-27 13:23:50 URL:http://www.bloodbathsoftworks.com/xylemon/abstract.php [7016/7016] -> "www.bloodbathsoftworks.com_xylemon_20140727/xylemon/abstract.php.html" [1]
2014-07-27 13:23:50 URL:http://www.bloodbathsoftworks.com/xylemon/images/abstractpreview.gif [18260/18260] -> "www.bloodbathsoftworks.com_xylemon_20140727/xylemon/images/abstractpreview.gif" [1]
2014-07-27 13:23:50 URL:http://www.bloodbathsoftworks.com/xylemon/images/tf2_icon.gif [885/885] -> "www.bloodbathsoftworks.com_xylemon_20140727/xylemon/images/tf2_icon.gif" [1]
2014-07-27 13:23:51 URL:http://www.bloodbathsoftworks.com/xylemon/dueldust.php [6388/6388] -> "www.bloodbathsoftworks.com_xylemon_20140727/xylemon/dueldust.php.html" [1]
2014-07-27 13:23:51 URL:http://www.bloodbathsoftworks.com/xylemon/images/dueldustpage.gif [16537/16537] -> "www.bloodbathsoftworks.com_xylemon_20140727/xylemon/images/dueldustpage.gif" [1]
2014-07-27 13:23:51 URL:http://www.bloodbathsoftworks.com/xylemon/canals.php [5994/5994] -> "www.bloodbathsoftworks.com_xylemon_20140727/xylemon/canals.php.html" [1]
2014-07-27 13:23:51 URL:http://www.bloodbathsoftworks.com/xylemon/images/ttt_canals.gif [14124/14124] -> "www.bloodbathsoftworks.com_xylemon_20140727/xylemon/images/ttt_canals.gif" [1]
2014-07-27 13:23:51 URL:http://www.bloodbathsoftworks.com/xylemon/images/gmod_icon.gif [1017/1017] -> "www.bloodbathsoftworks.com_xylemon_20140727/xylemon/images/gmod_icon.gif" [1]
2014-07-27 13:23:51 URL:http://www.bloodbathsoftworks.com/xylemon/leak.php [5931/5931] -> "www.bloodbathsoftworks.com_xylemon_20140727/xylemon/leak.php.html" [1]
2014-07-27 13:23:51 URL:http://www.bloodbathsoftworks.com/xylemon/images/leakmaps.gif [18948/18948] -> "www.bloodbathsoftworks.com_xylemon_20140727/xylemon/images/leakmaps.gif" [1]
2014-07-27 13:23:52 URL:http://www.bloodbathsoftworks.com/xylemon/images/mi_icon.gif [955/955] -> "www.bloodbathsoftworks.com_xylemon_20140727/xylemon/images/mi_icon.gif" [1]
2014-07-27 13:23:52 URL:http://www.bloodbathsoftworks.com/xylemon/images/butback.gif [2272/2272] -> "www.bloodbathsoftworks.com_xylemon_20140727/xylemon/images/butback.gif" [1]
2014-07-27 13:23:52 URL:http://www.bloodbathsoftworks.com/xylemon/images/e1m1.gif [6052/6052] -> "www.bloodbathsoftworks.com_xylemon_20140727/xylemon/images/e1m1.gif" [1]
2014-07-27 13:23:52 URL:http://www.bloodbathsoftworks.com/xylemon/images/e1m2.gif [6513/6513] -> "www.bloodbathsoftworks.com_xylemon_20140727/xylemon/images/e1m2.gif" [1]
2014-07-27 13:23:52 URL:http://www.bloodbathsoftworks.com/xylemon/images/e1m3.gif [6411/6411] -> "www.bloodbathsoftworks.com_xylemon_20140727/xylemon/images/e1m3.gif" [1]
2014-07-27 13:23:52 URL:http://www.bloodbathsoftworks.com/xylemon/images/Ivan.gif [4687/4687] -> "www.bloodbathsoftworks.com_xylemon_20140727/xylemon/images/Ivan.gif" [1]
2014-07-27 13:23:53 URL:http://www.bloodbathsoftworks.com/xylemon/images/cmodshot01.jpg [192458/192458] -> "www.bloodbathsoftworks.com_xylemon_20140727/xylemon/images/cmodshot01.jpg" [1]
2014-07-27 13:23:53 URL:http://www.bloodbathsoftworks.com/xylemon/images/cmod1.gif [6116/6116] -> "www.bloodbathsoftworks.com_xylemon_20140727/xylemon/images/cmod1.gif" [1]
2014-07-27 13:23:53 URL:http://www.bloodbathsoftworks.com/xylemon/images/cmodshot02.jpg [212622/212622] -> "www.bloodbathsoftworks.com_xylemon_20140727/xylemon/images/cmodshot02.jpg" [1]
2014-07-27 13:23:54 URL:http://www.bloodbathsoftworks.com/xylemon/images/cmod2.gif [7338/7338] -> "www.bloodbathsoftworks.com_xylemon_20140727/xylemon/images/cmod2.gif" [1]
2014-07-27 13:23:54 URL:http://www.bloodbathsoftworks.com/xylemon/images/cmodshot03.jpg [239818/239818] -> "www.bloodbathsoftworks.com_xylemon_20140727/xylemon/images/cmodshot03.jpg" [1]
2014-07-27 13:23:54 URL:http://www.bloodbathsoftworks.com/xylemon/images/cmod3.gif [7891/7891] -> "www.bloodbathsoftworks.com_xylemon_20140727/xylemon/images/cmod3.gif" [1]
2014-07-27 13:23:54 URL:http://www.bloodbathsoftworks.com/xylemon/images/cmodshot04.jpg [181353/181353] -> "www.bloodbathsoftworks.com_xylemon_20140727/xylemon/images/cmodshot04.jpg" [1]
2014-07-27 13:23:54 URL:http://www.bloodbathsoftworks.com/xylemon/images/cmod4.gif [6997/6997] -> "www.bloodbathsoftworks.com_xylemon_20140727/xylemon/images/cmod4.gif" [1]
2014-07-27 13:23:55 URL:http://www.bloodbathsoftworks.com/xylemon/uploads/qreate-0.7-src.zip [1271358/1271358] -> "www.bloodbathsoftworks.com_xylemon_20140727/xylemon/uploads/qreate-0.7-src.zip" [1]
2014-07-27 13:23:56 URL:http://www.bloodbathsoftworks.com/xylemon/images/mirrorGman.gif [2031/2031] -> "www.bloodbathsoftworks.com_xylemon_20140727/xylemon/images/mirrorGman.gif" [1]
2014-07-27 13:23:56 URL:http://www.bloodbathsoftworks.com/xylemon/images/mirrorModdb.gif [1601/1601] -> "www.bloodbathsoftworks.com_xylemon_20140727/xylemon/images/mirrorModdb.gif" [1]
2014-07-27 13:23:56 URL:http://www.bloodbathsoftworks.com/xylemon/images/mirrorEukos.gif [1917/1917] -> "www.bloodbathsoftworks.com_xylemon_20140727/xylemon/images/mirrorEukos.gif" [1]
2014-07-27 13:23:56 URL:http://www.bloodbathsoftworks.com/xylemon/uploads/qreate.0.6-src.zip [832849/832849] -> "www.bloodbathsoftworks.com_xylemon_20140727/xylemon/uploads/qreate.0.6-src.zip" [1]
2014-07-27 13:23:57 URL:http://www.bloodbathsoftworks.com/xylemon/uploads/qreate_05.zip [612847/612847] -> "www.bloodbathsoftworks.com_xylemon_20140727/xylemon/uploads/qreate_05.zip" [1]
2014-07-27 13:23:57 URL:http://www.bloodbathsoftworks.com/xylemon/uploads/cmod_r4.1.zip [473784/473784] -> "www.bloodbathsoftworks.com_xylemon_20140727/xylemon/uploads/cmod_r4.1.zip" [1]
2014-07-27 13:23:58 URL:http://www.bloodbathsoftworks.com/xylemon/uploads/cmod_r4.zip [473741/473741] -> "www.bloodbathsoftworks.com_xylemon_20140727/xylemon/uploads/cmod_r4.zip" [1]
2014-07-27 13:23:58 URL:http://www.bloodbathsoftworks.com/xylemon/uploads/cmod_r3.zip [468567/468567] -> "www.bloodbathsoftworks.com_xylemon_20140727/xylemon/uploads/cmod_r3.zip" [1]
2014-07-27 13:23:59 URL:http://www.bloodbathsoftworks.com/xylemon/uploads/cmod_r1.zip [155175/155175] -> "www.bloodbathsoftworks.com_xylemon_20140727/xylemon/uploads/cmod_r1.zip" [1]
2014-07-27 13:23:59 URL:http://www.bloodbathsoftworks.com/xylemon/images/vektar_screen.jpg [432726/432726] -> "www.bloodbathsoftworks.com_xylemon_20140727/xylemon/images/vektar_screen.jpg" [1]
2014-07-27 13:23:59 URL:http://www.bloodbathsoftworks.com/xylemon/images/vektar.gif [4691/4691] -> "www.bloodbathsoftworks.com_xylemon_20140727/xylemon/images/vektar.gif" [1]
2014-07-27 13:24:00 URL:http://www.bloodbathsoftworks.com/xylemon/images/vektar_screen2.jpg [349403/349403] -> "www.bloodbathsoftworks.com_xylemon_20140727/xylemon/images/vektar_screen2.jpg" [1]
2014-07-27 13:24:00 URL:http://www.bloodbathsoftworks.com/xylemon/images/vektar2.gif [7591/7591] -> "www.bloodbathsoftworks.com_xylemon_20140727/xylemon/images/vektar2.gif" [1]
2014-07-27 13:24:00 URL:http://www.bloodbathsoftworks.com/xylemon/uploads/vektar.zip [389203/389203] -> "www.bloodbathsoftworks.com_xylemon_20140727/xylemon/uploads/vektar.zip" [1]
2014-07-27 13:24:00 URL:http://www.bloodbathsoftworks.com/xylemon/images/alphamod_screen1.png [240418/240418] -> "www.bloodbathsoftworks.com_xylemon_20140727/xylemon/images/alphamod_screen1.png" [1]
2014-07-27 13:24:00 URL:http://www.bloodbathsoftworks.com/xylemon/images/alphamod1.gif [5480/5480] -> "www.bloodbathsoftworks.com_xylemon_20140727/xylemon/images/alphamod1.gif" [1]
2014-07-27 13:24:01 URL:http://www.bloodbathsoftworks.com/xylemon/images/alphamod_screen2.png [222690/222690] -> "www.bloodbathsoftworks.com_xylemon_20140727/xylemon/images/alphamod_screen2.png" [1]
2014-07-27 13:24:01 URL:http://www.bloodbathsoftworks.com/xylemon/images/alphamod2.gif [4831/4831] -> "www.bloodbathsoftworks.com_xylemon_20140727/xylemon/images/alphamod2.gif" [1]
2014-07-27 13:24:01 URL:http://www.bloodbathsoftworks.com/xylemon/images/alphamod_screen3.png [202024/202024] -> "www.bloodbathsoftworks.com_xylemon_20140727/xylemon/images/alphamod_screen3.png" [1]
2014-07-27 13:24:01 URL:http://www.bloodbathsoftworks.com/xylemon/images/alphamod3.gif [5464/5464] -> "www.bloodbathsoftworks.com_xylemon_20140727/xylemon/images/alphamod3.gif" [1]
2014-07-27 13:24:02 URL:http://www.bloodbathsoftworks.com/xylemon/images/alphamod_screen4.png [552166/552166] -> "www.bloodbathsoftworks.com_xylemon_20140727/xylemon/images/alphamod_screen4.png" [1]
2014-07-27 13:24:02 URL:http://www.bloodbathsoftworks.com/xylemon/images/alphamod4.gif [6275/6275] -> "www.bloodbathsoftworks.com_xylemon_20140727/xylemon/images/alphamod4.gif" [1]
2014-07-27 13:25:19 URL:http://www.bloodbathsoftworks.com/xylemon/uploads/tap-r2.rar [120721880/120721880] -> "www.bloodbathsoftworks.com_xylemon_20140727/xylemon/uploads/tap-r2.rar" [1]
2014-07-27 13:25:19 URL:http://www.bloodbathsoftworks.com/xylemon/images/mirrorAxel.gif [1517/1517] -> "www.bloodbathsoftworks.com_xylemon_20140727/xylemon/images/mirrorAxel.gif" [1]
2014-07-27 13:26:14 URL:http://www.bloodbathsoftworks.com/xylemon/uploads/MSP1.zip [85858255/85858255] -> "www.bloodbathsoftworks.com_xylemon_20140727/xylemon/uploads/MSP1.zip" [1]
2014-07-27 13:26:15 URL:http://www.bloodbathsoftworks.com/xylemon/images/mirrorSoundcloud.gif [1888/1888] -> "www.bloodbathsoftworks.com_xylemon_20140727/xylemon/images/mirrorSoundcloud.gif" [1]
2014-07-27 13:26:52 URL:http://www.bloodbathsoftworks.com/xylemon/uploads/MSP2.zip [56713701/56713701] -> "www.bloodbathsoftworks.com_xylemon_20140727/xylemon/uploads/MSP2.zip" [1]
2014-07-27 13:27:01 URL:http://www.bloodbathsoftworks.com/xylemon/uploads/Rootz.zip [13887431/13887431] -> "www.bloodbathsoftworks.com_xylemon_20140727/xylemon/uploads/Rootz.zip" [1]
2014-07-27 13:27:01 URL:http://www.bloodbathsoftworks.com/xylemon/images/mirrorlastfm.gif [1492/1492] -> "www.bloodbathsoftworks.com_xylemon_20140727/xylemon/images/mirrorlastfm.gif" [1]
2014-07-27 13:27:01 URL:http://www.bloodbathsoftworks.com/xylemon/images/mirrorBandcamp.gif [1691/1691] -> "www.bloodbathsoftworks.com_xylemon_20140727/xylemon/images/mirrorBandcamp.gif" [1]
2014-07-27 13:27:02 URL:http://www.bloodbathsoftworks.com/xylemon/images/sh_2bases_promo2.jpg [85132/85132] -> "www.bloodbathsoftworks.com_xylemon_20140727/xylemon/images/sh_2bases_promo2.jpg" [1]
2014-07-27 13:27:02 URL:http://www.bloodbathsoftworks.com/xylemon/images/2bases1.gif [7240/7240] -> "www.bloodbathsoftworks.com_xylemon_20140727/xylemon/images/2bases1.gif" [1]
2014-07-27 13:27:02 URL:http://www.bloodbathsoftworks.com/xylemon/images/3421_2.jpg [71309/71309] -> "www.bloodbathsoftworks.com_xylemon_20140727/xylemon/images/3421_2.jpg" [1]
2014-07-27 13:27:02 URL:http://www.bloodbathsoftworks.com/xylemon/images/2bases2.gif [6536/6536] -> "www.bloodbathsoftworks.com_xylemon_20140727/xylemon/images/2bases2.gif" [1]
2014-07-27 13:27:02 URL:http://www.bloodbathsoftworks.com/xylemon/images/3421_3.jpg [55278/55278] -> "www.bloodbathsoftworks.com_xylemon_20140727/xylemon/images/3421_3.jpg" [1]
2014-07-27 13:27:02 URL:http://www.bloodbathsoftworks.com/xylemon/images/2bases3.gif [5352/5352] -> "www.bloodbathsoftworks.com_xylemon_20140727/xylemon/images/2bases3.gif" [1]
2014-07-27 13:27:04 URL:http://www.bloodbathsoftworks.com/xylemon/uploads/2bases1.3.7z [1866592/1866592] -> "www.bloodbathsoftworks.com_xylemon_20140727/xylemon/uploads/2bases1.3.7z" [1]
2014-07-27 13:27:04 URL:http://www.bloodbathsoftworks.com/xylemon/images/mirrorGameBanana.gif [1639/1639] -> "www.bloodbathsoftworks.com_xylemon_20140727/xylemon/images/mirrorGameBanana.gif" [1]
2014-07-27 13:27:04 URL:http://www.bloodbathsoftworks.com/xylemon/images/mirrorSnarkpit.gif [1797/1797] -> "www.bloodbathsoftworks.com_xylemon_20140727/xylemon/images/mirrorSnarkpit.gif" [1]
2014-07-27 13:27:04 URL:http://www.bloodbathsoftworks.com/xylemon/images/mirrorTWHL.gif [1648/1648] -> "www.bloodbathsoftworks.com_xylemon_20140727/xylemon/images/mirrorTWHL.gif" [1]
2014-07-27 13:27:05 URL:http://www.bloodbathsoftworks.com/xylemon/uploads/sh_2bases1.1.zip [895325/895325] -> "www.bloodbathsoftworks.com_xylemon_20140727/xylemon/uploads/sh_2bases1.1.zip" [1]
2014-07-27 13:27:07 URL:http://www.bloodbathsoftworks.com/xylemon/uploads/sh_2bases1.2.zip [3411625/3411625] -> "www.bloodbathsoftworks.com_xylemon_20140727/xylemon/uploads/sh_2bases1.2.zip" [1]
2014-07-27 13:27:08 URL:http://www.bloodbathsoftworks.com/xylemon/images/shot_Football.jpg [379092/379092] -> "www.bloodbathsoftworks.com_xylemon_20140727/xylemon/images/shot_Football.jpg" [1]
2014-07-27 13:27:08 URL:http://www.bloodbathsoftworks.com/xylemon/images/hdmap1.gif [6207/6207] -> "www.bloodbathsoftworks.com_xylemon_20140727/xylemon/images/hdmap1.gif" [1]
2014-07-27 13:27:08 URL:http://www.bloodbathsoftworks.com/xylemon/images/shot_Hospital.jpg [465666/465666] -> "www.bloodbathsoftworks.com_xylemon_20140727/xylemon/images/shot_Hospital.jpg" [1]
2014-07-27 13:27:09 URL:http://www.bloodbathsoftworks.com/xylemon/images/hdmap2.gif [6450/6450] -> "www.bloodbathsoftworks.com_xylemon_20140727/xylemon/images/hdmap2.gif" [1]
2014-07-27 13:27:09 URL:http://www.bloodbathsoftworks.com/xylemon/images/shot_Office.jpg [351936/351936] -> "www.bloodbathsoftworks.com_xylemon_20140727/xylemon/images/shot_Office.jpg" [1]
2014-07-27 13:27:09 URL:http://www.bloodbathsoftworks.com/xylemon/images/hdmap3.gif [6968/6968] -> "www.bloodbathsoftworks.com_xylemon_20140727/xylemon/images/hdmap3.gif" [1]
2014-07-27 13:27:10 URL:http://www.bloodbathsoftworks.com/xylemon/images/shot_SlaughterLands.jpg [516601/516601] -> "www.bloodbathsoftworks.com_xylemon_20140727/xylemon/images/shot_SlaughterLands.jpg" [1]
2014-07-27 13:27:10 URL:http://www.bloodbathsoftworks.com/xylemon/images/hdmap4.gif [6717/6717] -> "www.bloodbathsoftworks.com_xylemon_20140727/xylemon/images/hdmap4.gif" [1]
2014-07-27 13:27:10 URL:http://www.bloodbathsoftworks.com/xylemon/images/shot_Sub.jpg [390192/390192] -> "www.bloodbathsoftworks.com_xylemon_20140727/xylemon/images/shot_Sub.jpg" [1]
2014-07-27 13:27:10 URL:http://www.bloodbathsoftworks.com/xylemon/images/hdmap5.gif [6089/6089] -> "www.bloodbathsoftworks.com_xylemon_20140727/xylemon/images/hdmap5.gif" [1]
2014-07-27 13:27:11 URL:http://www.bloodbathsoftworks.com/xylemon/images/shot_Temple.jpg [373316/373316] -> "www.bloodbathsoftworks.com_xylemon_20140727/xylemon/images/shot_Temple.jpg" [1]
2014-07-27 13:27:11 URL:http://www.bloodbathsoftworks.com/xylemon/images/hdmap6.gif [7032/7032] -> "www.bloodbathsoftworks.com_xylemon_20140727/xylemon/images/hdmap6.gif" [1]
2014-07-27 13:27:11 URL:http://www.bloodbathsoftworks.com/xylemon/images/shot_Factory.jpg [620448/620448] -> "www.bloodbathsoftworks.com_xylemon_20140727/xylemon/images/shot_Factory.jpg" [1]
2014-07-27 13:27:11 URL:http://www.bloodbathsoftworks.com/xylemon/images/hdmap7.gif [6328/6328] -> "www.bloodbathsoftworks.com_xylemon_20140727/xylemon/images/hdmap7.gif" [1]
2014-07-27 13:27:43 URL:http://www.bloodbathsoftworks.com/xylemon/uploads/ScientistHuntHDMapPack-1.1.7z [49690198/49690198] -> "www.bloodbathsoftworks.com_xylemon_20140727/xylemon/uploads/ScientistHuntHDMapPack-1.1.7z" [1]
2014-07-27 13:28:05 URL:http://www.bloodbathsoftworks.com/xylemon/uploads/ScientistHuntHDMapPack.zip [33473294/33473294] -> "www.bloodbathsoftworks.com_xylemon_20140727/xylemon/uploads/ScientistHuntHDMapPack.zip" [1]
2014-07-27 13:28:06 URL:http://www.bloodbathsoftworks.com/xylemon/images/dm_streetlevel.png [787394/787394] -> "www.bloodbathsoftworks.com_xylemon_20140727/xylemon/images/dm_streetlevel.png" [1]
2014-07-27 13:28:06 URL:http://www.bloodbathsoftworks.com/xylemon/images/streetlevel.gif [5121/5121] -> "www.bloodbathsoftworks.com_xylemon_20140727/xylemon/images/streetlevel.gif" [1]
2014-07-27 13:28:08 URL:http://www.bloodbathsoftworks.com/xylemon/images/streetlevel.1.png [853172/853172] -> "www.bloodbathsoftworks.com_xylemon_20140727/xylemon/images/streetlevel.1.png" [1]
2014-07-27 13:28:08 URL:http://www.bloodbathsoftworks.com/xylemon/images/streetlevel2.gif [5653/5653] -> "www.bloodbathsoftworks.com_xylemon_20140727/xylemon/images/streetlevel2.gif" [1]
2014-07-27 13:28:08 URL:http://www.bloodbathsoftworks.com/xylemon/images/StreelevelRemakeshot1.jpg [90555/90555] -> "www.bloodbathsoftworks.com_xylemon_20140727/xylemon/images/StreelevelRemakeshot1.jpg" [1]
2014-07-27 13:28:08 URL:http://www.bloodbathsoftworks.com/xylemon/images/stremake1.gif [6491/6491] -> "www.bloodbathsoftworks.com_xylemon_20140727/xylemon/images/stremake1.gif" [1]
2014-07-27 13:28:08 URL:http://www.bloodbathsoftworks.com/xylemon/images/StreelevelRemakeshot2.jpg [81665/81665] -> "www.bloodbathsoftworks.com_xylemon_20140727/xylemon/images/StreelevelRemakeshot2.jpg" [1]
2014-07-27 13:28:08 URL:http://www.bloodbathsoftworks.com/xylemon/images/stremake2.gif [6069/6069] -> "www.bloodbathsoftworks.com_xylemon_20140727/xylemon/images/stremake2.gif" [1]
2014-07-27 13:28:09 URL:http://www.bloodbathsoftworks.com/xylemon/images/StreelevelRemakeshot3.jpg [85581/85581] -> "www.bloodbathsoftworks.com_xylemon_20140727/xylemon/images/StreelevelRemakeshot3.jpg" [1]
2014-07-27 13:28:09 URL:http://www.bloodbathsoftworks.com/xylemon/images/stremake3.gif [5831/5831] -> "www.bloodbathsoftworks.com_xylemon_20140727/xylemon/images/stremake3.gif" [1]
2014-07-27 13:28:17 URL:http://www.bloodbathsoftworks.com/xylemon/uploads/Streetlevel(Remake)1.01.zip [10658637/10658637] -> "www.bloodbathsoftworks.com_xylemon_20140727/xylemon/uploads/Streetlevel(Remake)1.01.zip" [1]
2014-07-27 13:28:36 URL:http://www.bloodbathsoftworks.com/xylemon/uploads/Streetlevel(Remake)Ports.zip [26181744/26181744] -> "www.bloodbathsoftworks.com_xylemon_20140727/xylemon/uploads/Streetlevel(Remake)Ports.zip" [1]
2014-07-27 13:28:43 URL:http://www.bloodbathsoftworks.com/xylemon/uploads/Streetlevel(Remake).zip [10446261/10446261] -> "www.bloodbathsoftworks.com_xylemon_20140727/xylemon/uploads/Streetlevel(Remake).zip" [1]
2014-07-27 13:28:44 URL:http://www.bloodbathsoftworks.com/xylemon/images/duel_idle_abstract_trade1.jpg [285881/285881] -> "www.bloodbathsoftworks.com_xylemon_20140727/xylemon/images/duel_idle_abstract_trade1.jpg" [1]
2014-07-27 13:28:44 URL:http://www.bloodbathsoftworks.com/xylemon/images/abstractpre1.gif [5937/5937] -> "www.bloodbathsoftworks.com_xylemon_20140727/xylemon/images/abstractpre1.gif" [1]
2014-07-27 13:28:44 URL:http://www.bloodbathsoftworks.com/xylemon/images/duel_idle_abstract_trade2.jpg [83051/83051] -> "www.bloodbathsoftworks.com_xylemon_20140727/xylemon/images/duel_idle_abstract_trade2.jpg" [1]
2014-07-27 13:28:44 URL:http://www.bloodbathsoftworks.com/xylemon/images/abstractpre2.gif [2852/2852] -> "www.bloodbathsoftworks.com_xylemon_20140727/xylemon/images/abstractpre2.gif" [1]
2014-07-27 13:28:45 URL:http://www.bloodbathsoftworks.com/xylemon/images/duel_idle_abstract_trade3.jpg [122207/122207] -> "www.bloodbathsoftworks.com_xylemon_20140727/xylemon/images/duel_idle_abstract_trade3.jpg" [1]
2014-07-27 13:28:45 URL:http://www.bloodbathsoftworks.com/xylemon/images/abstractpre3.gif [5426/5426] -> "www.bloodbathsoftworks.com_xylemon_20140727/xylemon/images/abstractpre3.gif" [1]
2014-07-27 13:28:45 URL:http://www.bloodbathsoftworks.com/xylemon/images/duel_idle_abstract_trade4.jpg [118139/118139] -> "www.bloodbathsoftworks.com_xylemon_20140727/xylemon/images/duel_idle_abstract_trade4.jpg" [1]
2014-07-27 13:28:45 URL:http://www.bloodbathsoftworks.com/xylemon/images/abstractpre4.gif [5497/5497] -> "www.bloodbathsoftworks.com_xylemon_20140727/xylemon/images/abstractpre4.gif" [1]
2014-07-27 13:29:01 URL:http://www.bloodbathsoftworks.com/xylemon/uploads/Duel_Idle_Trade_Abstract.7z [23942826/23942826] -> "www.bloodbathsoftworks.com_xylemon_20140727/xylemon/uploads/Duel_Idle_Trade_Abstract.7z" [1]
No data received.
2014-07-27 13:29:02 URL:http://www.bloodbathsoftworks.com/xylemon/images/mirrorSteam.gif [673/673] -> "www.bloodbathsoftworks.com_xylemon_20140727/xylemon/images/mirrorSteam.gif" [2]
2014-07-27 13:29:02 URL:http://www.bloodbathsoftworks.com/xylemon/images/mirrorTF2Stats.gif [2271/2271] -> "www.bloodbathsoftworks.com_xylemon_20140727/xylemon/images/mirrorTF2Stats.gif" [1]
2014-07-27 13:29:03 URL:http://www.bloodbathsoftworks.com/xylemon/images/duel_dust.jpg [339138/339138] -> "www.bloodbathsoftworks.com_xylemon_20140727/xylemon/images/duel_dust.jpg" [1]
2014-07-27 13:29:03 URL:http://www.bloodbathsoftworks.com/xylemon/images/dueldust1.gif [6736/6736] -> "www.bloodbathsoftworks.com_xylemon_20140727/xylemon/images/dueldust1.gif" [1]
2014-07-27 13:29:03 URL:http://www.bloodbathsoftworks.com/xylemon/images/duel_dust2.jpg [129279/129279] -> "www.bloodbathsoftworks.com_xylemon_20140727/xylemon/images/duel_dust2.jpg" [1]
2014-07-27 13:29:03 URL:http://www.bloodbathsoftworks.com/xylemon/images/dueldust2.gif [5704/5704] -> "www.bloodbathsoftworks.com_xylemon_20140727/xylemon/images/dueldust2.gif" [1]
2014-07-27 13:29:05 URL:http://www.bloodbathsoftworks.com/xylemon/uploads/Duel_Dust.zip [1615674/1615674] -> "www.bloodbathsoftworks.com_xylemon_20140727/xylemon/uploads/Duel_Dust.zip" [1]
2014-07-27 13:29:05 URL:http://www.bloodbathsoftworks.com/xylemon/images/mirrorDeviantArt.gif [1747/1747] -> "www.bloodbathsoftworks.com_xylemon_20140727/xylemon/images/mirrorDeviantArt.gif" [1]
2014-07-27 13:29:05 URL:http://www.bloodbathsoftworks.com/xylemon/images/ttt_canals0003.jpg [98611/98611] -> "www.bloodbathsoftworks.com_xylemon_20140727/xylemon/images/ttt_canals0003.jpg" [1]
2014-07-27 13:29:05 URL:http://www.bloodbathsoftworks.com/xylemon/images/tttcanals.gif [5462/5462] -> "www.bloodbathsoftworks.com_xylemon_20140727/xylemon/images/tttcanals.gif" [1]
2014-07-27 13:29:06 URL:http://www.bloodbathsoftworks.com/xylemon/images/ttt_canals0055.png [901270/901270] -> "www.bloodbathsoftworks.com_xylemon_20140727/xylemon/images/ttt_canals0055.png" [1]
2014-07-27 13:29:06 URL:http://www.bloodbathsoftworks.com/xylemon/images/ttt_canal2.gif [5449/5449] -> "www.bloodbathsoftworks.com_xylemon_20140727/xylemon/images/ttt_canal2.gif" [1]
2014-07-27 13:29:07 URL:http://www.bloodbathsoftworks.com/xylemon/images/ttt_canals0004.jpg [74523/74523] -> "www.bloodbathsoftworks.com_xylemon_20140727/xylemon/images/ttt_canals0004.jpg" [1]
2014-07-27 13:29:07 URL:http://www.bloodbathsoftworks.com/xylemon/images/ttt_canal3.gif [5825/5825] -> "www.bloodbathsoftworks.com_xylemon_20140727/xylemon/images/ttt_canal3.gif" [1]
2014-07-27 13:29:07 URL:http://www.bloodbathsoftworks.com/xylemon/images/dm_park0051.jpg [190245/190245] -> "www.bloodbathsoftworks.com_xylemon_20140727/xylemon/images/dm_park0051.jpg" [1]
2014-07-27 13:29:07 URL:http://www.bloodbathsoftworks.com/xylemon/images/DM_Park.gif [6260/6260] -> "www.bloodbathsoftworks.com_xylemon_20140727/xylemon/images/DM_Park.gif" [1]
2014-07-27 13:29:08 URL:http://www.bloodbathsoftworks.com/xylemon/images/C17_road_by_thecoolgman.png [1430592/1430592] -> "www.bloodbathsoftworks.com_xylemon_20140727/xylemon/images/C17_road_by_thecoolgman.png" [1]
2014-07-27 13:29:08 URL:http://www.bloodbathsoftworks.com/xylemon/images/C17_road2.gif [5976/5976] -> "www.bloodbathsoftworks.com_xylemon_20140727/xylemon/images/C17_road2.gif" [1]
2014-07-27 13:29:10 URL:http://www.bloodbathsoftworks.com/xylemon/images/d1_terminal_by_thecoolgman.png [1613341/1613341] -> "www.bloodbathsoftworks.com_xylemon_20140727/xylemon/images/d1_terminal_by_thecoolgman.png" [1]
2014-07-27 13:29:10 URL:http://www.bloodbathsoftworks.com/xylemon/images/terminal2.gif [6153/6153] -> "www.bloodbathsoftworks.com_xylemon_20140727/xylemon/images/terminal2.gif" [1]
2014-07-27 13:29:10 URL:http://www.bloodbathsoftworks.com/xylemon/images/d1_c17_060124.png [871306/871306] -> "www.bloodbathsoftworks.com_xylemon_20140727/xylemon/images/d1_c17_060124.png" [1]
2014-07-27 13:29:11 URL:http://www.bloodbathsoftworks.com/xylemon/images/NewCity.gif [6088/6088] -> "www.bloodbathsoftworks.com_xylemon_20140727/xylemon/images/NewCity.gif" [1]
2014-07-27 13:29:11 URL:http://www.bloodbathsoftworks.com/xylemon/images/d1_c17_050001.png [1027225/1027225] -> "www.bloodbathsoftworks.com_xylemon_20140727/xylemon/images/d1_c17_050001.png" [1]
2014-07-27 13:29:12 URL:http://www.bloodbathsoftworks.com/xylemon/images/leakaxelmap2.gif [6773/6773] -> "www.bloodbathsoftworks.com_xylemon_20140727/xylemon/images/leakaxelmap2.gif" [1]
2014-07-27 13:29:13 URL:http://www.bloodbathsoftworks.com/xylemon/images/C17_thecoolgman.png [1542896/1542896] -> "www.bloodbathsoftworks.com_xylemon_20140727/xylemon/images/C17_thecoolgman.png" [1]
2014-07-27 13:29:13 URL:http://www.bloodbathsoftworks.com/xylemon/images/leakaxelmap3.gif [7426/7426] -> "www.bloodbathsoftworks.com_xylemon_20140727/xylemon/images/leakaxelmap3.gif" [1]
2014-07-27 13:29:13 URL:http://www.bloodbathsoftworks.com/xylemon/images/Arcadefixbythecoolgman.jpg [423164/423164] -> "www.bloodbathsoftworks.com_xylemon_20140727/xylemon/images/Arcadefixbythecoolgman.jpg" [1]
2014-07-27 13:29:13 URL:http://www.bloodbathsoftworks.com/xylemon/images/leakaxelmap4.gif [6455/6455] -> "www.bloodbathsoftworks.com_xylemon_20140727/xylemon/images/leakaxelmap4.gif" [1]
2014-07-27 13:29:34 URL:http://www.bloodbathsoftworks.com/xylemon/uploads/Leak.rar [32112545/32112545] -> "www.bloodbathsoftworks.com_xylemon_20140727/xylemon/uploads/Leak.rar" [1]
FINISHED --2014-07-27 13:29:34--
Total wall clock time: 7m 29s
Downloaded: 239 files, 476M in 5m 12s (1.53 MB/s)
