Cookie coming from www.telefragged.com attempted to set domain to www.telefragged.com
2012-09-05 14:44:08 URL:http://www.telefragged.com/thefatal/old/ [14840] -> "www.telefragged.com/thefatal/old/index.html" [1]
Cookie coming from www.telefragged.com attempted to set domain to www.telefragged.com
Cookie coming from www.telefragged.com attempted to set domain to www.telefragged.com
Cookie coming from www.telefragged.com attempted to set domain to www.telefragged.com
http://www.telefragged.com/thefatal/old/images/back_new.jpg:
2012-09-05 14:44:09 ERROR 404: Not Found.
Cookie coming from www.telefragged.com attempted to set domain to www.telefragged.com
Cookie coming from www.telefragged.com attempted to set domain to www.telefragged.com
http://www.telefragged.com/thefatal/old/images/logo_new.jpg:
2012-09-05 14:44:09 ERROR 404: Not Found.
Cookie coming from www.telefragged.com attempted to set domain to www.telefragged.com
Cookie coming from www.telefragged.com attempted to set domain to www.telefragged.com
http://www.telefragged.com/thefatal/old/images/telefragged.gif:
2012-09-05 14:44:09 ERROR 404: Not Found.
Cookie coming from www.telefragged.com attempted to set domain to www.telefragged.com
2012-09-05 14:44:09 URL:http://www.telefragged.com/thefatal/old/mainprj.shtml [5459] -> "www.telefragged.com/thefatal/old/mainprj.shtml.html" [1]
Cookie coming from www.telefragged.com attempted to set domain to www.telefragged.com
2012-09-05 14:44:10 URL:http://www.telefragged.com/thefatal/old/gba.shtml [7058] -> "www.telefragged.com/thefatal/old/gba.shtml.html" [1]
Cookie coming from www.telefragged.com attempted to set domain to www.telefragged.com
2012-09-05 14:44:10 URL:http://www.telefragged.com/thefatal/old/qsrcp.shtml [6416] -> "www.telefragged.com/thefatal/old/qsrcp.shtml.html" [1]
Cookie coming from www.telefragged.com attempted to set domain to www.telefragged.com
2012-09-05 14:44:10 URL:http://www.telefragged.com/thefatal/old/gpa.shtml [7981] -> "www.telefragged.com/thefatal/old/gpa.shtml.html" [1]
Cookie coming from www.telefragged.com attempted to set domain to www.telefragged.com
2012-09-05 14:44:10 URL:http://www.telefragged.com/thefatal/old/genarc.shtml [18777] -> "www.telefragged.com/thefatal/old/genarc.shtml.html" [1]
Cookie coming from www.telefragged.com attempted to set domain to www.telefragged.com
Cookie coming from www.telefragged.com attempted to set domain to www.telefragged.com
http://www.telefragged.com/thefatal/old/images/emizzail.gif:
2012-09-05 14:44:10 ERROR 404: Not Found.
Cookie coming from www.telefragged.com attempted to set domain to www.telefragged.com
Cookie coming from www.telefragged.com attempted to set domain to www.telefragged.com
http://www.telefragged.com/thefatal/old/images/richcam.jpg:
2012-09-05 14:44:11 ERROR 404: Not Found.
Cookie coming from www.telefragged.com attempted to set domain to www.telefragged.com
Cookie coming from www.telefragged.com attempted to set domain to www.telefragged.com
http://www.telefragged.com/thefatal/old/images/rcubeingame.jpg:
2012-09-05 14:44:11 ERROR 404: Not Found.
Cookie coming from www.telefragged.com attempted to set domain to www.telefragged.com
Cookie coming from www.telefragged.com attempted to set domain to www.telefragged.com
http://www.telefragged.com/thefatal/old/images/rcubeedit.png:
2012-09-05 14:44:11 ERROR 404: Not Found.
Cookie coming from www.telefragged.com attempted to set domain to www.telefragged.com
Cookie coming from www.telefragged.com attempted to set domain to www.telefragged.com
http://www.telefragged.com/thefatal/old/images/heightmodeler.jpg:
2012-09-05 14:44:11 ERROR 404: Not Found.
Cookie coming from www.telefragged.com attempted to set domain to www.telefragged.com
Cookie coming from www.telefragged.com attempted to set domain to www.telefragged.com
http://www.telefragged.com/thefatal/old/images/gar01.jpg:
2012-09-05 14:44:12 ERROR 404: Not Found.
Cookie coming from www.telefragged.com attempted to set domain to www.telefragged.com
Cookie coming from www.telefragged.com attempted to set domain to www.telefragged.com
http://www.telefragged.com/thefatal/old/images/gar02.jpg:
2012-09-05 14:44:12 ERROR 404: Not Found.
Cookie coming from www.telefragged.com attempted to set domain to www.telefragged.com
Cookie coming from www.telefragged.com attempted to set domain to www.telefragged.com
http://www.telefragged.com/thefatal/old/images/visfrag.jpg:
2012-09-05 14:44:12 ERROR 404: Not Found.
Cookie coming from www.telefragged.com attempted to set domain to www.telefragged.com
Cookie coming from www.telefragged.com attempted to set domain to www.telefragged.com
http://www.telefragged.com/thefatal/old/images/snowy.jpg:
2012-09-05 14:44:12 ERROR 404: Not Found.
Cookie coming from www.telefragged.com attempted to set domain to www.telefragged.com
Cookie coming from www.telefragged.com attempted to set domain to www.telefragged.com
http://www.telefragged.com/thefatal/old/images/contragba.jpg:
2012-09-05 14:44:12 ERROR 404: Not Found.
Cookie coming from www.telefragged.com attempted to set domain to www.telefragged.com
Cookie coming from www.telefragged.com attempted to set domain to www.telefragged.com
http://www.telefragged.com/thefatal/old/images/contragba2.jpg:
2012-09-05 14:44:13 ERROR 404: Not Found.
Cookie coming from www.telefragged.com attempted to set domain to www.telefragged.com
2012-09-05 14:44:13 URL:http://www.telefragged.com/thefatal/old/newsarchive.shtml [27787] -> "www.telefragged.com/thefatal/old/newsarchive.shtml.html" [1]
Cookie coming from www.telefragged.com attempted to set domain to www.telefragged.com
2012-09-05 14:44:13 URL:http://www.telefragged.com/thefatal/old/index.shtml [14840] -> "www.telefragged.com/thefatal/old/index.shtml.html" [1]
Cookie coming from www.telefragged.com attempted to set domain to www.telefragged.com
2012-09-05 14:44:14 URL:http://www.telefragged.com/thefatal/old/jumblow.shtml [32967] -> "www.telefragged.com/thefatal/old/jumblow.shtml.html" [1]
Cookie coming from www.telefragged.com attempted to set domain to www.telefragged.com
2012-09-05 14:44:14 URL:http://www.telefragged.com/thefatal/old/scihunt.shtml [24296] -> "www.telefragged.com/thefatal/old/scihunt.shtml.html" [1]
Cookie coming from www.telefragged.com attempted to set domain to www.telefragged.com
Cookie coming from www.telefragged.com attempted to set domain to www.telefragged.com
http://www.telefragged.com/thefatal/old/hllogos.shtml:
2012-09-05 14:44:14 ERROR 404: Not Found.
Cookie coming from www.telefragged.com attempted to set domain to www.telefragged.com
2012-09-05 14:44:14 URL:http://www.telefragged.com/thefatal/old/famke.shtml [24971] -> "www.telefragged.com/thefatal/old/famke.shtml.html" [1]
Cookie coming from www.telefragged.com attempted to set domain to www.telefragged.com
2012-09-05 14:44:14 URL:http://www.telefragged.com/thefatal/old/head.shtml [11340] -> "www.telefragged.com/thefatal/old/head.shtml.html" [1]
Cookie coming from www.telefragged.com attempted to set domain to www.telefragged.com
2012-09-05 14:44:15 URL:http://www.telefragged.com/thefatal/old/hidebot.shtml [11966] -> "www.telefragged.com/thefatal/old/hidebot.shtml.html" [1]
Cookie coming from www.telefragged.com attempted to set domain to www.telefragged.com
Cookie coming from www.telefragged.com attempted to set domain to www.telefragged.com
http://www.telefragged.com/thefatal/old/images/break01.jpg:
2012-09-05 14:44:15 ERROR 404: Not Found.
Cookie coming from www.telefragged.com attempted to set domain to www.telefragged.com
Cookie coming from www.telefragged.com attempted to set domain to www.telefragged.com
http://www.telefragged.com/thefatal/old/images/break02.jpg:
2012-09-05 14:44:15 ERROR 404: Not Found.
Cookie coming from www.telefragged.com attempted to set domain to www.telefragged.com
Cookie coming from www.telefragged.com attempted to set domain to www.telefragged.com
http://www.telefragged.com/thefatal/old/images/sidescroll01.jpg:
2012-09-05 14:44:15 ERROR 404: Not Found.
Cookie coming from www.telefragged.com attempted to set domain to www.telefragged.com
Cookie coming from www.telefragged.com attempted to set domain to www.telefragged.com
http://www.telefragged.com/thefatal/old/images/sidescroll02.jpg:
2012-09-05 14:44:15 ERROR 404: Not Found.
Cookie coming from www.telefragged.com attempted to set domain to www.telefragged.com
2012-09-05 14:44:16 URL:http://www.telefragged.com/thefatal/old/genebot.shtml [8908] -> "www.telefragged.com/thefatal/old/genebot.shtml.html" [1]
Cookie coming from www.telefragged.com attempted to set domain to www.telefragged.com
2012-09-05 14:44:16 URL:http://www.telefragged.com/thefatal/old/tsumi.shtml [4679] -> "www.telefragged.com/thefatal/old/tsumi.shtml.html" [1]
Cookie coming from www.telefragged.com attempted to set domain to www.telefragged.com
Cookie coming from www.telefragged.com attempted to set domain to www.telefragged.com
http://www.telefragged.com/thefatal/old/hb2_screens/shot0001_small.jpg:
2012-09-05 14:44:16 ERROR 404: Not Found.
Cookie coming from www.telefragged.com attempted to set domain to www.telefragged.com
Cookie coming from www.telefragged.com attempted to set domain to www.telefragged.com
http://www.telefragged.com/thefatal/old/hb2_screens/shot0003_small.jpg:
2012-09-05 14:44:16 ERROR 404: Not Found.
Cookie coming from www.telefragged.com attempted to set domain to www.telefragged.com
Cookie coming from www.telefragged.com attempted to set domain to www.telefragged.com
http://www.telefragged.com/thefatal/old/hb2_screens/shot0006_small.jpg:
2012-09-05 14:44:16 ERROR 404: Not Found.
Cookie coming from www.telefragged.com attempted to set domain to www.telefragged.com
Cookie coming from www.telefragged.com attempted to set domain to www.telefragged.com
http://www.telefragged.com/thefatal/old/hb2_screens/shot0008_small.jpg:
2012-09-05 14:44:17 ERROR 404: Not Found.
Cookie coming from www.telefragged.com attempted to set domain to www.telefragged.com
Cookie coming from www.telefragged.com attempted to set domain to www.telefragged.com
http://www.telefragged.com/thefatal/old/hb2_screens/:
2012-09-05 14:44:17 ERROR 404: Not Found.
Cookie coming from www.telefragged.com attempted to set domain to www.telefragged.com
Cookie coming from www.telefragged.com attempted to set domain to www.telefragged.com
http://www.telefragged.com/thefatal/old/images/jeffs_mod/ninja_01_small.jpg:
2012-09-05 14:44:17 ERROR 404: Not Found.
Cookie coming from www.telefragged.com attempted to set domain to www.telefragged.com
Cookie coming from www.telefragged.com attempted to set domain to www.telefragged.com
http://www.telefragged.com/thefatal/old/images/jeffs_mod/ninja_04_small.jpg:
2012-09-05 14:44:17 ERROR 404: Not Found.
Cookie coming from www.telefragged.com attempted to set domain to www.telefragged.com
Cookie coming from www.telefragged.com attempted to set domain to www.telefragged.com
http://www.telefragged.com/thefatal/old/images/jeffs_mod/ninja_10_small.jpg:
2012-09-05 14:44:17 ERROR 404: Not Found.
Cookie coming from www.telefragged.com attempted to set domain to www.telefragged.com
Cookie coming from www.telefragged.com attempted to set domain to www.telefragged.com
http://www.telefragged.com/thefatal/old/images/jeffs_mod/ninja_13_small.jpg:
2012-09-05 14:44:18 ERROR 404: Not Found.
Cookie coming from www.telefragged.com attempted to set domain to www.telefragged.com
Cookie coming from www.telefragged.com attempted to set domain to www.telefragged.com
http://www.telefragged.com/thefatal/old/images/jeffs_mod/:
2012-09-05 14:44:18 ERROR 404: Not Found.
Cookie coming from www.telefragged.com attempted to set domain to www.telefragged.com
Cookie coming from www.telefragged.com attempted to set domain to www.telefragged.com
http://www.telefragged.com/thefatal/old/images/gltriad_01.jpg:
2012-09-05 14:44:18 ERROR 404: Not Found.
Cookie coming from www.telefragged.com attempted to set domain to www.telefragged.com
Cookie coming from www.telefragged.com attempted to set domain to www.telefragged.com
http://www.telefragged.com/thefatal/old/images/gltriad_02.jpg:
2012-09-05 14:44:18 ERROR 404: Not Found.
Cookie coming from www.telefragged.com attempted to set domain to www.telefragged.com
2012-09-05 14:44:18 URL:http://www.telefragged.com/thefatal/old/spamcmd.txt [755/755] -> "www.telefragged.com/thefatal/old/spamcmd.txt" [1]
Cookie coming from www.telefragged.com attempted to set domain to www.telefragged.com
Cookie coming from www.telefragged.com attempted to set domain to www.telefragged.com
http://www.telefragged.com/thefatal/old/images/domo01.jpg:
2012-09-05 14:44:19 ERROR 404: Not Found.
Cookie coming from www.telefragged.com attempted to set domain to www.telefragged.com
Cookie coming from www.telefragged.com attempted to set domain to www.telefragged.com
http://www.telefragged.com/thefatal/old/images/domo02.jpg:
2012-09-05 14:44:19 ERROR 404: Not Found.
Cookie coming from www.telefragged.com attempted to set domain to www.telefragged.com
Cookie coming from www.telefragged.com attempted to set domain to www.telefragged.com
http://www.telefragged.com/thefatal/old/images/blast_01.jpg:
2012-09-05 14:44:19 ERROR 404: Not Found.
Cookie coming from www.telefragged.com attempted to set domain to www.telefragged.com
Cookie coming from www.telefragged.com attempted to set domain to www.telefragged.com
http://www.telefragged.com/thefatal/old/images/blast_02.jpg:
2012-09-05 14:44:19 ERROR 404: Not Found.
Cookie coming from www.telefragged.com attempted to set domain to www.telefragged.com
Cookie coming from www.telefragged.com attempted to set domain to www.telefragged.com
http://www.telefragged.com/thefatal/old/images/blast_03.jpg:
2012-09-05 14:44:20 ERROR 404: Not Found.
Cookie coming from www.telefragged.com attempted to set domain to www.telefragged.com
Cookie coming from www.telefragged.com attempted to set domain to www.telefragged.com
http://www.telefragged.com/thefatal/old/images/fetus05.jpg:
2012-09-05 14:44:20 ERROR 404: Not Found.
Cookie coming from www.telefragged.com attempted to set domain to www.telefragged.com
Cookie coming from www.telefragged.com attempted to set domain to www.telefragged.com
http://www.telefragged.com/thefatal/old/images/fetus04.jpg:
2012-09-05 14:44:20 ERROR 404: Not Found.
Cookie coming from www.telefragged.com attempted to set domain to www.telefragged.com
Cookie coming from www.telefragged.com attempted to set domain to www.telefragged.com
http://www.telefragged.com/thefatal/old/images/fetus01.jpg:
2012-09-05 14:44:20 ERROR 404: Not Found.
Cookie coming from www.telefragged.com attempted to set domain to www.telefragged.com
Cookie coming from www.telefragged.com attempted to set domain to www.telefragged.com
http://www.telefragged.com/thefatal/old/images/fetus02.jpg:
2012-09-05 14:44:20 ERROR 404: Not Found.
Cookie coming from www.telefragged.com attempted to set domain to www.telefragged.com
Cookie coming from www.telefragged.com attempted to set domain to www.telefragged.com
http://www.telefragged.com/thefatal/old/images/cactuarvis.jpg:
2012-09-05 14:44:21 ERROR 404: Not Found.
Cookie coming from www.telefragged.com attempted to set domain to www.telefragged.com
Cookie coming from www.telefragged.com attempted to set domain to www.telefragged.com
http://www.telefragged.com/thefatal/old/images/imsodrunk.jpg:
2012-09-05 14:44:21 ERROR 404: Not Found.
Cookie coming from www.telefragged.com attempted to set domain to www.telefragged.com
Cookie coming from www.telefragged.com attempted to set domain to www.telefragged.com
http://www.telefragged.com/thefatal/old/images/webcam3d.jpg:
2012-09-05 14:44:21 ERROR 404: Not Found.
Cookie coming from www.telefragged.com attempted to set domain to www.telefragged.com
Cookie coming from www.telefragged.com attempted to set domain to www.telefragged.com
http://www.telefragged.com/thefatal/old/images/webcam3d2.jpg:
2012-09-05 14:44:21 ERROR 404: Not Found.
Cookie coming from www.telefragged.com attempted to set domain to www.telefragged.com
Cookie coming from www.telefragged.com attempted to set domain to www.telefragged.com
http://www.telefragged.com/thefatal/old/images/ffworld_small.jpg:
2012-09-05 14:44:21 ERROR 404: Not Found.
Cookie coming from www.telefragged.com attempted to set domain to www.telefragged.com
Cookie coming from www.telefragged.com attempted to set domain to www.telefragged.com
http://www.telefragged.com/thefatal/old/images/omg.jpg:
2012-09-05 14:44:22 ERROR 404: Not Found.
Cookie coming from www.telefragged.com attempted to set domain to www.telefragged.com
Cookie coming from www.telefragged.com attempted to set domain to www.telefragged.com
http://www.telefragged.com/thefatal/old/images/iamholy.jpg:
2012-09-05 14:44:22 ERROR 404: Not Found.
Cookie coming from www.telefragged.com attempted to set domain to www.telefragged.com
Cookie coming from www.telefragged.com attempted to set domain to www.telefragged.com
http://www.telefragged.com/thefatal/old/images/qref_1_big.jpg:
2012-09-05 14:44:22 ERROR 404: Not Found.
Cookie coming from www.telefragged.com attempted to set domain to www.telefragged.com
Cookie coming from www.telefragged.com attempted to set domain to www.telefragged.com
http://www.telefragged.com/thefatal/old/images/qref_1_small.jpg:
2012-09-05 14:44:22 ERROR 404: Not Found.
Cookie coming from www.telefragged.com attempted to set domain to www.telefragged.com
Cookie coming from www.telefragged.com attempted to set domain to www.telefragged.com
http://www.telefragged.com/thefatal/old/images/qref_2_big.jpg:
2012-09-05 14:44:22 ERROR 404: Not Found.
Cookie coming from www.telefragged.com attempted to set domain to www.telefragged.com
Cookie coming from www.telefragged.com attempted to set domain to www.telefragged.com
http://www.telefragged.com/thefatal/old/images/qref_2_small.jpg:
2012-09-05 14:44:23 ERROR 404: Not Found.
Cookie coming from www.telefragged.com attempted to set domain to www.telefragged.com
Cookie coming from www.telefragged.com attempted to set domain to www.telefragged.com
http://www.telefragged.com/thefatal/old/images/horror.jpg:
2012-09-05 14:44:23 ERROR 404: Not Found.
Cookie coming from www.telefragged.com attempted to set domain to www.telefragged.com
2012-09-05 14:44:23 URL:http://www.telefragged.com/thefatal/old/SIDEBACK.JPG [14948/14948] -> "www.telefragged.com/thefatal/old/SIDEBACK.JPG" [1]
Cookie coming from www.telefragged.com attempted to set domain to www.telefragged.com
2012-09-05 14:44:23 URL:http://www.telefragged.com/thefatal/old/jumblow_faq.shtml [5027] -> "www.telefragged.com/thefatal/old/jumblow_faq.shtml.html" [1]
Cookie coming from www.telefragged.com attempted to set domain to www.telefragged.com
2012-09-05 14:44:23 URL:http://www.telefragged.com/thefatal/old/telefragged.gif [7939/7939] -> "www.telefragged.com/thefatal/old/telefragged.gif" [1]
Cookie coming from www.telefragged.com attempted to set domain to www.telefragged.com
2012-09-05 14:44:24 URL:http://www.telefragged.com/thefatal/old/jumlogo2.jpg [132919/132919] -> "www.telefragged.com/thefatal/old/jumlogo2.jpg" [1]
Cookie coming from www.telefragged.com attempted to set domain to www.telefragged.com
2012-09-05 14:44:24 URL:http://www.telefragged.com/thefatal/old/test.jpg [8683/8683] -> "www.telefragged.com/thefatal/old/test.jpg" [1]
Cookie coming from www.telefragged.com attempted to set domain to www.telefragged.com
2012-09-05 14:44:25 URL:http://www.telefragged.com/thefatal/old/stability01.jpg [88494/88494] -> "www.telefragged.com/thefatal/old/stability01.jpg" [1]
Cookie coming from www.telefragged.com attempted to set domain to www.telefragged.com
2012-09-05 14:44:25 URL:http://www.telefragged.com/thefatal/old/stability02.jpg [89320/89320] -> "www.telefragged.com/thefatal/old/stability02.jpg" [1]
Cookie coming from www.telefragged.com attempted to set domain to www.telefragged.com
2012-09-05 14:44:26 URL:http://www.telefragged.com/thefatal/old/stability03.jpg [118506/118506] -> "www.telefragged.com/thefatal/old/stability03.jpg" [1]
Cookie coming from www.telefragged.com attempted to set domain to www.telefragged.com
2012-09-05 14:44:26 URL:http://www.telefragged.com/thefatal/old/botgauss.jpg [84394/84394] -> "www.telefragged.com/thefatal/old/botgauss.jpg" [1]
Cookie coming from www.telefragged.com attempted to set domain to www.telefragged.com
2012-09-05 14:44:26 URL:http://www.telefragged.com/thefatal/old/scilogo.jpg [53143/53143] -> "www.telefragged.com/thefatal/old/scilogo.jpg" [1]
Cookie coming from www.telefragged.com attempted to set domain to www.telefragged.com
Cookie coming from www.telefragged.com attempted to set domain to www.telefragged.com
http://www.telefragged.com/thefatal/hack.jpg:
2012-09-05 14:44:26 ERROR 404: Not Found.
Cookie coming from www.telefragged.com attempted to set domain to www.telefragged.com
2012-09-05 14:44:27 URL:http://www.telefragged.com/thefatal/old/tut.htm [17800/17800] -> "www.telefragged.com/thefatal/old/tut.htm" [1]
Cookie coming from www.telefragged.com attempted to set domain to www.telefragged.com
2012-09-05 14:44:27 URL:http://www.telefragged.com/thefatal/old/FAMKE1.JPG [16921/16921] -> "www.telefragged.com/thefatal/old/FAMKE1.JPG" [1]
Cookie coming from www.telefragged.com attempted to set domain to www.telefragged.com
2012-09-05 14:44:27 URL:http://www.telefragged.com/thefatal/old/shots.html [1469/1469] -> "www.telefragged.com/thefatal/old/shots.html" [1]
Cookie coming from www.telefragged.com attempted to set domain to www.telefragged.com
2012-09-05 14:44:27 URL:http://www.telefragged.com/thefatal/old/servers.html [1986/1986] -> "www.telefragged.com/thefatal/old/servers.html" [1]
Cookie coming from www.telefragged.com attempted to set domain to www.telefragged.com
2012-09-05 14:44:27 URL:http://www.telefragged.com/thefatal/old/HEAD.JPG [26408/26408] -> "www.telefragged.com/thefatal/old/HEAD.JPG" [1]
Cookie coming from www.telefragged.com attempted to set domain to www.telefragged.com
2012-09-05 14:44:28 URL:http://www.telefragged.com/thefatal/old/hidebot.jpg [53478/53478] -> "www.telefragged.com/thefatal/old/hidebot.jpg" [1]
Cookie coming from www.telefragged.com attempted to set domain to www.telefragged.com
2012-09-05 14:44:28 URL:http://www.telefragged.com/thefatal/old/genebot.jpg [61028/61028] -> "www.telefragged.com/thefatal/old/genebot.jpg" [1]
Cookie coming from www.telefragged.com attempted to set domain to www.telefragged.com
2012-09-05 14:44:28 URL:http://www.telefragged.com/thefatal/old/tsumlogo.jpg [122511/122511] -> "www.telefragged.com/thefatal/old/tsumlogo.jpg" [1]
Cookie coming from www.telefragged.com attempted to set domain to www.telefragged.com
2012-09-05 14:44:29 URL:http://www.telefragged.com/thefatal/old/screen1.jpg [58957/58957] -> "www.telefragged.com/thefatal/old/screen1.jpg" [1]
Cookie coming from www.telefragged.com attempted to set domain to www.telefragged.com
2012-09-05 14:44:29 URL:http://www.telefragged.com/thefatal/old/thumb1.jpg [15669/15669] -> "www.telefragged.com/thefatal/old/thumb1.jpg" [1]
Cookie coming from www.telefragged.com attempted to set domain to www.telefragged.com
2012-09-05 14:44:29 URL:http://www.telefragged.com/thefatal/old/screen2.jpg [56939/56939] -> "www.telefragged.com/thefatal/old/screen2.jpg" [1]
Cookie coming from www.telefragged.com attempted to set domain to www.telefragged.com
2012-09-05 14:44:29 URL:http://www.telefragged.com/thefatal/old/thumb2.jpg [15124/15124] -> "www.telefragged.com/thefatal/old/thumb2.jpg" [1]
Cookie coming from www.telefragged.com attempted to set domain to www.telefragged.com
2012-09-05 14:44:30 URL:http://www.telefragged.com/thefatal/old/screen3.jpg [61335/61335] -> "www.telefragged.com/thefatal/old/screen3.jpg" [1]
Cookie coming from www.telefragged.com attempted to set domain to www.telefragged.com
2012-09-05 14:44:30 URL:http://www.telefragged.com/thefatal/old/thumb3.jpg [15995/15995] -> "www.telefragged.com/thefatal/old/thumb3.jpg" [1]
Cookie coming from www.telefragged.com attempted to set domain to www.telefragged.com
2012-09-05 14:44:30 URL:http://www.telefragged.com/thefatal/old/screen4.jpg [55585/55585] -> "www.telefragged.com/thefatal/old/screen4.jpg" [1]
Cookie coming from www.telefragged.com attempted to set domain to www.telefragged.com
2012-09-05 14:44:30 URL:http://www.telefragged.com/thefatal/old/thumb4.jpg [14005/14005] -> "www.telefragged.com/thefatal/old/thumb4.jpg" [1]
Cookie coming from www.telefragged.com attempted to set domain to www.telefragged.com
2012-09-05 14:44:31 URL:http://www.telefragged.com/thefatal/old/screen5.jpg [57005/57005] -> "www.telefragged.com/thefatal/old/screen5.jpg" [1]
Cookie coming from www.telefragged.com attempted to set domain to www.telefragged.com
2012-09-05 14:44:31 URL:http://www.telefragged.com/thefatal/old/thumb5.jpg [14865/14865] -> "www.telefragged.com/thefatal/old/thumb5.jpg" [1]
Cookie coming from www.telefragged.com attempted to set domain to www.telefragged.com
2012-09-05 14:44:31 URL:http://www.telefragged.com/thefatal/old/screen6.jpg [60128/60128] -> "www.telefragged.com/thefatal/old/screen6.jpg" [1]
Cookie coming from www.telefragged.com attempted to set domain to www.telefragged.com
2012-09-05 14:44:31 URL:http://www.telefragged.com/thefatal/old/thumb6.jpg [16038/16038] -> "www.telefragged.com/thefatal/old/thumb6.jpg" [1]
Cookie coming from www.telefragged.com attempted to set domain to www.telefragged.com
2012-09-05 14:44:32 URL:http://www.telefragged.com/thefatal/old/screen7.jpg [56474/56474] -> "www.telefragged.com/thefatal/old/screen7.jpg" [1]
Cookie coming from www.telefragged.com attempted to set domain to www.telefragged.com
2012-09-05 14:44:32 URL:http://www.telefragged.com/thefatal/old/thumb7.jpg [14403/14403] -> "www.telefragged.com/thefatal/old/thumb7.jpg" [1]
Cookie coming from www.telefragged.com attempted to set domain to www.telefragged.com
2012-09-05 14:44:32 URL:http://www.telefragged.com/thefatal/old/screen8.jpg [64341/64341] -> "www.telefragged.com/thefatal/old/screen8.jpg" [1]
Cookie coming from www.telefragged.com attempted to set domain to www.telefragged.com
2012-09-05 14:44:32 URL:http://www.telefragged.com/thefatal/old/thumb8.jpg [17101/17101] -> "www.telefragged.com/thefatal/old/thumb8.jpg" [1]
Cookie coming from www.telefragged.com attempted to set domain to www.telefragged.com
2012-09-05 14:44:33 URL:http://www.telefragged.com/thefatal/old/screen9.jpg [73616/73616] -> "www.telefragged.com/thefatal/old/screen9.jpg" [1]
Cookie coming from www.telefragged.com attempted to set domain to www.telefragged.com
2012-09-05 14:44:33 URL:http://www.telefragged.com/thefatal/old/thumb9.jpg [21241/21241] -> "www.telefragged.com/thefatal/old/thumb9.jpg" [1]
Cookie coming from www.telefragged.com attempted to set domain to www.telefragged.com
2012-09-05 14:44:33 URL:http://www.telefragged.com/thefatal/old/screen10.jpg [59621/59621] -> "www.telefragged.com/thefatal/old/screen10.jpg" [1]
Cookie coming from www.telefragged.com attempted to set domain to www.telefragged.com
2012-09-05 14:44:33 URL:http://www.telefragged.com/thefatal/old/thumb10.jpg [14331/14331] -> "www.telefragged.com/thefatal/old/thumb10.jpg" [1]
Cookie coming from www.telefragged.com attempted to set domain to www.telefragged.com
2012-09-05 14:44:34 URL:http://www.telefragged.com/thefatal/old/screen11.jpg [57976/57976] -> "www.telefragged.com/thefatal/old/screen11.jpg" [1]
Cookie coming from www.telefragged.com attempted to set domain to www.telefragged.com
2012-09-05 14:44:34 URL:http://www.telefragged.com/thefatal/old/thumb11.jpg [13656/13656] -> "www.telefragged.com/thefatal/old/thumb11.jpg" [1]
Cookie coming from www.telefragged.com attempted to set domain to www.telefragged.com
2012-09-05 14:44:34 URL:http://www.telefragged.com/thefatal/old/screen12.jpg [55067/55067] -> "www.telefragged.com/thefatal/old/screen12.jpg" [1]
Cookie coming from www.telefragged.com attempted to set domain to www.telefragged.com
2012-09-05 14:44:34 URL:http://www.telefragged.com/thefatal/old/thumb12.jpg [13308/13308] -> "www.telefragged.com/thefatal/old/thumb12.jpg" [1]
Cookie coming from www.telefragged.com attempted to set domain to www.telefragged.com
2012-09-05 14:44:35 URL:http://www.telefragged.com/thefatal/old/foo.quake [0/0] -> "www.telefragged.com/thefatal/old/foo.quake" [1]
FINISHED --2012-09-05 14:44:35--
Total wall clock time: 27s
Downloaded: 59 files, 1.9M in 3.6s (553 KB/s)
