2015-08-14 17:31:53 URL:http://www.gameaholic.com/ [13805] -> "index.html" [1]
2015-08-14 17:31:53 URL:http://images.gameaholic.com/bg.jpg [1031/1031] -> "bg.jpg" [1]
2015-08-14 17:31:53 URL:http://adserver.gameaholic.com/adx.js [70/70] -> "adx.js" [1]
2015-08-14 17:31:54 URL:http://www.gameaholic.com/ [13805] -> "adclick.php?n=a733570c.html" [1]
2015-08-14 17:31:54 URL:http://adserver.gameaholic.com/adview.php?what=zone:1&n=a733570c [43/43] -> "adview.php?what=zone:1&n=a733570c" [1]
2015-08-14 17:31:54 URL:http://www.gameaholic.com/games/alice/ [9017] -> "games/alice/index.html" [1]
2015-08-14 17:31:54 URL:http://www.gameaholic.com/games/chasm/ [12171] -> "games/chasm/index.html" [1]
2015-08-14 17:31:54 URL:http://www.gameaholic.com/games/daikatana/ [9333] -> "games/daikatana/index.html" [1]
2015-08-14 17:31:54 URL:http://www.gameaholic.com/games/dukeforever/ [7820] -> "games/dukeforever/index.html" [1]
2015-08-14 17:31:55 URL:http://www.gameaholic.com/games/halflife/ [10385] -> "games/halflife/index.html" [1]
2015-08-14 17:31:55 URL:http://www.gameaholic.com/games/heretic2/ [9286] -> "games/heretic2/index.html" [1]
2015-08-14 17:31:55 URL:http://www.gameaholic.com/games/hexen2/ [8530] -> "games/hexen2/index.html" [1]
2015-08-14 17:31:55 URL:http://www.gameaholic.com/games/kingpin/ [11901] -> "games/kingpin/index.html" [1]
2015-08-14 17:31:55 URL:http://www.gameaholic.com/games/mdk2/ [8827] -> "games/mdk2/index.html" [1]
2015-08-14 17:31:56 URL:http://www.gameaholic.com/games/sin/ [9636] -> "games/sin/index.html" [1]
2015-08-14 17:31:56 URL:http://www.gameaholic.com/games/soldieroffortune/ [9828] -> "games/soldieroffortune/index.html" [1]
2015-08-14 17:31:56 URL:http://www.gameaholic.com/games/quake/ [9716] -> "games/quake/index.html" [1]
2015-08-14 17:31:56 URL:http://www.gameaholic.com/games/quake2/ [9622] -> "games/quake2/index.html" [1]
2015-08-14 17:31:56 URL:http://www.gameaholic.com/games/quake3/ [12821] -> "games/quake3/index.html" [1]
2015-08-14 17:31:56 URL:http://www.gameaholic.com/games/unrealtournament/ [13262] -> "games/unrealtournament/index.html" [1]
2015-08-14 17:31:57 URL:http://www.gameaholic.com/games/wolfenstein/ [13153] -> "games/wolfenstein/index.html" [1]
2015-08-14 17:31:57 URL:http://www.gameaholic.com/games/quake/quakeworld/ [8356] -> "games/quake/quakeworld/index.html" [1]
2015-08-14 17:31:57 URL:http://www.gameaholic.com/games/quake/glquake/ [13262] -> "games/quake/glquake/index.html" [1]
2015-08-14 17:31:57 URL:http://www.gameaholic.com/games/quake/macquake/ [9397] -> "games/quake/macquake/index.html" [1]
2015-08-14 17:31:57 URL:http://www.gameaholic.com/addons/ctf/ [12787] -> "addons/ctf/index.html" [1]
2015-08-14 17:31:58 URL:http://www.gameaholic.com/addons/bots/ [10666] -> "addons/bots/index.html" [1]
2015-08-14 17:31:58 URL:http://www.gameaholic.com/ [13805] -> "adclick.php?n=a8032cc2.html" [1]
2015-08-14 17:31:58 URL:http://adserver.gameaholic.com/adview.php?what=zone:4&n=a8032cc2 [43/43] -> "adview.php?what=zone:4&n=a8032cc2" [1]
2015-08-14 17:31:58 URL:http://www.gameaholic.com/servers/quake/ [8372] -> "servers/quake/index.html" [1]
2015-08-14 17:31:58 URL:http://www.gameaholic.com/servers/quakeworld/ [9075] -> "servers/quakeworld/index.html" [1]
2015-08-14 17:31:59 URL:http://www.gameaholic.com/servers/quake2/ [13019] -> "servers/quake2/index.html" [1]
2015-08-14 17:31:59 URL:http://www.gameaholic.com/servers/quake3/ [9494] -> "servers/quake3/index.html" [1]
2015-08-14 17:31:59 URL:http://www.gameaholic.com/servers/heretic2/ [8380] -> "servers/heretic2/index.html" [1]
2015-08-14 17:31:59 URL:http://www.gameaholic.com/servers/hexen2/ [8376] -> "servers/hexen2/index.html" [1]
2015-08-14 17:31:59 URL:http://www.gameaholic.com/servers/hexenworld/ [8382] -> "servers/hexenworld/index.html" [1]
2015-08-14 17:32:00 URL:http://www.gameaholic.com/servers/kingpin/ [8376] -> "servers/kingpin/index.html" [1]
2015-08-14 17:32:00 URL:http://www.gameaholic.com/servers/blood2/ [8376] -> "servers/blood2/index.html" [1]
2015-08-14 17:32:00 URL:http://www.gameaholic.com/servers/shogo/ [8418] -> "servers/shogo/index.html" [1]
2015-08-14 17:32:00 URL:http://www.gameaholic.com/servers/sin/ [8368] -> "servers/sin/index.html" [1]
2015-08-14 17:32:00 URL:http://www.gameaholic.com/servers/unreal/ [8374] -> "servers/unreal/index.html" [1]
2015-08-14 17:32:01 URL:http://www.gameaholic.com/servers/search/ [16877] -> "servers/search/index.html" [1]
2015-08-14 17:32:01 URL:http://www.gameaholic.com/servers/add/ [24946] -> "servers/add/index.html" [1]
2015-08-14 17:32:01 URL:http://www.gameaholic.com/info/links/ [9967] -> "info/links/index.html" [1]
2015-08-14 17:32:01 URL:http://www.gameaholic.com/editing/map/ [13811] -> "editing/map/index.html" [1]
2015-08-14 17:32:01 URL:http://www.gameaholic.com/editing/quakec/ [8143] -> "editing/quakec/index.html" [1]
2015-08-14 17:32:02 URL:http://www.gameaholic.com/info/credits/ [9551] -> "info/credits/index.html" [1]
2015-08-14 17:32:02 URL:http://www.gameaholic.com/info/search/ [6956] -> "info/search/index.html" [1]
2015-08-14 17:32:02 URL:http://images.gameaholic.com/misc/clear.gif [42/42] -> "misc/clear.gif" [1]
2015-08-14 17:32:02 URL:http://images.gameaholic.com/misc/title2.jpg [7824/7824] -> "misc/title2.jpg" [1]
2015-08-14 17:32:02 URL:http://images.gameaholic.com/misc/new.gif [152/152] -> "misc/new.gif" [1]
2015-08-14 17:32:02 URL:http://www.gameaholic.com/games/daikatana/console/ [7996] -> "games/daikatana/console/index.html" [1]
2015-08-14 17:32:03 URL:http://www.gameaholic.com/games/soldieroffortune/console/ [10076] -> "games/soldieroffortune/console/index.html" [1]
2015-08-14 17:32:03 URL:http://www.gameaholic.com/games/unrealtournament/cheats/ [9075] -> "games/unrealtournament/cheats/index.html" [1]
2015-08-14 17:32:03 URL:http://www.gameaholic.com/games/quake3/demo/ [7365] -> "games/quake3/demo/index.html" [1]
2015-08-14 17:32:03 URL:http://www.gameaholic.com/games/halflife/demo/ [9339] -> "games/halflife/demo/index.html" [1]
2015-08-14 17:32:03 URL:http://www.gameaholic.com/info/scans/ [8472] -> "info/scans/index.html" [1]
2015-08-14 17:32:04 URL:http://www.gameaholic.com/ [13805] -> "adclick.php?n=afb1aa83.html" [1]
2015-08-14 17:32:04 URL:http://adserver.gameaholic.com/adview.php?what=zone:2&n=afb1aa83 [43/43] -> "adview.php?what=zone:2&n=afb1aa83" [1]
2015-08-14 17:32:04 URL:http://www.gameaholic.com/info/privacy/ [2653/2653] -> "info/privacy/index.html" [1]
2015-08-14 17:32:04 URL:http://www.gameaholic.com/games/alice/cheats/ [8199] -> "games/alice/cheats/index.html" [1]
2015-08-14 17:32:04 URL:http://www.gameaholic.com/images2/screenshots/alice/alice1.jpg?title=Alice [7126/7126] -> "images2/screenshots/alice/alice1.jpg?title=Alice.html" [1]
2015-08-14 17:32:05 URL:http://images.gameaholic.com/screenshots/alice/alice1a.jpg [15475/15475] -> "screenshots/alice/alice1a.jpg" [1]
2015-08-14 17:32:05 URL:http://www.gameaholic.com/images2/screenshots/alice/alice2.jpg?title=Alice [7126/7126] -> "images2/screenshots/alice/alice2.jpg?title=Alice.html" [1]
2015-08-14 17:32:05 URL:http://images.gameaholic.com/screenshots/alice/alice2a.jpg [10474/10474] -> "screenshots/alice/alice2a.jpg" [1]
2015-08-14 17:32:05 URL:http://www.gameaholic.com/images2/screenshots/alice/alice3.jpg?title=Alice [7126/7126] -> "images2/screenshots/alice/alice3.jpg?title=Alice.html" [1]
2015-08-14 17:32:06 URL:http://images.gameaholic.com/screenshots/alice/alice3a.jpg [15483/15483] -> "screenshots/alice/alice3a.jpg" [1]
2015-08-14 17:32:06 URL:http://www.gameaholic.com/images2/screenshots/alice/alice4.jpg?title=Alice [7126/7126] -> "images2/screenshots/alice/alice4.jpg?title=Alice.html" [1]
2015-08-14 17:32:06 URL:http://images.gameaholic.com/screenshots/alice/alice4a.jpg [12696/12696] -> "screenshots/alice/alice4a.jpg" [1]
2015-08-14 17:32:06 URL:http://www.gameaholic.com/images2/screenshots/alice/alice5.jpg?title=Alice [7126/7126] -> "images2/screenshots/alice/alice5.jpg?title=Alice.html" [1]
2015-08-14 17:32:06 URL:http://images.gameaholic.com/screenshots/alice/alice5a.jpg [9510/9510] -> "screenshots/alice/alice5a.jpg" [1]
2015-08-14 17:32:06 URL:http://www.gameaholic.com/images2/screenshots/alice/alice6.jpg?title=Alice [7126/7126] -> "images2/screenshots/alice/alice6.jpg?title=Alice.html" [1]
2015-08-14 17:32:07 URL:http://images.gameaholic.com/screenshots/alice/alice6a.jpg [10256/10256] -> "screenshots/alice/alice6a.jpg" [1]
2015-08-14 17:32:07 URL:http://www.gameaholic.com/images2/screenshots/alice/alice7.jpg?title=Alice [7126/7126] -> "images2/screenshots/alice/alice7.jpg?title=Alice.html" [1]
2015-08-14 17:32:07 URL:http://images.gameaholic.com/screenshots/alice/alice7a.jpg [12413/12413] -> "screenshots/alice/alice7a.jpg" [1]
2015-08-14 17:32:07 URL:http://www.gameaholic.com/images2/screenshots/alice/alice8.jpg?title=Alice [7126/7126] -> "images2/screenshots/alice/alice8.jpg?title=Alice.html" [1]
2015-08-14 17:32:07 URL:http://images.gameaholic.com/screenshots/alice/alice8a.jpg [10139/10139] -> "screenshots/alice/alice8a.jpg" [1]
2015-08-14 17:32:08 URL:http://www.gameaholic.com/images2/screenshots/alice/alice9.jpg?title=Alice [7126/7126] -> "images2/screenshots/alice/alice9.jpg?title=Alice.html" [1]
2015-08-14 17:32:08 URL:http://images.gameaholic.com/screenshots/alice/alice9a.jpg [14108/14108] -> "screenshots/alice/alice9a.jpg" [1]
2015-08-14 17:32:08 URL:http://www.gameaholic.com/images2/screenshots/chasm/chasm01.jpg?title=Chasm [7127/7127] -> "images2/screenshots/chasm/chasm01.jpg?title=Chasm.html" [1]
2015-08-14 17:32:08 URL:http://images.gameaholic.com/screenshots/chasm/chasm01s.jpg [8056/8056] -> "screenshots/chasm/chasm01s.jpg" [1]
2015-08-14 17:32:08 URL:http://www.gameaholic.com/images2/screenshots/chasm/chasm02.jpg?title=Chasm [7127/7127] -> "images2/screenshots/chasm/chasm02.jpg?title=Chasm.html" [1]
2015-08-14 17:32:09 URL:http://images.gameaholic.com/screenshots/chasm/chasm02s.jpg [6207/6207] -> "screenshots/chasm/chasm02s.jpg" [1]
2015-08-14 17:32:09 URL:http://www.gameaholic.com/images2/screenshots/chasm/chasm03.jpg?title=Chasm [7127/7127] -> "images2/screenshots/chasm/chasm03.jpg?title=Chasm.html" [1]
2015-08-14 17:32:09 URL:http://images.gameaholic.com/screenshots/chasm/chasm03s.jpg [6171/6171] -> "screenshots/chasm/chasm03s.jpg" [1]
2015-08-14 17:32:09 URL:http://www.gameaholic.com/images2/screenshots/chasm/chasm04.jpg?title=Chasm [7127/7127] -> "images2/screenshots/chasm/chasm04.jpg?title=Chasm.html" [1]
2015-08-14 17:32:09 URL:http://images.gameaholic.com/screenshots/chasm/chasm04s.jpg [5208/5208] -> "screenshots/chasm/chasm04s.jpg" [1]
2015-08-14 17:32:09 URL:http://www.gameaholic.com/images2/screenshots/chasm/chasm05.jpg?title=Chasm [7127/7127] -> "images2/screenshots/chasm/chasm05.jpg?title=Chasm.html" [1]
2015-08-14 17:32:10 URL:http://images.gameaholic.com/screenshots/chasm/chasm05s.jpg [8769/8769] -> "screenshots/chasm/chasm05s.jpg" [1]
2015-08-14 17:32:10 URL:http://www.gameaholic.com/images2/screenshots/chasm/chasm06.jpg?title=Chasm [7127/7127] -> "images2/screenshots/chasm/chasm06.jpg?title=Chasm.html" [1]
2015-08-14 17:32:10 URL:http://images.gameaholic.com/screenshots/chasm/chasm06s.jpg [6183/6183] -> "screenshots/chasm/chasm06s.jpg" [1]
2015-08-14 17:32:10 URL:http://www.gameaholic.com/images2/screenshots/chasm/chasm07.jpg?title=Chasm [7127/7127] -> "images2/screenshots/chasm/chasm07.jpg?title=Chasm.html" [1]
2015-08-14 17:32:10 URL:http://images.gameaholic.com/screenshots/chasm/chasm07s.jpg [6340/6340] -> "screenshots/chasm/chasm07s.jpg" [1]
2015-08-14 17:32:11 URL:http://www.gameaholic.com/images2/screenshots/chasm/chasm08.jpg?title=Chasm [7127/7127] -> "images2/screenshots/chasm/chasm08.jpg?title=Chasm.html" [1]
2015-08-14 17:32:11 URL:http://images.gameaholic.com/screenshots/chasm/chasm08s.jpg [6029/6029] -> "screenshots/chasm/chasm08s.jpg" [1]
2015-08-14 17:32:11 URL:http://www.gameaholic.com/images2/screenshots/chasm/chasm09.jpg?title=Chasm [7127/7127] -> "images2/screenshots/chasm/chasm09.jpg?title=Chasm.html" [1]
2015-08-14 17:32:11 URL:http://images.gameaholic.com/screenshots/chasm/chasm09s.jpg [7454/7454] -> "screenshots/chasm/chasm09s.jpg" [1]
2015-08-14 17:32:11 URL:http://www.gameaholic.com/games/daikatana/cheats/ [7996] -> "games/daikatana/cheats/index.html" [1]
2015-08-14 17:32:11 URL:http://www.gameaholic.com/images2/screenshots/daikatana/daikatana1.jpg?title=Daikatana [7154/7154] -> "images2/screenshots/daikatana/daikatana1.jpg?title=Daikatana.html" [1]
2015-08-14 17:32:12 URL:http://images.gameaholic.com/screenshots/daikatana/daikatana1a.jpg [7207/7207] -> "screenshots/daikatana/daikatana1a.jpg" [1]
2015-08-14 17:32:12 URL:http://www.gameaholic.com/images2/screenshots/daikatana/daikatana2.jpg?title=Daikatana [7154/7154] -> "images2/screenshots/daikatana/daikatana2.jpg?title=Daikatana.html" [1]
2015-08-14 17:32:12 URL:http://images.gameaholic.com/screenshots/daikatana/daikatana2a.jpg [11552/11552] -> "screenshots/daikatana/daikatana2a.jpg" [1]
2015-08-14 17:32:12 URL:http://www.gameaholic.com/images2/screenshots/daikatana/daikatana3.jpg?title=Daikatana [7154/7154] -> "images2/screenshots/daikatana/daikatana3.jpg?title=Daikatana.html" [1]
2015-08-14 17:32:12 URL:http://images.gameaholic.com/screenshots/daikatana/daikatana3a.jpg [7971/7971] -> "screenshots/daikatana/daikatana3a.jpg" [1]
2015-08-14 17:32:13 URL:http://www.gameaholic.com/images2/screenshots/daikatana/daikatana4.jpg?title=Daikatana [7154/7154] -> "images2/screenshots/daikatana/daikatana4.jpg?title=Daikatana.html" [1]
2015-08-14 17:32:13 URL:http://images.gameaholic.com/screenshots/daikatana/daikatana4a.jpg [9285/9285] -> "screenshots/daikatana/daikatana4a.jpg" [1]
2015-08-14 17:32:13 URL:http://www.gameaholic.com/images2/screenshots/daikatana/daikatana5.jpg?title=Daikatana [7154/7154] -> "images2/screenshots/daikatana/daikatana5.jpg?title=Daikatana.html" [1]
2015-08-14 17:32:13 URL:http://images.gameaholic.com/screenshots/daikatana/daikatana5a.jpg [7849/7849] -> "screenshots/daikatana/daikatana5a.jpg" [1]
2015-08-14 17:32:13 URL:http://www.gameaholic.com/images2/screenshots/daikatana/daikatana6.jpg?title=Daikatana [7154/7154] -> "images2/screenshots/daikatana/daikatana6.jpg?title=Daikatana.html" [1]
2015-08-14 17:32:14 URL:http://images.gameaholic.com/screenshots/daikatana/daikatana6a.jpg [7737/7737] -> "screenshots/daikatana/daikatana6a.jpg" [1]
2015-08-14 17:32:14 URL:http://www.gameaholic.com/images2/screenshots/duke/dnf0224.jpg?title=Duke+Nukem+Forever [7184/7184] -> "images2/screenshots/duke/dnf0224.jpg?title=Duke+Nukem+Forever.html" [1]
2015-08-14 17:32:14 URL:http://images.gameaholic.com/screenshots/duke/dnf0224t.jpg [33752/33752] -> "screenshots/duke/dnf0224t.jpg" [1]
2015-08-14 17:32:14 URL:http://www.gameaholic.com/images2/screenshots/duke/dnf1.jpg?title=Duke+Nukem+Forever [7181/7181] -> "images2/screenshots/duke/dnf1.jpg?title=Duke+Nukem+Forever.html" [1]
2015-08-14 17:32:14 URL:http://images.gameaholic.com/screenshots/duke/dnf1t.jpg [20683/20683] -> "screenshots/duke/dnf1t.jpg" [1]
2015-08-14 17:32:15 URL:http://www.gameaholic.com/games/halflife/cheats/ [9563] -> "games/halflife/cheats/index.html" [1]
2015-08-14 17:32:15 URL:http://www.gameaholic.com/images2/screenshots/halflife/halflife1.jpg?title=Half-Life [7151/7151] -> "images2/screenshots/halflife/halflife1.jpg?title=Half-Life.html" [1]
2015-08-14 17:32:15 URL:http://images.gameaholic.com/screenshots/halflife/halflife1s.jpg [8256/8256] -> "screenshots/halflife/halflife1s.jpg" [1]
2015-08-14 17:32:15 URL:http://www.gameaholic.com/images2/screenshots/halflife/halflife2.jpg?title=Half-Life [7151/7151] -> "images2/screenshots/halflife/halflife2.jpg?title=Half-Life.html" [1]
2015-08-14 17:32:15 URL:http://images.gameaholic.com/screenshots/halflife/halflife2s.jpg [9117/9117] -> "screenshots/halflife/halflife2s.jpg" [1]
2015-08-14 17:32:16 URL:http://www.gameaholic.com/images2/screenshots/halflife/halflife3.jpg?title=Half-Life [7151/7151] -> "images2/screenshots/halflife/halflife3.jpg?title=Half-Life.html" [1]
2015-08-14 17:32:16 URL:http://images.gameaholic.com/screenshots/halflife/halflife3s.jpg [7217/7217] -> "screenshots/halflife/halflife3s.jpg" [1]
2015-08-14 17:32:16 URL:http://www.gameaholic.com/images2/screenshots/halflife/halflife4.jpg?title=Half-Life [7151/7151] -> "images2/screenshots/halflife/halflife4.jpg?title=Half-Life.html" [1]
2015-08-14 17:32:16 URL:http://images.gameaholic.com/screenshots/halflife/halflife4s.jpg [7023/7023] -> "screenshots/halflife/halflife4s.jpg" [1]
2015-08-14 17:32:16 URL:http://www.gameaholic.com/images2/screenshots/halflife/halflife5.jpg?title=Half-Life [7152/7152] -> "images2/screenshots/halflife/halflife5.jpg?title=Half-Life.html" [1]
2015-08-14 17:32:16 URL:http://images.gameaholic.com/screenshots/halflife/halflife5s.jpg [7090/7090] -> "screenshots/halflife/halflife5s.jpg" [1]
2015-08-14 17:32:17 URL:http://www.gameaholic.com/images2/screenshots/halflife/halflife6.jpg?title=Half-Life [7151/7151] -> "images2/screenshots/halflife/halflife6.jpg?title=Half-Life.html" [1]
2015-08-14 17:32:17 URL:http://images.gameaholic.com/screenshots/halflife/halflife6s.jpg [10128/10128] -> "screenshots/halflife/halflife6s.jpg" [1]
2015-08-14 17:32:17 URL:http://www.gameaholic.com/images2/screenshots/halflife/halflife7.jpg?title=Half-Life [7151/7151] -> "images2/screenshots/halflife/halflife7.jpg?title=Half-Life.html" [1]
2015-08-14 17:32:17 URL:http://images.gameaholic.com/screenshots/halflife/halflife7s.jpg [8736/8736] -> "screenshots/halflife/halflife7s.jpg" [1]
2015-08-14 17:32:17 URL:http://www.gameaholic.com/images2/screenshots/halflife/halflife8.jpg?title=Half-Life [7151/7151] -> "images2/screenshots/halflife/halflife8.jpg?title=Half-Life.html" [1]
2015-08-14 17:32:18 URL:http://images.gameaholic.com/screenshots/halflife/halflife8s.jpg [8141/8141] -> "screenshots/halflife/halflife8s.jpg" [1]
2015-08-14 17:32:18 URL:http://www.gameaholic.com/images2/screenshots/halflife/halflife9.jpg?title=Half-Life [7152/7152] -> "images2/screenshots/halflife/halflife9.jpg?title=Half-Life.html" [1]
2015-08-14 17:32:18 URL:http://images.gameaholic.com/screenshots/halflife/halflife9s.jpg [7442/7442] -> "screenshots/halflife/halflife9s.jpg" [1]
2015-08-14 17:32:18 URL:http://www.gameaholic.com/games/heretic2/cheats/ [8529] -> "games/heretic2/cheats/index.html" [1]
2015-08-14 17:32:18 URL:http://www.gameaholic.com/images2/screenshots/heretic2/heretic21.jpg?title=Heretic+2 [7151/7151] -> "images2/screenshots/heretic2/heretic21.jpg?title=Heretic+2.html" [1]
2015-08-14 17:32:19 URL:http://images.gameaholic.com/screenshots/heretic2/heretic21s.jpg [7326/7326] -> "screenshots/heretic2/heretic21s.jpg" [1]
2015-08-14 17:32:19 URL:http://www.gameaholic.com/images2/screenshots/heretic2/heretic22.jpg?title=Heretic+2 [7151/7151] -> "images2/screenshots/heretic2/heretic22.jpg?title=Heretic+2.html" [1]
2015-08-14 17:32:19 URL:http://images.gameaholic.com/screenshots/heretic2/heretic22s.jpg [6862/6862] -> "screenshots/heretic2/heretic22s.jpg" [1]
2015-08-14 17:32:19 URL:http://www.gameaholic.com/images2/screenshots/heretic2/heretic23.jpg?title=Heretic+2 [7151/7151] -> "images2/screenshots/heretic2/heretic23.jpg?title=Heretic+2.html" [1]
2015-08-14 17:32:19 URL:http://images.gameaholic.com/screenshots/heretic2/heretic23s.jpg [6378/6378] -> "screenshots/heretic2/heretic23s.jpg" [1]
2015-08-14 17:32:19 URL:http://www.gameaholic.com/images2/screenshots/heretic2/heretic24.jpg?title=Heretic+2 [7151/7151] -> "images2/screenshots/heretic2/heretic24.jpg?title=Heretic+2.html" [1]
2015-08-14 17:32:20 URL:http://images.gameaholic.com/screenshots/heretic2/heretic24s.jpg [7339/7339] -> "screenshots/heretic2/heretic24s.jpg" [1]
2015-08-14 17:32:20 URL:http://www.gameaholic.com/images2/screenshots/heretic2/heretic25.jpg?title=Heretic+2 [7151/7151] -> "images2/screenshots/heretic2/heretic25.jpg?title=Heretic+2.html" [1]
2015-08-14 17:32:20 URL:http://images.gameaholic.com/screenshots/heretic2/heretic25s.jpg [6668/6668] -> "screenshots/heretic2/heretic25s.jpg" [1]
2015-08-14 17:32:20 URL:http://images.gameaholic.com/screenshots/hexen2/circleb.jpg [20351/20351] -> "screenshots/hexen2/circleb.jpg" [1]
2015-08-14 17:32:21 URL:http://images.gameaholic.com/screenshots/hexen2/circlec.jpg [24499/24499] -> "screenshots/hexen2/circlec.jpg" [1]
2015-08-14 17:32:21 URL:http://images.gameaholic.com/screenshots/hexen2/nile00.jpg [22920/22920] -> "screenshots/hexen2/nile00.jpg" [1]
2015-08-14 17:32:21 URL:http://images.gameaholic.com/screenshots/hexen2/town8.jpg [16027/16027] -> "screenshots/hexen2/town8.jpg" [1]
2015-08-14 17:32:21 URL:http://images.gameaholic.com/screenshots/hexen2/villagea.jpg [18437/18437] -> "screenshots/hexen2/villagea.jpg" [1]
2015-08-14 17:32:22 URL:http://images.gameaholic.com/screenshots/hexen2/villagec.jpg [24393/24393] -> "screenshots/hexen2/villagec.jpg" [1]
2015-08-14 17:32:22 URL:http://www.gameaholic.com/images2/screenshots/kingpin/kingpin1.jpg?title=Kingpin [7140/7140] -> "images2/screenshots/kingpin/kingpin1.jpg?title=Kingpin.html" [1]
2015-08-14 17:32:22 URL:http://images.gameaholic.com/screenshots/kingpin/kingpin1s.jpg [12378/12378] -> "screenshots/kingpin/kingpin1s.jpg" [1]
2015-08-14 17:32:22 URL:http://www.gameaholic.com/images2/screenshots/kingpin/kingpin2.jpg?title=Kingpin [7140/7140] -> "images2/screenshots/kingpin/kingpin2.jpg?title=Kingpin.html" [1]
2015-08-14 17:32:22 URL:http://images.gameaholic.com/screenshots/kingpin/kingpin2s.jpg [12201/12201] -> "screenshots/kingpin/kingpin2s.jpg" [1]
2015-08-14 17:32:23 URL:http://www.gameaholic.com/images2/screenshots/kingpin/kingpin3.jpg?title=Kingpin [7140/7140] -> "images2/screenshots/kingpin/kingpin3.jpg?title=Kingpin.html" [1]
2015-08-14 17:32:23 URL:http://images.gameaholic.com/screenshots/kingpin/kingpin3s.jpg [14334/14334] -> "screenshots/kingpin/kingpin3s.jpg" [1]
2015-08-14 17:32:23 URL:http://www.gameaholic.com/images2/screenshots/kingpin/kingpin4.jpg?title=Kingpin [7140/7140] -> "images2/screenshots/kingpin/kingpin4.jpg?title=Kingpin.html" [1]
2015-08-14 17:32:23 URL:http://images.gameaholic.com/screenshots/kingpin/kingpin4s.jpg [13141/13141] -> "screenshots/kingpin/kingpin4s.jpg" [1]
2015-08-14 17:32:23 URL:http://www.gameaholic.com/images2/screenshots/kingpin/kingpin5.jpg?title=Kingpin [7140/7140] -> "images2/screenshots/kingpin/kingpin5.jpg?title=Kingpin.html" [1]
2015-08-14 17:32:23 URL:http://images.gameaholic.com/screenshots/kingpin/kingpin5s.jpg [13202/13202] -> "screenshots/kingpin/kingpin5s.jpg" [1]
2015-08-14 17:32:24 URL:http://www.gameaholic.com/images2/screenshots/kingpin/kingpin6.jpg?title=Kingpin [7140/7140] -> "images2/screenshots/kingpin/kingpin6.jpg?title=Kingpin.html" [1]
2015-08-14 17:32:24 URL:http://images.gameaholic.com/screenshots/kingpin/kingpin6s.jpg [12616/12616] -> "screenshots/kingpin/kingpin6s.jpg" [1]
2015-08-14 17:32:24 URL:http://www.gameaholic.com/images2/screenshots/kingpin/kingpin7.jpg?title=Kingpin [7140/7140] -> "images2/screenshots/kingpin/kingpin7.jpg?title=Kingpin.html" [1]
2015-08-14 17:32:24 URL:http://images.gameaholic.com/screenshots/kingpin/kingpin7s.jpg [13195/13195] -> "screenshots/kingpin/kingpin7s.jpg" [1]
2015-08-14 17:32:24 URL:http://www.gameaholic.com/images2/screenshots/kingpin/kingpin8.jpg?title=Kingpin [7140/7140] -> "images2/screenshots/kingpin/kingpin8.jpg?title=Kingpin.html" [1]
2015-08-14 17:32:25 URL:http://images.gameaholic.com/screenshots/kingpin/kingpin8s.jpg [11914/11914] -> "screenshots/kingpin/kingpin8s.jpg" [1]
2015-08-14 17:32:25 URL:http://www.gameaholic.com/images2/screenshots/kingpin/kingpin9.jpg?title=Kingpin [7140/7140] -> "images2/screenshots/kingpin/kingpin9.jpg?title=Kingpin.html" [1]
2015-08-14 17:32:25 URL:http://images.gameaholic.com/screenshots/kingpin/kingpin9s.jpg [2817/2817] -> "screenshots/kingpin/kingpin9s.jpg" [1]
2015-08-14 17:32:25 URL:http://www.gameaholic.com/images2/screenshots/kingpin/kingpin10.jpg?title=Kingpin [7141/7141] -> "images2/screenshots/kingpin/kingpin10.jpg?title=Kingpin.html" [1]
2015-08-14 17:32:25 URL:http://images.gameaholic.com/screenshots/kingpin/kingpin10s.jpg [2918/2918] -> "screenshots/kingpin/kingpin10s.jpg" [1]
2015-08-14 17:32:25 URL:http://www.gameaholic.com/images2/screenshots/kingpin/kingpin11.jpg?title=Kingpin [7141/7141] -> "images2/screenshots/kingpin/kingpin11.jpg?title=Kingpin.html" [1]
2015-08-14 17:32:26 URL:http://images.gameaholic.com/screenshots/kingpin/kingpin11s.jpg [2831/2831] -> "screenshots/kingpin/kingpin11s.jpg" [1]
2015-08-14 17:32:26 URL:http://www.gameaholic.com/images2/screenshots/kingpin/kingpin12.jpg?title=Kingpin [7141/7141] -> "images2/screenshots/kingpin/kingpin12.jpg?title=Kingpin.html" [1]
2015-08-14 17:32:26 URL:http://images.gameaholic.com/screenshots/kingpin/kingpin12s.jpg [3409/3409] -> "screenshots/kingpin/kingpin12s.jpg" [1]
2015-08-14 17:32:26 URL:http://www.gameaholic.com/images2/screenshots/kingpin/kingpin13.jpg?title=Kingpin [7141/7141] -> "images2/screenshots/kingpin/kingpin13.jpg?title=Kingpin.html" [1]
2015-08-14 17:32:26 URL:http://images.gameaholic.com/screenshots/kingpin/kingpin13s.jpg [2881/2881] -> "screenshots/kingpin/kingpin13s.jpg" [1]
2015-08-14 17:32:27 URL:http://www.gameaholic.com/images2/screenshots/kingpin/kingpin14.jpg?title=Kingpin [7141/7141] -> "images2/screenshots/kingpin/kingpin14.jpg?title=Kingpin.html" [1]
2015-08-14 17:32:27 URL:http://images.gameaholic.com/screenshots/kingpin/kingpin14s.jpg [7883/7883] -> "screenshots/kingpin/kingpin14s.jpg" [1]
2015-08-14 17:32:27 URL:http://www.gameaholic.com/images2/screenshots/kingpin/kingpin15.jpg?title=Kingpin [7141/7141] -> "images2/screenshots/kingpin/kingpin15.jpg?title=Kingpin.html" [1]
2015-08-14 17:32:27 URL:http://images.gameaholic.com/screenshots/kingpin/kingpin15s.jpg [1847/1847] -> "screenshots/kingpin/kingpin15s.jpg" [1]
2015-08-14 17:32:27 URL:http://www.gameaholic.com/images2/screenshots/kingpin/kingpin16.jpg?title=Kingpin [7141/7141] -> "images2/screenshots/kingpin/kingpin16.jpg?title=Kingpin.html" [1]
2015-08-14 17:32:27 URL:http://images.gameaholic.com/screenshots/kingpin/kingpin16s.jpg [7585/7585] -> "screenshots/kingpin/kingpin16s.jpg" [1]
2015-08-14 17:32:28 URL:http://www.gameaholic.com/images2/screenshots/kingpin/kingpin17.jpg?title=Kingpin [7141/7141] -> "images2/screenshots/kingpin/kingpin17.jpg?title=Kingpin.html" [1]
2015-08-14 17:32:28 URL:http://images.gameaholic.com/screenshots/kingpin/kingpin17s.jpg [2112/2112] -> "screenshots/kingpin/kingpin17s.jpg" [1]
2015-08-14 17:32:28 URL:http://www.gameaholic.com/images2/screenshots/kingpin/kingpin18.jpg?title=Kingpin [7141/7141] -> "images2/screenshots/kingpin/kingpin18.jpg?title=Kingpin.html" [1]
2015-08-14 17:32:28 URL:http://images.gameaholic.com/screenshots/kingpin/kingpin18s.jpg [2879/2879] -> "screenshots/kingpin/kingpin18s.jpg" [1]
2015-08-14 17:32:28 URL:http://www.gameaholic.com/images2/screenshots/kingpin/kingpin19.jpg?title=Kingpin [7141/7141] -> "images2/screenshots/kingpin/kingpin19.jpg?title=Kingpin.html" [1]
2015-08-14 17:32:28 URL:http://images.gameaholic.com/screenshots/kingpin/kingpin19s.jpg [7476/7476] -> "screenshots/kingpin/kingpin19s.jpg" [1]
2015-08-14 17:32:29 URL:http://www.gameaholic.com/images2/screenshots/kingpin/kingpin20.jpg?title=Kingpin [7141/7141] -> "images2/screenshots/kingpin/kingpin20.jpg?title=Kingpin.html" [1]
2015-08-14 17:32:29 URL:http://images.gameaholic.com/screenshots/kingpin/kingpin20s.jpg [7738/7738] -> "screenshots/kingpin/kingpin20s.jpg" [1]
2015-08-14 17:32:29 URL:http://www.gameaholic.com/games/mdk2/cheats/ [7557] -> "games/mdk2/cheats/index.html" [1]
2015-08-14 17:32:29 URL:http://www.gameaholic.com/images2/screenshots/mdk2/mdk1.jpg?title=MDK+2 [7123/7123] -> "images2/screenshots/mdk2/mdk1.jpg?title=MDK+2.html" [1]
2015-08-14 17:32:29 URL:http://images.gameaholic.com/screenshots/mdk2/mdk1a.jpg [8934/8934] -> "screenshots/mdk2/mdk1a.jpg" [1]
2015-08-14 17:32:30 URL:http://www.gameaholic.com/images2/screenshots/mdk2/mdk2.jpg?title=MDK+2 [7123/7123] -> "images2/screenshots/mdk2/mdk2.jpg?title=MDK+2.html" [1]
2015-08-14 17:32:30 URL:http://images.gameaholic.com/screenshots/mdk2/mdk2a.jpg [5003/5003] -> "screenshots/mdk2/mdk2a.jpg" [1]
2015-08-14 17:32:30 URL:http://www.gameaholic.com/images2/screenshots/mdk2/mdk3.jpg?title=MDK+2 [7123/7123] -> "images2/screenshots/mdk2/mdk3.jpg?title=MDK+2.html" [1]
2015-08-14 17:32:30 URL:http://images.gameaholic.com/screenshots/mdk2/mdk3a.jpg [7267/7267] -> "screenshots/mdk2/mdk3a.jpg" [1]
2015-08-14 17:32:30 URL:http://www.gameaholic.com/images2/screenshots/mdk2/mdk4.jpg?title=MDK+2 [7123/7123] -> "images2/screenshots/mdk2/mdk4.jpg?title=MDK+2.html" [1]
2015-08-14 17:32:31 URL:http://images.gameaholic.com/screenshots/mdk2/mdk4a.jpg [6909/6909] -> "screenshots/mdk2/mdk4a.jpg" [1]
2015-08-14 17:32:31 URL:http://www.gameaholic.com/images2/screenshots/mdk2/mdk5.jpg?title=MDK+2 [7123/7123] -> "images2/screenshots/mdk2/mdk5.jpg?title=MDK+2.html" [1]
2015-08-14 17:32:31 URL:http://images.gameaholic.com/screenshots/mdk2/mdk5a.jpg [7331/7331] -> "screenshots/mdk2/mdk5a.jpg" [1]
2015-08-14 17:32:31 URL:http://www.gameaholic.com/images2/screenshots/mdk2/mdk6.jpg?title=MDK+2 [7123/7123] -> "images2/screenshots/mdk2/mdk6.jpg?title=MDK+2.html" [1]
2015-08-14 17:32:31 URL:http://images.gameaholic.com/screenshots/mdk2/mdk6a.jpg [5898/5898] -> "screenshots/mdk2/mdk6a.jpg" [1]
2015-08-14 17:32:31 URL:http://www.gameaholic.com/images2/screenshots/mdk2/mdk7.jpg?title=MDK+2 [7123/7123] -> "images2/screenshots/mdk2/mdk7.jpg?title=MDK+2.html" [1]
2015-08-14 17:32:32 URL:http://images.gameaholic.com/screenshots/mdk2/mdk7a.jpg [8829/8829] -> "screenshots/mdk2/mdk7a.jpg" [1]
2015-08-14 17:32:32 URL:http://www.gameaholic.com/images2/screenshots/mdk2/mdk8.jpg?title=MDK+2 [7123/7123] -> "images2/screenshots/mdk2/mdk8.jpg?title=MDK+2.html" [1]
2015-08-14 17:32:32 URL:http://images.gameaholic.com/screenshots/mdk2/mdk8a.jpg [11530/11530] -> "screenshots/mdk2/mdk8a.jpg" [1]
2015-08-14 17:32:32 URL:http://www.gameaholic.com/images2/screenshots/mdk2/mdk9.jpg?title=MDK+2 [7123/7123] -> "images2/screenshots/mdk2/mdk9.jpg?title=MDK+2.html" [1]
2015-08-14 17:32:32 URL:http://images.gameaholic.com/screenshots/mdk2/mdk9a.jpg [7815/7815] -> "screenshots/mdk2/mdk9a.jpg" [1]
2015-08-14 17:32:33 URL:http://www.gameaholic.com/images2/screenshots/sin/sin01.jpg?title=Sin [7114/7114] -> "images2/screenshots/sin/sin01.jpg?title=Sin.html" [1]
2015-08-14 17:32:33 URL:http://images.gameaholic.com/screenshots/sin/sin01s.jpg [6461/6461] -> "screenshots/sin/sin01s.jpg" [1]
2015-08-14 17:32:33 URL:http://www.gameaholic.com/images2/screenshots/sin/sin02.jpg?title=Sin [7113/7113] -> "images2/screenshots/sin/sin02.jpg?title=Sin.html" [1]
2015-08-14 17:32:33 URL:http://images.gameaholic.com/screenshots/sin/sin02s.jpg [7338/7338] -> "screenshots/sin/sin02s.jpg" [1]
2015-08-14 17:32:33 URL:http://www.gameaholic.com/images2/screenshots/sin/sin03.jpg?title=Sin [7113/7113] -> "images2/screenshots/sin/sin03.jpg?title=Sin.html" [1]
2015-08-14 17:32:34 URL:http://images.gameaholic.com/screenshots/sin/sin03s.jpg [3555/3555] -> "screenshots/sin/sin03s.jpg" [1]
2015-08-14 17:32:34 URL:http://www.gameaholic.com/images2/screenshots/sin/sin04.jpg?title=Sin [7114/7114] -> "images2/screenshots/sin/sin04.jpg?title=Sin.html" [1]
2015-08-14 17:32:34 URL:http://images.gameaholic.com/screenshots/sin/sin04s.jpg [6535/6535] -> "screenshots/sin/sin04s.jpg" [1]
2015-08-14 17:32:34 URL:http://www.gameaholic.com/images2/screenshots/sin/sin05.jpg?title=Sin [7113/7113] -> "images2/screenshots/sin/sin05.jpg?title=Sin.html" [1]
2015-08-14 17:32:34 URL:http://images.gameaholic.com/screenshots/sin/sin05s.jpg [7619/7619] -> "screenshots/sin/sin05s.jpg" [1]
2015-08-14 17:32:34 URL:http://www.gameaholic.com/images2/screenshots/sin/sin06.jpg?title=Sin [7113/7113] -> "images2/screenshots/sin/sin06.jpg?title=Sin.html" [1]
2015-08-14 17:32:35 URL:http://images.gameaholic.com/screenshots/sin/sin06s.jpg [8847/8847] -> "screenshots/sin/sin06s.jpg" [1]
2015-08-14 17:32:35 URL:http://www.gameaholic.com/images2/screenshots/sin/sin07.jpg?title=Sin [7113/7113] -> "images2/screenshots/sin/sin07.jpg?title=Sin.html" [1]
2015-08-14 17:32:35 URL:http://images.gameaholic.com/screenshots/sin/sin07s.jpg [5884/5884] -> "screenshots/sin/sin07s.jpg" [1]
2015-08-14 17:32:35 URL:http://www.gameaholic.com/images2/screenshots/sin/sin08.jpg?title=Sin [7113/7113] -> "images2/screenshots/sin/sin08.jpg?title=Sin.html" [1]
2015-08-14 17:32:35 URL:http://images.gameaholic.com/screenshots/sin/sin08s.jpg [5142/5142] -> "screenshots/sin/sin08s.jpg" [1]
2015-08-14 17:32:36 URL:http://www.gameaholic.com/images2/screenshots/sin/sin09.jpg?title=Sin [7114/7114] -> "images2/screenshots/sin/sin09.jpg?title=Sin.html" [1]
2015-08-14 17:32:36 URL:http://images.gameaholic.com/screenshots/sin/sin09s.jpg [6333/6333] -> "screenshots/sin/sin09s.jpg" [1]
2015-08-14 17:32:36 URL:http://www.gameaholic.com/games/soldieroffortune/cheats/ [10076] -> "games/soldieroffortune/cheats/index.html" [1]
2015-08-14 17:32:36 URL:http://www.gameaholic.com/images2/screenshots/sof/sof1.jpg?title=Soldier+of+Fortune [7185/7185] -> "images2/screenshots/sof/sof1.jpg?title=Soldier+of+Fortune.html" [1]
2015-08-14 17:32:36 URL:http://images.gameaholic.com/screenshots/sof/sof1a.jpg [8031/8031] -> "screenshots/sof/sof1a.jpg" [1]
2015-08-14 17:32:36 URL:http://www.gameaholic.com/images2/screenshots/sof/sof2.jpg?title=Soldier+of+Fortune [7185/7185] -> "images2/screenshots/sof/sof2.jpg?title=Soldier+of+Fortune.html" [1]
2015-08-14 17:32:37 URL:http://images.gameaholic.com/screenshots/sof/sof2a.jpg [8100/8100] -> "screenshots/sof/sof2a.jpg" [1]
2015-08-14 17:32:37 URL:http://www.gameaholic.com/images2/screenshots/sof/sof3.jpg?title=Soldier+of+Fortune [7185/7185] -> "images2/screenshots/sof/sof3.jpg?title=Soldier+of+Fortune.html" [1]
2015-08-14 17:32:37 URL:http://images.gameaholic.com/screenshots/sof/sof3a.jpg [8699/8699] -> "screenshots/sof/sof3a.jpg" [1]
2015-08-14 17:32:37 URL:http://www.gameaholic.com/images2/screenshots/sof/sof4.jpg?title=Soldier+of+Fortune [7185/7185] -> "images2/screenshots/sof/sof4.jpg?title=Soldier+of+Fortune.html" [1]
2015-08-14 17:32:37 URL:http://images.gameaholic.com/screenshots/sof/sof4a.jpg [6938/6938] -> "screenshots/sof/sof4a.jpg" [1]
2015-08-14 17:32:38 URL:http://www.gameaholic.com/images2/screenshots/sof/sof5.jpg?title=Soldier+of+Fortune [7185/7185] -> "images2/screenshots/sof/sof5.jpg?title=Soldier+of+Fortune.html" [1]
2015-08-14 17:32:38 URL:http://images.gameaholic.com/screenshots/sof/sof5a.jpg [7945/7945] -> "screenshots/sof/sof5a.jpg" [1]
2015-08-14 17:32:38 URL:http://www.gameaholic.com/images2/screenshots/sof/sof6.jpg?title=Soldier+of+Fortune [7185/7185] -> "images2/screenshots/sof/sof6.jpg?title=Soldier+of+Fortune.html" [1]
2015-08-14 17:32:38 URL:http://images.gameaholic.com/screenshots/sof/sof6a.jpg [6647/6647] -> "screenshots/sof/sof6a.jpg" [1]
2015-08-14 17:32:38 URL:http://www.gameaholic.com/images2/screenshots/sof/sof7.jpg?title=Soldier+of+Fortune [7185/7185] -> "images2/screenshots/sof/sof7.jpg?title=Soldier+of+Fortune.html" [1]
2015-08-14 17:32:38 URL:http://images.gameaholic.com/screenshots/sof/sof7a.jpg [10535/10535] -> "screenshots/sof/sof7a.jpg" [1]
2015-08-14 17:32:39 URL:http://www.gameaholic.com/images2/screenshots/sof/sof8.jpg?title=Soldier+of+Fortune [7185/7185] -> "images2/screenshots/sof/sof8.jpg?title=Soldier+of+Fortune.html" [1]
2015-08-14 17:32:39 URL:http://images.gameaholic.com/screenshots/sof/sof8a.jpg [8857/8857] -> "screenshots/sof/sof8a.jpg" [1]
2015-08-14 17:32:39 URL:http://www.gameaholic.com/images2/screenshots/sof/sof9.jpg?title=Soldier+of+Fortune [7185/7185] -> "images2/screenshots/sof/sof9.jpg?title=Soldier+of+Fortune.html" [1]
2015-08-14 17:32:39 URL:http://images.gameaholic.com/screenshots/sof/sof9a.jpg [8367/8367] -> "screenshots/sof/sof9a.jpg" [1]
2015-08-14 17:32:39 URL:http://www.gameaholic.com/images2/screenshots/sof/sof10.jpg?title=Soldier+of+Fortune [7186/7186] -> "images2/screenshots/sof/sof10.jpg?title=Soldier+of+Fortune.html" [1]
2015-08-14 17:32:40 URL:http://images.gameaholic.com/screenshots/sof/sof10a.jpg [9276/9276] -> "screenshots/sof/sof10a.jpg" [1]
2015-08-14 17:32:40 URL:http://www.gameaholic.com/images2/screenshots/sof/sof11.jpg?title=Soldier+of+Fortune [7186/7186] -> "images2/screenshots/sof/sof11.jpg?title=Soldier+of+Fortune.html" [1]
2015-08-14 17:32:40 URL:http://images.gameaholic.com/screenshots/sof/sof11a.jpg [6572/6572] -> "screenshots/sof/sof11a.jpg" [1]
2015-08-14 17:32:40 URL:http://www.gameaholic.com/images2/screenshots/sof/sof12.jpg?title=Soldier+of+Fortune [7186/7186] -> "images2/screenshots/sof/sof12.jpg?title=Soldier+of+Fortune.html" [1]
2015-08-14 17:32:40 URL:http://images.gameaholic.com/screenshots/sof/sof12a.jpg [5814/5814] -> "screenshots/sof/sof12a.jpg" [1]
2015-08-14 17:32:41 URL:http://images.gameaholic.com/screenshots/quake/quake00.jpg [17069/17069] -> "screenshots/quake/quake00.jpg" [1]
2015-08-14 17:32:41 URL:http://www.gameaholic.com/servers/? [10842] -> "servers.html" [1]
2015-08-14 17:32:41 URL:http://images.gameaholic.com/screenshots/quake/quake03.jpg [20578/20578] -> "screenshots/quake/quake03.jpg" [1]
2015-08-14 17:32:41 URL:http://images.gameaholic.com/screenshots/quake/quake05.jpg [20072/20072] -> "screenshots/quake/quake05.jpg" [1]
2015-08-14 17:32:42 URL:http://images.gameaholic.com/screenshots/quake/quake06.jpg [13643/13643] -> "screenshots/quake/quake06.jpg" [1]
2015-08-14 17:32:42 URL:http://images.gameaholic.com/screenshots/quake/quake10.jpg [11269/11269] -> "screenshots/quake/quake10.jpg" [1]
2015-08-14 17:32:42 URL:http://www.gameaholic.com/servers/quake2/q2-public.html [13019] -> "servers/quake2/q2-public.html" [1]
2015-08-14 17:32:42 URL:http://www.gameaholic.com/images2/screenshots/quake2/quake201.jpg?title=Quake+2 [7138/7138] -> "images2/screenshots/quake2/quake201.jpg?title=Quake+2.html" [1]
2015-08-14 17:32:42 URL:http://images.gameaholic.com/screenshots/quake2/quake201s.jpg [6064/6064] -> "screenshots/quake2/quake201s.jpg" [1]
2015-08-14 17:32:43 URL:http://www.gameaholic.com/images2/screenshots/quake2/quake202.jpg?title=Quake+2 [7139/7139] -> "images2/screenshots/quake2/quake202.jpg?title=Quake+2.html" [1]
2015-08-14 17:32:43 URL:http://images.gameaholic.com/screenshots/quake2/quake202s.jpg [5734/5734] -> "screenshots/quake2/quake202s.jpg" [1]
2015-08-14 17:32:43 URL:http://www.gameaholic.com/images2/screenshots/quake2/quake203.jpg?title=Quake+2 [7139/7139] -> "images2/screenshots/quake2/quake203.jpg?title=Quake+2.html" [1]
2015-08-14 17:32:43 URL:http://images.gameaholic.com/screenshots/quake2/quake203s.jpg [7544/7544] -> "screenshots/quake2/quake203s.jpg" [1]
2015-08-14 17:32:43 URL:http://www.gameaholic.com/images2/screenshots/quake2/quake204.jpg?title=Quake+2 [7139/7139] -> "images2/screenshots/quake2/quake204.jpg?title=Quake+2.html" [1]
2015-08-14 17:32:43 URL:http://images.gameaholic.com/screenshots/quake2/quake204s.jpg [6206/6206] -> "screenshots/quake2/quake204s.jpg" [1]
2015-08-14 17:32:44 URL:http://www.gameaholic.com/images2/screenshots/quake2/quake205.jpg?title=Quake+2 [7139/7139] -> "images2/screenshots/quake2/quake205.jpg?title=Quake+2.html" [1]
2015-08-14 17:32:44 URL:http://images.gameaholic.com/screenshots/quake2/quake205s.jpg [7907/7907] -> "screenshots/quake2/quake205s.jpg" [1]
2015-08-14 17:32:44 URL:http://www.gameaholic.com/images2/screenshots/quake2/quake206.jpg?title=Quake+2 [7139/7139] -> "images2/screenshots/quake2/quake206.jpg?title=Quake+2.html" [1]
2015-08-14 17:32:44 URL:http://images.gameaholic.com/screenshots/quake2/quake206s.jpg [6729/6729] -> "screenshots/quake2/quake206s.jpg" [1]
2015-08-14 17:32:44 URL:http://www.gameaholic.com/images2/screenshots/quake2/quake207.jpg?title=Quake+2 [7139/7139] -> "images2/screenshots/quake2/quake207.jpg?title=Quake+2.html" [1]
2015-08-14 17:32:45 URL:http://images.gameaholic.com/screenshots/quake2/quake207s.jpg [5749/5749] -> "screenshots/quake2/quake207s.jpg" [1]
2015-08-14 17:32:45 URL:http://www.gameaholic.com/images2/screenshots/quake2/quake208.jpg?title=Quake+2 [7139/7139] -> "images2/screenshots/quake2/quake208.jpg?title=Quake+2.html" [1]
2015-08-14 17:32:45 URL:http://images.gameaholic.com/screenshots/quake2/quake208s.jpg [5655/5655] -> "screenshots/quake2/quake208s.jpg" [1]
2015-08-14 17:32:45 URL:http://www.gameaholic.com/images2/screenshots/quake2/quake209.jpg?title=Quake+2 [7139/7139] -> "images2/screenshots/quake2/quake209.jpg?title=Quake+2.html" [1]
2015-08-14 17:32:45 URL:http://images.gameaholic.com/screenshots/quake2/quake209s.jpg [6357/6357] -> "screenshots/quake2/quake209s.jpg" [1]
2015-08-14 17:32:45 URL:http://www.gameaholic.com/games/quake3/console/ [11214] -> "games/quake3/console/index.html" [1]
No data received.
2015-08-14 17:32:47 URL:http://www.gameaholic.com/games/quake3/q3test/ [7365] -> "games/quake3/q3test/index.html" [2]
2015-08-14 17:32:47 URL:http://www.gameaholic.com/images2/screenshots/quake3/quake3b1.jpg?title=Quake+3+Arena [7162/7162] -> "images2/screenshots/quake3/quake3b1.jpg?title=Quake+3+Arena.html" [1]
2015-08-14 17:32:47 URL:http://images.gameaholic.com/screenshots/quake3/quake3b1s.jpg [13800/13800] -> "screenshots/quake3/quake3b1s.jpg" [1]
2015-08-14 17:32:47 URL:http://www.gameaholic.com/images2/screenshots/quake3/quake3b2.jpg?title=Quake+3+Arena [7162/7162] -> "images2/screenshots/quake3/quake3b2.jpg?title=Quake+3+Arena.html" [1]
2015-08-14 17:32:47 URL:http://images.gameaholic.com/screenshots/quake3/quake3b2s.jpg [10633/10633] -> "screenshots/quake3/quake3b2s.jpg" [1]
2015-08-14 17:32:48 URL:http://www.gameaholic.com/images2/screenshots/quake3/quake3b3.jpg?title=Quake+3+Arena [7162/7162] -> "images2/screenshots/quake3/quake3b3.jpg?title=Quake+3+Arena.html" [1]
2015-08-14 17:32:48 URL:http://images.gameaholic.com/screenshots/quake3/quake3b3s.jpg [12919/12919] -> "screenshots/quake3/quake3b3s.jpg" [1]
2015-08-14 17:32:48 URL:http://www.gameaholic.com/images2/screenshots/quake3/quake3b4.jpg?title=Quake+3+Arena [7162/7162] -> "images2/screenshots/quake3/quake3b4.jpg?title=Quake+3+Arena.html" [1]
2015-08-14 17:32:48 URL:http://images.gameaholic.com/screenshots/quake3/quake3b4s.jpg [11433/11433] -> "screenshots/quake3/quake3b4s.jpg" [1]
2015-08-14 17:32:48 URL:http://www.gameaholic.com/images2/screenshots/quake3/quake3b5.jpg?title=Quake+3+Arena [7162/7162] -> "images2/screenshots/quake3/quake3b5.jpg?title=Quake+3+Arena.html" [1]
2015-08-14 17:32:49 URL:http://images.gameaholic.com/screenshots/quake3/quake3b5s.jpg [12866/12866] -> "screenshots/quake3/quake3b5s.jpg" [1]
2015-08-14 17:32:49 URL:http://www.gameaholic.com/images2/screenshots/quake3/quake3b6.jpg?title=Quake+3+Arena [7162/7162] -> "images2/screenshots/quake3/quake3b6.jpg?title=Quake+3+Arena.html" [1]
2015-08-14 17:32:49 URL:http://images.gameaholic.com/screenshots/quake3/quake3b6s.jpg [11829/11829] -> "screenshots/quake3/quake3b6s.jpg" [1]
2015-08-14 17:32:49 URL:http://www.gameaholic.com/images2/screenshots/quake3/quake3b7.jpg?title=Quake+3+Arena [7162/7162] -> "images2/screenshots/quake3/quake3b7.jpg?title=Quake+3+Arena.html" [1]
2015-08-14 17:32:49 URL:http://images.gameaholic.com/screenshots/quake3/quake3b7s.jpg [10817/10817] -> "screenshots/quake3/quake3b7s.jpg" [1]
2015-08-14 17:32:49 URL:http://www.gameaholic.com/images2/screenshots/quake3/quake3b8.jpg?title=Quake+3+Arena [7162/7162] -> "images2/screenshots/quake3/quake3b8.jpg?title=Quake+3+Arena.html" [1]
2015-08-14 17:32:50 URL:http://images.gameaholic.com/screenshots/quake3/quake3b8s.jpg [9114/9114] -> "screenshots/quake3/quake3b8s.jpg" [1]
2015-08-14 17:32:50 URL:http://www.gameaholic.com/images2/screenshots/quake3/quake3b9.jpg?title=Quake+3+Arena [7162/7162] -> "images2/screenshots/quake3/quake3b9.jpg?title=Quake+3+Arena.html" [1]
2015-08-14 17:32:50 URL:http://images.gameaholic.com/screenshots/quake3/quake3b9s.jpg [10860/10860] -> "screenshots/quake3/quake3b9s.jpg" [1]
2015-08-14 17:32:50 URL:http://www.gameaholic.com/images2/screenshots/quake3/quake3a1.jpg?title=Quake+3+Arena [7162/7162] -> "images2/screenshots/quake3/quake3a1.jpg?title=Quake+3+Arena.html" [1]
2015-08-14 17:32:50 URL:http://images.gameaholic.com/screenshots/quake3/quake3a1s.jpg [7999/7999] -> "screenshots/quake3/quake3a1s.jpg" [1]
2015-08-14 17:32:51 URL:http://www.gameaholic.com/images2/screenshots/quake3/quake3a2.jpg?title=Quake+3+Arena [7162/7162] -> "images2/screenshots/quake3/quake3a2.jpg?title=Quake+3+Arena.html" [1]
2015-08-14 17:32:51 URL:http://images.gameaholic.com/screenshots/quake3/quake3a2s.jpg [7774/7774] -> "screenshots/quake3/quake3a2s.jpg" [1]
2015-08-14 17:32:51 URL:http://www.gameaholic.com/images2/screenshots/quake3/quake3a3.jpg?title=Quake+3+Arena [7162/7162] -> "images2/screenshots/quake3/quake3a3.jpg?title=Quake+3+Arena.html" [1]
2015-08-14 17:32:51 URL:http://images.gameaholic.com/screenshots/quake3/quake3a3s.jpg [9760/9760] -> "screenshots/quake3/quake3a3s.jpg" [1]
2015-08-14 17:32:51 URL:http://www.gameaholic.com/images2/screenshots/quake3/quake3a4.jpg?title=Quake+3+Arena [7162/7162] -> "images2/screenshots/quake3/quake3a4.jpg?title=Quake+3+Arena.html" [1]
2015-08-14 17:32:51 URL:http://images.gameaholic.com/screenshots/quake3/quake3a4s.jpg [9123/9123] -> "screenshots/quake3/quake3a4s.jpg" [1]
2015-08-14 17:32:52 URL:http://www.gameaholic.com/images2/screenshots/quake3/quake3a5.jpg?title=Quake+3+Arena [7162/7162] -> "images2/screenshots/quake3/quake3a5.jpg?title=Quake+3+Arena.html" [1]
2015-08-14 17:32:52 URL:http://images.gameaholic.com/screenshots/quake3/quake3a5s.jpg [8536/8536] -> "screenshots/quake3/quake3a5s.jpg" [1]
2015-08-14 17:32:52 URL:http://www.gameaholic.com/images2/screenshots/quake3/quake31.jpg?title=Quake+3+Arena [7161/7161] -> "images2/screenshots/quake3/quake31.jpg?title=Quake+3+Arena.html" [1]
2015-08-14 17:32:52 URL:http://images.gameaholic.com/screenshots/quake3/quake31s.jpg [10162/10162] -> "screenshots/quake3/quake31s.jpg" [1]
2015-08-14 17:32:52 URL:http://www.gameaholic.com/images2/screenshots/quake3/quake32.jpg?title=Quake+3+Arena [7161/7161] -> "images2/screenshots/quake3/quake32.jpg?title=Quake+3+Arena.html" [1]
2015-08-14 17:32:53 URL:http://images.gameaholic.com/screenshots/quake3/quake32s.jpg [7284/7284] -> "screenshots/quake3/quake32s.jpg" [1]
2015-08-14 17:32:53 URL:http://www.gameaholic.com/images2/screenshots/quake3/quake33.jpg?title=Quake+3+Arena [7161/7161] -> "images2/screenshots/quake3/quake33.jpg?title=Quake+3+Arena.html" [1]
2015-08-14 17:32:53 URL:http://images.gameaholic.com/screenshots/quake3/quake33s.jpg [8121/8121] -> "screenshots/quake3/quake33s.jpg" [1]
2015-08-14 17:32:53 URL:http://www.gameaholic.com/images2/screenshots/quake3/quake34.jpg?title=Quake+3+Arena [7161/7161] -> "images2/screenshots/quake3/quake34.jpg?title=Quake+3+Arena.html" [1]
2015-08-14 17:32:53 URL:http://images.gameaholic.com/screenshots/quake3/quake34s.jpg [10996/10996] -> "screenshots/quake3/quake34s.jpg" [1]
2015-08-14 17:32:53 URL:http://www.gameaholic.com/images2/screenshots/quake3/quake35.jpg?title=Quake+3+Arena [7161/7161] -> "images2/screenshots/quake3/quake35.jpg?title=Quake+3+Arena.html" [1]
2015-08-14 17:32:54 URL:http://images.gameaholic.com/screenshots/quake3/quake35s.jpg [5135/5135] -> "screenshots/quake3/quake35s.jpg" [1]
2015-08-14 17:32:54 URL:http://www.gameaholic.com/images2/screenshots/unrealtournament/unrealtournament01.jpg?title=Unreal+Tournament [7208/7208] -> "images2/screenshots/unrealtournament/unrealtournament01.jpg?title=Unreal+Tournament.html" [1]
2015-08-14 17:32:54 URL:http://images.gameaholic.com/screenshots/unrealtournament/unrealtournament01s.jpg [10110/10110] -> "screenshots/unrealtournament/unrealtournament01s.jpg" [1]
2015-08-14 17:32:54 URL:http://www.gameaholic.com/images2/screenshots/unrealtournament/unrealtournament02.jpg?title=Unreal+Tournament+(CTF) [7232/7232] -> "images2/screenshots/unrealtournament/unrealtournament02.jpg?title=Unreal+Tournament+(CTF).html" [1]
2015-08-14 17:32:54 URL:http://images.gameaholic.com/screenshots/unrealtournament/unrealtournament02s.jpg [7600/7600] -> "screenshots/unrealtournament/unrealtournament02s.jpg" [1]
2015-08-14 17:32:55 URL:http://www.gameaholic.com/images2/screenshots/unrealtournament/unrealtournament03.jpg?title=Unreal+Tournament [7208/7208] -> "images2/screenshots/unrealtournament/unrealtournament03.jpg?title=Unreal+Tournament.html" [1]
2015-08-14 17:32:55 URL:http://images.gameaholic.com/screenshots/unrealtournament/unrealtournament03s.jpg [10950/10950] -> "screenshots/unrealtournament/unrealtournament03s.jpg" [1]
2015-08-14 17:32:55 URL:http://www.gameaholic.com/images2/screenshots/unrealtournament/unrealtournament04.jpg?title=Unreal+Tournament+(CTF) [7232/7232] -> "images2/screenshots/unrealtournament/unrealtournament04.jpg?title=Unreal+Tournament+(CTF).html" [1]
2015-08-14 17:32:55 URL:http://images.gameaholic.com/screenshots/unrealtournament/unrealtournament04s.jpg [9074/9074] -> "screenshots/unrealtournament/unrealtournament04s.jpg" [1]
2015-08-14 17:32:55 URL:http://www.gameaholic.com/images2/screenshots/unrealtournament/unrealtournament05.jpg?title=Unreal+Tournament [7208/7208] -> "images2/screenshots/unrealtournament/unrealtournament05.jpg?title=Unreal+Tournament.html" [1]
2015-08-14 17:32:55 URL:http://images.gameaholic.com/screenshots/unrealtournament/unrealtournament05s.jpg [7830/7830] -> "screenshots/unrealtournament/unrealtournament05s.jpg" [1]
2015-08-14 17:32:56 URL:http://www.gameaholic.com/images2/screenshots/unrealtournament/unrealtournament06.jpg?title=Unreal+Tournament [7208/7208] -> "images2/screenshots/unrealtournament/unrealtournament06.jpg?title=Unreal+Tournament.html" [1]
2015-08-14 17:32:56 URL:http://images.gameaholic.com/screenshots/unrealtournament/unrealtournament06s.jpg [7377/7377] -> "screenshots/unrealtournament/unrealtournament06s.jpg" [1]
2015-08-14 17:32:56 URL:http://www.gameaholic.com/images2/screenshots/unrealtournament/unrealtournament07.jpg?title=Unreal+Tournament [7208/7208] -> "images2/screenshots/unrealtournament/unrealtournament07.jpg?title=Unreal+Tournament.html" [1]
2015-08-14 17:32:56 URL:http://images.gameaholic.com/screenshots/unrealtournament/unrealtournament07s.jpg [9230/9230] -> "screenshots/unrealtournament/unrealtournament07s.jpg" [1]
2015-08-14 17:32:56 URL:http://www.gameaholic.com/images2/screenshots/unrealtournament/unrealtournament08.jpg?title=Unreal+Tournament [7208/7208] -> "images2/screenshots/unrealtournament/unrealtournament08.jpg?title=Unreal+Tournament.html" [1]
2015-08-14 17:32:57 URL:http://images.gameaholic.com/screenshots/unrealtournament/unrealtournament08s.jpg [8423/8423] -> "screenshots/unrealtournament/unrealtournament08s.jpg" [1]
2015-08-14 17:32:57 URL:http://www.gameaholic.com/images2/screenshots/unrealtournament/unrealtournament09.jpg?title=Unreal+Tournament [7208/7208] -> "images2/screenshots/unrealtournament/unrealtournament09.jpg?title=Unreal+Tournament.html" [1]
2015-08-14 17:32:57 URL:http://images.gameaholic.com/screenshots/unrealtournament/unrealtournament09s.jpg [8145/8145] -> "screenshots/unrealtournament/unrealtournament09s.jpg" [1]
2015-08-14 17:32:57 URL:http://www.gameaholic.com/images2/screenshots/unrealtournament/unrealtournament10.jpg?title=Unreal+Tournament [7208/7208] -> "images2/screenshots/unrealtournament/unrealtournament10.jpg?title=Unreal+Tournament.html" [1]
2015-08-14 17:32:57 URL:http://images.gameaholic.com/screenshots/unrealtournament/unrealtournament10s.jpg [7670/7670] -> "screenshots/unrealtournament/unrealtournament10s.jpg" [1]
2015-08-14 17:32:58 URL:http://www.gameaholic.com/images2/screenshots/unrealtournament/unrealtournament11.jpg?title=Unreal+Tournament [7208/7208] -> "images2/screenshots/unrealtournament/unrealtournament11.jpg?title=Unreal+Tournament.html" [1]
2015-08-14 17:32:58 URL:http://images.gameaholic.com/screenshots/unrealtournament/unrealtournament11s.jpg [9858/9858] -> "screenshots/unrealtournament/unrealtournament11s.jpg" [1]
2015-08-14 17:32:58 URL:http://www.gameaholic.com/images2/screenshots/unrealtournament/unrealtournament12.jpg?title=Unreal+Tournament+(CTF) [7232/7232] -> "images2/screenshots/unrealtournament/unrealtournament12.jpg?title=Unreal+Tournament+(CTF).html" [1]
2015-08-14 17:32:58 URL:http://images.gameaholic.com/screenshots/unrealtournament/unrealtournament12s.jpg [8291/8291] -> "screenshots/unrealtournament/unrealtournament12s.jpg" [1]
2015-08-14 17:32:58 URL:http://www.gameaholic.com/games/wolfenstein/cheats/ [7690] -> "games/wolfenstein/cheats/index.html" [1]
2015-08-14 17:32:58 URL:http://www.gameaholic.com/images2/screenshots/rtcw/screenshot_01.jpg?title=Return+To+Castle+Wolfenstein [7230/7230] -> "images2/screenshots/rtcw/screenshot_01.jpg?title=Return+To+Castle+Wolfenstein.html" [1]
2015-08-14 17:32:59 URL:http://images.gameaholic.com/screenshots/rtcw/screenshot_01s.jpg [6389/6389] -> "screenshots/rtcw/screenshot_01s.jpg" [1]
2015-08-14 17:32:59 URL:http://www.gameaholic.com/images2/screenshots/rtcw/screenshot_02.jpg?title=Return+To+Castle+Wolfenstein [7230/7230] -> "images2/screenshots/rtcw/screenshot_02.jpg?title=Return+To+Castle+Wolfenstein.html" [1]
2015-08-14 17:32:59 URL:http://images.gameaholic.com/screenshots/rtcw/screenshot_02s.jpg [7931/7931] -> "screenshots/rtcw/screenshot_02s.jpg" [1]
2015-08-14 17:32:59 URL:http://www.gameaholic.com/images2/screenshots/rtcw/screenshot_03.jpg?title=Return+To+Castle+Wolfenstein [7230/7230] -> "images2/screenshots/rtcw/screenshot_03.jpg?title=Return+To+Castle+Wolfenstein.html" [1]
2015-08-14 17:32:59 URL:http://images.gameaholic.com/screenshots/rtcw/screenshot_03s.jpg [3957/3957] -> "screenshots/rtcw/screenshot_03s.jpg" [1]
2015-08-14 17:33:00 URL:http://www.gameaholic.com/images2/screenshots/rtcw/screenshot_04.jpg?title=Return+To+Castle+Wolfenstein [7230/7230] -> "images2/screenshots/rtcw/screenshot_04.jpg?title=Return+To+Castle+Wolfenstein.html" [1]
2015-08-14 17:33:00 URL:http://images.gameaholic.com/screenshots/rtcw/screenshot_04s.jpg [8277/8277] -> "screenshots/rtcw/screenshot_04s.jpg" [1]
2015-08-14 17:33:00 URL:http://www.gameaholic.com/images2/screenshots/rtcw/screenshot_05.jpg?title=Return+To+Castle+Wolfenstein [7230/7230] -> "images2/screenshots/rtcw/screenshot_05.jpg?title=Return+To+Castle+Wolfenstein.html" [1]
2015-08-14 17:33:00 URL:http://images.gameaholic.com/screenshots/rtcw/screenshot_05s.jpg [7867/7867] -> "screenshots/rtcw/screenshot_05s.jpg" [1]
2015-08-14 17:33:00 URL:http://www.gameaholic.com/images2/screenshots/rtcw/screenshot_06.jpg?title=Return+To+Castle+Wolfenstein [7230/7230] -> "images2/screenshots/rtcw/screenshot_06.jpg?title=Return+To+Castle+Wolfenstein.html" [1]
2015-08-14 17:33:01 URL:http://images.gameaholic.com/screenshots/rtcw/screenshot_06s.jpg [8940/8940] -> "screenshots/rtcw/screenshot_06s.jpg" [1]
2015-08-14 17:33:01 URL:http://www.gameaholic.com/images2/screenshots/rtcw/screenshot_07.jpg?title=Return+To+Castle+Wolfenstein [7230/7230] -> "images2/screenshots/rtcw/screenshot_07.jpg?title=Return+To+Castle+Wolfenstein.html" [1]
2015-08-14 17:33:01 URL:http://images.gameaholic.com/screenshots/rtcw/screenshot_07s.jpg [7102/7102] -> "screenshots/rtcw/screenshot_07s.jpg" [1]
2015-08-14 17:33:01 URL:http://www.gameaholic.com/images2/screenshots/rtcw/screenshot_08.jpg?title=Return+To+Castle+Wolfenstein [7230/7230] -> "images2/screenshots/rtcw/screenshot_08.jpg?title=Return+To+Castle+Wolfenstein.html" [1]
2015-08-14 17:33:01 URL:http://images.gameaholic.com/screenshots/rtcw/screenshot_08s.jpg [8527/8527] -> "screenshots/rtcw/screenshot_08s.jpg" [1]
2015-08-14 17:33:01 URL:http://www.gameaholic.com/images2/screenshots/rtcw/screenshot_09.jpg?title=Return+To+Castle+Wolfenstein [7230/7230] -> "images2/screenshots/rtcw/screenshot_09.jpg?title=Return+To+Castle+Wolfenstein.html" [1]
2015-08-14 17:33:02 URL:http://images.gameaholic.com/screenshots/rtcw/screenshot_09s.jpg [7445/7445] -> "screenshots/rtcw/screenshot_09s.jpg" [1]
2015-08-14 17:33:02 URL:http://www.gameaholic.com/images2/screenshots/rtcw/screenshot_10.jpg?title=Return+To+Castle+Wolfenstein [7230/7230] -> "images2/screenshots/rtcw/screenshot_10.jpg?title=Return+To+Castle+Wolfenstein.html" [1]
2015-08-14 17:33:02 URL:http://images.gameaholic.com/screenshots/rtcw/screenshot_10s.jpg [5970/5970] -> "screenshots/rtcw/screenshot_10s.jpg" [1]
2015-08-14 17:33:02 URL:http://www.gameaholic.com/images2/screenshots/rtcw/screenshot_11.jpg?title=Return+To+Castle+Wolfenstein [7230/7230] -> "images2/screenshots/rtcw/screenshot_11.jpg?title=Return+To+Castle+Wolfenstein.html" [1]
2015-08-14 17:33:02 URL:http://images.gameaholic.com/screenshots/rtcw/screenshot_11s.jpg [5614/5614] -> "screenshots/rtcw/screenshot_11s.jpg" [1]
2015-08-14 17:33:03 URL:http://www.gameaholic.com/images2/screenshots/rtcw/screenshot_12.jpg?title=Return+To+Castle+Wolfenstein [7230/7230] -> "images2/screenshots/rtcw/screenshot_12.jpg?title=Return+To+Castle+Wolfenstein.html" [1]
2015-08-14 17:33:03 URL:http://images.gameaholic.com/screenshots/rtcw/screenshot_12s.jpg [7542/7542] -> "screenshots/rtcw/screenshot_12s.jpg" [1]
2015-08-14 17:33:03 URL:http://www.gameaholic.com/images2/screenshots/rtcw/screenshot_13.jpg?title=Return+To+Castle+Wolfenstein [7230/7230] -> "images2/screenshots/rtcw/screenshot_13.jpg?title=Return+To+Castle+Wolfenstein.html" [1]
2015-08-14 17:33:03 URL:http://images.gameaholic.com/screenshots/rtcw/screenshot_13s.jpg [5708/5708] -> "screenshots/rtcw/screenshot_13s.jpg" [1]
2015-08-14 17:33:03 URL:http://www.gameaholic.com/images2/screenshots/rtcw/screenshot_14.jpg?title=Return+To+Castle+Wolfenstein [7230/7230] -> "images2/screenshots/rtcw/screenshot_14.jpg?title=Return+To+Castle+Wolfenstein.html" [1]
2015-08-14 17:33:03 URL:http://images.gameaholic.com/screenshots/rtcw/screenshot_14s.jpg [4902/4902] -> "screenshots/rtcw/screenshot_14s.jpg" [1]
2015-08-14 17:33:04 URL:http://www.gameaholic.com/images2/screenshots/rtcw/screenshot_15.jpg?title=Return+To+Castle+Wolfenstein [7230/7230] -> "images2/screenshots/rtcw/screenshot_15.jpg?title=Return+To+Castle+Wolfenstein.html" [1]
2015-08-14 17:33:04 URL:http://images.gameaholic.com/screenshots/rtcw/screenshot_15s.jpg [6014/6014] -> "screenshots/rtcw/screenshot_15s.jpg" [1]
2015-08-14 17:33:04 URL:http://www.gameaholic.com/addons/qplug/ [7794] -> "addons/qplug/index.html" [1]
2015-08-14 17:33:04 URL:http://images.gameaholic.com/screenshots/quakeworld/qworld2.jpg [33129/33129] -> "screenshots/quakeworld/qworld2.jpg" [1]
2015-08-14 17:33:05 URL:http://images.gameaholic.com/screenshots/quakeworld/qworld1.jpg [20388/20388] -> "screenshots/quakeworld/qworld1.jpg" [1]
2015-08-14 17:33:05 URL:http://images.gameaholic.com/screenshots/opengl/quake.jpg [12188/12188] -> "screenshots/opengl/quake.jpg" [1]
2015-08-14 17:33:05 URL:http://images.gameaholic.com/screenshots/opengl/hexen2.jpg [13469/13469] -> "screenshots/opengl/hexen2.jpg" [1]
2015-08-14 17:33:06 URL:http://www.gameaholic.com/files/tweek.zip [110344/110344] -> "files/tweek.zip" [1]
2015-08-14 17:33:06 URL:http://www.gameaholic.com/images2/screenshots/macquake/mac1.jpg?title=Mac+Quake [7152/7152] -> "images2/screenshots/macquake/mac1.jpg?title=Mac+Quake.html" [1]
2015-08-14 17:33:06 URL:http://images.gameaholic.com/screenshots/macquake/mac1s.jpg [6813/6813] -> "screenshots/macquake/mac1s.jpg" [1]
2015-08-14 17:33:06 URL:http://www.gameaholic.com/images2/screenshots/macquake/mac2.jpg?title=Mac+Quake [7152/7152] -> "images2/screenshots/macquake/mac2.jpg?title=Mac+Quake.html" [1]
2015-08-14 17:33:06 URL:http://images.gameaholic.com/screenshots/macquake/mac2s.jpg [5423/5423] -> "screenshots/macquake/mac2s.jpg" [1]
2015-08-14 17:33:06 URL:http://www.gameaholic.com/images2/screenshots/macquake/mac3.jpg?title=Mac+Quake [7152/7152] -> "images2/screenshots/macquake/mac3.jpg?title=Mac+Quake.html" [1]
2015-08-14 17:33:07 URL:http://images.gameaholic.com/screenshots/macquake/mac3s.jpg [7071/7071] -> "screenshots/macquake/mac3s.jpg" [1]
2015-08-14 17:33:07 URL:http://www.gameaholic.com/images2/screenshots/macquake/mac4.jpg?title=Mac+Quake [7152/7152] -> "images2/screenshots/macquake/mac4.jpg?title=Mac+Quake.html" [1]
2015-08-14 17:33:07 URL:http://images.gameaholic.com/screenshots/macquake/mac4s.jpg [6197/6197] -> "screenshots/macquake/mac4s.jpg" [1]
2015-08-14 17:33:07 URL:http://www.gameaholic.com/images2/screenshots/macquake/mac5.jpg?title=Mac+Quake [7152/7152] -> "images2/screenshots/macquake/mac5.jpg?title=Mac+Quake.html" [1]
2015-08-14 17:33:07 URL:http://images.gameaholic.com/screenshots/macquake/mac5s.jpg [5042/5042] -> "screenshots/macquake/mac5s.jpg" [1]
2015-08-14 17:33:08 URL:http://www.gameaholic.com/images2/screenshots/macquake/mac6.jpg?title=Mac+Quake [7152/7152] -> "images2/screenshots/macquake/mac6.jpg?title=Mac+Quake.html" [1]
2015-08-14 17:33:08 URL:http://images.gameaholic.com/screenshots/macquake/mac6s.jpg [5462/5462] -> "screenshots/macquake/mac6s.jpg" [1]
2015-08-14 17:33:08 URL:http://www.gameaholic.com/images2/screenshots/macquake/mac7.jpg?title=Mac+Quake [7152/7152] -> "images2/screenshots/macquake/mac7.jpg?title=Mac+Quake.html" [1]
2015-08-14 17:33:08 URL:http://images.gameaholic.com/screenshots/macquake/mac7s.jpg [6842/6842] -> "screenshots/macquake/mac7s.jpg" [1]
2015-08-14 17:33:08 URL:http://www.gameaholic.com/images2/screenshots/macquake/mac8.jpg?title=Mac+Quake [7152/7152] -> "images2/screenshots/macquake/mac8.jpg?title=Mac+Quake.html" [1]
2015-08-14 17:33:08 URL:http://images.gameaholic.com/screenshots/macquake/mac8s.jpg [7563/7563] -> "screenshots/macquake/mac8s.jpg" [1]
2015-08-14 17:33:09 URL:http://www.gameaholic.com/images2/screenshots/macquake/mac9.jpg?title=Mac+Quake [7152/7152] -> "images2/screenshots/macquake/mac9.jpg?title=Mac+Quake.html" [1]
2015-08-14 17:33:09 URL:http://images.gameaholic.com/screenshots/macquake/mac9s.jpg [5322/5322] -> "screenshots/macquake/mac9s.jpg" [1]
2015-08-14 17:33:09 URL:http://www.gameaholic.com/servers/search/? [16877] -> "cgi-bin/serversearch.cgi.html" [1]
http://www.gameaholic.com/cgi-bin/bbs/bbs_forum.cgi?forum=f9:
2015-08-14 17:33:10 ERROR 404: Not Found.
http://www.gameaholic.com/q-qctf.htm:
2015-08-14 17:33:10 ERROR 404: Not Found.
2015-08-14 17:33:10 URL:http://www.gameaholic.com/servers/quakeworld/0/?SortBy=IP [9075] -> "servers/quakeworld/0/index.html?SortBy=IP.html" [1]
2015-08-14 17:33:10 URL:http://www.gameaholic.com/servers/quakeworld/0/?SortBy=Ping [9075] -> "servers/quakeworld/0/index.html?SortBy=Ping.html" [1]
2015-08-14 17:33:11 URL:http://www.gameaholic.com/servers/quakeworld/0/?SortBy=NumPlayers [9075] -> "servers/quakeworld/0/index.html?SortBy=NumPlayers.html" [1]
2015-08-14 17:33:11 URL:http://www.gameaholic.com/servers/quakeworld/0/?SortBy=MaxPlayers [9075] -> "servers/quakeworld/0/index.html?SortBy=MaxPlayers.html" [1]
2015-08-14 17:33:11 URL:http://www.gameaholic.com/servers/quakeworld/0/?SortBy=MapName [9075] -> "servers/quakeworld/0/index.html?SortBy=MapName.html" [1]
2015-08-14 17:33:11 URL:http://www.gameaholic.com/servers/quakeworld/0/?SortBy=ServerName [9075] -> "servers/quakeworld/0/index.html?SortBy=ServerName.html" [1]
2015-08-14 17:33:11 URL:http://www.gameaholic.com/serverstatus/qws/74.86.171.201/ [7731/7731] -> "serverstatus/qws/74.86.171.201/index.html" [1]
2015-08-14 17:33:12 URL:http://www.gameaholic.com/servers/quake2/0/?SortBy=IP [13019] -> "servers/quake2/0/index.html?SortBy=IP.html" [1]
2015-08-14 17:33:12 URL:http://www.gameaholic.com/servers/quake2/0/?SortBy=Ping [13019] -> "servers/quake2/0/index.html?SortBy=Ping.html" [1]
2015-08-14 17:33:12 URL:http://www.gameaholic.com/servers/quake2/0/?SortBy=NumPlayers [13019] -> "servers/quake2/0/index.html?SortBy=NumPlayers.html" [1]
2015-08-14 17:33:12 URL:http://www.gameaholic.com/servers/quake2/0/?SortBy=MaxPlayers [13019] -> "servers/quake2/0/index.html?SortBy=MaxPlayers.html" [1]
2015-08-14 17:33:12 URL:http://www.gameaholic.com/servers/quake2/0/?SortBy=MapName [13019] -> "servers/quake2/0/index.html?SortBy=MapName.html" [1]
2015-08-14 17:33:12 URL:http://www.gameaholic.com/servers/quake2/0/?SortBy=ServerName [13019] -> "servers/quake2/0/index.html?SortBy=ServerName.html" [1]
2015-08-14 17:33:13 URL:http://www.gameaholic.com/serverstatus/q2s/74.86.171.200:27925/ [8036] -> "serverstatus/q2s/74.86.171.200:27925/index.html" [1]
2015-08-14 17:33:13 URL:http://www.gameaholic.com/serverstatus/q2s/74.86.171.200:27929/ [7920/7920] -> "serverstatus/q2s/74.86.171.200:27929/index.html" [1]
2015-08-14 17:33:13 URL:http://www.gameaholic.com/serverstatus/q2s/74.86.171.203/ [8069] -> "serverstatus/q2s/74.86.171.203/index.html" [1]
2015-08-14 17:33:13 URL:http://www.gameaholic.com/serverstatus/q2s/173.192.216.18:27914/ [8047] -> "serverstatus/q2s/173.192.216.18:27914/index.html" [1]
2015-08-14 17:33:14 URL:http://www.gameaholic.com/serverstatus/q2s/194.109.69.80/ [7720/7720] -> "serverstatus/q2s/194.109.69.80/index.html" [1]
2015-08-14 17:33:14 URL:http://www.gameaholic.com/serverstatus/q2s/173.192.216.18/ [8038] -> "serverstatus/q2s/173.192.216.18/index.html" [1]
2015-08-14 17:33:16 URL:http://www.gameaholic.com/serverstatus/q2s/24.63.162.49/ [6970/6970] -> "serverstatus/q2s/24.63.162.49/index.html" [1]
2015-08-14 17:33:16 URL:http://www.gameaholic.com/serverstatus/q2s/69.9.168.4:27930/ [8027] -> "serverstatus/q2s/69.9.168.4:27930/index.html" [1]
2015-08-14 17:33:17 URL:http://www.gameaholic.com/serverstatus/q2s/212.59.18.25/ [7724/7724] -> "serverstatus/q2s/212.59.18.25/index.html" [1]
2015-08-14 17:33:17 URL:http://www.gameaholic.com/serverstatus/q2s/173.192.216.18:27920/ [8044] -> "serverstatus/q2s/173.192.216.18:27920/index.html" [1]
2015-08-14 17:33:17 URL:http://www.gameaholic.com/serverstatus/q2s/194.109.69.83/ [7739/7739] -> "serverstatus/q2s/194.109.69.83/index.html" [1]
2015-08-14 17:33:17 URL:http://www.gameaholic.com/serverstatus/q2s/194.109.69.82/ [7720/7720] -> "serverstatus/q2s/194.109.69.82/index.html" [1]
2015-08-14 17:33:17 URL:http://www.gameaholic.com/serverstatus/q2s/173.192.216.18:27915/ [8053] -> "serverstatus/q2s/173.192.216.18:27915/index.html" [1]
2015-08-14 17:33:18 URL:http://www.gameaholic.com/serverstatus/q2s/173.192.216.18:27916/ [7959/7959] -> "serverstatus/q2s/173.192.216.18:27916/index.html" [1]
2015-08-14 17:33:18 URL:http://www.gameaholic.com/serverstatus/q2s/194.109.69.81/ [7739/7739] -> "serverstatus/q2s/194.109.69.81/index.html" [1]
2015-08-14 17:33:18 URL:http://www.gameaholic.com/serverstatus/q2s/194.109.69.85/ [7751/7751] -> "serverstatus/q2s/194.109.69.85/index.html" [1]
2015-08-14 17:33:18 URL:http://www.gameaholic.com/serverstatus/q2s/194.109.69.84/ [7751/7751] -> "serverstatus/q2s/194.109.69.84/index.html" [1]
2015-08-14 17:33:19 URL:http://www.gameaholic.com/servers/quake3/0/?SortBy=IP [9494] -> "servers/quake3/0/index.html?SortBy=IP.html" [1]
2015-08-14 17:33:19 URL:http://www.gameaholic.com/servers/quake3/0/?SortBy=Ping [9494] -> "servers/quake3/0/index.html?SortBy=Ping.html" [1]
2015-08-14 17:33:19 URL:http://www.gameaholic.com/servers/quake3/0/?SortBy=NumPlayers [9494] -> "servers/quake3/0/index.html?SortBy=NumPlayers.html" [1]
2015-08-14 17:33:19 URL:http://www.gameaholic.com/servers/quake3/0/?SortBy=MaxPlayers [9494] -> "servers/quake3/0/index.html?SortBy=MaxPlayers.html" [1]
2015-08-14 17:33:19 URL:http://www.gameaholic.com/servers/quake3/0/?SortBy=MapName [9494] -> "servers/quake3/0/index.html?SortBy=MapName.html" [1]
2015-08-14 17:33:20 URL:http://www.gameaholic.com/servers/quake3/0/?SortBy=ServerName [9494] -> "servers/quake3/0/index.html?SortBy=ServerName.html" [1]
2015-08-14 17:33:20 URL:http://www.gameaholic.com/serverstatus/q3s/83.141.4.230:27963/ [7877/7877] -> "serverstatus/q3s/83.141.4.230:27963/index.html" [1]
2015-08-14 17:33:20 URL:http://www.gameaholic.com/serverstatus/q3s/63.211.105.70/ [7711/7711] -> "serverstatus/q3s/63.211.105.70/index.html" [1]
2015-08-14 17:33:22 URL:http://www.gameaholic.com/serverstatus/q3s/63.211.110.56/ [7345/7345] -> "serverstatus/q3s/63.211.110.56/index.html" [1]
2015-08-14 17:33:23 URL:http://www.gameaholic.com/servers/ [10842] -> "servers/index.html" [1]
2015-08-14 17:33:23 URL:http://www.fileaholic.com/idgames.d/quakec/ [15608] -> "idgames/quakec/index.html" [1]
2015-08-14 17:33:24 URL:http://www.fileaholic.com/idgames.d/docs/editing/ [25844] -> "idgames/docs/editing/index.html" [1]
2015-08-14 17:33:24 URL:http://images.gameaholic.com/misc/AdLink.gif [2070/2070] -> "misc/AdLink.gif" [1]
2015-08-14 17:33:24 URL:http://images.gameaholic.com/misc/button.gif [3051/3051] -> "misc/button.gif" [1]
2015-08-14 17:33:24 URL:http://images.gameaholic.com/misc/vfprod.gif [3741/3741] -> "misc/vfprod.gif" [1]
2015-08-14 17:33:24 URL:http://www.gameaholic.com/games/soldieroffortune/console/demo/ [14306] -> "games/soldieroffortune/console/demo/index.html" [1]
2015-08-14 17:33:25 URL:http://images.gameaholic.com/screenshots/alice/alice1.jpg [39490/39490] -> "screenshots/alice/alice1.jpg" [1]
2015-08-14 17:33:25 URL:http://images.gameaholic.com/screenshots/alice/alice2.jpg [23087/23087] -> "screenshots/alice/alice2.jpg" [1]
2015-08-14 17:33:25 URL:http://images.gameaholic.com/screenshots/alice/alice3.jpg [39535/39535] -> "screenshots/alice/alice3.jpg" [1]
2015-08-14 17:33:26 URL:http://images.gameaholic.com/screenshots/alice/alice4.jpg [30444/30444] -> "screenshots/alice/alice4.jpg" [1]
2015-08-14 17:33:26 URL:http://images.gameaholic.com/screenshots/alice/alice5.jpg [21300/21300] -> "screenshots/alice/alice5.jpg" [1]
2015-08-14 17:33:26 URL:http://images.gameaholic.com/screenshots/alice/alice6.jpg [23207/23207] -> "screenshots/alice/alice6.jpg" [1]
2015-08-14 17:33:26 URL:http://images.gameaholic.com/screenshots/alice/alice7.jpg [29144/29144] -> "screenshots/alice/alice7.jpg" [1]
2015-08-14 17:33:27 URL:http://images.gameaholic.com/screenshots/alice/alice8.jpg [23008/23008] -> "screenshots/alice/alice8.jpg" [1]
2015-08-14 17:33:27 URL:http://images.gameaholic.com/screenshots/alice/alice9.jpg [34645/34645] -> "screenshots/alice/alice9.jpg" [1]
2015-08-14 17:33:27 URL:http://images.gameaholic.com/screenshots/chasm/chasm01.jpg [72128/72128] -> "screenshots/chasm/chasm01.jpg" [1]
2015-08-14 17:33:28 URL:http://images.gameaholic.com/screenshots/chasm/chasm02.jpg [55374/55374] -> "screenshots/chasm/chasm02.jpg" [1]
2015-08-14 17:33:28 URL:http://images.gameaholic.com/screenshots/chasm/chasm03.jpg [55193/55193] -> "screenshots/chasm/chasm03.jpg" [1]
2015-08-14 17:33:28 URL:http://images.gameaholic.com/screenshots/chasm/chasm04.jpg [46978/46978] -> "screenshots/chasm/chasm04.jpg" [1]
2015-08-14 17:33:29 URL:http://images.gameaholic.com/screenshots/chasm/chasm05.jpg [56606/56606] -> "screenshots/chasm/chasm05.jpg" [1]
2015-08-14 17:33:29 URL:http://images.gameaholic.com/screenshots/chasm/chasm06.jpg [50210/50210] -> "screenshots/chasm/chasm06.jpg" [1]
2015-08-14 17:33:30 URL:http://images.gameaholic.com/screenshots/chasm/chasm07.jpg [53830/53830] -> "screenshots/chasm/chasm07.jpg" [1]
2015-08-14 17:33:30 URL:http://images.gameaholic.com/screenshots/chasm/chasm08.jpg [56201/56201] -> "screenshots/chasm/chasm08.jpg" [1]
2015-08-14 17:33:30 URL:http://images.gameaholic.com/screenshots/chasm/chasm09.jpg [69188/69188] -> "screenshots/chasm/chasm09.jpg" [1]
2015-08-14 17:33:31 URL:http://images.gameaholic.com/screenshots/daikatana/daikatana1.jpg [194635/194635] -> "screenshots/daikatana/daikatana1.jpg" [1]
2015-08-14 17:33:31 URL:http://images.gameaholic.com/screenshots/daikatana/daikatana2.jpg [79797/79797] -> "screenshots/daikatana/daikatana2.jpg" [1]
2015-08-14 17:33:32 URL:http://images.gameaholic.com/screenshots/daikatana/daikatana3.jpg [66709/66709] -> "screenshots/daikatana/daikatana3.jpg" [1]
2015-08-14 17:33:32 URL:http://images.gameaholic.com/screenshots/daikatana/daikatana4.jpg [63995/63995] -> "screenshots/daikatana/daikatana4.jpg" [1]
2015-08-14 17:33:33 URL:http://images.gameaholic.com/screenshots/daikatana/daikatana5.jpg [58844/58844] -> "screenshots/daikatana/daikatana5.jpg" [1]
2015-08-14 17:33:33 URL:http://images.gameaholic.com/screenshots/daikatana/daikatana6.jpg [59518/59518] -> "screenshots/daikatana/daikatana6.jpg" [1]
2015-08-14 17:33:33 URL:http://images.gameaholic.com/screenshots/duke/dnf0224.jpg [55330/55330] -> "screenshots/duke/dnf0224.jpg" [1]
2015-08-14 17:33:34 URL:http://images.gameaholic.com/screenshots/duke/dnf1.jpg [275418/275418] -> "screenshots/duke/dnf1.jpg" [1]
2015-08-14 17:33:34 URL:http://www.gameaholic.com/games/halflife/cheats/maplist.html [9023] -> "games/halflife/cheats/maplist.html" [1]
2015-08-14 17:33:34 URL:http://www.gameaholic.com/games/halflife/cheats/cmdlist.html [10759] -> "games/halflife/cheats/cmdlist.html" [1]
2015-08-14 17:33:35 URL:http://www.gameaholic.com/games/halflife/cheats/cvarlist.html [22601] -> "games/halflife/cheats/cvarlist.html" [1]
2015-08-14 17:33:35 URL:http://images.gameaholic.com/screenshots/halflife/halflife1.jpg [94587/94587] -> "screenshots/halflife/halflife1.jpg" [1]
2015-08-14 17:33:36 URL:http://images.gameaholic.com/screenshots/halflife/halflife2.jpg [99813/99813] -> "screenshots/halflife/halflife2.jpg" [1]
2015-08-14 17:33:36 URL:http://images.gameaholic.com/screenshots/halflife/halflife3.jpg [81854/81854] -> "screenshots/halflife/halflife3.jpg" [1]
2015-08-14 17:33:37 URL:http://images.gameaholic.com/screenshots/halflife/halflife4.jpg [83595/83595] -> "screenshots/halflife/halflife4.jpg" [1]
2015-08-14 17:33:37 URL:http://images.gameaholic.com/screenshots/halflife/halflife5.jpg [127859/127859] -> "screenshots/halflife/halflife5.jpg" [1]
2015-08-14 17:33:38 URL:http://images.gameaholic.com/screenshots/halflife/halflife6.jpg [113779/113779] -> "screenshots/halflife/halflife6.jpg" [1]
2015-08-14 17:33:38 URL:http://images.gameaholic.com/screenshots/halflife/halflife7.jpg [99516/99516] -> "screenshots/halflife/halflife7.jpg" [1]
2015-08-14 17:33:39 URL:http://images.gameaholic.com/screenshots/halflife/halflife8.jpg [91919/91919] -> "screenshots/halflife/halflife8.jpg" [1]
2015-08-14 17:33:39 URL:http://images.gameaholic.com/screenshots/halflife/halflife9.jpg [166184/166184] -> "screenshots/halflife/halflife9.jpg" [1]
2015-08-14 17:33:40 URL:http://images.gameaholic.com/screenshots/heretic2/heretic21.jpg [25797/25797] -> "screenshots/heretic2/heretic21.jpg" [1]
2015-08-14 17:33:40 URL:http://images.gameaholic.com/screenshots/heretic2/heretic22.jpg [26854/26854] -> "screenshots/heretic2/heretic22.jpg" [1]
2015-08-14 17:33:40 URL:http://images.gameaholic.com/screenshots/heretic2/heretic23.jpg [47235/47235] -> "screenshots/heretic2/heretic23.jpg" [1]
2015-08-14 17:33:41 URL:http://images.gameaholic.com/screenshots/heretic2/heretic24.jpg [49078/49078] -> "screenshots/heretic2/heretic24.jpg" [1]
2015-08-14 17:33:41 URL:http://images.gameaholic.com/screenshots/heretic2/heretic25.jpg [47092/47092] -> "screenshots/heretic2/heretic25.jpg" [1]
2015-08-14 17:33:41 URL:http://images.gameaholic.com/screenshots/kingpin/kingpin1.jpg [34623/34623] -> "screenshots/kingpin/kingpin1.jpg" [1]
2015-08-14 17:33:42 URL:http://images.gameaholic.com/screenshots/kingpin/kingpin2.jpg [36391/36391] -> "screenshots/kingpin/kingpin2.jpg" [1]
2015-08-14 17:33:42 URL:http://images.gameaholic.com/screenshots/kingpin/kingpin3.jpg [43577/43577] -> "screenshots/kingpin/kingpin3.jpg" [1]
2015-08-14 17:33:42 URL:http://images.gameaholic.com/screenshots/kingpin/kingpin4.jpg [40196/40196] -> "screenshots/kingpin/kingpin4.jpg" [1]
2015-08-14 17:33:43 URL:http://images.gameaholic.com/screenshots/kingpin/kingpin5.jpg [37063/37063] -> "screenshots/kingpin/kingpin5.jpg" [1]
2015-08-14 17:33:43 URL:http://images.gameaholic.com/screenshots/kingpin/kingpin6.jpg [34593/34593] -> "screenshots/kingpin/kingpin6.jpg" [1]
2015-08-14 17:33:43 URL:http://images.gameaholic.com/screenshots/kingpin/kingpin7.jpg [39922/39922] -> "screenshots/kingpin/kingpin7.jpg" [1]
2015-08-14 17:33:44 URL:http://images.gameaholic.com/screenshots/kingpin/kingpin8.jpg [36531/36531] -> "screenshots/kingpin/kingpin8.jpg" [1]
2015-08-14 17:33:44 URL:http://images.gameaholic.com/screenshots/kingpin/kingpin9.jpg [24351/24351] -> "screenshots/kingpin/kingpin9.jpg" [1]
2015-08-14 17:33:44 URL:http://images.gameaholic.com/screenshots/kingpin/kingpin10.jpg [25067/25067] -> "screenshots/kingpin/kingpin10.jpg" [1]
2015-08-14 17:33:45 URL:http://images.gameaholic.com/screenshots/kingpin/kingpin11.jpg [25373/25373] -> "screenshots/kingpin/kingpin11.jpg" [1]
2015-08-14 17:33:45 URL:http://images.gameaholic.com/screenshots/kingpin/kingpin12.jpg [35933/35933] -> "screenshots/kingpin/kingpin12.jpg" [1]
2015-08-14 17:33:45 URL:http://images.gameaholic.com/screenshots/kingpin/kingpin13.jpg [26478/26478] -> "screenshots/kingpin/kingpin13.jpg" [1]
2015-08-14 17:33:45 URL:http://images.gameaholic.com/screenshots/kingpin/kingpin14.jpg [19713/19713] -> "screenshots/kingpin/kingpin14.jpg" [1]
2015-08-14 17:33:46 URL:http://images.gameaholic.com/screenshots/kingpin/kingpin15.jpg [15877/15877] -> "screenshots/kingpin/kingpin15.jpg" [1]
2015-08-14 17:33:46 URL:http://images.gameaholic.com/screenshots/kingpin/kingpin16.jpg [19402/19402] -> "screenshots/kingpin/kingpin16.jpg" [1]
2015-08-14 17:33:46 URL:http://images.gameaholic.com/screenshots/kingpin/kingpin17.jpg [16357/16357] -> "screenshots/kingpin/kingpin17.jpg" [1]
2015-08-14 17:33:47 URL:http://images.gameaholic.com/screenshots/kingpin/kingpin18.jpg [26710/26710] -> "screenshots/kingpin/kingpin18.jpg" [1]
2015-08-14 17:33:47 URL:http://images.gameaholic.com/screenshots/kingpin/kingpin19.jpg [19594/19594] -> "screenshots/kingpin/kingpin19.jpg" [1]
2015-08-14 17:33:47 URL:http://images.gameaholic.com/screenshots/kingpin/kingpin20.jpg [20014/20014] -> "screenshots/kingpin/kingpin20.jpg" [1]
2015-08-14 17:33:48 URL:http://images.gameaholic.com/screenshots/mdk2/mdk1.jpg [113609/113609] -> "screenshots/mdk2/mdk1.jpg" [1]
2015-08-14 17:33:48 URL:http://images.gameaholic.com/screenshots/mdk2/mdk2.jpg [59321/59321] -> "screenshots/mdk2/mdk2.jpg" [1]
2015-08-14 17:33:48 URL:http://images.gameaholic.com/screenshots/mdk2/mdk3.jpg [101717/101717] -> "screenshots/mdk2/mdk3.jpg" [1]
2015-08-14 17:33:49 URL:http://images.gameaholic.com/screenshots/mdk2/mdk4.jpg [66543/66543] -> "screenshots/mdk2/mdk4.jpg" [1]
2015-08-14 17:33:49 URL:http://images.gameaholic.com/screenshots/mdk2/mdk5.jpg [112396/112396] -> "screenshots/mdk2/mdk5.jpg" [1]
2015-08-14 17:33:50 URL:http://images.gameaholic.com/screenshots/mdk2/mdk6.jpg [90425/90425] -> "screenshots/mdk2/mdk6.jpg" [1]
2015-08-14 17:33:50 URL:http://images.gameaholic.com/screenshots/mdk2/mdk7.jpg [124353/124353] -> "screenshots/mdk2/mdk7.jpg" [1]
2015-08-14 17:33:51 URL:http://images.gameaholic.com/screenshots/mdk2/mdk8.jpg [143092/143092] -> "screenshots/mdk2/mdk8.jpg" [1]
2015-08-14 17:33:51 URL:http://images.gameaholic.com/screenshots/mdk2/mdk9.jpg [118690/118690] -> "screenshots/mdk2/mdk9.jpg" [1]
2015-08-14 17:33:52 URL:http://images.gameaholic.com/screenshots/sin/sin01.jpg [187426/187426] -> "screenshots/sin/sin01.jpg" [1]
2015-08-14 17:33:53 URL:http://images.gameaholic.com/screenshots/sin/sin02.jpg [219396/219396] -> "screenshots/sin/sin02.jpg" [1]
2015-08-14 17:33:53 URL:http://images.gameaholic.com/screenshots/sin/sin03.jpg [119780/119780] -> "screenshots/sin/sin03.jpg" [1]
2015-08-14 17:33:54 URL:http://images.gameaholic.com/screenshots/sin/sin04.jpg [188059/188059] -> "screenshots/sin/sin04.jpg" [1]
2015-08-14 17:33:55 URL:http://images.gameaholic.com/screenshots/sin/sin05.jpg [196609/196609] -> "screenshots/sin/sin05.jpg" [1]
2015-08-14 17:33:55 URL:http://images.gameaholic.com/screenshots/sin/sin06.jpg [34397/34397] -> "screenshots/sin/sin06.jpg" [1]
2015-08-14 17:33:56 URL:http://images.gameaholic.com/screenshots/sin/sin07.jpg [164351/164351] -> "screenshots/sin/sin07.jpg" [1]
2015-08-14 17:33:56 URL:http://images.gameaholic.com/screenshots/sin/sin08.jpg [148623/148623] -> "screenshots/sin/sin08.jpg" [1]
2015-08-14 17:33:57 URL:http://images.gameaholic.com/screenshots/sin/sin09.jpg [117306/117306] -> "screenshots/sin/sin09.jpg" [1]
2015-08-14 17:33:57 URL:http://images.gameaholic.com/screenshots/sof/sof1.jpg [51524/51524] -> "screenshots/sof/sof1.jpg" [1]
2015-08-14 17:33:58 URL:http://images.gameaholic.com/screenshots/sof/sof2.jpg [65720/65720] -> "screenshots/sof/sof2.jpg" [1]
2015-08-14 17:33:58 URL:http://images.gameaholic.com/screenshots/sof/sof3.jpg [62796/62796] -> "screenshots/sof/sof3.jpg" [1]
2015-08-14 17:33:58 URL:http://images.gameaholic.com/screenshots/sof/sof4.jpg [52298/52298] -> "screenshots/sof/sof4.jpg" [1]
2015-08-14 17:33:59 URL:http://images.gameaholic.com/screenshots/sof/sof5.jpg [56716/56716] -> "screenshots/sof/sof5.jpg" [1]
2015-08-14 17:33:59 URL:http://images.gameaholic.com/screenshots/sof/sof6.jpg [42184/42184] -> "screenshots/sof/sof6.jpg" [1]
2015-08-14 17:33:59 URL:http://images.gameaholic.com/screenshots/sof/sof7.jpg [72841/72841] -> "screenshots/sof/sof7.jpg" [1]
2015-08-14 17:34:00 URL:http://images.gameaholic.com/screenshots/sof/sof8.jpg [69738/69738] -> "screenshots/sof/sof8.jpg" [1]
2015-08-14 17:34:00 URL:http://images.gameaholic.com/screenshots/sof/sof9.jpg [59366/59366] -> "screenshots/sof/sof9.jpg" [1]
2015-08-14 17:34:01 URL:http://images.gameaholic.com/screenshots/sof/sof10.jpg [63249/63249] -> "screenshots/sof/sof10.jpg" [1]
2015-08-14 17:34:01 URL:http://images.gameaholic.com/screenshots/sof/sof11.jpg [33113/33113] -> "screenshots/sof/sof11.jpg" [1]
2015-08-14 17:34:01 URL:http://images.gameaholic.com/screenshots/sof/sof12.jpg [41545/41545] -> "screenshots/sof/sof12.jpg" [1]
2015-08-14 17:34:01 URL:http://www.gameaholic.com/servers/codenameeagle/ [8390] -> "servers/codenameeagle/index.html" [1]
2015-08-14 17:34:02 URL:http://www.gameaholic.com/servers/daikatana/ [8380] -> "servers/daikatana/index.html" [1]
2015-08-14 17:34:02 URL:http://www.gameaholic.com/servers/darkvengeance/ [8390] -> "servers/darkvengeance/index.html" [1]
2015-08-14 17:34:02 URL:http://www.gameaholic.com/servers/deerhunter3/ [8388] -> "servers/deerhunter3/index.html" [1]
2015-08-14 17:34:02 URL:http://www.gameaholic.com/servers/deerhunter4/ [8388] -> "servers/deerhunter4/index.html" [1]
2015-08-14 17:34:02 URL:http://www.gameaholic.com/servers/descent3/ [8380] -> "servers/descent3/index.html" [1]
2015-08-14 17:34:03 URL:http://www.gameaholic.com/servers/deusex/ [8376] -> "servers/deusex/index.html" [1]
2015-08-14 17:34:03 URL:http://www.gameaholic.com/servers/drakan/ [8374] -> "servers/drakan/index.html" [1]
2015-08-14 17:34:03 URL:http://www.gameaholic.com/servers/gunmanchronicles/ [8396] -> "servers/gunmanchronicles/index.html" [1]
2015-08-14 17:34:03 URL:http://www.gameaholic.com/servers/halflife/ [8380] -> "servers/halflife/index.html" [1]
2015-08-14 17:34:03 URL:http://www.gameaholic.com/servers/highimpactpaintball/ [8404] -> "servers/highimpactpaintball/index.html" [1]
2015-08-14 17:34:03 URL:http://www.gameaholic.com/servers/kisspsychocircus/ [8400] -> "servers/kisspsychocircus/index.html" [1]
2015-08-14 17:34:04 URL:http://www.gameaholic.com/servers/laserarena/ [8384] -> "servers/laserarena/index.html" [1]
2015-08-14 17:34:04 URL:http://www.gameaholic.com/servers/nerfarenablast/ [8394] -> "servers/nerfarenablast/index.html" [1]
2015-08-14 17:34:04 URL:http://www.gameaholic.com/servers/noonelivesforever/ [8402] -> "servers/noonelivesforever/index.html" [1]
2015-08-14 17:34:04 URL:http://www.gameaholic.com/servers/rallymasters/ [8388] -> "servers/rallymasters/index.html" [1]
2015-08-14 17:34:04 URL:http://www.gameaholic.com/servers/redline/ [8376] -> "servers/redline/index.html" [1]
2015-08-14 17:34:05 URL:http://www.gameaholic.com/servers/wolf/ [8418] -> "servers/wolf/index.html" [1]
2015-08-14 17:34:05 URL:http://www.gameaholic.com/servers/trophyhunter3/ [8422] -> "servers/trophyhunter3/index.html" [1]
2015-08-14 17:34:05 URL:http://www.gameaholic.com/servers/roguespear/ [8384] -> "servers/roguespear/index.html" [1]
2015-08-14 17:34:05 URL:http://www.gameaholic.com/servers/rune/ [8370] -> "servers/rune/index.html" [1]
2015-08-14 17:34:05 URL:http://www.gameaholic.com/servers/serioussam/ [8384] -> "servers/serioussam/index.html" [1]
2015-08-14 17:34:05 URL:http://www.gameaholic.com/servers/serioussamretail/ [8384] -> "servers/serioussamretail/index.html" [1]
2015-08-14 17:34:06 URL:http://www.gameaholic.com/servers/soldieroffortune/ [8398] -> "servers/soldieroffortune/index.html" [1]
2015-08-14 17:34:06 URL:http://www.gameaholic.com/servers/southpark/ [8382] -> "servers/southpark/index.html" [1]
2015-08-14 17:34:06 URL:http://www.gameaholic.com/servers/startrekeliteforce/ [8404] -> "servers/startrekeliteforce/index.html" [1]
2015-08-14 17:34:06 URL:http://www.gameaholic.com/servers/tribes/ [8396] -> "servers/tribes/index.html" [1]
2015-08-14 17:34:06 URL:http://www.gameaholic.com/servers/terminus/ [8378] -> "servers/terminus/index.html" [1]
2015-08-14 17:34:07 URL:http://www.gameaholic.com/servers/turok2/ [8376] -> "servers/turok2/index.html" [1]
2015-08-14 17:34:07 URL:http://www.gameaholic.com/servers/unrealtournament/ [8396] -> "servers/unrealtournament/index.html" [1]
2015-08-14 17:34:07 URL:http://www.gameaholic.com/servers/urbanoperations/ [8394] -> "servers/urbanoperations/index.html" [1]
2015-08-14 17:34:07 URL:http://www.gameaholic.com/servers/wheeloftime/ [8388] -> "servers/wheeloftime/index.html" [1]
2015-08-14 17:34:07 URL:http://www.gameaholic.com/servers/wildwings/ [8382] -> "servers/wildwings/index.html" [1]
2015-08-14 17:34:08 URL:http://www.gameaholic.com/servers/xcomenforcer/ [8390] -> "servers/xcomenforcer/index.html" [1]
2015-08-14 17:34:08 URL:http://images.gameaholic.com/screenshots/quake2/quake201.jpg [44609/44609] -> "screenshots/quake2/quake201.jpg" [1]
2015-08-14 17:34:08 URL:http://images.gameaholic.com/screenshots/quake2/quake202.jpg [51017/51017] -> "screenshots/quake2/quake202.jpg" [1]
2015-08-14 17:34:09 URL:http://images.gameaholic.com/screenshots/quake2/quake203.jpg [70910/70910] -> "screenshots/quake2/quake203.jpg" [1]
2015-08-14 17:34:09 URL:http://images.gameaholic.com/screenshots/quake2/quake204.jpg [58532/58532] -> "screenshots/quake2/quake204.jpg" [1]
2015-08-14 17:34:10 URL:http://images.gameaholic.com/screenshots/quake2/quake205.jpg [83500/83500] -> "screenshots/quake2/quake205.jpg" [1]
2015-08-14 17:34:10 URL:http://images.gameaholic.com/screenshots/quake2/quake206.jpg [55893/55893] -> "screenshots/quake2/quake206.jpg" [1]
2015-08-14 17:34:10 URL:http://images.gameaholic.com/screenshots/quake2/quake207.jpg [52460/52460] -> "screenshots/quake2/quake207.jpg" [1]
2015-08-14 17:34:11 URL:http://images.gameaholic.com/screenshots/quake2/quake208.jpg [48651/48651] -> "screenshots/quake2/quake208.jpg" [1]
2015-08-14 17:34:11 URL:http://images.gameaholic.com/screenshots/quake2/quake209.jpg [59910/59910] -> "screenshots/quake2/quake209.jpg" [1]
2015-08-14 17:34:11 URL:http://www.gameaholic.com/games/quake3/console/variables.html [13440] -> "games/quake3/console/variables.html" [1]
2015-08-14 17:34:12 URL:http://images.gameaholic.com/screenshots/quake3/quake3b1.jpg [46732/46732] -> "screenshots/quake3/quake3b1.jpg" [1]
2015-08-14 17:34:12 URL:http://images.gameaholic.com/screenshots/quake3/quake3b2.jpg [40612/40612] -> "screenshots/quake3/quake3b2.jpg" [1]
2015-08-14 17:34:12 URL:http://images.gameaholic.com/screenshots/quake3/quake3b3.jpg [49784/49784] -> "screenshots/quake3/quake3b3.jpg" [1]
2015-08-14 17:34:13 URL:http://images.gameaholic.com/screenshots/quake3/quake3b4.jpg [39189/39189] -> "screenshots/quake3/quake3b4.jpg" [1]
2015-08-14 17:34:13 URL:http://images.gameaholic.com/screenshots/quake3/quake3b5.jpg [47255/47255] -> "screenshots/quake3/quake3b5.jpg" [1]
2015-08-14 17:34:13 URL:http://images.gameaholic.com/screenshots/quake3/quake3b6.jpg [41647/41647] -> "screenshots/quake3/quake3b6.jpg" [1]
2015-08-14 17:34:14 URL:http://images.gameaholic.com/screenshots/quake3/quake3b7.jpg [35803/35803] -> "screenshots/quake3/quake3b7.jpg" [1]
2015-08-14 17:34:14 URL:http://images.gameaholic.com/screenshots/quake3/quake3b8.jpg [29402/29402] -> "screenshots/quake3/quake3b8.jpg" [1]
2015-08-14 17:34:14 URL:http://images.gameaholic.com/screenshots/quake3/quake3b9.jpg [35106/35106] -> "screenshots/quake3/quake3b9.jpg" [1]
2015-08-14 17:34:15 URL:http://images.gameaholic.com/screenshots/quake3/quake3a1.jpg [56813/56813] -> "screenshots/quake3/quake3a1.jpg" [1]
2015-08-14 17:34:15 URL:http://images.gameaholic.com/screenshots/quake3/quake3a2.jpg [58479/58479] -> "screenshots/quake3/quake3a2.jpg" [1]
2015-08-14 17:34:15 URL:http://images.gameaholic.com/screenshots/quake3/quake3a3.jpg [67112/67112] -> "screenshots/quake3/quake3a3.jpg" [1]
2015-08-14 17:34:16 URL:http://images.gameaholic.com/screenshots/quake3/quake3a4.jpg [63507/63507] -> "screenshots/quake3/quake3a4.jpg" [1]
2015-08-14 17:34:16 URL:http://images.gameaholic.com/screenshots/quake3/quake3a5.jpg [65970/65970] -> "screenshots/quake3/quake3a5.jpg" [1]
2015-08-14 17:34:17 URL:http://images.gameaholic.com/screenshots/quake3/quake31.jpg [75681/75681] -> "screenshots/quake3/quake31.jpg" [1]
2015-08-14 17:34:17 URL:http://images.gameaholic.com/screenshots/quake3/quake32.jpg [52788/52788] -> "screenshots/quake3/quake32.jpg" [1]
2015-08-14 17:34:17 URL:http://images.gameaholic.com/screenshots/quake3/quake33.jpg [63423/63423] -> "screenshots/quake3/quake33.jpg" [1]
2015-08-14 17:34:18 URL:http://images.gameaholic.com/screenshots/quake3/quake34.jpg [32569/32569] -> "screenshots/quake3/quake34.jpg" [1]
2015-08-14 17:34:18 URL:http://images.gameaholic.com/screenshots/quake3/quake35.jpg [30877/30877] -> "screenshots/quake3/quake35.jpg" [1]
2015-08-14 17:34:18 URL:http://images.gameaholic.com/screenshots/unrealtournament/unrealtournament01.jpg [104486/104486] -> "screenshots/unrealtournament/unrealtournament01.jpg" [1]
2015-08-14 17:34:19 URL:http://images.gameaholic.com/screenshots/unrealtournament/unrealtournament02.jpg [94198/94198] -> "screenshots/unrealtournament/unrealtournament02.jpg" [1]
2015-08-14 17:34:19 URL:http://images.gameaholic.com/screenshots/unrealtournament/unrealtournament03.jpg [107555/107555] -> "screenshots/unrealtournament/unrealtournament03.jpg" [1]
2015-08-14 17:34:20 URL:http://images.gameaholic.com/screenshots/unrealtournament/unrealtournament04.jpg [102189/102189] -> "screenshots/unrealtournament/unrealtournament04.jpg" [1]
2015-08-14 17:34:20 URL:http://images.gameaholic.com/screenshots/unrealtournament/unrealtournament05.jpg [82602/82602] -> "screenshots/unrealtournament/unrealtournament05.jpg" [1]
2015-08-14 17:34:21 URL:http://images.gameaholic.com/screenshots/unrealtournament/unrealtournament06.jpg [68518/68518] -> "screenshots/unrealtournament/unrealtournament06.jpg" [1]
2015-08-14 17:34:21 URL:http://images.gameaholic.com/screenshots/unrealtournament/unrealtournament07.jpg [105377/105377] -> "screenshots/unrealtournament/unrealtournament07.jpg" [1]
2015-08-14 17:34:22 URL:http://images.gameaholic.com/screenshots/unrealtournament/unrealtournament08.jpg [83997/83997] -> "screenshots/unrealtournament/unrealtournament08.jpg" [1]
2015-08-14 17:34:22 URL:http://images.gameaholic.com/screenshots/unrealtournament/unrealtournament09.jpg [86141/86141] -> "screenshots/unrealtournament/unrealtournament09.jpg" [1]
2015-08-14 17:34:22 URL:http://images.gameaholic.com/screenshots/unrealtournament/unrealtournament10.jpg [75182/75182] -> "screenshots/unrealtournament/unrealtournament10.jpg" [1]
2015-08-14 17:34:23 URL:http://images.gameaholic.com/screenshots/unrealtournament/unrealtournament11.jpg [99428/99428] -> "screenshots/unrealtournament/unrealtournament11.jpg" [1]
2015-08-14 17:34:23 URL:http://images.gameaholic.com/screenshots/unrealtournament/unrealtournament12.jpg [81476/81476] -> "screenshots/unrealtournament/unrealtournament12.jpg" [1]
2015-08-14 17:34:24 URL:http://images.gameaholic.com/screenshots/rtcw/screenshot_01.jpg [21992/21992] -> "screenshots/rtcw/screenshot_01.jpg" [1]
2015-08-14 17:34:24 URL:http://images.gameaholic.com/screenshots/rtcw/screenshot_02.jpg [22223/22223] -> "screenshots/rtcw/screenshot_02.jpg" [1]
2015-08-14 17:34:24 URL:http://images.gameaholic.com/screenshots/rtcw/screenshot_03.jpg [9862/9862] -> "screenshots/rtcw/screenshot_03.jpg" [1]
2015-08-14 17:34:24 URL:http://images.gameaholic.com/screenshots/rtcw/screenshot_04.jpg [24713/24713] -> "screenshots/rtcw/screenshot_04.jpg" [1]
2015-08-14 17:34:25 URL:http://images.gameaholic.com/screenshots/rtcw/screenshot_05.jpg [21206/21206] -> "screenshots/rtcw/screenshot_05.jpg" [1]
2015-08-14 17:34:25 URL:http://images.gameaholic.com/screenshots/rtcw/screenshot_06.jpg [31912/31912] -> "screenshots/rtcw/screenshot_06.jpg" [1]
2015-08-14 17:34:25 URL:http://images.gameaholic.com/screenshots/rtcw/screenshot_07.jpg [19873/19873] -> "screenshots/rtcw/screenshot_07.jpg" [1]
2015-08-14 17:34:25 URL:http://images.gameaholic.com/screenshots/rtcw/screenshot_08.jpg [30745/30745] -> "screenshots/rtcw/screenshot_08.jpg" [1]
2015-08-14 17:34:26 URL:http://images.gameaholic.com/screenshots/rtcw/screenshot_09.jpg [27065/27065] -> "screenshots/rtcw/screenshot_09.jpg" [1]
2015-08-14 17:34:26 URL:http://images.gameaholic.com/screenshots/rtcw/screenshot_10.jpg [16417/16417] -> "screenshots/rtcw/screenshot_10.jpg" [1]
2015-08-14 17:34:26 URL:http://images.gameaholic.com/screenshots/rtcw/screenshot_11.jpg [14762/14762] -> "screenshots/rtcw/screenshot_11.jpg" [1]
2015-08-14 17:34:27 URL:http://images.gameaholic.com/screenshots/rtcw/screenshot_12.jpg [28058/28058] -> "screenshots/rtcw/screenshot_12.jpg" [1]
2015-08-14 17:34:27 URL:http://images.gameaholic.com/screenshots/rtcw/screenshot_13.jpg [14318/14318] -> "screenshots/rtcw/screenshot_13.jpg" [1]
2015-08-14 17:34:27 URL:http://images.gameaholic.com/screenshots/rtcw/screenshot_14.jpg [12889/12889] -> "screenshots/rtcw/screenshot_14.jpg" [1]
2015-08-14 17:34:27 URL:http://images.gameaholic.com/screenshots/rtcw/screenshot_15.jpg [15865/15865] -> "screenshots/rtcw/screenshot_15.jpg" [1]
2015-08-14 17:34:28 URL:http://www.gameaholic.com/files/qp3_29.zip [70053/70053] -> "files/qp3_29.zip" [1]
2015-08-14 17:34:28 URL:http://images.gameaholic.com/screenshots/macquake/mac1.jpg [66477/66477] -> "screenshots/macquake/mac1.jpg" [1]
2015-08-14 17:34:28 URL:http://images.gameaholic.com/screenshots/macquake/mac2.jpg [53699/53699] -> "screenshots/macquake/mac2.jpg" [1]
2015-08-14 17:34:29 URL:http://images.gameaholic.com/screenshots/macquake/mac3.jpg [64142/64142] -> "screenshots/macquake/mac3.jpg" [1]
2015-08-14 17:34:29 URL:http://images.gameaholic.com/screenshots/macquake/mac4.jpg [59971/59971] -> "screenshots/macquake/mac4.jpg" [1]
2015-08-14 17:34:29 URL:http://images.gameaholic.com/screenshots/macquake/mac5.jpg [52317/52317] -> "screenshots/macquake/mac5.jpg" [1]
2015-08-14 17:34:30 URL:http://images.gameaholic.com/screenshots/macquake/mac6.jpg [47538/47538] -> "screenshots/macquake/mac6.jpg" [1]
2015-08-14 17:34:30 URL:http://images.gameaholic.com/screenshots/macquake/mac7.jpg [67824/67824] -> "screenshots/macquake/mac7.jpg" [1]
2015-08-14 17:34:31 URL:http://images.gameaholic.com/screenshots/macquake/mac8.jpg [69657/69657] -> "screenshots/macquake/mac8.jpg" [1]
2015-08-14 17:34:31 URL:http://images.gameaholic.com/screenshots/macquake/mac9.jpg [50529/50529] -> "screenshots/macquake/mac9.jpg" [1]
http://images.gameaholic.com/levels/xinfort_coop.jpg:
2015-08-14 17:34:31 ERROR 404: Not Found.
2015-08-14 17:34:31 URL:http://images.gameaholic.com/levels/waste1.jpg [8688/8688] -> "levels/waste1.jpg" [1]
http://images.gameaholic.com/levels/dose.jpg:
2015-08-14 17:34:31 ERROR 404: Not Found.
http://images.gameaholic.com/levels/rota4c_x.jpg:
2015-08-14 17:34:32 ERROR 404: Not Found.
http://images.gameaholic.com/levels/rtctf1a.jpg:
2015-08-14 17:34:32 ERROR 404: Not Found.
2015-08-14 17:34:32 URL:http://images.gameaholic.com/levels/jail4.jpg [7787/7787] -> "levels/jail4.jpg" [1]
http://images.gameaholic.com/levels/nxctf4b.jpg:
2015-08-14 17:34:32 ERROR 404: Not Found.
2015-08-14 17:34:32 URL:http://images.gameaholic.com/levels/q2dm3.jpg [7630/7630] -> "levels/q2dm3.jpg" [1]
2015-08-14 17:34:33 URL:http://images.gameaholic.com/levels/q2dm1.jpg [7355/7355] -> "levels/q2dm1.jpg" [1]
http://images.gameaholic.com/levels/as2m7.jpg:
2015-08-14 17:34:33 ERROR 404: Not Found.
2015-08-14 17:34:33 URL:http://images.gameaholic.com/levels/q2ctf1.jpg [7945/7945] -> "levels/q2ctf1.jpg" [1]
http://images.gameaholic.com/levels/marics_ctf18.jpg:
2015-08-14 17:34:33 ERROR 404: Not Found.
http://images.gameaholic.com/levels/smap52.jpg:
2015-08-14 17:34:33 ERROR 404: Not Found.
2015-08-14 17:34:33 URL:http://images.gameaholic.com/levels/boss2.jpg [7779/7779] -> "levels/boss2.jpg" [1]
2015-08-14 17:34:34 URL:http://images.gameaholic.com/levels/q3dm2.jpg [8192/8192] -> "levels/q3dm2.jpg" [1]
http://images.gameaholic.com/levels/ztn3tourney1.jpg:
2015-08-14 17:34:34 ERROR 404: Not Found.
2015-08-14 17:34:34 URL:http://www.gameaholic.com/games/soldieroffortune/console/variables.html [18968] -> "games/soldieroffortune/console/variables.html" [1]
FINISHED --2015-08-14 17:34:34--
Total wall clock time: 2m 42s
Downloaded: 643 files, 13M in 33s (416 KB/s)
