2014-09-08 16:38:04 URL:http://www.buetterchen.de/ [226/226] -> "www.buetterchen.de_20140908/index.html" [1]
2014-09-08 16:38:04 URL:http://www.buetterchen.de/buetterchen.jpg [28064/28064] -> "www.buetterchen.de_20140908/buetterchen.jpg" [1]
2014-09-08 16:38:04 URL:http://www.buetterchen.de/german-quake-national-team-1998/ [430/430] -> "www.buetterchen.de_20140908/german-quake-national-team-1998.html" [1]
2014-09-08 16:38:04 URL:http://www.buetterchen.de/german-quake-national-team-1998/main.html [1157/1157] -> "www.buetterchen.de_20140908/german-quake-national-team-1998/main.html" [1]
2014-09-08 16:38:04 URL:http://www.buetterchen.de/german-quake-national-team-1998/menu.html [2791/2791] -> "www.buetterchen.de_20140908/german-quake-national-team-1998/menu.html" [1]
2014-09-08 16:38:04 URL:http://www.buetterchen.de/german-quake-national-team-1998/back.jpg [2866/2866] -> "www.buetterchen.de_20140908/german-quake-national-team-1998/back.jpg" [1]
2014-09-08 16:38:04 URL:http://www.buetterchen.de/german-quake-national-team-1998/niete.jpg [895/895] -> "www.buetterchen.de_20140908/german-quake-national-team-1998/niete.jpg" [1]
2014-09-08 16:38:04 URL:http://www.buetterchen.de/german-quake-national-team-1998/logo.jpg [18061/18061] -> "www.buetterchen.de_20140908/german-quake-national-team-1998/logo.jpg" [1]
2014-09-08 16:38:04 URL:http://www.buetterchen.de/german-quake-national-team-1998/league.jpg [20194/20194] -> "www.buetterchen.de_20140908/german-quake-national-team-1998/league.jpg" [1]
2014-09-08 16:38:04 URL:http://www.buetterchen.de/german-quake-national-team-1998/line.jpg [2170/2170] -> "www.buetterchen.de_20140908/german-quake-national-team-1998/line.jpg" [1]
2014-09-08 16:38:04 URL:http://www.buetterchen.de/german-quake-national-team-1998/National.gif [17381/17381] -> "www.buetterchen.de_20140908/german-quake-national-team-1998/National.gif" [1]
2014-09-08 16:38:04 URL:http://www.buetterchen.de/german-quake-national-team-1998/dqf.gif [979/979] -> "www.buetterchen.de_20140908/german-quake-national-team-1998/dqf.gif" [1]
2014-09-08 16:38:04 URL:http://www.buetterchen.de/german-quake-national-team-1998/back2.jpg [4112/4112] -> "www.buetterchen.de_20140908/german-quake-national-team-1998/back2.jpg" [1]
2014-09-08 16:38:04 URL:http://www.buetterchen.de/german-quake-national-team-1998/main.jpg [6496/6496] -> "www.buetterchen.de_20140908/german-quake-national-team-1998/main.jpg" [1]
2014-09-08 16:38:04 URL:http://www.buetterchen.de/german-quake-national-team-1998/news.html [11890/11890] -> "www.buetterchen.de_20140908/german-quake-national-team-1998/news.html" [1]
2014-09-08 16:38:04 URL:http://www.buetterchen.de/german-quake-national-team-1998/news.jpg [6906/6906] -> "www.buetterchen.de_20140908/german-quake-national-team-1998/news.jpg" [1]
2014-09-08 16:38:04 URL:http://www.buetterchen.de/german-quake-national-team-1998/warriors.html [2042/2042] -> "www.buetterchen.de_20140908/german-quake-national-team-1998/warriors.html" [1]
2014-09-08 16:38:05 URL:http://www.buetterchen.de/german-quake-national-team-1998/warriors.jpg [9882/9882] -> "www.buetterchen.de_20140908/german-quake-national-team-1998/warriors.jpg" [1]
2014-09-08 16:38:05 URL:http://www.buetterchen.de/german-quake-national-team-1998/results.html [2266/2266] -> "www.buetterchen.de_20140908/german-quake-national-team-1998/results.html" [1]
2014-09-08 16:38:05 URL:http://www.buetterchen.de/german-quake-national-team-1998/results.jpg [7910/7910] -> "www.buetterchen.de_20140908/german-quake-national-team-1998/results.jpg" [1]
2014-09-08 16:38:05 URL:http://www.buetterchen.de/german-quake-national-team-1998/contact.html [1185/1185] -> "www.buetterchen.de_20140908/german-quake-national-team-1998/contact.html" [1]
2014-09-08 16:38:05 URL:http://www.buetterchen.de/german-quake-national-team-1998/contact.jpg [8350/8350] -> "www.buetterchen.de_20140908/german-quake-national-team-1998/contact.jpg" [1]
2014-09-08 16:38:05 URL:http://www.buetterchen.de/german-quake-national-team-1998/links.html [1145/1145] -> "www.buetterchen.de_20140908/german-quake-national-team-1998/links.html" [1]
2014-09-08 16:38:05 URL:http://www.buetterchen.de/german-quake-national-team-1998/links.jpg [6534/6534] -> "www.buetterchen.de_20140908/german-quake-national-team-1998/links.jpg" [1]
2014-09-08 16:38:05 URL:http://www.buetterchen.de/german-quake-national-team-1998/news_b.jpg [16283/16283] -> "www.buetterchen.de_20140908/german-quake-national-team-1998/news_b.jpg" [1]
2014-09-08 16:38:05 URL:http://www.buetterchen.de/german-quake-national-team-1998/point.gif [2767/2767] -> "www.buetterchen.de_20140908/german-quake-national-team-1998/point.gif" [1]
2014-09-08 16:38:05 URL:http://www.buetterchen.de/german-quake-national-team-1998/warriors_b.jpg [19404/19404] -> "www.buetterchen.de_20140908/german-quake-national-team-1998/warriors_b.jpg" [1]
2014-09-08 16:38:05 URL:http://www.buetterchen.de/german-quake-national-team-1998/results_b.jpg [19548/19548] -> "www.buetterchen.de_20140908/german-quake-national-team-1998/results_b.jpg" [1]
http://www.buetterchen.de/german-quake-national-team-1998/results/ger_vs_faq1.html:
2014-09-08 16:38:05 ERROR 404: Not Found.
2014-09-08 16:38:05 URL:http://www.buetterchen.de/german-quake-national-team-1998/results/ger_vs_uk1.html [2260/2260] -> "www.buetterchen.de_20140908/german-quake-national-team-1998/results/ger_vs_uk1.html" [1]
2014-09-08 16:38:05 URL:http://www.buetterchen.de/german-quake-national-team-1998/results/ger_vs_cz1.html [1440/1440] -> "www.buetterchen.de_20140908/german-quake-national-team-1998/results/ger_vs_cz1.html" [1]
2014-09-08 16:38:05 URL:http://www.buetterchen.de/german-quake-national-team-1998/contact_b.jpg [19772/19772] -> "www.buetterchen.de_20140908/german-quake-national-team-1998/contact_b.jpg" [1]
2014-09-08 16:38:05 URL:http://www.buetterchen.de/german-quake-national-team-1998/links_b.jpg [16078/16078] -> "www.buetterchen.de_20140908/german-quake-national-team-1998/links_b.jpg" [1]
2014-09-08 16:38:05 URL:http://www.buetterchen.de/german-quake-national-team-1998/results/ger_vs_uk1_main.jpg [34798/34798] -> "www.buetterchen.de_20140908/german-quake-national-team-1998/results/ger_vs_uk1_main.jpg" [1]
2014-09-08 16:38:05 URL:http://www.buetterchen.de/german-quake-national-team-1998/results/ger_vs_uk1_half1.gif [35574/35574] -> "www.buetterchen.de_20140908/german-quake-national-team-1998/results/ger_vs_uk1_half1.gif" [1]
2014-09-08 16:38:05 URL:http://www.buetterchen.de/german-quake-national-team-1998/results/ger_vs_uk1_half2.gif [46381/46381] -> "www.buetterchen.de_20140908/german-quake-national-team-1998/results/ger_vs_uk1_half2.gif" [1]
2014-09-08 16:38:07 URL:http://www.buetterchen.de/german-quake-national-team-1998/demos/ger_vs_uk1_half1_speed.zip [2228951/2228951] -> "www.buetterchen.de_20140908/german-quake-national-team-1998/demos/ger_vs_uk1_half1_speed.zip" [1]
2014-09-08 16:38:09 URL:http://www.buetterchen.de/german-quake-national-team-1998/demos/ger_vs_uk1_half2_kane.zip [3707831/3707831] -> "www.buetterchen.de_20140908/german-quake-national-team-1998/demos/ger_vs_uk1_half2_kane.zip" [1]
2014-09-08 16:38:10 URL:http://www.buetterchen.de/german-quake-national-team-1998/results/ger_vs_cz1.gif [24849/24849] -> "www.buetterchen.de_20140908/german-quake-national-team-1998/results/ger_vs_cz1.gif" [1]
2014-09-08 16:38:10 URL:http://www.buetterchen.de/german-quake-national-team-1998/demos/ger_vs_cz1_tot.zip [1265662/1265662] -> "www.buetterchen.de_20140908/german-quake-national-team-1998/demos/ger_vs_cz1_tot.zip" [1]
FINISHED --2014-09-08 16:38:10--
Total wall clock time: 6.8s
Downloaded: 39 files, 7.3M in 4.8s (1.50 MB/s)
