2015-05-09 09:33:18 URL:http://www.moondrunk.se/ [105724] -> "www.moondrunk.se_20150509/index.html" [1]
2015-05-09 09:33:18 URL:http://www.moondrunk.se/main.css [10205/10205] -> "www.moondrunk.se_20150509/main.css" [1]
2015-05-09 09:33:19 URL:http://www.moondrunk.se/favicon.ico [15086/15086] -> "www.moondrunk.se_20150509/favicon.ico" [1]
2015-05-09 09:33:19 URL:http://www.moondrunk.se/js/jquery-ui.min.css [30220/30220] -> "www.moondrunk.se_20150509/js/jquery-ui.min.css" [1]
2015-05-09 09:33:19 URL:http://www.moondrunk.se/js/jquery-1.11.2.min.js [95931/95931] -> "www.moondrunk.se_20150509/js/jquery-1.11.2.min.js" [1]
2015-05-09 09:33:19 URL:http://www.moondrunk.se/js/jquery-ui.min.js [239564/239564] -> "www.moondrunk.se_20150509/js/jquery-ui.min.js" [1]
http://www.moondrunk.se/images/ui-bg_flat_0_000000_40x100.png:
2015-05-09 09:33:19 ERROR 404: Not Found.
2015-05-09 09:33:19 URL:http://www.moondrunk.se/images/badge_ani.gif [29737/29737] -> "www.moondrunk.se_20150509/images/badge_ani.gif" [1]
http://www.moondrunk.se/info.php:
2015-05-09 09:33:19 ERROR 404: Not Found.
http://www.moondrunk.se/gfx_numbers.php:
2015-05-09 09:33:19 ERROR 404: Not Found.
http://www.moondrunk.se/gfx_maps.php:
2015-05-09 09:33:19 ERROR 404: Not Found.
http://www.moondrunk.se/gfx_menus.php:
2015-05-09 09:33:19 ERROR 404: Not Found.
http://www.moondrunk.se/gfx_charsets.php:
2015-05-09 09:33:19 ERROR 404: Not Found.
2015-05-09 09:33:21 URL:http://www.moondrunk.se/files/moondrunk_charsets.zip [2677333/2677333] -> "www.moondrunk.se_20150509/files/moondrunk_charsets.zip" [1]
2015-05-09 09:33:21 URL:http://www.moondrunk.se/images/download.png [410/410] -> "www.moondrunk.se_20150509/images/download.png" [1]
2015-05-09 09:33:21 URL:http://www.moondrunk.se/images/preview.png [1424/1424] -> "www.moondrunk.se_20150509/images/preview.png" [1]
2015-05-09 09:33:22 URL:http://www.moondrunk.se/files/download.php?img=charset_babylon5.png [165971/165971] -> "www.moondrunk.se_20150509/files/download.php?img=charset_babylon5.png" [1]
2015-05-09 09:33:22 URL:http://www.moondrunk.se/files/download.php?img=charset_copperplate.png [211016/211016] -> "www.moondrunk.se_20150509/files/download.php?img=charset_copperplate.png" [1]
2015-05-09 09:33:22 URL:http://www.moondrunk.se/files/download.php?img=charset_decipher.png [120176/120176] -> "www.moondrunk.se_20150509/files/download.php?img=charset_decipher.png" [1]
2015-05-09 09:33:22 URL:http://www.moondrunk.se/files/download.php?img=charset_def1.png [18052/18052] -> "www.moondrunk.se_20150509/files/download.php?img=charset_def1.png" [1]
2015-05-09 09:33:23 URL:http://www.moondrunk.se/files/download.php?img=charset_id1.png [61377/61377] -> "www.moondrunk.se_20150509/files/download.php?img=charset_id1.png" [1]
2015-05-09 09:33:23 URL:http://www.moondrunk.se/files/download.php?img=charset_id3.png [249503/249503] -> "www.moondrunk.se_20150509/files/download.php?img=charset_id3.png" [1]
2015-05-09 09:33:24 URL:http://www.moondrunk.se/files/download.php?img=charset_id4.png [876168/876168] -> "www.moondrunk.se_20150509/files/download.php?img=charset_id4.png" [1]
2015-05-09 09:33:25 URL:http://www.moondrunk.se/files/download.php?img=charset_id5.png [844373/844373] -> "www.moondrunk.se_20150509/files/download.php?img=charset_id5.png" [1]
2015-05-09 09:33:25 URL:http://www.moondrunk.se/files/download.php?img=charset_moon2.png [66284/66284] -> "www.moondrunk.se_20150509/files/download.php?img=charset_moon2.png" [1]
2015-05-09 09:33:25 URL:http://www.moondrunk.se/files/download.php?img=charset_moon2b.png [70311/70311] -> "www.moondrunk.se_20150509/files/download.php?img=charset_moon2b.png" [1]
2015-05-09 09:33:27 URL:http://www.moondrunk.se/files/moondrunk_numbers.zip [2685078/2685078] -> "www.moondrunk.se_20150509/files/moondrunk_numbers.zip" [1]
2015-05-09 09:33:27 URL:http://www.moondrunk.se/files/download.php?img=conback_carbon.png [21677/21677] -> "www.moondrunk.se_20150509/files/download.php?img=conback_carbon.png" [1]
2015-05-09 09:33:27 URL:http://www.moondrunk.se/files/download.php?img=conback_moon1.png [137517/137517] -> "www.moondrunk.se_20150509/files/download.php?img=conback_moon1.png" [1]
2015-05-09 09:33:28 URL:http://www.moondrunk.se/files/download.php?img=conback_quake.png [748174/748174] -> "www.moondrunk.se_20150509/files/download.php?img=conback_quake.png" [1]
2015-05-09 09:33:56 URL:http://www.moondrunk.se/files/moondrunk_maps.zip [42983704/42983704] -> "www.moondrunk.se_20150509/files/moondrunk_maps.zip" [1]
2015-05-09 09:34:00 URL:http://www.moondrunk.se/files/map_a2.zip [5832472/5832472] -> "www.moondrunk.se_20150509/files/map_a2.zip" [1]
2015-05-09 09:34:03 URL:http://www.moondrunk.se/files/map_aerowalk.zip [5118025/5118025] -> "www.moondrunk.se_20150509/files/map_aerowalk.zip" [1]
2015-05-09 09:34:05 URL:http://www.moondrunk.se/files/map_pkeg1.zip [2515907/2515907] -> "www.moondrunk.se_20150509/files/map_pkeg1.zip" [1]
2015-05-09 09:34:08 URL:http://www.moondrunk.se/files/map_skull.pak [5139882/5139882] -> "www.moondrunk.se_20150509/files/map_skull.pak.html" [1]
2015-05-09 09:34:11 URL:http://www.moondrunk.se/files/map_ultrav.zip [5306049/5306049] -> "www.moondrunk.se_20150509/files/map_ultrav.zip" [1]
2015-05-09 09:34:19 URL:http://www.moondrunk.se/files/map_utressor.zip [12152535/12152535] -> "www.moondrunk.se_20150509/files/map_utressor.zip" [1]
2015-05-09 09:34:24 URL:http://www.moondrunk.se/files/map_ztndm5.zip [6955941/6955941] -> "www.moondrunk.se_20150509/files/map_ztndm5.zip" [1]
2015-05-09 09:34:28 URL:http://www.moondrunk.se/files/moondrunk_menus.zip [6968491/6968491] -> "www.moondrunk.se_20150509/files/moondrunk_menus.zip" [1]
2015-05-09 09:34:31 URL:http://www.moondrunk.se/files/menu_ez.pak [4368558/4368558] -> "www.moondrunk.se_20150509/files/menu_ez.pak.html" [1]
2015-05-09 09:34:33 URL:http://www.moondrunk.se/files/menu_metal1.zip [2654904/2654904] -> "www.moondrunk.se_20150509/files/menu_metal1.zip" [1]
2015-05-09 09:34:44 URL:http://www.moondrunk.se/files/moondrunk_textures.zip [18158154/18158154] -> "www.moondrunk.se_20150509/files/moondrunk_textures.zip" [1]
2015-05-09 09:34:52 URL:http://www.moondrunk.se/files/bmodels.zip [11828333/11828333] -> "www.moondrunk.se_20150509/files/bmodels.zip" [1]
2015-05-09 09:34:54 URL:http://www.moondrunk.se/files/v_weapons.zip [3601700/3601700] -> "www.moondrunk.se_20150509/files/v_weapons.zip" [1]
2015-05-09 09:34:56 URL:http://www.moondrunk.se/files/wad.rar [2777076/2777076] -> "www.moondrunk.se_20150509/files/wad.rar.html" [1]
2015-05-09 09:34:57 URL:http://www.moondrunk.se/files/num_babylon5.zip [246374/246374] -> "www.moondrunk.se_20150509/files/num_babylon5.zip" [1]
2015-05-09 09:34:57 URL:http://www.moondrunk.se/files/num_copperplate.zip [140517/140517] -> "www.moondrunk.se_20150509/files/num_copperplate.zip" [1]
2015-05-09 09:34:57 URL:http://www.moondrunk.se/files/num_decipher.zip [219699/219699] -> "www.moondrunk.se_20150509/files/num_decipher.zip" [1]
2015-05-09 09:34:57 URL:http://www.moondrunk.se/files/num_def1.zip [126306/126306] -> "www.moondrunk.se_20150509/files/num_def1.zip" [1]
2015-05-09 09:34:57 URL:http://www.moondrunk.se/files/num_def2.zip [94474/94474] -> "www.moondrunk.se_20150509/files/num_def2.zip" [1]
2015-05-09 09:34:57 URL:http://www.moondrunk.se/files/num_id1.zip [214937/214937] -> "www.moondrunk.se_20150509/files/num_id1.zip" [1]
2015-05-09 09:34:58 URL:http://www.moondrunk.se/files/num_id2.zip [255659/255659] -> "www.moondrunk.se_20150509/files/num_id2.zip" [1]
2015-05-09 09:34:58 URL:http://www.moondrunk.se/files/num_id3.zip [944771/944771] -> "www.moondrunk.se_20150509/files/num_id3.zip" [1]
2015-05-09 09:34:58 URL:http://www.moondrunk.se/files/num_moon1.zip [76178/76178] -> "www.moondrunk.se_20150509/files/num_moon1.zip" [1]
2015-05-09 09:34:58 URL:http://www.moondrunk.se/files/num_moon2.zip [115628/115628] -> "www.moondrunk.se_20150509/files/num_moon2.zip" [1]
2015-05-09 09:34:59 URL:http://www.moondrunk.se/files/num_moon3.zip [126680/126680] -> "www.moondrunk.se_20150509/files/num_moon3.zip" [1]
2015-05-09 09:34:59 URL:http://www.moondrunk.se/files/num_moon3b.zip [122599/122599] -> "www.moondrunk.se_20150509/files/num_moon3b.zip" [1]
2015-05-09 09:34:59 URL:http://www.moondrunk.se/images/html5.png [7670/7670] -> "www.moondrunk.se_20150509/images/html5.png" [1]
2015-05-09 09:34:59 URL:http://www.moondrunk.se/images/hoverbubble.png [1065/1065] -> "www.moondrunk.se_20150509/images/hoverbubble.png" [1]
2015-05-09 09:34:59 URL:http://www.moondrunk.se/images/hoverbubble2.png [1062/1062] -> "www.moondrunk.se_20150509/images/hoverbubble2.png" [1]
2015-05-09 09:34:59 URL:http://www.moondrunk.se/js/images/ui-bg_gloss-wave_0_121212_500x100.png [444/444] -> "www.moondrunk.se_20150509/js/images/ui-bg_gloss-wave_0_121212_500x100.png" [1]
2015-05-09 09:34:59 URL:http://www.moondrunk.se/js/images/ui-bg_highlight-hard_0_333333_1x100.png [203/203] -> "www.moondrunk.se_20150509/js/images/ui-bg_highlight-hard_0_333333_1x100.png" [1]
2015-05-09 09:34:59 URL:http://www.moondrunk.se/js/images/ui-bg_highlight-soft_0_333333_1x100.png [203/203] -> "www.moondrunk.se_20150509/js/images/ui-bg_highlight-soft_0_333333_1x100.png" [1]
2015-05-09 09:34:59 URL:http://www.moondrunk.se/js/images/ui-bg_highlight-soft_0_555555_1x100.png [203/203] -> "www.moondrunk.se_20150509/js/images/ui-bg_highlight-soft_0_555555_1x100.png" [1]
2015-05-09 09:34:59 URL:http://www.moondrunk.se/js/images/ui-bg_inset-soft_15_121212_1x100.png [277/277] -> "www.moondrunk.se_20150509/js/images/ui-bg_inset-soft_15_121212_1x100.png" [1]
2015-05-09 09:34:59 URL:http://www.moondrunk.se/js/images/ui-bg_highlight-hard_55_555555_1x100.png [250/250] -> "www.moondrunk.se_20150509/js/images/ui-bg_highlight-hard_55_555555_1x100.png" [1]
2015-05-09 09:34:59 URL:http://www.moondrunk.se/js/images/ui-bg_glass_95_fef1ec_1x400.png [332/332] -> "www.moondrunk.se_20150509/js/images/ui-bg_glass_95_fef1ec_1x400.png" [1]
2015-05-09 09:34:59 URL:http://www.moondrunk.se/js/images/ui-icons_bbbbbb_256x240.png [6991/6991] -> "www.moondrunk.se_20150509/js/images/ui-icons_bbbbbb_256x240.png" [1]
2015-05-09 09:34:59 URL:http://www.moondrunk.se/js/images/ui-icons_444444_256x240.png [6992/6992] -> "www.moondrunk.se_20150509/js/images/ui-icons_444444_256x240.png" [1]
2015-05-09 09:34:59 URL:http://www.moondrunk.se/js/images/ui-icons_555555_256x240.png [6988/6988] -> "www.moondrunk.se_20150509/js/images/ui-icons_555555_256x240.png" [1]
2015-05-09 09:35:00 URL:http://www.moondrunk.se/js/images/ui-icons_cccccc_256x240.png [6975/6975] -> "www.moondrunk.se_20150509/js/images/ui-icons_cccccc_256x240.png" [1]
2015-05-09 09:35:00 URL:http://www.moondrunk.se/js/images/ui-icons_f29a00_256x240.png [4549/4549] -> "www.moondrunk.se_20150509/js/images/ui-icons_f29a00_256x240.png" [1]
2015-05-09 09:35:00 URL:http://www.moondrunk.se/js/images/ui-icons_aaaaaa_256x240.png [6987/6987] -> "www.moondrunk.se_20150509/js/images/ui-icons_aaaaaa_256x240.png" [1]
2015-05-09 09:35:00 URL:http://www.moondrunk.se/js/images/ui-icons_cd0a0a_256x240.png [4549/4549] -> "www.moondrunk.se_20150509/js/images/ui-icons_cd0a0a_256x240.png" [1]
2015-05-09 09:35:00 URL:http://www.moondrunk.se/js/images/ui-bg_flat_0_000000_40x100.png [205/205] -> "www.moondrunk.se_20150509/js/images/ui-bg_flat_0_000000_40x100.png" [1]
2015-05-09 09:35:00 URL:http://www.moondrunk.se/js/images/ui-bg_flat_0_aaaaaa_40x100.png [212/212] -> "www.moondrunk.se_20150509/js/images/ui-bg_flat_0_aaaaaa_40x100.png" [1]
FINISHED --2015-05-09 09:35:00--
Total wall clock time: 1m 42s
Downloaded: 70 files, 142M in 1m 31s (1.56 MB/s)
