2013-09-07 21:55:33 URL:http://www.ten.net/199706/html/ten__quake.html [15492/15492] -> "www.ten.net_20130907/199706/html/ten__quake.html" [1]
2013-09-07 21:55:33 URL:http://www.ten.net/199706/assets/images/dot_clear.gif [54/54] -> "www.ten.net_20130907/199706/assets/images/dot_clear.gif" [1]
2013-09-07 21:55:33 URL:http://www.ten.net/199706/html/ten_home.html [11341/11341] -> "www.ten.net_20130907/199706/html/ten_home.html" [1]
2013-09-07 21:55:33 URL:http://www.ten.net/199706/assets/images/bnr1_DK.jpg [3167/3167] -> "www.ten.net_20130907/199706/assets/images/bnr1_DK.jpg" [1]
2013-09-07 21:55:34 URL:http://www.ten.net/199706/html/get_ten_software.html [10684/10684] -> "www.ten.net_20130907/199706/html/get_ten_software.html" [1]
2013-09-07 21:55:34 URL:http://www.ten.net/199706/assets/images/bnr2B1.jpg [2440/2440] -> "www.ten.net_20130907/199706/assets/images/bnr2B1.jpg" [1]
2013-09-07 21:55:34 URL:http://www.ten.net/199706/html/games_on_ten.html [36325/36325] -> "www.ten.net_20130907/199706/html/games_on_ten.html" [1]
2013-09-07 21:55:35 URL:http://www.ten.net/199706/assets/images/bnr2B2.jpg [2377/2377] -> "www.ten.net_20130907/199706/assets/images/bnr2B2.jpg" [1]
2013-09-07 21:55:35 URL:http://www.ten.net/199706/html/channel_ten_news.html [10674/10674] -> "www.ten.net_20130907/199706/html/channel_ten_news.html" [1]
2013-09-07 21:55:35 URL:http://www.ten.net/199706/assets/images/bnr3_DK.jpg [2738/2738] -> "www.ten.net_20130907/199706/assets/images/bnr3_DK.jpg" [1]
2013-09-07 21:55:35 URL:http://www.ten.net/199706/html/ten__company_info.html [13168/13168] -> "www.ten.net_20130907/199706/html/ten__company_info.html" [1]
2013-09-07 21:55:35 URL:http://www.ten.net/199706/assets/images/bnr4C2.jpg [2631/2631] -> "www.ten.net_20130907/199706/assets/images/bnr4C2.jpg" [1]
2013-09-07 21:55:36 URL:http://www.ten.net/199706/html/ten_customer_support.html [16563/16563] -> "www.ten.net_20130907/199706/html/ten_customer_support.html" [1]
2013-09-07 21:55:36 URL:http://www.ten.net/199706/assets/images/bnr4C1.jpg [2195/2195] -> "www.ten.net_20130907/199706/assets/images/bnr4C1.jpg" [1]
2013-09-07 21:55:36 URL:http://www.ten.net/199706/assets/images/games_dvdr.jpg [2231/2231] -> "www.ten.net_20130907/199706/assets/images/games_dvdr.jpg" [1]
2013-09-07 21:55:36 URL:http://www.ten.net/199706/assets/images/more_games.jpg [3129/3129] -> "www.ten.net_20130907/199706/assets/images/more_games.jpg" [1]
2013-09-07 21:55:36 URL:http://www.ten.net/199706/assets/images/games_bnr2.jpg [7604/7604] -> "www.ten.net_20130907/199706/assets/images/games_bnr2.jpg" [1]
2013-09-07 21:55:37 URL:http://www.ten.net/199706/html/order_ten_cd.html [21796/21796] -> "www.ten.net_20130907/199706/html/order_ten_cd.html" [1]
2013-09-07 21:55:37 URL:http://www.ten.net/199706/assets/images/orderCD.jpg [2900/2900] -> "www.ten.net_20130907/199706/assets/images/orderCD.jpg" [1]
2013-09-07 21:55:37 URL:http://www.ten.net/199706/assets/images/games_bnr1.jpg [1769/1769] -> "www.ten.net_20130907/199706/assets/images/games_bnr1.jpg" [1]
2013-09-07 21:55:38 URL:http://www.ten.net/199706/html/download_ten.html [15381/15381] -> "www.ten.net_20130907/199706/html/download_ten.html" [1]
2013-09-07 21:55:38 URL:http://www.ten.net/199706/assets/images/dwnld.jpg [2233/2233] -> "www.ten.net_20130907/199706/assets/images/dwnld.jpg" [1]
2013-09-07 21:55:38 URL:http://www.ten.net/199706/assets/images/adbar.gif [70/70] -> "www.ten.net_20130907/199706/assets/images/adbar.gif" [1]
2013-09-07 21:55:38 URL:http://www.ten.net/199706/assets/images/pogo.jpg [4115/4115] -> "www.ten.net_20130907/199706/assets/images/pogo.jpg" [1]
2013-09-07 21:55:38 URL:http://www.ten.net/199706/html/2.1_game_partners.html [22597/22597] -> "www.ten.net_20130907/199706/html/2.1_game_partners.html" [1]
2013-09-07 21:55:39 URL:http://www.ten.net/199706/assets/images/QUAKE.gif [1991/1991] -> "www.ten.net_20130907/199706/assets/images/QUAKE.gif" [1]
2013-09-07 21:55:39 URL:http://www.ten.net/199706/assets/images/icon_anchor.gif [50/50] -> "www.ten.net_20130907/199706/assets/images/icon_anchor.gif" [1]
2013-09-07 21:55:39 URL:http://www.ten.net/199706/assets/images/icon_dwnld.gif [825/825] -> "www.ten.net_20130907/199706/assets/images/icon_dwnld.gif" [1]
2013-09-07 21:55:40 URL:http://www.ten.net/199706/assets/images/icon_exlink.gif [54/54] -> "www.ten.net_20130907/199706/assets/images/icon_exlink.gif" [1]
2013-09-07 21:55:40 URL:http://www.ten.net/199706/assets/images/BODYBAG.jpg [3128/3128] -> "www.ten.net_20130907/199706/assets/images/BODYBAG.jpg" [1]
2013-09-07 21:55:40 URL:http://www.ten.net/199706/assets/images/BOXCROP.jpg [3444/3444] -> "www.ten.net_20130907/199706/assets/images/BOXCROP.jpg" [1]
2013-09-07 21:55:40 URL:http://www.ten.net/199706/assets/images/GOTHIC.jpg [2589/2589] -> "www.ten.net_20130907/199706/assets/images/GOTHIC.jpg" [1]
2013-09-07 21:55:40 URL:http://www.ten.net/199706/assets/images/KNIGHTS.jpg [3091/3091] -> "www.ten.net_20130907/199706/assets/images/KNIGHTS.jpg" [1]
2013-09-07 21:55:41 URL:http://www.ten.net/199706/assets/images/bnr1_LT.jpg [3662/3662] -> "www.ten.net_20130907/199706/assets/images/bnr1_LT.jpg" [1]
2013-09-07 21:55:41 URL:http://www.ten.net/199706/assets/images/bnr2A1.jpg [2417/2417] -> "www.ten.net_20130907/199706/assets/images/bnr2A1.jpg" [1]
2013-09-07 21:55:41 URL:http://www.ten.net/199706/assets/images/bnr2A2.jpg [2094/2094] -> "www.ten.net_20130907/199706/assets/images/bnr2A2.jpg" [1]
2013-09-07 21:55:41 URL:http://www.ten.net/199706/assets/images/home1.jpg [2949/2949] -> "www.ten.net_20130907/199706/assets/images/home1.jpg" [1]
2013-09-07 21:55:41 URL:http://www.ten.net/199706/assets/images/home2.jpg [2355/2355] -> "www.ten.net_20130907/199706/assets/images/home2.jpg" [1]
2013-09-07 21:55:42 URL:http://www.ten.net/199706/assets/images/hom_anim.gif [70013/70013] -> "www.ten.net_20130907/199706/assets/images/hom_anim.gif" [1]
2013-09-07 21:55:42 URL:http://www.ten.net/199706/assets/images/home8.jpg [1314/1314] -> "www.ten.net_20130907/199706/assets/images/home8.jpg" [1]
2013-09-07 21:55:42 URL:http://www.ten.net/199706/assets/images/home3.jpg [1125/1125] -> "www.ten.net_20130907/199706/assets/images/home3.jpg" [1]
2013-09-07 21:55:42 URL:http://www.ten.net/199706/assets/images/home4.gif [1696/1696] -> "www.ten.net_20130907/199706/assets/images/home4.gif" [1]
2013-09-07 21:55:42 URL:http://www.ten.net/199706/assets/images/home5.jpg [1457/1457] -> "www.ten.net_20130907/199706/assets/images/home5.jpg" [1]
2013-09-07 21:55:42 URL:http://www.ten.net/199706/assets/images/home6.jpg [10479/10479] -> "www.ten.net_20130907/199706/assets/images/home6.jpg" [1]
2013-09-07 21:55:43 URL:http://www.ten.net/199706/assets/images/home9.jpg [4451/4451] -> "www.ten.net_20130907/199706/assets/images/home9.jpg" [1]
2013-09-07 21:55:43 URL:http://www.ten.net/199706/assets/images/home7.jpg [7960/7960] -> "www.ten.net_20130907/199706/assets/images/home7.jpg" [1]
2013-09-07 21:55:43 URL:http://www.ten.net/199706/html/ten__cool_quotes.html [19171/19171] -> "www.ten.net_20130907/199706/html/ten__cool_quotes.html" [1]
2013-09-07 21:55:43 URL:http://www.ten.net/199706/html/ten_developer.html [5140/5140] -> "www.ten.net_20130907/199706/html/ten_developer.html" [1]
2013-09-07 21:55:44 URL:http://www.ten.net/199706/html/ten_hr.html [19032/19032] -> "www.ten.net_20130907/199706/html/ten_hr.html" [1]
2013-09-07 21:55:44 URL:http://www.ten.net/199706/html/ten_site_map.html [20813/20813] -> "www.ten.net_20130907/199706/html/ten_site_map.html" [1]
http://www.ten.net/199706/assets/auto_generated_images/img_209af81.gif:
2013-09-07 21:55:44 ERROR 404: Not Found.
2013-09-07 21:55:44 URL:http://www.ten.net/199706/html/vip_welcome.html [21844/21844] -> "www.ten.net_20130907/199706/html/vip_welcome.html" [1]
2013-09-07 21:55:44 URL:http://www.ten.net/199706/assets/images/Viplogo.gif [13488/13488] -> "www.ten.net_20130907/199706/assets/images/Viplogo.gif" [1]
2013-09-07 21:55:45 URL:http://www.ten.net/199706/html/ten__duke_nukem.html [15294/15294] -> "www.ten.net_20130907/199706/html/ten__duke_nukem.html" [1]
2013-09-07 21:55:45 URL:http://www.ten.net/199706/html/ten__deadlock.html [13240/13240] -> "www.ten.net_20130907/199706/html/ten__deadlock.html" [1]
2013-09-07 21:55:46 URL:http://www.ten.net/199706/html/ten__darksun.html [16421/16421] -> "www.ten.net_20130907/199706/html/ten__darksun.html" [1]
2013-09-07 21:55:46 URL:http://www.ten.net/199706/html/ten__command_and_conquer.html [13994/13994] -> "www.ten.net_20130907/199706/html/ten__command_and_conquer.html" [1]
2013-09-07 21:55:46 URL:http://www.ten.net/199706/html/ten__red_alert.html [13469/13469] -> "www.ten.net_20130907/199706/html/ten__red_alert.html" [1]
2013-09-07 21:55:46 URL:http://www.ten.net/199706/html/ten__diablo.html [13558/13558] -> "www.ten.net_20130907/199706/html/ten__diablo.html" [1]
2013-09-07 21:55:46 URL:http://www.ten.net/199706/html/ten__blood.html [14531/14531] -> "www.ten.net_20130907/199706/html/ten__blood.html" [1]
2013-09-07 21:55:47 URL:http://www.ten.net/199706/html/ten_price_reduction.html [8013/8013] -> "www.ten.net_20130907/199706/html/ten_price_reduction.html" [1]
2013-09-07 21:55:47 URL:http://www.ten.net/199706/html/version_1.2.html [14061/14061] -> "www.ten.net_20130907/199706/html/version_1.2.html" [1]
2013-09-07 21:55:47 URL:http://www.ten.net/199706/html/advertise_on_ten.html [4710/4710] -> "www.ten.net_20130907/199706/html/advertise_on_ten.html" [1]
2013-09-07 21:55:47 URL:http://www.ten.net/199706/assets/images/Arrived1.gif [6433/6433] -> "www.ten.net_20130907/199706/assets/images/Arrived1.gif" [1]
2013-09-07 21:55:48 URL:http://www.ten.net/199706/assets/images/bnr2C1.jpg [2771/2771] -> "www.ten.net_20130907/199706/assets/images/bnr2C1.jpg" [1]
2013-09-07 21:55:48 URL:http://www.ten.net/199706/assets/images/bnr2C2.jpg [2130/2130] -> "www.ten.net_20130907/199706/assets/images/bnr2C2.jpg" [1]
2013-09-07 21:55:48 URL:http://www.ten.net/199706/assets/images/get_dvdr.jpg [2237/2237] -> "www.ten.net_20130907/199706/assets/images/get_dvdr.jpg" [1]
2013-09-07 21:55:48 URL:http://www.ten.net/199706/assets/images/gamanm.gif [51448/51448] -> "www.ten.net_20130907/199706/assets/images/gamanm.gif" [1]
2013-09-07 21:55:48 URL:http://www.ten.net/199706/assets/images/get_bnr3.jpg [8078/8078] -> "www.ten.net_20130907/199706/assets/images/get_bnr3.jpg" [1]
2013-09-07 21:55:49 URL:http://www.ten.net/199706/assets/images/get_bnr2.jpg [1799/1799] -> "www.ten.net_20130907/199706/assets/images/get_bnr2.jpg" [1]
2013-09-07 21:55:49 URL:http://www.ten.net/199706/assets/auto_generated_images/img_44ac6760.gif [846/846] -> "www.ten.net_20130907/199706/assets/auto_generated_images/img_44ac6760.gif" [1]
2013-09-07 21:55:49 URL:http://www.ten.net/199706/assets/images/nav1a.gif [60/60] -> "www.ten.net_20130907/199706/assets/images/nav1a.gif" [1]
2013-09-07 21:55:49 URL:http://www.ten.net/199706/assets/images/get_strtd.gif [310/310] -> "www.ten.net_20130907/199706/assets/images/get_strtd.gif" [1]
2013-09-07 21:55:49 URL:http://www.ten.net/199706/html/ten__warcraft.html [14014/14014] -> "www.ten.net_20130907/199706/html/ten__warcraft.html" [1]
2013-09-07 21:55:50 URL:http://www.ten.net/199706/html/ten__panzer_general.html [13741/13741] -> "www.ten.net_20130907/199706/html/ten__panzer_general.html" [1]
2013-09-07 21:55:50 URL:http://www.ten.net/199706/assets/images/subnavblnk.GIF [48/48] -> "www.ten.net_20130907/199706/assets/images/subnavblnk.GIF" [1]
2013-09-07 21:55:50 URL:http://www.ten.net/199706/assets/images/info_blnk.gif [72/72] -> "www.ten.net_20130907/199706/assets/images/info_blnk.gif" [1]
2013-09-07 21:55:50 URL:http://www.ten.net/199706/html/what_is_ten_.html [11416/11416] -> "www.ten.net_20130907/199706/html/what_is_ten_.html" [1]
2013-09-07 21:55:50 URL:http://www.ten.net/199706/assets/images/get_what_off.gif [235/235] -> "www.ten.net_20130907/199706/assets/images/get_what_off.gif" [1]
2013-09-07 21:55:51 URL:http://www.ten.net/199706/html/connecting_to_ten.html [11178/11178] -> "www.ten.net_20130907/199706/html/connecting_to_ten.html" [1]
2013-09-07 21:55:51 URL:http://www.ten.net/199706/assets/images/get_cnct_off.gif [255/255] -> "www.ten.net_20130907/199706/assets/images/get_cnct_off.gif" [1]
2013-09-07 21:55:51 URL:http://www.ten.net/199706/html/ten_system_requirements.html [13182/13182] -> "www.ten.net_20130907/199706/html/ten_system_requirements.html" [1]
2013-09-07 21:55:51 URL:http://www.ten.net/199706/assets/images/get_rqrmnts_off.gif [363/363] -> "www.ten.net_20130907/199706/assets/images/get_rqrmnts_off.gif" [1]
2013-09-07 21:55:52 URL:http://www.ten.net/199706/html/ten_rate_plans.html [19196/19196] -> "www.ten.net_20130907/199706/html/ten_rate_plans.html" [1]
2013-09-07 21:55:52 URL:http://www.ten.net/199706/assets/images/get_rate_off.gif [228/228] -> "www.ten.net_20130907/199706/assets/images/get_rate_off.gif" [1]
2013-09-07 21:55:52 URL:http://www.ten.net/199706/assets/images/get_bnr1.jpg [1499/1499] -> "www.ten.net_20130907/199706/assets/images/get_bnr1.jpg" [1]
2013-09-07 21:55:52 URL:http://www.ten.net/199706/assets/auto_generated_images/img_5c177ac0.gif [4535/4535] -> "www.ten.net_20130907/199706/assets/auto_generated_images/img_5c177ac0.gif" [1]
2013-09-07 21:55:52 URL:http://www.ten.net/199706/assets/images/nwontn2.gif [1140/1140] -> "www.ten.net_20130907/199706/assets/images/nwontn2.gif" [1]
2013-09-07 21:55:53 URL:http://www.ten.net/199706/html/ten__master_of_orion_ii.html [11642/11642] -> "www.ten.net_20130907/199706/html/ten__master_of_orion_ii.html" [1]
2013-09-07 21:55:53 URL:http://www.ten.net/199706/assets/images/cmngsn2.gif [1169/1169] -> "www.ten.net_20130907/199706/assets/images/cmngsn2.gif" [1]
2013-09-07 21:55:53 URL:http://www.ten.net/199706/assets/images/VERTRUL1.gif [954/954] -> "www.ten.net_20130907/199706/assets/images/VERTRUL1.gif" [1]
2013-09-07 21:55:53 URL:http://www.ten.net/199706/assets/auto_generated_images/img_4b96fc00.gif [4535/4535] -> "www.ten.net_20130907/199706/assets/auto_generated_images/img_4b96fc00.gif" [1]
2013-09-07 21:55:53 URL:http://www.ten.net/199706/assets/images/YEL5.gif [7555/7555] -> "www.ten.net_20130907/199706/assets/images/YEL5.gif" [1]
2013-09-07 21:55:54 URL:http://www.ten.net/199706/assets/images/3d_action.gif [1085/1085] -> "www.ten.net_20130907/199706/assets/images/3d_action.gif" [1]
2013-09-07 21:55:54 URL:http://www.ten.net/199706/assets/images/dukelogo.gif [2922/2922] -> "www.ten.net_20130907/199706/assets/images/dukelogo.gif" [1]
2013-09-07 21:55:54 URL:http://www.ten.net/199706/assets/images/action.gif [1040/1040] -> "www.ten.net_20130907/199706/assets/images/action.gif" [1]
2013-09-07 21:55:54 URL:http://www.ten.net/199706/assets/images/blood.JPG [2788/2788] -> "www.ten.net_20130907/199706/assets/images/blood.JPG" [1]
2013-09-07 21:55:55 URL:http://www.ten.net/199706/assets/images/strat_real.gif [1234/1234] -> "www.ten.net_20130907/199706/assets/images/strat_real.gif" [1]
2013-09-07 21:55:55 URL:http://www.ten.net/199706/assets/images/cclogo.gif [2877/2877] -> "www.ten.net_20130907/199706/assets/images/cclogo.gif" [1]
2013-09-07 21:55:55 URL:http://www.ten.net/199706/assets/images/role.gif [1125/1125] -> "www.ten.net_20130907/199706/assets/images/role.gif" [1]
2013-09-07 21:55:55 URL:http://www.ten.net/199706/assets/images/DarkSunLogo.gif [6517/6517] -> "www.ten.net_20130907/199706/assets/images/DarkSunLogo.gif" [1]
2013-09-07 21:55:55 URL:http://www.ten.net/199706/assets/auto_generated_images/img_5c4c2e45.gif [2838/2838] -> "www.ten.net_20130907/199706/assets/auto_generated_images/img_5c4c2e45.gif" [1]
2013-09-07 21:55:56 URL:http://www.ten.net/199706/assets/images/strat_turn.gif [1270/1270] -> "www.ten.net_20130907/199706/assets/images/strat_turn.gif" [1]
2013-09-07 21:55:56 URL:http://www.ten.net/199706/assets/images/Panzer.gif [2035/2035] -> "www.ten.net_20130907/199706/assets/images/Panzer.gif" [1]
2013-09-07 21:55:56 URL:http://www.ten.net/199706/assets/auto_generated_images/img_5bb49540.gif [3746/3746] -> "www.ten.net_20130907/199706/assets/auto_generated_images/img_5bb49540.gif" [1]
2013-09-07 21:55:56 URL:http://www.ten.net/199706/assets/auto_generated_images/img_5085fac0.gif [2362/2362] -> "www.ten.net_20130907/199706/assets/auto_generated_images/img_5085fac0.gif" [1]
2013-09-07 21:55:56 URL:http://www.ten.net/199706/assets/images/Orion.gif [1941/1941] -> "www.ten.net_20130907/199706/assets/images/Orion.gif" [1]
2013-09-07 21:55:57 URL:http://www.ten.net/199706/assets/auto_generated_images/img_50863661.jpg [12732/12732] -> "www.ten.net_20130907/199706/assets/auto_generated_images/img_50863661.jpg" [1]
2013-09-07 21:55:57 URL:http://www.ten.net/199706/assets/images/SIM.gif [1292/1292] -> "www.ten.net_20130907/199706/assets/images/SIM.gif" [1]
2013-09-07 21:55:57 URL:http://www.ten.net/199706/assets/images/Nro.jpg [4216/4216] -> "www.ten.net_20130907/199706/assets/images/Nro.jpg" [1]
2013-09-07 21:55:57 URL:http://www.ten.net/199706/assets/auto_generated_images/img_ed85fe0.gif [2243/2243] -> "www.ten.net_20130907/199706/assets/auto_generated_images/img_ed85fe0.gif" [1]
2013-09-07 21:55:58 URL:http://www.ten.net/199706/assets/images/Shadow_Warrior.gif [2105/2105] -> "www.ten.net_20130907/199706/assets/images/Shadow_Warrior.gif" [1]
2013-09-07 21:55:58 URL:http://www.ten.net/199706/assets/images/TWILOGO.gif [2858/2858] -> "www.ten.net_20130907/199706/assets/images/TWILOGO.gif" [1]
2013-09-07 21:55:58 URL:http://www.ten.net/199706/assets/images/EF2000.jpg [7037/7037] -> "www.ten.net_20130907/199706/assets/images/EF2000.jpg" [1]
2013-09-07 21:55:59 URL:http://www.ten.net/199706/assets/images/bnr3_LT.JPG [3282/3282] -> "www.ten.net_20130907/199706/assets/images/bnr3_LT.JPG" [1]
2013-09-07 21:55:59 URL:http://www.ten.net/199706/assets/images/CHten_1.jpg [6700/6700] -> "www.ten.net_20130907/199706/assets/images/CHten_1.jpg" [1]
2013-09-07 21:55:59 URL:http://www.ten.net/199706/assets/images/CHten_2.jpg [1342/1342] -> "www.ten.net_20130907/199706/assets/images/CHten_2.jpg" [1]
2013-09-07 21:55:59 URL:http://www.ten.net/199706/assets/images/CHten_4.jpg [3353/3353] -> "www.ten.net_20130907/199706/assets/images/CHten_4.jpg" [1]
2013-09-07 21:55:59 URL:http://www.ten.net/199706/assets/images/CH10anm.gif [15871/15871] -> "www.ten.net_20130907/199706/assets/images/CH10anm.gif" [1]
2013-09-07 21:56:00 URL:http://www.ten.net/199706/assets/images/CHten_3.jpg [1229/1229] -> "www.ten.net_20130907/199706/assets/images/CHten_3.jpg" [1]
2013-09-07 21:56:00 URL:http://www.ten.net/199706/html/5-5-97.html [16374/16374] -> "www.ten.net_20130907/199706/html/5-5-97.html" [1]
2013-09-07 21:56:00 URL:http://www.ten.net/199706/html/4-15-97.html [13948/13948] -> "www.ten.net_20130907/199706/html/4-15-97.html" [1]
2013-09-07 21:56:00 URL:http://www.ten.net/199706/html/3-6-97a.html [10624/10624] -> "www.ten.net_20130907/199706/html/3-6-97a.html" [1]
2013-09-07 21:56:01 URL:http://www.ten.net/199706/html/12-16-96.html [11969/11969] -> "www.ten.net_20130907/199706/html/12-16-96.html" [1]
2013-09-07 21:56:01 URL:http://www.ten.net/199706/assets/images/DATASPH.gif [6337/6337] -> "www.ten.net_20130907/199706/assets/images/DATASPH.gif" [1]
2013-09-07 21:56:01 URL:http://www.ten.net/199706/assets/images/fflogo.gif [8405/8405] -> "www.ten.net_20130907/199706/assets/images/fflogo.gif" [1]
2013-09-07 21:56:01 URL:http://www.ten.net/199706/assets/images/bnr4A2.jpg [3045/3045] -> "www.ten.net_20130907/199706/assets/images/bnr4A2.jpg" [1]
2013-09-07 21:56:02 URL:http://www.ten.net/199706/assets/images/bnr4A1.jpg [2255/2255] -> "www.ten.net_20130907/199706/assets/images/bnr4A1.jpg" [1]
2013-09-07 21:56:02 URL:http://www.ten.net/199706/assets/images/info_lft.jpg [5005/5005] -> "www.ten.net_20130907/199706/assets/images/info_lft.jpg" [1]
2013-09-07 21:56:02 URL:http://www.ten.net/199706/assets/images/info_rt.jpg [9182/9182] -> "www.ten.net_20130907/199706/assets/images/info_rt.jpg" [1]
2013-09-07 21:56:02 URL:http://www.ten.net/199706/assets/images/nav1c.gif [66/66] -> "www.ten.net_20130907/199706/assets/images/nav1c.gif" [1]
2013-09-07 21:56:02 URL:http://www.ten.net/199706/assets/images/overview.gif [291/291] -> "www.ten.net_20130907/199706/assets/images/overview.gif" [1]
2013-09-07 21:56:02 URL:http://www.ten.net/199706/html/ten__press_center.html [11914/11914] -> "www.ten.net_20130907/199706/html/ten__press_center.html" [1]
2013-09-07 21:56:03 URL:http://www.ten.net/199706/assets/images/info_prscntr_off.gif [290/290] -> "www.ten.net_20130907/199706/assets/images/info_prscntr_off.gif" [1]
2013-09-07 21:56:03 URL:http://www.ten.net/199706/assets/images/subnav1a.gif [55/55] -> "www.ten.net_20130907/199706/assets/images/subnav1a.gif" [1]
2013-09-07 21:56:03 URL:http://www.ten.net/199706/html/ten__press_releases.html [20032/20032] -> "www.ten.net_20130907/199706/html/ten__press_releases.html" [1]
2013-09-07 21:56:03 URL:http://www.ten.net/199706/assets/images/info_prsrls_off.gif [277/277] -> "www.ten.net_20130907/199706/assets/images/info_prsrls_off.gif" [1]
2013-09-07 21:56:04 URL:http://www.ten.net/199706/html/articles_about_ten.html [12985/12985] -> "www.ten.net_20130907/199706/html/articles_about_ten.html" [1]
2013-09-07 21:56:04 URL:http://www.ten.net/199706/assets/images/info_articles_off.gif [335/335] -> "www.ten.net_20130907/199706/assets/images/info_articles_off.gif" [1]
2013-09-07 21:56:04 URL:http://www.ten.net/199706/assets/images/info_quotes_off.gif [269/269] -> "www.ten.net_20130907/199706/assets/images/info_quotes_off.gif" [1]
2013-09-07 21:56:04 URL:http://www.ten.net/199706/assets/images/info_humn_off.gif [363/363] -> "www.ten.net_20130907/199706/assets/images/info_humn_off.gif" [1]
2013-09-07 21:56:04 URL:http://www.ten.net/199706/html/ten_job_openings.html [18756/18756] -> "www.ten.net_20130907/199706/html/ten_job_openings.html" [1]
2013-09-07 21:56:05 URL:http://www.ten.net/199706/assets/images/info_jobs_off.gif [277/277] -> "www.ten.net_20130907/199706/assets/images/info_jobs_off.gif" [1]
2013-09-07 21:56:05 URL:http://www.ten.net/199706/html/resume_form.html [20217/20217] -> "www.ten.net_20130907/199706/html/resume_form.html" [1]
2013-09-07 21:56:05 URL:http://www.ten.net/199706/assets/images/info_resme_off.gif [285/285] -> "www.ten.net_20130907/199706/assets/images/info_resme_off.gif" [1]
2013-09-07 21:56:05 URL:http://www.ten.net/199706/html/ten_culture.html [20266/20266] -> "www.ten.net_20130907/199706/html/ten_culture.html" [1]
2013-09-07 21:56:05 URL:http://www.ten.net/199706/assets/images/info_cltr_off.gif [254/254] -> "www.ten.net_20130907/199706/assets/images/info_cltr_off.gif" [1]
2013-09-07 21:56:06 URL:http://www.ten.net/199706/html/ten_s_mgmt_team.html [17770/17770] -> "www.ten.net_20130907/199706/html/ten_s_mgmt_team.html" [1]
2013-09-07 21:56:06 URL:http://www.ten.net/199706/assets/images/info_mngmt_off.gif [384/384] -> "www.ten.net_20130907/199706/assets/images/info_mngmt_off.gif" [1]
2013-09-07 21:56:06 URL:http://www.ten.net/199706/html/ten_essays.html [19367/19367] -> "www.ten.net_20130907/199706/html/ten_essays.html" [1]
2013-09-07 21:56:06 URL:http://www.ten.net/199706/assets/images/info_essys_off.gif [203/203] -> "www.ten.net_20130907/199706/assets/images/info_essys_off.gif" [1]
2013-09-07 21:56:06 URL:http://www.ten.net/199706/assets/images/bnr4B2.jpg [2881/2881] -> "www.ten.net_20130907/199706/assets/images/bnr4B2.jpg" [1]
2013-09-07 21:56:07 URL:http://www.ten.net/199706/assets/images/bnr4B1.jpg [2665/2665] -> "www.ten.net_20130907/199706/assets/images/bnr4B1.jpg" [1]
2013-09-07 21:56:07 URL:http://www.ten.net/199706/assets/images/support.jpg [13315/13315] -> "www.ten.net_20130907/199706/assets/images/support.jpg" [1]
2013-09-07 21:56:07 URL:http://www.ten.net/199706/assets/images/CSD-NAV1.gif [245/245] -> "www.ten.net_20130907/199706/assets/images/CSD-NAV1.gif" [1]
2013-09-07 21:56:07 URL:http://www.ten.net/199706/html/ten_tutorial.html [10514/10514] -> "www.ten.net_20130907/199706/html/ten_tutorial.html" [1]
2013-09-07 21:56:07 URL:http://www.ten.net/199706/assets/images/CS-NAV2.gif [219/219] -> "www.ten.net_20130907/199706/assets/images/CS-NAV2.gif" [1]
2013-09-07 21:56:07 URL:http://www.ten.net/199706/html/getting_ten_software.html [11387/11387] -> "www.ten.net_20130907/199706/html/getting_ten_software.html" [1]
2013-09-07 21:56:08 URL:http://www.ten.net/199706/assets/images/CS-NAV3.gif [272/272] -> "www.ten.net_20130907/199706/assets/images/CS-NAV3.gif" [1]
2013-09-07 21:56:08 URL:http://www.ten.net/199706/html/installing_ten.html [12917/12917] -> "www.ten.net_20130907/199706/html/installing_ten.html" [1]
2013-09-07 21:56:08 URL:http://www.ten.net/199706/assets/images/CS-NAV4.gif [292/292] -> "www.ten.net_20130907/199706/assets/images/CS-NAV4.gif" [1]
2013-09-07 21:56:08 URL:http://www.ten.net/199706/html/getting_game_software.html [22847/22847] -> "www.ten.net_20130907/199706/html/getting_game_software.html" [1]
2013-09-07 21:56:09 URL:http://www.ten.net/199706/assets/images/CS-NAV5.gif [289/289] -> "www.ten.net_20130907/199706/assets/images/CS-NAV5.gif" [1]
2013-09-07 21:56:09 URL:http://www.ten.net/199706/html/creating_ten_account.html [13301/13301] -> "www.ten.net_20130907/199706/html/creating_ten_account.html" [1]
2013-09-07 21:56:09 URL:http://www.ten.net/199706/assets/images/CS-NAV6.gif [288/288] -> "www.ten.net_20130907/199706/assets/images/CS-NAV6.gif" [1]
2013-09-07 21:56:09 URL:http://www.ten.net/199706/html/first_time_connect.html [14225/14225] -> "www.ten.net_20130907/199706/html/first_time_connect.html" [1]
2013-09-07 21:56:09 URL:http://www.ten.net/199706/assets/images/CS-NAV7.gif [266/266] -> "www.ten.net_20130907/199706/assets/images/CS-NAV7.gif" [1]
2013-09-07 21:56:10 URL:http://www.ten.net/199706/assets/images/CS-NAV7B.gif [255/255] -> "www.ten.net_20130907/199706/assets/images/CS-NAV7B.gif" [1]
2013-09-07 21:56:10 URL:http://www.ten.net/199706/html/arriving_on_ten.html [13064/13064] -> "www.ten.net_20130907/199706/html/arriving_on_ten.html" [1]
2013-09-07 21:56:10 URL:http://www.ten.net/199706/assets/images/CS-NAV8.gif [246/246] -> "www.ten.net_20130907/199706/assets/images/CS-NAV8.gif" [1]
2013-09-07 21:56:10 URL:http://www.ten.net/199706/assets/images/con3.gif.gif [3356/3356] -> "www.ten.net_20130907/199706/assets/images/con3.gif.gif" [1]
2013-09-07 21:56:10 URL:http://www.ten.net/199706/assets/images/get_strtd_off.gif [284/284] -> "www.ten.net_20130907/199706/assets/images/get_strtd_off.gif" [1]
2013-09-07 21:56:11 URL:http://www.ten.net/199706/assets/images/img_5af9d2c11.gif [4535/4535] -> "www.ten.net_20130907/199706/assets/images/img_5af9d2c11.gif" [1]
2013-09-07 21:56:11 URL:http://www.ten.net/199706/assets/images/3drealmslogo.jpg [3409/3409] -> "www.ten.net_20130907/199706/assets/images/3drealmslogo.jpg" [1]
2013-09-07 21:56:11 URL:http://www.ten.net/199706/assets/images/ACCOLADE.gif [1606/1606] -> "www.ten.net_20130907/199706/assets/images/ACCOLADE.gif" [1]
2013-09-07 21:56:12 URL:http://www.ten.net/199706/assets/images/BLIZZARD.gif [3655/3655] -> "www.ten.net_20130907/199706/assets/images/BLIZZARD.gif" [1]
2013-09-07 21:56:12 URL:http://www.ten.net/199706/assets/images/EIDOS.gif [1719/1719] -> "www.ten.net_20130907/199706/assets/images/EIDOS.gif" [1]
2013-09-07 21:56:12 URL:http://www.ten.net/199706/assets/images/intro-mi.gif [4581/4581] -> "www.ten.net_20130907/199706/assets/images/intro-mi.gif" [1]
2013-09-07 21:56:12 URL:http://www.ten.net/199706/assets/images/id.gif [3090/3090] -> "www.ten.net_20130907/199706/assets/images/id.gif" [1]
2013-09-07 21:56:12 URL:http://www.ten.net/199706/assets/images/MICROP.gif [1643/1643] -> "www.ten.net_20130907/199706/assets/images/MICROP.gif" [1]
2013-09-07 21:56:12 URL:http://www.ten.net/199706/assets/images/monolith.GIF [6370/6370] -> "www.ten.net_20130907/199706/assets/images/monolith.GIF" [1]
2013-09-07 21:56:13 URL:http://www.ten.net/199706/assets/images/Papylogbs.gif [1886/1886] -> "www.ten.net_20130907/199706/assets/images/Papylogbs.gif" [1]
2013-09-07 21:56:13 URL:http://www.ten.net/199706/assets/images/SIERRA.jpg [4026/4026] -> "www.ten.net_20130907/199706/assets/images/SIERRA.jpg" [1]
2013-09-07 21:56:13 URL:http://www.ten.net/199706/assets/images/SSI.gif [2538/2538] -> "www.ten.net_20130907/199706/assets/images/SSI.gif" [1]
2013-09-07 21:56:13 URL:http://www.ten.net/199706/assets/images/WESTWD.gif [2322/2322] -> "www.ten.net_20130907/199706/assets/images/WESTWD.gif" [1]
2013-09-07 21:56:13 URL:http://www.ten.net/199706/assets/images/nav1b.gif [90/90] -> "www.ten.net_20130907/199706/assets/images/nav1b.gif" [1]
2013-09-07 21:56:13 URL:http://www.ten.net/199706/assets/images/overview_off.gif [231/231] -> "www.ten.net_20130907/199706/assets/images/overview_off.gif" [1]
2013-09-07 21:56:14 URL:http://www.ten.net/199706/assets/images/nav1blnk.gif [60/60] -> "www.ten.net_20130907/199706/assets/images/nav1blnk.gif" [1]
2013-09-07 21:56:14 URL:http://www.ten.net/199706/assets/images/subnav1d.GIF [86/86] -> "www.ten.net_20130907/199706/assets/images/subnav1d.GIF" [1]
2013-09-07 21:56:14 URL:http://www.ten.net/199706/assets/images/subnav1c.gif [62/62] -> "www.ten.net_20130907/199706/assets/images/subnav1c.gif" [1]
2013-09-07 21:56:14 URL:http://www.ten.net/199706/assets/images/info_quotes.gif [313/313] -> "www.ten.net_20130907/199706/assets/images/info_quotes.gif" [1]
2013-09-07 21:56:15 URL:http://www.ten.net/199706/assets/images/developer.JPG [36756/36756] -> "www.ten.net_20130907/199706/assets/images/developer.JPG" [1]
2013-09-07 21:56:15 URL:http://www.ten.net/199706/html/ten_developer_login.html [4816/4816] -> "www.ten.net_20130907/199706/html/ten_developer_login.html" [1]
2013-09-07 21:56:16 URL:http://www.ten.net/199706/html/register.html [10941/10941] -> "www.ten.net_20130907/199706/html/register.html" [1]
2013-09-07 21:56:16 URL:http://www.ten.net/199706/html/developer_overview.html [16536/16536] -> "www.ten.net_20130907/199706/html/developer_overview.html" [1]
2013-09-07 21:56:16 URL:http://www.ten.net/199706/assets/images/tube.gif [2456/2456] -> "www.ten.net_20130907/199706/assets/images/tube.gif" [1]
2013-09-07 21:56:17 URL:http://www.ten.net/199706/html/hot_jobs.html [18989/18989] -> "www.ten.net_20130907/199706/html/hot_jobs.html" [1]
2013-09-07 21:56:17 URL:http://www.ten.net/199706/html/bus_dev.html [15221/15221] -> "www.ten.net_20130907/199706/html/bus_dev.html" [1]
2013-09-07 21:56:17 URL:http://www.ten.net/199706/html/cs.html [15444/15444] -> "www.ten.net_20130907/199706/html/cs.html" [1]
2013-09-07 21:56:18 URL:http://www.ten.net/199706/html/design_ui.html [15209/15209] -> "www.ten.net_20130907/199706/html/design_ui.html" [1]
2013-09-07 21:56:18 URL:http://www.ten.net/199706/html/editorial.html [15343/15343] -> "www.ten.net_20130907/199706/html/editorial.html" [1]
2013-09-07 21:56:19 URL:http://www.ten.net/199706/html/engineering.html [15252/15252] -> "www.ten.net_20130907/199706/html/engineering.html" [1]
2013-09-07 21:56:19 URL:http://www.ten.net/199706/html/back_end_dev.html [15451/15451] -> "www.ten.net_20130907/199706/html/back_end_dev.html" [1]
2013-09-07 21:56:19 URL:http://www.ten.net/199706/html/games_int.html [15454/15454] -> "www.ten.net_20130907/199706/html/games_int.html" [1]
2013-09-07 21:56:20 URL:http://www.ten.net/199706/html/qa.html [15464/15464] -> "www.ten.net_20130907/199706/html/qa.html" [1]
2013-09-07 21:56:20 URL:http://www.ten.net/199706/html/facilities_admin.html [15282/15282] -> "www.ten.net_20130907/199706/html/facilities_admin.html" [1]
2013-09-07 21:56:20 URL:http://www.ten.net/199706/html/finance.html [15365/15365] -> "www.ten.net_20130907/199706/html/finance.html" [1]
2013-09-07 21:56:20 URL:http://www.ten.net/199706/html/marketing.html [15365/15365] -> "www.ten.net_20130907/199706/html/marketing.html" [1]
2013-09-07 21:56:20 URL:http://www.ten.net/199706/html/mis_netops.html [20307/20307] -> "www.ten.net_20130907/199706/html/mis_netops.html" [1]
2013-09-07 21:56:21 URL:http://www.ten.net/199706/html/prod_dev.html [15455/15455] -> "www.ten.net_20130907/199706/html/prod_dev.html" [1]
2013-09-07 21:56:21 URL:http://www.ten.net/199706/html/software_dev.html [15453/15453] -> "www.ten.net_20130907/199706/html/software_dev.html" [1]
2013-09-07 21:56:21 URL:http://www.ten.net/199706/html/hr.html [15346/15346] -> "www.ten.net_20130907/199706/html/hr.html" [1]
2013-09-07 21:56:21 URL:http://www.ten.net/199706/assets/images/subnav1b.gif [84/84] -> "www.ten.net_20130907/199706/assets/images/subnav1b.gif" [1]
2013-09-07 21:56:21 URL:http://www.ten.net/199706/assets/images/info_humn.gif [415/415] -> "www.ten.net_20130907/199706/assets/images/info_humn.gif" [1]
2013-09-07 21:56:22 URL:http://www.ten.net/199706/assets/images/info_hjobs_off.gif [225/225] -> "www.ten.net_20130907/199706/assets/images/info_hjobs_off.gif" [1]
2013-09-07 21:56:22 URL:http://www.ten.net/199706/assets/images/Hom_nav.gif [1019/1019] -> "www.ten.net_20130907/199706/assets/images/Hom_nav.gif" [1]
2013-09-07 21:56:22 URL:http://www.ten.net/199706/assets/images/site_key.gif [2970/2970] -> "www.ten.net_20130907/199706/assets/images/site_key.gif" [1]
2013-09-07 21:56:22 URL:http://www.ten.net/199706/assets/images/Get_nav.gif [1124/1124] -> "www.ten.net_20130907/199706/assets/images/Get_nav.gif" [1]
2013-09-07 21:56:22 URL:http://www.ten.net/199706/assets/images/Gam_nav.gif [1035/1035] -> "www.ten.net_20130907/199706/assets/images/Gam_nav.gif" [1]
2013-09-07 21:56:23 URL:http://www.ten.net/199706/assets/images/CMPNYINF_NAV.GIF [1145/1145] -> "www.ten.net_20130907/199706/assets/images/CMPNYINF_NAV.GIF" [1]
2013-09-07 21:56:23 URL:http://www.ten.net/199706/assets/images/spprt_ovrvw_off.gif [220/220] -> "www.ten.net_20130907/199706/assets/images/spprt_ovrvw_off.gif" [1]
2013-09-07 21:56:23 URL:http://www.ten.net/199706/assets/images/CHNLTEN_NAV.GIF [1095/1095] -> "www.ten.net_20130907/199706/assets/images/CHNLTEN_NAV.GIF" [1]
2013-09-07 21:56:23 URL:http://www.ten.net/199706/assets/images/SPPRT_NAV.GIF [1049/1049] -> "www.ten.net_20130907/199706/assets/images/SPPRT_NAV.GIF" [1]
2013-09-07 21:56:23 URL:http://www.ten.net/199706/assets/images/spprt_hnts_off.gif [257/257] -> "www.ten.net_20130907/199706/assets/images/spprt_hnts_off.gif" [1]
2013-09-07 21:56:23 URL:http://www.ten.net/199706/assets/images/spprt_faq_off.gif [173/173] -> "www.ten.net_20130907/199706/assets/images/spprt_faq_off.gif" [1]
2013-09-07 21:56:24 URL:http://www.ten.net/199706/assets/images/spprt_mail_off.gif [288/288] -> "www.ten.net_20130907/199706/assets/images/spprt_mail_off.gif" [1]
2013-09-07 21:56:24 URL:http://www.ten.net/199706/assets/auto_generated_images/img_5cab8780.gif [874/874] -> "www.ten.net_20130907/199706/assets/auto_generated_images/img_5cab8780.gif" [1]
2013-09-07 21:56:24 URL:http://www.ten.net/199706/assets/images/03BSDIE.jpg [3260/3260] -> "www.ten.net_20130907/199706/assets/images/03BSDIE.jpg" [1]
2013-09-07 21:56:24 URL:http://www.ten.net/199706/assets/images/DNSHOT1.jpg [6122/6122] -> "www.ten.net_20130907/199706/assets/images/DNSHOT1.jpg" [1]
2013-09-07 21:56:25 URL:http://www.ten.net/199706/assets/images/DNSHOT10.jpg [3914/3914] -> "www.ten.net_20130907/199706/assets/images/DNSHOT10.jpg" [1]
2013-09-07 21:56:25 URL:http://www.ten.net/199706/assets/images/DNSHOT6.jpg [3379/3379] -> "www.ten.net_20130907/199706/assets/images/DNSHOT6.jpg" [1]
2013-09-07 21:56:25 URL:http://www.ten.net/199706/assets/images/DNSHOT7.jpg [4059/4059] -> "www.ten.net_20130907/199706/assets/images/DNSHOT7.jpg" [1]
2013-09-07 21:56:25 URL:http://www.ten.net/199706/assets/images/DeadLock.gif [1491/1491] -> "www.ten.net_20130907/199706/assets/images/DeadLock.gif" [1]
2013-09-07 21:56:25 URL:http://www.ten.net/199706/assets/images/ALTAR.jpg [4570/4570] -> "www.ten.net_20130907/199706/assets/images/ALTAR.jpg" [1]
2013-09-07 21:56:25 URL:http://www.ten.net/199706/assets/images/BBSPRAY.jpg [4650/4650] -> "www.ten.net_20130907/199706/assets/images/BBSPRAY.jpg" [1]
2013-09-07 21:56:26 URL:http://www.ten.net/199706/assets/images/CRYPT.jpg [4257/4257] -> "www.ten.net_20130907/199706/assets/images/CRYPT.jpg" [1]
2013-09-07 21:56:26 URL:http://www.ten.net/199706/assets/images/EL2.jpg [2535/2535] -> "www.ten.net_20130907/199706/assets/images/EL2.jpg" [1]
2013-09-07 21:56:26 URL:http://www.ten.net/199706/assets/images/ORCA2.jpg [4539/4539] -> "www.ten.net_20130907/199706/assets/images/ORCA2.jpg" [1]
2013-09-07 21:56:26 URL:http://www.ten.net/199706/assets/images/SCRSHT01.jpg [4829/4829] -> "www.ten.net_20130907/199706/assets/images/SCRSHT01.jpg" [1]
2013-09-07 21:56:26 URL:http://www.ten.net/199706/assets/images/TANK4ED.jpg [4493/4493] -> "www.ten.net_20130907/199706/assets/images/TANK4ED.jpg" [1]
2013-09-07 21:56:27 URL:http://www.ten.net/199706/assets/images/REDALERT.gif [7241/7241] -> "www.ten.net_20130907/199706/assets/images/REDALERT.gif" [1]
2013-09-07 21:56:27 URL:http://www.ten.net/199706/assets/images/raapache.jpg [5415/5415] -> "www.ten.net_20130907/199706/assets/images/raapache.jpg" [1]
2013-09-07 21:56:27 URL:http://www.ten.net/199706/assets/images/ragam1.gif [11229/11229] -> "www.ten.net_20130907/199706/assets/images/ragam1.gif" [1]
2013-09-07 21:56:27 URL:http://www.ten.net/199706/assets/images/racruiser.jpg [5321/5321] -> "www.ten.net_20130907/199706/assets/images/racruiser.jpg" [1]
2013-09-07 21:56:28 URL:http://www.ten.net/199706/assets/images/diablo.GIF [2016/2016] -> "www.ten.net_20130907/199706/assets/images/diablo.GIF" [1]
2013-09-07 21:56:28 URL:http://www.ten.net/199706/assets/images/dblskelt.jpg [8575/8575] -> "www.ten.net_20130907/199706/assets/images/dblskelt.jpg" [1]
2013-09-07 21:56:28 URL:http://www.ten.net/199706/assets/images/dblcows.jpg [5879/5879] -> "www.ten.net_20130907/199706/assets/images/dblcows.jpg" [1]
2013-09-07 21:56:28 URL:http://www.ten.net/199706/assets/images/dbllava.JPG [7198/7198] -> "www.ten.net_20130907/199706/assets/images/dbllava.JPG" [1]
2013-09-07 21:56:29 URL:http://www.ten.net/199706/assets/images/BLDSCRN1.jpg [17649/17649] -> "www.ten.net_20130907/199706/assets/images/BLDSCRN1.jpg" [1]
2013-09-07 21:56:29 URL:http://www.ten.net/199706/assets/images/BLDSCRN2.jpg [18630/18630] -> "www.ten.net_20130907/199706/assets/images/BLDSCRN2.jpg" [1]
2013-09-07 21:56:29 URL:http://www.ten.net/199706/assets/images/BLDSCRN3.jpg [17521/17521] -> "www.ten.net_20130907/199706/assets/images/BLDSCRN3.jpg" [1]
2013-09-07 21:56:30 URL:http://www.ten.net/199706/assets/images/BLDSCRN4.jpg [18643/18643] -> "www.ten.net_20130907/199706/assets/images/BLDSCRN4.jpg" [1]
2013-09-07 21:56:30 URL:http://www.ten.net/199706/assets/images/con3.gif [3356/3356] -> "www.ten.net_20130907/199706/assets/images/con3.gif" [1]
2013-09-07 21:56:30 URL:http://www.ten.net/199706/assets/images/WARCRAFT.gif [2831/2831] -> "www.ten.net_20130907/199706/assets/images/WARCRAFT.gif" [1]
2013-09-07 21:56:30 URL:http://www.ten.net/199706/assets/images/SCREEN3.jpg [3414/3414] -> "www.ten.net_20130907/199706/assets/images/SCREEN3.jpg" [1]
2013-09-07 21:56:31 URL:http://www.ten.net/199706/assets/images/SCREEN4.jpg [2537/2537] -> "www.ten.net_20130907/199706/assets/images/SCREEN4.jpg" [1]
2013-09-07 21:56:31 URL:http://www.ten.net/199706/assets/images/SCREEN5.jpg [4065/4065] -> "www.ten.net_20130907/199706/assets/images/SCREEN5.jpg" [1]
2013-09-07 21:56:31 URL:http://www.ten.net/199706/assets/images/get_what.gif [259/259] -> "www.ten.net_20130907/199706/assets/images/get_what.gif" [1]
2013-09-07 21:56:31 URL:http://www.ten.net/199706/assets/images/get_cnct.gif [273/273] -> "www.ten.net_20130907/199706/assets/images/get_cnct.gif" [1]
2013-09-07 21:56:31 URL:http://www.ten.net/199706/assets/images/get_rqrmnts.gif [390/390] -> "www.ten.net_20130907/199706/assets/images/get_rqrmnts.gif" [1]
2013-09-07 21:56:32 URL:http://www.ten.net/199706/assets/images/get_rate.gif [241/241] -> "www.ten.net_20130907/199706/assets/images/get_rate.gif" [1]
2013-09-07 21:56:32 URL:http://www.ten.net/199706/assets/images/return.gif [5007/5007] -> "www.ten.net_20130907/199706/assets/images/return.gif" [1]
2013-09-07 21:56:32 URL:http://www.ten.net/199706/html/4-28-97b.html [12897/12897] -> "www.ten.net_20130907/199706/html/4-28-97b.html" [1]
2013-09-07 21:56:32 URL:http://www.ten.net/199706/assets/images/prev.gif [426/426] -> "www.ten.net_20130907/199706/assets/images/prev.gif" [1]
2013-09-07 21:56:32 URL:http://www.ten.net/199706/html/5-14-97a.html [11675/11675] -> "www.ten.net_20130907/199706/html/5-14-97a.html" [1]
2013-09-07 21:56:33 URL:http://www.ten.net/199706/assets/images/next.gif [305/305] -> "www.ten.net_20130907/199706/assets/images/next.gif" [1]
2013-09-07 21:56:33 URL:http://www.ten.net/199706/html/4-10-97.html [10911/10911] -> "www.ten.net_20130907/199706/html/4-10-97.html" [1]
2013-09-07 21:56:33 URL:http://www.ten.net/199706/html/4-16-97.html [9011/9011] -> "www.ten.net_20130907/199706/html/4-16-97.html" [1]
2013-09-07 21:56:33 URL:http://www.ten.net/199706/html/1-10-97.html [10316/10316] -> "www.ten.net_20130907/199706/html/1-10-97.html" [1]
2013-09-07 21:56:34 URL:http://www.ten.net/199706/html/3-6-97b.html [9220/9220] -> "www.ten.net_20130907/199706/html/3-6-97b.html" [1]
2013-09-07 21:56:34 URL:http://www.ten.net/199706/html/12-3-96.html [13340/13340] -> "www.ten.net_20130907/199706/html/12-3-96.html" [1]
2013-09-07 21:56:34 URL:http://www.ten.net/199706/html/1-3-97.html [10792/10792] -> "www.ten.net_20130907/199706/html/1-3-97.html" [1]
2013-09-07 21:56:34 URL:http://www.ten.net/199706/assets/images/info_prscntr.gif [313/313] -> "www.ten.net_20130907/199706/assets/images/info_prscntr.gif" [1]
2013-09-07 21:56:35 URL:http://www.ten.net/199706/html/6-12-97.html [10902/10902] -> "www.ten.net_20130907/199706/html/6-12-97.html" [1]
2013-09-07 21:56:35 URL:http://www.ten.net/199706/html/5-30-97.html [10711/10711] -> "www.ten.net_20130907/199706/html/5-30-97.html" [1]
2013-09-07 21:56:35 URL:http://www.ten.net/199706/html/5-29-97.html [9428/9428] -> "www.ten.net_20130907/199706/html/5-29-97.html" [1]
2013-09-07 21:56:36 URL:http://www.ten.net/199706/html/5-14-97b.html [10420/10420] -> "www.ten.net_20130907/199706/html/5-14-97b.html" [1]
2013-09-07 21:56:36 URL:http://www.ten.net/199706/html/4-28-97a.html [11464/11464] -> "www.ten.net_20130907/199706/html/4-28-97a.html" [1]
2013-09-07 21:56:36 URL:http://www.ten.net/199706/html/3-27-97.html [13590/13590] -> "www.ten.net_20130907/199706/html/3-27-97.html" [1]
2013-09-07 21:56:36 URL:http://www.ten.net/199706/html/11-26-96.html [14245/14245] -> "www.ten.net_20130907/199706/html/11-26-96.html" [1]
2013-09-07 21:56:37 URL:http://www.ten.net/199706/html/11-25-96.html [10965/10965] -> "www.ten.net_20130907/199706/html/11-25-96.html" [1]
2013-09-07 21:56:37 URL:http://www.ten.net/199706/html/10-9-96.html [10385/10385] -> "www.ten.net_20130907/199706/html/10-9-96.html" [1]
2013-09-07 21:56:37 URL:http://www.ten.net/199706/html/9-30-96.html [10584/10584] -> "www.ten.net_20130907/199706/html/9-30-96.html" [1]
2013-09-07 21:56:37 URL:http://www.ten.net/199706/html/9-23-96.html [17840/17840] -> "www.ten.net_20130907/199706/html/9-23-96.html" [1]
2013-09-07 21:56:37 URL:http://www.ten.net/199706/html/9-6-96.html [9228/9228] -> "www.ten.net_20130907/199706/html/9-6-96.html" [1]
2013-09-07 21:56:38 URL:http://www.ten.net/199706/html/9-4-96.html [10612/10612] -> "www.ten.net_20130907/199706/html/9-4-96.html" [1]
2013-09-07 21:56:38 URL:http://www.ten.net/199706/html/7-26-96b.html [10598/10598] -> "www.ten.net_20130907/199706/html/7-26-96b.html" [1]
2013-09-07 21:56:38 URL:http://www.ten.net/199706/html/7-26-96a.html [9195/9195] -> "www.ten.net_20130907/199706/html/7-26-96a.html" [1]
2013-09-07 21:56:39 URL:http://www.ten.net/199706/html/5-30-96.html [9080/9080] -> "www.ten.net_20130907/199706/html/5-30-96.html" [1]
2013-09-07 21:56:39 URL:http://www.ten.net/199706/html/5-16-96c.html [9166/9166] -> "www.ten.net_20130907/199706/html/5-16-96c.html" [1]
2013-09-07 21:56:39 URL:http://www.ten.net/199706/html/5-16-96b.html [12445/12445] -> "www.ten.net_20130907/199706/html/5-16-96b.html" [1]
2013-09-07 21:56:39 URL:http://www.ten.net/199706/html/5-16-96a.html [10193/10193] -> "www.ten.net_20130907/199706/html/5-16-96a.html" [1]
2013-09-07 21:56:40 URL:http://www.ten.net/199706/html/4-22-96.html [9497/9497] -> "www.ten.net_20130907/199706/html/4-22-96.html" [1]
2013-09-07 21:56:40 URL:http://www.ten.net/199706/html/4-3-96.html [9117/9117] -> "www.ten.net_20130907/199706/html/4-3-96.html" [1]
2013-09-07 21:56:40 URL:http://www.ten.net/199706/html/3-19-96.html [8626/8626] -> "www.ten.net_20130907/199706/html/3-19-96.html" [1]
2013-09-07 21:56:40 URL:http://www.ten.net/199706/html/2-13-96.html [9286/9286] -> "www.ten.net_20130907/199706/html/2-13-96.html" [1]
2013-09-07 21:56:41 URL:http://www.ten.net/199706/html/9-7-95.html [8506/8506] -> "www.ten.net_20130907/199706/html/9-7-95.html" [1]
2013-09-07 21:56:41 URL:http://www.ten.net/199706/html/8-14-95.html [8462/8462] -> "www.ten.net_20130907/199706/html/8-14-95.html" [1]
2013-09-07 21:56:41 URL:http://www.ten.net/199706/assets/images/info_prsrls.gif [343/343] -> "www.ten.net_20130907/199706/assets/images/info_prsrls.gif" [1]
2013-09-07 21:56:41 URL:http://www.ten.net/199706/html/newsweek.html [19850/19850] -> "www.ten.net_20130907/199706/html/newsweek.html" [1]
2013-09-07 21:56:42 URL:http://www.ten.net/199706/html/next_generation.html [27949/27949] -> "www.ten.net_20130907/199706/html/next_generation.html" [1]
2013-09-07 21:56:42 URL:http://www.ten.net/199706/html/c_net_1.html [15147/15147] -> "www.ten.net_20130907/199706/html/c_net_1.html" [1]
2013-09-07 21:56:42 URL:http://www.ten.net/199706/html/c_net_2.html [15858/15858] -> "www.ten.net_20130907/199706/html/c_net_2.html" [1]
2013-09-07 21:56:43 URL:http://www.ten.net/199706/html/c_net3.html [20590/20590] -> "www.ten.net_20130907/199706/html/c_net3.html" [1]
2013-09-07 21:56:43 URL:http://www.ten.net/199706/assets/images/info_articles.gif [396/396] -> "www.ten.net_20130907/199706/assets/images/info_articles.gif" [1]
2013-09-07 21:56:43 URL:http://www.ten.net/199706/assets/images/info_jobs.gif [333/333] -> "www.ten.net_20130907/199706/assets/images/info_jobs.gif" [1]
2013-09-07 21:56:43 URL:http://www.ten.net/199706/assets/images/info_resme.gif [357/357] -> "www.ten.net_20130907/199706/assets/images/info_resme.gif" [1]
2013-09-07 21:56:43 URL:http://www.ten.net/199706/assets/images/info_cltr.gif [290/290] -> "www.ten.net_20130907/199706/assets/images/info_cltr.gif" [1]
2013-09-07 21:56:43 URL:http://www.ten.net/199706/assets/images/info_mngmt.gif [433/433] -> "www.ten.net_20130907/199706/assets/images/info_mngmt.gif" [1]
2013-09-07 21:56:44 URL:http://www.ten.net/199706/assets/images/info_essys.gif [225/225] -> "www.ten.net_20130907/199706/assets/images/info_essys.gif" [1]
2013-09-07 21:56:44 URL:http://www.ten.net/199706/assets/auto_generated_images/img_2cad222.gif [1001/1001] -> "www.ten.net_20130907/199706/assets/auto_generated_images/img_2cad222.gif" [1]
2013-09-07 21:56:44 URL:http://www.ten.net/199706/assets/images/CSD-NAV2.gif [228/228] -> "www.ten.net_20130907/199706/assets/images/CSD-NAV2.gif" [1]
2013-09-07 21:56:45 URL:http://www.ten.net/199706/assets/images/CSD-NAV3.gif [282/282] -> "www.ten.net_20130907/199706/assets/images/CSD-NAV3.gif" [1]
2013-09-07 21:56:45 URL:http://www.ten.net/199706/assets/images/CSD-NAV4.gif [292/292] -> "www.ten.net_20130907/199706/assets/images/CSD-NAV4.gif" [1]
2013-09-07 21:56:45 URL:http://www.ten.net/199706/assets/images/CSD-NAV5.gif [289/289] -> "www.ten.net_20130907/199706/assets/images/CSD-NAV5.gif" [1]
2013-09-07 21:56:46 URL:http://www.ten.net/199706/assets/images/CSD-NAV6.gif [288/288] -> "www.ten.net_20130907/199706/assets/images/CSD-NAV6.gif" [1]
2013-09-07 21:56:46 URL:http://www.ten.net/199706/assets/images/CSD-NAV7.gif [266/266] -> "www.ten.net_20130907/199706/assets/images/CSD-NAV7.gif" [1]
2013-09-07 21:56:46 URL:http://www.ten.net/199706/assets/images/CSDNAV7B.gif [258/258] -> "www.ten.net_20130907/199706/assets/images/CSDNAV7B.gif" [1]
2013-09-07 21:56:47 URL:http://www.ten.net/199706/assets/images/CSD-NAV8.gif [246/246] -> "www.ten.net_20130907/199706/assets/images/CSD-NAV8.gif" [1]
2013-09-07 21:56:47 URL:http://www.ten.net/199706/assets/images/info_hjobs.gif [297/297] -> "www.ten.net_20130907/199706/assets/images/info_hjobs.gif" [1]
2013-09-07 21:56:47 URL:http://www.ten.net/199706/html/ten_cgdc.html [14358/14358] -> "www.ten.net_20130907/199706/html/ten_cgdc.html" [1]
2013-09-07 21:56:47 URL:http://www.ten.net/199706/assets/images/NEXTGEN.gif [2653/2653] -> "www.ten.net_20130907/199706/assets/images/NEXTGEN.gif" [1]
2013-09-07 21:56:47 URL:http://www.ten.net/199706/assets/images/CNET.jpg [9678/9678] -> "www.ten.net_20130907/199706/assets/images/CNET.jpg" [1]
2013-09-07 21:56:48 URL:http://www.ten.net/199706/assets/images/CNET.gif [3488/3488] -> "www.ten.net_20130907/199706/assets/images/CNET.gif" [1]
2013-09-07 21:56:48 URL:http://www.ten.net/199706/assets/images/Ugp.jpg [21363/21363] -> "www.ten.net_20130907/199706/assets/images/Ugp.jpg" [1]
2013-09-07 21:56:48 URL:http://www.ten.net/199706/html/ten_cgdc_developer_day.html [31782/31782] -> "www.ten.net_20130907/199706/html/ten_cgdc_developer_day.html" [1]
2013-09-07 21:56:48 URL:http://www.ten.net/199706/html/ten_cgdc_booth.html [8292/8292] -> "www.ten.net_20130907/199706/html/ten_cgdc_booth.html" [1]
2013-09-07 21:56:49 URL:http://www.ten.net/199706/html/ten_cgdc_plenary.html [6940/6940] -> "www.ten.net_20130907/199706/html/ten_cgdc_plenary.html" [1]
2013-09-07 21:56:49 URL:http://www.ten.net/199706/assets/images/cgdcicon.gif [2429/2429] -> "www.ten.net_20130907/199706/assets/images/cgdcicon.gif" [1]
2013-09-07 21:56:49 URL:http://www.ten.net/199706/assets/images/conclogo.gif [2405/2405] -> "www.ten.net_20130907/199706/assets/images/conclogo.gif" [1]
2013-09-07 21:56:49 URL:http://www.ten.net/199706/html/ten_cgdc_bios.html [13813/13813] -> "www.ten.net_20130907/199706/html/ten_cgdc_bios.html" [1]
FINISHED --2013-09-07 21:56:49--
Total wall clock time: 1m 17s
Downloaded: 330 files, 2.3M in 5.5s (418 KB/s)
