Cookie coming from www.angelfire.com attempted to set domain to www.angelfire.com
2012-11-25 19:11:59 URL:http://www.angelfire.com/ga/quake4/ [20488] -> "www.angelfire.com/ga/quake4/index.html" [1]
2012-11-25 19:11:59 URL:http://www.angelfire.com/adm/ad/angelfire-freeAd.jpg [11196/11196] -> "www.angelfire.com/adm/ad/angelfire-freeAd.jpg" [1]
2012-11-25 19:11:59 URL:http://www.angelfire.com/adm/ad/angelfire-freeAd2.jpg [8985/8985] -> "www.angelfire.com/adm/ad/angelfire-freeAd2.jpg" [1]
2012-11-25 19:12:00 URL:http://www.angelfire.lycos.com/doc/images/track/ot_noscript.gif?rand=481362 [43/43] -> "www.angelfire.com/doc/images/track/ot_noscript.gif?rand=481362" [1]
2012-11-25 19:12:00 URL:http://www.angelfire.com/ga/quake4/images/q2berzerk.gif [11989/11989] -> "www.angelfire.com/ga/quake4/images/q2berzerk.gif" [1]
2012-11-25 19:12:01 URL:http://www.angelfire.com/ga/quake4/aboutme.html [11269] -> "www.angelfire.com/ga/quake4/aboutme.html" [1]
http://www.angelfire.com/or/TCQR/machine.html:
2012-11-25 19:12:01 ERROR 404: Not Found.
2012-11-25 19:12:02 URL:http://www.angelfire.com/ga/quake4/images/qlogo.gif [35692/35692] -> "www.angelfire.com/ga/quake4/images/qlogo.gif" [1]
2012-11-25 19:12:03 URL:http://www.angelfire.com/ga/quake4/qlinks.html [11751] -> "www.angelfire.com/ga/quake4/qlinks.html" [1]
2012-11-25 19:12:03 URL:http://www.angelfire.com/ga/quake4/addons.html [11698] -> "www.angelfire.com/ga/quake4/addons.html" [1]
2012-11-25 19:12:04 URL:http://www.angelfire.com/ga/quake4/quake2.html [10761] -> "www.angelfire.com/ga/quake4/quake2.html" [1]
2012-11-25 19:12:04 URL:http://www.angelfire.com/ga/quake4/chat.html [11232] -> "www.angelfire.com/ga/quake4/chat.html" [1]
2012-11-25 19:12:05 URL:http://www.angelfire.com/ga/quake4/cheats.html [11984] -> "www.angelfire.com/ga/quake4/cheats.html" [1]
2012-11-25 19:12:05 URL:http://www.angelfire.com/ga/quake4/demos.html [11117] -> "www.angelfire.com/ga/quake4/demos.html" [1]
2012-11-25 19:12:06 URL:http://www.angelfire.com/ga/quake4/download.html [11044] -> "www.angelfire.com/ga/quake4/download.html" [1]
2012-11-25 19:12:06 URL:http://www.angelfire.com/ga/quake4/skins.html [11871] -> "www.angelfire.com/ga/quake4/skins.html" [1]
2012-11-25 19:12:07 URL:http://www.angelfire.com/ga/quake4/graveyard.html [11081] -> "www.angelfire.com/ga/quake4/graveyard.html" [1]
2012-11-25 19:12:08 URL:http://www.angelfire.com/ga/quake4/tip.html [11083] -> "www.angelfire.com/ga/quake4/tip.html" [1]
2012-11-25 19:12:08 URL:http://www.angelfire.com/ga/quake4/maps.html [11580] -> "www.angelfire.com/ga/quake4/maps.html" [1]
2012-11-25 19:12:09 URL:http://www.angelfire.com/ga/quake4/lavapit.html [12107] -> "www.angelfire.com/ga/quake4/lavapit.html" [1]
2012-11-25 19:12:10 URL:http://www.angelfire.com/ga/quake4/newmap.html [12397] -> "www.angelfire.com/ga/quake4/newmap.html" [1]
2012-11-25 19:12:10 URL:http://www.angelfire.com/ga/quake4/edmod.html [11356] -> "www.angelfire.com/ga/quake4/edmod.html" [1]
2012-11-25 19:12:11 URL:http://www.angelfire.com/ga/quake4/pak.html [11359] -> "www.angelfire.com/ga/quake4/pak.html" [1]
http://www.angelfire.com/images/animate/bookani2.gif:
2012-11-25 19:12:12 ERROR 404: Not Found.
http://www.angelfire.com/ga/quake4/'%20+%20midi%20+%20':
2012-11-25 19:12:12 ERROR 404: Not Found.
http://www.angelfire.com/ga/quake4/+%20midi%20+:
2012-11-25 19:12:12 ERROR 404: Not Found.
2012-11-25 19:12:13 URL:http://www.angelfire.com/cgi-bin/Count.cgi [5698] -> "www.angelfire.com/cgi-bin/Count.cgi" [1]
2012-11-25 19:12:13 URL:http://www.angelfire.com/ga/quake4/french.html [13184] -> "www.angelfire.com/ga/quake4/french.html" [1]
2012-11-25 19:12:14 URL:http://www.angelfire.com/ga/quake4/german.html [13012] -> "www.angelfire.com/ga/quake4/german.html" [1]
2012-11-25 19:12:15 URL:http://www.angelfire.com/ga/quake4/italian.html [13119] -> "www.angelfire.com/ga/quake4/italian.html" [1]
2012-11-25 19:12:15 URL:http://www.angelfire.com/ga/quake4/portuguese.html [13121] -> "www.angelfire.com/ga/quake4/portuguese.html" [1]
2012-11-25 19:12:16 URL:http://www.angelfire.com/ga/quake4/spanish.html [13168] -> "www.angelfire.com/ga/quake4/spanish.html" [1]
http://www.angelfire.com/bg/sunburst.gif:
2012-11-25 19:12:16 ERROR 404: Not Found.
2012-11-25 19:12:17 URL:http://www.angelfire.lycos.com/doc/images/track/ot_noscript.gif?rand=631153 [43/43] -> "www.angelfire.com/doc/images/track/ot_noscript.gif?rand=631153" [1]
2012-11-25 19:12:18 URL:http://www.angelfire.com/ga/quake4/images/jeronimo.gif [41810/41810] -> "www.angelfire.com/ga/quake4/images/jeronimo.gif" [1]
2012-11-25 19:12:18 URL:http://www.angelfire.lycos.com/doc/images/track/ot_noscript.gif?rand=794763 [43/43] -> "www.angelfire.com/doc/images/track/ot_noscript.gif?rand=794763" [1]
2012-11-25 19:12:19 URL:http://www.angelfire.lycos.com/doc/images/track/ot_noscript.gif?rand=713390 [43/43] -> "www.angelfire.com/doc/images/track/ot_noscript.gif?rand=713390" [1]
2012-11-25 19:12:19 URL:http://www.angelfire.com/ga/quake4/index.html [20488] -> "www.angelfire.com/ga/quake4/index.html" [1]
2012-11-25 19:12:20 URL:http://www.angelfire.lycos.com/doc/images/track/ot_noscript.gif?rand=263942 [43/43] -> "www.angelfire.com/doc/images/track/ot_noscript.gif?rand=263942" [1]
2012-11-25 19:12:20 URL:http://www.angelfire.com/ga/quake4/images/quake2.gif [3752/3752] -> "www.angelfire.com/ga/quake4/images/quake2.gif" [1]
http://www.angelfire.com/ga/quake4/q2files.html:
2012-11-25 19:12:20 ERROR 404: Not Found.
http://www.angelfire.com/ga/quake4/q2shots.html:
2012-11-25 19:12:20 ERROR 404: Not Found.
http://www.angelfire.com/ga/quake4/q2skins.html:
2012-11-25 19:12:21 ERROR 404: Not Found.
http://www.angelfire.com/ga/quake4/q2addons.html:
2012-11-25 19:12:21 ERROR 404: Not Found.
2012-11-25 19:12:22 URL:http://www.angelfire.lycos.com/doc/images/track/ot_noscript.gif?rand=304296 [43/43] -> "www.angelfire.com/doc/images/track/ot_noscript.gif?rand=304296" [1]
http://www.angelfire.com/ga/quake4/ParaChat.class:
2012-11-25 19:12:22 ERROR 404: Not Found.
2012-11-25 19:12:23 URL:http://www.angelfire.lycos.com/doc/images/track/ot_noscript.gif?rand=479256 [43/43] -> "www.angelfire.com/doc/images/track/ot_noscript.gif?rand=479256" [1]
2012-11-25 19:12:23 URL:http://www.angelfire.lycos.com/doc/images/track/ot_noscript.gif?rand=574202 [43/43] -> "www.angelfire.com/doc/images/track/ot_noscript.gif?rand=574202" [1]
2012-11-25 19:12:24 URL:http://www.angelfire.lycos.com/doc/images/track/ot_noscript.gif?rand=23247 [43/43] -> "www.angelfire.com/doc/images/track/ot_noscript.gif?rand=23247" [1]
2012-11-25 19:12:25 URL:http://www.angelfire.lycos.com/doc/images/track/ot_noscript.gif?rand=122014 [43/43] -> "www.angelfire.com/doc/images/track/ot_noscript.gif?rand=122014" [1]
2012-11-25 19:12:25 URL:http://www.angelfire.com/ga/quake4/images/mjordan.pcx [16129/16129] -> "www.angelfire.com/ga/quake4/images/mjordan.pcx" [1]
2012-11-25 19:12:26 URL:http://www.angelfire.com/ga/quake4/images/mjordan.gif [9788/9788] -> "www.angelfire.com/ga/quake4/images/mjordan.gif" [1]
2012-11-25 19:12:26 URL:http://www.angelfire.com/ga/quake4/images/drodman.pcx [16626/16626] -> "www.angelfire.com/ga/quake4/images/drodman.pcx" [1]
2012-11-25 19:12:27 URL:http://www.angelfire.com/ga/quake4/images/drodman.gif [9931/9931] -> "www.angelfire.com/ga/quake4/images/drodman.gif" [1]
2012-11-25 19:12:28 URL:http://www.angelfire.lycos.com/doc/images/track/ot_noscript.gif?rand=834894 [43/43] -> "www.angelfire.com/doc/images/track/ot_noscript.gif?rand=834894" [1]
2012-11-25 19:12:28 URL:http://www.angelfire.com/ga/quake4/images/tfd.gif [16658/16658] -> "www.angelfire.com/ga/quake4/images/tfd.gif" [1]
2012-11-25 19:12:29 URL:http://www.angelfire.lycos.com/doc/images/track/ot_noscript.gif?rand=759692 [43/43] -> "www.angelfire.com/doc/images/track/ot_noscript.gif?rand=759692" [1]
2012-11-25 19:12:30 URL:http://www.angelfire.com/ga/quake4/oldtip.html [13706] -> "www.angelfire.com/ga/quake4/oldtip.html" [1]
2012-11-25 19:12:30 URL:http://www.angelfire.lycos.com/doc/images/track/ot_noscript.gif?rand=234812 [43/43] -> "www.angelfire.com/doc/images/track/ot_noscript.gif?rand=234812" [1]
2012-11-25 19:12:32 URL:http://www.angelfire.com/ga/quake4/images/killsham.bsp [176708/176708] -> "www.angelfire.com/ga/quake4/images/killsham.bsp" [1]
2012-11-25 19:12:33 URL:http://www.angelfire.com/ga/quake4/images/shooting.bsp [53412/53412] -> "www.angelfire.com/ga/quake4/images/shooting.bsp" [1]
2012-11-25 19:12:34 URL:http://www.angelfire.lycos.com/doc/images/track/ot_noscript.gif?rand=417963 [43/43] -> "www.angelfire.com/doc/images/track/ot_noscript.gif?rand=417963" [1]
2012-11-25 19:12:34 URL:http://www.angelfire.com/ga/quake4/images/LAVA1.jpg [25667/25667] -> "www.angelfire.com/ga/quake4/images/LAVA1.jpg" [1]
2012-11-25 19:12:35 URL:http://www.angelfire.com/ga/quake4/images/LAVA2.jpg [13468/13468] -> "www.angelfire.com/ga/quake4/images/LAVA2.jpg" [1]
2012-11-25 19:12:35 URL:http://www.angelfire.com/ga/quake4/images/LAVA3.jpg [13120/13120] -> "www.angelfire.com/ga/quake4/images/LAVA3.jpg" [1]
2012-11-25 19:12:36 URL:http://www.angelfire.com/ga/quake4/images/LAVA4.jpg [17851/17851] -> "www.angelfire.com/ga/quake4/images/LAVA4.jpg" [1]
2012-11-25 19:12:36 URL:http://www.angelfire.com/ga/quake4/lavashots.html [10835] -> "www.angelfire.com/ga/quake4/lavashots.html" [1]
2012-11-25 19:12:37 URL:http://www.angelfire.com/ga/quake4/images/lavapit1.zip [94459/94459] -> "www.angelfire.com/ga/quake4/images/lavapit1.zip" [1]
2012-11-25 19:12:38 URL:http://www.angelfire.lycos.com/doc/images/track/ot_noscript.gif?rand=150849 [43/43] -> "www.angelfire.com/doc/images/track/ot_noscript.gif?rand=150849" [1]
2012-11-25 19:12:39 URL:http://www.angelfire.com/ga/quake4/WELL.jpg [56621/56621] -> "www.angelfire.com/ga/quake4/WELL.jpg" [1]
2012-11-25 19:12:39 URL:http://www.angelfire.com/ga/quake4/DM1.jpg [58954/58954] -> "www.angelfire.com/ga/quake4/DM1.jpg" [1]
2012-11-25 19:12:40 URL:http://www.angelfire.com/ga/quake4/WELL2.jpg [55432/55432] -> "www.angelfire.com/ga/quake4/WELL2.jpg" [1]
2012-11-25 19:12:41 URL:http://www.angelfire.com/ga/quake4/BRIDGE3.jpg [52979/52979] -> "www.angelfire.com/ga/quake4/BRIDGE3.jpg" [1]
2012-11-25 19:12:42 URL:http://www.angelfire.com/ga/quake4/BRIDGE2.jpg [53081/53081] -> "www.angelfire.com/ga/quake4/BRIDGE2.jpg" [1]
2012-11-25 19:12:43 URL:http://www.angelfire.com/ga/quake4/BRIDGE.jpg [58939/58939] -> "www.angelfire.com/ga/quake4/BRIDGE.jpg" [1]
2012-11-25 19:12:43 URL:http://www.angelfire.com/ga/quake4/images/SAMP1.jpg [10169/10169] -> "www.angelfire.com/ga/quake4/images/SAMP1.jpg" [1]
2012-11-25 19:12:44 URL:http://www.angelfire.com/ga/quake4/images/SAMP2.jpg [16515/16515] -> "www.angelfire.com/ga/quake4/images/SAMP2.jpg" [1]
2012-11-25 19:12:44 URL:http://www.angelfire.com/ga/quake4/images/SAMP3.jpg [12352/12352] -> "www.angelfire.com/ga/quake4/images/SAMP3.jpg" [1]
2012-11-25 19:12:45 URL:http://www.angelfire.com/ga/quake4/images/SAMP4.jpg [16952/16952] -> "www.angelfire.com/ga/quake4/images/SAMP4.jpg" [1]
2012-11-25 19:12:46 URL:http://www.angelfire.com/ga/quake4/drain4.zip [116416/116416] -> "www.angelfire.com/ga/quake4/drain4.zip" [1]
2012-11-25 19:12:46 URL:http://www.angelfire.lycos.com/doc/images/track/ot_noscript.gif?rand=553970 [43/43] -> "www.angelfire.com/doc/images/track/ot_noscript.gif?rand=553970" [1]
2012-11-25 19:12:48 URL:http://www.angelfire.com/ga/quake4/images/evil.ZIP [518777/518777] -> "www.angelfire.com/ga/quake4/images/evil.ZIP" [1]
2012-11-25 19:12:49 URL:http://www.angelfire.lycos.com/doc/images/track/ot_noscript.gif?rand=601441 [43/43] -> "www.angelfire.com/doc/images/track/ot_noscript.gif?rand=601441" [1]
2012-11-25 19:12:52 URL:http://www.angelfire.com/ga/quake4/images/stevepak.zip [938227/938227] -> "www.angelfire.com/ga/quake4/images/stevepak.zip" [1]
2012-11-25 19:12:55 URL:http://www.angelfire.com/ga/quake4/images/stevetfpak.zip [841949/841949] -> "www.angelfire.com/ga/quake4/images/stevetfpak.zip" [1]
2012-11-25 19:12:55 URL:http://www.angelfire.lycos.com/doc/images/track/ot_noscript.gif?rand=268352 [43/43] -> "www.angelfire.com/doc/images/track/ot_noscript.gif?rand=268352" [1]
http://www.angelfire.com/ga/quake4/aboutmala.html:
2012-11-25 19:12:55 ERROR 404: Not Found.
http://www.angelfire.com/ga/quake4/links.html:
2012-11-25 19:12:56 ERROR 404: Not Found.
http://www.angelfire.com/cgi-bin/translate?lp=en_fr&urltext=http%3a%2f%2f800go%2ecom%2f:
2012-11-25 19:12:56 ERROR 404: Not Found.
http://www.angelfire.com/nf/camspages/:
2012-11-25 19:12:56 ERROR 404: Not Found.
http://www.angelfire.com/or/illusionXspages:
2012-11-25 19:12:57 ERROR 404: Not Found.
2012-11-25 19:12:57 URL:http://www.angelfire.lycos.com/doc/images/track/ot_noscript.gif?rand=604654 [43/43] -> "www.angelfire.com/doc/images/track/ot_noscript.gif?rand=604654" [1]
http://www.angelfire.com/cgi-bin/translate?lp=en_de&urltext=http%3a%2f%2f800go%2ecom%2f:
2012-11-25 19:12:57 ERROR 404: Not Found.
2012-11-25 19:12:58 URL:http://www.angelfire.lycos.com/doc/images/track/ot_noscript.gif?rand=961713 [43/43] -> "www.angelfire.com/doc/images/track/ot_noscript.gif?rand=961713" [1]
http://www.angelfire.com/cgi-bin/translate?lp=en_it&urltext=http%3a%2f%2f800go%2ecom%2f:
2012-11-25 19:12:58 ERROR 404: Not Found.
2012-11-25 19:12:59 URL:http://www.angelfire.lycos.com/doc/images/track/ot_noscript.gif?rand=998925 [43/43] -> "www.angelfire.com/doc/images/track/ot_noscript.gif?rand=998925" [1]
http://www.angelfire.com/cgi-bin/translate?lp=en_pt&urltext=http%3a%2f%2f800go%2ecom%2f:
2012-11-25 19:12:59 ERROR 404: Not Found.
2012-11-25 19:12:59 URL:http://www.angelfire.lycos.com/doc/images/track/ot_noscript.gif?rand=301906 [43/43] -> "www.angelfire.com/doc/images/track/ot_noscript.gif?rand=301906" [1]
http://www.angelfire.com/cgi-bin/translate?lp=en_es&urltext=http%3a%2f%2f800go%2ecom%2f:
2012-11-25 19:13:00 ERROR 404: Not Found.
2012-11-25 19:13:00 URL:http://www.angelfire.lycos.com/doc/images/track/ot_noscript.gif?rand=797240 [43/43] -> "www.angelfire.com/doc/images/track/ot_noscript.gif?rand=797240" [1]
2012-11-25 19:13:01 URL:http://www.angelfire.lycos.com/doc/images/track/ot_noscript.gif?rand=522681 [43/43] -> "www.angelfire.com/doc/images/track/ot_noscript.gif?rand=522681" [1]
2012-11-25 19:13:01 URL:http://www.angelfire.lycos.com/doc/images/track/ot_noscript.gif?rand=907855 [43/43] -> "www.angelfire.com/doc/images/track/ot_noscript.gif?rand=907855" [1]
2012-11-25 19:13:02 URL:http://www.angelfire.com/ga/quake4/images/LAVA6.jpg [23992/23992] -> "www.angelfire.com/ga/quake4/images/LAVA6.jpg" [1]
2012-11-25 19:13:02 URL:http://www.angelfire.com/ga/quake4/images/LAVA7.jpg [17644/17644] -> "www.angelfire.com/ga/quake4/images/LAVA7.jpg" [1]
2012-11-25 19:13:03 URL:http://www.angelfire.com/ga/quake4/images/LAVA8.jpg [16188/16188] -> "www.angelfire.com/ga/quake4/images/LAVA8.jpg" [1]
2012-11-25 19:13:03 URL:http://www.angelfire.com/ga/quake4/images/LAVA9.jpg [16231/16231] -> "www.angelfire.com/ga/quake4/images/LAVA9.jpg" [1]
2012-11-25 19:13:04 URL:http://www.angelfire.com/ga/quake4/images/LAVA5.jpg [24955/24955] -> "www.angelfire.com/ga/quake4/images/LAVA5.jpg" [1]
2012-11-25 19:13:04 URL:http://www.angelfire.com/ga/quake4/images/LAVA10.jpg [18014/18014] -> "www.angelfire.com/ga/quake4/images/LAVA10.jpg" [1]
FINISHED --2012-11-25 19:13:04--
Total wall clock time: 1m 6s
Downloaded: 89 files, 3.6M in 27s (138 KB/s)
