2015-06-19 21:54:09 URL:http://www.daemonforge.org/ [19825] -> "www.daemonforge.org_20150619/index.html" [1]
2015-06-19 21:54:10 URL:http://www.daemonforge.org/styles.css [5370/5370] -> "www.daemonforge.org_20150619/styles.css" [1]
2015-06-19 21:54:13 URL:http://www.daemonforge.org/?i=news [19825] -> "www.daemonforge.org_20150619/index.html?i=news.html" [1]
2015-06-19 21:54:14 URL:http://www.daemonforge.org/?i=kineticwallpaper [9460] -> "www.daemonforge.org_20150619/index.html?i=kineticwallpaper.html" [1]
2015-06-19 21:54:14 URL:http://www.daemonforge.org/?i=kineticphysics [6361] -> "www.daemonforge.org_20150619/index.html?i=kineticphysics.html" [1]
2015-06-19 21:54:14 URL:http://www.daemonforge.org/?i=rlyehcity [7625] -> "www.daemonforge.org_20150619/index.html?i=rlyehcity.html" [1]
2015-06-19 21:54:16 URL:http://www.daemonforge.org/?i=quakearchives [11352] -> "www.daemonforge.org_20150619/index.html?i=quakearchives.html" [1]
2015-06-19 21:54:16 URL:http://www.daemonforge.org/socialmedialinkimages/facebook.png [1518/1518] -> "www.daemonforge.org_20150619/socialmedialinkimages/facebook.png" [1]
2015-06-19 21:54:16 URL:http://www.daemonforge.org/facebook_like_popup.php [652] -> "www.daemonforge.org_20150619/facebook_like_popup.php.html" [1]
2015-06-19 21:54:17 URL:http://www.daemonforge.org/socialmedialinkimages/twitter.png [1945/1945] -> "www.daemonforge.org_20150619/socialmedialinkimages/twitter.png" [1]
2015-06-19 21:54:17 URL:http://www.daemonforge.org/socialmedialinkimages/google.png [2042/2042] -> "www.daemonforge.org_20150619/socialmedialinkimages/google.png" [1]
2015-06-19 21:54:17 URL:http://www.daemonforge.org/google_plusone_popup.php [371] -> "www.daemonforge.org_20150619/google_plusone_popup.php.html" [1]
2015-06-19 21:54:17 URL:http://www.daemonforge.org/socialmedialinkimages/youtube.png [2272/2272] -> "www.daemonforge.org_20150619/socialmedialinkimages/youtube.png" [1]
2015-06-19 21:54:18 URL:http://www.daemonforge.org/images/daemon.jpg [2307/2307] -> "www.daemonforge.org_20150619/images/daemon.jpg" [1]
2015-06-19 21:54:18 URL:http://www.daemonforge.org/kinetic_live_wallpaper/kinetic_icon.png [1354/1354] -> "www.daemonforge.org_20150619/kinetic_live_wallpaper/kinetic_icon.png" [1]
2015-06-19 21:54:18 URL:http://www.daemonforge.org/kinetic_live_wallpaper/ss1.png [23585/23585] -> "www.daemonforge.org_20150619/kinetic_live_wallpaper/ss1.png" [1]
2015-06-19 21:54:19 URL:http://www.daemonforge.org/kinetic_live_wallpaper/ss2.png [40055/40055] -> "www.daemonforge.org_20150619/kinetic_live_wallpaper/ss2.png" [1]
2015-06-19 21:54:19 URL:http://www.daemonforge.org/kinetic_live_wallpaper/ss3.png [37714/37714] -> "www.daemonforge.org_20150619/kinetic_live_wallpaper/ss3.png" [1]
2015-06-19 21:54:20 URL:http://www.daemonforge.org/kinetic_live_wallpaper/ss4.png [26534/26534] -> "www.daemonforge.org_20150619/kinetic_live_wallpaper/ss4.png" [1]
2015-06-19 21:54:21 URL:http://www.daemonforge.org/rc/rc.png [44909/44909] -> "www.daemonforge.org_20150619/rc/rc.png" [1]
2015-06-19 21:54:22 URL:http://www.daemonforge.org/rc/preview1.jpg [177098/177098] -> "www.daemonforge.org_20150619/rc/preview1.jpg" [1]
2015-06-19 21:54:23 URL:http://www.daemonforge.org/rc/preview2.jpg [192956/192956] -> "www.daemonforge.org_20150619/rc/preview2.jpg" [1]
2015-06-19 21:54:24 URL:http://www.daemonforge.org/files/getthehellawayfrommyfishdinner.zip [481925/481925] -> "www.daemonforge.org_20150619/files/getthehellawayfrommyfishdinner.zip" [1]
2015-06-19 21:54:26 URL:http://www.daemonforge.org/feral/files/feral.rar [2712577/2712577] -> "www.daemonforge.org_20150619/feral/files/feral.rar" [1]
2015-06-19 21:54:39 URL:http://www.daemonforge.org/files/feralflesh.zip [18806990/18806990] -> "www.daemonforge.org_20150619/files/feralflesh.zip" [1]
FINISHED --2015-06-19 21:54:39--
Total wall clock time: 33s
Downloaded: 25 files, 22M in 25s (882 KB/s)
