2023-03-21 16:55:08 URL:https://www.klemund.de/quake/ [1219/1219] -> "www.klemund.de/quake/index.html" [1]
https://www.klemund.de/robots.txt:
2023-03-21 16:55:08 ERROR 404: Not Found.
2023-03-21 16:55:08 URL:https://www.klemund.de/quake/DtQuS_Menu.html [2007/2007] -> "www.klemund.de/quake/DtQuS_Menu.html" [1]
2023-03-21 16:55:08 URL:https://www.klemund.de/quake/DtQuS_Title.html [6180/6180] -> "www.klemund.de/quake/DtQuS_Title.html" [1]
2023-03-21 16:55:08 URL:https://www.klemund.de/quake/images/backgrnd.gif [7980/7980] -> "www.klemund.de/quake/images/backgrnd.gif" [1]
2023-03-21 16:55:08 URL:https://www.klemund.de/quake/DtQuS_nonframes.html [5627/5627] -> "www.klemund.de/quake/DtQuS_nonframes.html" [1]
2023-03-21 16:55:08 URL:https://www.klemund.de/quake/DtQuS_News.html [27521/27521] -> "www.klemund.de/quake/DtQuS_News.html" [1]
2023-03-21 16:55:08 URL:https://www.klemund.de/quake/images/DtQuS_News.gif [2474/2474] -> "www.klemund.de/quake/images/DtQuS_News.gif" [1]
2023-03-21 16:55:08 URL:https://www.klemund.de/quake/Editoren.html [8068/8068] -> "www.klemund.de/quake/Editoren.html" [1]
2023-03-21 16:55:08 URL:https://www.klemund.de/quake/images/menu1.gif [3728/3728] -> "www.klemund.de/quake/images/menu1.gif" [1]
2023-03-21 16:55:08 URL:https://www.klemund.de/quake/Levels.html [12470/12470] -> "www.klemund.de/quake/Levels.html" [1]
2023-03-21 16:55:08 URL:https://www.klemund.de/quake/images/menu2.gif [3127/3127] -> "www.klemund.de/quake/images/menu2.gif" [1]
2023-03-21 16:55:08 URL:https://www.klemund.de/quake/QM_Ger.html [2249/2249] -> "www.klemund.de/quake/QM_Ger.html" [1]
2023-03-21 16:55:08 URL:https://www.klemund.de/quake/images/menu3.gif [5427/5427] -> "www.klemund.de/quake/images/menu3.gif" [1]
2023-03-21 16:55:08 URL:https://www.klemund.de/quake/sonstiges.html [13201/13201] -> "www.klemund.de/quake/sonstiges.html" [1]
2023-03-21 16:55:08 URL:https://www.klemund.de/quake/images/menu4.gif [3598/3598] -> "www.klemund.de/quake/images/menu4.gif" [1]
2023-03-21 16:55:08 URL:https://www.klemund.de/quake/Links_.html [1333/1333] -> "www.klemund.de/quake/Links_.html" [1]
2023-03-21 16:55:08 URL:https://www.klemund.de/quake/images/menu5.gif [2014/2014] -> "www.klemund.de/quake/images/menu5.gif" [1]
https://www.klemund.de/quake/TickerTape:
2023-03-21 16:55:08 ERROR 404: Not Found.
2023-03-21 16:55:08 URL:https://www.klemund.de/quake/images/Thomas4.jpg [16131/16131] -> "www.klemund.de/quake/images/Thomas4.jpg" [1]
2023-03-21 16:55:08 URL:https://www.klemund.de/quake/images/SwenQuake.JPG [8993/8993] -> "www.klemund.de/quake/images/SwenQuake.JPG" [1]
https://www.klemund.de/gfx/double-a-button.gif:
2023-03-21 16:55:08 ERROR 404: Not Found.
2023-03-21 16:55:08 URL:https://www.klemund.de/quake/irc.html [631/631] -> "www.klemund.de/quake/irc.html" [1]
2023-03-21 16:55:08 URL:https://www.klemund.de/quake/infos.html [3673/3673] -> "www.klemund.de/quake/infos.html" [1]
2023-03-21 16:55:09 URL:https://www.klemund.de/quake/images/bt_qm.gif [6486/6486] -> "www.klemund.de/quake/images/bt_qm.gif" [1]
2023-03-21 16:55:09 URL:https://www.klemund.de/quake/images/AnimQuake.gif [5943/5943] -> "www.klemund.de/quake/images/AnimQuake.gif" [1]
2023-03-21 16:55:09 URL:https://www.klemund.de/quake/images/Netscape.gif [5023/5023] -> "www.klemund.de/quake/images/Netscape.gif" [1]
2023-03-21 16:55:09 URL:https://www.klemund.de/quake/images/bt_hs2.gif [2177/2177] -> "www.klemund.de/quake/images/bt_hs2.gif" [1]
2023-03-21 16:55:09 URL:https://www.klemund.de/images/ani03.gif [13377/13377] -> "www.klemund.de/images/ani03.gif" [1]
https://www.klemund.de/quake/bbs/bbs_entrance_a.cgi:
2023-03-21 16:55:09 ERROR 404: Not Found.
https://www.klemund.de/quake/bbs/bbs_entrance_b.cgi:
2023-03-21 16:55:09 ERROR 404: Not Found.
https://www.klemund.de/quake/bbs/bbs_entrance.cgi:
2023-03-21 16:55:09 ERROR 404: Not Found.
https://www.klemund.de/quake/guestbook/guestbook.html:
2023-03-21 16:55:09 ERROR 404: Not Found.
2023-03-21 16:55:09 URL:https://www.klemund.de/quake/images/Editors1.gif [7700/7700] -> "www.klemund.de/quake/images/Editors1.gif" [1]
2023-03-21 16:55:09 URL:https://www.klemund.de/quake/images/Version1.gif [6139/6139] -> "www.klemund.de/quake/images/Version1.gif" [1]
2023-03-21 16:55:09 URL:https://www.klemund.de/quake/images/download.gif [6351/6351] -> "www.klemund.de/quake/images/download.gif" [1]
2023-03-21 16:55:09 URL:https://www.klemund.de/quake/images/Stone1_7.gif [2176/2176] -> "www.klemund.de/quake/images/Stone1_7.gif" [1]
2023-03-21 16:55:09 URL:https://www.klemund.de/quake/images/Temple_Of_Scare1.jpg [38317/38317] -> "www.klemund.de/quake/images/Temple_Of_Scare1.jpg" [1]
2023-03-21 16:55:09 URL:https://www.klemund.de/quake/images/Temple_Of_Scare1sm.jpg [9808/9808] -> "www.klemund.de/quake/images/Temple_Of_Scare1sm.jpg" [1]
2023-03-21 16:55:09 URL:https://www.klemund.de/quake/images/Temple_Of_Scare2.jpg [44220/44220] -> "www.klemund.de/quake/images/Temple_Of_Scare2.jpg" [1]
2023-03-21 16:55:09 URL:https://www.klemund.de/quake/images/Temple_Of_Scare2sm.jpg [10591/10591] -> "www.klemund.de/quake/images/Temple_Of_Scare2sm.jpg" [1]
2023-03-21 16:55:09 URL:https://www.klemund.de/quake/images/doom2_04.jpg [10535/10535] -> "www.klemund.de/quake/images/doom2_04.jpg" [1]
2023-03-21 16:55:09 URL:https://www.klemund.de/quake/images/doom2_07.jpg [15819/15819] -> "www.klemund.de/quake/images/doom2_07.jpg" [1]
2023-03-21 16:55:09 URL:https://www.klemund.de/quake/images/doom2_08.jpg [12320/12320] -> "www.klemund.de/quake/images/doom2_08.jpg" [1]
2023-03-21 16:55:09 URL:https://www.klemund.de/quake/images/Phantasmagoria.jpg [15892/15892] -> "www.klemund.de/quake/images/Phantasmagoria.jpg" [1]
2023-03-21 16:55:09 URL:https://www.klemund.de/quake/images/Phantasmagoria1.jpg [13512/13512] -> "www.klemund.de/quake/images/Phantasmagoria1.jpg" [1]
2023-03-21 16:55:09 URL:https://www.klemund.de/quake/images/My_Home1.jpg [12667/12667] -> "www.klemund.de/quake/images/My_Home1.jpg" [1]
2023-03-21 16:55:09 URL:https://www.klemund.de/quake/images/My_Home.jpg [14750/14750] -> "www.klemund.de/quake/images/My_Home.jpg" [1]
2023-03-21 16:55:09 URL:https://www.klemund.de/quake/images/Prison.jpg [18239/18239] -> "www.klemund.de/quake/images/Prison.jpg" [1]
2023-03-21 16:55:09 URL:https://www.klemund.de/quake/images/bg004.gif [1713/1713] -> "www.klemund.de/quake/images/bg004.gif" [1]
2023-03-21 16:55:09 URL:https://www.klemund.de/quake/Links_Menu.html [997/997] -> "www.klemund.de/quake/Links_Menu.html" [1]
2023-03-21 16:55:09 URL:https://www.klemund.de/quake/Links_Quake.html [2378/2378] -> "www.klemund.de/quake/Links_Quake.html" [1]
2023-03-21 16:55:09 URL:https://www.klemund.de/quake/images/BestOfInternet.gif [5900/5900] -> "www.klemund.de/quake/images/BestOfInternet.gif" [1]
2023-03-21 16:55:09 URL:https://www.klemund.de/quake/Links_Games.html [604/604] -> "www.klemund.de/quake/Links_Games.html" [1]
2023-03-21 16:55:09 URL:https://www.klemund.de/quake/Links_IrishMusic.html [1354/1354] -> "www.klemund.de/quake/Links_IrishMusic.html" [1]
2023-03-21 16:55:09 URL:https://www.klemund.de/quake/Links_andereMusik.html [839/839] -> "www.klemund.de/quake/Links_andereMusik.html" [1]
2023-03-21 16:55:09 URL:https://www.klemund.de/quake/Links_sonst.html [2279/2279] -> "www.klemund.de/quake/Links_sonst.html" [1]
2023-03-21 16:55:09 URL:https://www.klemund.de/quake/rules.html [4716/4716] -> "www.klemund.de/quake/rules.html" [1]
2023-03-21 16:55:09 URL:https://www.klemund.de/quake/Kontakt.html [1550/1550] -> "www.klemund.de/quake/Kontakt.html" [1]
2023-03-21 16:55:09 URL:https://www.klemund.de/quake/images/quakex.gif [5816/5816] -> "www.klemund.de/quake/images/quakex.gif" [1]
2023-03-21 16:55:10 URL:https://www.klemund.de/quake/images/BluesNews.jpg [7048/7048] -> "www.klemund.de/quake/images/BluesNews.jpg" [1]
2023-03-21 16:55:10 URL:https://www.klemund.de/quake/images/Hudak.jpg [7370/7370] -> "www.klemund.de/quake/images/Hudak.jpg" [1]
2023-03-21 16:55:10 URL:https://www.klemund.de/quake/images/qpyp7a.gif [9644/9644] -> "www.klemund.de/quake/images/qpyp7a.gif" [1]
2023-03-21 16:55:10 URL:https://www.klemund.de/quake/images/PoweredByLinux.gif [4927/4927] -> "www.klemund.de/quake/images/PoweredByLinux.gif" [1]
2023-03-21 16:55:10 URL:https://www.klemund.de/quake/images/SpieleForum.gif [18204/18204] -> "www.klemund.de/quake/images/SpieleForum.gif" [1]
2023-03-21 16:55:10 URL:https://www.klemund.de/quake/images/Background.gif [3787/3787] -> "www.klemund.de/quake/images/Background.gif" [1]
2023-03-21 16:55:10 URL:https://www.klemund.de/quake/images/dubliners.gif [4688/4688] -> "www.klemund.de/quake/images/dubliners.gif" [1]
2023-03-21 16:55:10 URL:https://www.klemund.de/quake/images/RonnieDrew.gif [4838/4838] -> "www.klemund.de/quake/images/RonnieDrew.gif" [1]
2023-03-21 16:55:10 URL:https://www.klemund.de/quake/images/PMPogues.gif [2282/2282] -> "www.klemund.de/quake/images/PMPogues.gif" [1]
2023-03-21 16:55:10 URL:https://www.klemund.de/quake/images/Masthead.jpg [43646/43646] -> "www.klemund.de/quake/images/Masthead.jpg" [1]
2023-03-21 16:55:10 URL:https://www.klemund.de/quake/images/NoName.jpg [14698/14698] -> "www.klemund.de/quake/images/NoName.jpg" [1]
2023-03-21 16:55:10 URL:https://www.klemund.de/quake/images/TheCorrs.jpg [6847/6847] -> "www.klemund.de/quake/images/TheCorrs.jpg" [1]
2023-03-21 16:55:10 URL:https://www.klemund.de/quake/Time.mid [30923/30923] -> "www.klemund.de/quake/Time.mid" [1]
2023-03-21 16:55:10 URL:https://www.klemund.de/quake/images/TheCure.gif [2853/2853] -> "www.klemund.de/quake/images/TheCure.gif" [1]
2023-03-21 16:55:10 URL:https://www.klemund.de/quake/images/TheCureUrl.gif [3944/3944] -> "www.klemund.de/quake/images/TheCureUrl.gif" [1]
2023-03-21 16:55:10 URL:https://www.klemund.de/quake/images/SherylCrow.jpg [9269/9269] -> "www.klemund.de/quake/images/SherylCrow.jpg" [1]
2023-03-21 16:55:10 URL:https://www.klemund.de/quake/images/The_Intruder.jpg [17558/17558] -> "www.klemund.de/quake/images/The_Intruder.jpg" [1]
2023-03-21 16:55:10 URL:https://www.klemund.de/quake/images/Link4.gif [3325/3325] -> "www.klemund.de/quake/images/Link4.gif" [1]
2023-03-21 16:55:10 URL:https://www.klemund.de/quake/images/al_bundy.gif [12008/12008] -> "www.klemund.de/quake/images/al_bundy.gif" [1]
2023-03-21 16:55:10 URL:https://www.klemund.de/quake/images/Netlogo.gif [12717/12717] -> "www.klemund.de/quake/images/Netlogo.gif" [1]
2023-03-21 16:55:10 URL:https://www.klemund.de/quake/images/Erzieher.gif [3699/3699] -> "www.klemund.de/quake/images/Erzieher.gif" [1]
2023-03-21 16:55:10 URL:https://www.klemund.de/quake/images/iltacco.jpg [15995/15995] -> "www.klemund.de/quake/images/iltacco.jpg" [1]
2023-03-21 16:55:10 URL:https://www.klemund.de/quake/images/Fritz.gif [3549/3549] -> "www.klemund.de/quake/images/Fritz.gif" [1]
2023-03-21 16:55:10 URL:https://www.klemund.de/quake/images/Digi_Art.gif [1624/1624] -> "www.klemund.de/quake/images/Digi_Art.gif" [1]
2023-03-21 16:55:10 URL:https://www.klemund.de/quake/images/b_chan.gif [12142/12142] -> "www.klemund.de/quake/images/b_chan.gif" [1]
FINISHED --2023-03-21 16:55:10--
Total wall clock time: 2.5s
Downloaded: 78 files, 679K in 0.02s (33.0 MB/s)
