2014-07-05 21:41:46 URL:http://www.quakewatervis.com/ [36163] -> "www.quakewatervis.com_20140705/index.html" [1]
2014-07-05 21:41:46 URL:http://www.quakewatervis.com/classic/ [1247/1247] -> "www.quakewatervis.com_20140705/classic/index.html" [1]
2014-07-05 21:41:48 URL:http://www.quakewatervis.com/downloads/ [30213] -> "www.quakewatervis.com_20140705/downloads/index.html" [1]
2014-07-05 21:41:49 URL:http://www.quakewatervis.com/downloads/?category=10 [29182] -> "www.quakewatervis.com_20140705/downloads/index.html?category=10.html" [1]
2014-07-05 21:41:50 URL:http://www.quakewatervis.com/downloads/?category=1 [26412] -> "www.quakewatervis.com_20140705/downloads/index.html?category=1.html" [1]
2014-07-05 21:41:52 URL:http://www.quakewatervis.com/downloads/?category=11 [27230] -> "www.quakewatervis.com_20140705/downloads/index.html?category=11.html" [1]
2014-07-05 21:41:52 URL:http://www.quakewatervis.com/classic/top.htm [295/295] -> "www.quakewatervis.com_20140705/classic/top.htm" [1]
2014-07-05 21:41:53 URL:http://www.quakewatervis.com/classic/menu.htm [6469/6469] -> "www.quakewatervis.com_20140705/classic/menu.htm" [1]
2014-07-05 21:41:55 URL:http://www.quakewatervis.com/classic/main.htm [80911/80911] -> "www.quakewatervis.com_20140705/classic/main.htm" [1]
2014-07-05 21:41:56 URL:http://www.quakewatervis.com/classic/images/watervis.gif [13380/13380] -> "www.quakewatervis.com_20140705/classic/images/watervis.gif" [1]
2014-07-05 21:41:57 URL:http://www.quakewatervis.com/classic/images/bullet3.gif [826/826] -> "www.quakewatervis.com_20140705/classic/images/bullet3.gif" [1]
2014-07-05 21:41:59 URL:http://www.quakewatervis.com/classic/files.htm [71147/71147] -> "www.quakewatervis.com_20140705/classic/files.htm" [1]
2014-07-05 21:42:00 URL:http://www.quakewatervis.com/classic/links.htm [1211/1211] -> "www.quakewatervis.com_20140705/classic/links.htm" [1]
2014-07-05 21:42:01 URL:http://www.quakewatervis.com/classic/patch.htm [24254/24254] -> "www.quakewatervis.com_20140705/classic/patch.htm" [1]
2014-07-05 21:42:01 URL:http://www.quakewatervis.com/classic/create.htm [32453/32453] -> "www.quakewatervis.com_20140705/classic/create.htm" [1]
2014-07-05 21:42:02 URL:http://www.quakewatervis.com/classic/errors.htm [24557/24557] -> "www.quakewatervis.com_20140705/classic/errors.htm" [1]
2014-07-05 21:42:03 URL:http://www.quakewatervis.com/classic/contacts.htm [981/981] -> "www.quakewatervis.com_20140705/classic/contacts.htm" [1]
2014-07-05 21:42:04 URL:http://www.quakewatervis.com/classic/credits.htm [1568/1568] -> "www.quakewatervis.com_20140705/classic/credits.htm" [1]
http://www.quakewatervis.com/classic/main_files/filelist.xml:
2014-07-05 21:42:05 ERROR 404: Not Found.
http://www.quakewatervis.com/classic/main_files/themedata.thmx:
2014-07-05 21:42:06 ERROR 404: Not Found.
http://www.quakewatervis.com/classic/main_files/colorschememapping.xml:
2014-07-05 21:42:11 ERROR 404: Not Found.
http://www.quakewatervis.com/classic/patch/allstart_vis.zip:
2014-07-05 21:42:14 ERROR 404: Not Found.
http://www.quakewatervis.com/classic/patch/twctf4_vis.zip:
2014-07-05 21:42:15 ERROR 404: Not Found.
http://www.quakewatervis.com/classic/patch/ukpak_vis.zip:
2014-07-05 21:42:17 ERROR 404: Not Found.
http://www.quakewatervis.com/classic/patch/xeno_vis.zip:
2014-07-05 21:42:18 ERROR 404: Not Found.
http://www.quakewatervis.com/classic/files/unixvis.zip:
2014-07-05 21:42:19 ERROR 404: Not Found.
http://www.quakewatervis.com/classic/files/vispsrc.zip:
2014-07-05 21:42:20 ERROR 404: Not Found.
2014-07-05 21:42:21 URL:http://www.quakewatervis.com/classic/oz.txt [1786/1786] -> "www.quakewatervis.com_20140705/classic/oz.txt" [1]
http://www.quakewatervis.com/classic/files_files/filelist.xml:
2014-07-05 21:42:22 ERROR 404: Not Found.
http://www.quakewatervis.com/classic/files_files/editdata.mso:
2014-07-05 21:42:23 ERROR 404: Not Found.
http://www.quakewatervis.com/classic/files_files/themedata.thmx:
2014-07-05 21:42:27 ERROR 404: Not Found.
http://www.quakewatervis.com/classic/files_files/colorschememapping.xml:
2014-07-05 21:42:31 ERROR 404: Not Found.
2014-07-05 21:42:41 URL:http://www.quakewatervis.com/classic/images/id1-l.jpg [68048/68048] -> "www.quakewatervis.com_20140705/classic/images/id1-l.jpg" [1]
2014-07-05 21:42:41 URL:http://www.quakewatervis.com/classic/images/id1-s.jpg [16810/16810] -> "www.quakewatervis.com_20140705/classic/images/id1-s.jpg" [1]
2014-07-05 21:43:01 URL:http://www.quakewatervis.com/wp-content/plugins/download-monitor/download.php?id=Quake+ID1+VIS+Patch+%28Classic%29 [992847/992847] -> "www.quakewatervis.com_20140705/wp-content/plugins/download-monitor/download.php?id=Quake+ID1+VIS+Patch+%28Classic%29" [1]
2014-07-05 21:43:03 URL:http://www.quakewatervis.com/classic/images/hip-s.jpg [11997/11997] -> "www.quakewatervis.com_20140705/classic/images/hip-s.jpg" [1]
2014-07-05 21:43:25 URL:http://www.quakewatervis.com/wp-content/plugins/download-monitor/download.php?id=Scourge+of+Armagon%3A+Mission+Pack+%231+%28Hipnotic%29+VIS+Patch+%28Classic%29 [811488/811488] -> "www.quakewatervis.com_20140705/wp-content/plugins/download-monitor/download.php?id=Scourge+of+Armagon%3A+Mission+Pack+%231+%28Hipnotic%29+VIS+Patch+%28Classic%29" [1]
2014-07-05 21:43:27 URL:http://www.quakewatervis.com/classic/images/rogue-s.jpg [11757/11757] -> "www.quakewatervis.com_20140705/classic/images/rogue-s.jpg" [1]
2014-07-05 21:43:39 URL:http://www.quakewatervis.com/wp-content/plugins/download-monitor/download.php?id=Dissolution+of+Eternity%3A+Mission+Pack+%232+%28Rogue%29+VIS+Patch+%28Classic%29 [790118/790118] -> "www.quakewatervis.com_20140705/wp-content/plugins/download-monitor/download.php?id=Dissolution+of+Eternity%3A+Mission+Pack+%232+%28Rogue%29+VIS+Patch+%28Classic%29" [1]
2014-07-05 21:43:40 URL:http://www.quakewatervis.com/classic/images/ctf3-s.jpg [12532/12532] -> "www.quakewatervis.com_20140705/classic/images/ctf3-s.jpg" [1]
2014-07-05 21:44:03 URL:http://www.quakewatervis.com/wp-content/plugins/download-monitor/download.php?id=Capture+The+Flag+3.01 [4088415/4088415] -> "www.quakewatervis.com_20140705/wp-content/plugins/download-monitor/download.php?id=Capture+The+Flag+3.01" [1]
2014-07-05 21:44:10 URL:http://www.quakewatervis.com/wp-content/plugins/download-monitor/download.php?id=Capture+The+Flag+3.x+VIS+Patch+%28Classic%29 [291165/291165] -> "www.quakewatervis.com_20140705/wp-content/plugins/download-monitor/download.php?id=Capture+The+Flag+3.x+VIS+Patch+%28Classic%29" [1]
2014-07-05 21:44:12 URL:http://www.quakewatervis.com/classic/images/ctf4-s.jpg [15503/15503] -> "www.quakewatervis.com_20140705/classic/images/ctf4-s.jpg" [1]
2014-07-05 21:44:52 URL:http://www.quakewatervis.com/wp-content/plugins/download-monitor/download.php?id=Capture+The+Flag+4 [6722412/6722412] -> "www.quakewatervis.com_20140705/wp-content/plugins/download-monitor/download.php?id=Capture+The+Flag+4" [1]
2014-07-05 21:44:58 URL:http://www.quakewatervis.com/wp-content/plugins/download-monitor/download.php?id=Capture+The+Flag+4.x+VIS+Patch+%28Classic%29 [357389/357389] -> "www.quakewatervis.com_20140705/wp-content/plugins/download-monitor/download.php?id=Capture+The+Flag+4.x+VIS+Patch+%28Classic%29" [1]
No data received.
2014-07-05 21:45:02 URL:http://www.quakewatervis.com/classic/images/twctf.jpg [71007/71007] -> "www.quakewatervis.com_20140705/classic/images/twctf.jpg" [2]
2014-07-05 21:45:03 URL:http://www.quakewatervis.com/classic/images/twctf-s.jpg [16596/16596] -> "www.quakewatervis.com_20140705/classic/images/twctf-s.jpg" [1]
2014-07-05 21:45:40 URL:http://www.quakewatervis.com/wp-content/plugins/download-monitor/download.php?id=ThunderWalker+CTF+3.1 [7167733/7167733] -> "www.quakewatervis.com_20140705/wp-content/plugins/download-monitor/download.php?id=ThunderWalker+CTF+3.1" [1]
2014-07-05 21:45:41 URL:http://www.quakewatervis.com/wp-content/plugins/download-monitor/download.php?id=ThunderWalker+CTF+3.x+VIS+Patch+%28Classic%29 [342019/342019] -> "www.quakewatervis.com_20140705/wp-content/plugins/download-monitor/download.php?id=ThunderWalker+CTF+3.x+VIS+Patch+%28Classic%29" [1]
2014-07-05 21:45:41 URL:http://www.quakewatervis.com/classic/images/shrak-l.jpg [62351/62351] -> "www.quakewatervis.com_20140705/classic/images/shrak-l.jpg" [1]
2014-07-05 21:45:41 URL:http://www.quakewatervis.com/classic/images/shrak-s.jpg [15289/15289] -> "www.quakewatervis.com_20140705/classic/images/shrak-s.jpg" [1]
2014-07-05 21:45:43 URL:http://www.quakewatervis.com/wp-content/plugins/download-monitor/download.php?id=Shrak+VIS+Patch+%28Classic%29 [605615/605615] -> "www.quakewatervis.com_20140705/wp-content/plugins/download-monitor/download.php?id=Shrak+VIS+Patch+%28Classic%29" [1]
2014-07-05 21:45:43 URL:http://www.quakewatervis.com/classic/images/elmdm-l.jpg [72127/72127] -> "www.quakewatervis.com_20140705/classic/images/elmdm-l.jpg" [1]
2014-07-05 21:45:43 URL:http://www.quakewatervis.com/classic/images/elmdm-s.jpg [18853/18853] -> "www.quakewatervis.com_20140705/classic/images/elmdm-s.jpg" [1]
2014-07-05 21:45:45 URL:http://www.quakewatervis.com/wp-content/plugins/download-monitor/download.php?id=Cenotaph+Of+The+Magi+%28Elmdm%29 [2439196/2439196] -> "www.quakewatervis.com_20140705/wp-content/plugins/download-monitor/download.php?id=Cenotaph+Of+The+Magi+%28Elmdm%29" [1]
2014-07-05 21:45:46 URL:http://www.quakewatervis.com/wp-content/plugins/download-monitor/download.php?id=Cenotaph+Of+The+Magi+%28Elmdm%29+VIS+Patch+%28Classic%29 [110978/110978] -> "www.quakewatervis.com_20140705/wp-content/plugins/download-monitor/download.php?id=Cenotaph+Of+The+Magi+%28Elmdm%29+VIS+Patch+%28Classic%29" [1]
2014-07-05 21:45:46 URL:http://www.quakewatervis.com/classic/images/dimen-l.jpg [70110/70110] -> "www.quakewatervis.com_20140705/classic/images/dimen-l.jpg" [1]
2014-07-05 21:45:46 URL:http://www.quakewatervis.com/classic/images/dimen-s.jpg [18725/18725] -> "www.quakewatervis.com_20140705/classic/images/dimen-s.jpg" [1]
2014-07-05 21:45:50 URL:http://www.quakewatervis.com/wp-content/plugins/download-monitor/download.php?id=Dimensionality+Deathmatch+Pack [5203075/5203075] -> "www.quakewatervis.com_20140705/wp-content/plugins/download-monitor/download.php?id=Dimensionality+Deathmatch+Pack" [1]
2014-07-05 21:45:51 URL:http://www.quakewatervis.com/wp-content/plugins/download-monitor/download.php?id=Dimensionality+Deathmatch+Pack+VIS+Patch+%28Classic%29 [267800/267800] -> "www.quakewatervis.com_20140705/wp-content/plugins/download-monitor/download.php?id=Dimensionality+Deathmatch+Pack+VIS+Patch+%28Classic%29" [1]
2014-07-05 21:45:51 URL:http://www.quakewatervis.com/classic/images/dx-l.jpg [52976/52976] -> "www.quakewatervis.com_20140705/classic/images/dx-l.jpg" [1]
2014-07-05 21:45:51 URL:http://www.quakewatervis.com/classic/images/dx-s.jpg [11706/11706] -> "www.quakewatervis.com_20140705/classic/images/dx-s.jpg" [1]
2014-07-05 21:45:52 URL:http://www.quakewatervis.com/classic/images/zoid-l.jpg [60405/60405] -> "www.quakewatervis.com_20140705/classic/images/zoid-l.jpg" [1]
2014-07-05 21:45:52 URL:http://www.quakewatervis.com/classic/images/zoid-s.jpg [13974/13974] -> "www.quakewatervis.com_20140705/classic/images/zoid-s.jpg" [1]
2014-07-05 21:45:57 URL:http://www.quakewatervis.com/wp-content/plugins/download-monitor/download.php?id=Various+Popular+DM+Levels [5070333/5070333] -> "www.quakewatervis.com_20140705/wp-content/plugins/download-monitor/download.php?id=Various+Popular+DM+Levels" [1]
2014-07-05 21:45:59 URL:http://www.quakewatervis.com/wp-content/plugins/download-monitor/download.php?id=Various+Popular+DM+Levels+VIS+Patch+%28Classic%29 [224925/224925] -> "www.quakewatervis.com_20140705/wp-content/plugins/download-monitor/download.php?id=Various+Popular+DM+Levels+VIS+Patch+%28Classic%29" [1]
2014-07-05 21:45:59 URL:http://www.quakewatervis.com/classic/images/mexx-l.jpg [49879/49879] -> "www.quakewatervis.com_20140705/classic/images/mexx-l.jpg" [1]
2014-07-05 21:46:01 URL:http://www.quakewatervis.com/classic/images/mexx-s.jpg [12001/12001] -> "www.quakewatervis.com_20140705/classic/images/mexx-s.jpg" [1]
2014-07-05 21:46:21 URL:http://www.quakewatervis.com/wp-content/plugins/download-monitor/download.php?id=Marcus+Dromowicz+Excellent+Maps+%28Mexx%29 [14835745/14835745] -> "www.quakewatervis.com_20140705/wp-content/plugins/download-monitor/download.php?id=Marcus+Dromowicz+Excellent+Maps+%28Mexx%29" [1]
2014-07-05 21:46:24 URL:http://www.quakewatervis.com/wp-content/plugins/download-monitor/download.php?id=Marcus+Dromowicz+Excellent+Maps+%28Mexx%29+VIS+Patch+%28Classic%29 [179082/179082] -> "www.quakewatervis.com_20140705/wp-content/plugins/download-monitor/download.php?id=Marcus+Dromowicz+Excellent+Maps+%28Mexx%29+VIS+Patch+%28Classic%29" [1]
2014-07-05 21:46:24 URL:http://www.quakewatervis.com/classic/images/tfpatch1.jpg [56060/56060] -> "www.quakewatervis.com_20140705/classic/images/tfpatch1.jpg" [1]
2014-07-05 21:46:24 URL:http://www.quakewatervis.com/classic/images/tfpatc-s.jpg [13790/13790] -> "www.quakewatervis.com_20140705/classic/images/tfpatc-s.jpg" [1]
2014-07-05 21:46:48 URL:http://www.quakewatervis.com/wp-content/plugins/download-monitor/download.php?id=Various+TeamFortress+Maps+%231 [12373232/12373232] -> "www.quakewatervis.com_20140705/wp-content/plugins/download-monitor/download.php?id=Various+TeamFortress+Maps+%231" [1]
2014-07-05 21:46:56 URL:http://www.quakewatervis.com/wp-content/plugins/download-monitor/download.php?id=Various+TeamFortress+Maps+%231+VIS+Patch+%28Classic%29 [638063/638063] -> "www.quakewatervis.com_20140705/wp-content/plugins/download-monitor/download.php?id=Various+TeamFortress+Maps+%231+VIS+Patch+%28Classic%29" [1]
No data received.
2014-07-05 21:47:06 URL:http://www.quakewatervis.com/classic/images/qzone.jpg [40833/40833] -> "www.quakewatervis.com_20140705/classic/images/qzone.jpg" [2]
No data received.
2014-07-05 21:47:10 URL:http://www.quakewatervis.com/classic/images/qzone-s.jpg [14431/14431] -> "www.quakewatervis.com_20140705/classic/images/qzone-s.jpg" [2]
2014-07-05 21:47:17 URL:http://www.quakewatervis.com/wp-content/plugins/download-monitor/download.php?id=QZone+VIS+Patch+%28Classic%29 [285969/285969] -> "www.quakewatervis.com_20140705/wp-content/plugins/download-monitor/download.php?id=QZone+VIS+Patch+%28Classic%29" [1]
No data received.
2014-07-05 21:47:21 URL:http://www.quakewatervis.com/classic/images/kqp.jpg [39556/39556] -> "www.quakewatervis.com_20140705/classic/images/kqp.jpg" [2]
2014-07-05 21:47:50 URL:http://www.quakewatervis.com/wp-content/plugins/download-monitor/download.php?id=Killer+Quake+Pack+2.20Z [2952348/2952348] -> "www.quakewatervis.com_20140705/wp-content/plugins/download-monitor/download.php?id=Killer+Quake+Pack+2.20Z" [1]
No data received.
2014-07-05 21:47:57 URL:http://www.quakewatervis.com/wp-content/plugins/download-monitor/download.php?id=Killer+Quake+Pack+VIS+Patch+%28Classic%29 [315307/315307] -> "www.quakewatervis.com_20140705/wp-content/plugins/download-monitor/download.php?id=Killer+Quake+Pack+VIS+Patch+%28Classic%29" [2]
2014-07-05 21:47:58 URL:http://www.quakewatervis.com/classic/images/dcdm.jpg [48419/48419] -> "www.quakewatervis.com_20140705/classic/images/dcdm.jpg" [1]
2014-07-05 21:47:59 URL:http://www.quakewatervis.com/classic/images/dm.jpg [2062/2062] -> "www.quakewatervis.com_20140705/classic/images/dm.jpg" [1]
2014-07-05 21:48:10 URL:http://www.quakewatervis.com/wp-content/plugins/download-monitor/download.php?id=Dario+Casali+Deathmatch [1691141/1691141] -> "www.quakewatervis.com_20140705/wp-content/plugins/download-monitor/download.php?id=Dario+Casali+Deathmatch" [1]
2014-07-05 21:48:20 URL:http://www.quakewatervis.com/wp-content/plugins/download-monitor/download.php?id=Dario+Casali+Deathmatch+%28DCDM%29+Maps+VIS+Patch+%28Classic%29 [717891/717891] -> "www.quakewatervis.com_20140705/wp-content/plugins/download-monitor/download.php?id=Dario+Casali+Deathmatch+%28DCDM%29+Maps+VIS+Patch+%28Classic%29" [1]
2014-07-05 21:48:21 URL:http://www.quakewatervis.com/classic/images/pse.jpg [32419/32419] -> "www.quakewatervis.com_20140705/classic/images/pse.jpg" [1]
2014-07-05 21:48:22 URL:http://www.quakewatervis.com/classic/images/se.gif [10476/10476] -> "www.quakewatervis.com_20140705/classic/images/se.gif" [1]
2014-07-05 21:48:31 URL:http://www.quakewatervis.com/wp-content/plugins/download-monitor/download.php?id=Prodigy+Special+Edition [4585258/4585258] -> "www.quakewatervis.com_20140705/wp-content/plugins/download-monitor/download.php?id=Prodigy+Special+Edition" [1]
2014-07-05 21:48:33 URL:http://www.quakewatervis.com/wp-content/plugins/download-monitor/download.php?id=Prodigy+Special+Edition+VIS+Patch+%28Classic%29 [887909/887909] -> "www.quakewatervis.com_20140705/wp-content/plugins/download-monitor/download.php?id=Prodigy+Special+Edition+VIS+Patch+%28Classic%29" [1]
2014-07-05 21:48:34 URL:http://www.quakewatervis.com/classic/images/tfpatch2.jpg [41764/41764] -> "www.quakewatervis.com_20140705/classic/images/tfpatch2.jpg" [1]
2014-07-05 21:48:42 URL:http://www.quakewatervis.com/wp-content/plugins/download-monitor/download.php?id=Various+TeamFortress+Maps+%232 [5034905/5034905] -> "www.quakewatervis.com_20140705/wp-content/plugins/download-monitor/download.php?id=Various+TeamFortress+Maps+%232" [1]
2014-07-05 21:49:01 URL:http://www.quakewatervis.com/wp-content/plugins/download-monitor/download.php?id=Various+TeamFortress+Maps+%233+%28Fortfest%29 [11304608/11304608] -> "www.quakewatervis.com_20140705/wp-content/plugins/download-monitor/download.php?id=Various+TeamFortress+Maps+%233+%28Fortfest%29" [1]
2014-07-05 21:49:02 URL:http://www.quakewatervis.com/wp-content/plugins/download-monitor/download.php?id=Various+TeamFortress+Maps+%232+VIS+Patch+%28Classic%29 [50416/50416] -> "www.quakewatervis.com_20140705/wp-content/plugins/download-monitor/download.php?id=Various+TeamFortress+Maps+%232+VIS+Patch+%28Classic%29" [1]
2014-07-05 21:49:02 URL:http://www.quakewatervis.com/wp-content/plugins/download-monitor/download.php?id=Various+TeamFortress+Maps+%233+%28FortFest%29+VIS+Patch+%28Classic%29 [77108/77108] -> "www.quakewatervis.com_20140705/wp-content/plugins/download-monitor/download.php?id=Various+TeamFortress+Maps+%233+%28FortFest%29+VIS+Patch+%28Classic%29" [1]
2014-07-05 21:49:02 URL:http://www.quakewatervis.com/classic/images/fragtown6.jpg [62265/62265] -> "www.quakewatervis.com_20140705/classic/images/fragtown6.jpg" [1]
2014-07-05 21:49:04 URL:http://www.quakewatervis.com/wp-content/plugins/download-monitor/download.php?id=Various+OZ+Maps+VIS+Patch+%28Classic%29 [1378810/1378810] -> "www.quakewatervis.com_20140705/wp-content/plugins/download-monitor/download.php?id=Various+OZ+Maps+VIS+Patch+%28Classic%29" [1]
2014-07-05 21:49:04 URL:http://www.quakewatervis.com/classic/images/qrally.jpg [46374/46374] -> "www.quakewatervis.com_20140705/classic/images/qrally.jpg" [1]
2014-07-05 21:49:04 URL:http://www.quakewatervis.com/wp-content/plugins/download-monitor/download.php?id=Quake+Rally+VIS+Patch+%28Classic%29 [138053/138053] -> "www.quakewatervis.com_20140705/wp-content/plugins/download-monitor/download.php?id=Quake+Rally+VIS+Patch+%28Classic%29" [1]
2014-07-05 21:49:04 URL:http://www.quakewatervis.com/classic/images/zerstorer.jpg [41430/41430] -> "www.quakewatervis.com_20140705/classic/images/zerstorer.jpg" [1]
2014-07-05 21:49:05 URL:http://www.quakewatervis.com/wp-content/plugins/download-monitor/download.php?id=Zerst%C3%B6rer+Maps+VIS+Patch+%28Classic%29 [571302/571302] -> "www.quakewatervis.com_20140705/wp-content/plugins/download-monitor/download.php?id=Zerst%C3%B6rer+Maps+VIS+Patch+%28Classic%29" [1]
2014-07-05 21:49:05 URL:http://www.quakewatervis.com/classic/images/miscdm1.jpg [55933/55933] -> "www.quakewatervis.com_20140705/classic/images/miscdm1.jpg" [1]
2014-07-05 21:49:06 URL:http://www.quakewatervis.com/wp-content/plugins/download-monitor/download.php?id=Miscellaneous+DM+Maps+VIS+Patch+%28Classic%29 [212079/212079] -> "www.quakewatervis.com_20140705/wp-content/plugins/download-monitor/download.php?id=Miscellaneous+DM+Maps+VIS+Patch+%28Classic%29" [1]
2014-07-05 21:49:06 URL:http://www.quakewatervis.com/classic/images/locctf.jpg [35297/35297] -> "www.quakewatervis.com_20140705/classic/images/locctf.jpg" [1]
2014-07-05 21:49:07 URL:http://www.quakewatervis.com/wp-content/plugins/download-monitor/download.php?id=League+Of+Capture+CTF+VIS+Patch+%28Classic%29 [110211/110211] -> "www.quakewatervis.com_20140705/wp-content/plugins/download-monitor/download.php?id=League+Of+Capture+CTF+VIS+Patch+%28Classic%29" [1]
2014-07-05 21:49:07 URL:http://www.quakewatervis.com/classic/images/xeno5.jpg [7173/7173] -> "www.quakewatervis.com_20140705/classic/images/xeno5.jpg" [1]
2014-07-05 21:49:07 URL:http://www.quakewatervis.com/wp-content/plugins/download-monitor/download.php?id=Allstar+CTF+Start+Map+VIS+Patch+%28Classic%29 [53465/53465] -> "www.quakewatervis.com_20140705/wp-content/plugins/download-monitor/download.php?id=Allstar+CTF+Start+Map+VIS+Patch+%28Classic%29" [1]
2014-07-05 21:49:08 URL:http://www.quakewatervis.com/wp-content/plugins/download-monitor/download.php?id=Xeno+VIS+Patch+%28Classic%29 [417265/417265] -> "www.quakewatervis.com_20140705/wp-content/plugins/download-monitor/download.php?id=Xeno+VIS+Patch+%28Classic%29" [1]
2014-07-05 21:49:08 URL:http://www.quakewatervis.com/classic/images/twctf2mc.jpg [22354/22354] -> "www.quakewatervis.com_20140705/classic/images/twctf2mc.jpg" [1]
2014-07-05 21:49:14 URL:http://www.quakewatervis.com/wp-content/plugins/download-monitor/download.php?id=ThunderWalker+CTF+4.0 [7873478/7873478] -> "www.quakewatervis.com_20140705/wp-content/plugins/download-monitor/download.php?id=ThunderWalker+CTF+4.0" [1]
2014-07-05 21:49:16 URL:http://www.quakewatervis.com/wp-content/plugins/download-monitor/download.php?id=ThunderWalker+CTF+4.x+VIS+Patch+%28Classic%29 [420263/420263] -> "www.quakewatervis.com_20140705/wp-content/plugins/download-monitor/download.php?id=ThunderWalker+CTF+4.x+VIS+Patch+%28Classic%29" [1]
2014-07-05 21:49:17 URL:http://www.quakewatervis.com/classic/images/ukpak.jpg [17536/17536] -> "www.quakewatervis.com_20140705/classic/images/ukpak.jpg" [1]
2014-07-05 21:49:17 URL:http://www.quakewatervis.com/classic/images/ukpak-s.jpg [9918/9918] -> "www.quakewatervis.com_20140705/classic/images/ukpak-s.jpg" [1]
2014-07-05 21:49:17 URL:http://www.quakewatervis.com/wp-content/plugins/download-monitor/download.php?id=UK+Pak [138939/138939] -> "www.quakewatervis.com_20140705/wp-content/plugins/download-monitor/download.php?id=UK+Pak" [1]
http://www.quakewatervis.com/classic/patch_files/filelist.xml:
2014-07-05 21:49:18 ERROR 404: Not Found.
http://www.quakewatervis.com/classic/patch_files/themedata.thmx:
2014-07-05 21:49:18 ERROR 404: Not Found.
http://www.quakewatervis.com/classic/patch_files/colorschememapping.xml:
2014-07-05 21:49:18 ERROR 404: Not Found.
2014-07-05 21:49:19 URL:http://www.quakewatervis.com/wp-content/plugins/download-monitor/download.php?id=VisPatch [39857/39857] -> "www.quakewatervis.com_20140705/wp-content/plugins/download-monitor/download.php?id=VisPatch" [1]
http://www.quakewatervis.com/wp-content/plugins/download-monitor/download.php%3fid=VisPatch:
2014-07-05 21:49:19 ERROR 404: Not Found.
http://www.quakewatervis.com/classic/create_files/filelist.xml:
2014-07-05 21:49:20 ERROR 404: Not Found.
http://www.quakewatervis.com/classic/create_files/themedata.thmx:
2014-07-05 21:49:20 ERROR 404: Not Found.
http://www.quakewatervis.com/classic/create_files/colorschememapping.xml:
2014-07-05 21:49:20 ERROR 404: Not Found.
2014-07-05 21:49:21 URL:http://www.quakewatervis.com/wp-content/plugins/download-monitor/download.php?id=Quake+BSP+Portalizer+%28BSP2PRT%29 [43698/43698] -> "www.quakewatervis.com_20140705/wp-content/plugins/download-monitor/download.php?id=Quake+BSP+Portalizer+%28BSP2PRT%29" [1]
2014-07-05 21:49:21 URL:http://www.quakewatervis.com/wp-content/plugins/download-monitor/download.php?id=VIS [38163/38163] -> "www.quakewatervis.com_20140705/wp-content/plugins/download-monitor/download.php?id=VIS" [1]
http://www.quakewatervis.com/classic/errors_files/filelist.xml:
2014-07-05 21:49:21 ERROR 404: Not Found.
http://www.quakewatervis.com/classic/errors_files/themedata.thmx:
2014-07-05 21:49:22 ERROR 404: Not Found.
http://www.quakewatervis.com/classic/errors_files/colorschememapping.xml:
2014-07-05 21:49:22 ERROR 404: Not Found.
FINISHED --2014-07-05 21:49:22--
Total wall clock time: 7m 40s
Downloaded: 102 files, 100M in 5m 39s (301 KB/s)
