2012-08-24 18:48:58 URL:http://www.electronicliberationfront.co.cc/ [4416/4416] -> "www.electronicliberationfront.co.cc/index.html" [1]
2012-08-24 18:48:58 URL:http://www.electronicliberationfront.co.cc/images/bg06.jpg [3811/3811] -> "www.electronicliberationfront.co.cc/images/bg06.jpg" [1]
2012-08-24 18:48:59 URL:http://www.electronicliberationfront.co.cc/images/bg01.jpg [37316/37316] -> "www.electronicliberationfront.co.cc/images/bg01.jpg" [1]
2012-08-24 18:49:00 URL:http://www.electronicliberationfront.co.cc/images/bg03.jpg [783/783] -> "www.electronicliberationfront.co.cc/images/bg03.jpg" [1]
2012-08-24 18:49:00 URL:http://www.electronicliberationfront.co.cc/images/bg02.jpg [1422/1422] -> "www.electronicliberationfront.co.cc/images/bg02.jpg" [1]
2012-08-24 18:49:00 URL:http://www.electronicliberationfront.co.cc/index.shtml [4416/4416] -> "www.electronicliberationfront.co.cc/index.shtml.html" [1]
2012-08-24 18:49:02 URL:http://www.electronicliberationfront.co.cc/archives.shtml [30753] -> "www.electronicliberationfront.co.cc/archives.shtml.html" [1]
2012-08-24 18:49:02 URL:http://www.electronicliberationfront.co.cc/mods.shtml [5363/5363] -> "www.electronicliberationfront.co.cc/mods.shtml.html" [1]
2012-08-24 18:49:02 URL:http://www.electronicliberationfront.co.cc/levels.shtml [3060/3060] -> "www.electronicliberationfront.co.cc/levels.shtml.html" [1]
2012-08-24 18:49:03 URL:http://www.electronicliberationfront.co.cc/images/bg04.jpg [979/979] -> "www.electronicliberationfront.co.cc/images/bg04.jpg" [1]
2012-08-24 18:49:03 URL:http://www.electronicliberationfront.co.cc/images/bg05.jpg [23623/23623] -> "www.electronicliberationfront.co.cc/images/bg05.jpg" [1]
2012-08-24 18:49:04 URL:http://error404.000webhost.com/? [14378] -> "www.electronicliberationfront.co.cc/atac1.jpg.html" [1]
2012-08-24 18:49:04 URL:http://error404.000webhost.com/? [14378] -> "www.electronicliberationfront.co.cc/atac1tn.jpg.html" [1]
2012-08-24 18:49:05 URL:http://error404.000webhost.com/? [14378] -> "www.electronicliberationfront.co.cc/atac2.jpg.html" [1]
2012-08-24 18:49:05 URL:http://error404.000webhost.com/? [14378] -> "www.electronicliberationfront.co.cc/atac2tn.jpg.html" [1]
2012-08-24 18:49:06 URL:http://error404.000webhost.com/? [14378] -> "www.electronicliberationfront.co.cc/atac3.jpg.html" [1]
2012-08-24 18:49:06 URL:http://error404.000webhost.com/? [14378] -> "www.electronicliberationfront.co.cc/atac3tn.jpg.html" [1]
2012-08-24 18:49:07 URL:http://error404.000webhost.com/? [14378] -> "www.electronicliberationfront.co.cc/atac4.jpg.html" [1]
2012-08-24 18:49:07 URL:http://error404.000webhost.com/? [14378] -> "www.electronicliberationfront.co.cc/atac4tn.jpg.html" [1]
2012-08-24 18:49:08 URL:http://error404.000webhost.com/? [14378] -> "www.electronicliberationfront.co.cc/atac5.jpg.html" [1]
2012-08-24 18:49:08 URL:http://error404.000webhost.com/? [14378] -> "www.electronicliberationfront.co.cc/atac5tn.jpg.html" [1]
2012-08-24 18:49:09 URL:http://error404.000webhost.com/? [14378] -> "www.electronicliberationfront.co.cc/atac6.jpg.html" [1]
2012-08-24 18:49:10 URL:http://error404.000webhost.com/? [14378] -> "www.electronicliberationfront.co.cc/atac6tn.jpg.html" [1]
2012-08-24 18:49:11 URL:http://error404.000webhost.com/? [14378] -> "www.electronicliberationfront.co.cc/extras.shtml.html" [1]
2012-08-24 18:49:11 URL:http://error404.000webhost.com/? [14378] -> "www.electronicliberationfront.co.cc/did2pics.htm" [1]
2012-08-24 18:49:12 URL:http://error404.000webhost.com/? [14378] -> "www.electronicliberationfront.co.cc/did2.shtml.html" [1]
2012-08-24 18:49:14 URL:http://www.electronicliberationfront.co.cc/pictures/did2tn.jpg [315589/315589] -> "www.electronicliberationfront.co.cc/pictures/did2tn.jpg" [1]
2012-08-24 18:49:14 URL:http://www.electronicliberationfront.co.cc/tda.shtml [3954/3954] -> "www.electronicliberationfront.co.cc/tda.shtml.html" [1]
2012-08-24 18:49:16 URL:http://www.electronicliberationfront.co.cc/pictures/tdatn.jpg [279174/279174] -> "www.electronicliberationfront.co.cc/pictures/tdatn.jpg" [1]
2012-08-24 18:49:16 URL:http://www.electronicliberationfront.co.cc/sst.shtml [4631/4631] -> "www.electronicliberationfront.co.cc/sst.shtml.html" [1]
2012-08-24 18:49:18 URL:http://www.electronicliberationfront.co.cc/pictures/ssttn.gif [132157/132157] -> "www.electronicliberationfront.co.cc/pictures/ssttn.gif" [1]
2012-08-24 18:49:18 URL:http://www.electronicliberationfront.co.cc/did.shtml [4653/4653] -> "www.electronicliberationfront.co.cc/did.shtml.html" [1]
2012-08-24 18:49:20 URL:http://www.electronicliberationfront.co.cc/pictures/didtn.jpg [152673/152673] -> "www.electronicliberationfront.co.cc/pictures/didtn.jpg" [1]
2012-08-24 18:49:20 URL:http://www.electronicliberationfront.co.cc/mini.shtml [7797/7797] -> "www.electronicliberationfront.co.cc/mini.shtml.html" [1]
2012-08-24 18:49:21 URL:http://www.electronicliberationfront.co.cc/pictures/paqtn.jpg [25548/25548] -> "www.electronicliberationfront.co.cc/pictures/paqtn.jpg" [1]
2012-08-24 18:49:21 URL:http://www.electronicliberationfront.co.cc/older.shtml [5587/5587] -> "www.electronicliberationfront.co.cc/older.shtml.html" [1]
2012-08-24 18:49:22 URL:http://www.electronicliberationfront.co.cc/pictures/stormtn.gif [12765/12765] -> "www.electronicliberationfront.co.cc/pictures/stormtn.gif" [1]
2012-08-24 18:49:22 URL:http://www.electronicliberationfront.co.cc/dm.shtml [4892/4892] -> "www.electronicliberationfront.co.cc/dm.shtml.html" [1]
2012-08-24 18:49:23 URL:http://www.electronicliberationfront.co.cc/aq.shtml [3378/3378] -> "www.electronicliberationfront.co.cc/aq.shtml.html" [1]
2012-08-24 18:49:24 URL:http://www.electronicliberationfront.co.cc/tf.shtml [5531/5531] -> "www.electronicliberationfront.co.cc/tf.shtml.html" [1]
2012-08-24 18:49:24 URL:http://www.electronicliberationfront.co.cc/sp.shtml [5137/5137] -> "www.electronicliberationfront.co.cc/sp.shtml.html" [1]
2012-08-24 18:49:25 URL:http://www.electronicliberationfront.co.cc/qr.shtml [2977/2977] -> "www.electronicliberationfront.co.cc/qr.shtml.html" [1]
2012-08-24 18:49:26 URL:http://www.electronicliberationfront.co.cc/pictures/shot1.jpg [290179/290179] -> "www.electronicliberationfront.co.cc/pictures/shot1.jpg" [1]
2012-08-24 18:49:28 URL:http://www.electronicliberationfront.co.cc/pictures/sst1.gif [132157/132157] -> "www.electronicliberationfront.co.cc/pictures/sst1.gif" [1]
2012-08-24 18:49:30 URL:http://www.electronicliberationfront.co.cc/pictures/sst1a.gif [348786/348786] -> "www.electronicliberationfront.co.cc/pictures/sst1a.gif" [1]
2012-08-24 18:49:32 URL:http://www.electronicliberationfront.co.cc/pictures/sst2.gif [144146/144146] -> "www.electronicliberationfront.co.cc/pictures/sst2.gif" [1]
2012-08-24 18:49:34 URL:http://www.electronicliberationfront.co.cc/pictures/sst2a.gif [318714/318714] -> "www.electronicliberationfront.co.cc/pictures/sst2a.gif" [1]
2012-08-24 18:49:35 URL:http://www.electronicliberationfront.co.cc/pictures/sst3.gif [104211/104211] -> "www.electronicliberationfront.co.cc/pictures/sst3.gif" [1]
2012-08-24 18:49:37 URL:http://www.electronicliberationfront.co.cc/pictures/sst3a.gif [99735/99735] -> "www.electronicliberationfront.co.cc/pictures/sst3a.gif" [1]
2012-08-24 18:49:38 URL:http://www.electronicliberationfront.co.cc/pictures/sst5.gif [165046/165046] -> "www.electronicliberationfront.co.cc/pictures/sst5.gif" [1]
2012-08-24 18:49:40 URL:http://www.electronicliberationfront.co.cc/pictures/sst8.gif [211454/211454] -> "www.electronicliberationfront.co.cc/pictures/sst8.gif" [1]
2012-08-24 18:49:42 URL:http://www.electronicliberationfront.co.cc/pictures/sst9.gif [258753/258753] -> "www.electronicliberationfront.co.cc/pictures/sst9.gif" [1]
2012-08-24 18:49:43 URL:http://www.electronicliberationfront.co.cc/pictures/did1.jpg [37096/37096] -> "www.electronicliberationfront.co.cc/pictures/did1.jpg" [1]
2012-08-24 18:49:44 URL:http://www.electronicliberationfront.co.cc/pictures/did2.jpg [64056/64056] -> "www.electronicliberationfront.co.cc/pictures/did2.jpg" [1]
2012-08-24 18:49:46 URL:http://www.electronicliberationfront.co.cc/pictures/did3.jpg [61297/61297] -> "www.electronicliberationfront.co.cc/pictures/did3.jpg" [1]
2012-08-24 18:49:47 URL:http://www.electronicliberationfront.co.cc/pictures/did4.jpg [72132/72132] -> "www.electronicliberationfront.co.cc/pictures/did4.jpg" [1]
2012-08-24 18:49:48 URL:http://www.electronicliberationfront.co.cc/pictures/did5.jpg [67411/67411] -> "www.electronicliberationfront.co.cc/pictures/did5.jpg" [1]
2012-08-24 18:49:49 URL:http://www.electronicliberationfront.co.cc/pictures/did6.jpg [72228/72228] -> "www.electronicliberationfront.co.cc/pictures/did6.jpg" [1]
2012-08-24 18:49:50 URL:http://www.electronicliberationfront.co.cc/pictures/sagdoll4.jpg [60013/60013] -> "www.electronicliberationfront.co.cc/pictures/sagdoll4.jpg" [1]
2012-08-24 18:49:51 URL:http://error404.000webhost.com/? [14378] -> "www.electronicliberationfront.co.cc/files/sagdoll142.zip.html" [1]
2012-08-24 18:49:53 URL:http://www.electronicliberationfront.co.cc/pictures/squad.jpg [95522/95522] -> "www.electronicliberationfront.co.cc/pictures/squad.jpg" [1]
2012-08-24 18:49:53 URL:http://error404.000webhost.com/? [14378] -> "www.electronicliberationfront.co.cc/files/squad12.zip.html" [1]
2012-08-24 18:49:54 URL:http://www.electronicliberationfront.co.cc/pictures/cfq.gif [19821/19821] -> "www.electronicliberationfront.co.cc/pictures/cfq.gif" [1]
2012-08-24 18:49:54 URL:http://error404.000webhost.com/? [14378] -> "www.electronicliberationfront.co.cc/files/cfq.zip.html" [1]
2012-08-24 18:49:56 URL:http://www.electronicliberationfront.co.cc/pictures/helix.jpg [75667/75667] -> "www.electronicliberationfront.co.cc/pictures/helix.jpg" [1]
2012-08-24 18:49:57 URL:http://error404.000webhost.com/? [14378] -> "www.electronicliberationfront.co.cc/files/helix.zip.html" [1]
2012-08-24 18:49:57 URL:http://www.electronicliberationfront.co.cc/pictures/demon.jpg [10058/10058] -> "www.electronicliberationfront.co.cc/pictures/demon.jpg" [1]
2012-08-24 18:49:58 URL:http://www.electronicliberationfront.co.cc/pictures/elfbot.gif [10165/10165] -> "www.electronicliberationfront.co.cc/pictures/elfbot.gif" [1]
2012-08-24 18:49:59 URL:http://www.electronicliberationfront.co.cc/pictures/mandible.gif [27605/27605] -> "www.electronicliberationfront.co.cc/pictures/mandible.gif" [1]
2012-08-24 18:49:59 URL:http://www.electronicliberationfront.co.cc/pictures/raild.gif [12690/12690] -> "www.electronicliberationfront.co.cc/pictures/raild.gif" [1]
2012-08-24 18:50:00 URL:http://www.electronicliberationfront.co.cc/pictures/storm.jpg [3229/3229] -> "www.electronicliberationfront.co.cc/pictures/storm.jpg" [1]
2012-08-24 18:50:01 URL:http://www.electronicliberationfront.co.cc/pictures/q1adm1.gif [33369/33369] -> "www.electronicliberationfront.co.cc/pictures/q1adm1.gif" [1]
2012-08-24 18:50:02 URL:http://www.electronicliberationfront.co.cc/pictures/subway.gif [43338/43338] -> "www.electronicliberationfront.co.cc/pictures/subway.gif" [1]
2012-08-24 18:50:03 URL:http://www.electronicliberationfront.co.cc/pictures/path3.gif [44145/44145] -> "www.electronicliberationfront.co.cc/pictures/path3.gif" [1]
2012-08-24 18:50:04 URL:http://www.electronicliberationfront.co.cc/pictures/id.gif [46626/46626] -> "www.electronicliberationfront.co.cc/pictures/id.gif" [1]
2012-08-24 18:50:05 URL:http://www.electronicliberationfront.co.cc/pictures/cargo.gif [53731/53731] -> "www.electronicliberationfront.co.cc/pictures/cargo.gif" [1]
2012-08-24 18:50:07 URL:http://www.electronicliberationfront.co.cc/pictures/airmine.gif [46297/46297] -> "www.electronicliberationfront.co.cc/pictures/airmine.gif" [1]
2012-08-24 18:50:08 URL:http://www.electronicliberationfront.co.cc/pictures/gb1.gif [41598/41598] -> "www.electronicliberationfront.co.cc/pictures/gb1.gif" [1]
2012-08-24 18:50:09 URL:http://www.electronicliberationfront.co.cc/pictures/huntse3.gif [53072/53072] -> "www.electronicliberationfront.co.cc/pictures/huntse3.gif" [1]
2012-08-24 18:50:10 URL:http://www.electronicliberationfront.co.cc/pictures/civsaw.gif [54023/54023] -> "www.electronicliberationfront.co.cc/pictures/civsaw.gif" [1]
2012-08-24 18:50:11 URL:http://www.electronicliberationfront.co.cc/pictures/canal.gif [44247/44247] -> "www.electronicliberationfront.co.cc/pictures/canal.gif" [1]
2012-08-24 18:50:12 URL:http://www.electronicliberationfront.co.cc/pictures/32smse3.gif [38443/38443] -> "www.electronicliberationfront.co.cc/pictures/32smse3.gif" [1]
2012-08-24 18:50:13 URL:http://www.electronicliberationfront.co.cc/pictures/lavag2.gif [35174/35174] -> "www.electronicliberationfront.co.cc/pictures/lavag2.gif" [1]
2012-08-24 18:50:14 URL:http://www.electronicliberationfront.co.cc/pictures/hunt2.gif [47916/47916] -> "www.electronicliberationfront.co.cc/pictures/hunt2.gif" [1]
2012-08-24 18:50:15 URL:http://www.electronicliberationfront.co.cc/pictures/q2teamz.gif [36917/36917] -> "www.electronicliberationfront.co.cc/pictures/q2teamz.gif" [1]
2012-08-24 18:50:17 URL:http://www.electronicliberationfront.co.cc/pictures/block4.gif [42856/42856] -> "www.electronicliberationfront.co.cc/pictures/block4.gif" [1]
2012-08-24 18:50:18 URL:http://www.electronicliberationfront.co.cc/pictures/shad1.gif [46209/46209] -> "www.electronicliberationfront.co.cc/pictures/shad1.gif" [1]
2012-08-24 18:50:19 URL:http://www.electronicliberationfront.co.cc/pictures/pastel.gif [39752/39752] -> "www.electronicliberationfront.co.cc/pictures/pastel.gif" [1]
2012-08-24 18:50:19 URL:http://www.electronicliberationfront.co.cc/pictures/as1.gif [25807/25807] -> "www.electronicliberationfront.co.cc/pictures/as1.gif" [1]
2012-08-24 18:50:21 URL:http://www.electronicliberationfront.co.cc/pictures/as2.gif [29884/29884] -> "www.electronicliberationfront.co.cc/pictures/as2.gif" [1]
2012-08-24 18:50:21 URL:http://www.electronicliberationfront.co.cc/pictures/as3.gif [35323/35323] -> "www.electronicliberationfront.co.cc/pictures/as3.gif" [1]
2012-08-24 18:50:22 URL:http://www.electronicliberationfront.co.cc/pictures/as4.gif [45171/45171] -> "www.electronicliberationfront.co.cc/pictures/as4.gif" [1]
2012-08-24 18:50:23 URL:http://www.electronicliberationfront.co.cc/pictures/as5.gif [41380/41380] -> "www.electronicliberationfront.co.cc/pictures/as5.gif" [1]
2012-08-24 18:50:24 URL:http://www.electronicliberationfront.co.cc/pictures/as6.gif [42215/42215] -> "www.electronicliberationfront.co.cc/pictures/as6.gif" [1]
2012-08-24 18:50:26 URL:http://www.electronicliberationfront.co.cc/pictures/escape1.gif [50618/50618] -> "www.electronicliberationfront.co.cc/pictures/escape1.gif" [1]
2012-08-24 18:50:27 URL:http://www.electronicliberationfront.co.cc/pictures/escape2.gif [54223/54223] -> "www.electronicliberationfront.co.cc/pictures/escape2.gif" [1]
2012-08-24 18:50:28 URL:http://www.electronicliberationfront.co.cc/pictures/escape3.gif [53822/53822] -> "www.electronicliberationfront.co.cc/pictures/escape3.gif" [1]
2012-08-24 18:50:29 URL:http://www.electronicliberationfront.co.cc/pictures/escape4.gif [59259/59259] -> "www.electronicliberationfront.co.cc/pictures/escape4.gif" [1]
2012-08-24 18:50:30 URL:http://www.electronicliberationfront.co.cc/pictures/escape5.gif [48123/48123] -> "www.electronicliberationfront.co.cc/pictures/escape5.gif" [1]
2012-08-24 18:50:32 URL:http://www.electronicliberationfront.co.cc/pictures/escape6.gif [49039/49039] -> "www.electronicliberationfront.co.cc/pictures/escape6.gif" [1]
2012-08-24 18:50:33 URL:http://www.electronicliberationfront.co.cc/pictures/hral1.gif [49220/49220] -> "www.electronicliberationfront.co.cc/pictures/hral1.gif" [1]
FINISHED --2012-08-24 18:50:33--
Total wall clock time: 1m 35s
Downloaded: 101 files, 5.2M in 54s (99.5 KB/s)
