Cookie coming from www.angelfire.com attempted to set domain to www.angelfire.com
2012-09-05 16:09:14 URL:http://www.angelfire.com/ult/td/ [11155] -> "www.angelfire.com/ult/td/index.html" [1]
http://www.angelfire.com/ult/td/bg.jpg:
2012-09-05 16:09:15 ERROR 404: Not Found.
2012-09-05 16:09:15 URL:http://www.angelfire.com/adm/ad/angelfire-freeAd.jpg [11196/11196] -> "www.angelfire.com/adm/ad/angelfire-freeAd.jpg" [1]
2012-09-05 16:09:15 URL:http://www.angelfire.com/adm/ad/angelfire-freeAd2.jpg [8985/8985] -> "www.angelfire.com/adm/ad/angelfire-freeAd2.jpg" [1]
2012-09-05 16:09:16 URL:http://www.angelfire.lycos.com/doc/images/track/ot_noscript.gif?rand=117728 [43/43] -> "www.angelfire.com/doc/images/track/ot_noscript.gif?rand=117728" [1]
http://www.angelfire.com/ult/td/logo1.gif:
2012-09-05 16:09:16 ERROR 404: Not Found.
2012-09-05 16:09:17 URL:http://www.angelfire.com/ult/td/index.html [11155] -> "www.angelfire.com/ult/td/index.html" [1]
2012-09-05 16:09:17 URL:http://www.angelfire.com/ult/td/td.html [9396] -> "www.angelfire.com/ult/td/td.html" [1]
2012-09-05 16:09:18 URL:http://www.angelfire.com/ult/td/ups.html [10703] -> "www.angelfire.com/ult/td/ups.html" [1]
2012-09-05 16:09:18 URL:http://www.angelfire.com/ult/td/tuts.html [28797] -> "www.angelfire.com/ult/td/tuts.html" [1]
2012-09-05 16:09:19 URL:http://www.angelfire.com/ult/td/orange.jpg [50034/50034] -> "www.angelfire.com/ult/td/orange.jpg" [1]
2012-09-05 16:09:20 URL:http://www.angelfire.lycos.com/doc/images/track/ot_noscript.gif?rand=980208 [43/43] -> "www.angelfire.com/doc/images/track/ot_noscript.gif?rand=980208" [1]
2012-09-05 16:09:20 URL:http://www.angelfire.lycos.com/doc/images/track/ot_noscript.gif?rand=73009 [43/43] -> "www.angelfire.com/doc/images/track/ot_noscript.gif?rand=73009" [1]
http://www.angelfire.com/ult/td/logo.gif:
2012-09-05 16:09:20 ERROR 404: Not Found.
2012-09-05 16:09:21 URL:http://www.angelfire.com/ult/td/changelog.txt [1593/1593] -> "www.angelfire.com/ult/td/changelog.txt" [1]
http://www.angelfire.com/ult/td/sc1.bmp:
2012-09-05 16:09:21 ERROR 404: Not Found.
http://www.angelfire.com/ult/td/sc2.jpg:
2012-09-05 16:09:21 ERROR 404: Not Found.
http://www.angelfire.com/ult/td/sc3.jpg:
2012-09-05 16:09:21 ERROR 404: Not Found.
http://www.angelfire.com/ult/td/sc4.jpg:
2012-09-05 16:09:22 ERROR 404: Not Found.
2012-09-05 16:09:22 URL:http://www.angelfire.lycos.com/doc/images/track/ot_noscript.gif?rand=462638 [43/43] -> "www.angelfire.com/doc/images/track/ot_noscript.gif?rand=462638" [1]
http://www.angelfire.com/ult/td/ups1.jpg:
2012-09-05 16:09:22 ERROR 404: Not Found.
http://www.angelfire.com/ult/td/ups2.jpg:
2012-09-05 16:09:23 ERROR 404: Not Found.
http://www.angelfire.com/ult/td/ups3.jpg:
2012-09-05 16:09:23 ERROR 404: Not Found.
http://www.angelfire.com/ult/td/ups4.jpg:
2012-09-05 16:09:23 ERROR 404: Not Found.
http://www.angelfire.com/ult/td/ups5.jpg:
2012-09-05 16:09:24 ERROR 404: Not Found.
http://www.angelfire.com/ult/td/ups6.jpg:
2012-09-05 16:09:24 ERROR 404: Not Found.
2012-09-05 16:09:24 URL:http://www.angelfire.lycos.com/doc/images/track/ot_noscript.gif?rand=962768 [43/43] -> "www.angelfire.com/doc/images/track/ot_noscript.gif?rand=962768" [1]
FINISHED --2012-09-05 16:09:24--
Total wall clock time: 11s
Downloaded: 14 files, 140K in 1.8s (76.1 KB/s)
