2013-04-25 20:47:55 URL:http://www.nwnet.co.uk/syko/ [364/364] -> "www.nwnet.co.uk_syko_20130425/syko/index.html" [1]
2013-04-25 20:47:55 URL:http://www.nwnet.co.uk/syko/left.html [3915/3915] -> "www.nwnet.co.uk_syko_20130425/syko/left.html" [1]
2013-04-25 20:47:55 URL:http://www.nwnet.co.uk/syko/start.html [3366/3366] -> "www.nwnet.co.uk_syko_20130425/syko/start.html" [1]
2013-04-25 20:47:55 URL:http://www.nwnet.co.uk/syko/pics/mix.jpg [3093/3093] -> "www.nwnet.co.uk_syko_20130425/syko/pics/mix.jpg" [1]
2013-04-25 20:47:55 URL:http://www.nwnet.co.uk/syko/wok.html [1559/1559] -> "www.nwnet.co.uk_syko_20130425/syko/wok.html" [1]
2013-04-25 20:47:55 URL:http://www.nwnet.co.uk/syko/beef.html [12931/12931] -> "www.nwnet.co.uk_syko_20130425/syko/beef.html" [1]
2013-04-25 20:47:55 URL:http://www.nwnet.co.uk/syko/chicken.html [12794/12794] -> "www.nwnet.co.uk_syko_20130425/syko/chicken.html" [1]
2013-04-25 20:47:55 URL:http://www.nwnet.co.uk/syko/lamb.html [640/640] -> "www.nwnet.co.uk_syko_20130425/syko/lamb.html" [1]
2013-04-25 20:47:55 URL:http://www.nwnet.co.uk/syko/pork.html [21990/21990] -> "www.nwnet.co.uk_syko_20130425/syko/pork.html" [1]
2013-04-25 20:47:55 URL:http://www.nwnet.co.uk/syko/sea.html [8958/8958] -> "www.nwnet.co.uk_syko_20130425/syko/sea.html" [1]
2013-04-25 20:47:56 URL:http://www.nwnet.co.uk/syko/soup.html [4317/4317] -> "www.nwnet.co.uk_syko_20130425/syko/soup.html" [1]
2013-04-25 20:47:56 URL:http://www.nwnet.co.uk/syko/vege.html [6276/6276] -> "www.nwnet.co.uk_syko_20130425/syko/vege.html" [1]
2013-04-25 20:47:56 URL:http://www.nwnet.co.uk/syko/pony.html [9325/9325] -> "www.nwnet.co.uk_syko_20130425/syko/pony.html" [1]
2013-04-25 20:47:56 URL:http://www.nwnet.co.uk/syko/pony2.html [690/690] -> "www.nwnet.co.uk_syko_20130425/syko/pony2.html" [1]
2013-04-25 20:47:56 URL:http://www.nwnet.co.uk/syko/syko1.html [2322/2322] -> "www.nwnet.co.uk_syko_20130425/syko/syko1.html" [1]
2013-04-25 20:47:56 URL:http://www.nwnet.co.uk/syko/syko2.html [543/543] -> "www.nwnet.co.uk_syko_20130425/syko/syko2.html" [1]
2013-04-25 20:47:56 URL:http://www.nwnet.co.uk/syko/gboy.html [2562/2562] -> "www.nwnet.co.uk_syko_20130425/syko/gboy.html" [1]
2013-04-25 20:47:56 URL:http://www.nwnet.co.uk/syko/gb.html [3602/3602] -> "www.nwnet.co.uk_syko_20130425/syko/gb.html" [1]
2013-04-25 20:47:56 URL:http://www.nwnet.co.uk/syko/webedit.html [1137/1137] -> "www.nwnet.co.uk_syko_20130425/syko/webedit.html" [1]
2013-04-25 20:47:56 URL:http://www.nwnet.co.uk/syko/webutils.html [3205/3205] -> "www.nwnet.co.uk_syko_20130425/syko/webutils.html" [1]
2013-04-25 20:47:56 URL:http://www.nwnet.co.uk/syko/links.html [1636/1636] -> "www.nwnet.co.uk_syko_20130425/syko/links.html" [1]
2013-04-25 20:47:56 URL:http://www.nwnet.co.uk/syko/comments.html [1337/1337] -> "www.nwnet.co.uk_syko_20130425/syko/comments.html" [1]
2013-04-25 20:47:56 URL:http://www.nwnet.co.uk/syko/syko.html [1271/1271] -> "www.nwnet.co.uk_syko_20130425/syko/syko.html" [1]
2013-04-25 20:47:56 URL:http://www.nwnet.co.uk/syko/aboutsite.html [957/957] -> "www.nwnet.co.uk_syko_20130425/syko/aboutsite.html" [1]
2013-04-25 20:47:56 URL:http://www.nwnet.co.uk/syko/contacts.html [775/775] -> "www.nwnet.co.uk_syko_20130425/syko/contacts.html" [1]
2013-04-25 20:47:56 URL:http://www.nwnet.co.uk/syko/nwclan.html [474/474] -> "www.nwnet.co.uk_syko_20130425/syko/nwclan.html" [1]
2013-04-25 20:47:57 URL:http://www.nwnet.co.uk/syko/3dfx.html [1651/1651] -> "www.nwnet.co.uk_syko_20130425/syko/3dfx.html" [1]
2013-04-25 20:47:57 URL:http://www.nwnet.co.uk/syko/pics/banner.gif [39216/39216] -> "www.nwnet.co.uk_syko_20130425/syko/pics/banner.gif" [1]
2013-04-25 20:47:57 URL:http://www.nwnet.co.uk/syko/pics/counter.jpg [2800/2800] -> "www.nwnet.co.uk_syko_20130425/syko/pics/counter.jpg" [1]
http://www.nwnet.co.uk/cgi-bin/counter.exe?link=syko&style=A:
2013-04-25 20:47:57 ERROR 403: Forbidden.
2013-04-25 20:47:57 URL:http://www.nwnet.co.uk/syko/pics/sykoanim.gif [48097/48097] -> "www.nwnet.co.uk_syko_20130425/syko/pics/sykoanim.gif" [1]
2013-04-25 20:47:57 URL:http://www.nwnet.co.uk/syko/pics/sykobub.jpg [7097/7097] -> "www.nwnet.co.uk_syko_20130425/syko/pics/sykobub.jpg" [1]
2013-04-25 20:47:57 URL:http://www.nwnet.co.uk/syko/pics/letsboy.jpg [7836/7836] -> "www.nwnet.co.uk_syko_20130425/syko/pics/letsboy.jpg" [1]
2013-04-25 20:47:57 URL:http://www.nwnet.co.uk/syko/pics/spot.gif [1323/1323] -> "www.nwnet.co.uk_syko_20130425/syko/pics/spot.gif" [1]
2013-04-25 20:47:57 URL:http://www.nwnet.co.uk/syko/quake.html [5494/5494] -> "www.nwnet.co.uk_syko_20130425/syko/quake.html" [1]
2013-04-25 20:47:57 URL:http://www.nwnet.co.uk/syko/pics/scape.jpg [2344/2344] -> "www.nwnet.co.uk_syko_20130425/syko/pics/scape.jpg" [1]
2013-04-25 20:47:57 URL:http://www.nwnet.co.uk/syko/pics/ie.gif [9132/9132] -> "www.nwnet.co.uk_syko_20130425/syko/pics/ie.gif" [1]
2013-04-25 20:47:57 URL:http://www.nwnet.co.uk/syko/pics/cook.jpg [4544/4544] -> "www.nwnet.co.uk_syko_20130425/syko/pics/cook.jpg" [1]
2013-04-25 20:47:57 URL:http://www.nwnet.co.uk/syko/pics/cooking.jpg [13810/13810] -> "www.nwnet.co.uk_syko_20130425/syko/pics/cooking.jpg" [1]
2013-04-25 20:47:57 URL:http://www.nwnet.co.uk/syko/pics/poultry.jpg [3109/3109] -> "www.nwnet.co.uk_syko_20130425/syko/pics/poultry.jpg" [1]
2013-04-25 20:47:58 URL:http://www.nwnet.co.uk/syko/pics/pork.jpg [3017/3017] -> "www.nwnet.co.uk_syko_20130425/syko/pics/pork.jpg" [1]
2013-04-25 20:47:58 URL:http://www.nwnet.co.uk/syko/pics/lamb.jpg [2998/2998] -> "www.nwnet.co.uk_syko_20130425/syko/pics/lamb.jpg" [1]
2013-04-25 20:47:58 URL:http://www.nwnet.co.uk/syko/pics/beef.jpg [2978/2978] -> "www.nwnet.co.uk_syko_20130425/syko/pics/beef.jpg" [1]
2013-04-25 20:47:58 URL:http://www.nwnet.co.uk/syko/pics/vege.jpg [3289/3289] -> "www.nwnet.co.uk_syko_20130425/syko/pics/vege.jpg" [1]
2013-04-25 20:47:58 URL:http://www.nwnet.co.uk/syko/pics/sea.jpg [3189/3189] -> "www.nwnet.co.uk_syko_20130425/syko/pics/sea.jpg" [1]
2013-04-25 20:47:58 URL:http://www.nwnet.co.uk/syko/pics/soup.jpg [2979/2979] -> "www.nwnet.co.uk_syko_20130425/syko/pics/soup.jpg" [1]
2013-04-25 20:47:58 URL:http://www.nwnet.co.uk/syko/pics/mikesyko.jpg [4357/4357] -> "www.nwnet.co.uk_syko_20130425/syko/pics/mikesyko.jpg" [1]
2013-04-25 20:47:58 URL:http://www.nwnet.co.uk/syko/pics/menu.jpg [5221/5221] -> "www.nwnet.co.uk_syko_20130425/syko/pics/menu.jpg" [1]
2013-04-25 20:47:58 URL:http://www.nwnet.co.uk/syko/index.html [364/364] -> "www.nwnet.co.uk_syko_20130425/syko/index.html" [1]
2013-04-25 20:47:58 URL:http://www.nwnet.co.uk/syko/pics/home.jpg [7162/7162] -> "www.nwnet.co.uk_syko_20130425/syko/pics/home.jpg" [1]
2013-04-25 20:47:58 URL:http://www.nwnet.co.uk/syko/pics/mailbox.jpg [1582/1582] -> "www.nwnet.co.uk_syko_20130425/syko/pics/mailbox.jpg" [1]
2013-04-25 20:47:58 URL:http://www.nwnet.co.uk/syko/pics/beeft.jpg [13427/13427] -> "www.nwnet.co.uk_syko_20130425/syko/pics/beeft.jpg" [1]
2013-04-25 20:47:58 URL:http://www.nwnet.co.uk/syko/pics/chickent.jpg [13957/13957] -> "www.nwnet.co.uk_syko_20130425/syko/pics/chickent.jpg" [1]
2013-04-25 20:47:58 URL:http://www.nwnet.co.uk/syko/pics/lambt.jpg [13778/13778] -> "www.nwnet.co.uk_syko_20130425/syko/pics/lambt.jpg" [1]
2013-04-25 20:47:59 URL:http://www.nwnet.co.uk/syko/pics/porkt.jpg [13465/13465] -> "www.nwnet.co.uk_syko_20130425/syko/pics/porkt.jpg" [1]
2013-04-25 20:47:59 URL:http://www.nwnet.co.uk/syko/pics/seat.jpg [13803/13803] -> "www.nwnet.co.uk_syko_20130425/syko/pics/seat.jpg" [1]
2013-04-25 20:47:59 URL:http://www.nwnet.co.uk/syko/pics/soupt.jpg [13845/13845] -> "www.nwnet.co.uk_syko_20130425/syko/pics/soupt.jpg" [1]
2013-04-25 20:47:59 URL:http://www.nwnet.co.uk/syko/pics/veget.jpg [13057/13057] -> "www.nwnet.co.uk_syko_20130425/syko/pics/veget.jpg" [1]
2013-04-25 20:47:59 URL:http://www.nwnet.co.uk/syko/pics/ponyback.jpg [1601/1601] -> "www.nwnet.co.uk_syko_20130425/syko/pics/ponyback.jpg" [1]
2013-04-25 20:47:59 URL:http://www.nwnet.co.uk/syko/pics/ponysign.jpg [14328/14328] -> "www.nwnet.co.uk_syko_20130425/syko/pics/ponysign.jpg" [1]
2013-04-25 20:47:59 URL:http://www.nwnet.co.uk/syko/pics/WebPage.gif [10168/10168] -> "www.nwnet.co.uk_syko_20130425/syko/pics/WebPage.gif" [1]
2013-04-25 20:47:59 URL:http://www.nwnet.co.uk/syko/pics/sykotext.jpg [3172/3172] -> "www.nwnet.co.uk_syko_20130425/syko/pics/sykotext.jpg" [1]
2013-04-25 20:47:59 URL:http://www.nwnet.co.uk/syko/pics/winzip.jpg [2395/2395] -> "www.nwnet.co.uk_syko_20130425/syko/pics/winzip.jpg" [1]
2013-04-25 20:47:59 URL:http://www.nwnet.co.uk/syko/pics/SykoDuke.jpg [13150/13150] -> "www.nwnet.co.uk_syko_20130425/syko/pics/SykoDuke.jpg" [1]
http://www.nwnet.co.uk/syko/SYKO-L1.ZIP:
2013-04-25 20:47:59 ERROR 404: Not Found.
2013-04-25 20:47:59 URL:http://www.nwnet.co.uk/syko/pics/SDD53.jpg [5587/5587] -> "www.nwnet.co.uk_syko_20130425/syko/pics/SDD53.jpg" [1]
2013-04-25 20:48:00 URL:http://www.nwnet.co.uk/ghcint/zips/texture.zip [92078/92078] -> "www.nwnet.co.uk_syko_20130425/ghcint/zips/texture.zip" [1]
http://www.nwnet.co.uk/syko/zips/gifcon.zip:
2013-04-25 20:48:00 ERROR 404: Not Found.
http://www.nwnet.co.uk/syko/gb/vgb48.zip:
2013-04-25 20:48:00 ERROR 404: Not Found.
2013-04-25 20:48:00 URL:http://www.nwnet.co.uk/syko/pics/gboy.jpg [1293/1293] -> "www.nwnet.co.uk_syko_20130425/syko/pics/gboy.jpg" [1]
http://www.nwnet.co.uk/syko/gb/aster.zip:
2013-04-25 20:48:00 ERROR 404: Not Found.
http://www.nwnet.co.uk/syko/gb/fish.zip:
2013-04-25 20:48:00 ERROR 404: Not Found.
http://www.nwnet.co.uk/syko/gb/drmario.zip:
2013-04-25 20:48:00 ERROR 404: Not Found.
http://www.nwnet.co.uk/syko/gb/gogo.zip:
2013-04-25 20:48:00 ERROR 404: Not Found.
2013-04-25 20:48:00 URL:http://www.nwnet.co.uk/syko/quake/ctf-qspy.zip [188/188] -> "www.nwnet.co.uk_syko_20130425/syko/quake/ctf-qspy.zip" [1]
2013-04-25 20:48:00 URL:http://www.nwnet.co.uk/syko/pics/qspy.gif [1804/1804] -> "www.nwnet.co.uk_syko_20130425/syko/pics/qspy.gif" [1]
2013-04-25 20:48:00 URL:http://www.nwnet.co.uk/syko/quake/tp-qspy.zip [183/183] -> "www.nwnet.co.uk_syko_20130425/syko/quake/tp-qspy.zip" [1]
2013-04-25 20:48:00 URL:http://www.nwnet.co.uk/syko/quake/arm-qspy.zip [208/208] -> "www.nwnet.co.uk_syko_20130425/syko/quake/arm-qspy.zip" [1]
2013-04-25 20:48:00 URL:http://www.nwnet.co.uk/syko/quake/dis-qspy.zip [220/220] -> "www.nwnet.co.uk_syko_20130425/syko/quake/dis-qspy.zip" [1]
2013-04-25 20:48:00 URL:http://www.nwnet.co.uk/syko/quake/fvf-qspy.zip [194/194] -> "www.nwnet.co.uk_syko_20130425/syko/quake/fvf-qspy.zip" [1]
2013-04-25 20:48:00 URL:http://www.nwnet.co.uk/syko/pics/myst.jpg [1673/1673] -> "www.nwnet.co.uk_syko_20130425/syko/pics/myst.jpg" [1]
2013-04-25 20:48:01 URL:http://www.nwnet.co.uk/syko/pics/gboy1.jpg [5728/5728] -> "www.nwnet.co.uk_syko_20130425/syko/pics/gboy1.jpg" [1]
2013-04-25 20:48:01 URL:http://www.nwnet.co.uk/syko/pics/boytit.gif [9897/9897] -> "www.nwnet.co.uk_syko_20130425/syko/pics/boytit.gif" [1]
2013-04-25 20:48:02 URL:http://www.nwnet.co.uk/ghcint/gb/vgb48.zip [288094/288094] -> "www.nwnet.co.uk_syko_20130425/ghcint/gb/vgb48.zip" [1]
2013-04-25 20:48:02 URL:http://www.nwnet.co.uk/ghcint/gb/aster.zip [20270/20270] -> "www.nwnet.co.uk_syko_20130425/ghcint/gb/aster.zip" [1]
2013-04-25 20:48:02 URL:http://www.nwnet.co.uk/ghcint/gb/fish.zip [26185/26185] -> "www.nwnet.co.uk_syko_20130425/ghcint/gb/fish.zip" [1]
2013-04-25 20:48:02 URL:http://www.nwnet.co.uk/ghcint/gb/drmario.zip [20768/20768] -> "www.nwnet.co.uk_syko_20130425/ghcint/gb/drmario.zip" [1]
2013-04-25 20:48:02 URL:http://www.nwnet.co.uk/ghcint/gb/gogo.zip [34224/34224] -> "www.nwnet.co.uk_syko_20130425/ghcint/gb/gogo.zip" [1]
2013-04-25 20:48:02 URL:http://www.nwnet.co.uk/ghcint/gb/ilist.zip [12884/12884] -> "www.nwnet.co.uk_syko_20130425/ghcint/gb/ilist.zip" [1]
2013-04-25 20:48:02 URL:http://www.nwnet.co.uk/ghcint/gb/gboyback.Zip [111596/111596] -> "www.nwnet.co.uk_syko_20130425/ghcint/gb/gboyback.Zip" [1]
2013-04-25 20:48:03 URL:http://www.nwnet.co.uk/ghcint/gb/battle.zip [30195/30195] -> "www.nwnet.co.uk_syko_20130425/ghcint/gb/battle.zip" [1]
2013-04-25 20:48:03 URL:http://www.nwnet.co.uk/ghcint/gb/bunny.zip [30913/30913] -> "www.nwnet.co.uk_syko_20130425/ghcint/gb/bunny.zip" [1]
2013-04-25 20:48:03 URL:http://www.nwnet.co.uk/ghcint/gb/castle.zip [42067/42067] -> "www.nwnet.co.uk_syko_20130425/ghcint/gb/castle.zip" [1]
2013-04-25 20:48:03 URL:http://www.nwnet.co.uk/ghcint/gb/chess.zip [45367/45367] -> "www.nwnet.co.uk_syko_20130425/ghcint/gb/chess.zip" [1]
2013-04-25 20:48:03 URL:http://www.nwnet.co.uk/ghcint/gb/conner.zip [40420/40420] -> "www.nwnet.co.uk_syko_20130425/ghcint/gb/conner.zip" [1]
2013-04-25 20:48:03 URL:http://www.nwnet.co.uk/ghcint/gb/funny.zip [35898/35898] -> "www.nwnet.co.uk_syko_20130425/ghcint/gb/funny.zip" [1]
2013-04-25 20:48:03 URL:http://www.nwnet.co.uk/ghcint/gb/klax.zip [20831/20831] -> "www.nwnet.co.uk_syko_20130425/ghcint/gb/klax.zip" [1]
2013-04-25 20:48:04 URL:http://www.nwnet.co.uk/ghcint/gb/loopz.zip [20287/20287] -> "www.nwnet.co.uk_syko_20130425/ghcint/gb/loopz.zip" [1]
2013-04-25 20:48:04 URL:http://www.nwnet.co.uk/ghcint/gb/lupin.zip [46338/46338] -> "www.nwnet.co.uk_syko_20130425/ghcint/gb/lupin.zip" [1]
2013-04-25 20:48:04 URL:http://www.nwnet.co.uk/ghcint/gb/ma&yosh.zip [34527/34527] -> "www.nwnet.co.uk_syko_20130425/ghcint/gb/ma&yosh.zip" [1]
2013-04-25 20:48:05 URL:http://www.nwnet.co.uk/ghcint/gb/missile.zip [22587/22587] -> "www.nwnet.co.uk_syko_20130425/ghcint/gb/missile.zip" [1]
2013-04-25 20:48:05 URL:http://www.nwnet.co.uk/ghcint/gb/mspac.zip [35064/35064] -> "www.nwnet.co.uk_syko_20130425/ghcint/gb/mspac.zip" [1]
2013-04-25 20:48:06 URL:http://www.nwnet.co.uk/ghcint/gb/pacman.zip [18982/18982] -> "www.nwnet.co.uk_syko_20130425/ghcint/gb/pacman.zip" [1]
2013-04-25 20:48:06 URL:http://www.nwnet.co.uk/ghcint/gb/penland.zip [18577/18577] -> "www.nwnet.co.uk_syko_20130425/ghcint/gb/penland.zip" [1]
http://www.nwnet.co.uk/ghcint/gb/pipdr.zip:
2013-04-25 20:48:06 ERROR 404: Not Found.
http://www.nwnet.co.uk/ghcint/gb/qdert.zip:
2013-04-25 20:48:06 ERROR 404: Not Found.
2013-04-25 20:48:06 URL:http://www.nwnet.co.uk/ghcint/gb/sidepok.zip [37920/37920] -> "www.nwnet.co.uk_syko_20130425/ghcint/gb/sidepok.zip" [1]
2013-04-25 20:48:06 URL:http://www.nwnet.co.uk/ghcint/gb/sinvad.zip [16066/16066] -> "www.nwnet.co.uk_syko_20130425/ghcint/gb/sinvad.zip" [1]
2013-04-25 20:48:06 URL:http://www.nwnet.co.uk/ghcint/gb/sml1.zip [37585/37585] -> "www.nwnet.co.uk_syko_20130425/ghcint/gb/sml1.zip" [1]
2013-04-25 20:48:06 URL:http://www.nwnet.co.uk/ghcint/gb/sqare.zip [26389/26389] -> "www.nwnet.co.uk_syko_20130425/ghcint/gb/sqare.zip" [1]
2013-04-25 20:48:06 URL:http://www.nwnet.co.uk/ghcint/gb/talegat.zip [50626/50626] -> "www.nwnet.co.uk_syko_20130425/ghcint/gb/talegat.zip" [1]
2013-04-25 20:48:06 URL:http://www.nwnet.co.uk/ghcint/gb/tennis.zip [19676/19676] -> "www.nwnet.co.uk_syko_20130425/ghcint/gb/tennis.zip" [1]
2013-04-25 20:48:07 URL:http://www.nwnet.co.uk/ghcint/gb/tetris.zip [19534/19534] -> "www.nwnet.co.uk_syko_20130425/ghcint/gb/tetris.zip" [1]
2013-04-25 20:48:07 URL:http://www.nwnet.co.uk/ghcint/gb/vfire.zip [23311/23311] -> "www.nwnet.co.uk_syko_20130425/ghcint/gb/vfire.zip" [1]
2013-04-25 20:48:07 URL:http://www.nwnet.co.uk/ghcint/gb/zoids.zip [41427/41427] -> "www.nwnet.co.uk_syko_20130425/ghcint/gb/zoids.zip" [1]
http://www.nwnet.co.uk/syko/gb/ilist.zip:
2013-04-25 20:48:07 ERROR 404: Not Found.
2013-04-25 20:48:07 URL:http://www.nwnet.co.uk/crow/ [2218/2218] -> "www.nwnet.co.uk_syko_20130425/crow.html" [1]
2013-04-25 20:48:07 URL:http://www.nwnet.co.uk/syko/pics/hotdog.jpg [8217/8217] -> "www.nwnet.co.uk_syko_20130425/syko/pics/hotdog.jpg" [1]
2013-04-25 20:48:07 URL:http://www.nwnet.co.uk/syko/pics/liquid.jpg [8106/8106] -> "www.nwnet.co.uk_syko_20130425/syko/pics/liquid.jpg" [1]
2013-04-25 20:48:07 URL:http://www.nwnet.co.uk/syko/pics/homeback.jpg [4390/4390] -> "www.nwnet.co.uk_syko_20130425/syko/pics/homeback.jpg" [1]
http://www.nwnet.co.uk/syko/Webedit.html:
2013-04-25 20:48:07 ERROR 404: Not Found.
2013-04-25 20:48:07 URL:http://www.nwnet.co.uk/syko/pics/crawler.jpg [8818/8818] -> "www.nwnet.co.uk_syko_20130425/syko/pics/crawler.jpg" [1]
2013-04-25 20:48:07 URL:http://www.nwnet.co.uk/syko/pics/yahoo.jpg [9006/9006] -> "www.nwnet.co.uk_syko_20130425/syko/pics/yahoo.jpg" [1]
2013-04-25 20:48:07 URL:http://www.nwnet.co.uk/syko/pics/four111.gif [10289/10289] -> "www.nwnet.co.uk_syko_20130425/syko/pics/four111.gif" [1]
2013-04-25 20:48:08 URL:http://www.nwnet.co.uk/syko/pics/four112.gif [1218/1218] -> "www.nwnet.co.uk_syko_20130425/syko/pics/four112.gif" [1]
2013-04-25 20:48:08 URL:http://www.nwnet.co.uk/syko/pics/four113.gif [1208/1208] -> "www.nwnet.co.uk_syko_20130425/syko/pics/four113.gif" [1]
2013-04-25 20:48:08 URL:http://www.nwnet.co.uk/chadderton/ [310/310] -> "www.nwnet.co.uk_syko_20130425/chadderton.html" [1]
2013-04-25 20:48:08 URL:http://www.nwnet.co.uk/robroy/ [524/524] -> "www.nwnet.co.uk_syko_20130425/robroy.html" [1]
2013-04-25 20:48:08 URL:http://www.nwnet.co.uk/buzby/ [399/399] -> "www.nwnet.co.uk_syko_20130425/buzby.html" [1]
2013-04-25 20:48:08 URL:http://www.nwnet.co.uk/woolly/ [2169/2169] -> "www.nwnet.co.uk_syko_20130425/woolly.html" [1]
2013-04-25 20:48:08 URL:http://www.nwnet.co.uk/syko/pics/shark.jpg [17747/17747] -> "www.nwnet.co.uk_syko_20130425/syko/pics/shark.jpg" [1]
2013-04-25 20:48:08 URL:http://www.nwnet.co.uk/ [123/123] -> "www.nwnet.co.uk_syko_20130425/index.html" [1]
2013-04-25 20:48:08 URL:http://www.nwnet.co.uk/syko/pics/nwnet.jpg [4744/4744] -> "www.nwnet.co.uk_syko_20130425/syko/pics/nwnet.jpg" [1]
2013-04-25 20:48:08 URL:http://www.nwnet.co.uk/syko/pics/quaketit.gif [6508/6508] -> "www.nwnet.co.uk_syko_20130425/syko/pics/quaketit.gif" [1]
2013-04-25 20:48:08 URL:http://www.nwnet.co.uk/syko/nwclan1.html [299/299] -> "www.nwnet.co.uk_syko_20130425/syko/nwclan1.html" [1]
2013-04-25 20:48:09 URL:http://www.nwnet.co.uk/syko/pics/quakebak.jpg [1458/1458] -> "www.nwnet.co.uk_syko_20130425/syko/pics/quakebak.jpg" [1]
2013-04-25 20:48:09 URL:http://www.nwnet.co.uk/syko/quaketwo.html [303/303] -> "www.nwnet.co.uk_syko_20130425/syko/quaketwo.html" [1]
2013-04-25 20:48:09 URL:http://www.nwnet.co.uk/syko/pics/quake2.jpg [1687/1687] -> "www.nwnet.co.uk_syko_20130425/syko/pics/quake2.jpg" [1]
2013-04-25 20:48:10 URL:http://www.nwnet.co.uk/syko/quake/qwcl0613.exe [695808/695808] -> "www.nwnet.co.uk_syko_20130425/syko/quake/qwcl0613.exe" [1]
2013-04-25 20:48:13 URL:http://www.nwnet.co.uk/ghcint/quake/qw0809.zip [1432291/1432291] -> "www.nwnet.co.uk_syko_20130425/ghcint/quake/qw0809.zip" [1]
2013-04-25 20:48:13 URL:http://www.nwnet.co.uk/ghcint/quake/glq8_09.zip [276369/276369] -> "www.nwnet.co.uk_syko_20130425/ghcint/quake/glq8_09.zip" [1]
2013-04-25 20:48:13 URL:http://www.nwnet.co.uk/syko/pics/3dfx.jpg [4219/4219] -> "www.nwnet.co.uk_syko_20130425/syko/pics/3dfx.jpg" [1]
2013-04-25 20:48:13 URL:http://www.nwnet.co.uk/syko/quake/nwquake.txt [181/181] -> "www.nwnet.co.uk_syko_20130425/syko/quake/nwquake.txt" [1]
2013-04-25 20:48:13 URL:http://www.nwnet.co.uk/syko/pics/h3dbutton.gif [3010/3010] -> "www.nwnet.co.uk_syko_20130425/syko/pics/h3dbutton.gif" [1]
2013-04-25 20:48:13 URL:http://www.nwnet.co.uk/syko/clan/righ3d.gif [4425/4425] -> "www.nwnet.co.uk_syko_20130425/syko/clan/righ3d.gif" [1]
2013-04-25 20:48:14 URL:http://www.nwnet.co.uk/syko/quake/BOMBS.zip [163153/163153] -> "www.nwnet.co.uk_syko_20130425/syko/quake/BOMBS.zip" [1]
2013-04-25 20:48:14 URL:http://www.nwnet.co.uk/syko/quake/Server1.zip [277574/277574] -> "www.nwnet.co.uk_syko_20130425/syko/quake/Server1.zip" [1]
2013-04-25 20:48:14 URL:http://www.nwnet.co.uk/syko/pics/sham.jpg [8330/8330] -> "www.nwnet.co.uk_syko_20130425/syko/pics/sham.jpg" [1]
2013-04-25 20:48:15 URL:http://www.nwnet.co.uk/syko/quake/patv103.zip [442372/442372] -> "www.nwnet.co.uk_syko_20130425/syko/quake/patv103.zip" [1]
2013-04-25 20:48:15 URL:http://www.nwnet.co.uk/syko/quake2.html [2056/2056] -> "www.nwnet.co.uk_syko_20130425/syko/quake2.html" [1]
2013-04-25 20:48:15 URL:http://www.nwnet.co.uk/syko/pics/earth.gif [1682/1682] -> "www.nwnet.co.uk_syko_20130425/syko/pics/earth.gif" [1]
2013-04-25 20:48:16 URL:http://www.nwnet.co.uk/syko/quake/bgbot20a.zip [368937/368937] -> "www.nwnet.co.uk_syko_20130425/syko/quake/bgbot20a.zip" [1]
2013-04-25 20:48:16 URL:http://www.nwnet.co.uk/syko/qrally.html [1210/1210] -> "www.nwnet.co.uk_syko_20130425/syko/qrally.html" [1]
2013-04-25 20:48:16 URL:http://www.nwnet.co.uk/syko/quake/server_list.txt [9544/9544] -> "www.nwnet.co.uk_syko_20130425/syko/quake/server_list.txt" [1]
2013-04-25 20:48:16 URL:http://www.nwnet.co.uk/syko/quake/COMMNDS.TXT [18473/18473] -> "www.nwnet.co.uk_syko_20130425/syko/quake/COMMNDS.TXT" [1]
2013-04-25 20:48:16 URL:http://www.nwnet.co.uk/syko/pics/babetalk.jpg [3413/3413] -> "www.nwnet.co.uk_syko_20130425/syko/pics/babetalk.jpg" [1]
2013-04-25 20:48:16 URL:http://www.nwnet.co.uk/syko/pics/babe.jpg [3314/3314] -> "www.nwnet.co.uk_syko_20130425/syko/pics/babe.jpg" [1]
2013-04-25 20:48:16 URL:http://www.nwnet.co.uk/syko/pics/quakedud.jpg [4678/4678] -> "www.nwnet.co.uk_syko_20130425/syko/pics/quakedud.jpg" [1]
2013-04-25 20:48:16 URL:http://www.nwnet.co.uk/syko/pics/dudetalk.jpg [4148/4148] -> "www.nwnet.co.uk_syko_20130425/syko/pics/dudetalk.jpg" [1]
2013-04-25 20:48:16 URL:http://www.nwnet.co.uk/syko/pics/getquake.gif [5943/5943] -> "www.nwnet.co.uk_syko_20130425/syko/pics/getquake.gif" [1]
2013-04-25 20:48:16 URL:http://www.nwnet.co.uk/syko/pics/book.jpg [1797/1797] -> "www.nwnet.co.uk_syko_20130425/syko/pics/book.jpg" [1]
http://www.nwnet.co.uk/cgi-bin/counter.exe?link=crow&style=a:
2013-04-25 20:48:16 ERROR 403: Forbidden.
2013-04-25 20:48:16 URL:http://www.nwnet.co.uk/crow/tex11.jpg [4303/4303] -> "www.nwnet.co.uk_syko_20130425/crow/tex11.jpg" [1]
2013-04-25 20:48:16 URL:http://www.nwnet.co.uk/crow/gb.jpg [8599/8599] -> "www.nwnet.co.uk_syko_20130425/crow/gb.jpg" [1]
2013-04-25 20:48:17 URL:http://www.nwnet.co.uk/crow/gboy/ [592] -> "www.nwnet.co.uk_syko_20130425/crow/gboy.html" [1]
2013-04-25 20:48:17 URL:http://www.nwnet.co.uk/syko/ [364/364] -> "www.nwnet.co.uk_syko_20130425/syko.1.html" [1]
2013-04-25 20:48:17 URL:http://www.nwnet.co.uk/crow/page2.html [857/857] -> "www.nwnet.co.uk_syko_20130425/crow/page2.html" [1]
2013-04-25 20:48:17 URL:http://www.nwnet.co.uk/crow/page3b.html [1085/1085] -> "www.nwnet.co.uk_syko_20130425/crow/page3b.html" [1]
2013-04-25 20:48:17 URL:http://www.nwnet.co.uk/chadderton/spotz2.html [3179/3179] -> "www.nwnet.co.uk_syko_20130425/chadderton/spotz2.html" [1]
2013-04-25 20:48:17 URL:http://www.nwnet.co.uk/chadderton/spotz1.html [1508/1508] -> "www.nwnet.co.uk_syko_20130425/chadderton/spotz1.html" [1]
2013-04-25 20:48:17 URL:http://www.nwnet.co.uk/chadderton/clan.html [2411/2411] -> "www.nwnet.co.uk_syko_20130425/chadderton/clan.html" [1]
http://www.nwnet.co.uk/robroy/xmas3.JPG:
2013-04-25 20:48:17 ERROR 404: Not Found.
2013-04-25 20:48:17 URL:http://www.nwnet.co.uk/woolly/pics/tex13.jpg [4415/4415] -> "www.nwnet.co.uk_syko_20130425/woolly/pics/tex13.jpg" [1]
2013-04-25 20:48:17 URL:http://www.nwnet.co.uk/woolly/pics/woolly.gif [25556/25556] -> "www.nwnet.co.uk_syko_20130425/woolly/pics/woolly.gif" [1]
http://www.nwnet.co.uk/cgi-bin/counter.exe?link=woolly&style=C:
2013-04-25 20:48:17 ERROR 403: Forbidden.
2013-04-25 20:48:17 URL:http://www.nwnet.co.uk/woolly/redalert.html [2686/2686] -> "www.nwnet.co.uk_syko_20130425/woolly/redalert.html" [1]
2013-04-25 20:48:17 URL:http://www.nwnet.co.uk/woolly/pics/new.gif [152/152] -> "www.nwnet.co.uk_syko_20130425/woolly/pics/new.gif" [1]
2013-04-25 20:48:17 URL:http://www.nwnet.co.uk/woolly/salooncar.html [1688/1688] -> "www.nwnet.co.uk_syko_20130425/woolly/salooncar.html" [1]
http://www.nwnet.co.uk/woolly/page4.html:
2013-04-25 20:48:17 ERROR 404: Not Found.
2013-04-25 20:48:18 URL:http://www.nwnet.co.uk/woolly/pics/links.gif [947/947] -> "www.nwnet.co.uk_syko_20130425/woolly/pics/links.gif" [1]
2013-04-25 20:48:18 URL:http://www.nwnet.co.uk/woolly/links.html [1423/1423] -> "www.nwnet.co.uk_syko_20130425/woolly/links.html" [1]
2013-04-25 20:48:18 URL:http://www.nwnet.co.uk/woolly/clanwool.html [1332/1332] -> "www.nwnet.co.uk_syko_20130425/woolly/clanwool.html" [1]
2013-04-25 20:48:18 URL:http://www.nwnet.co.uk/woolly/sounds/thunderb.mid [48921/48921] -> "www.nwnet.co.uk_syko_20130425/woolly/sounds/thunderb.mid" [1]
2013-04-25 20:48:18 URL:http://www.nwnet.co.uk/syko/qindex.html [3991/3991] -> "www.nwnet.co.uk_syko_20130425/syko/qindex.html" [1]
2013-04-25 20:48:18 URL:http://www.nwnet.co.uk/syko/qclan.html [5074/5074] -> "www.nwnet.co.uk_syko_20130425/syko/qclan.html" [1]
2013-04-25 20:48:18 URL:http://www.nwnet.co.uk/syko/qindex2.html [651/651] -> "www.nwnet.co.uk_syko_20130425/syko/qindex2.html" [1]
2013-04-25 20:48:18 URL:http://www.nwnet.co.uk/syko/qclan2.html [621/621] -> "www.nwnet.co.uk_syko_20130425/syko/qclan2.html" [1]
2013-04-25 20:48:18 URL:http://www.nwnet.co.uk/syko/pics/qcoin.gif [56647/56647] -> "www.nwnet.co.uk_syko_20130425/syko/pics/qcoin.gif" [1]
2013-04-25 20:48:19 URL:http://www.nwnet.co.uk/syko/pics/qspybtn.gif [9443/9443] -> "www.nwnet.co.uk_syko_20130425/syko/pics/qspybtn.gif" [1]
2013-04-25 20:48:19 URL:http://www.nwnet.co.uk/syko/qskin.html [1318/1318] -> "www.nwnet.co.uk_syko_20130425/syko/qskin.html" [1]
2013-04-25 20:48:19 URL:http://www.nwnet.co.uk/syko/clan/qrally1.jpg [15002/15002] -> "www.nwnet.co.uk_syko_20130425/syko/clan/qrally1.jpg" [1]
2013-04-25 20:48:19 URL:http://www.nwnet.co.uk/syko/clan/qrally2.jpg [17181/17181] -> "www.nwnet.co.uk_syko_20130425/syko/clan/qrally2.jpg" [1]
2013-04-25 20:48:19 URL:http://www.nwnet.co.uk/crow/gboy/GB.DOC [917/917] -> "www.nwnet.co.uk_syko_20130425/crow/gboy/GB.DOC" [1]
2013-04-25 20:48:19 URL:http://www.nwnet.co.uk/crow/gboy/ILIST.EXE [9184/9184] -> "www.nwnet.co.uk_syko_20130425/crow/gboy/ILIST.EXE" [1]
2013-04-25 20:48:19 URL:http://www.nwnet.co.uk/crow/gboy/MISSLE.GB [32768/32768] -> "www.nwnet.co.uk_syko_20130425/crow/gboy/MISSLE.GB" [1]
2013-04-25 20:48:21 URL:http://www.nwnet.co.uk/crow/gboy/MK2.GB [262144/262144] -> "www.nwnet.co.uk_syko_20130425/crow/gboy/MK2.GB" [1]
2013-04-25 20:48:22 URL:http://www.nwnet.co.uk/crow/gboy/MONOPOLY.GB [262144/262144] -> "www.nwnet.co.uk_syko_20130425/crow/gboy/MONOPOLY.GB" [1]
2013-04-25 20:48:23 URL:http://www.nwnet.co.uk/crow/gboy/NAVYSEAL.GB [131072/131072] -> "www.nwnet.co.uk_syko_20130425/crow/gboy/NAVYSEAL.GB" [1]
2013-04-25 20:48:23 URL:http://www.nwnet.co.uk/crow/gboy/NINJA.GB [131072/131072] -> "www.nwnet.co.uk_syko_20130425/crow/gboy/NINJA.GB" [1]
2013-04-25 20:48:24 URL:http://www.nwnet.co.uk/crow/gboy/VGB-DOS.EXE [119296/119296] -> "www.nwnet.co.uk_syko_20130425/crow/gboy/VGB-DOS.EXE" [1]
2013-04-25 20:48:24 URL:http://www.nwnet.co.uk/crow/gboy/help.txt [90/90] -> "www.nwnet.co.uk_syko_20130425/crow/gboy/help.txt" [1]
2013-04-25 20:48:24 URL:http://www.nwnet.co.uk/crow/tex10.jpg [5517/5517] -> "www.nwnet.co.uk_syko_20130425/crow/tex10.jpg" [1]
2013-04-25 20:48:24 URL:http://www.nwnet.co.uk/crow/team.jpg [89265/89265] -> "www.nwnet.co.uk_syko_20130425/crow/team.jpg" [1]
2013-04-25 20:48:25 URL:http://www.nwnet.co.uk/crow/index.html [2218/2218] -> "www.nwnet.co.uk_syko_20130425/crow/index.html" [1]
2013-04-25 20:48:25 URL:http://www.nwnet.co.uk/crow/dom.jpg [42134/42134] -> "www.nwnet.co.uk_syko_20130425/crow/dom.jpg" [1]
2013-04-25 20:48:25 URL:http://www.nwnet.co.uk/crow/crystal.zip [70018/70018] -> "www.nwnet.co.uk_syko_20130425/crow/crystal.zip" [1]
2013-04-25 20:48:25 URL:http://www.nwnet.co.uk/chadderton/tex15.jpg [2856/2856] -> "www.nwnet.co.uk_syko_20130425/chadderton/tex15.jpg" [1]
2013-04-25 20:48:25 URL:http://www.nwnet.co.uk/chadderton/ag_click.gif [2359/2359] -> "www.nwnet.co.uk_syko_20130425/chadderton/ag_click.gif" [1]
http://www.nwnet.co.uk/clyton:
2013-04-25 20:48:25 ERROR 404: Not Found.
http://www.nwnet.co.uk/eccles:
2013-04-25 20:48:25 ERROR 404: Not Found.
http://www.nwnet.co.uk/flight:
2013-04-25 20:48:26 ERROR 404: Not Found.
2013-04-25 20:48:26 URL:http://www.nwnet.co.uk/shaw/ [270/270] -> "www.nwnet.co.uk_syko_20130425/shaw.html" [1]
2013-04-25 20:48:26 URL:http://www.nwnet.co.uk/wanderer/ [3434/3434] -> "www.nwnet.co.uk_syko_20130425/wanderer.html" [1]
2013-04-25 20:48:26 URL:http://www.nwnet.co.uk/openshaw/ [1578/1578] -> "www.nwnet.co.uk_syko_20130425/openshaw.html" [1]
2013-04-25 20:48:27 URL:http://www.nwnet.co.uk/syko/pics/nwqcon.gif [22151/22151] -> "www.nwnet.co.uk_syko_20130425/syko/pics/nwqcon.gif" [1]
2013-04-25 20:48:27 URL:http://www.nwnet.co.uk/chadderton/blu.jpg [38167/38167] -> "www.nwnet.co.uk_syko_20130425/chadderton/blu.jpg" [1]
2013-04-25 20:48:27 URL:http://www.nwnet.co.uk/chadderton/spotting.gif [2436/2436] -> "www.nwnet.co.uk_syko_20130425/chadderton/spotting.gif" [1]
2013-04-25 20:48:28 URL:http://www.nwnet.co.uk/chadderton/mail.gif [9639/9639] -> "www.nwnet.co.uk_syko_20130425/chadderton/mail.gif" [1]
2013-04-25 20:48:28 URL:http://www.nwnet.co.uk/chadderton/peewalk.gif [40750/40750] -> "www.nwnet.co.uk_syko_20130425/chadderton/peewalk.gif" [1]
2013-04-25 20:48:28 URL:http://www.nwnet.co.uk/chadderton/bog.gif [2080/2080] -> "www.nwnet.co.uk_syko_20130425/chadderton/bog.gif" [1]
2013-04-25 20:48:28 URL:http://www.nwnet.co.uk/chadderton/burningq.gif [12847/12847] -> "www.nwnet.co.uk_syko_20130425/chadderton/burningq.gif" [1]
2013-04-25 20:48:29 URL:http://www.nwnet.co.uk/chadderton/shaft.mid [75948/75948] -> "www.nwnet.co.uk_syko_20130425/chadderton/shaft.mid" [1]
2013-04-25 20:48:29 URL:http://www.nwnet.co.uk/woolly/pics/tex24.jpg [3615/3615] -> "www.nwnet.co.uk_syko_20130425/woolly/pics/tex24.jpg" [1]
2013-04-25 20:48:29 URL:http://www.nwnet.co.uk/woolly/pics/redalert.GIF [12090/12090] -> "www.nwnet.co.uk_syko_20130425/woolly/pics/redalert.GIF" [1]
2013-04-25 20:48:30 URL:http://www.nwnet.co.uk/woolly/pics/red1.gif [11281/11281] -> "www.nwnet.co.uk_syko_20130425/woolly/pics/red1.gif" [1]
2013-04-25 20:48:30 URL:http://www.nwnet.co.uk/woolly/zips/bismark.zip [7565/7565] -> "www.nwnet.co.uk_syko_20130425/woolly/zips/bismark.zip" [1]
2013-04-25 20:48:30 URL:http://www.nwnet.co.uk/woolly/zips/caribbea.zip [4443/4443] -> "www.nwnet.co.uk_syko_20130425/woolly/zips/caribbea.zip" [1]
2013-04-25 20:48:30 URL:http://www.nwnet.co.uk/woolly/zips/coastal.zip [9470/9470] -> "www.nwnet.co.uk_syko_20130425/woolly/zips/coastal.zip" [1]
2013-04-25 20:48:30 URL:http://www.nwnet.co.uk/woolly/zips/conquer.zip [4778/4778] -> "www.nwnet.co.uk_syko_20130425/woolly/zips/conquer.zip" [1]
2013-04-25 20:48:31 URL:http://www.nwnet.co.uk/woolly/zips/dday.zip [4534/4534] -> "www.nwnet.co.uk_syko_20130425/woolly/zips/dday.zip" [1]
2013-04-25 20:48:31 URL:http://www.nwnet.co.uk/woolly/zips/stalingrad.zip [7649/7649] -> "www.nwnet.co.uk_syko_20130425/woolly/zips/stalingrad.zip" [1]
2013-04-25 20:48:31 URL:http://www.nwnet.co.uk/woolly/zips/thewarof.zip [4896/4896] -> "www.nwnet.co.uk_syko_20130425/woolly/zips/thewarof.zip" [1]
2013-04-25 20:48:32 URL:http://www.nwnet.co.uk/woolly/zips/toomuch.zip [5749/5749] -> "www.nwnet.co.uk_syko_20130425/woolly/zips/toomuch.zip" [1]
2013-04-25 20:48:32 URL:http://www.nwnet.co.uk/woolly/zips/andy1.zip [5017/5017] -> "www.nwnet.co.uk_syko_20130425/woolly/zips/andy1.zip" [1]
2013-04-25 20:48:32 URL:http://www.nwnet.co.uk/woolly/zips/10.zip [57374/57374] -> "www.nwnet.co.uk_syko_20130425/woolly/zips/10.zip" [1]
2013-04-25 20:48:33 URL:http://www.nwnet.co.uk/woolly/zips/20.zip [65192/65192] -> "www.nwnet.co.uk_syko_20130425/woolly/zips/20.zip" [1]
2013-04-25 20:48:33 URL:http://www.nwnet.co.uk/woolly/zips/30.zip [57821/57821] -> "www.nwnet.co.uk_syko_20130425/woolly/zips/30.zip" [1]
2013-04-25 20:48:33 URL:http://www.nwnet.co.uk/woolly/zips/40.zip [57660/57660] -> "www.nwnet.co.uk_syko_20130425/woolly/zips/40.zip" [1]
2013-04-25 20:48:33 URL:http://www.nwnet.co.uk/woolly/zips/50.zip [58468/58468] -> "www.nwnet.co.uk_syko_20130425/woolly/zips/50.zip" [1]
2013-04-25 20:48:33 URL:http://www.nwnet.co.uk/woolly/zips/60.zip [66152/66152] -> "www.nwnet.co.uk_syko_20130425/woolly/zips/60.zip" [1]
2013-04-25 20:48:34 URL:http://www.nwnet.co.uk/woolly/zips/70.zip [69534/69534] -> "www.nwnet.co.uk_syko_20130425/woolly/zips/70.zip" [1]
2013-04-25 20:48:34 URL:http://www.nwnet.co.uk/woolly/zips/80.zip [50311/50311] -> "www.nwnet.co.uk_syko_20130425/woolly/zips/80.zip" [1]
2013-04-25 20:48:34 URL:http://www.nwnet.co.uk/woolly/zips/90.zip [69062/69062] -> "www.nwnet.co.uk_syko_20130425/woolly/zips/90.zip" [1]
2013-04-25 20:48:34 URL:http://www.nwnet.co.uk/woolly/zips/100.zip [61525/61525] -> "www.nwnet.co.uk_syko_20130425/woolly/zips/100.zip" [1]
2013-04-25 20:48:34 URL:http://www.nwnet.co.uk/woolly/zips/110.zip [60245/60245] -> "www.nwnet.co.uk_syko_20130425/woolly/zips/110.zip" [1]
2013-04-25 20:48:34 URL:http://www.nwnet.co.uk/woolly/zips/120.zip [64114/64114] -> "www.nwnet.co.uk_syko_20130425/woolly/zips/120.zip" [1]
2013-04-25 20:48:35 URL:http://www.nwnet.co.uk/woolly/zips/130.zip [60924/60924] -> "www.nwnet.co.uk_syko_20130425/woolly/zips/130.zip" [1]
2013-04-25 20:48:36 URL:http://www.nwnet.co.uk/woolly/zips/all.zip [798118/798118] -> "www.nwnet.co.uk_syko_20130425/woolly/zips/all.zip" [1]
2013-04-25 20:48:36 URL:http://www.nwnet.co.uk/woolly/pics/wsspin.gif [11773/11773] -> "www.nwnet.co.uk_syko_20130425/woolly/pics/wsspin.gif" [1]
2013-04-25 20:48:36 URL:http://www.nwnet.co.uk/woolly/index.html [2169/2169] -> "www.nwnet.co.uk_syko_20130425/woolly/index.html" [1]
2013-04-25 20:48:36 URL:http://www.nwnet.co.uk/woolly/pics/car1.gif [1322/1322] -> "www.nwnet.co.uk_syko_20130425/woolly/pics/car1.gif" [1]
http://www.nwnet.co.uk/cgi-bin/counter.exe?link=woolly1&style=C:
2013-04-25 20:48:36 ERROR 403: Forbidden.
2013-04-25 20:48:36 URL:http://www.nwnet.co.uk/woolly/pics/bobesprit.gif [34752/34752] -> "www.nwnet.co.uk_syko_20130425/woolly/pics/bobesprit.gif" [1]
2013-04-25 20:48:36 URL:http://www.nwnet.co.uk/woolly/pics/aceanim.gif [1821/1821] -> "www.nwnet.co.uk_syko_20130425/woolly/pics/aceanim.gif" [1]
2013-04-25 20:48:36 URL:http://www.nwnet.co.uk/woolly/diary.html [3044/3044] -> "www.nwnet.co.uk_syko_20130425/woolly/diary.html" [1]
2013-04-25 20:48:36 URL:http://www.nwnet.co.uk/woolly/simon.html [1753/1753] -> "www.nwnet.co.uk_syko_20130425/woolly/simon.html" [1]
2013-04-25 20:48:36 URL:http://www.nwnet.co.uk/woolly/cship.html [1028/1028] -> "www.nwnet.co.uk_syko_20130425/woolly/cship.html" [1]
2013-04-25 20:48:37 URL:http://www.nwnet.co.uk/woolly/pics/nekid.jpg [8149/8149] -> "www.nwnet.co.uk_syko_20130425/woolly/pics/nekid.jpg" [1]
2013-04-25 20:48:37 URL:http://www.nwnet.co.uk/grolsch/ [5931/5931] -> "www.nwnet.co.uk_syko_20130425/grolsch/index.html" [1]
http://www.nwnet.co.uk/eccles/:
2013-04-25 20:48:37 ERROR 404: Not Found.
2013-04-25 20:48:37 URL:http://www.nwnet.co.uk/clayton/ [352/352] -> "www.nwnet.co.uk_syko_20130425/clayton/index.html" [1]
http://www.nwnet.co.uk/flight/:
2013-04-25 20:48:37 ERROR 404: Not Found.
2013-04-25 20:48:37 URL:http://www.nwnet.co.uk/syko/qclanews.html [1964/1964] -> "www.nwnet.co.uk_syko_20130425/syko/qclanews.html" [1]
2013-04-25 20:48:37 URL:http://www.nwnet.co.uk/syko/qnews.html [1166/1166] -> "www.nwnet.co.uk_syko_20130425/syko/qnews.html" [1]
2013-04-25 20:48:37 URL:http://www.nwnet.co.uk/syko/qmembers.html [1980/1980] -> "www.nwnet.co.uk_syko_20130425/syko/qmembers.html" [1]
2013-04-25 20:48:37 URL:http://www.nwnet.co.uk/syko/qjoin.html [1945/1945] -> "www.nwnet.co.uk_syko_20130425/syko/qjoin.html" [1]
2013-04-25 20:48:37 URL:http://www.nwnet.co.uk/syko/qlevels.html [1753/1753] -> "www.nwnet.co.uk_syko_20130425/syko/qlevels.html" [1]
2013-04-25 20:48:37 URL:http://www.nwnet.co.uk/syko/hexen.html [1607/1607] -> "www.nwnet.co.uk_syko_20130425/syko/hexen.html" [1]
2013-04-25 20:48:37 URL:http://www.nwnet.co.uk/syko/quakeii.html [314/314] -> "www.nwnet.co.uk_syko_20130425/syko/quakeii.html" [1]
2013-04-25 20:48:37 URL:http://www.nwnet.co.uk/syko/qlinks.html [1782/1782] -> "www.nwnet.co.uk_syko_20130425/syko/qlinks.html" [1]
2013-04-25 20:48:37 URL:http://www.nwnet.co.uk/syko/qhero.html [575/575] -> "www.nwnet.co.uk_syko_20130425/syko/qhero.html" [1]
2013-04-25 20:48:37 URL:http://www.nwnet.co.uk/syko/qicq.html [1981/1981] -> "www.nwnet.co.uk_syko_20130425/syko/qicq.html" [1]
2013-04-25 20:48:37 URL:http://www.nwnet.co.uk/syko/qbots.html [925/925] -> "www.nwnet.co.uk_syko_20130425/syko/qbots.html" [1]
2013-04-25 20:48:38 URL:http://www.nwnet.co.uk/syko/qwar.html [812/812] -> "www.nwnet.co.uk_syko_20130425/syko/qwar.html" [1]
2013-04-25 20:48:38 URL:http://www.nwnet.co.uk/syko/qfodder.html [728/728] -> "www.nwnet.co.uk_syko_20130425/syko/qfodder.html" [1]
2013-04-25 20:48:38 URL:http://www.nwnet.co.uk/syko/painkeep.html [4175/4175] -> "www.nwnet.co.uk_syko_20130425/syko/painkeep.html" [1]
2013-04-25 20:48:38 URL:http://www.nwnet.co.uk/syko/pics/candle.gif [7417/7417] -> "www.nwnet.co.uk_syko_20130425/syko/pics/candle.gif" [1]
2013-04-25 20:48:38 URL:http://www.nwnet.co.uk/naughton/ [280] -> "www.nwnet.co.uk_syko_20130425/naughton/index.html" [1]
2013-04-25 20:48:38 URL:http://www.nwnet.co.uk/hiz-house/ [5085/5085] -> "www.nwnet.co.uk_syko_20130425/hiz-house/index.html" [1]
2013-04-25 20:48:38 URL:http://www.nwnet.co.uk/bifs/ [3316/3316] -> "www.nwnet.co.uk_syko_20130425/bifs/index.html" [1]
http://www.nwnet.co.uk/pcmart/:
2013-04-25 20:48:38 ERROR 404: Not Found.
http://www.nwnet.co.uk/lamology-institute/:
2013-04-25 20:48:38 ERROR 404: Not Found.
http://www.nwnet.co.uk/THEMILLENIUMGROUP/:
2013-04-25 20:48:38 ERROR 404: Not Found.
http://www.nwnet.co.uk/futureis/:
2013-04-25 20:48:38 ERROR 404: Not Found.
2013-04-25 20:48:38 URL:http://www.nwnet.co.uk/slayer/ [4775/4775] -> "www.nwnet.co.uk_syko_20130425/slayer/index.html" [1]
2013-04-25 20:48:38 URL:http://www.nwnet.co.uk/syko/pics/nwquake.gif [94329/94329] -> "www.nwnet.co.uk_syko_20130425/syko/pics/nwquake.gif" [1]
http://www.nwnet.co.uk/cgi-bin/counter.exe?link=syko1&style=C:
2013-04-25 20:48:38 ERROR 403: Forbidden.
http://www.nwnet.co.uk/syko/foo.quake:
2013-04-25 20:48:39 ERROR 404: Not Found.
2013-04-25 20:48:39 URL:http://www.nwnet.co.uk/syko/clan/girl.gif [15275/15275] -> "www.nwnet.co.uk_syko_20130425/syko/clan/girl.gif" [1]
2013-04-25 20:48:39 URL:http://www.nwnet.co.uk/syko/qlevels2.html [723/723] -> "www.nwnet.co.uk_syko_20130425/syko/qlevels2.html" [1]
http://www.nwnet.co.uk/cgi-bin/counter.exe?link=syko2&style=C:
2013-04-25 20:48:39 ERROR 403: Forbidden.
2013-04-25 20:48:39 URL:http://www.nwnet.co.uk/syko/pics/q2pic1.jpg [10255/10255] -> "www.nwnet.co.uk_syko_20130425/syko/pics/q2pic1.jpg" [1]
2013-04-25 20:48:39 URL:http://www.nwnet.co.uk/syko/pics/q2pic2.jpg [20794/20794] -> "www.nwnet.co.uk_syko_20130425/syko/pics/q2pic2.jpg" [1]
2013-04-25 20:48:39 URL:http://www.nwnet.co.uk/syko/clan/sykoskin.jpg [7815/7815] -> "www.nwnet.co.uk_syko_20130425/syko/clan/sykoskin.jpg" [1]
2013-04-25 20:48:39 URL:http://www.nwnet.co.uk/syko/clan/soldskin.jpg [8882/8882] -> "www.nwnet.co.uk_syko_20130425/syko/clan/soldskin.jpg" [1]
2013-04-25 20:48:39 URL:http://www.nwnet.co.uk/syko/clan/nekid.jpg [8149/8149] -> "www.nwnet.co.uk_syko_20130425/syko/clan/nekid.jpg" [1]
2013-04-25 20:48:39 URL:http://www.nwnet.co.uk/syko/clan/wand.jpg [8596/8596] -> "www.nwnet.co.uk_syko_20130425/syko/clan/wand.jpg" [1]
2013-04-25 20:48:39 URL:http://www.nwnet.co.uk/syko/clan/alb.jpg [8529/8529] -> "www.nwnet.co.uk_syko_20130425/syko/clan/alb.jpg" [1]
2013-04-25 20:48:39 URL:http://www.nwnet.co.uk/syko/clan/brooko.jpg [6362/6362] -> "www.nwnet.co.uk_syko_20130425/syko/clan/brooko.jpg" [1]
2013-04-25 20:48:40 URL:http://www.nwnet.co.uk/syko/clan/utd.jpg [7973/7973] -> "www.nwnet.co.uk_syko_20130425/syko/clan/utd.jpg" [1]
2013-04-25 20:48:40 URL:http://www.nwnet.co.uk/syko/clan/suit.jpg [6736/6736] -> "www.nwnet.co.uk_syko_20130425/syko/clan/suit.jpg" [1]
2013-04-25 20:48:40 URL:http://www.nwnet.co.uk/shaw/clan.html [2350/2350] -> "www.nwnet.co.uk_syko_20130425/shaw/clan.html" [1]
2013-04-25 20:48:40 URL:http://www.nwnet.co.uk/shaw/gorby.html [1777/1777] -> "www.nwnet.co.uk_syko_20130425/shaw/gorby.html" [1]
http://www.nwnet.co.uk/woolly/pics/tex1.jpg:
2013-04-25 20:48:40 ERROR 404: Not Found.
2013-04-25 20:48:40 URL:http://www.nwnet.co.uk/woolly/pics/barclogo.gif [6742/6742] -> "www.nwnet.co.uk_syko_20130425/woolly/pics/barclogo.gif" [1]
2013-04-25 20:48:40 URL:http://www.nwnet.co.uk/woolly/pics/ESPRIT.jpg [106343/106343] -> "www.nwnet.co.uk_syko_20130425/woolly/pics/ESPRIT.jpg" [1]
2013-04-25 20:48:40 URL:http://www.nwnet.co.uk/woolly/pics/Engine.jpg [31310/31310] -> "www.nwnet.co.uk_syko_20130425/woolly/pics/Engine.jpg" [1]
2013-04-25 20:48:40 URL:http://www.nwnet.co.uk/woolly/pics/tex2.jpg [993/993] -> "www.nwnet.co.uk_syko_20130425/woolly/pics/tex2.jpg" [1]
2013-04-25 20:48:40 URL:http://www.nwnet.co.uk/grolsch/backg.gif [1789/1789] -> "www.nwnet.co.uk_syko_20130425/grolsch/backg.gif" [1]
2013-04-25 20:48:40 URL:http://www.nwnet.co.uk/grolsch/user.wav [27750/27750] -> "www.nwnet.co.uk_syko_20130425/grolsch/user.wav" [1]
2013-04-25 20:48:40 URL:http://www.nwnet.co.uk/grolsch/quake.html [5823/5823] -> "www.nwnet.co.uk_syko_20130425/grolsch/quake.html" [1]
2013-04-25 20:48:41 URL:http://www.nwnet.co.uk/grolsch/garth.htm [3715/3715] -> "www.nwnet.co.uk_syko_20130425/grolsch/garth.htm" [1]
2013-04-25 20:48:41 URL:http://www.nwnet.co.uk/grolsch/simpsons.htm [1657/1657] -> "www.nwnet.co.uk_syko_20130425/grolsch/simpsons.htm" [1]
2013-04-25 20:48:41 URL:http://www.nwnet.co.uk/grolsch/piccys.htm [2393/2393] -> "www.nwnet.co.uk_syko_20130425/grolsch/piccys.htm" [1]
2013-04-25 20:48:41 URL:http://www.nwnet.co.uk/grolsch/piccys2.htm [2871/2871] -> "www.nwnet.co.uk_syko_20130425/grolsch/piccys2.htm" [1]
2013-04-25 20:48:41 URL:http://www.nwnet.co.uk/grolsch/piccys3.htm [1659/1659] -> "www.nwnet.co.uk_syko_20130425/grolsch/piccys3.htm" [1]
2013-04-25 20:48:41 URL:http://www.nwnet.co.uk/grolsch/piccys4.htm [3155/3155] -> "www.nwnet.co.uk_syko_20130425/grolsch/piccys4.htm" [1]
http://www.nwnet.co.uk/grolsch/Marquee:
2013-04-25 20:48:41 ERROR 404: Not Found.
2013-04-25 20:48:41 URL:http://www.nwnet.co.uk/grolsch/mwc.html [2099/2099] -> "www.nwnet.co.uk_syko_20130425/grolsch/mwc.html" [1]
2013-04-25 20:48:41 URL:http://www.nwnet.co.uk/grolsch/c2logo.gif [8098/8098] -> "www.nwnet.co.uk_syko_20130425/grolsch/c2logo.gif" [1]
http://www.nwnet.co.uk/cgi-bin/counter.exe?link=grolsch&style=B:
2013-04-25 20:48:42 ERROR 403: Forbidden.
2013-04-25 20:48:42 URL:http://www.nwnet.co.uk/grolsch/donuthed.gif [1507/1507] -> "www.nwnet.co.uk_syko_20130425/grolsch/donuthed.gif" [1]
2013-04-25 20:48:42 URL:http://www.nwnet.co.uk/grolsch/3demail.gif [25432/25432] -> "www.nwnet.co.uk_syko_20130425/grolsch/3demail.gif" [1]
2013-04-25 20:48:42 URL:http://www.nwnet.co.uk/clayton/clan.html [2396/2396] -> "www.nwnet.co.uk_syko_20130425/clayton/clan.html" [1]
2013-04-25 20:48:42 URL:http://www.nwnet.co.uk/clayton/bhomep.html [65/65] -> "www.nwnet.co.uk_syko_20130425/clayton/bhomep.html" [1]
2013-04-25 20:48:42 URL:http://www.nwnet.co.uk/clayton/brooko1.html [2778/2778] -> "www.nwnet.co.uk_syko_20130425/clayton/brooko1.html" [1]
2013-04-25 20:48:42 URL:http://www.nwnet.co.uk/syko/clan/club.jpg [20686/20686] -> "www.nwnet.co.uk_syko_20130425/syko/clan/club.jpg" [1]
2013-04-25 20:48:42 URL:http://www.nwnet.co.uk/syko/clan/syko.jpg [19163/19163] -> "www.nwnet.co.uk_syko_20130425/syko/clan/syko.jpg" [1]
2013-04-25 20:48:42 URL:http://www.nwnet.co.uk/syko/clan/steve.jpg [20773/20773] -> "www.nwnet.co.uk_syko_20130425/syko/clan/steve.jpg" [1]
2013-04-25 20:48:42 URL:http://www.nwnet.co.uk/syko/clan/myra.jpg [23346/23346] -> "www.nwnet.co.uk_syko_20130425/syko/clan/myra.jpg" [1]
2013-04-25 20:48:42 URL:http://www.nwnet.co.uk/syko/clan/alec.jpg [17419/17419] -> "www.nwnet.co.uk_syko_20130425/syko/clan/alec.jpg" [1]
2013-04-25 20:48:43 URL:http://www.nwnet.co.uk/syko/clan/alan.jpg [18982/18982] -> "www.nwnet.co.uk_syko_20130425/syko/clan/alan.jpg" [1]
2013-04-25 20:48:43 URL:http://www.nwnet.co.uk/syko/pics/hexen2.gif [3798/3798] -> "www.nwnet.co.uk_syko_20130425/syko/pics/hexen2.gif" [1]
2013-04-25 20:48:43 URL:http://www.nwnet.co.uk/syko/clan/hex2.jpg [53454/53454] -> "www.nwnet.co.uk_syko_20130425/syko/clan/hex2.jpg" [1]
2013-04-25 20:48:43 URL:http://www.nwnet.co.uk/syko/clan/hexen2now.gif [3855/3855] -> "www.nwnet.co.uk_syko_20130425/syko/clan/hexen2now.gif" [1]
2013-04-25 20:48:43 URL:http://www.nwnet.co.uk/syko/clan/quake4.jpg [12021/12021] -> "www.nwnet.co.uk_syko_20130425/syko/clan/quake4.jpg" [1]
2013-04-25 20:48:43 URL:http://www.nwnet.co.uk/syko/clan/quake5.jpg [10584/10584] -> "www.nwnet.co.uk_syko_20130425/syko/clan/quake5.jpg" [1]
2013-04-25 20:48:43 URL:http://www.nwnet.co.uk/syko/clan/hero1.jpg [14534/14534] -> "www.nwnet.co.uk_syko_20130425/syko/clan/hero1.jpg" [1]
2013-04-25 20:48:43 URL:http://www.nwnet.co.uk/syko/clan/hero2.jpg [19150/19150] -> "www.nwnet.co.uk_syko_20130425/syko/clan/hero2.jpg" [1]
2013-04-25 20:48:43 URL:http://www.nwnet.co.uk/syko/clan/bot1.jpg [15717/15717] -> "www.nwnet.co.uk_syko_20130425/syko/clan/bot1.jpg" [1]
2013-04-25 20:48:43 URL:http://www.nwnet.co.uk/syko/clan/bot2.jpg [16231/16231] -> "www.nwnet.co.uk_syko_20130425/syko/clan/bot2.jpg" [1]
2013-04-25 20:48:43 URL:http://www.nwnet.co.uk/syko/clan/bot3.jpg [15600/15600] -> "www.nwnet.co.uk_syko_20130425/syko/clan/bot3.jpg" [1]
2013-04-25 20:48:43 URL:http://www.nwnet.co.uk/syko/clan/bot4.jpg [12526/12526] -> "www.nwnet.co.uk_syko_20130425/syko/clan/bot4.jpg" [1]
2013-04-25 20:48:44 URL:http://www.nwnet.co.uk/syko/clan/bot5.jpg [12108/12108] -> "www.nwnet.co.uk_syko_20130425/syko/clan/bot5.jpg" [1]
2013-04-25 20:48:44 URL:http://www.nwnet.co.uk/syko/clan/bot6.jpg [12106/12106] -> "www.nwnet.co.uk_syko_20130425/syko/clan/bot6.jpg" [1]
http://www.nwnet.co.uk/ghcint/quake/reapbot.zip:
2013-04-25 20:48:44 ERROR 404: Not Found.
2013-04-25 20:48:44 URL:http://www.nwnet.co.uk/syko/clan/boys.jpg [88917/88917] -> "www.nwnet.co.uk_syko_20130425/syko/clan/boys.jpg" [1]
2013-04-25 20:48:44 URL:http://www.nwnet.co.uk/syko/clan/qfodder.jpg [41584/41584] -> "www.nwnet.co.uk_syko_20130425/syko/clan/qfodder.jpg" [1]
2013-04-25 20:48:44 URL:http://www.nwnet.co.uk/syko/clan/airfist.jpg [5464/5464] -> "www.nwnet.co.uk_syko_20130425/syko/clan/airfist.jpg" [1]
2013-04-25 20:48:44 URL:http://www.nwnet.co.uk/syko/clan/tnt.jpg [10497/10497] -> "www.nwnet.co.uk_syko_20130425/syko/clan/tnt.jpg" [1]
2013-04-25 20:48:44 URL:http://www.nwnet.co.uk/syko/clan/newnail.jpg [9025/9025] -> "www.nwnet.co.uk_syko_20130425/syko/clan/newnail.jpg" [1]
2013-04-25 20:48:44 URL:http://www.nwnet.co.uk/syko/clan/chain.jpg [7934/7934] -> "www.nwnet.co.uk_syko_20130425/syko/clan/chain.jpg" [1]
2013-04-25 20:48:44 URL:http://www.nwnet.co.uk/syko/clan/harpoon.jpg [6170/6170] -> "www.nwnet.co.uk_syko_20130425/syko/clan/harpoon.jpg" [1]
2013-04-25 20:48:44 URL:http://www.nwnet.co.uk/syko/clan/spy.jpg [11478/11478] -> "www.nwnet.co.uk_syko_20130425/syko/clan/spy.jpg" [1]
2013-04-25 20:48:45 URL:http://www.nwnet.co.uk/syko/clan/trap.jpg [13933/13933] -> "www.nwnet.co.uk_syko_20130425/syko/clan/trap.jpg" [1]
2013-04-25 20:48:45 URL:http://www.nwnet.co.uk/syko/clan/fart.jpg [15801/15801] -> "www.nwnet.co.uk_syko_20130425/syko/clan/fart.jpg" [1]
2013-04-25 20:48:45 URL:http://www.nwnet.co.uk/syko/clan/box.jpg [9396/9396] -> "www.nwnet.co.uk_syko_20130425/syko/clan/box.jpg" [1]
http://www.nwnet.co.uk/naughton/graphics:
2013-04-25 20:48:45 ERROR 404: Not Found.
2013-04-25 20:48:45 URL:http://www.nwnet.co.uk/openshaw/tex3.jpg [4544/4544] -> "www.nwnet.co.uk_syko_20130425/openshaw/tex3.jpg" [1]
http://www.nwnet.co.uk/cgi-bin/counter.exe?link=openshaew&style=a:
2013-04-25 20:48:45 ERROR 403: Forbidden.
2013-04-25 20:48:45 URL:http://www.nwnet.co.uk/openshaw/ball4.gif [4671/4671] -> "www.nwnet.co.uk_syko_20130425/openshaw/ball4.gif" [1]
2013-04-25 20:48:45 URL:http://www.nwnet.co.uk/openshaw/contacts.html [1831/1831] -> "www.nwnet.co.uk_syko_20130425/openshaw/contacts.html" [1]
2013-04-25 20:48:45 URL:http://www.nwnet.co.uk/openshaw/download.html [1030/1030] -> "www.nwnet.co.uk_syko_20130425/openshaw/download.html" [1]
2013-04-25 20:48:45 URL:http://www.nwnet.co.uk/openshaw/quake.html [1236/1236] -> "www.nwnet.co.uk_syko_20130425/openshaw/quake.html" [1]
2013-04-25 20:48:45 URL:http://www.nwnet.co.uk/openshaw/links.html [1342/1342] -> "www.nwnet.co.uk_syko_20130425/openshaw/links.html" [1]
2013-04-25 20:48:45 URL:http://www.nwnet.co.uk/openshaw/me.html [861/861] -> "www.nwnet.co.uk_syko_20130425/openshaw/me.html" [1]
2013-04-25 20:48:45 URL:http://www.nwnet.co.uk/openshaw/email.gif [20906/20906] -> "www.nwnet.co.uk_syko_20130425/openshaw/email.gif" [1]
2013-04-25 20:48:46 URL:http://www.nwnet.co.uk/hiz-house/uplink3.wav [28263/28263] -> "www.nwnet.co.uk_syko_20130425/hiz-house/uplink3.wav" [1]
2013-04-25 20:48:46 URL:http://www.nwnet.co.uk/hiz-house/fireq.gif [46490/46490] -> "www.nwnet.co.uk_syko_20130425/hiz-house/fireq.gif" [1]
2013-04-25 20:48:46 URL:http://www.nwnet.co.uk/hiz-house/mark.jpg [10718/10718] -> "www.nwnet.co.uk_syko_20130425/hiz-house/mark.jpg" [1]
http://www.nwnet.co.uk/cgi-bin/counter.exe?link=hiz-house&style=B:
2013-04-25 20:48:46 ERROR 403: Forbidden.
2013-04-25 20:48:46 URL:http://www.nwnet.co.uk/hiz-house/quake.htm [2924/2924] -> "www.nwnet.co.uk_syko_20130425/hiz-house/quake.htm" [1]
2013-04-25 20:48:46 URL:http://www.nwnet.co.uk/hiz-house/bone.gif [10584/10584] -> "www.nwnet.co.uk_syko_20130425/hiz-house/bone.gif" [1]
2013-04-25 20:48:46 URL:http://www.nwnet.co.uk/hiz-house/SPLASH.gif [11565/11565] -> "www.nwnet.co.uk_syko_20130425/hiz-house/SPLASH.gif" [1]
http://www.nwnet.co.uk/hiz-house/home(1).JPG:
2013-04-25 20:48:46 ERROR 404: Not Found.
2013-04-25 20:48:46 URL:http://www.nwnet.co.uk/hiz-house/trnscool.gif [15829/15829] -> "www.nwnet.co.uk_syko_20130425/hiz-house/trnscool.gif" [1]
2013-04-25 20:48:46 URL:http://www.nwnet.co.uk/hiz-house/mich.htm [1892/1892] -> "www.nwnet.co.uk_syko_20130425/hiz-house/mich.htm" [1]
2013-04-25 20:48:46 URL:http://www.nwnet.co.uk/hiz-house/jokes.htm [26394/26394] -> "www.nwnet.co.uk_syko_20130425/hiz-house/jokes.htm" [1]
2013-04-25 20:48:47 URL:http://www.nwnet.co.uk/hiz-house/pcinf.htm [3567/3567] -> "www.nwnet.co.uk_syko_20130425/hiz-house/pcinf.htm" [1]
2013-04-25 20:48:47 URL:http://www.nwnet.co.uk/hiz-house/photo.htm [1275/1275] -> "www.nwnet.co.uk_syko_20130425/hiz-house/photo.htm" [1]
2013-04-25 20:48:47 URL:http://www.nwnet.co.uk/hiz-house/boat1.gif [2875/2875] -> "www.nwnet.co.uk_syko_20130425/hiz-house/boat1.gif" [1]
2013-04-25 20:48:47 URL:http://www.nwnet.co.uk/hiz-house/boats.htm [899/899] -> "www.nwnet.co.uk_syko_20130425/hiz-house/boats.htm" [1]
2013-04-25 20:48:47 URL:http://www.nwnet.co.uk/hiz-house/VULC1.jpg [6733/6733] -> "www.nwnet.co.uk_syko_20130425/hiz-house/VULC1.jpg" [1]
2013-04-25 20:48:47 URL:http://www.nwnet.co.uk/naughton/ [280] -> "www.nwnet.co.uk_syko_20130425/naughton.1.html" [1]
2013-04-25 20:48:47 URL:http://www.nwnet.co.uk/grolsch/ [5931/5931] -> "www.nwnet.co.uk_syko_20130425/grolsch.1.html" [1]
2013-04-25 20:48:47 URL:http://www.nwnet.co.uk/clayton/ [352/352] -> "www.nwnet.co.uk_syko_20130425/clayton.1.html" [1]
2013-04-25 20:48:47 URL:http://www.nwnet.co.uk/bifs/ [3316/3316] -> "www.nwnet.co.uk_syko_20130425/bifs.1.html" [1]
2013-04-25 20:48:47 URL:http://www.nwnet.co.uk/hiz-house/book.gif [20400/20400] -> "www.nwnet.co.uk_syko_20130425/hiz-house/book.gif" [1]
2013-04-25 20:48:47 URL:http://www.nwnet.co.uk/hiz-house/email2.gif [11931/11931] -> "www.nwnet.co.uk_syko_20130425/hiz-house/email2.gif" [1]
2013-04-25 20:48:48 URL:http://www.nwnet.co.uk/bifs/6Nipples.wav [43636/43636] -> "www.nwnet.co.uk_syko_20130425/bifs/6Nipples.wav" [1]
2013-04-25 20:48:48 URL:http://www.nwnet.co.uk/bifs/adzlogo.gif [15988/15988] -> "www.nwnet.co.uk_syko_20130425/bifs/adzlogo.gif" [1]
2013-04-25 20:48:48 URL:http://www.nwnet.co.uk/bifs/glowbar.gif [4535/4535] -> "www.nwnet.co.uk_syko_20130425/bifs/glowbar.gif" [1]
http://www.nwnet.co.uk/cgi-bin/counter.exe?link=bifs&style=B:
2013-04-25 20:48:48 ERROR 403: Forbidden.
2013-04-25 20:48:48 URL:http://www.nwnet.co.uk/bifs/Adz.gif [73967/73967] -> "www.nwnet.co.uk_syko_20130425/bifs/Adz.gif" [1]
2013-04-25 20:48:48 URL:http://www.nwnet.co.uk/bifs/shootstar.gif [3031/3031] -> "www.nwnet.co.uk_syko_20130425/bifs/shootstar.gif" [1]
2013-04-25 20:48:48 URL:http://www.nwnet.co.uk/bifs/o3dfx.gif [8221/8221] -> "www.nwnet.co.uk_syko_20130425/bifs/o3dfx.gif" [1]
2013-04-25 20:48:48 URL:http://www.nwnet.co.uk/bifs/fishlogoshort.jpg [18163/18163] -> "www.nwnet.co.uk_syko_20130425/bifs/fishlogoshort.jpg" [1]
2013-04-25 20:48:48 URL:http://www.nwnet.co.uk/hiz-house/ [5085/5085] -> "www.nwnet.co.uk_syko_20130425/hiz-house.1.html" [1]
2013-04-25 20:48:49 URL:http://www.nwnet.co.uk/bifs/Butnc.gif [3820/3820] -> "www.nwnet.co.uk_syko_20130425/bifs/Butnc.gif" [1]
2013-04-25 20:48:49 URL:http://www.nwnet.co.uk/bifs/zx32pf01.zip [216474/216474] -> "www.nwnet.co.uk_syko_20130425/bifs/zx32pf01.zip" [1]
2013-04-25 20:48:49 URL:http://www.nwnet.co.uk/bifs/jetpac.zip [7769/7769] -> "www.nwnet.co.uk_syko_20130425/bifs/jetpac.zip" [1]
2013-04-25 20:48:49 URL:http://www.nwnet.co.uk/bifs/ATIC.zip [24468/24468] -> "www.nwnet.co.uk_syko_20130425/bifs/ATIC.zip" [1]
2013-04-25 20:48:49 URL:http://www.nwnet.co.uk/bifs/email.gif [11070/11070] -> "www.nwnet.co.uk_syko_20130425/bifs/email.gif" [1]
2013-04-25 20:48:49 URL:http://www.nwnet.co.uk/wanderer/Image1.gif [26713/26713] -> "www.nwnet.co.uk_syko_20130425/wanderer/Image1.gif" [1]
2013-04-25 20:48:49 URL:http://www.nwnet.co.uk/wanderer/bugger.wav [63554/63554] -> "www.nwnet.co.uk_syko_20130425/wanderer/bugger.wav" [1]
2013-04-25 20:48:50 URL:http://www.nwnet.co.uk/wanderer/Image4.gif [897/897] -> "www.nwnet.co.uk_syko_20130425/wanderer/Image4.gif" [1]
2013-04-25 20:48:50 URL:http://www.nwnet.co.uk/wanderer/ukquake.htm [2885/2885] -> "www.nwnet.co.uk_syko_20130425/wanderer/ukquake.htm" [1]
2013-04-25 20:48:50 URL:http://www.nwnet.co.uk/wanderer/kaz.htm [1326/1326] -> "www.nwnet.co.uk_syko_20130425/wanderer/kaz.htm" [1]
2013-04-25 20:48:50 URL:http://www.nwnet.co.uk/wanderer/Bullet3.gif [148/148] -> "www.nwnet.co.uk_syko_20130425/wanderer/Bullet3.gif" [1]
2013-04-25 20:48:50 URL:http://www.nwnet.co.uk/wanderer/QUAKE%20DEMO%20FILES.htm [636/636] -> "www.nwnet.co.uk_syko_20130425/wanderer/QUAKE DEMO FILES.htm" [1]
2013-04-25 20:48:50 URL:http://www.nwnet.co.uk/wanderer/bluesnews.gif [2555/2555] -> "www.nwnet.co.uk_syko_20130425/wanderer/bluesnews.gif" [1]
2013-04-25 20:48:50 URL:http://www.nwnet.co.uk/wanderer/planetquake.gif [2190/2190] -> "www.nwnet.co.uk_syko_20130425/wanderer/planetquake.gif" [1]
2013-04-25 20:48:50 URL:http://www.nwnet.co.uk/wanderer/sgc_button.gif [1455/1455] -> "www.nwnet.co.uk_syko_20130425/wanderer/sgc_button.gif" [1]
2013-04-25 20:48:50 URL:http://www.nwnet.co.uk/wanderer/nftfbutton.gif [2696/2696] -> "www.nwnet.co.uk_syko_20130425/wanderer/nftfbutton.gif" [1]
2013-04-25 20:48:50 URL:http://www.nwnet.co.uk/slayer/quake_camper.jpg [19012/19012] -> "www.nwnet.co.uk_syko_20130425/slayer/quake_camper.jpg" [1]
2013-04-25 20:48:50 URL:http://www.nwnet.co.uk/slayer/brochure.html [5260/5260] -> "www.nwnet.co.uk_syko_20130425/slayer/brochure.html" [1]
2013-04-25 20:48:50 URL:http://www.nwnet.co.uk/slayer/Bullet3.gif [148/148] -> "www.nwnet.co.uk_syko_20130425/slayer/Bullet3.gif" [1]
2013-04-25 20:48:50 URL:http://www.nwnet.co.uk/slayer/flame.gif [12847/12847] -> "www.nwnet.co.uk_syko_20130425/slayer/flame.gif" [1]
http://www.nwnet.co.uk/slayer/reps.htm:
2013-04-25 20:48:50 ERROR 404: Not Found.
2013-04-25 20:48:51 URL:http://www.nwnet.co.uk/slayer/club.html [2995/2995] -> "www.nwnet.co.uk_syko_20130425/slayer/club.html" [1]
2013-04-25 20:48:51 URL:http://www.nwnet.co.uk/slayer/sport.html [3431/3431] -> "www.nwnet.co.uk_syko_20130425/slayer/sport.html" [1]
2013-04-25 20:48:51 URL:http://www.nwnet.co.uk/slayer/files.html [4326/4326] -> "www.nwnet.co.uk_syko_20130425/slayer/files.html" [1]
2013-04-25 20:48:51 URL:http://www.nwnet.co.uk/slayer/qw.htm [3189/3189] -> "www.nwnet.co.uk_syko_20130425/slayer/qw.htm" [1]
2013-04-25 20:48:51 URL:http://www.nwnet.co.uk/slayer/nwquake.gif [94329/94329] -> "www.nwnet.co.uk_syko_20130425/slayer/nwquake.gif" [1]
2013-04-25 20:48:51 URL:http://www.nwnet.co.uk/slayer/clanshot.html [812/812] -> "www.nwnet.co.uk_syko_20130425/slayer/clanshot.html" [1]
2013-04-25 20:48:51 URL:http://www.nwnet.co.uk/syko/pics/q2dm1.jpg [15911/15911] -> "www.nwnet.co.uk_syko_20130425/syko/pics/q2dm1.jpg" [1]
2013-04-25 20:48:52 URL:http://www.nwnet.co.uk/ghcint/quake/q2dm1.zip [254599/254599] -> "www.nwnet.co.uk_syko_20130425/ghcint/quake/q2dm1.zip" [1]
2013-04-25 20:48:52 URL:http://www.nwnet.co.uk/syko/pics/q2dm3.jpg [16091/16091] -> "www.nwnet.co.uk_syko_20130425/syko/pics/q2dm3.jpg" [1]
2013-04-25 20:48:53 URL:http://www.nwnet.co.uk/ghcint/quake/q2dm3.zip [512561/512561] -> "www.nwnet.co.uk_syko_20130425/ghcint/quake/q2dm3.zip" [1]
2013-04-25 20:48:53 URL:http://www.nwnet.co.uk/syko/pics/q2dm4.jpg [17118/17118] -> "www.nwnet.co.uk_syko_20130425/syko/pics/q2dm4.jpg" [1]
2013-04-25 20:48:53 URL:http://www.nwnet.co.uk/ghcint/quake/q2dm4.zip [203887/203887] -> "www.nwnet.co.uk_syko_20130425/ghcint/quake/q2dm4.zip" [1]
2013-04-25 20:48:53 URL:http://www.nwnet.co.uk/shaw/one.mid [68175/68175] -> "www.nwnet.co.uk_syko_20130425/shaw/one.mid" [1]
2013-04-25 20:48:53 URL:http://www.nwnet.co.uk/shaw/gorby.jpg [7291/7291] -> "www.nwnet.co.uk_syko_20130425/shaw/gorby.jpg" [1]
2013-04-25 20:48:54 URL:http://www.nwnet.co.uk/shaw/awingtrs.gif [76867/76867] -> "www.nwnet.co.uk_syko_20130425/shaw/awingtrs.gif" [1]
2013-04-25 20:48:54 URL:http://www.nwnet.co.uk/shaw/counter.jpg [2800/2800] -> "www.nwnet.co.uk_syko_20130425/shaw/counter.jpg" [1]
http://www.nwnet.co.uk/cgi-bin/counter.exe?link=shaw&style=big:
2013-04-25 20:48:54 ERROR 403: Forbidden.
2013-04-25 20:48:54 URL:http://www.nwnet.co.uk/grolsch/gdy2die2.wav [22134/22134] -> "www.nwnet.co.uk_syko_20130425/grolsch/gdy2die2.wav" [1]
2013-04-25 20:48:54 URL:http://www.nwnet.co.uk/grolsch/Banner.jpg [29611/29611] -> "www.nwnet.co.uk_syko_20130425/grolsch/Banner.jpg" [1]
http://www.nwnet.co.uk/cgi-bin/count?df=newone.dat:
2013-04-25 20:48:54 ERROR 403: Forbidden.
2013-04-25 20:48:54 URL:http://www.nwnet.co.uk/grolsch/m_blu_butt.gif [4219/4219] -> "www.nwnet.co.uk_syko_20130425/grolsch/m_blu_butt.gif" [1]
2013-04-25 20:48:54 URL:http://www.nwnet.co.uk/grolsch/foo.quake [4/4] -> "www.nwnet.co.uk_syko_20130425/grolsch/foo.quake" [1]
2013-04-25 20:48:54 URL:http://www.nwnet.co.uk/grolsch/golfball.gif [6561/6561] -> "www.nwnet.co.uk_syko_20130425/grolsch/golfball.gif" [1]
2013-04-25 20:48:54 URL:http://www.nwnet.co.uk/slayer/ [4775/4775] -> "www.nwnet.co.uk_syko_20130425/slayer.1.html" [1]
2013-04-25 20:48:54 URL:http://www.nwnet.co.uk/grolsch/index.htm [5931/5931] -> "www.nwnet.co.uk_syko_20130425/grolsch/index.htm" [1]
2013-04-25 20:48:54 URL:http://www.nwnet.co.uk/grolsch/qplugs1.html [6903/6903] -> "www.nwnet.co.uk_syko_20130425/grolsch/qplugs1.html" [1]
2013-04-25 20:48:54 URL:http://www.nwnet.co.uk/grolsch/qplugs2.html [8241/8241] -> "www.nwnet.co.uk_syko_20130425/grolsch/qplugs2.html" [1]
2013-04-25 20:48:55 URL:http://www.nwnet.co.uk/grolsch/garth19.jpg [27369/27369] -> "www.nwnet.co.uk_syko_20130425/grolsch/garth19.jpg" [1]
2013-04-25 20:48:55 URL:http://www.nwnet.co.uk/grolsch/garth14.jpg [40713/40713] -> "www.nwnet.co.uk_syko_20130425/grolsch/garth14.jpg" [1]
2013-04-25 20:48:55 URL:http://www.nwnet.co.uk/grolsch/garth15.jpg [23507/23507] -> "www.nwnet.co.uk_syko_20130425/grolsch/garth15.jpg" [1]
2013-04-25 20:48:55 URL:http://www.nwnet.co.uk/grolsch/garth4.jpg [13845/13845] -> "www.nwnet.co.uk_syko_20130425/grolsch/garth4.jpg" [1]
2013-04-25 20:48:55 URL:http://www.nwnet.co.uk/grolsch/garth5.jpg [25346/25346] -> "www.nwnet.co.uk_syko_20130425/grolsch/garth5.jpg" [1]
2013-04-25 20:48:55 URL:http://www.nwnet.co.uk/grolsch/garth6.jpg [29686/29686] -> "www.nwnet.co.uk_syko_20130425/grolsch/garth6.jpg" [1]
2013-04-25 20:48:55 URL:http://www.nwnet.co.uk/grolsch/garth7.jpg [28709/28709] -> "www.nwnet.co.uk_syko_20130425/grolsch/garth7.jpg" [1]
2013-04-25 20:48:55 URL:http://www.nwnet.co.uk/grolsch/garth8.jpg [33029/33029] -> "www.nwnet.co.uk_syko_20130425/grolsch/garth8.jpg" [1]
2013-04-25 20:48:55 URL:http://www.nwnet.co.uk/grolsch/garth9.jpg [24392/24392] -> "www.nwnet.co.uk_syko_20130425/grolsch/garth9.jpg" [1]
2013-04-25 20:48:56 URL:http://www.nwnet.co.uk/grolsch/olstuff.wav [314228/314228] -> "www.nwnet.co.uk_syko_20130425/grolsch/olstuff.wav" [1]
2013-04-25 20:48:56 URL:http://www.nwnet.co.uk/grolsch/garth10.jpg [19831/19831] -> "www.nwnet.co.uk_syko_20130425/grolsch/garth10.jpg" [1]
2013-04-25 20:48:56 URL:http://www.nwnet.co.uk/grolsch/garth11.jpg [31400/31400] -> "www.nwnet.co.uk_syko_20130425/grolsch/garth11.jpg" [1]
2013-04-25 20:48:56 URL:http://www.nwnet.co.uk/grolsch/garth12.jpg [35431/35431] -> "www.nwnet.co.uk_syko_20130425/grolsch/garth12.jpg" [1]
2013-04-25 20:48:56 URL:http://www.nwnet.co.uk/grolsch/garth13.jpg [27283/27283] -> "www.nwnet.co.uk_syko_20130425/grolsch/garth13.jpg" [1]
2013-04-25 20:48:56 URL:http://www.nwnet.co.uk/grolsch/garth2.jpg [11937/11937] -> "www.nwnet.co.uk_syko_20130425/grolsch/garth2.jpg" [1]
2013-04-25 20:48:56 URL:http://www.nwnet.co.uk/grolsch/garth3.jpg [11470/11470] -> "www.nwnet.co.uk_syko_20130425/grolsch/garth3.jpg" [1]
2013-04-25 20:48:56 URL:http://www.nwnet.co.uk/grolsch/garth16.jpg [20913/20913] -> "www.nwnet.co.uk_syko_20130425/grolsch/garth16.jpg" [1]
2013-04-25 20:48:56 URL:http://www.nwnet.co.uk/grolsch/garth17.jpg [26885/26885] -> "www.nwnet.co.uk_syko_20130425/grolsch/garth17.jpg" [1]
2013-04-25 20:48:57 URL:http://www.nwnet.co.uk/grolsch/garth18.jpg [25352/25352] -> "www.nwnet.co.uk_syko_20130425/grolsch/garth18.jpg" [1]
2013-04-25 20:48:57 URL:http://www.nwnet.co.uk/grolsch/garth1.jpg [16054/16054] -> "www.nwnet.co.uk_syko_20130425/grolsch/garth1.jpg" [1]
2013-04-25 20:48:57 URL:http://www.nwnet.co.uk/grolsch/garthhat.jpg [29220/29220] -> "www.nwnet.co.uk_syko_20130425/grolsch/garthhat.jpg" [1]
http://www.nwnet.co.uk/cgi-bin/counter.exe?link=grolsch11&style=D:
2013-04-25 20:48:57 ERROR 403: Forbidden.
http://www.nwnet.co.uk/cgi-bin/counter.exe?link=grolsch7&style=B:
2013-04-25 20:48:57 ERROR 403: Forbidden.
2013-04-25 20:48:57 URL:http://www.nwnet.co.uk/grolsch/simplogo.gif [2885/2885] -> "www.nwnet.co.uk_syko_20130425/grolsch/simplogo.gif" [1]
2013-04-25 20:48:57 URL:http://www.nwnet.co.uk/grolsch/bart3.gif [4987/4987] -> "www.nwnet.co.uk_syko_20130425/grolsch/bart3.gif" [1]
2013-04-25 20:48:57 URL:http://www.nwnet.co.uk/grolsch/bart5.gif [18171/18171] -> "www.nwnet.co.uk_syko_20130425/grolsch/bart5.gif" [1]
2013-04-25 20:48:57 URL:http://www.nwnet.co.uk/grolsch/bt&hr.gif [30190/30190] -> "www.nwnet.co.uk_syko_20130425/grolsch/bt&hr.gif" [1]
2013-04-25 20:48:57 URL:http://www.nwnet.co.uk/grolsch/burns.gif [259/259] -> "www.nwnet.co.uk_syko_20130425/grolsch/burns.gif" [1]
2013-04-25 20:48:57 URL:http://www.nwnet.co.uk/grolsch/drink2.gif [1732/1732] -> "www.nwnet.co.uk_syko_20130425/grolsch/drink2.gif" [1]
2013-04-25 20:48:57 URL:http://www.nwnet.co.uk/grolsch/family2.gif [39041/39041] -> "www.nwnet.co.uk_syko_20130425/grolsch/family2.gif" [1]
2013-04-25 20:48:57 URL:http://www.nwnet.co.uk/grolsch/flanders.gif [3202/3202] -> "www.nwnet.co.uk_syko_20130425/grolsch/flanders.gif" [1]
2013-04-25 20:48:58 URL:http://www.nwnet.co.uk/grolsch/homer2.gif [1887/1887] -> "www.nwnet.co.uk_syko_20130425/grolsch/homer2.gif" [1]
2013-04-25 20:48:58 URL:http://www.nwnet.co.uk/grolsch/homer3.gif [1748/1748] -> "www.nwnet.co.uk_syko_20130425/grolsch/homer3.gif" [1]
2013-04-25 20:48:58 URL:http://www.nwnet.co.uk/grolsch/homer3d2.gif [14464/14464] -> "www.nwnet.co.uk_syko_20130425/grolsch/homer3d2.gif" [1]
2013-04-25 20:48:58 URL:http://www.nwnet.co.uk/grolsch/3dhomer1.gif [5535/5535] -> "www.nwnet.co.uk_syko_20130425/grolsch/3dhomer1.gif" [1]
2013-04-25 20:48:58 URL:http://www.nwnet.co.uk/grolsch/homer_~1.gif [16217/16217] -> "www.nwnet.co.uk_syko_20130425/grolsch/homer_~1.gif" [1]
2013-04-25 20:48:58 URL:http://www.nwnet.co.uk/grolsch/homrwalk.gif [848/848] -> "www.nwnet.co.uk_syko_20130425/grolsch/homrwalk.gif" [1]
2013-04-25 20:48:58 URL:http://www.nwnet.co.uk/grolsch/itchy.gif [4570/4570] -> "www.nwnet.co.uk_syko_20130425/grolsch/itchy.gif" [1]
2013-04-25 20:48:58 URL:http://www.nwnet.co.uk/grolsch/lisafaq1.gif [7583/7583] -> "www.nwnet.co.uk_syko_20130425/grolsch/lisafaq1.gif" [1]
2013-04-25 20:48:58 URL:http://www.nwnet.co.uk/grolsch/marge4.gif [8173/8173] -> "www.nwnet.co.uk_syko_20130425/grolsch/marge4.gif" [1]
2013-04-25 20:48:58 URL:http://www.nwnet.co.uk/grolsch/moe.gif [3200/3200] -> "www.nwnet.co.uk_syko_20130425/grolsch/moe.gif" [1]
2013-04-25 20:48:58 URL:http://www.nwnet.co.uk/grolsch/nelson.gif [4094/4094] -> "www.nwnet.co.uk_syko_20130425/grolsch/nelson.gif" [1]
2013-04-25 20:48:58 URL:http://www.nwnet.co.uk/grolsch/ralph2.gif [3346/3346] -> "www.nwnet.co.uk_syko_20130425/grolsch/ralph2.gif" [1]
2013-04-25 20:48:59 URL:http://www.nwnet.co.uk/grolsch/smithers.gif [6690/6690] -> "www.nwnet.co.uk_syko_20130425/grolsch/smithers.gif" [1]
2013-04-25 20:48:59 URL:http://www.nwnet.co.uk/grolsch/wigum.gif [4254/4254] -> "www.nwnet.co.uk_syko_20130425/grolsch/wigum.gif" [1]
2013-04-25 20:48:59 URL:http://www.nwnet.co.uk/grolsch/willy2.gif [5060/5060] -> "www.nwnet.co.uk_syko_20130425/grolsch/willy2.gif" [1]
2013-04-25 20:48:59 URL:http://www.nwnet.co.uk/grolsch/emailan.gif [15369/15369] -> "www.nwnet.co.uk_syko_20130425/grolsch/emailan.gif" [1]
http://www.nwnet.co.uk/cgi-bin/counter.exe?link=grolsch2&style=B:
2013-04-25 20:48:59 ERROR 403: Forbidden.
2013-04-25 20:48:59 URL:http://www.nwnet.co.uk/grolsch/nedward.jpg [15202/15202] -> "www.nwnet.co.uk_syko_20130425/grolsch/nedward.jpg" [1]
2013-04-25 20:48:59 URL:http://www.nwnet.co.uk/grolsch/outside.jpg [42818/42818] -> "www.nwnet.co.uk_syko_20130425/grolsch/outside.jpg" [1]
2013-04-25 20:48:59 URL:http://www.nwnet.co.uk/grolsch/nedward2.jpg [18911/18911] -> "www.nwnet.co.uk_syko_20130425/grolsch/nedward2.jpg" [1]
2013-04-25 20:48:59 URL:http://www.nwnet.co.uk/grolsch/nedward3.jpg [16278/16278] -> "www.nwnet.co.uk_syko_20130425/grolsch/nedward3.jpg" [1]
2013-04-25 20:48:59 URL:http://www.nwnet.co.uk/grolsch/pele.jpg [21824/21824] -> "www.nwnet.co.uk_syko_20130425/grolsch/pele.jpg" [1]
http://www.nwnet.co.uk/cgi-bin/counter.exe?link=grolsch4&style=B:
2013-04-25 20:48:59 ERROR 403: Forbidden.
2013-04-25 20:48:59 URL:http://www.nwnet.co.uk/grolsch/one.jpg [10448/10448] -> "www.nwnet.co.uk_syko_20130425/grolsch/one.jpg" [1]
2013-04-25 20:48:59 URL:http://www.nwnet.co.uk/grolsch/two.jpg [15747/15747] -> "www.nwnet.co.uk_syko_20130425/grolsch/two.jpg" [1]
2013-04-25 20:49:00 URL:http://www.nwnet.co.uk/grolsch/three.jpg [27644/27644] -> "www.nwnet.co.uk_syko_20130425/grolsch/three.jpg" [1]
2013-04-25 20:49:00 URL:http://www.nwnet.co.uk/grolsch/four.jpg [19498/19498] -> "www.nwnet.co.uk_syko_20130425/grolsch/four.jpg" [1]
2013-04-25 20:49:00 URL:http://www.nwnet.co.uk/grolsch/five.jpg [24432/24432] -> "www.nwnet.co.uk_syko_20130425/grolsch/five.jpg" [1]
2013-04-25 20:49:00 URL:http://www.nwnet.co.uk/grolsch/six.jpg [24230/24230] -> "www.nwnet.co.uk_syko_20130425/grolsch/six.jpg" [1]
2013-04-25 20:49:00 URL:http://www.nwnet.co.uk/grolsch/seven.jpg [19719/19719] -> "www.nwnet.co.uk_syko_20130425/grolsch/seven.jpg" [1]
2013-04-25 20:49:00 URL:http://www.nwnet.co.uk/grolsch/eight.jpg [23216/23216] -> "www.nwnet.co.uk_syko_20130425/grolsch/eight.jpg" [1]
2013-04-25 20:49:00 URL:http://www.nwnet.co.uk/grolsch/nine.jpg [19349/19349] -> "www.nwnet.co.uk_syko_20130425/grolsch/nine.jpg" [1]
http://www.nwnet.co.uk/cgi-bin/counter.exe?link=grolsch6&style=B:
2013-04-25 20:49:00 ERROR 403: Forbidden.
2013-04-25 20:49:00 URL:http://www.nwnet.co.uk/grolsch/sneakeye.gif [8619/8619] -> "www.nwnet.co.uk_syko_20130425/grolsch/sneakeye.gif" [1]
2013-04-25 20:49:00 URL:http://www.nwnet.co.uk/grolsch/10.jpg [49287/49287] -> "www.nwnet.co.uk_syko_20130425/grolsch/10.jpg" [1]
http://www.nwnet.co.uk/cgi-bin/counter.exe?link=grolsch9&style=B:
2013-04-25 20:49:01 ERROR 403: Forbidden.
2013-04-25 20:49:01 URL:http://www.nwnet.co.uk/grolsch/a.jpg [4243/4243] -> "www.nwnet.co.uk_syko_20130425/grolsch/a.jpg" [1]
2013-04-25 20:49:01 URL:http://www.nwnet.co.uk/grolsch/a1.jpg [9875/9875] -> "www.nwnet.co.uk_syko_20130425/grolsch/a1.jpg" [1]
2013-04-25 20:49:01 URL:http://www.nwnet.co.uk/grolsch/a2.jpg [9575/9575] -> "www.nwnet.co.uk_syko_20130425/grolsch/a2.jpg" [1]
2013-04-25 20:49:01 URL:http://www.nwnet.co.uk/grolsch/a3.jpg [6467/6467] -> "www.nwnet.co.uk_syko_20130425/grolsch/a3.jpg" [1]
2013-04-25 20:49:01 URL:http://www.nwnet.co.uk/grolsch/a4.jpg [10752/10752] -> "www.nwnet.co.uk_syko_20130425/grolsch/a4.jpg" [1]
2013-04-25 20:49:01 URL:http://www.nwnet.co.uk/grolsch/a5.jpg [12631/12631] -> "www.nwnet.co.uk_syko_20130425/grolsch/a5.jpg" [1]
2013-04-25 20:49:01 URL:http://www.nwnet.co.uk/grolsch/a6.jpg [8289/8289] -> "www.nwnet.co.uk_syko_20130425/grolsch/a6.jpg" [1]
2013-04-25 20:49:01 URL:http://www.nwnet.co.uk/grolsch/a7.jpg [10038/10038] -> "www.nwnet.co.uk_syko_20130425/grolsch/a7.jpg" [1]
2013-04-25 20:49:01 URL:http://www.nwnet.co.uk/grolsch/a8.jpg [7402/7402] -> "www.nwnet.co.uk_syko_20130425/grolsch/a8.jpg" [1]
2013-04-25 20:49:01 URL:http://www.nwnet.co.uk/grolsch/a9.jpg [12196/12196] -> "www.nwnet.co.uk_syko_20130425/grolsch/a9.jpg" [1]
2013-04-25 20:49:01 URL:http://www.nwnet.co.uk/grolsch/a10.jpg [10325/10325] -> "www.nwnet.co.uk_syko_20130425/grolsch/a10.jpg" [1]
2013-04-25 20:49:01 URL:http://www.nwnet.co.uk/grolsch/al.jpg [13844/13844] -> "www.nwnet.co.uk_syko_20130425/grolsch/al.jpg" [1]
2013-04-25 20:49:02 URL:http://www.nwnet.co.uk/grolsch/peg.jpg [11314/11314] -> "www.nwnet.co.uk_syko_20130425/grolsch/peg.jpg" [1]
2013-04-25 20:49:02 URL:http://www.nwnet.co.uk/grolsch/married.gif [62001/62001] -> "www.nwnet.co.uk_syko_20130425/grolsch/married.gif" [1]
2013-04-25 20:49:02 URL:http://www.nwnet.co.uk/grolsch/kelly.jpg [14060/14060] -> "www.nwnet.co.uk_syko_20130425/grolsch/kelly.jpg" [1]
2013-04-25 20:49:02 URL:http://www.nwnet.co.uk/grolsch/bud.jpg [8502/8502] -> "www.nwnet.co.uk_syko_20130425/grolsch/bud.jpg" [1]
2013-04-25 20:49:02 URL:http://www.nwnet.co.uk/grolsch/marcy.jpg [9127/9127] -> "www.nwnet.co.uk_syko_20130425/grolsch/marcy.jpg" [1]
2013-04-25 20:49:02 URL:http://www.nwnet.co.uk/grolsch/jefferso.jpg [11970/11970] -> "www.nwnet.co.uk_syko_20130425/grolsch/jefferso.jpg" [1]
2013-04-25 20:49:02 URL:http://www.nwnet.co.uk/clayton/brooko.wav [201858/201858] -> "www.nwnet.co.uk_syko_20130425/clayton/brooko.wav" [1]
2013-04-25 20:49:03 URL:http://www.nwnet.co.uk/clayton/brooko.mid [6731/6731] -> "www.nwnet.co.uk_syko_20130425/clayton/brooko.mid" [1]
2013-04-25 20:49:03 URL:http://www.nwnet.co.uk/clayton/brooko.gif [112559/112559] -> "www.nwnet.co.uk_syko_20130425/clayton/brooko.gif" [1]
2013-04-25 20:49:03 URL:http://www.nwnet.co.uk/clayton/text-1.jpg [4510/4510] -> "www.nwnet.co.uk_syko_20130425/clayton/text-1.jpg" [1]
2013-04-25 20:49:03 URL:http://www.nwnet.co.uk/clayton/genie1.gif [68455/68455] -> "www.nwnet.co.uk_syko_20130425/clayton/genie1.gif" [1]
2013-04-25 20:49:03 URL:http://www.nwnet.co.uk/clayton/counter.jpg [2800/2800] -> "www.nwnet.co.uk_syko_20130425/clayton/counter.jpg" [1]
http://www.nwnet.co.uk/cgi-bin/counter.exe?link=clayton&style=big:
2013-04-25 20:49:03 ERROR 403: Forbidden.
2013-04-25 20:49:03 URL:http://www.nwnet.co.uk/clayton/aboutme.html [2100/2100] -> "www.nwnet.co.uk_syko_20130425/clayton/aboutme.html" [1]
2013-04-25 20:49:03 URL:http://www.nwnet.co.uk/clayton/r3dscene.jpg [31244/31244] -> "www.nwnet.co.uk_syko_20130425/clayton/r3dscene.jpg" [1]
2013-04-25 20:49:03 URL:http://www.nwnet.co.uk/clayton/t-r3d.jpg [19838/19838] -> "www.nwnet.co.uk_syko_20130425/clayton/t-r3d.jpg" [1]
2013-04-25 20:49:03 URL:http://www.nwnet.co.uk/clayton/brooko2.html [3153/3153] -> "www.nwnet.co.uk_syko_20130425/clayton/brooko2.html" [1]
2013-04-25 20:49:03 URL:http://www.nwnet.co.uk/clayton/logo2n.gif [9434/9434] -> "www.nwnet.co.uk_syko_20130425/clayton/logo2n.gif" [1]
2013-04-25 20:49:04 URL:http://www.nwnet.co.uk/openshaw/db29.jpg [7072/7072] -> "www.nwnet.co.uk_syko_20130425/openshaw/db29.jpg" [1]
http://www.nwnet.co.uk/cgi-bin/counter.exe?link=openshaew1&style=a:
2013-04-25 20:49:04 ERROR 403: Forbidden.
2013-04-25 20:49:04 URL:http://www.nwnet.co.uk/openshaw/yinyang.gif [258/258] -> "www.nwnet.co.uk_syko_20130425/openshaw/yinyang.gif" [1]
2013-04-25 20:49:04 URL:http://www.nwnet.co.uk/openshaw/fighter1.jpg [997/997] -> "www.nwnet.co.uk_syko_20130425/openshaw/fighter1.jpg" [1]
2013-04-25 20:49:04 URL:http://www.nwnet.co.uk/openshaw/stemail.gif [12413/12413] -> "www.nwnet.co.uk_syko_20130425/openshaw/stemail.gif" [1]
2013-04-25 20:49:04 URL:http://www.nwnet.co.uk/openshaw/join.jpg [26233/26233] -> "www.nwnet.co.uk_syko_20130425/openshaw/join.jpg" [1]
2013-04-25 20:49:04 URL:http://www.nwnet.co.uk/openshaw/untitled.mid [76502/76502] -> "www.nwnet.co.uk_syko_20130425/openshaw/untitled.mid" [1]
2013-04-25 20:49:04 URL:http://www.nwnet.co.uk/openshaw/weed.gif [2010/2010] -> "www.nwnet.co.uk_syko_20130425/openshaw/weed.gif" [1]
2013-04-25 20:49:04 URL:http://www.nwnet.co.uk/openshaw/tex11.jpg [4303/4303] -> "www.nwnet.co.uk_syko_20130425/openshaw/tex11.jpg" [1]
http://www.nwnet.co.uk/cgi-bin/counter.exe?link=openshaew2&style=a:
2013-04-25 20:49:04 ERROR 403: Forbidden.
2013-04-25 20:49:04 URL:http://www.nwnet.co.uk/openshaw/email2.gif [74568/74568] -> "www.nwnet.co.uk_syko_20130425/openshaw/email2.gif" [1]
2013-04-25 20:49:05 URL:http://www.nwnet.co.uk/openshaw/scape.jpg [2344/2344] -> "www.nwnet.co.uk_syko_20130425/openshaw/scape.jpg" [1]
2013-04-25 20:49:05 URL:http://www.nwnet.co.uk/openshaw/ie.gif [9132/9132] -> "www.nwnet.co.uk_syko_20130425/openshaw/ie.gif" [1]
2013-04-25 20:49:05 URL:http://www.nwnet.co.uk/openshaw/webpage.gif [10168/10168] -> "www.nwnet.co.uk_syko_20130425/openshaw/webpage.gif" [1]
2013-04-25 20:49:05 URL:http://www.nwnet.co.uk/openshaw/winzip.jpg [2395/2395] -> "www.nwnet.co.uk_syko_20130425/openshaw/winzip.jpg" [1]
2013-04-25 20:49:05 URL:http://www.nwnet.co.uk/openshaw/redred.mid [42846/42846] -> "www.nwnet.co.uk_syko_20130425/openshaw/redred.mid" [1]
2013-04-25 20:49:05 URL:http://www.nwnet.co.uk/openshaw/tex18.jpg [5401/5401] -> "www.nwnet.co.uk_syko_20130425/openshaw/tex18.jpg" [1]
http://www.nwnet.co.uk/cgi-bin/counter.exe?link=openshaew3&style=a:
2013-04-25 20:49:05 ERROR 403: Forbidden.
2013-04-25 20:49:05 URL:http://www.nwnet.co.uk/openshaw/quake.gif [8912/8912] -> "www.nwnet.co.uk_syko_20130425/openshaw/quake.gif" [1]
2013-04-25 20:49:05 URL:http://www.nwnet.co.uk/openshaw/front.gif [15022/15022] -> "www.nwnet.co.uk_syko_20130425/openshaw/front.gif" [1]
2013-04-25 20:49:05 URL:http://www.nwnet.co.uk/openshaw/back.gif [13632/13632] -> "www.nwnet.co.uk_syko_20130425/openshaw/back.gif" [1]
2013-04-25 20:49:06 URL:http://www.nwnet.co.uk/openshaw/nwnet.gif [94329/94329] -> "www.nwnet.co.uk_syko_20130425/openshaw/nwnet.gif" [1]
2013-04-25 20:49:06 URL:http://www.nwnet.co.uk/openshaw/hand.gif [1305/1305] -> "www.nwnet.co.uk_syko_20130425/openshaw/hand.gif" [1]
2013-04-25 20:49:06 URL:http://www.nwnet.co.uk/openshaw/frantic.gif [7546/7546] -> "www.nwnet.co.uk_syko_20130425/openshaw/frantic.gif" [1]
2013-04-25 20:49:06 URL:http://www.nwnet.co.uk/openshaw/bad.mid [67470/67470] -> "www.nwnet.co.uk_syko_20130425/openshaw/bad.mid" [1]
2013-04-25 20:49:06 URL:http://www.nwnet.co.uk/openshaw/tex6.jpg [4385/4385] -> "www.nwnet.co.uk_syko_20130425/openshaw/tex6.jpg" [1]
http://www.nwnet.co.uk/cgi-bin/counter.exe?link=openshaew4&style=a:
2013-04-25 20:49:06 ERROR 403: Forbidden.
2013-04-25 20:49:06 URL:http://www.nwnet.co.uk/openshaw/lilywas.mid [30525/30525] -> "www.nwnet.co.uk_syko_20130425/openshaw/lilywas.mid" [1]
2013-04-25 20:49:06 URL:http://www.nwnet.co.uk/openshaw/tex16.jpg [1231/1231] -> "www.nwnet.co.uk_syko_20130425/openshaw/tex16.jpg" [1]
http://www.nwnet.co.uk/cgi-bin/counter.exe?link=openshaew5&style=a:
2013-04-25 20:49:06 ERROR 403: Forbidden.
2013-04-25 20:49:06 URL:http://www.nwnet.co.uk/openshaw/splogo.jpg [17331/17331] -> "www.nwnet.co.uk_syko_20130425/openshaw/splogo.jpg" [1]
2013-04-25 20:49:06 URL:http://www.nwnet.co.uk/openshaw/nashvill.jpg [24921/24921] -> "www.nwnet.co.uk_syko_20130425/openshaw/nashvill.jpg" [1]
2013-04-25 20:49:06 URL:http://www.nwnet.co.uk/openshaw/fight.jpg [26588/26588] -> "www.nwnet.co.uk_syko_20130425/openshaw/fight.jpg" [1]
2013-04-25 20:49:07 URL:http://www.nwnet.co.uk/openshaw/gstq.jpg [13947/13947] -> "www.nwnet.co.uk_syko_20130425/openshaw/gstq.jpg" [1]
2013-04-25 20:49:07 URL:http://www.nwnet.co.uk/hiz-house/eyes.jpg [2366/2366] -> "www.nwnet.co.uk_syko_20130425/hiz-house/eyes.jpg" [1]
2013-04-25 20:49:07 URL:http://www.nwnet.co.uk/hiz-house/members.htm [2309/2309] -> "www.nwnet.co.uk_syko_20130425/hiz-house/members.htm" [1]
2013-04-25 20:49:07 URL:http://www.nwnet.co.uk/hiz-house/WARBOT.gif [12105/12105] -> "www.nwnet.co.uk_syko_20130425/hiz-house/WARBOT.gif" [1]
2013-04-25 20:49:08 URL:http://www.nwnet.co.uk/hiz-house/BBvOH.zip [671730/671730] -> "www.nwnet.co.uk_syko_20130425/hiz-house/BBvOH.zip" [1]
2013-04-25 20:49:08 URL:http://www.nwnet.co.uk/hiz-house/blue3.gif [22120/22120] -> "www.nwnet.co.uk_syko_20130425/hiz-house/blue3.gif" [1]
2013-04-25 20:49:08 URL:http://www.nwnet.co.uk/hiz-house/camp.jpg [7990/7990] -> "www.nwnet.co.uk_syko_20130425/hiz-house/camp.jpg" [1]
2013-04-25 20:49:08 URL:http://www.nwnet.co.uk/hiz-house/logo.gif [46749/46749] -> "www.nwnet.co.uk_syko_20130425/hiz-house/logo.gif" [1]
2013-04-25 20:49:08 URL:http://www.nwnet.co.uk/hiz-house/dogz.gif [10635/10635] -> "www.nwnet.co.uk_syko_20130425/hiz-house/dogz.gif" [1]
2013-04-25 20:49:08 URL:http://www.nwnet.co.uk/hiz-house/TFS.jpg [5586/5586] -> "www.nwnet.co.uk_syko_20130425/hiz-house/TFS.jpg" [1]
2013-04-25 20:49:08 URL:http://www.nwnet.co.uk/hiz-house/mcw.jpg [10872/10872] -> "www.nwnet.co.uk_syko_20130425/hiz-house/mcw.jpg" [1]
2013-04-25 20:49:08 URL:http://www.nwnet.co.uk/hiz-house/rjump.jpg [13219/13219] -> "www.nwnet.co.uk_syko_20130425/hiz-house/rjump.jpg" [1]
2013-04-25 20:49:09 URL:http://www.nwnet.co.uk/hiz-house/PERFECT.jpg [9193/9193] -> "www.nwnet.co.uk_syko_20130425/hiz-house/PERFECT.jpg" [1]
2013-04-25 20:49:09 URL:http://www.nwnet.co.uk/hiz-house/watlogo.jpg [19364/19364] -> "www.nwnet.co.uk_syko_20130425/hiz-house/watlogo.jpg" [1]
http://www.nwnet.co.uk/cgi-bin/counter.exe?link=hiz-house30%20&style=B:
2013-04-25 20:49:09 ERROR 403: Forbidden.
http://www.nwnet.co.uk/hiz-house/gilligan.wav:
2013-04-25 20:49:09 ERROR 404: Not Found.
http://www.nwnet.co.uk/cgi-bin/counter.exe?link=hiz-house10&style=A:
2013-04-25 20:49:09 ERROR 403: Forbidden.
2013-04-25 20:49:09 URL:http://www.nwnet.co.uk/hiz-house/hooch1.gif [10725/10725] -> "www.nwnet.co.uk_syko_20130425/hiz-house/hooch1.gif" [1]
2013-04-25 20:49:09 URL:http://www.nwnet.co.uk/hiz-house/mich%20n%20gill.gif [63737/63737] -> "www.nwnet.co.uk_syko_20130425/hiz-house/mich n gill.gif" [1]
2013-04-25 20:49:09 URL:http://www.nwnet.co.uk/hiz-house/boo.gif [28807/28807] -> "www.nwnet.co.uk_syko_20130425/hiz-house/boo.gif" [1]
2013-04-25 20:49:10 URL:http://www.nwnet.co.uk/hiz-house/entrtanr.mid [19094/19094] -> "www.nwnet.co.uk_syko_20130425/hiz-house/entrtanr.mid" [1]
http://www.nwnet.co.uk/cgi-bin/counter.exe?link=hiz-house20&style=A:
2013-04-25 20:49:10 ERROR 403: Forbidden.
http://www.nwnet.co.uk/cgi-bin/counter.exe?link=hiz-house60%20&style=B:
2013-04-25 20:49:10 ERROR 403: Forbidden.
2013-04-25 20:49:10 URL:http://www.nwnet.co.uk/hiz-house/VULC.jpg [32196/32196] -> "www.nwnet.co.uk_syko_20130425/hiz-house/VULC.jpg" [1]
2013-04-25 20:49:10 URL:http://www.nwnet.co.uk/hiz-house/PHANT.jpg [37140/37140] -> "www.nwnet.co.uk_syko_20130425/hiz-house/PHANT.jpg" [1]
2013-04-25 20:49:10 URL:http://www.nwnet.co.uk/hiz-house/METUNIS.jpg [23205/23205] -> "www.nwnet.co.uk_syko_20130425/hiz-house/METUNIS.jpg" [1]
2013-04-25 20:49:10 URL:http://www.nwnet.co.uk/hiz-house/BIF.jpg [28776/28776] -> "www.nwnet.co.uk_syko_20130425/hiz-house/BIF.jpg" [1]
2013-04-25 20:49:10 URL:http://www.nwnet.co.uk/hiz-house/DOGS.jpg [20313/20313] -> "www.nwnet.co.uk_syko_20130425/hiz-house/DOGS.jpg" [1]
http://www.nwnet.co.uk/cgi-bin/counter.exe?link=hiz-house90%20&style=B:
2013-04-25 20:49:10 ERROR 403: Forbidden.
2013-04-25 20:49:10 URL:http://www.nwnet.co.uk/hiz-house/boat2.jpg [14569/14569] -> "www.nwnet.co.uk_syko_20130425/hiz-house/boat2.jpg" [1]
2013-04-25 20:49:10 URL:http://www.nwnet.co.uk/hiz-house/jackh.gif [5497/5497] -> "www.nwnet.co.uk_syko_20130425/hiz-house/jackh.gif" [1]
http://www.nwnet.co.uk/cgi-bin/counter.exe?link=hiz-house40%20&style=B:
2013-04-25 20:49:11 ERROR 403: Forbidden.
2013-04-25 20:49:11 URL:http://www.nwnet.co.uk/wanderer/Bullet7.gif [140/140] -> "www.nwnet.co.uk_syko_20130425/wanderer/Bullet7.gif" [1]
2013-04-25 20:49:11 URL:http://www.nwnet.co.uk/wanderer/next.htm [812/812] -> "www.nwnet.co.uk_syko_20130425/wanderer/next.htm" [1]
http://www.nwnet.co.uk/wanderer/news.htm:
2013-04-25 20:49:11 ERROR 404: Not Found.
2013-04-25 20:49:11 URL:http://www.nwnet.co.uk/wanderer/screens.htm [1897/1897] -> "www.nwnet.co.uk_syko_20130425/wanderer/screens.htm" [1]
http://www.nwnet.co.uk/wanderer/uky.htm:
2013-04-25 20:49:11 ERROR 404: Not Found.
2013-04-25 20:49:11 URL:http://www.nwnet.co.uk/wanderer/Image6.gif [26729/26729] -> "www.nwnet.co.uk_syko_20130425/wanderer/Image6.gif" [1]
2013-04-25 20:49:11 URL:http://www.nwnet.co.uk/wanderer/MICK1.GIF [60067/60067] -> "www.nwnet.co.uk_syko_20130425/wanderer/MICK1.GIF" [1]
2013-04-25 20:49:11 URL:http://www.nwnet.co.uk/wanderer/MICK2.GIF [47497/47497] -> "www.nwnet.co.uk_syko_20130425/wanderer/MICK2.GIF" [1]
2013-04-25 20:49:11 URL:http://www.nwnet.co.uk/wanderer/kazg1.gif [51410/51410] -> "www.nwnet.co.uk_syko_20130425/wanderer/kazg1.gif" [1]
2013-04-25 20:49:11 URL:http://www.nwnet.co.uk/wanderer/Image7.gif [6082/6082] -> "www.nwnet.co.uk_syko_20130425/wanderer/Image7.gif" [1]
2013-04-25 20:49:15 URL:http://www.nwnet.co.uk/wanderer/bbwk12.ZIP [2146278/2146278] -> "www.nwnet.co.uk_syko_20130425/wanderer/bbwk12.ZIP" [1]
2013-04-25 20:49:15 URL:http://www.nwnet.co.uk/slayer/lava.JPG [20939/20939] -> "www.nwnet.co.uk_syko_20130425/slayer/lava.JPG" [1]
2013-04-25 20:49:15 URL:http://www.nwnet.co.uk/slayer/camp.JPG [61983/61983] -> "www.nwnet.co.uk_syko_20130425/slayer/camp.JPG" [1]
2013-04-25 20:49:15 URL:http://www.nwnet.co.uk/slayer/redsea.JPG [88985/88985] -> "www.nwnet.co.uk_syko_20130425/slayer/redsea.JPG" [1]
2013-04-25 20:49:15 URL:http://www.nwnet.co.uk/slayer/pentvalley.JPG [70782/70782] -> "www.nwnet.co.uk_syko_20130425/slayer/pentvalley.JPG" [1]
2013-04-25 20:49:15 URL:http://www.nwnet.co.uk/slayer/fly.JPG [53524/53524] -> "www.nwnet.co.uk_syko_20130425/slayer/fly.JPG" [1]
2013-04-25 20:49:16 URL:http://www.nwnet.co.uk/slayer/quake_dancer.gif [125182/125182] -> "www.nwnet.co.uk_syko_20130425/slayer/quake_dancer.gif" [1]
2013-04-25 20:49:16 URL:http://www.nwnet.co.uk/slayer/quake_and_pamela.jpg [11109/11109] -> "www.nwnet.co.uk_syko_20130425/slayer/quake_and_pamela.jpg" [1]
2013-04-25 20:49:16 URL:http://www.nwnet.co.uk/slayer/quake_fragme.JPG [4677/4677] -> "www.nwnet.co.uk_syko_20130425/slayer/quake_fragme.JPG" [1]
2013-04-25 20:49:16 URL:http://www.nwnet.co.uk/slayer/skydiver.gif [4833/4833] -> "www.nwnet.co.uk_syko_20130425/slayer/skydiver.gif" [1]
2013-04-25 20:49:16 URL:http://www.nwnet.co.uk/slayer/sykdive_aarrgghh.JPG [17205/17205] -> "www.nwnet.co.uk_syko_20130425/slayer/sykdive_aarrgghh.JPG" [1]
2013-04-25 20:49:18 URL:http://www.nwnet.co.uk/slayer/lan%20demo.zip [958150/958150] -> "www.nwnet.co.uk_syko_20130425/slayer/lan demo.zip" [1]
2013-04-25 20:49:18 URL:http://www.nwnet.co.uk/slayer/quake_wallpapers.zip [198509/198509] -> "www.nwnet.co.uk_syko_20130425/slayer/quake_wallpapers.zip" [1]
2013-04-25 20:49:18 URL:http://www.nwnet.co.uk/slayer/config.cfg [3043/3043] -> "www.nwnet.co.uk_syko_20130425/slayer/config.cfg" [1]
2013-04-25 20:49:18 URL:http://www.nwnet.co.uk/slayer/dm7.zip [269466/269466] -> "www.nwnet.co.uk_syko_20130425/slayer/dm7.zip" [1]
2013-04-25 20:49:20 URL:http://www.nwnet.co.uk/slayer/scary.zip [779408/779408] -> "www.nwnet.co.uk_syko_20130425/slayer/scary.zip" [1]
2013-04-25 20:49:20 URL:http://www.nwnet.co.uk/slayer/slayerdm3.JPG [22400/22400] -> "www.nwnet.co.uk_syko_20130425/slayer/slayerdm3.JPG" [1]
2013-04-25 20:49:20 URL:http://www.nwnet.co.uk/slayer/slayerdm6.JPG [18669/18669] -> "www.nwnet.co.uk_syko_20130425/slayer/slayerdm6.JPG" [1]
2013-04-25 20:49:20 URL:http://www.nwnet.co.uk/slayer/svssd.JPG [7538/7538] -> "www.nwnet.co.uk_syko_20130425/slayer/svssd.JPG" [1]
2013-04-25 20:49:20 URL:http://www.nwnet.co.uk/slayer/qwdm2.JPG [11007/11007] -> "www.nwnet.co.uk_syko_20130425/slayer/qwdm2.JPG" [1]
2013-04-25 20:49:20 URL:http://www.nwnet.co.uk/slayer/qwctf.JPG [22784/22784] -> "www.nwnet.co.uk_syko_20130425/slayer/qwctf.JPG" [1]
2013-04-25 20:49:20 URL:http://www.nwnet.co.uk/slayer/dm6-reaper_lan.JPG [25489/25489] -> "www.nwnet.co.uk_syko_20130425/slayer/dm6-reaper_lan.JPG" [1]
2013-04-25 20:49:21 URL:http://www.nwnet.co.uk/slayer/e3m4.JPG [49070/49070] -> "www.nwnet.co.uk_syko_20130425/slayer/e3m4.JPG" [1]
2013-04-25 20:49:21 URL:http://www.nwnet.co.uk/slayer/team_match.JPG [51826/51826] -> "www.nwnet.co.uk_syko_20130425/slayer/team_match.JPG" [1]
2013-04-25 20:49:21 URL:http://www.nwnet.co.uk/slayer/boyz.jpg [86318/86318] -> "www.nwnet.co.uk_syko_20130425/slayer/boyz.jpg" [1]
http://www.nwnet.co.uk/cgi-bin/counter.exe?link=grolsch16&style=A:
2013-04-25 20:49:21 ERROR 403: Forbidden.
2013-04-25 20:49:21 URL:http://www.nwnet.co.uk/clayton/tex6.jpg [4385/4385] -> "www.nwnet.co.uk_syko_20130425/clayton/tex6.jpg" [1]
2013-04-25 20:49:21 URL:http://www.nwnet.co.uk/clayton/brooko.jpg [6813/6813] -> "www.nwnet.co.uk_syko_20130425/clayton/brooko.jpg" [1]
2013-04-25 20:49:21 URL:http://www.nwnet.co.uk/clayton/meterer.gif [3891/3891] -> "www.nwnet.co.uk_syko_20130425/clayton/meterer.gif" [1]
2013-04-25 20:49:21 URL:http://www.nwnet.co.uk/clayton/carch03.gif [21721/21721] -> "www.nwnet.co.uk_syko_20130425/clayton/carch03.gif" [1]
2013-04-25 20:49:21 URL:http://www.nwnet.co.uk/hiz-house/BB_MARK.gif [15046/15046] -> "www.nwnet.co.uk_syko_20130425/hiz-house/BB_MARK.gif" [1]
2013-04-25 20:49:22 URL:http://www.nwnet.co.uk/hiz-house/POT.gif [16040/16040] -> "www.nwnet.co.uk_syko_20130425/hiz-house/POT.gif" [1]
2013-04-25 20:49:22 URL:http://www.nwnet.co.uk/hiz-house/ALB.gif [15555/15555] -> "www.nwnet.co.uk_syko_20130425/hiz-house/ALB.gif" [1]
2013-04-25 20:49:22 URL:http://www.nwnet.co.uk/hiz-house/BB_NICE.gif [15892/15892] -> "www.nwnet.co.uk_syko_20130425/hiz-house/BB_NICE.gif" [1]
2013-04-25 20:49:22 URL:http://www.nwnet.co.uk/hiz-house/SPMAN.gif [15115/15115] -> "www.nwnet.co.uk_syko_20130425/hiz-house/SPMAN.gif" [1]
2013-04-25 20:49:22 URL:http://www.nwnet.co.uk/hiz-house/TROT.gif [16181/16181] -> "www.nwnet.co.uk_syko_20130425/hiz-house/TROT.gif" [1]
2013-04-25 20:49:22 URL:http://www.nwnet.co.uk/hiz-house/SHERPA.gif [15173/15173] -> "www.nwnet.co.uk_syko_20130425/hiz-house/SHERPA.gif" [1]
2013-04-25 20:49:22 URL:http://www.nwnet.co.uk/hiz-house/FTED.gif [15027/15027] -> "www.nwnet.co.uk_syko_20130425/hiz-house/FTED.gif" [1]
2013-04-25 20:49:22 URL:http://www.nwnet.co.uk/hiz-house/CORN.gif [15006/15006] -> "www.nwnet.co.uk_syko_20130425/hiz-house/CORN.gif" [1]
2013-04-25 20:49:22 URL:http://www.nwnet.co.uk/wanderer/bb-aa1.gif [30879/30879] -> "www.nwnet.co.uk_syko_20130425/wanderer/bb-aa1.gif" [1]
2013-04-25 20:49:22 URL:http://www.nwnet.co.uk/wanderer/bbdm2.gif [21980/21980] -> "www.nwnet.co.uk_syko_20130425/wanderer/bbdm2.gif" [1]
2013-04-25 20:49:22 URL:http://www.nwnet.co.uk/wanderer/bbdm6.gif [25102/25102] -> "www.nwnet.co.uk_syko_20130425/wanderer/bbdm6.gif" [1]
2013-04-25 20:49:23 URL:http://www.nwnet.co.uk/wanderer/bbukcldm2.gif [42724/42724] -> "www.nwnet.co.uk_syko_20130425/wanderer/bbukcldm2.gif" [1]
2013-04-25 20:49:23 URL:http://www.nwnet.co.uk/wanderer/bbukcldm2a.gif [29506/29506] -> "www.nwnet.co.uk_syko_20130425/wanderer/bbukcldm2a.gif" [1]
2013-04-25 20:49:23 URL:http://www.nwnet.co.uk/wanderer/bbtfs.gif [34942/34942] -> "www.nwnet.co.uk_syko_20130425/wanderer/bbtfs.gif" [1]
2013-04-25 20:49:23 URL:http://www.nwnet.co.uk/wanderer/kazlpb.gif [29544/29544] -> "www.nwnet.co.uk_syko_20130425/wanderer/kazlpb.gif" [1]
2013-04-25 20:49:23 URL:http://www.nwnet.co.uk/wanderer/jasonnotso.gif [30992/30992] -> "www.nwnet.co.uk_syko_20130425/wanderer/jasonnotso.gif" [1]
2013-04-25 20:49:23 URL:http://www.nwnet.co.uk/wanderer/thdm6.gif [37178/37178] -> "www.nwnet.co.uk_syko_20130425/wanderer/thdm6.gif" [1]
2013-04-25 20:49:23 URL:http://www.nwnet.co.uk/wanderer/slayer.gif [17374/17374] -> "www.nwnet.co.uk_syko_20130425/wanderer/slayer.gif" [1]
FINISHED --2013-04-25 20:49:23--
Total wall clock time: 1m 29s
Downloaded: 604 files, 21M in 34s (619 KB/s)
