2013-05-22 19:44:58 URL:http://www.f1d.com/clients/ten/quake/ [183/183] -> "www.f1d.com_clients_ten_quake_20130522/clients/ten/quake/index.html" [1]
2013-05-22 19:44:59 URL:http://www.f1d.com/clients/ten/quake/qmain.htm [27211/27211] -> "www.f1d.com_clients_ten_quake_20130522/clients/ten/quake/qmain.htm" [1]
2013-05-22 19:44:59 URL:http://www.f1d.com/clients/ten/images/bk2.jpg [6305/6305] -> "www.f1d.com_clients_ten_quake_20130522/clients/ten/images/bk2.jpg" [1]
2013-05-22 19:44:59 URL:http://www.f1d.com/clients/ten/images/topslice.gif [3142/3142] -> "www.f1d.com_clients_ten_quake_20130522/clients/ten/images/topslice.gif" [1]
2013-05-22 19:44:59 URL:http://www.f1d.com/clients/ten/quake/talkfram.htm [174/174] -> "www.f1d.com_clients_ten_quake_20130522/clients/ten/quake/talkfram.htm" [1]
2013-05-22 19:44:59 URL:http://www.f1d.com/clients/ten/quake/strategy/ [179/179] -> "www.f1d.com_clients_ten_quake_20130522/clients/ten/quake/strategy/index.html" [1]
2013-05-22 19:45:00 URL:http://www.f1d.com/clients/ten/quake/linkfram.htm [175/175] -> "www.f1d.com_clients_ten_quake_20130522/clients/ten/quake/linkfram.htm" [1]
2013-05-22 19:45:00 URL:http://www.f1d.com/clients/ten/quake/filefram.htm [176/176] -> "www.f1d.com_clients_ten_quake_20130522/clients/ten/quake/filefram.htm" [1]
2013-05-22 19:45:00 URL:http://www.f1d.com/clients/ten/quake/rankfram.htm [175/175] -> "www.f1d.com_clients_ten_quake_20130522/clients/ten/quake/rankfram.htm" [1]
2013-05-22 19:45:00 URL:http://www.f1d.com/clients/ten/quake/welcome.htm [181/181] -> "www.f1d.com_clients_ten_quake_20130522/clients/ten/quake/welcome.htm" [1]
2013-05-22 19:45:00 URL:http://www.f1d.com/clients/ten/images/newsbar1.jpg [7932/7932] -> "www.f1d.com_clients_ten_quake_20130522/clients/ten/images/newsbar1.jpg" [1]
2013-05-22 19:45:01 URL:http://www.f1d.com/clients/ten/quake/images/quake.gif [9485/9485] -> "www.f1d.com_clients_ten_quake_20130522/clients/ten/quake/images/quake.gif" [1]
2013-05-22 19:45:01 URL:http://www.f1d.com/clients/ten/images/dsptop2.gif [6263/6263] -> "www.f1d.com_clients_ten_quake_20130522/clients/ten/images/dsptop2.gif" [1]
2013-05-22 19:45:01 URL:http://www.f1d.com/clients/ten/quake/images/qspin1.gif [2505/2505] -> "www.f1d.com_clients_ten_quake_20130522/clients/ten/quake/images/qspin1.gif" [1]
2013-05-22 19:45:01 URL:http://www.f1d.com/clients/ten/quake/rulesframe.htm [189/189] -> "www.f1d.com_clients_ten_quake_20130522/clients/ten/quake/rulesframe.htm" [1]
2013-05-22 19:45:01 URL:http://www.f1d.com/clients/ten/quake/reshomeframe.htm [189/189] -> "www.f1d.com_clients_ten_quake_20130522/clients/ten/quake/reshomeframe.htm" [1]
2013-05-22 19:45:02 URL:http://www.f1d.com/clients/ten/quake/mapsframe.htm [168/168] -> "www.f1d.com_clients_ten_quake_20130522/clients/ten/quake/mapsframe.htm" [1]
2013-05-22 19:45:02 URL:http://www.f1d.com/clients/ten/quake/modsframe.htm [182/182] -> "www.f1d.com_clients_ten_quake_20130522/clients/ten/quake/modsframe.htm" [1]
2013-05-22 19:45:02 URL:http://www.f1d.com/clients/ten/quake/images/qhot1a.gif [7789/7789] -> "www.f1d.com_clients_ten_quake_20130522/clients/ten/quake/images/qhot1a.gif" [1]
2013-05-22 19:45:02 URL:http://www.f1d.com/clients/ten/quake/images/mapbut.gif [3699/3699] -> "www.f1d.com_clients_ten_quake_20130522/clients/ten/quake/images/mapbut.gif" [1]
2013-05-22 19:45:03 URL:http://www.f1d.com/clients/ten/quake/mods2.htm [101926/101926] -> "www.f1d.com_clients_ten_quake_20130522/clients/ten/quake/mods2.htm" [1]
2013-05-22 19:45:03 URL:http://www.f1d.com/clients/ten/quake/images/quakefem.jpg [9760/9760] -> "www.f1d.com_clients_ten_quake_20130522/clients/ten/quake/images/quakefem.jpg" [1]
2013-05-22 19:45:03 URL:http://www.f1d.com/clients/ten/quake/mods.htm [37771/37771] -> "www.f1d.com_clients_ten_quake_20130522/clients/ten/quake/mods.htm" [1]
http://www.f1d.com/clients/ten/quake/madkorn2.zip:
2013-05-22 19:45:03 ERROR 404: Not Found.
2013-05-22 19:45:04 URL:http://www.f1d.com/clients/ten/quake/king.htm [23059/23059] -> "www.f1d.com_clients_ten_quake_20130522/clients/ten/quake/king.htm" [1]
2013-05-22 19:45:04 URL:http://www.f1d.com/clients/ten/quake/strategy/medifram.htm [189/189] -> "www.f1d.com_clients_ten_quake_20130522/clients/ten/quake/strategy/medifram.htm" [1]
2013-05-22 19:45:04 URL:http://www.f1d.com/clients/ten/quake/images/quakelogo.gif [2680/2680] -> "www.f1d.com_clients_ten_quake_20130522/clients/ten/quake/images/quakelogo.gif" [1]
2013-05-22 19:45:04 URL:http://www.f1d.com/clients/ten/images/tenlogxsb.gif [3498/3498] -> "www.f1d.com_clients_ten_quake_20130522/clients/ten/images/tenlogxsb.gif" [1]
2013-05-22 19:45:05 URL:http://www.f1d.com/clients/ten/quake/talk.htm [4325/4325] -> "www.f1d.com_clients_ten_quake_20130522/clients/ten/quake/talk.htm" [1]
2013-05-22 19:45:05 URL:http://www.f1d.com/clients/ten/quake/strategy/strat.htm [2694/2694] -> "www.f1d.com_clients_ten_quake_20130522/clients/ten/quake/strategy/strat.htm" [1]
2013-05-22 19:45:05 URL:http://www.f1d.com/clients/ten/quake/link.htm [8624/8624] -> "www.f1d.com_clients_ten_quake_20130522/clients/ten/quake/link.htm" [1]
2013-05-22 19:45:06 URL:http://www.f1d.com/clients/ten/quake/files.htm [10627/10627] -> "www.f1d.com_clients_ten_quake_20130522/clients/ten/quake/files.htm" [1]
2013-05-22 19:45:06 URL:http://www.f1d.com/clients/ten/quake/rank.htm [10670/10670] -> "www.f1d.com_clients_ten_quake_20130522/clients/ten/quake/rank.htm" [1]
2013-05-22 19:45:06 URL:http://www.f1d.com/clients/ten/quake/rules.htm [7407/7407] -> "www.f1d.com_clients_ten_quake_20130522/clients/ten/quake/rules.htm" [1]
2013-05-22 19:45:06 URL:http://www.f1d.com/clients/ten/quake/reshome.htm [51739/51739] -> "www.f1d.com_clients_ten_quake_20130522/clients/ten/quake/reshome.htm" [1]
2013-05-22 19:45:06 URL:http://www.f1d.com/clients/ten/quake/maps.htm [19340/19340] -> "www.f1d.com_clients_ten_quake_20130522/clients/ten/quake/maps.htm" [1]
2013-05-22 19:45:07 URL:http://www.f1d.com/clients/ten/quake/images/back.gif [1344/1344] -> "www.f1d.com_clients_ten_quake_20130522/clients/ten/quake/images/back.gif" [1]
2013-05-22 19:45:07 URL:http://www.f1d.com/clients/ten/quake/images/satanbut.gif [1332/1332] -> "www.f1d.com_clients_ten_quake_20130522/clients/ten/quake/images/satanbut.gif" [1]
2013-05-22 19:45:07 URL:http://www.f1d.com/clients/ten/quake/bindframe.htm [185/185] -> "www.f1d.com_clients_ten_quake_20130522/clients/ten/quake/bindframe.htm" [1]
http://www.f1d.com/clients/ten/quake/pklayout.gif:
2013-05-22 19:45:07 ERROR 404: Not Found.
http://www.f1d.com/clients/ten/quake/strength.gif:
2013-05-22 19:45:07 ERROR 404: Not Found.
http://www.f1d.com/clients/ten/quake/earth.gif:
2013-05-22 19:45:07 ERROR 404: Not Found.
http://www.f1d.com/clients/ten/quake/elder.gif:
2013-05-22 19:45:08 ERROR 404: Not Found.
http://www.f1d.com/clients/ten/quake/haste.gif:
2013-05-22 19:45:08 ERROR 404: Not Found.
http://www.f1d.com/clients/ten/quake/tf4.jpg:
2013-05-22 19:45:08 ERROR 404: Not Found.
http://www.f1d.com/clients/ten/quake/scout.jpg:
2013-05-22 19:45:08 ERROR 404: Not Found.
http://www.f1d.com/clients/ten/quake/snipe.jpg:
2013-05-22 19:45:08 ERROR 404: Not Found.
http://www.f1d.com/clients/ten/quake/sol.jpg:
2013-05-22 19:45:09 ERROR 404: Not Found.
http://www.f1d.com/clients/ten/quake/demo.jpg:
2013-05-22 19:45:09 ERROR 404: Not Found.
http://www.f1d.com/clients/ten/quake/medic.jpg:
2013-05-22 19:45:09 ERROR 404: Not Found.
http://www.f1d.com/clients/ten/quake/hwg.jpg:
2013-05-22 19:45:09 ERROR 404: Not Found.
http://www.f1d.com/clients/ten/quake/pyro.jpg:
2013-05-22 19:45:09 ERROR 404: Not Found.
2013-05-22 19:45:10 URL:http://www.f1d.com/clients/ten/quake/images/war3.jpg [7756/7756] -> "www.f1d.com_clients_ten_quake_20130522/clients/ten/quake/images/war3.jpg" [1]
2013-05-22 19:45:10 URL:http://www.f1d.com/clients/ten/quake/qp2frame.htm [180/180] -> "www.f1d.com_clients_ten_quake_20130522/clients/ten/quake/qp2frame.htm" [1]
2013-05-22 19:45:10 URL:http://www.f1d.com/clients/ten/quake/cmdsframe.htm [177/177] -> "www.f1d.com_clients_ten_quake_20130522/clients/ten/quake/cmdsframe.htm" [1]
2013-05-22 19:45:10 URL:http://www.f1d.com/clients/ten/quake/images/sbomb.jpg [5955/5955] -> "www.f1d.com_clients_ten_quake_20130522/clients/ten/quake/images/sbomb.jpg" [1]
http://www.f1d.com/clients/ten/quake/cap.jpg:
2013-05-22 19:45:10 ERROR 404: Not Found.
http://www.f1d.com/clients/ten/quake/cujo.jpg:
2013-05-22 19:45:11 ERROR 404: Not Found.
2013-05-22 19:45:11 URL:http://www.f1d.com/clients/ten/quake/images/dog.jpg [5775/5775] -> "www.f1d.com_clients_ten_quake_20130522/clients/ten/quake/images/dog.jpg" [1]
2013-05-22 19:45:11 URL:http://www.f1d.com/clients/ten/quake/images/flame.jpg [5695/5695] -> "www.f1d.com_clients_ten_quake_20130522/clients/ten/quake/images/flame.jpg" [1]
2013-05-22 19:45:11 URL:http://www.f1d.com/clients/ten/quake/images/gibgun.jpg [5384/5384] -> "www.f1d.com_clients_ten_quake_20130522/clients/ten/quake/images/gibgun.jpg" [1]
2013-05-22 19:45:11 URL:http://www.f1d.com/clients/ten/quake/images/grap.jpg [6793/6793] -> "www.f1d.com_clients_ten_quake_20130522/clients/ten/quake/images/grap.jpg" [1]
2013-05-22 19:45:12 URL:http://www.f1d.com/clients/ten/quake/images/guidemis.jpg [5939/5939] -> "www.f1d.com_clients_ten_quake_20130522/clients/ten/quake/images/guidemis.jpg" [1]
2013-05-22 19:45:12 URL:http://www.f1d.com/clients/ten/quake/qwhomeframe.htm [187/187] -> "www.f1d.com_clients_ten_quake_20130522/clients/ten/quake/qwhomeframe.htm" [1]
2013-05-22 19:45:12 URL:http://www.f1d.com/clients/ten/quake/images/qw3.gif [14741/14741] -> "www.f1d.com_clients_ten_quake_20130522/clients/ten/quake/images/qw3.gif" [1]
2013-05-22 19:45:12 URL:http://www.f1d.com/clients/ten/quake/images/pent3.gif [6243/6243] -> "www.f1d.com_clients_ten_quake_20130522/clients/ten/quake/images/pent3.gif" [1]
2013-05-22 19:45:12 URL:http://www.f1d.com/clients/ten/quake/strategy/meditate.htm [32136/32136] -> "www.f1d.com_clients_ten_quake_20130522/clients/ten/quake/strategy/meditate.htm" [1]
2013-05-22 19:45:13 URL:http://www.f1d.com/clients/ten/images/talkbar1.jpg [7972/7972] -> "www.f1d.com_clients_ten_quake_20130522/clients/ten/images/talkbar1.jpg" [1]
2013-05-22 19:45:13 URL:http://www.f1d.com/clients/ten/quake/images/quake_1_8.gif [8772/8772] -> "www.f1d.com_clients_ten_quake_20130522/clients/ten/quake/images/quake_1_8.gif" [1]
2013-05-22 19:45:13 URL:http://www.f1d.com/clients/ten/quake/images/quaker4.gif [10136/10136] -> "www.f1d.com_clients_ten_quake_20130522/clients/ten/quake/images/quaker4.gif" [1]
2013-05-22 19:45:13 URL:http://www.f1d.com/clients/ten/images/tbar5.jpg [1580/1580] -> "www.f1d.com_clients_ten_quake_20130522/clients/ten/images/tbar5.jpg" [1]
2013-05-22 19:45:13 URL:http://www.f1d.com/clients/ten/quake/images/qtlkhd.gif [5583/5583] -> "www.f1d.com_clients_ten_quake_20130522/clients/ten/quake/images/qtlkhd.gif" [1]
2013-05-22 19:45:14 URL:http://www.f1d.com/clients/ten/images/clear.gif [333/333] -> "www.f1d.com_clients_ten_quake_20130522/clients/ten/images/clear.gif" [1]
2013-05-22 19:45:14 URL:http://www.f1d.com/clients/ten/quake/images/p&q.gif [16252/16252] -> "www.f1d.com_clients_ten_quake_20130522/clients/ten/quake/images/p&q.gif" [1]
2013-05-22 19:45:14 URL:http://www.f1d.com/clients/ten/quake/images/qtlksub1.gif [1220/1220] -> "www.f1d.com_clients_ten_quake_20130522/clients/ten/quake/images/qtlksub1.gif" [1]
2013-05-22 19:45:14 URL:http://www.f1d.com/clients/ten/quake/images/qtlksub2.gif [1801/1801] -> "www.f1d.com_clients_ten_quake_20130522/clients/ten/quake/images/qtlksub2.gif" [1]
2013-05-22 19:45:14 URL:http://www.f1d.com/clients/ten/quake/images/qtlksub3.gif [1159/1159] -> "www.f1d.com_clients_ten_quake_20130522/clients/ten/quake/images/qtlksub3.gif" [1]
2013-05-22 19:45:15 URL:http://www.f1d.com/clients/ten/quake/images/qtlksub4.gif [518/518] -> "www.f1d.com_clients_ten_quake_20130522/clients/ten/quake/images/qtlksub4.gif" [1]
2013-05-22 19:45:15 URL:http://www.f1d.com/clients/ten/quake/images/qdocbk.gif [6934/6934] -> "www.f1d.com_clients_ten_quake_20130522/clients/ten/quake/images/qdocbk.gif" [1]
2013-05-22 19:45:15 URL:http://www.f1d.com/clients/ten/images/docsbar1.gif [9395/9395] -> "www.f1d.com_clients_ten_quake_20130522/clients/ten/images/docsbar1.gif" [1]
2013-05-22 19:45:15 URL:http://www.f1d.com/clients/ten/quake/images/qdocshd.gif [7545/7545] -> "www.f1d.com_clients_ten_quake_20130522/clients/ten/quake/images/qdocshd.gif" [1]
2013-05-22 19:45:15 URL:http://www.f1d.com/clients/ten/quake/strategy/prepfram.htm [175/175] -> "www.f1d.com_clients_ten_quake_20130522/clients/ten/quake/strategy/prepfram.htm" [1]
2013-05-22 19:45:16 URL:http://www.f1d.com/clients/ten/quake/strategy/cantfram.htm [176/176] -> "www.f1d.com_clients_ten_quake_20130522/clients/ten/quake/strategy/cantfram.htm" [1]
2013-05-22 19:45:16 URL:http://www.f1d.com/clients/ten/quake/qfaqfram.html [192/192] -> "www.f1d.com_clients_ten_quake_20130522/clients/ten/quake/qfaqfram.html" [1]
2013-05-22 19:45:16 URL:http://www.f1d.com/clients/ten/images/linkbar1.jpg [7939/7939] -> "www.f1d.com_clients_ten_quake_20130522/clients/ten/images/linkbar1.jpg" [1]
2013-05-22 19:45:16 URL:http://www.f1d.com/clients/ten/quake/images/quake_3_8.gif [8654/8654] -> "www.f1d.com_clients_ten_quake_20130522/clients/ten/quake/images/quake_3_8.gif" [1]
2013-05-22 19:45:17 URL:http://www.f1d.com/clients/ten/quake/images/qlnkhd.gif [4196/4196] -> "www.f1d.com_clients_ten_quake_20130522/clients/ten/quake/images/qlnkhd.gif" [1]
2013-05-22 19:45:17 URL:http://www.f1d.com/clients/ten/quake/images/qrunanim.gif [34908/34908] -> "www.f1d.com_clients_ten_quake_20130522/clients/ten/quake/images/qrunanim.gif" [1]
2013-05-22 19:45:17 URL:http://www.f1d.com/clients/ten/quake/images/newhead.gif [4272/4272] -> "www.f1d.com_clients_ten_quake_20130522/clients/ten/quake/images/newhead.gif" [1]
2013-05-22 19:45:17 URL:http://www.f1d.com/clients/ten/images/filebar1.jpg [7926/7926] -> "www.f1d.com_clients_ten_quake_20130522/clients/ten/images/filebar1.jpg" [1]
2013-05-22 19:45:17 URL:http://www.f1d.com/clients/ten/quake/images/quake_4_8.gif [8669/8669] -> "www.f1d.com_clients_ten_quake_20130522/clients/ten/quake/images/quake_4_8.gif" [1]
2013-05-22 19:45:18 URL:http://www.f1d.com/clients/ten/quake/images/qfilehd.gif [8121/8121] -> "www.f1d.com_clients_ten_quake_20130522/clients/ten/quake/images/qfilehd.gif" [1]
2013-05-22 19:45:18 URL:http://www.f1d.com/clients/ten/quake/images/qgrunt.gif [21218/21218] -> "www.f1d.com_clients_ten_quake_20130522/clients/ten/quake/images/qgrunt.gif" [1]
2013-05-22 19:45:18 URL:http://www.f1d.com/clients/ten/quake/images/qfilesub1.gif [701/701] -> "www.f1d.com_clients_ten_quake_20130522/clients/ten/quake/images/qfilesub1.gif" [1]
2013-05-22 19:45:18 URL:http://www.f1d.com/clients/ten/quake/images/qfilesub2.gif [696/696] -> "www.f1d.com_clients_ten_quake_20130522/clients/ten/quake/images/qfilesub2.gif" [1]
2013-05-22 19:45:18 URL:http://www.f1d.com/clients/ten/quake/images/qfilesub3.gif [1159/1159] -> "www.f1d.com_clients_ten_quake_20130522/clients/ten/quake/images/qfilesub3.gif" [1]
2013-05-22 19:45:19 URL:http://www.f1d.com/clients/ten/quake/images/qfilesub4.gif [621/621] -> "www.f1d.com_clients_ten_quake_20130522/clients/ten/quake/images/qfilesub4.gif" [1]
2013-05-22 19:45:19 URL:http://www.f1d.com/clients/ten/images/rankbar1.jpg [7929/7929] -> "www.f1d.com_clients_ten_quake_20130522/clients/ten/images/rankbar1.jpg" [1]
2013-05-22 19:45:19 URL:http://www.f1d.com/clients/ten/quake/images/quake_5_8.gif [8685/8685] -> "www.f1d.com_clients_ten_quake_20130522/clients/ten/quake/images/quake_5_8.gif" [1]
2013-05-22 19:45:19 URL:http://www.f1d.com/clients/ten/quake/images/qrnkhd.gif [5366/5366] -> "www.f1d.com_clients_ten_quake_20130522/clients/ten/quake/images/qrnkhd.gif" [1]
2013-05-22 19:45:20 URL:http://www.f1d.com/clients/ten/quake/images/gang.gif [9943/9943] -> "www.f1d.com_clients_ten_quake_20130522/clients/ten/quake/images/gang.gif" [1]
2013-05-22 19:45:20 URL:http://www.f1d.com/clients/ten/quake/images/sglplyr.jpg [31006/31006] -> "www.f1d.com_clients_ten_quake_20130522/clients/ten/quake/images/sglplyr.jpg" [1]
2013-05-22 19:45:20 URL:http://www.f1d.com/clients/ten/quake/images/group.jpg [25540/25540] -> "www.f1d.com_clients_ten_quake_20130522/clients/ten/quake/images/group.jpg" [1]
2013-05-22 19:45:20 URL:http://www.f1d.com/clients/ten/quake/images/tourn4.gif [4472/4472] -> "www.f1d.com_clients_ten_quake_20130522/clients/ten/quake/images/tourn4.gif" [1]
2013-05-22 19:45:21 URL:http://www.f1d.com/clients/ten/quake/images/tourn3.gif [5018/5018] -> "www.f1d.com_clients_ten_quake_20130522/clients/ten/quake/images/tourn3.gif" [1]
2013-05-22 19:45:21 URL:http://www.f1d.com/clients/ten/quake/images/tourn5.gif [4939/4939] -> "www.f1d.com_clients_ten_quake_20130522/clients/ten/quake/images/tourn5.gif" [1]
2013-05-22 19:45:21 URL:http://www.f1d.com/clients/ten/quake/images/qmrb3.gif [5274/5274] -> "www.f1d.com_clients_ten_quake_20130522/clients/ten/quake/images/qmrb3.gif" [1]
2013-05-22 19:45:21 URL:http://www.f1d.com/clients/ten/quake/qwhome.htm [3260/3260] -> "www.f1d.com_clients_ten_quake_20130522/clients/ten/quake/qwhome.htm" [1]
2013-05-22 19:45:21 URL:http://www.f1d.com/clients/ten/quake/pastqwframe.htm [181/181] -> "www.f1d.com_clients_ten_quake_20130522/clients/ten/quake/pastqwframe.htm" [1]
2013-05-22 19:45:22 URL:http://www.f1d.com/clients/ten/quake/abresfrm1106.htm [197/197] -> "www.f1d.com_clients_ten_quake_20130522/clients/ten/quake/abresfrm1106.htm" [1]
2013-05-22 19:45:22 URL:http://www.f1d.com/clients/ten/quake/valrsfrm1106.htm [201/201] -> "www.f1d.com_clients_ten_quake_20130522/clients/ten/quake/valrsfrm1106.htm" [1]
2013-05-22 19:45:22 URL:http://www.f1d.com/clients/ten/quake/panrsfrm1106.htm [204/204] -> "www.f1d.com_clients_ten_quake_20130522/clients/ten/quake/panrsfrm1106.htm" [1]
2013-05-22 19:45:22 URL:http://www.f1d.com/clients/ten/quake/abresfrm1030.htm [197/197] -> "www.f1d.com_clients_ten_quake_20130522/clients/ten/quake/abresfrm1030.htm" [1]
2013-05-22 19:45:22 URL:http://www.f1d.com/clients/ten/quake/valrsfrm1030.htm [204/204] -> "www.f1d.com_clients_ten_quake_20130522/clients/ten/quake/valrsfrm1030.htm" [1]
2013-05-22 19:45:23 URL:http://www.f1d.com/clients/ten/quake/panrsfrm1030.htm [204/204] -> "www.f1d.com_clients_ten_quake_20130522/clients/ten/quake/panrsfrm1030.htm" [1]
2013-05-22 19:45:23 URL:http://www.f1d.com/clients/ten/quake/images/f1.jpg [18902/18902] -> "www.f1d.com_clients_ten_quake_20130522/clients/ten/quake/images/f1.jpg" [1]
2013-05-22 19:45:23 URL:http://www.f1d.com/clients/ten/quake/images/f6.jpg [7944/7944] -> "www.f1d.com_clients_ten_quake_20130522/clients/ten/quake/images/f6.jpg" [1]
http://www.f1d.com/clients/ten/quake/giggler@tiac.net:
2013-05-22 19:45:23 ERROR 404: Not Found.
2013-05-22 19:45:24 URL:http://www.f1d.com/clients/ten/quake/images/giggler3.jpg [4197/4197] -> "www.f1d.com_clients_ten_quake_20130522/clients/ten/quake/images/giggler3.jpg" [1]
2013-05-22 19:45:24 URL:http://www.f1d.com/clients/ten/quake/bind.htm [3347/3347] -> "www.f1d.com_clients_ten_quake_20130522/clients/ten/quake/bind.htm" [1]
2013-05-22 19:45:24 URL:http://www.f1d.com/clients/ten/quake/qp2.htm [2469/2469] -> "www.f1d.com_clients_ten_quake_20130522/clients/ten/quake/qp2.htm" [1]
2013-05-22 19:45:24 URL:http://www.f1d.com/clients/ten/quake/cmds.htm [6694/6694] -> "www.f1d.com_clients_ten_quake_20130522/clients/ten/quake/cmds.htm" [1]
2013-05-22 19:45:24 URL:http://www.f1d.com/clients/ten/quake/images/qdocsbkin.gif [4305/4305] -> "www.f1d.com_clients_ten_quake_20130522/clients/ten/quake/images/qdocsbkin.gif" [1]
2013-05-22 19:45:25 URL:http://www.f1d.com/clients/ten/quake/strategy/prep.htm [5407/5407] -> "www.f1d.com_clients_ten_quake_20130522/clients/ten/quake/strategy/prep.htm" [1]
2013-05-22 19:45:25 URL:http://www.f1d.com/clients/ten/quake/strategy/canticle.htm [1663/1663] -> "www.f1d.com_clients_ten_quake_20130522/clients/ten/quake/strategy/canticle.htm" [1]
2013-05-22 19:45:25 URL:http://www.f1d.com/clients/ten/quake/qfaq2.html [7832/7832] -> "www.f1d.com_clients_ten_quake_20130522/clients/ten/quake/qfaq2.html" [1]
2013-05-22 19:45:25 URL:http://www.f1d.com/clients/ten/quake/kingframe.htm [185/185] -> "www.f1d.com_clients_ten_quake_20130522/clients/ten/quake/kingframe.htm" [1]
2013-05-22 19:45:26 URL:http://www.f1d.com/clients/ten/quake/pastqw.htm [42667/42667] -> "www.f1d.com_clients_ten_quake_20130522/clients/ten/quake/pastqw.htm" [1]
2013-05-22 19:45:26 URL:http://www.f1d.com/clients/ten/quake/abres1106.htm [7038/7038] -> "www.f1d.com_clients_ten_quake_20130522/clients/ten/quake/abres1106.htm" [1]
2013-05-22 19:45:26 URL:http://www.f1d.com/clients/ten/quake/valres1106.htm [7081/7081] -> "www.f1d.com_clients_ten_quake_20130522/clients/ten/quake/valres1106.htm" [1]
2013-05-22 19:45:26 URL:http://www.f1d.com/clients/ten/quake/panres1106.htm [6845/6845] -> "www.f1d.com_clients_ten_quake_20130522/clients/ten/quake/panres1106.htm" [1]
2013-05-22 19:45:26 URL:http://www.f1d.com/clients/ten/quake/abres1030.htm [7062/7062] -> "www.f1d.com_clients_ten_quake_20130522/clients/ten/quake/abres1030.htm" [1]
2013-05-22 19:45:27 URL:http://www.f1d.com/clients/ten/quake/valres1030.htm [6591/6591] -> "www.f1d.com_clients_ten_quake_20130522/clients/ten/quake/valres1030.htm" [1]
2013-05-22 19:45:27 URL:http://www.f1d.com/clients/ten/quake/panres1030.htm [6897/6897] -> "www.f1d.com_clients_ten_quake_20130522/clients/ten/quake/panres1030.htm" [1]
2013-05-22 19:45:27 URL:http://www.f1d.com/clients/ten/quake/images/mrb.gif [26930/26930] -> "www.f1d.com_clients_ten_quake_20130522/clients/ten/quake/images/mrb.gif" [1]
2013-05-22 19:45:27 URL:http://www.f1d.com/clients/ten/quake/images/inter.jpg [17266/17266] -> "www.f1d.com_clients_ten_quake_20130522/clients/ten/quake/images/inter.jpg" [1]
2013-05-22 19:45:28 URL:http://www.f1d.com/clients/ten/quake/images/skel.gif [19063/19063] -> "www.f1d.com_clients_ten_quake_20130522/clients/ten/quake/images/skel.gif" [1]
2013-05-22 19:45:28 URL:http://www.f1d.com/clients/ten/quake/images/knighta.gif [10866/10866] -> "www.f1d.com_clients_ten_quake_20130522/clients/ten/quake/images/knighta.gif" [1]
2013-05-22 19:45:28 URL:http://www.f1d.com/clients/ten/quake/strategy/weapfram.htm [179/179] -> "www.f1d.com_clients_ten_quake_20130522/clients/ten/quake/strategy/weapfram.htm" [1]
2013-05-22 19:45:28 URL:http://www.f1d.com/clients/ten/quake/strategy/primfram.htm [182/182] -> "www.f1d.com_clients_ten_quake_20130522/clients/ten/quake/strategy/primfram.htm" [1]
2013-05-22 19:45:28 URL:http://www.f1d.com/clients/ten/quake/strategy/welcome.htm [179/179] -> "www.f1d.com_clients_ten_quake_20130522/clients/ten/quake/strategy/welcome.htm" [1]
2013-05-22 19:45:29 URL:http://www.f1d.com/clients/ten/quake/strategy/weapons.htm [9530/9530] -> "www.f1d.com_clients_ten_quake_20130522/clients/ten/quake/strategy/weapons.htm" [1]
2013-05-22 19:45:29 URL:http://www.f1d.com/clients/ten/quake/strategy/primer.htm [9984/9984] -> "www.f1d.com_clients_ten_quake_20130522/clients/ten/quake/strategy/primer.htm" [1]
2013-05-22 19:45:29 URL:http://www.f1d.com/clients/ten/quake/images/axe1.gif [2397/2397] -> "www.f1d.com_clients_ten_quake_20130522/clients/ten/quake/images/axe1.gif" [1]
2013-05-22 19:45:29 URL:http://www.f1d.com/clients/ten/quake/images/shotgun1.gif [2423/2423] -> "www.f1d.com_clients_ten_quake_20130522/clients/ten/quake/images/shotgun1.gif" [1]
2013-05-22 19:45:29 URL:http://www.f1d.com/clients/ten/quake/images/nailgun1.gif [2776/2776] -> "www.f1d.com_clients_ten_quake_20130522/clients/ten/quake/images/nailgun1.gif" [1]
2013-05-22 19:45:30 URL:http://www.f1d.com/clients/ten/quake/images/superng1.gif [2415/2415] -> "www.f1d.com_clients_ten_quake_20130522/clients/ten/quake/images/superng1.gif" [1]
2013-05-22 19:45:30 URL:http://www.f1d.com/clients/ten/quake/images/grenade1.gif [2823/2823] -> "www.f1d.com_clients_ten_quake_20130522/clients/ten/quake/images/grenade1.gif" [1]
2013-05-22 19:45:30 URL:http://www.f1d.com/clients/ten/quake/images/rocket1.gif [2963/2963] -> "www.f1d.com_clients_ten_quake_20130522/clients/ten/quake/images/rocket1.gif" [1]
2013-05-22 19:45:30 URL:http://www.f1d.com/clients/ten/quake/images/thunder1.gif [2640/2640] -> "www.f1d.com_clients_ten_quake_20130522/clients/ten/quake/images/thunder1.gif" [1]
2013-05-22 19:45:30 URL:http://www.f1d.com/clients/ten/quake/images/garmor.gif [2491/2491] -> "www.f1d.com_clients_ten_quake_20130522/clients/ten/quake/images/garmor.gif" [1]
2013-05-22 19:45:31 URL:http://www.f1d.com/clients/ten/quake/images/yarmor.gif [2415/2415] -> "www.f1d.com_clients_ten_quake_20130522/clients/ten/quake/images/yarmor.gif" [1]
2013-05-22 19:45:31 URL:http://www.f1d.com/clients/ten/quake/images/rarmor.gif [2558/2558] -> "www.f1d.com_clients_ten_quake_20130522/clients/ten/quake/images/rarmor.gif" [1]
2013-05-22 19:45:31 URL:http://www.f1d.com/clients/ten/quake/images/mhealth2.gif [5233/5233] -> "www.f1d.com_clients_ten_quake_20130522/clients/ten/quake/images/mhealth2.gif" [1]
2013-05-22 19:45:31 URL:http://www.f1d.com/clients/ten/quake/images/quad1.gif [1994/1994] -> "www.f1d.com_clients_ten_quake_20130522/clients/ten/quake/images/quad1.gif" [1]
2013-05-22 19:45:31 URL:http://www.f1d.com/clients/ten/quake/images/ring1.gif [1546/1546] -> "www.f1d.com_clients_ten_quake_20130522/clients/ten/quake/images/ring1.gif" [1]
2013-05-22 19:45:32 URL:http://www.f1d.com/clients/ten/quake/images/invuln1.gif [2696/2696] -> "www.f1d.com_clients_ten_quake_20130522/clients/ten/quake/images/invuln1.gif" [1]
2013-05-22 19:45:32 URL:http://www.f1d.com/clients/ten/quake/images/suit1.gif [2909/2909] -> "www.f1d.com_clients_ten_quake_20130522/clients/ten/quake/images/suit1.gif" [1]
2013-05-22 19:45:32 URL:http://www.f1d.com/clients/ten/quake/images/keybo1.gif [37347/37347] -> "www.f1d.com_clients_ten_quake_20130522/clients/ten/quake/images/keybo1.gif" [1]
2013-05-22 19:45:32 URL:http://www.f1d.com/clients/ten/quake/images/keybo2.gif [35740/35740] -> "www.f1d.com_clients_ten_quake_20130522/clients/ten/quake/images/keybo2.gif" [1]
2013-05-22 19:45:33 URL:http://www.f1d.com/clients/ten/quake/images/keybo3.gif [35512/35512] -> "www.f1d.com_clients_ten_quake_20130522/clients/ten/quake/images/keybo3.gif" [1]
2013-05-22 19:45:33 URL:http://www.f1d.com/clients/ten/quake/images/keybo4.gif [36484/36484] -> "www.f1d.com_clients_ten_quake_20130522/clients/ten/quake/images/keybo4.gif" [1]
FINISHED --2013-05-22 19:45:33--
Total wall clock time: 35s
Downloaded: 145 files, 1.1M in 2.1s (546 KB/s)
