2012-11-29 19:02:48 URL:http://www.fodquake.net/ [35191] -> "www.fodquake.net_20121129/index.html" [1]
2012-11-29 19:02:48 URL:http://www.fodquake.net/favicon.ico [1406/1406] -> "www.fodquake.net_20121129/favicon.ico" [1]
2012-11-29 19:02:48 URL:http://www.fodquake.net/fodquake.css [4396/4396] -> "www.fodquake.net_20121129/fodquake.css" [1]
2012-11-29 19:02:48 URL:http://www.fodquake.net/lightbox/css/lightbox.css [1657/1657] -> "www.fodquake.net_20121129/lightbox/css/lightbox.css" [1]
2012-11-29 19:02:48 URL:http://www.fodquake.net/lightbox/js/prototype.js [163312/163312] -> "www.fodquake.net_20121129/lightbox/js/prototype.js" [1]
2012-11-29 19:02:48 URL:http://www.fodquake.net/lightbox/js/scriptaculous.js?load=effects,builder [2931/2931] -> "www.fodquake.net_20121129/lightbox/js/scriptaculous.js?load=effects,builder" [1]
2012-11-29 19:02:48 URL:http://www.fodquake.net/lightbox/js/lightbox.js [18548/18548] -> "www.fodquake.net_20121129/lightbox/js/lightbox.js" [1]
2012-11-29 19:02:48 URL:http://www.fodquake.net/yetii.js [5619/5619] -> "www.fodquake.net_20121129/yetii.js" [1]
2012-11-29 19:02:48 URL:http://www.fodquake.net/gfx/title.png [33419/33419] -> "www.fodquake.net_20121129/gfx/title.png" [1]
2012-11-29 19:02:48 URL:http://www.fodquake.net/RELEASENOTES-0.3 [9719/9719] -> "www.fodquake.net_20121129/RELEASENOTES-0.3" [1]
2012-11-29 19:02:48 URL:http://www.fodquake.net/CHANGES [5380/5380] -> "www.fodquake.net_20121129/CHANGES" [1]
2012-11-29 19:02:48 URL:http://www.fodquake.net/gfx/fodquake-logo.png [14639/14639] -> "www.fodquake.net_20121129/gfx/fodquake-logo.png" [1]
2012-11-29 19:02:49 URL:http://www.fodquake.net/files/fodquake-0.3-amd64-freebsd.tar.bz2 [1191690/1191690] -> "www.fodquake.net_20121129/files/fodquake-0.3-amd64-freebsd.tar.bz2" [1]
2012-11-29 19:02:50 URL:http://www.fodquake.net/files/fodquake-0.3-amd64-linux.tar.bz2 [1170394/1170394] -> "www.fodquake.net_20121129/files/fodquake-0.3-amd64-linux.tar.bz2" [1]
2012-11-29 19:02:52 URL:http://www.fodquake.net/files/fodquake-0.3-amd64-macosx.dmg [2269184/2269184] -> "www.fodquake.net_20121129/files/fodquake-0.3-amd64-macosx.dmg" [1]
2012-11-29 19:02:52 URL:http://www.fodquake.net/files/fodquake-0.3-i386-aros.tar.gz [1269297/1269297] -> "www.fodquake.net_20121129/files/fodquake-0.3-i386-aros.tar.gz" [1]
2012-11-29 19:02:53 URL:http://www.fodquake.net/files/fodquake-0.3-i386-freebsd.tar.bz2 [1063251/1063251] -> "www.fodquake.net_20121129/files/fodquake-0.3-i386-freebsd.tar.bz2" [1]
2012-11-29 19:02:53 URL:http://www.fodquake.net/files/fodquake-0.3-i386-linux.tar.bz2 [1029160/1029160] -> "www.fodquake.net_20121129/files/fodquake-0.3-i386-linux.tar.bz2" [1]
2012-11-29 19:02:53 URL:http://www.fodquake.net/files/fodquake-0.3-i586-win32.zip [900509/900509] -> "www.fodquake.net_20121129/files/fodquake-0.3-i586-win32.zip" [1]
2012-11-29 19:02:55 URL:http://www.fodquake.net/files/fodquake-0.3-i686-macosx.dmg [2099200/2099200] -> "www.fodquake.net_20121129/files/fodquake-0.3-i686-macosx.dmg" [1]
2012-11-29 19:02:55 URL:http://www.fodquake.net/files/fodquake-0.3-ppc-aros.tar.gz [1598428/1598428] -> "www.fodquake.net_20121129/files/fodquake-0.3-ppc-aros.tar.gz" [1]
2012-11-29 19:02:55 URL:http://www.fodquake.net/files/fodquake-0.3-ppc-freebsd.tar.bz2 [1175149/1175149] -> "www.fodquake.net_20121129/files/fodquake-0.3-ppc-freebsd.tar.bz2" [1]
2012-11-29 19:02:56 URL:http://www.fodquake.net/files/fodquake-0.3-ppc-linux.tar.bz2 [1142610/1142610] -> "www.fodquake.net_20121129/files/fodquake-0.3-ppc-linux.tar.bz2" [1]
2012-11-29 19:02:57 URL:http://www.fodquake.net/files/fodquake-0.3-ppc-macosx.dmg [2197504/2197504] -> "www.fodquake.net_20121129/files/fodquake-0.3-ppc-macosx.dmg" [1]
2012-11-29 19:02:57 URL:http://www.fodquake.net/files/fodquake-0.3-ppc-morphos.lha [1483233/1483233] -> "www.fodquake.net_20121129/files/fodquake-0.3-ppc-morphos.lha" [1]
2012-11-29 19:02:58 URL:http://www.fodquake.net/files/fodquake-0.3.tar.bz2 [3330000/3330000] -> "www.fodquake.net_20121129/files/fodquake-0.3.tar.bz2" [1]
2012-11-29 19:02:58 URL:http://www.fodquake.net/files/fodquake-0.2-amd64-linux.tar.bz2 [722528/722528] -> "www.fodquake.net_20121129/files/fodquake-0.2-amd64-linux.tar.bz2" [1]
2012-11-29 19:02:59 URL:http://www.fodquake.net/files/fodquake-0.2-i386-linux.tar.bz2 [602421/602421] -> "www.fodquake.net_20121129/files/fodquake-0.2-i386-linux.tar.bz2" [1]
2012-11-29 19:02:59 URL:http://www.fodquake.net/files/fodquake-0.2-ppc-morphos.lha [1094166/1094166] -> "www.fodquake.net_20121129/files/fodquake-0.2-ppc-morphos.lha" [1]
2012-11-29 19:02:59 URL:http://www.fodquake.net/files/fodquake-0.2.tar.bz2 [586415/586415] -> "www.fodquake.net_20121129/files/fodquake-0.2.tar.bz2" [1]
2012-11-29 19:02:59 URL:http://www.fodquake.net/test/fodquake-20121011-amd64-freebsd.tar.bz2 [1115865/1115865] -> "www.fodquake.net_20121129/test/fodquake-20121011-amd64-freebsd.tar.bz2" [1]
2012-11-29 19:03:00 URL:http://www.fodquake.net/test/fodquake-20121011-amd64-linux.tar.bz2 [1094730/1094730] -> "www.fodquake.net_20121129/test/fodquake-20121011-amd64-linux.tar.bz2" [1]
2012-11-29 19:03:00 URL:http://www.fodquake.net/test/fodquake-20121011-amd64-macosx.dmg [1794221/1794221] -> "www.fodquake.net_20121129/test/fodquake-20121011-amd64-macosx.dmg" [1]
2012-11-29 19:03:01 URL:http://www.fodquake.net/test/fodquake-20121011-i386-aros.tar.gz [1183586/1183586] -> "www.fodquake.net_20121129/test/fodquake-20121011-i386-aros.tar.gz" [1]
2012-11-29 19:03:01 URL:http://www.fodquake.net/test/fodquake-20121011-i386-freebsd.tar.bz2 [1022839/1022839] -> "www.fodquake.net_20121129/test/fodquake-20121011-i386-freebsd.tar.bz2" [1]
2012-11-29 19:03:01 URL:http://www.fodquake.net/test/fodquake-20121011-i386-linux.tar.bz2 [994579/994579] -> "www.fodquake.net_20121129/test/fodquake-20121011-i386-linux.tar.bz2" [1]
2012-11-29 19:03:01 URL:http://www.fodquake.net/test/fodquake-20121011-i586-win32.zip [877347/877347] -> "www.fodquake.net_20121129/test/fodquake-20121011-i586-win32.zip" [1]
2012-11-29 19:03:02 URL:http://www.fodquake.net/test/fodquake-20121011-i686-macosx.dmg [1713339/1713339] -> "www.fodquake.net_20121129/test/fodquake-20121011-i686-macosx.dmg" [1]
2012-11-29 19:03:02 URL:http://www.fodquake.net/test/fodquake-20121011-ppc-aros.tar.gz [1468984/1468984] -> "www.fodquake.net_20121129/test/fodquake-20121011-ppc-aros.tar.gz" [1]
2012-11-29 19:03:02 URL:http://www.fodquake.net/test/fodquake-20121011-ppc-freebsd.tar.bz2 [1129388/1129388] -> "www.fodquake.net_20121129/test/fodquake-20121011-ppc-freebsd.tar.bz2" [1]
2012-11-29 19:03:03 URL:http://www.fodquake.net/test/fodquake-20121011-ppc-linux.tar.bz2 [1089330/1089330] -> "www.fodquake.net_20121129/test/fodquake-20121011-ppc-linux.tar.bz2" [1]
2012-11-29 19:03:03 URL:http://www.fodquake.net/test/fodquake-20121011-ppc-macosx.dmg [1762639/1762639] -> "www.fodquake.net_20121129/test/fodquake-20121011-ppc-macosx.dmg" [1]
2012-11-29 19:03:04 URL:http://www.fodquake.net/test/fodquake-20121011-ppc-morphos.lha [1373495/1373495] -> "www.fodquake.net_20121129/test/fodquake-20121011-ppc-morphos.lha" [1]
2012-11-29 19:03:06 URL:http://www.fodquake.net/test/fodquake-20121011.tar.bz2 [3356821/3356821] -> "www.fodquake.net_20121129/test/fodquake-20121011.tar.bz2" [1]
2012-11-29 19:03:06 URL:http://www.fodquake.net/gfx/manual/fodquake_320x200x8_000.png [13533/13533] -> "www.fodquake.net_20121129/gfx/manual/fodquake_320x200x8_000.png" [1]
2012-11-29 19:03:06 URL:http://www.fodquake.net/gfx/manual/fodquake_320x200x8_001.png [14771/14771] -> "www.fodquake.net_20121129/gfx/manual/fodquake_320x200x8_001.png" [1]
2012-11-29 19:03:06 URL:http://www.fodquake.net/gfx/manual/fodquake_320x200x8_006.png [14539/14539] -> "www.fodquake.net_20121129/gfx/manual/fodquake_320x200x8_006.png" [1]
2012-11-29 19:03:06 URL:http://www.fodquake.net/gfx/manual/fodquake_320x200x8_003.png [5524/5524] -> "www.fodquake.net_20121129/gfx/manual/fodquake_320x200x8_003.png" [1]
2012-11-29 19:03:06 URL:http://www.fodquake.net/gfx/manual/fodquake_320x200x8_010.png [8894/8894] -> "www.fodquake.net_20121129/gfx/manual/fodquake_320x200x8_010.png" [1]
2012-11-29 19:03:06 URL:http://www.fodquake.net/gfx/manual/compacthud0.png [1215/1215] -> "www.fodquake.net_20121129/gfx/manual/compacthud0.png" [1]
2012-11-29 19:03:06 URL:http://www.fodquake.net/gfx/manual/compacthud1.png [1379/1379] -> "www.fodquake.net_20121129/gfx/manual/compacthud1.png" [1]
2012-11-29 19:03:06 URL:http://www.fodquake.net/gfx/manual/compacthud2.png [1115/1115] -> "www.fodquake.net_20121129/gfx/manual/compacthud2.png" [1]
2012-11-29 19:03:06 URL:http://www.fodquake.net/gfx/manual/compacthud3.png [924/924] -> "www.fodquake.net_20121129/gfx/manual/compacthud3.png" [1]
2012-11-29 19:03:06 URL:http://www.fodquake.net/gfx/manual/crosshair2.png [92/92] -> "www.fodquake.net_20121129/gfx/manual/crosshair2.png" [1]
2012-11-29 19:03:06 URL:http://www.fodquake.net/gfx/manual/crosshair3.png [90/90] -> "www.fodquake.net_20121129/gfx/manual/crosshair3.png" [1]
2012-11-29 19:03:06 URL:http://www.fodquake.net/gfx/manual/crosshair4.png [79/79] -> "www.fodquake.net_20121129/gfx/manual/crosshair4.png" [1]
2012-11-29 19:03:06 URL:http://www.fodquake.net/gfx/manual/crosshair5.png [97/97] -> "www.fodquake.net_20121129/gfx/manual/crosshair5.png" [1]
2012-11-29 19:03:06 URL:http://www.fodquake.net/gfx/manual/crosshair6.png [118/118] -> "www.fodquake.net_20121129/gfx/manual/crosshair6.png" [1]
2012-11-29 19:03:06 URL:http://www.fodquake.net/gfx/manual/crosshair7.png [103/103] -> "www.fodquake.net_20121129/gfx/manual/crosshair7.png" [1]
2012-11-29 19:03:06 URL:http://www.fodquake.net/gfx/manual/crosshair8.png [121/121] -> "www.fodquake.net_20121129/gfx/manual/crosshair8.png" [1]
2012-11-29 19:03:06 URL:http://www.fodquake.net/list.txt [35100/35100] -> "www.fodquake.net_20121129/list.txt" [1]
2012-11-29 19:03:06 URL:http://www.fodquake.net/gfx/screenshots/Fodquake-Mac_OS_X_01.png [817856/817856] -> "www.fodquake.net_20121129/gfx/screenshots/Fodquake-Mac_OS_X_01.png" [1]
2012-11-29 19:03:06 URL:http://www.fodquake.net/gfx/screenshots/mini/Fodquake-Mac_OS_X_01_mini.png [25939/25939] -> "www.fodquake.net_20121129/gfx/screenshots/mini/Fodquake-Mac_OS_X_01_mini.png" [1]
2012-11-29 19:03:06 URL:http://www.fodquake.net/gfx/screenshots/Fodquake-MorphOS_01.png [680319/680319] -> "www.fodquake.net_20121129/gfx/screenshots/Fodquake-MorphOS_01.png" [1]
2012-11-29 19:03:06 URL:http://www.fodquake.net/gfx/screenshots/mini/Fodquake-MorphOS_01_mini.png [25936/25936] -> "www.fodquake.net_20121129/gfx/screenshots/mini/Fodquake-MorphOS_01_mini.png" [1]
2012-11-29 19:03:07 URL:http://www.fodquake.net/gfx/screenshots/Fodquake-Windows_01.png [2070673/2070673] -> "www.fodquake.net_20121129/gfx/screenshots/Fodquake-Windows_01.png" [1]
2012-11-29 19:03:07 URL:http://www.fodquake.net/gfx/screenshots/mini/Fodquake-Windows_01_mini.png [25687/25687] -> "www.fodquake.net_20121129/gfx/screenshots/mini/Fodquake-Windows_01_mini.png" [1]
2012-11-29 19:03:07 URL:http://www.fodquake.net/gfx/screenshots/Fodquake-Linux_01.png [68214/68214] -> "www.fodquake.net_20121129/gfx/screenshots/Fodquake-Linux_01.png" [1]
2012-11-29 19:03:07 URL:http://www.fodquake.net/gfx/screenshots/mini/Fodquake-Linux_01_mini.png [13292/13292] -> "www.fodquake.net_20121129/gfx/screenshots/mini/Fodquake-Linux_01_mini.png" [1]
2012-11-29 19:03:07 URL:http://www.fodquake.net/gfx/screenshots/Fodquake-Linux_02.png [306415/306415] -> "www.fodquake.net_20121129/gfx/screenshots/Fodquake-Linux_02.png" [1]
2012-11-29 19:03:07 URL:http://www.fodquake.net/gfx/screenshots/mini/Fodquake-Linux_02_mini.png [15125/15125] -> "www.fodquake.net_20121129/gfx/screenshots/mini/Fodquake-Linux_02_mini.png" [1]
2012-11-29 19:03:07 URL:http://www.fodquake.net/gfx/screenshots/Sensitive_tab_completion_01.png [16607/16607] -> "www.fodquake.net_20121129/gfx/screenshots/Sensitive_tab_completion_01.png" [1]
2012-11-29 19:03:07 URL:http://www.fodquake.net/gfx/screenshots/mini/Sensitive_tab_completion_01_mini.png [18219/18219] -> "www.fodquake.net_20121129/gfx/screenshots/mini/Sensitive_tab_completion_01_mini.png" [1]
2012-11-29 19:03:07 URL:http://www.fodquake.net/gfx/background.png [6427/6427] -> "www.fodquake.net_20121129/gfx/background.png" [1]
2012-11-29 19:03:07 URL:http://www.fodquake.net/lightbox/images/prevlabel.png [583/583] -> "www.fodquake.net_20121129/lightbox/images/prevlabel.png" [1]
2012-11-29 19:03:07 URL:http://www.fodquake.net/lightbox/images/nextlabel.png [575/575] -> "www.fodquake.net_20121129/lightbox/images/nextlabel.png" [1]
FINISHED --2012-11-29 19:03:07--
Total wall clock time: 20s
Downloaded: 76 files, 47M in 6.2s (7.54 MB/s)
