2012-08-25 16:30:10 URL:http://www.frikac.com/ [10072/10072] -> "www.frikac.com/index.html" [1]
2012-08-25 16:30:11 URL:http://www.frikac.com/xmlrpc.php [42/42] -> "www.frikac.com/xmlrpc.php" [1]
2012-08-25 16:30:11 URL:http://www.frikac.com/wp-content/themes/dev/piano-black-old/style.css [23304/23304] -> "www.frikac.com/wp-content/themes/dev/piano-black-old/style.css" [1]
2012-08-25 16:30:12 URL:http://www.frikac.com/?feed=rss2 [5158/5158] -> "www.frikac.com/index.html?feed=rss2" [1]
http://www.frikac.com/?feed=comments-rss2:
2012-08-25 16:30:13 ERROR 404: Not Found.
2012-08-25 16:30:14 URL:http://www.frikac.com/wp-includes/js/jquery/jquery.js?ver=1.7.2 [94861/94861] -> "www.frikac.com/wp-includes/js/jquery/jquery.js?ver=1.7.2" [1]
2012-08-25 16:30:15 URL:http://www.frikac.com/xmlrpc.php?rsd [822/822] -> "www.frikac.com/xmlrpc.php?rsd" [1]
2012-08-25 16:30:15 URL:http://www.frikac.com/wp-includes/wlwmanifest.xml [1052/1052] -> "www.frikac.com/wp-includes/wlwmanifest.xml" [1]
2012-08-25 16:30:15 URL:http://www.frikac.com/wp-content/uploads/2011/04/cropped-header.jpg [16132/16132] -> "www.frikac.com/wp-content/uploads/2011/04/cropped-header.jpg" [1]
2012-08-25 16:30:15 URL:http://www.frikac.com/wp-content/themes/dev/piano-black-old/images/search-button.gif [653/653] -> "www.frikac.com/wp-content/themes/dev/piano-black-old/images/search-button.gif" [1]
2012-08-25 16:30:17 URL:http://www.frikac.com/?p=21 [7370/7370] -> "www.frikac.com/index.html?p=21.html" [1]
2012-08-25 16:30:18 URL:http://www.frikac.com/?author=1 [10306/10306] -> "www.frikac.com/index.html?author=1.html" [1]
2012-08-25 16:30:19 URL:http://www.frikac.com/?cat=1 [8499/8499] -> "www.frikac.com/index.html?cat=1.html" [1]
2012-08-25 16:30:20 URL:http://www.frikac.com/?p=15 [7645/7645] -> "www.frikac.com/index.html?p=15.html" [1]
2012-08-25 16:30:21 URL:http://www.frikac.com/?p=8 [8183/8183] -> "www.frikac.com/index.html?p=8.html" [1]
2012-08-25 16:30:22 URL:http://www.frikac.com/?cat=5 [8084/8084] -> "www.frikac.com/index.html?cat=5.html" [1]
2012-08-25 16:30:23 URL:http://www.frikac.com/?m=201208 [7046/7046] -> "www.frikac.com/index.html?m=201208.html" [1]
2012-08-25 16:30:24 URL:http://www.frikac.com/?m=201106 [7187/7187] -> "www.frikac.com/index.html?m=201106.html" [1]
2012-08-25 16:30:25 URL:http://www.frikac.com/?m=201104 [7872/7872] -> "www.frikac.com/index.html?m=201104.html" [1]
2012-08-25 16:30:25 URL:http://www.frikac.com/wp-content/themes/dev/piano-black-old/images/back1.gif [48/48] -> "www.frikac.com/wp-content/themes/dev/piano-black-old/images/back1.gif" [1]
2012-08-25 16:30:26 URL:http://www.frikac.com/wp-content/themes/dev/piano-black-old/images/back2.png [50221/50221] -> "www.frikac.com/wp-content/themes/dev/piano-black-old/images/back2.png" [1]
2012-08-25 16:30:26 URL:http://www.frikac.com/wp-content/themes/dev/piano-black-old/images/top.png [1198/1198] -> "www.frikac.com/wp-content/themes/dev/piano-black-old/images/top.png" [1]
2012-08-25 16:30:26 URL:http://www.frikac.com/wp-content/themes/dev/piano-black-old/images/side.png [178/178] -> "www.frikac.com/wp-content/themes/dev/piano-black-old/images/side.png" [1]
2012-08-25 16:30:27 URL:http://www.frikac.com/wp-content/themes/dev/piano-black-old/images/bottom.png [6406/6406] -> "www.frikac.com/wp-content/themes/dev/piano-black-old/images/bottom.png" [1]
2012-08-25 16:30:27 URL:http://www.frikac.com/wp-content/themes/dev/piano-black-old/images/rss.gif [2280/2280] -> "www.frikac.com/wp-content/themes/dev/piano-black-old/images/rss.gif" [1]
2012-08-25 16:30:27 URL:http://www.frikac.com/wp-content/themes/dev/piano-black-old/images/twitter.gif [2165/2165] -> "www.frikac.com/wp-content/themes/dev/piano-black-old/images/twitter.gif" [1]
2012-08-25 16:30:27 URL:http://www.frikac.com/wp-content/themes/dev/piano-black-old/images/search-area.gif [276/276] -> "www.frikac.com/wp-content/themes/dev/piano-black-old/images/search-area.gif" [1]
2012-08-25 16:30:27 URL:http://www.frikac.com/wp-content/themes/dev/piano-black-old/images/arrow1.gif [46/46] -> "www.frikac.com/wp-content/themes/dev/piano-black-old/images/arrow1.gif" [1]
2012-08-25 16:30:28 URL:http://www.frikac.com/wp-content/themes/dev/piano-black-old/images/arrow3.gif [1391/1391] -> "www.frikac.com/wp-content/themes/dev/piano-black-old/images/arrow3.gif" [1]
2012-08-25 16:30:28 URL:http://www.frikac.com/wp-content/themes/dev/piano-black-old/images/bullet1.gif [43/43] -> "www.frikac.com/wp-content/themes/dev/piano-black-old/images/bullet1.gif" [1]
2012-08-25 16:30:28 URL:http://www.frikac.com/wp-content/themes/dev/piano-black-old/images/meta-top.gif [312/312] -> "www.frikac.com/wp-content/themes/dev/piano-black-old/images/meta-top.gif" [1]
2012-08-25 16:30:28 URL:http://www.frikac.com/wp-content/themes/dev/piano-black-old/images/meta-bottom.gif [631/631] -> "www.frikac.com/wp-content/themes/dev/piano-black-old/images/meta-bottom.gif" [1]
2012-08-25 16:30:28 URL:http://www.frikac.com/wp-content/themes/dev/piano-black-old/images/category-icon.gif [80/80] -> "www.frikac.com/wp-content/themes/dev/piano-black-old/images/category-icon.gif" [1]
2012-08-25 16:30:29 URL:http://www.frikac.com/wp-content/themes/dev/piano-black-old/images/tag-icon.gif [69/69] -> "www.frikac.com/wp-content/themes/dev/piano-black-old/images/tag-icon.gif" [1]
2012-08-25 16:30:29 URL:http://www.frikac.com/wp-content/themes/dev/piano-black-old/images/write-comment.gif [71/71] -> "www.frikac.com/wp-content/themes/dev/piano-black-old/images/write-comment.gif" [1]
2012-08-25 16:30:29 URL:http://www.frikac.com/wp-content/themes/dev/piano-black-old/images/preview_post.gif [697/697] -> "www.frikac.com/wp-content/themes/dev/piano-black-old/images/preview_post.gif" [1]
2012-08-25 16:30:29 URL:http://www.frikac.com/wp-content/themes/dev/piano-black-old/images/next_post.gif [696/696] -> "www.frikac.com/wp-content/themes/dev/piano-black-old/images/next_post.gif" [1]
2012-08-25 16:30:29 URL:http://www.frikac.com/wp-content/themes/dev/piano-black-old/images/arrow5.gif [46/46] -> "www.frikac.com/wp-content/themes/dev/piano-black-old/images/arrow5.gif" [1]
2012-08-25 16:30:30 URL:http://www.frikac.com/wp-content/themes/dev/piano-black-old/images/info-box-top.gif [363/363] -> "www.frikac.com/wp-content/themes/dev/piano-black-old/images/info-box-top.gif" [1]
2012-08-25 16:30:30 URL:http://www.frikac.com/wp-content/themes/dev/piano-black-old/images/info-box-bottom.gif [897/897] -> "www.frikac.com/wp-content/themes/dev/piano-black-old/images/info-box-bottom.gif" [1]
2012-08-25 16:30:30 URL:http://www.frikac.com/wp-content/themes/dev/piano-black-old/images/calendar2.gif [188/188] -> "www.frikac.com/wp-content/themes/dev/piano-black-old/images/calendar2.gif" [1]
2012-08-25 16:30:30 URL:http://www.frikac.com/wp-content/themes/dev/piano-black-old/images/calendar1.gif [253/253] -> "www.frikac.com/wp-content/themes/dev/piano-black-old/images/calendar1.gif" [1]
2012-08-25 16:30:30 URL:http://www.frikac.com/wp-content/themes/dev/piano-black-old/images/calendar4.gif [211/211] -> "www.frikac.com/wp-content/themes/dev/piano-black-old/images/calendar4.gif" [1]
2012-08-25 16:30:31 URL:http://www.frikac.com/wp-content/themes/dev/piano-black-old/images/calendar5.gif [158/158] -> "www.frikac.com/wp-content/themes/dev/piano-black-old/images/calendar5.gif" [1]
2012-08-25 16:30:31 URL:http://www.frikac.com/wp-content/themes/dev/piano-black-old/images/calendar6.gif [213/213] -> "www.frikac.com/wp-content/themes/dev/piano-black-old/images/calendar6.gif" [1]
2012-08-25 16:30:31 URL:http://www.frikac.com/wp-content/themes/dev/piano-black-old/images/return-top.png [1898/1898] -> "www.frikac.com/wp-content/themes/dev/piano-black-old/images/return-top.png" [1]
2012-08-25 16:30:31 URL:http://www.frikac.com/wp-content/themes/dev/piano-black-old/images/arrow2.gif [1392/1392] -> "www.frikac.com/wp-content/themes/dev/piano-black-old/images/arrow2.gif" [1]
2012-08-25 16:30:31 URL:http://www.frikac.com/wp-content/themes/dev/piano-black-old/images/archive-top.gif [303/303] -> "www.frikac.com/wp-content/themes/dev/piano-black-old/images/archive-top.gif" [1]
2012-08-25 16:30:32 URL:http://www.frikac.com/wp-content/themes/dev/piano-black-old/images/archive-bottom.gif [547/547] -> "www.frikac.com/wp-content/themes/dev/piano-black-old/images/archive-bottom.gif" [1]
2012-08-25 16:30:32 URL:http://www.frikac.com/wp-content/themes/dev/piano-black-old/images/side-noside.png [146/146] -> "www.frikac.com/wp-content/themes/dev/piano-black-old/images/side-noside.png" [1]
2012-08-25 16:30:32 URL:http://www.frikac.com/wp-content/themes/dev/piano-black-old/images/bottom-noside.png [6441/6441] -> "www.frikac.com/wp-content/themes/dev/piano-black-old/images/bottom-noside.png" [1]
2012-08-25 16:30:32 URL:http://www.frikac.com/wp-content/themes/dev/piano-black-old/images/menu_right.png [263/263] -> "www.frikac.com/wp-content/themes/dev/piano-black-old/images/menu_right.png" [1]
2012-08-25 16:30:32 URL:http://www.frikac.com/wp-content/themes/dev/piano-black-old/images/menu_left.png [2922/2922] -> "www.frikac.com/wp-content/themes/dev/piano-black-old/images/menu_left.png" [1]
2012-08-25 16:30:33 URL:http://www.frikac.com/wp-content/themes/dev/piano-black-old/images/menu_middle.png [149/149] -> "www.frikac.com/wp-content/themes/dev/piano-black-old/images/menu_middle.png" [1]
http://www.frikac.com/wp-content/themes/dev/piano-black-old/img/comment-rss.gif:
2012-08-25 16:30:33 ERROR 404: Not Found.
http://www.frikac.com/wp-content/themes/dev/piano-black-old/img/arrow6.gif:
2012-08-25 16:30:33 ERROR 404: Not Found.
http://www.frikac.com/wp-content/themes/dev/piano-black-old/img/write-comment.gif:
2012-08-25 16:30:33 ERROR 404: Not Found.
http://www.frikac.com/wp-content/themes/dev/piano-black-old/img/arrow1.gif:
2012-08-25 16:30:33 ERROR 404: Not Found.
http://www.frikac.com/wp-content/themes/dev/piano-black-old/img/warning.gif:
2012-08-25 16:30:34 ERROR 404: Not Found.
http://www.frikac.com/wp-content/themes/dev/piano-black-old/img/comment-area-bottom.gif:
2012-08-25 16:30:34 ERROR 404: Not Found.
2012-08-25 16:30:34 URL:http://www.frikac.com/wp-includes/js/comment-reply.js?ver=3.4.1 [786/786] -> "www.frikac.com/wp-includes/js/comment-reply.js?ver=3.4.1" [1]
2012-08-25 16:30:35 URL:http://www.frikac.com/?feed=rss2&author=1 [5186/5186] -> "www.frikac.com/index.html?feed=rss2&author=1" [1]
2012-08-25 16:30:36 URL:http://www.frikac.com/?feed=rss2&cat=1 [3074/3074] -> "www.frikac.com/index.html?feed=rss2&cat=1" [1]
2012-08-25 16:30:36 URL:http://www.frikac.com/?feed=rss2&cat=5 [2998/2998] -> "www.frikac.com/index.html?feed=rss2&cat=5" [1]
FINISHED --2012-08-25 16:30:36--
Total wall clock time: 29s
Downloaded: 57 files, 312K in 3.9s (80.1 KB/s)
