2015-09-12 16:56:16 URL:http://www.sbsoftware.com/ [1686/1686] -> "www.sbsoftware.com_20150912/index.html" [1]
2015-09-12 16:56:16 URL:http://www.sbsoftware.com/navleft.html [4677/4677] -> "www.sbsoftware.com_20150912/navleft.html" [1]
2015-09-12 16:56:17 URL:http://www.sbsoftware.com/frmain.html [64966/64966] -> "www.sbsoftware.com_20150912/frmain.html" [1]
2015-09-12 16:56:17 URL:http://www.sbsoftware.com/graphics/background/paper1.gif [27372/27372] -> "www.sbsoftware.com_20150912/graphics/background/paper1.gif" [1]
2015-09-12 16:56:18 URL:http://www.sbsoftware.com/whatis.html [4199/4199] -> "www.sbsoftware.com_20150912/whatis.html" [1]
2015-09-12 16:56:18 URL:http://www.sbsoftware.com/sysreq.html [4861/4861] -> "www.sbsoftware.com_20150912/sysreq.html" [1]
2015-09-12 16:56:18 URL:http://www.sbsoftware.com/features.html [7041/7041] -> "www.sbsoftware.com_20150912/features.html" [1]
2015-09-12 16:56:18 URL:http://www.sbsoftware.com/screen.html [9125/9125] -> "www.sbsoftware.com_20150912/screen.html" [1]
2015-09-12 16:56:18 URL:http://www.sbsoftware.com/whatsnew.html [1466/1466] -> "www.sbsoftware.com_20150912/whatsnew.html" [1]
2015-09-12 16:56:19 URL:http://www.sbsoftware.com/download.html [26032/26032] -> "www.sbsoftware.com_20150912/download.html" [1]
2015-09-12 16:56:19 URL:http://www.sbsoftware.com/games.html [7796/7796] -> "www.sbsoftware.com_20150912/games.html" [1]
2015-09-12 16:56:19 URL:http://www.sbsoftware.com/order.html [10236/10236] -> "www.sbsoftware.com_20150912/order.html" [1]
2015-09-12 16:56:19 URL:http://www.sbsoftware.com/email.html [2485/2485] -> "www.sbsoftware.com_20150912/email.html" [1]
2015-09-12 16:56:19 URL:http://www.sbsoftware.com/links.html [8523/8523] -> "www.sbsoftware.com_20150912/links.html" [1]
2015-09-12 16:56:20 URL:http://www.sbsoftware.com/about.html [10676/10676] -> "www.sbsoftware.com_20150912/about.html" [1]
2015-09-12 16:56:20 URL:http://www.sbsoftware.com/onlinehelp/deep.htm [6475/6475] -> "www.sbsoftware.com_20150912/onlinehelp/deep.htm" [1]
2015-09-12 16:56:20 URL:http://www.sbsoftware.com/deep.css [1462/1462] -> "www.sbsoftware.com_20150912/deep.css" [1]
2015-09-12 16:56:20 URL:http://www.sbsoftware.com/graphics/background/deepseabackground1.jpg [7561/7561] -> "www.sbsoftware.com_20150912/graphics/background/deepseabackground1.jpg" [1]
2015-09-12 16:56:21 URL:http://www.sbsoftware.com/AnWater.class [23853/23853] -> "www.sbsoftware.com_20150912/AnWater.class" [1]
2015-09-12 16:56:21 URL:http://www.sbsoftware.com/files/Doom02.jpg [45086/45086] -> "www.sbsoftware.com_20150912/files/Doom02.jpg" [1]
2015-09-12 16:56:21 URL:http://www.sbsoftware.com/files/Doom02small.jpg [7213/7213] -> "www.sbsoftware.com_20150912/files/Doom02small.jpg" [1]
2015-09-12 16:56:22 URL:http://www.sbsoftware.com/files/Doom03.jpg [40092/40092] -> "www.sbsoftware.com_20150912/files/Doom03.jpg" [1]
2015-09-12 16:56:22 URL:http://www.sbsoftware.com/files/Doom03small.jpg [6605/6605] -> "www.sbsoftware.com_20150912/files/Doom03small.jpg" [1]
2015-09-12 16:56:22 URL:http://www.sbsoftware.com/files/deepsea.txt [15419/15419] -> "www.sbsoftware.com_20150912/files/deepsea.txt" [1]
2015-09-12 16:56:22 URL:http://www.sbsoftware.com/files/R3Deditfeatures.txt [4205/4205] -> "www.sbsoftware.com_20150912/files/R3Deditfeatures.txt" [1]
http://www.sbsoftware.com/images/sealstartsplash.jpg:
2015-09-12 16:56:22 ERROR 404: Not Found.
http://www.sbsoftware.com/images/sealsplash.jpg:
2015-09-12 16:56:23 ERROR 404: Not Found.
http://www.sbsoftware.com/images/sealeat.jpg:
2015-09-12 16:56:23 ERROR 404: Not Found.
2015-09-12 16:56:24 URL:http://www.sbsoftware.com/graphics/xtheatercounter.gif [223103/223103] -> "www.sbsoftware.com_20150912/graphics/xtheatercounter.gif" [1]
2015-09-12 16:56:24 URL:http://www.sbsoftware.com/graphics/xtheatersmall.gif [201947/201947] -> "www.sbsoftware.com_20150912/graphics/xtheatersmall.gif" [1]
2015-09-12 16:56:25 URL:http://www.sbsoftware.com/graphics/xtheater.gif [411016/411016] -> "www.sbsoftware.com_20150912/graphics/xtheater.gif" [1]
2015-09-12 16:56:25 URL:http://www.sbsoftware.com/graphics/xtheaterslope1.gif [234735/234735] -> "www.sbsoftware.com_20150912/graphics/xtheaterslope1.gif" [1]
http://www.sbsoftware.com/files/xtheateriii.txt:
2015-09-12 16:56:25 ERROR 404: Not Found.
2015-09-12 16:56:26 URL:http://www.sbsoftware.com/runninghorse.gif [30668/30668] -> "www.sbsoftware.com_20150912/runninghorse.gif" [1]
2015-09-12 16:56:27 URL:http://www.dfpainting.com/ [8066/8066] -> "www.sbsoftware.com_20150912/dfpainting.html" [1]
2015-09-12 16:56:27 URL:http://www.sbsoftware.com/graphics/background/newback2.jpg [9249/9249] -> "www.sbsoftware.com_20150912/graphics/background/newback2.jpg" [1]
2015-09-12 16:56:27 URL:http://www.sbsoftware.com/graphics/line.blue.gif [2537/2537] -> "www.sbsoftware.com_20150912/graphics/line.blue.gif" [1]
2015-09-12 16:56:27 URL:http://www.sbsoftware.com/graphics/arrow.marble.right.gif [482/482] -> "www.sbsoftware.com_20150912/graphics/arrow.marble.right.gif" [1]
2015-09-12 16:56:27 URL:http://www.sbsoftware.com/graphics/ball2.blue.gif [132/132] -> "www.sbsoftware.com_20150912/graphics/ball2.blue.gif" [1]
2015-09-12 16:56:28 URL:http://www.sbsoftware.com/deepseaprefabtools.html [2798/2798] -> "www.sbsoftware.com_20150912/deepseaprefabtools.html" [1]
2015-09-12 16:56:28 URL:http://www.sbsoftware.com/deepseaprefabshadow.html [3720/3720] -> "www.sbsoftware.com_20150912/deepseaprefabshadow.html" [1]
2015-09-12 16:56:28 URL:http://www.sbsoftware.com/deepseatoolbars.html [2672/2672] -> "www.sbsoftware.com_20150912/deepseatoolbars.html" [1]
2015-09-12 16:56:28 URL:http://www.sbsoftware.com/deepseapaletteeditor.html [2628/2628] -> "www.sbsoftware.com_20150912/deepseapaletteeditor.html" [1]
2015-09-12 16:56:28 URL:http://www.sbsoftware.com/deepseascreentools.html [3526/3526] -> "www.sbsoftware.com_20150912/deepseascreentools.html" [1]
2015-09-12 16:56:29 URL:http://www.sbsoftware.com/screendeep.html [15693/15693] -> "www.sbsoftware.com_20150912/screendeep.html" [1]
2015-09-12 16:56:29 URL:http://www.sbsoftware.com/graphics/gifs/deep97.linedef-edit1.gif [52172/52172] -> "www.sbsoftware.com_20150912/graphics/gifs/deep97.linedef-edit1.gif" [1]
2015-09-12 16:56:29 URL:http://www.sbsoftware.com/graphics/gifs/deep97.linedef-edit2.gif [47506/47506] -> "www.sbsoftware.com_20150912/graphics/gifs/deep97.linedef-edit2.gif" [1]
2015-09-12 16:56:29 URL:http://www.sbsoftware.com/graphics/gifs/deep97.sector-edit.gif [58058/58058] -> "www.sbsoftware.com_20150912/graphics/gifs/deep97.sector-edit.gif" [1]
2015-09-12 16:56:30 URL:http://www.sbsoftware.com/graphics/gifs/deep97.thing-edit.gif [67971/67971] -> "www.sbsoftware.com_20150912/graphics/gifs/deep97.thing-edit.gif" [1]
2015-09-12 16:56:30 URL:http://www.sbsoftware.com/graphics/F5Options.gif [18024/18024] -> "www.sbsoftware.com_20150912/graphics/F5Options.gif" [1]
2015-09-12 16:56:30 URL:http://www.sbsoftware.com/graphics/fileopendialog.gif [18522/18522] -> "www.sbsoftware.com_20150912/graphics/fileopendialog.gif" [1]
2015-09-12 16:56:30 URL:http://www.sbsoftware.com/graphics/LevelBrowser.gif [28746/28746] -> "www.sbsoftware.com_20150912/graphics/LevelBrowser.gif" [1]
2015-09-12 16:56:30 URL:http://www.sbsoftware.com/graphics/F7Dialog.gif [12505/12505] -> "www.sbsoftware.com_20150912/graphics/F7Dialog.gif" [1]
2015-09-12 16:56:33 URL:http://www.sbsoftware.com/files/DeePsea.zip [2537242/2537242] -> "www.sbsoftware.com_20150912/files/DeePsea.zip" [1]
2015-09-12 16:56:33 URL:http://www.sbsoftware.com/files/roboex32.zip [470620/470620] -> "www.sbsoftware.com_20150912/files/roboex32.zip" [1]
2015-09-12 16:56:48 URL:http://www.sbsoftware.com/files/R3Dedit.zip [21678724/21678724] -> "www.sbsoftware.com_20150912/files/R3Dedit.zip" [1]
2015-09-12 16:56:49 URL:http://www.sbsoftware.com/files/Vrack2BIGGESTever.txt [12127/12127] -> "www.sbsoftware.com_20150912/files/Vrack2BIGGESTever.txt" [1]
2015-09-12 16:56:51 URL:http://www.sbsoftware.com/files/Vrack2BIGGESTever.zip [4089812/4089812] -> "www.sbsoftware.com_20150912/files/Vrack2BIGGESTever.zip" [1]
2015-09-12 16:56:52 URL:http://www.sbsoftware.com/files/DeePBSPV4specs.txt [4360/4360] -> "www.sbsoftware.com_20150912/files/DeePBSPV4specs.txt" [1]
2015-09-12 16:56:53 URL:http://www.sbsoftware.com/files/kaboomRISEN3D.zip [1125130/1125130] -> "www.sbsoftware.com_20150912/files/kaboomRISEN3D.zip" [1]
2015-09-12 16:56:53 URL:http://www.sbsoftware.com/files/deepatak.zip [625752/625752] -> "www.sbsoftware.com_20150912/files/deepatak.zip" [1]
2015-09-12 16:56:53 URL:http://www.sbsoftware.com/files/XtheaterIII.txt [7438/7438] -> "www.sbsoftware.com_20150912/files/XtheaterIII.txt" [1]
2015-09-12 16:56:57 URL:http://www.sbsoftware.com/files/XtheaterIII.zip [5582257/5582257] -> "www.sbsoftware.com_20150912/files/XtheaterIII.zip" [1]
2015-09-12 16:56:57 URL:http://www.sbsoftware.com/files/XtheaterIIIRISEN3D.txt [7465/7465] -> "www.sbsoftware.com_20150912/files/XtheaterIIIRISEN3D.txt" [1]
2015-09-12 16:57:02 URL:http://www.sbsoftware.com/files/XtheaterIIIRISEN3D.zip [6267851/6267851] -> "www.sbsoftware.com_20150912/files/XtheaterIIIRISEN3D.zip" [1]
2015-09-12 16:57:02 URL:http://www.sbsoftware.com/files/burnc.zip [154796/154796] -> "www.sbsoftware.com_20150912/files/burnc.zip" [1]
2015-09-12 16:57:02 URL:http://www.sbsoftware.com/files/qchain.txt [2392/2392] -> "www.sbsoftware.com_20150912/files/qchain.txt" [1]
2015-09-12 16:57:03 URL:http://www.sbsoftware.com/files/qchain.zip [146653/146653] -> "www.sbsoftware.com_20150912/files/qchain.zip" [1]
2015-09-12 16:57:03 URL:http://www.sbsoftware.com/files/qentity.txt [4823/4823] -> "www.sbsoftware.com_20150912/files/qentity.txt" [1]
2015-09-12 16:57:03 URL:http://www.sbsoftware.com/files/qentity.zip [147324/147324] -> "www.sbsoftware.com_20150912/files/qentity.zip" [1]
2015-09-12 16:57:03 URL:http://www.sbsoftware.com/button1sea.gif [2548/2548] -> "www.sbsoftware.com_20150912/button1sea.gif" [1]
2015-09-12 16:57:03 URL:http://www.sbsoftware.com/button2sea.gif [2589/2589] -> "www.sbsoftware.com_20150912/button2sea.gif" [1]
2015-09-12 16:57:04 URL:http://www.sbsoftware.com/button3sea.gif [1614/1614] -> "www.sbsoftware.com_20150912/button3sea.gif" [1]
2015-09-12 16:57:04 URL:http://www.sbsoftware.com/deepad.htm [1033/1033] -> "www.sbsoftware.com_20150912/deepad.htm" [1]
2015-09-12 16:57:04 URL:http://www.sbsoftware.com/graphics/floppy1.gif [1007/1007] -> "www.sbsoftware.com_20150912/graphics/floppy1.gif" [1]
2015-09-12 16:57:04 URL:http://www.sbsoftware.com/graphics/deepboom.jpg [71457/71457] -> "www.sbsoftware.com_20150912/graphics/deepboom.jpg" [1]
2015-09-12 16:57:05 URL:http://www.sbsoftware.com/graphics/PayPalSignup.gif [3767/3767] -> "www.sbsoftware.com_20150912/graphics/PayPalSignup.gif" [1]
2015-09-12 16:57:05 URL:http://www.sbsoftware.com/graphics/PayPalUS.gif [3501/3501] -> "www.sbsoftware.com_20150912/graphics/PayPalUS.gif" [1]
2015-09-12 16:57:05 URL:http://www.sbsoftware.com/graphics/PayPalForeign.gif [3670/3670] -> "www.sbsoftware.com_20150912/graphics/PayPalForeign.gif" [1]
2015-09-12 16:57:05 URL:http://www.sbsoftware.com/graphics/PayPalUpgradeUS.gif [3695/3695] -> "www.sbsoftware.com_20150912/graphics/PayPalUpgradeUS.gif" [1]
2015-09-12 16:57:05 URL:http://www.sbsoftware.com/graphics/PayPalUpgradeForeign.gif [3692/3692] -> "www.sbsoftware.com_20150912/graphics/PayPalUpgradeForeign.gif" [1]
2015-09-12 16:57:06 URL:http://www.sbsoftware.com/onlinehelp/webhelp4.js [60894/60894] -> "www.sbsoftware.com_20150912/onlinehelp/webhelp4.js" [1]
2015-09-12 16:57:06 URL:http://www.sbsoftware.com/onlinehelp/toclist.htm [19795/19795] -> "www.sbsoftware.com_20150912/onlinehelp/toclist.htm" [1]
2015-09-12 16:57:06 URL:http://www.sbsoftware.com/onlinehelp/dee$.htm [13961/13961] -> "www.sbsoftware.com_20150912/onlinehelp/dee$.htm" [1]
2015-09-12 16:57:06 URL:http://www.sbsoftware.com/graphics/PrefabRectangle1.gif [24159/24159] -> "www.sbsoftware.com_20150912/graphics/PrefabRectangle1.gif" [1]
2015-09-12 16:57:06 URL:http://www.sbsoftware.com/graphics/PrefabPolygon1.gif [24135/24135] -> "www.sbsoftware.com_20150912/graphics/PrefabPolygon1.gif" [1]
2015-09-12 16:57:07 URL:http://www.sbsoftware.com/graphics/PrefabStair1.gif [16588/16588] -> "www.sbsoftware.com_20150912/graphics/PrefabStair1.gif" [1]
2015-09-12 16:57:07 URL:http://www.sbsoftware.com/graphics/PrefabDoor1.gif [11386/11386] -> "www.sbsoftware.com_20150912/graphics/PrefabDoor1.gif" [1]
2015-09-12 16:57:07 URL:http://www.sbsoftware.com/graphics/ThingBrowser1.gif [48737/48737] -> "www.sbsoftware.com_20150912/graphics/ThingBrowser1.gif" [1]
2015-09-12 16:57:07 URL:http://www.sbsoftware.com/graphics/PrefabShadowRect1.gif [3129/3129] -> "www.sbsoftware.com_20150912/graphics/PrefabShadowRect1.gif" [1]
2015-09-12 16:57:08 URL:http://www.sbsoftware.com/graphics/PrefabShadowRect2.gif [3924/3924] -> "www.sbsoftware.com_20150912/graphics/PrefabShadowRect2.gif" [1]
2015-09-12 16:57:08 URL:http://www.sbsoftware.com/graphics/PrefabShadowRect3.gif [3960/3960] -> "www.sbsoftware.com_20150912/graphics/PrefabShadowRect3.gif" [1]
2015-09-12 16:57:08 URL:http://www.sbsoftware.com/graphics/PrefabShadowPoly1.gif [3164/3164] -> "www.sbsoftware.com_20150912/graphics/PrefabShadowPoly1.gif" [1]
2015-09-12 16:57:08 URL:http://www.sbsoftware.com/graphics/PrefabShadowPoly2.gif [3565/3565] -> "www.sbsoftware.com_20150912/graphics/PrefabShadowPoly2.gif" [1]
2015-09-12 16:57:08 URL:http://www.sbsoftware.com/graphics/ToolBar0.gif [2941/2941] -> "www.sbsoftware.com_20150912/graphics/ToolBar0.gif" [1]
2015-09-12 16:57:09 URL:http://www.sbsoftware.com/graphics/ToolBar1.gif [32907/32907] -> "www.sbsoftware.com_20150912/graphics/ToolBar1.gif" [1]
2015-09-12 16:57:09 URL:http://www.sbsoftware.com/graphics/ToolBar2.gif [17471/17471] -> "www.sbsoftware.com_20150912/graphics/ToolBar2.gif" [1]
2015-09-12 16:57:09 URL:http://www.sbsoftware.com/graphics/ToolBarDisplayDlg.gif [9666/9666] -> "www.sbsoftware.com_20150912/graphics/ToolBarDisplayDlg.gif" [1]
2015-09-12 16:57:09 URL:http://www.sbsoftware.com/graphics/gifs/deepsea.palette-edit1.gif [78086/78086] -> "www.sbsoftware.com_20150912/graphics/gifs/deepsea.palette-edit1.gif" [1]
2015-09-12 16:57:10 URL:http://www.sbsoftware.com/graphics/gifs/deepsea.palette-edit2.gif [76627/76627] -> "www.sbsoftware.com_20150912/graphics/gifs/deepsea.palette-edit2.gif" [1]
2015-09-12 16:57:11 URL:http://www.sbsoftware.com/graphics/gifs/deepsea.palette-edit3.gif [72219/72219] -> "www.sbsoftware.com_20150912/graphics/gifs/deepsea.palette-edit3.gif" [1]
2015-09-12 16:57:11 URL:http://www.sbsoftware.com/graphics/gifs/deepsea.palette-edit4.gif [4305/4305] -> "www.sbsoftware.com_20150912/graphics/gifs/deepsea.palette-edit4.gif" [1]
2015-09-12 16:57:11 URL:http://www.sbsoftware.com/graphics/TextureEdit1.gif [69937/69937] -> "www.sbsoftware.com_20150912/graphics/TextureEdit1.gif" [1]
2015-09-12 16:57:11 URL:http://www.sbsoftware.com/graphics/Export1.gif [23828/23828] -> "www.sbsoftware.com_20150912/graphics/Export1.gif" [1]
2015-09-12 16:57:12 URL:http://www.sbsoftware.com/graphics/Import1.gif [25050/25050] -> "www.sbsoftware.com_20150912/graphics/Import1.gif" [1]
2015-09-12 16:57:12 URL:http://www.sbsoftware.com/graphics/F7LumpManage.gif [30141/30141] -> "www.sbsoftware.com_20150912/graphics/F7LumpManage.gif" [1]
2015-09-12 16:57:12 URL:http://www.sbsoftware.com/graphics/BMPtoTexture1.gif [48460/48460] -> "www.sbsoftware.com_20150912/graphics/BMPtoTexture1.gif" [1]
2015-09-12 16:57:12 URL:http://www.sbsoftware.com/graphics/FLATtoTexture1.gif [29192/29192] -> "www.sbsoftware.com_20150912/graphics/FLATtoTexture1.gif" [1]
2015-09-12 16:57:13 URL:http://www.sbsoftware.com/graphics/TextureBrowser1.gif [73600/73600] -> "www.sbsoftware.com_20150912/graphics/TextureBrowser1.gif" [1]
2015-09-12 16:57:13 URL:http://www.sbsoftware.com/graphics/gifs/thing.view.gif [32304/32304] -> "www.sbsoftware.com_20150912/graphics/gifs/thing.view.gif" [1]
2015-09-12 16:57:13 URL:http://www.sbsoftware.com/graphics/gifs/thing.view.small.gif [7055/7055] -> "www.sbsoftware.com_20150912/graphics/gifs/thing.view.small.gif" [1]
2015-09-12 16:57:13 URL:http://www.sbsoftware.com/graphics/gifs/thing.edit.gif [31642/31642] -> "www.sbsoftware.com_20150912/graphics/gifs/thing.edit.gif" [1]
2015-09-12 16:57:13 URL:http://www.sbsoftware.com/graphics/gifs/thing.edit.small.gif [7502/7502] -> "www.sbsoftware.com_20150912/graphics/gifs/thing.edit.small.gif" [1]
2015-09-12 16:57:14 URL:http://www.sbsoftware.com/graphics/gifs/options.deepbsp.gif [21790/21790] -> "www.sbsoftware.com_20150912/graphics/gifs/options.deepbsp.gif" [1]
2015-09-12 16:57:14 URL:http://www.sbsoftware.com/graphics/gifs/options.deepbsp.small.gif [5077/5077] -> "www.sbsoftware.com_20150912/graphics/gifs/options.deepbsp.small.gif" [1]
2015-09-12 16:57:14 URL:http://www.sbsoftware.com/graphics/gifs/options.colors.gif [32615/32615] -> "www.sbsoftware.com_20150912/graphics/gifs/options.colors.gif" [1]
2015-09-12 16:57:14 URL:http://www.sbsoftware.com/graphics/gifs/options.colors.small.gif [6975/6975] -> "www.sbsoftware.com_20150912/graphics/gifs/options.colors.small.gif" [1]
2015-09-12 16:57:14 URL:http://www.sbsoftware.com/graphics/gifs/options.alt-f5.gif [28177/28177] -> "www.sbsoftware.com_20150912/graphics/gifs/options.alt-f5.gif" [1]
2015-09-12 16:57:15 URL:http://www.sbsoftware.com/graphics/gifs/options.alt-f5.small.gif [6031/6031] -> "www.sbsoftware.com_20150912/graphics/gifs/options.alt-f5.small.gif" [1]
2015-09-12 16:57:15 URL:http://www.sbsoftware.com/graphics/gifs/options.f5.gif [38724/38724] -> "www.sbsoftware.com_20150912/graphics/gifs/options.f5.gif" [1]
2015-09-12 16:57:15 URL:http://www.sbsoftware.com/graphics/gifs/options.f5.small.gif [8128/8128] -> "www.sbsoftware.com_20150912/graphics/gifs/options.f5.small.gif" [1]
2015-09-12 16:57:15 URL:http://www.sbsoftware.com/graphics/gifs/texture.browse.strife.gif [107831/107831] -> "www.sbsoftware.com_20150912/graphics/gifs/texture.browse.strife.gif" [1]
2015-09-12 16:57:15 URL:http://www.sbsoftware.com/graphics/gifs/texture.browse.strife.small.gif [19597/19597] -> "www.sbsoftware.com_20150912/graphics/gifs/texture.browse.strife.small.gif" [1]
2015-09-12 16:57:16 URL:http://www.sbsoftware.com/graphics/gifs/map.browse.gif [21008/21008] -> "www.sbsoftware.com_20150912/graphics/gifs/map.browse.gif" [1]
2015-09-12 16:57:16 URL:http://www.sbsoftware.com/graphics/gifs/map.browse.small.gif [4692/4692] -> "www.sbsoftware.com_20150912/graphics/gifs/map.browse.small.gif" [1]
2015-09-12 16:57:16 URL:http://www.sbsoftware.com/graphics/gifs/map.browse2.gif [29098/29098] -> "www.sbsoftware.com_20150912/graphics/gifs/map.browse2.gif" [1]
2015-09-12 16:57:16 URL:http://www.sbsoftware.com/graphics/gifs/map.browse2.small.gif [6978/6978] -> "www.sbsoftware.com_20150912/graphics/gifs/map.browse2.small.gif" [1]
2015-09-12 16:57:16 URL:http://www.sbsoftware.com/graphics/gifs/drawing.interactive.gif [61063/61063] -> "www.sbsoftware.com_20150912/graphics/gifs/drawing.interactive.gif" [1]
2015-09-12 16:57:17 URL:http://www.sbsoftware.com/graphics/gifs/drawing.interactive.small.gif [4107/4107] -> "www.sbsoftware.com_20150912/graphics/gifs/drawing.interactive.small.gif" [1]
2015-09-12 16:57:17 URL:http://www.sbsoftware.com/graphics/gifs/stair.draw.interactive.gif [21077/21077] -> "www.sbsoftware.com_20150912/graphics/gifs/stair.draw.interactive.gif" [1]
2015-09-12 16:57:17 URL:http://www.sbsoftware.com/graphics/gifs/stair.draw.interactive.small.gif [4972/4972] -> "www.sbsoftware.com_20150912/graphics/gifs/stair.draw.interactive.small.gif" [1]
2015-09-12 16:57:17 URL:http://www.sbsoftware.com/graphics/gifs/texture.alignment.interactive.gif [47141/47141] -> "www.sbsoftware.com_20150912/graphics/gifs/texture.alignment.interactive.gif" [1]
2015-09-12 16:57:17 URL:http://www.sbsoftware.com/graphics/gifs/texture.alignment.interactive.small.gif [9714/9714] -> "www.sbsoftware.com_20150912/graphics/gifs/texture.alignment.interactive.small.gif" [1]
2015-09-12 16:57:18 URL:http://www.sbsoftware.com/graphics/gifs/line.draw.interactive.gif [16637/16637] -> "www.sbsoftware.com_20150912/graphics/gifs/line.draw.interactive.gif" [1]
2015-09-12 16:57:18 URL:http://www.sbsoftware.com/graphics/gifs/line.draw.interactive.small.gif [4107/4107] -> "www.sbsoftware.com_20150912/graphics/gifs/line.draw.interactive.small.gif" [1]
2015-09-12 16:57:18 URL:http://www.sbsoftware.com/graphics/gifs/level.check.gif [39515/39515] -> "www.sbsoftware.com_20150912/graphics/gifs/level.check.gif" [1]
2015-09-12 16:57:18 URL:http://www.sbsoftware.com/graphics/gifs/level.check.small.gif [8718/8718] -> "www.sbsoftware.com_20150912/graphics/gifs/level.check.small.gif" [1]
2015-09-12 16:57:18 URL:http://www.sbsoftware.com/graphics/gifs/hexen.find.gif [31573/31573] -> "www.sbsoftware.com_20150912/graphics/gifs/hexen.find.gif" [1]
2015-09-12 16:57:19 URL:http://www.sbsoftware.com/graphics/gifs/hexen.find.small.gif [7066/7066] -> "www.sbsoftware.com_20150912/graphics/gifs/hexen.find.small.gif" [1]
2015-09-12 16:57:19 URL:http://www.sbsoftware.com/graphics/gifs/hexen.development.gif [39569/39569] -> "www.sbsoftware.com_20150912/graphics/gifs/hexen.development.gif" [1]
2015-09-12 16:57:19 URL:http://www.sbsoftware.com/graphics/gifs/hexen.development.small.gif [8464/8464] -> "www.sbsoftware.com_20150912/graphics/gifs/hexen.development.small.gif" [1]
2015-09-12 16:57:19 URL:http://www.sbsoftware.com/graphics/gifs/list.menus.gif [39889/39889] -> "www.sbsoftware.com_20150912/graphics/gifs/list.menus.gif" [1]
2015-09-12 16:57:19 URL:http://www.sbsoftware.com/graphics/gifs/list.menus.small.gif [8780/8780] -> "www.sbsoftware.com_20150912/graphics/gifs/list.menus.small.gif" [1]
2015-09-12 16:57:20 URL:http://www.sbsoftware.com/deepad.css [165/165] -> "www.sbsoftware.com_20150912/deepad.css" [1]
2015-09-12 16:57:20 URL:http://www.sbsoftware.com/adback.jpg [972/972] -> "www.sbsoftware.com_20150912/adback.jpg" [1]
2015-09-12 16:57:20 URL:http://www.sbsoftware.com/doomheadsmall.jpg [1276/1276] -> "www.sbsoftware.com_20150912/doomheadsmall.jpg" [1]
2015-09-12 16:57:20 URL:http://www.sbsoftware.com/onlinehelp/bssctab1.gif [237/237] -> "www.sbsoftware.com_20150912/onlinehelp/bssctab1.gif" [1]
2015-09-12 16:57:20 URL:http://www.sbsoftware.com/onlinehelp/idxlist.htm [25607/25607] -> "www.sbsoftware.com_20150912/onlinehelp/idxlist.htm" [1]
2015-09-12 16:57:20 URL:http://www.sbsoftware.com/onlinehelp/bssctab4.gif [198/198] -> "www.sbsoftware.com_20150912/onlinehelp/bssctab4.gif" [1]
2015-09-12 16:57:21 URL:http://www.sbsoftware.com/onlinehelp/bssctab0.gif [1121/1121] -> "www.sbsoftware.com_20150912/onlinehelp/bssctab0.gif" [1]
2015-09-12 16:57:21 URL:http://www.sbsoftware.com/onlinehelp/bssctoc2.gif [959/959] -> "www.sbsoftware.com_20150912/onlinehelp/bssctoc2.gif" [1]
2015-09-12 16:57:21 URL:http://www.sbsoftware.com/onlinehelp/bssctoc3.gif [155/155] -> "www.sbsoftware.com_20150912/onlinehelp/bssctoc3.gif" [1]
2015-09-12 16:57:21 URL:http://www.sbsoftware.com/onlinehelp/glossary.htm [37394/37394] -> "www.sbsoftware.com_20150912/onlinehelp/glossary.htm" [1]
2015-09-12 16:57:21 URL:http://www.sbsoftware.com/onlinehelp/idh_no_help_available.htm [2515/2515] -> "www.sbsoftware.com_20150912/onlinehelp/idh_no_help_available.htm" [1]
2015-09-12 16:57:22 URL:http://www.sbsoftware.com/onlinehelp/about_deep.htm [6916/6916] -> "www.sbsoftware.com_20150912/onlinehelp/about_deep.htm" [1]
2015-09-12 16:57:22 URL:http://www.sbsoftware.com/onlinehelp/what_s_new.htm [370898/370898] -> "www.sbsoftware.com_20150912/onlinehelp/what_s_new.htm" [1]
2015-09-12 16:57:23 URL:http://www.sbsoftware.com/onlinehelp/overview_of_all_commands.htm [145092/145092] -> "www.sbsoftware.com_20150912/onlinehelp/overview_of_all_commands.htm" [1]
2015-09-12 16:57:23 URL:http://www.sbsoftware.com/onlinehelp/credits.htm [7936/7936] -> "www.sbsoftware.com_20150912/onlinehelp/credits.htm" [1]
2015-09-12 16:57:23 URL:http://www.sbsoftware.com/onlinehelp/options_f5_map_node_project_color_sound_texture_check_zoom.htm [126830/126830] -> "www.sbsoftware.com_20150912/onlinehelp/options_f5_map_node_project_color_sound_texture_check_zoom.htm" [1]
2015-09-12 16:57:23 URL:http://www.sbsoftware.com/onlinehelp/backup_levels_how_it_works.htm [4636/4636] -> "www.sbsoftware.com_20150912/onlinehelp/backup_levels_how_it_works.htm" [1]
2015-09-12 16:57:24 URL:http://www.sbsoftware.com/onlinehelp/node_building.htm [25631/25631] -> "www.sbsoftware.com_20150912/onlinehelp/node_building.htm" [1]
2015-09-12 16:57:24 URL:http://www.sbsoftware.com/onlinehelp/thing_attributes_1.htm [12252/12252] -> "www.sbsoftware.com_20150912/onlinehelp/thing_attributes_1.htm" [1]
2015-09-12 16:57:24 URL:http://www.sbsoftware.com/onlinehelp/linedef_type.htm [5874/5874] -> "www.sbsoftware.com_20150912/onlinehelp/linedef_type.htm" [1]
2015-09-12 16:57:24 URL:http://www.sbsoftware.com/onlinehelp/linedef_attributes_2.htm [9823/9823] -> "www.sbsoftware.com_20150912/onlinehelp/linedef_attributes_2.htm" [1]
2015-09-12 16:57:24 URL:http://www.sbsoftware.com/onlinehelp/sector_attributes.htm [2687/2687] -> "www.sbsoftware.com_20150912/onlinehelp/sector_attributes.htm" [1]
2015-09-12 16:57:25 URL:http://www.sbsoftware.com/onlinehelp/choose_game_project.htm [11103/11103] -> "www.sbsoftware.com_20150912/onlinehelp/choose_game_project.htm" [1]
2015-09-12 16:57:25 URL:http://www.sbsoftware.com/onlinehelp/statistics_a_summary_of_your_level.htm [4718/4718] -> "www.sbsoftware.com_20150912/onlinehelp/statistics_a_summary_of_your_level.htm" [1]
2015-09-12 16:57:25 URL:http://www.sbsoftware.com/onlinehelp/example_wadfiles.htm [3650/3650] -> "www.sbsoftware.com_20150912/onlinehelp/example_wadfiles.htm" [1]
2015-09-12 16:57:25 URL:http://www.sbsoftware.com/onlinehelp/map_vocabulary_words_to_recognize.htm [10178/10178] -> "www.sbsoftware.com_20150912/onlinehelp/map_vocabulary_words_to_recognize.htm" [1]
2015-09-12 16:57:25 URL:http://www.sbsoftware.com/onlinehelp/a_detailed_look_at_wad_files.htm [65565/65565] -> "www.sbsoftware.com_20150912/onlinehelp/a_detailed_look_at_wad_files.htm" [1]
2015-09-12 16:57:26 URL:http://www.sbsoftware.com/onlinehelp/calculator_how_to_use.htm [8649/8649] -> "www.sbsoftware.com_20150912/onlinehelp/calculator_how_to_use.htm" [1]
2015-09-12 16:57:26 URL:http://www.sbsoftware.com/onlinehelp/keyboard_and_mouse_command_summary.htm [87026/87026] -> "www.sbsoftware.com_20150912/onlinehelp/keyboard_and_mouse_command_summary.htm" [1]
2015-09-12 16:57:26 URL:http://www.sbsoftware.com/onlinehelp/idh_registration.htm [9776/9776] -> "www.sbsoftware.com_20150912/onlinehelp/idh_registration.htm" [1]
2015-09-12 16:57:26 URL:http://www.sbsoftware.com/onlinehelp/deep_order_form.htm [12248/12248] -> "www.sbsoftware.com_20150912/onlinehelp/deep_order_form.htm" [1]
2015-09-12 16:57:26 URL:http://www.sbsoftware.com/onlinehelp/tutorial_levels.htm [113591/113591] -> "www.sbsoftware.com_20150912/onlinehelp/tutorial_levels.htm" [1]
2015-09-12 16:57:27 URL:http://www.sbsoftware.com/onlinehelp/why_can_t_i_just_draw_sectors_on_the_map.htm [4354/4354] -> "www.sbsoftware.com_20150912/onlinehelp/why_can_t_i_just_draw_sectors_on_the_map.htm" [1]
2015-09-12 16:57:27 URL:http://www.sbsoftware.com/onlinehelp/graphics_how_you_can_customize_the_game_graphics.htm [6455/6455] -> "www.sbsoftware.com_20150912/onlinehelp/graphics_how_you_can_customize_the_game_graphics.htm" [1]
2015-09-12 16:57:27 URL:http://www.sbsoftware.com/onlinehelp/graphic_how_to_use_custom_images.htm [6553/6553] -> "www.sbsoftware.com_20150912/onlinehelp/graphic_how_to_use_custom_images.htm" [1]
2015-09-12 16:57:27 URL:http://www.sbsoftware.com/onlinehelp/setting_linedef_lengths.htm [3448/3448] -> "www.sbsoftware.com_20150912/onlinehelp/setting_linedef_lengths.htm" [1]
2015-09-12 16:57:27 URL:http://www.sbsoftware.com/onlinehelp/design_and_shaping_of_areas.htm [15417/15417] -> "www.sbsoftware.com_20150912/onlinehelp/design_and_shaping_of_areas.htm" [1]
2015-09-12 16:57:28 URL:http://www.sbsoftware.com/onlinehelp/file_menu_options.htm [46577/46577] -> "www.sbsoftware.com_20150912/onlinehelp/file_menu_options.htm" [1]
2015-09-12 16:57:28 URL:http://www.sbsoftware.com/onlinehelp/hexen_lump_menu_f6_.htm [21352/21352] -> "www.sbsoftware.com_20150912/onlinehelp/hexen_lump_menu_f6_.htm" [1]
2015-09-12 16:57:28 URL:http://www.sbsoftware.com/onlinehelp/import_export_author_lump_menu_f7_.htm [11104/11104] -> "www.sbsoftware.com_20150912/onlinehelp/import_export_author_lump_menu_f7_.htm" [1]
2015-09-12 16:57:28 URL:http://www.sbsoftware.com/onlinehelp/export_dialog_lump.htm [28935/28935] -> "www.sbsoftware.com_20150912/onlinehelp/export_dialog_lump.htm" [1]
2015-09-12 16:57:28 URL:http://www.sbsoftware.com/onlinehelp/import_dialog_lump.htm [31492/31492] -> "www.sbsoftware.com_20150912/onlinehelp/import_dialog_lump.htm" [1]
2015-09-12 16:57:29 URL:http://www.sbsoftware.com/onlinehelp/rename_dialog_lump.htm [22580/22580] -> "www.sbsoftware.com_20150912/onlinehelp/rename_dialog_lump.htm" [1]
2015-09-12 16:57:29 URL:http://www.sbsoftware.com/onlinehelp/automatic_graphic_lump_texture_conversion.htm [7347/7347] -> "www.sbsoftware.com_20150912/onlinehelp/automatic_graphic_lump_texture_conversion.htm" [1]
2015-09-12 16:57:29 URL:http://www.sbsoftware.com/onlinehelp/automatic_flat_texture_conversion.htm [9185/9185] -> "www.sbsoftware.com_20150912/onlinehelp/automatic_flat_texture_conversion.htm" [1]
2015-09-12 16:57:29 URL:http://www.sbsoftware.com/onlinehelp/automatic_bmp_to_texture_conversion.htm [8091/8091] -> "www.sbsoftware.com_20150912/onlinehelp/automatic_bmp_to_texture_conversion.htm" [1]
2015-09-12 16:57:29 URL:http://www.sbsoftware.com/onlinehelp/testing_level_notes.htm [19078/19078] -> "www.sbsoftware.com_20150912/onlinehelp/testing_level_notes.htm" [1]
2015-09-12 16:57:30 URL:http://www.sbsoftware.com/onlinehelp/cheat_codes.htm [27274/27274] -> "www.sbsoftware.com_20150912/onlinehelp/cheat_codes.htm" [1]
2015-09-12 16:57:30 URL:http://www.sbsoftware.com/onlinehelp/hexen_development_menu.htm [2955/2955] -> "www.sbsoftware.com_20150912/onlinehelp/hexen_development_menu.htm" [1]
2015-09-12 16:57:30 URL:http://www.sbsoftware.com/onlinehelp/printing_maps.htm [6834/6834] -> "www.sbsoftware.com_20150912/onlinehelp/printing_maps.htm" [1]
2015-09-12 16:57:30 URL:http://www.sbsoftware.com/onlinehelp/edit_menu_options.htm [53419/53419] -> "www.sbsoftware.com_20150912/onlinehelp/edit_menu_options.htm" [1]
2015-09-12 16:57:30 URL:http://www.sbsoftware.com/onlinehelp/graphics_sprite_edit_changing_sprite_offsets.htm [8167/8167] -> "www.sbsoftware.com_20150912/onlinehelp/graphics_sprite_edit_changing_sprite_offsets.htm" [1]
2015-09-12 16:57:31 URL:http://www.sbsoftware.com/onlinehelp/graphics_convert_textures_flats.htm [3893/3893] -> "www.sbsoftware.com_20150912/onlinehelp/graphics_convert_textures_flats.htm" [1]
2015-09-12 16:57:31 URL:http://www.sbsoftware.com/onlinehelp/graphics_export_all_textures.htm [8231/8231] -> "www.sbsoftware.com_20150912/onlinehelp/graphics_export_all_textures.htm" [1]
2015-09-12 16:57:31 URL:http://www.sbsoftware.com/onlinehelp/graphics_flats.htm [17680/17680] -> "www.sbsoftware.com_20150912/onlinehelp/graphics_flats.htm" [1]
2015-09-12 16:57:31 URL:http://www.sbsoftware.com/onlinehelp/graphics_save_graphics_as_a_bmp_pcx_file.htm [4262/4262] -> "www.sbsoftware.com_20150912/onlinehelp/graphics_save_graphics_as_a_bmp_pcx_file.htm" [1]
2015-09-12 16:57:31 URL:http://www.sbsoftware.com/onlinehelp/graphics_texture_defaults.htm [12300/12300] -> "www.sbsoftware.com_20150912/onlinehelp/graphics_texture_defaults.htm" [1]
2015-09-12 16:57:32 URL:http://www.sbsoftware.com/onlinehelp/user_tool_creation.htm [17703/17703] -> "www.sbsoftware.com_20150912/onlinehelp/user_tool_creation.htm" [1]
2015-09-12 16:57:32 URL:http://www.sbsoftware.com/onlinehelp/error_checking_options.htm [12300/12300] -> "www.sbsoftware.com_20150912/onlinehelp/error_checking_options.htm" [1]
2015-09-12 16:57:32 URL:http://www.sbsoftware.com/onlinehelp/thing_filter_mask.htm [8142/8142] -> "www.sbsoftware.com_20150912/onlinehelp/thing_filter_mask.htm" [1]
2015-09-12 16:57:33 URL:http://www.sbsoftware.com/onlinehelp/tool_bars.htm [22174/22174] -> "www.sbsoftware.com_20150912/onlinehelp/tool_bars.htm" [1]
2015-09-12 16:57:33 URL:http://www.sbsoftware.com/onlinehelp/search_menu_options.htm [13226/13226] -> "www.sbsoftware.com_20150912/onlinehelp/search_menu_options.htm" [1]
2015-09-12 16:57:33 URL:http://www.sbsoftware.com/onlinehelp/mode_menu_options.htm [15890/15890] -> "www.sbsoftware.com_20150912/onlinehelp/mode_menu_options.htm" [1]
2015-09-12 16:57:34 URL:http://www.sbsoftware.com/onlinehelp/misc_menu_options_doors_rotate_align_texture_flip.htm [34012/34012] -> "www.sbsoftware.com_20150912/onlinehelp/misc_menu_options_doors_rotate_align_texture_flip.htm" [1]
2015-09-12 16:57:34 URL:http://www.sbsoftware.com/onlinehelp/how_to_make_different_doors.htm [28816/28816] -> "www.sbsoftware.com_20150912/onlinehelp/how_to_make_different_doors.htm" [1]
2015-09-12 16:57:34 URL:http://www.sbsoftware.com/onlinehelp/how_to_make_stairs.htm [7950/7950] -> "www.sbsoftware.com_20150912/onlinehelp/how_to_make_stairs.htm" [1]
2015-09-12 16:57:34 URL:http://www.sbsoftware.com/onlinehelp/prefabs_user_defined_.htm [3041/3041] -> "www.sbsoftware.com_20150912/onlinehelp/prefabs_user_defined_.htm" [1]
2015-09-12 16:57:35 URL:http://www.sbsoftware.com/onlinehelp/object_menu_options_rectangle_stairs_teleports.htm [31251/31251] -> "www.sbsoftware.com_20150912/onlinehelp/object_menu_options_rectangle_stairs_teleports.htm" [1]
2015-09-12 16:57:35 URL:http://www.sbsoftware.com/onlinehelp/prefab_slopes_tunnels_domes_and_pits_.htm [18072/18072] -> "www.sbsoftware.com_20150912/onlinehelp/prefab_slopes_tunnels_domes_and_pits_.htm" [1]
2015-09-12 16:57:35 URL:http://www.sbsoftware.com/onlinehelp/check_menu_options_errors_and_statistics.htm [25033/25033] -> "www.sbsoftware.com_20150912/onlinehelp/check_menu_options_errors_and_statistics.htm" [1]
2015-09-12 16:57:35 URL:http://www.sbsoftware.com/onlinehelp/sector_not_closed.htm [17326/17326] -> "www.sbsoftware.com_20150912/onlinehelp/sector_not_closed.htm" [1]
2015-09-12 16:57:36 URL:http://www.sbsoftware.com/onlinehelp/sector_fixing_automatic_.htm [4225/4225] -> "www.sbsoftware.com_20150912/onlinehelp/sector_fixing_automatic_.htm" [1]
2015-09-12 16:57:36 URL:http://www.sbsoftware.com/onlinehelp/edit_thing_type_and_flags.htm [13247/13247] -> "www.sbsoftware.com_20150912/onlinehelp/edit_thing_type_and_flags.htm" [1]
2015-09-12 16:57:36 URL:http://www.sbsoftware.com/onlinehelp/hexen_spawn_things.htm [3704/3704] -> "www.sbsoftware.com_20150912/onlinehelp/hexen_spawn_things.htm" [1]
2015-09-12 16:57:37 URL:http://www.sbsoftware.com/onlinehelp/hexen_acs_specifications_zdoom_also_.htm [332356/332356] -> "www.sbsoftware.com_20150912/onlinehelp/hexen_acs_specifications_zdoom_also_.htm" [1]
2015-09-12 16:57:37 URL:http://www.sbsoftware.com/onlinehelp/edit_linedef_type_flags_and_tags.htm [27039/27039] -> "www.sbsoftware.com_20150912/onlinehelp/edit_linedef_type_flags_and_tags.htm" [1]
2015-09-12 16:57:37 URL:http://www.sbsoftware.com/onlinehelp/texture_setting_on_bottom_display.htm [6637/6637] -> "www.sbsoftware.com_20150912/onlinehelp/texture_setting_on_bottom_display.htm" [1]
2015-09-12 16:57:38 URL:http://www.sbsoftware.com/onlinehelp/browsing_commands.htm [9183/9183] -> "www.sbsoftware.com_20150912/onlinehelp/browsing_commands.htm" [1]
2015-09-12 16:57:38 URL:http://www.sbsoftware.com/onlinehelp/hexen_thing_linedef_specials.htm [3089/3089] -> "www.sbsoftware.com_20150912/onlinehelp/hexen_thing_linedef_specials.htm" [1]
2015-09-12 16:57:38 URL:http://www.sbsoftware.com/onlinehelp/edit_sector_type_and_tag.htm [10211/10211] -> "www.sbsoftware.com_20150912/onlinehelp/edit_sector_type_and_tag.htm" [1]
2015-09-12 16:57:38 URL:http://www.sbsoftware.com/onlinehelp/tutorial_quick_start.htm [55030/55030] -> "www.sbsoftware.com_20150912/onlinehelp/tutorial_quick_start.htm" [1]
2015-09-12 16:57:38 URL:http://www.sbsoftware.com/onlinehelp/nodes_viewer.htm [13074/13074] -> "www.sbsoftware.com_20150912/onlinehelp/nodes_viewer.htm" [1]
2015-09-12 16:57:39 URL:http://www.sbsoftware.com/onlinehelp/screen_saver.htm [2976/2976] -> "www.sbsoftware.com_20150912/onlinehelp/screen_saver.htm" [1]
2015-09-12 16:57:39 URL:http://www.sbsoftware.com/onlinehelp/opening_a_pwad_and_when_maps_won_t_show_up.htm [8809/8809] -> "www.sbsoftware.com_20150912/onlinehelp/opening_a_pwad_and_when_maps_won_t_show_up.htm" [1]
2015-09-12 16:57:39 URL:http://www.sbsoftware.com/onlinehelp/tcf_texture_group_configuration_file.htm [8836/8836] -> "www.sbsoftware.com_20150912/onlinehelp/tcf_texture_group_configuration_file.htm" [1]
2015-09-12 16:57:39 URL:http://www.sbsoftware.com/onlinehelp/hexen_acs_action_code_script.htm [5658/5658] -> "www.sbsoftware.com_20150912/onlinehelp/hexen_acs_action_code_script.htm" [1]
2015-09-12 16:57:39 URL:http://www.sbsoftware.com/onlinehelp/hexen_mapinfo_and_sndinfo.htm [17289/17289] -> "www.sbsoftware.com_20150912/onlinehelp/hexen_mapinfo_and_sndinfo.htm" [1]
2015-09-12 16:57:40 URL:http://www.sbsoftware.com/onlinehelp/lump_what_is_a_lump.htm [4924/4924] -> "www.sbsoftware.com_20150912/onlinehelp/lump_what_is_a_lump.htm" [1]
2015-09-12 16:57:40 URL:http://www.sbsoftware.com/onlinehelp/insert_file_make_a_pwad_out_of_any_file.htm [4227/4227] -> "www.sbsoftware.com_20150912/onlinehelp/insert_file_make_a_pwad_out_of_any_file.htm" [1]
2015-09-12 16:57:40 URL:http://www.sbsoftware.com/onlinehelp/insert_lump_insert_a_lump_directly_into_a_pwad.htm [3412/3412] -> "www.sbsoftware.com_20150912/onlinehelp/insert_lump_insert_a_lump_directly_into_a_pwad.htm" [1]
2015-09-12 16:57:40 URL:http://www.sbsoftware.com/onlinehelp/ungroup_data_from_a_grouped_pwad.htm [7077/7077] -> "www.sbsoftware.com_20150912/onlinehelp/ungroup_data_from_a_grouped_pwad.htm" [1]
2015-09-12 16:57:40 URL:http://www.sbsoftware.com/onlinehelp/group_all_files_together_add_sound_graphics_levels.htm [6546/6546] -> "www.sbsoftware.com_20150912/onlinehelp/group_all_files_together_add_sound_graphics_levels.htm" [1]
2015-09-12 16:57:41 URL:http://www.sbsoftware.com/onlinehelp/iwad_create_a_new_iwad.htm [3506/3506] -> "www.sbsoftware.com_20150912/onlinehelp/iwad_create_a_new_iwad.htm" [1]
2015-09-12 16:57:41 URL:http://www.sbsoftware.com/onlinehelp/graphics_create_texture_file.htm [4503/4503] -> "www.sbsoftware.com_20150912/onlinehelp/graphics_create_texture_file.htm" [1]
2015-09-12 16:57:41 URL:http://www.sbsoftware.com/onlinehelp/graphics_create_flat_file.htm [4516/4516] -> "www.sbsoftware.com_20150912/onlinehelp/graphics_create_flat_file.htm" [1]
2015-09-12 16:57:41 URL:http://www.sbsoftware.com/onlinehelp/texture_x_y_alignment.htm [5789/5789] -> "www.sbsoftware.com_20150912/onlinehelp/texture_x_y_alignment.htm" [1]
2015-09-12 16:57:41 URL:http://www.sbsoftware.com/onlinehelp/hexen_text_editor_for_scripts_and_other_lumps.htm [3381/3381] -> "www.sbsoftware.com_20150912/onlinehelp/hexen_text_editor_for_scripts_and_other_lumps.htm" [1]
2015-09-12 16:57:41 URL:http://www.sbsoftware.com/onlinehelp/graphics_view_bmp_pcx_files.htm [4538/4538] -> "www.sbsoftware.com_20150912/onlinehelp/graphics_view_bmp_pcx_files.htm" [1]
2015-09-12 16:57:42 URL:http://www.sbsoftware.com/onlinehelp/project_change_game_read_and_create.htm [15743/15743] -> "www.sbsoftware.com_20150912/onlinehelp/project_change_game_read_and_create.htm" [1]
2015-09-12 16:57:42 URL:http://www.sbsoftware.com/onlinehelp/graphics_convert_textures_between_games.htm [11817/11817] -> "www.sbsoftware.com_20150912/onlinehelp/graphics_convert_textures_between_games.htm" [1]
2015-09-12 16:57:42 URL:http://www.sbsoftware.com/onlinehelp/graphics_texture_name_edit_changing_textures.htm [43585/43585] -> "www.sbsoftware.com_20150912/onlinehelp/graphics_texture_name_edit_changing_textures.htm" [1]
2015-09-12 16:57:42 URL:http://www.sbsoftware.com/onlinehelp/graphics_editor_keys.htm [15587/15587] -> "www.sbsoftware.com_20150912/onlinehelp/graphics_editor_keys.htm" [1]
2015-09-12 16:57:42 URL:http://www.sbsoftware.com/onlinehelp/graphics_editor.htm [41860/41860] -> "www.sbsoftware.com_20150912/onlinehelp/graphics_editor.htm" [1]
2015-09-12 16:57:43 URL:http://www.sbsoftware.com/onlinehelp/graphics_drawing_graphics_tutorial.htm [19972/19972] -> "www.sbsoftware.com_20150912/onlinehelp/graphics_drawing_graphics_tutorial.htm" [1]
2015-09-12 16:57:43 URL:http://www.sbsoftware.com/onlinehelp/graphics_importing_bmp_pcx_images.htm [5419/5419] -> "www.sbsoftware.com_20150912/onlinehelp/graphics_importing_bmp_pcx_images.htm" [1]
2015-09-12 16:57:43 URL:http://www.sbsoftware.com/onlinehelp/palette_color_matching.htm [6297/6297] -> "www.sbsoftware.com_20150912/onlinehelp/palette_color_matching.htm" [1]
2015-09-12 16:57:43 URL:http://www.sbsoftware.com/onlinehelp/_d_view_displaying_maps_in_3d.htm [10593/10593] -> "www.sbsoftware.com_20150912/onlinehelp/_d_view_displaying_maps_in_3d.htm" [1]
2015-09-12 16:57:44 URL:http://www.sbsoftware.com/onlinehelp/_d_walkthrough.htm [103620/103620] -> "www.sbsoftware.com_20150912/onlinehelp/_d_walkthrough.htm" [1]
2015-09-12 16:57:44 URL:http://www.sbsoftware.com/onlinehelp/browsing_maps_floors_ceilings_and_sprites.htm [5369/5369] -> "www.sbsoftware.com_20150912/onlinehelp/browsing_maps_floors_ceilings_and_sprites.htm" [1]
2015-09-12 16:57:44 URL:http://www.sbsoftware.com/onlinehelp/drawing_tool.htm [22143/22143] -> "www.sbsoftware.com_20150912/onlinehelp/drawing_tool.htm" [1]
2015-09-12 16:57:44 URL:http://www.sbsoftware.com/onlinehelp/select_tool.htm [4611/4611] -> "www.sbsoftware.com_20150912/onlinehelp/select_tool.htm" [1]
2015-09-12 16:57:44 URL:http://www.sbsoftware.com/onlinehelp/drag_tool.htm [4238/4238] -> "www.sbsoftware.com_20150912/onlinehelp/drag_tool.htm" [1]
2015-09-12 16:57:44 URL:http://www.sbsoftware.com/onlinehelp/rectangle_tool.htm [7018/7018] -> "www.sbsoftware.com_20150912/onlinehelp/rectangle_tool.htm" [1]
2015-09-12 16:57:45 URL:http://www.sbsoftware.com/onlinehelp/polygon_tool.htm [7156/7156] -> "www.sbsoftware.com_20150912/onlinehelp/polygon_tool.htm" [1]
2015-09-12 16:57:45 URL:http://www.sbsoftware.com/onlinehelp/stair_tool.htm [8327/8327] -> "www.sbsoftware.com_20150912/onlinehelp/stair_tool.htm" [1]
2015-09-12 16:57:45 URL:http://www.sbsoftware.com/onlinehelp/rotate_tool.htm [5792/5792] -> "www.sbsoftware.com_20150912/onlinehelp/rotate_tool.htm" [1]
2015-09-12 16:57:45 URL:http://www.sbsoftware.com/onlinehelp/disk_and_exe_error_codes.htm [7847/7847] -> "www.sbsoftware.com_20150912/onlinehelp/disk_and_exe_error_codes.htm" [1]
2015-09-12 16:57:45 URL:http://www.sbsoftware.com/onlinehelp/first_time_installation.htm [20139/20139] -> "www.sbsoftware.com_20150912/onlinehelp/first_time_installation.htm" [1]
2015-09-12 16:57:46 URL:http://www.sbsoftware.com/onlinehelp/hardware_software_requirements.htm [6754/6754] -> "www.sbsoftware.com_20150912/onlinehelp/hardware_software_requirements.htm" [1]
2015-09-12 16:57:46 URL:http://www.sbsoftware.com/onlinehelp/opt_creating_new_thing_linedef_and_sector_descriptions.htm [49558/49558] -> "www.sbsoftware.com_20150912/onlinehelp/opt_creating_new_thing_linedef_and_sector_descriptions.htm" [1]
2015-09-12 16:57:46 URL:http://www.sbsoftware.com/onlinehelp/decorate.htm [6403/6403] -> "www.sbsoftware.com_20150912/onlinehelp/decorate.htm" [1]
2015-09-12 16:57:46 URL:http://www.sbsoftware.com/onlinehelp/quake_and_hexen_ii_menu.htm [9774/9774] -> "www.sbsoftware.com_20150912/onlinehelp/quake_and_hexen_ii_menu.htm" [1]
2015-09-12 16:57:46 URL:http://www.sbsoftware.com/onlinehelp/deepbench.htm [2759/2759] -> "www.sbsoftware.com_20150912/onlinehelp/deepbench.htm" [1]
2015-09-12 16:57:47 URL:http://www.sbsoftware.com/onlinehelp/zdoom.htm [3016/3016] -> "www.sbsoftware.com_20150912/onlinehelp/zdoom.htm" [1]
2015-09-12 16:57:47 URL:http://www.sbsoftware.com/onlinehelp/boom.htm [2819/2819] -> "www.sbsoftware.com_20150912/onlinehelp/boom.htm" [1]
2015-09-12 16:57:47 URL:http://www.sbsoftware.com/onlinehelp/relative_change_control.htm [4885/4885] -> "www.sbsoftware.com_20150912/onlinehelp/relative_change_control.htm" [1]
2015-09-12 16:57:47 URL:http://www.sbsoftware.com/onlinehelp/how_to_edit_doom_levels_using_zdoomhexen_project.htm [6151/6151] -> "www.sbsoftware.com_20150912/onlinehelp/how_to_edit_doom_levels_using_zdoomhexen_project.htm" [1]
2015-09-12 16:57:47 URL:http://www.sbsoftware.com/onlinehelp/palette_editing_playpal_.htm [24062/24062] -> "www.sbsoftware.com_20150912/onlinehelp/palette_editing_playpal_.htm" [1]
2015-09-12 16:57:48 URL:http://www.sbsoftware.com/onlinehelp/deep_ns.css [6199/6199] -> "www.sbsoftware.com_20150912/onlinehelp/deep_ns.css" [1]
2015-09-12 16:57:48 URL:http://www.sbsoftware.com/onlinehelp/ehlpdht1.js [49892/49892] -> "www.sbsoftware.com_20150912/onlinehelp/ehlpdht1.js" [1]
2015-09-12 16:57:48 URL:http://www.sbsoftware.com/onlinehelp/ehlpdht2.js [70762/70762] -> "www.sbsoftware.com_20150912/onlinehelp/ehlpdht2.js" [1]
2015-09-12 16:57:48 URL:http://www.sbsoftware.com/onlinehelp/yellowfill.gif [964/964] -> "www.sbsoftware.com_20150912/onlinehelp/yellowfill.gif" [1]
2015-09-12 16:57:48 URL:http://www.sbsoftware.com/onlinehelp/deepseabutton4.gif [1245/1245] -> "www.sbsoftware.com_20150912/onlinehelp/deepseabutton4.gif" [1]
2015-09-12 16:57:49 URL:http://www.sbsoftware.com/onlinehelp/binoculr.gif [227/227] -> "www.sbsoftware.com_20150912/onlinehelp/binoculr.gif" [1]
2015-09-12 16:57:49 URL:http://www.sbsoftware.com/onlinehelp/bridge.gif [277/277] -> "www.sbsoftware.com_20150912/onlinehelp/bridge.gif" [1]
2015-09-12 16:57:49 URL:http://www.sbsoftware.com/onlinehelp/book01b.gif [218/218] -> "www.sbsoftware.com_20150912/onlinehelp/book01b.gif" [1]
2015-09-12 16:57:49 URL:http://www.sbsoftware.com/onlinehelp/books01.gif [285/285] -> "www.sbsoftware.com_20150912/onlinehelp/books01.gif" [1]
2015-09-12 16:57:49 URL:http://www.sbsoftware.com/onlinehelp/face03.gif [233/233] -> "www.sbsoftware.com_20150912/onlinehelp/face03.gif" [1]
2015-09-12 16:57:49 URL:http://www.sbsoftware.com/onlinehelp/checkmrk.gif [159/159] -> "www.sbsoftware.com_20150912/onlinehelp/checkmrk.gif" [1]
2015-09-12 16:57:50 URL:http://www.sbsoftware.com/onlinehelp/lighton.gif [216/216] -> "www.sbsoftware.com_20150912/onlinehelp/lighton.gif" [1]
2015-09-12 16:57:50 URL:http://www.sbsoftware.com/onlinehelp/label.gif [229/229] -> "www.sbsoftware.com_20150912/onlinehelp/label.gif" [1]
2015-09-12 16:57:50 URL:http://www.sbsoftware.com/onlinehelp/bssctab2.gif [226/226] -> "www.sbsoftware.com_20150912/onlinehelp/bssctab2.gif" [1]
2015-09-12 16:57:50 URL:http://www.sbsoftware.com/onlinehelp/bssctab3.gif [209/209] -> "www.sbsoftware.com_20150912/onlinehelp/bssctab3.gif" [1]
2015-09-12 16:57:50 URL:http://www.sbsoftware.com/onlinehelp/misc01.gif [216/216] -> "www.sbsoftware.com_20150912/onlinehelp/misc01.gif" [1]
2015-09-12 16:57:51 URL:http://www.sbsoftware.com/onlinehelp/deepglos_shg.gif [1206/1206] -> "www.sbsoftware.com_20150912/onlinehelp/deepglos_shg.gif" [1]
2015-09-12 16:57:51 URL:http://www.sbsoftware.com/onlinehelp/convert.gif [379/379] -> "www.sbsoftware.com_20150912/onlinehelp/convert.gif" [1]
2015-09-12 16:57:51 URL:http://www.sbsoftware.com/onlinehelp/debug.gif [284/284] -> "www.sbsoftware.com_20150912/onlinehelp/debug.gif" [1]
2015-09-12 16:57:51 URL:http://www.sbsoftware.com/onlinehelp/disks04.gif [266/266] -> "www.sbsoftware.com_20150912/onlinehelp/disks04.gif" [1]
2015-09-12 16:57:51 URL:http://www.sbsoftware.com/onlinehelp/eye.gif [271/271] -> "www.sbsoftware.com_20150912/onlinehelp/eye.gif" [1]
2015-09-12 16:57:51 URL:http://www.sbsoftware.com/onlinehelp/misc39b.gif [355/355] -> "www.sbsoftware.com_20150912/onlinehelp/misc39b.gif" [1]
2015-09-12 16:57:52 URL:http://www.sbsoftware.com/onlinehelp/length.gif [241/241] -> "www.sbsoftware.com_20150912/onlinehelp/length.gif" [1]
2015-09-12 16:57:52 URL:http://www.sbsoftware.com/onlinehelp/area.gif [296/296] -> "www.sbsoftware.com_20150912/onlinehelp/area.gif" [1]
2015-09-12 16:57:52 URL:http://www.sbsoftware.com/onlinehelp/trffc09.gif [312/312] -> "www.sbsoftware.com_20150912/onlinehelp/trffc09.gif" [1]
2015-09-12 16:57:52 URL:http://www.sbsoftware.com/onlinehelp/graph09.gif [310/310] -> "www.sbsoftware.com_20150912/onlinehelp/graph09.gif" [1]
2015-09-12 16:57:52 URL:http://www.sbsoftware.com/onlinehelp/plan.gif [195/195] -> "www.sbsoftware.com_20150912/onlinehelp/plan.gif" [1]
2015-09-12 16:57:53 URL:http://www.sbsoftware.com/onlinehelp/books04.gif [341/341] -> "www.sbsoftware.com_20150912/onlinehelp/books04.gif" [1]
2015-09-12 16:57:53 URL:http://www.sbsoftware.com/onlinehelp/narrative1.gif [4234/4234] -> "www.sbsoftware.com_20150912/onlinehelp/narrative1.gif" [1]
2015-09-12 16:57:53 URL:http://www.sbsoftware.com/onlinehelp/calc.gif [272/272] -> "www.sbsoftware.com_20150912/onlinehelp/calc.gif" [1]
2015-09-12 16:57:53 URL:http://www.sbsoftware.com/onlinehelp/keys03.gif [303/303] -> "www.sbsoftware.com_20150912/onlinehelp/keys03.gif" [1]
2015-09-12 16:57:53 URL:http://www.sbsoftware.com/onlinehelp/mouse02.gif [219/219] -> "www.sbsoftware.com_20150912/onlinehelp/mouse02.gif" [1]
2015-09-12 16:57:54 URL:http://www.sbsoftware.com/onlinehelp/file.gif [191/191] -> "www.sbsoftware.com_20150912/onlinehelp/file.gif" [1]
2015-09-12 16:57:54 URL:http://www.sbsoftware.com/onlinehelp/gaspump.gif [306/306] -> "www.sbsoftware.com_20150912/onlinehelp/gaspump.gif" [1]
2015-09-12 16:57:54 URL:http://www.sbsoftware.com/onlinehelp/cars.gif [271/271] -> "www.sbsoftware.com_20150912/onlinehelp/cars.gif" [1]
2015-09-12 16:57:54 URL:http://www.sbsoftware.com/onlinehelp/tutorial1.gif [1510/1510] -> "www.sbsoftware.com_20150912/onlinehelp/tutorial1.gif" [1]
2015-09-12 16:57:54 URL:http://www.sbsoftware.com/onlinehelp/tutorial2.gif [1412/1412] -> "www.sbsoftware.com_20150912/onlinehelp/tutorial2.gif" [1]
2015-09-12 16:57:55 URL:http://www.sbsoftware.com/onlinehelp/pencil14.gif [249/249] -> "www.sbsoftware.com_20150912/onlinehelp/pencil14.gif" [1]
2015-09-12 16:57:55 URL:http://www.sbsoftware.com/onlinehelp/bullseye.gif [274/274] -> "www.sbsoftware.com_20150912/onlinehelp/bullseye.gif" [1]
2015-09-12 16:57:55 URL:http://www.sbsoftware.com/onlinehelp/files03b.gif [248/248] -> "www.sbsoftware.com_20150912/onlinehelp/files03b.gif" [1]
2015-09-12 16:57:55 URL:http://www.sbsoftware.com/onlinehelp/timer01.gif [273/273] -> "www.sbsoftware.com_20150912/onlinehelp/timer01.gif" [1]
2015-09-12 16:57:55 URL:http://www.sbsoftware.com/onlinehelp/factory.gif [248/248] -> "www.sbsoftware.com_20150912/onlinehelp/factory.gif" [1]
2015-09-12 16:57:56 URL:http://www.sbsoftware.com/onlinehelp/wrench.gif [264/264] -> "www.sbsoftware.com_20150912/onlinehelp/wrench.gif" [1]
2015-09-12 16:57:56 URL:http://www.sbsoftware.com/onlinehelp/trffc16.gif [277/277] -> "www.sbsoftware.com_20150912/onlinehelp/trffc16.gif" [1]
2015-09-12 16:57:56 URL:http://www.sbsoftware.com/onlinehelp/circlock.gif [229/229] -> "www.sbsoftware.com_20150912/onlinehelp/circlock.gif" [1]
2015-09-12 16:57:56 URL:http://www.sbsoftware.com/onlinehelp/hammer.gif [278/278] -> "www.sbsoftware.com_20150912/onlinehelp/hammer.gif" [1]
2015-09-12 16:57:56 URL:http://www.sbsoftware.com/onlinehelp/ctrusa.gif [214/214] -> "www.sbsoftware.com_20150912/onlinehelp/ctrusa.gif" [1]
2015-09-12 16:57:57 URL:http://www.sbsoftware.com/onlinehelp/clip05.gif [245/245] -> "www.sbsoftware.com_20150912/onlinehelp/clip05.gif" [1]
2015-09-12 16:57:57 URL:http://www.sbsoftware.com/onlinehelp/pastemirror1.gif [1773/1773] -> "www.sbsoftware.com_20150912/onlinehelp/pastemirror1.gif" [1]
2015-09-12 16:57:57 URL:http://www.sbsoftware.com/onlinehelp/pastemirror2.gif [2596/2596] -> "www.sbsoftware.com_20150912/onlinehelp/pastemirror2.gif" [1]
2015-09-12 16:57:57 URL:http://www.sbsoftware.com/onlinehelp/vilep1.gif [1903/1903] -> "www.sbsoftware.com_20150912/onlinehelp/vilep1.gif" [1]
2015-09-12 16:57:57 URL:http://www.sbsoftware.com/onlinehelp/sgcrate2.gif [1222/1222] -> "www.sbsoftware.com_20150912/onlinehelp/sgcrate2.gif" [1]
2015-09-12 16:57:58 URL:http://www.sbsoftware.com/onlinehelp/slime09.gif [3046/3046] -> "www.sbsoftware.com_20150912/onlinehelp/slime09.gif" [1]
2015-09-12 16:57:58 URL:http://www.sbsoftware.com/onlinehelp/sargc1.gif [2205/2205] -> "www.sbsoftware.com_20150912/onlinehelp/sargc1.gif" [1]
2015-09-12 16:57:58 URL:http://www.sbsoftware.com/onlinehelp/point10.gif [210/210] -> "www.sbsoftware.com_20150912/onlinehelp/point10.gif" [1]
2015-09-12 16:57:58 URL:http://www.sbsoftware.com/onlinehelp/trffc18a.gif [268/268] -> "www.sbsoftware.com_20150912/onlinehelp/trffc18a.gif" [1]
2015-09-12 16:57:59 URL:http://www.sbsoftware.com/onlinehelp/fish.gif [212/212] -> "www.sbsoftware.com_20150912/onlinehelp/fish.gif" [1]
2015-09-12 16:58:00 URL:http://www.sbsoftware.com/onlinehelp/toolbardefinitiondlg.gif [36001/36001] -> "www.sbsoftware.com_20150912/onlinehelp/toolbardefinitiondlg.gif" [1]
2015-09-12 16:58:00 URL:http://www.sbsoftware.com/onlinehelp/toolbardisplaydlg.gif [14717/14717] -> "www.sbsoftware.com_20150912/onlinehelp/toolbardisplaydlg.gif" [1]
2015-09-12 16:58:00 URL:http://www.sbsoftware.com/onlinehelp/files09.gif [327/327] -> "www.sbsoftware.com_20150912/onlinehelp/files09.gif" [1]
2015-09-12 16:58:00 URL:http://www.sbsoftware.com/onlinehelp/match.gif [287/287] -> "www.sbsoftware.com_20150912/onlinehelp/match.gif" [1]
2015-09-12 16:58:00 URL:http://www.sbsoftware.com/onlinehelp/graph11.gif [267/267] -> "www.sbsoftware.com_20150912/onlinehelp/graph11.gif" [1]
2015-09-12 16:58:01 URL:http://www.sbsoftware.com/onlinehelp/close.gif [992/992] -> "www.sbsoftware.com_20150912/onlinehelp/close.gif" [1]
2015-09-12 16:58:01 URL:http://www.sbsoftware.com/onlinehelp/tutorf9doordialog1.gif [11307/11307] -> "www.sbsoftware.com_20150912/onlinehelp/tutorf9doordialog1.gif" [1]
2015-09-12 16:58:01 URL:http://www.sbsoftware.com/onlinehelp/tutorf9door2.gif [2200/2200] -> "www.sbsoftware.com_20150912/onlinehelp/tutorf9door2.gif" [1]
2015-09-12 16:58:01 URL:http://www.sbsoftware.com/onlinehelp/makedoor2.gif [1664/1664] -> "www.sbsoftware.com_20150912/onlinehelp/makedoor2.gif" [1]
2015-09-12 16:58:01 URL:http://www.sbsoftware.com/onlinehelp/makedoor3.gif [1387/1387] -> "www.sbsoftware.com_20150912/onlinehelp/makedoor3.gif" [1]
2015-09-12 16:58:02 URL:http://www.sbsoftware.com/onlinehelp/makedoor4a.gif [1265/1265] -> "www.sbsoftware.com_20150912/onlinehelp/makedoor4a.gif" [1]
2015-09-12 16:58:02 URL:http://www.sbsoftware.com/onlinehelp/makedoor5.gif [2048/2048] -> "www.sbsoftware.com_20150912/onlinehelp/makedoor5.gif" [1]
2015-09-12 16:58:02 URL:http://www.sbsoftware.com/onlinehelp/makedoor6.gif [1869/1869] -> "www.sbsoftware.com_20150912/onlinehelp/makedoor6.gif" [1]
2015-09-12 16:58:02 URL:http://www.sbsoftware.com/onlinehelp/trffc06.gif [227/227] -> "www.sbsoftware.com_20150912/onlinehelp/trffc06.gif" [1]
2015-09-12 16:58:02 URL:http://www.sbsoftware.com/onlinehelp/graph12.gif [312/312] -> "www.sbsoftware.com_20150912/onlinehelp/graph12.gif" [1]
2015-09-12 16:58:03 URL:http://www.sbsoftware.com/onlinehelp/sectornotclosed1.gif [2034/2034] -> "www.sbsoftware.com_20150912/onlinehelp/sectornotclosed1.gif" [1]
2015-09-12 16:58:03 URL:http://www.sbsoftware.com/onlinehelp/sectornotclosed2.gif [3331/3331] -> "www.sbsoftware.com_20150912/onlinehelp/sectornotclosed2.gif" [1]
2015-09-12 16:58:03 URL:http://www.sbsoftware.com/onlinehelp/playf1.gif [1706/1706] -> "www.sbsoftware.com_20150912/onlinehelp/playf1.gif" [1]
2015-09-12 16:58:03 URL:http://www.sbsoftware.com/onlinehelp/magef1.gif [2016/2016] -> "www.sbsoftware.com_20150912/onlinehelp/magef1.gif" [1]
2015-09-12 16:58:03 URL:http://www.sbsoftware.com/onlinehelp/trffc17.gif [165/165] -> "www.sbsoftware.com_20150912/onlinehelp/trffc17.gif" [1]
2015-09-12 16:58:03 URL:http://www.sbsoftware.com/onlinehelp/exchange.gif [1090/1090] -> "www.sbsoftware.com_20150912/onlinehelp/exchange.gif" [1]
2015-09-12 16:58:04 URL:http://www.sbsoftware.com/onlinehelp/dome.gif [294/294] -> "www.sbsoftware.com_20150912/onlinehelp/dome.gif" [1]
2015-09-12 16:58:04 URL:http://www.sbsoftware.com/onlinehelp/tutorfilenew.gif [6184/6184] -> "www.sbsoftware.com_20150912/onlinehelp/tutorfilenew.gif" [1]
2015-09-12 16:58:04 URL:http://www.sbsoftware.com/onlinehelp/tutoreditlevel.gif [9808/9808] -> "www.sbsoftware.com_20150912/onlinehelp/tutoreditlevel.gif" [1]
2015-09-12 16:58:04 URL:http://www.sbsoftware.com/onlinehelp/tutorf9.gif [4264/4264] -> "www.sbsoftware.com_20150912/onlinehelp/tutorf9.gif" [1]
2015-09-12 16:58:05 URL:http://www.sbsoftware.com/onlinehelp/tutorf9dialog.gif [21754/21754] -> "www.sbsoftware.com_20150912/onlinehelp/tutorf9dialog.gif" [1]
2015-09-12 16:58:05 URL:http://www.sbsoftware.com/onlinehelp/tutorroom1.gif [2569/2569] -> "www.sbsoftware.com_20150912/onlinehelp/tutorroom1.gif" [1]
2015-09-12 16:58:05 URL:http://www.sbsoftware.com/onlinehelp/tutorthing1.gif [14290/14290] -> "www.sbsoftware.com_20150912/onlinehelp/tutorthing1.gif" [1]
2015-09-12 16:58:05 URL:http://www.sbsoftware.com/onlinehelp/tutorinfo1.gif [2958/2958] -> "www.sbsoftware.com_20150912/onlinehelp/tutorinfo1.gif" [1]
2015-09-12 16:58:05 URL:http://www.sbsoftware.com/onlinehelp/tutorfilesave1.gif [8119/8119] -> "www.sbsoftware.com_20150912/onlinehelp/tutorfilesave1.gif" [1]
2015-09-12 16:58:06 URL:http://www.sbsoftware.com/onlinehelp/tutornode1.gif [7210/7210] -> "www.sbsoftware.com_20150912/onlinehelp/tutornode1.gif" [1]
2015-09-12 16:58:06 URL:http://www.sbsoftware.com/onlinehelp/tutortest1.gif [6090/6090] -> "www.sbsoftware.com_20150912/onlinehelp/tutortest1.gif" [1]
2015-09-12 16:58:06 URL:http://www.sbsoftware.com/onlinehelp/tutortest2.gif [9472/9472] -> "www.sbsoftware.com_20150912/onlinehelp/tutortest2.gif" [1]
2015-09-12 16:58:06 URL:http://www.sbsoftware.com/onlinehelp/tutorroom2.gif [3413/3413] -> "www.sbsoftware.com_20150912/onlinehelp/tutorroom2.gif" [1]
2015-09-12 16:58:06 URL:http://www.sbsoftware.com/onlinehelp/tutorroom3.gif [3806/3806] -> "www.sbsoftware.com_20150912/onlinehelp/tutorroom3.gif" [1]
2015-09-12 16:58:07 URL:http://www.sbsoftware.com/onlinehelp/tutorf10check1.gif [5390/5390] -> "www.sbsoftware.com_20150912/onlinehelp/tutorf10check1.gif" [1]
2015-09-12 16:58:07 URL:http://www.sbsoftware.com/onlinehelp/tutorf9door1.gif [4255/4255] -> "www.sbsoftware.com_20150912/onlinehelp/tutorf9door1.gif" [1]
2015-09-12 16:58:07 URL:http://www.sbsoftware.com/onlinehelp/tutorf9doormerge1.gif [3530/3530] -> "www.sbsoftware.com_20150912/onlinehelp/tutorf9doormerge1.gif" [1]
2015-09-12 16:58:07 URL:http://www.sbsoftware.com/onlinehelp/tutorf9doorfinished.gif [1745/1745] -> "www.sbsoftware.com_20150912/onlinehelp/tutorf9doorfinished.gif" [1]
2015-09-12 16:58:07 URL:http://www.sbsoftware.com/onlinehelp/tutorroominroom.gif [3627/3627] -> "www.sbsoftware.com_20150912/onlinehelp/tutorroominroom.gif" [1]
2015-09-12 16:58:08 URL:http://www.sbsoftware.com/onlinehelp/misc08.gif [210/210] -> "www.sbsoftware.com_20150912/onlinehelp/misc08.gif" [1]
2015-09-12 16:58:08 URL:http://www.sbsoftware.com/onlinehelp/sinewave.gif [261/261] -> "www.sbsoftware.com_20150912/onlinehelp/sinewave.gif" [1]
2015-09-12 16:58:08 URL:http://www.sbsoftware.com/onlinehelp/snow.gif [277/277] -> "www.sbsoftware.com_20150912/onlinehelp/snow.gif" [1]
2015-09-12 16:58:08 URL:http://www.sbsoftware.com/onlinehelp/trash02b.gif [246/246] -> "www.sbsoftware.com_20150912/onlinehelp/trash02b.gif" [1]
2015-09-12 16:58:08 URL:http://www.sbsoftware.com/onlinehelp/general.gif [284/284] -> "www.sbsoftware.com_20150912/onlinehelp/general.gif" [1]
2015-09-12 16:58:09 URL:http://www.sbsoftware.com/onlinehelp/key.gif [174/174] -> "www.sbsoftware.com_20150912/onlinehelp/key.gif" [1]
2015-09-12 16:58:09 URL:http://www.sbsoftware.com/onlinehelp/pencil04.gif [193/193] -> "www.sbsoftware.com_20150912/onlinehelp/pencil04.gif" [1]
2015-09-12 16:58:09 URL:http://www.sbsoftware.com/onlinehelp/pencil05.gif [196/196] -> "www.sbsoftware.com_20150912/onlinehelp/pencil05.gif" [1]
2015-09-12 16:58:09 URL:http://www.sbsoftware.com/onlinehelp/sun.gif [288/288] -> "www.sbsoftware.com_20150912/onlinehelp/sun.gif" [1]
2015-09-12 16:58:09 URL:http://www.sbsoftware.com/onlinehelp/deeppallette1.gif [10352/10352] -> "www.sbsoftware.com_20150912/onlinehelp/deeppallette1.gif" [1]
2015-09-12 16:58:10 URL:http://www.sbsoftware.com/onlinehelp/water.gif [252/252] -> "www.sbsoftware.com_20150912/onlinehelp/water.gif" [1]
2015-09-12 16:58:10 URL:http://www.sbsoftware.com/onlinehelp/arw09rt.gif [207/207] -> "www.sbsoftware.com_20150912/onlinehelp/arw09rt.gif" [1]
2015-09-12 16:58:10 URL:http://www.sbsoftware.com/onlinehelp/disk06.gif [233/233] -> "www.sbsoftware.com_20150912/onlinehelp/disk06.gif" [1]
2015-09-12 16:58:10 URL:http://www.sbsoftware.com/onlinehelp/clip02.gif [201/201] -> "www.sbsoftware.com_20150912/onlinehelp/clip02.gif" [1]
2015-09-12 16:58:10 URL:http://www.sbsoftware.com/onlinehelp/hand.gif [973/973] -> "www.sbsoftware.com_20150912/onlinehelp/hand.gif" [1]
2015-09-12 16:58:11 URL:http://www.sbsoftware.com/onlinehelp/bmpdecorate.gif [183/183] -> "www.sbsoftware.com_20150912/onlinehelp/bmpdecorate.gif" [1]
2015-09-12 16:58:11 URL:http://www.sbsoftware.com/onlinehelp/speed.gif [263/263] -> "www.sbsoftware.com_20150912/onlinehelp/speed.gif" [1]
2015-09-12 16:58:11 URL:http://www.sbsoftware.com/onlinehelp/fillup.gif [192/192] -> "www.sbsoftware.com_20150912/onlinehelp/fillup.gif" [1]
FINISHED --2015-09-12 16:58:11--
Total wall clock time: 1m 56s
Downloaded: 382 files, 47M in 37s (1.27 MB/s)
