2013-01-05 12:49:15 URL:http://www.nwnet.co.uk/syko/ [364/364] -> "www.nwnet.co.uk_syko_20130105/syko/index.html" [1]
2013-01-05 12:49:15 URL:http://www.nwnet.co.uk/syko/left.html [3915/3915] -> "www.nwnet.co.uk_syko_20130105/syko/left.html" [1]
2013-01-05 12:49:16 URL:http://www.nwnet.co.uk/syko/start.html [3366/3366] -> "www.nwnet.co.uk_syko_20130105/syko/start.html" [1]
2013-01-05 12:49:16 URL:http://www.nwnet.co.uk/syko/pics/mix.jpg [3093/3093] -> "www.nwnet.co.uk_syko_20130105/syko/pics/mix.jpg" [1]
2013-01-05 12:49:16 URL:http://www.nwnet.co.uk/syko/wok.html [1559/1559] -> "www.nwnet.co.uk_syko_20130105/syko/wok.html" [1]
2013-01-05 12:49:16 URL:http://www.nwnet.co.uk/syko/beef.html [12931/12931] -> "www.nwnet.co.uk_syko_20130105/syko/beef.html" [1]
2013-01-05 12:49:16 URL:http://www.nwnet.co.uk/syko/chicken.html [12794/12794] -> "www.nwnet.co.uk_syko_20130105/syko/chicken.html" [1]
2013-01-05 12:49:16 URL:http://www.nwnet.co.uk/syko/lamb.html [640/640] -> "www.nwnet.co.uk_syko_20130105/syko/lamb.html" [1]
2013-01-05 12:49:16 URL:http://www.nwnet.co.uk/syko/pork.html [21990/21990] -> "www.nwnet.co.uk_syko_20130105/syko/pork.html" [1]
2013-01-05 12:49:16 URL:http://www.nwnet.co.uk/syko/sea.html [8958/8958] -> "www.nwnet.co.uk_syko_20130105/syko/sea.html" [1]
2013-01-05 12:49:16 URL:http://www.nwnet.co.uk/syko/soup.html [4317/4317] -> "www.nwnet.co.uk_syko_20130105/syko/soup.html" [1]
2013-01-05 12:49:16 URL:http://www.nwnet.co.uk/syko/vege.html [6276/6276] -> "www.nwnet.co.uk_syko_20130105/syko/vege.html" [1]
2013-01-05 12:49:16 URL:http://www.nwnet.co.uk/syko/pony.html [9325/9325] -> "www.nwnet.co.uk_syko_20130105/syko/pony.html" [1]
2013-01-05 12:49:16 URL:http://www.nwnet.co.uk/syko/pony2.html [690/690] -> "www.nwnet.co.uk_syko_20130105/syko/pony2.html" [1]
2013-01-05 12:49:16 URL:http://www.nwnet.co.uk/syko/syko1.html [2322/2322] -> "www.nwnet.co.uk_syko_20130105/syko/syko1.html" [1]
2013-01-05 12:49:16 URL:http://www.nwnet.co.uk/syko/syko2.html [543/543] -> "www.nwnet.co.uk_syko_20130105/syko/syko2.html" [1]
2013-01-05 12:49:16 URL:http://www.nwnet.co.uk/syko/gboy.html [2562/2562] -> "www.nwnet.co.uk_syko_20130105/syko/gboy.html" [1]
2013-01-05 12:49:16 URL:http://www.nwnet.co.uk/syko/gb.html [3602/3602] -> "www.nwnet.co.uk_syko_20130105/syko/gb.html" [1]
2013-01-05 12:49:17 URL:http://www.nwnet.co.uk/syko/webedit.html [1137/1137] -> "www.nwnet.co.uk_syko_20130105/syko/webedit.html" [1]
2013-01-05 12:49:17 URL:http://www.nwnet.co.uk/syko/webutils.html [3205/3205] -> "www.nwnet.co.uk_syko_20130105/syko/webutils.html" [1]
2013-01-05 12:49:17 URL:http://www.nwnet.co.uk/syko/links.html [1636/1636] -> "www.nwnet.co.uk_syko_20130105/syko/links.html" [1]
2013-01-05 12:49:17 URL:http://www.nwnet.co.uk/syko/comments.html [1337/1337] -> "www.nwnet.co.uk_syko_20130105/syko/comments.html" [1]
2013-01-05 12:49:17 URL:http://www.nwnet.co.uk/syko/syko.html [1271/1271] -> "www.nwnet.co.uk_syko_20130105/syko/syko.html" [1]
2013-01-05 12:49:17 URL:http://www.nwnet.co.uk/syko/aboutsite.html [957/957] -> "www.nwnet.co.uk_syko_20130105/syko/aboutsite.html" [1]
2013-01-05 12:49:17 URL:http://www.nwnet.co.uk/syko/contacts.html [775/775] -> "www.nwnet.co.uk_syko_20130105/syko/contacts.html" [1]
2013-01-05 12:49:17 URL:http://www.nwnet.co.uk/syko/nwclan.html [474/474] -> "www.nwnet.co.uk_syko_20130105/syko/nwclan.html" [1]
2013-01-05 12:49:17 URL:http://www.nwnet.co.uk/syko/3dfx.html [1651/1651] -> "www.nwnet.co.uk_syko_20130105/syko/3dfx.html" [1]
2013-01-05 12:49:17 URL:http://www.nwnet.co.uk/syko/pics/banner.gif [39216/39216] -> "www.nwnet.co.uk_syko_20130105/syko/pics/banner.gif" [1]
2013-01-05 12:49:17 URL:http://www.nwnet.co.uk/syko/pics/counter.jpg [2800/2800] -> "www.nwnet.co.uk_syko_20130105/syko/pics/counter.jpg" [1]
http://www.nwnet.co.uk/cgi-bin/counter.exe?link=syko&style=A:
2013-01-05 12:49:17 ERROR 403: Forbidden.
2013-01-05 12:49:17 URL:http://www.nwnet.co.uk/syko/pics/sykoanim.gif [48097/48097] -> "www.nwnet.co.uk_syko_20130105/syko/pics/sykoanim.gif" [1]
2013-01-05 12:49:17 URL:http://www.nwnet.co.uk/syko/pics/sykobub.jpg [7097/7097] -> "www.nwnet.co.uk_syko_20130105/syko/pics/sykobub.jpg" [1]
2013-01-05 12:49:17 URL:http://www.nwnet.co.uk/syko/pics/letsboy.jpg [7836/7836] -> "www.nwnet.co.uk_syko_20130105/syko/pics/letsboy.jpg" [1]
2013-01-05 12:49:17 URL:http://www.nwnet.co.uk/syko/pics/spot.gif [1323/1323] -> "www.nwnet.co.uk_syko_20130105/syko/pics/spot.gif" [1]
2013-01-05 12:49:18 URL:http://www.nwnet.co.uk/syko/quake.html [5494/5494] -> "www.nwnet.co.uk_syko_20130105/syko/quake.html" [1]
2013-01-05 12:49:18 URL:http://www.nwnet.co.uk/syko/pics/scape.jpg [2344/2344] -> "www.nwnet.co.uk_syko_20130105/syko/pics/scape.jpg" [1]
2013-01-05 12:49:18 URL:http://www.nwnet.co.uk/syko/pics/ie.gif [9132/9132] -> "www.nwnet.co.uk_syko_20130105/syko/pics/ie.gif" [1]
2013-01-05 12:49:18 URL:http://www.nwnet.co.uk/syko/pics/cook.jpg [4544/4544] -> "www.nwnet.co.uk_syko_20130105/syko/pics/cook.jpg" [1]
2013-01-05 12:49:18 URL:http://www.nwnet.co.uk/syko/pics/cooking.jpg [13810/13810] -> "www.nwnet.co.uk_syko_20130105/syko/pics/cooking.jpg" [1]
2013-01-05 12:49:18 URL:http://www.nwnet.co.uk/syko/pics/poultry.jpg [3109/3109] -> "www.nwnet.co.uk_syko_20130105/syko/pics/poultry.jpg" [1]
2013-01-05 12:49:18 URL:http://www.nwnet.co.uk/syko/pics/pork.jpg [3017/3017] -> "www.nwnet.co.uk_syko_20130105/syko/pics/pork.jpg" [1]
2013-01-05 12:49:18 URL:http://www.nwnet.co.uk/syko/pics/lamb.jpg [2998/2998] -> "www.nwnet.co.uk_syko_20130105/syko/pics/lamb.jpg" [1]
2013-01-05 12:49:18 URL:http://www.nwnet.co.uk/syko/pics/beef.jpg [2978/2978] -> "www.nwnet.co.uk_syko_20130105/syko/pics/beef.jpg" [1]
2013-01-05 12:49:18 URL:http://www.nwnet.co.uk/syko/pics/vege.jpg [3289/3289] -> "www.nwnet.co.uk_syko_20130105/syko/pics/vege.jpg" [1]
2013-01-05 12:49:18 URL:http://www.nwnet.co.uk/syko/pics/sea.jpg [3189/3189] -> "www.nwnet.co.uk_syko_20130105/syko/pics/sea.jpg" [1]
2013-01-05 12:49:18 URL:http://www.nwnet.co.uk/syko/pics/soup.jpg [2979/2979] -> "www.nwnet.co.uk_syko_20130105/syko/pics/soup.jpg" [1]
2013-01-05 12:49:18 URL:http://www.nwnet.co.uk/syko/pics/mikesyko.jpg [4357/4357] -> "www.nwnet.co.uk_syko_20130105/syko/pics/mikesyko.jpg" [1]
2013-01-05 12:49:18 URL:http://www.nwnet.co.uk/syko/pics/menu.jpg [5221/5221] -> "www.nwnet.co.uk_syko_20130105/syko/pics/menu.jpg" [1]
2013-01-05 12:49:18 URL:http://www.nwnet.co.uk/syko/index.html [364/364] -> "www.nwnet.co.uk_syko_20130105/syko/index.html" [1]
2013-01-05 12:49:18 URL:http://www.nwnet.co.uk/syko/pics/home.jpg [7162/7162] -> "www.nwnet.co.uk_syko_20130105/syko/pics/home.jpg" [1]
2013-01-05 12:49:18 URL:http://www.nwnet.co.uk/syko/pics/mailbox.jpg [1582/1582] -> "www.nwnet.co.uk_syko_20130105/syko/pics/mailbox.jpg" [1]
2013-01-05 12:49:19 URL:http://www.nwnet.co.uk/syko/pics/beeft.jpg [13427/13427] -> "www.nwnet.co.uk_syko_20130105/syko/pics/beeft.jpg" [1]
2013-01-05 12:49:19 URL:http://www.nwnet.co.uk/syko/pics/chickent.jpg [13957/13957] -> "www.nwnet.co.uk_syko_20130105/syko/pics/chickent.jpg" [1]
2013-01-05 12:49:19 URL:http://www.nwnet.co.uk/syko/pics/lambt.jpg [13778/13778] -> "www.nwnet.co.uk_syko_20130105/syko/pics/lambt.jpg" [1]
2013-01-05 12:49:19 URL:http://www.nwnet.co.uk/syko/pics/porkt.jpg [13465/13465] -> "www.nwnet.co.uk_syko_20130105/syko/pics/porkt.jpg" [1]
2013-01-05 12:49:19 URL:http://www.nwnet.co.uk/syko/pics/seat.jpg [13803/13803] -> "www.nwnet.co.uk_syko_20130105/syko/pics/seat.jpg" [1]
2013-01-05 12:49:19 URL:http://www.nwnet.co.uk/syko/pics/soupt.jpg [13845/13845] -> "www.nwnet.co.uk_syko_20130105/syko/pics/soupt.jpg" [1]
2013-01-05 12:49:19 URL:http://www.nwnet.co.uk/syko/pics/veget.jpg [13057/13057] -> "www.nwnet.co.uk_syko_20130105/syko/pics/veget.jpg" [1]
2013-01-05 12:49:19 URL:http://www.nwnet.co.uk/syko/pics/ponyback.jpg [1601/1601] -> "www.nwnet.co.uk_syko_20130105/syko/pics/ponyback.jpg" [1]
2013-01-05 12:49:19 URL:http://www.nwnet.co.uk/syko/pics/ponysign.jpg [14328/14328] -> "www.nwnet.co.uk_syko_20130105/syko/pics/ponysign.jpg" [1]
2013-01-05 12:49:19 URL:http://www.nwnet.co.uk/syko/pics/WebPage.gif [10168/10168] -> "www.nwnet.co.uk_syko_20130105/syko/pics/WebPage.gif" [1]
2013-01-05 12:49:19 URL:http://www.nwnet.co.uk/syko/pics/sykotext.jpg [3172/3172] -> "www.nwnet.co.uk_syko_20130105/syko/pics/sykotext.jpg" [1]
2013-01-05 12:49:19 URL:http://www.nwnet.co.uk/syko/pics/winzip.jpg [2395/2395] -> "www.nwnet.co.uk_syko_20130105/syko/pics/winzip.jpg" [1]
2013-01-05 12:49:19 URL:http://www.nwnet.co.uk/syko/pics/SykoDuke.jpg [13150/13150] -> "www.nwnet.co.uk_syko_20130105/syko/pics/SykoDuke.jpg" [1]
http://www.nwnet.co.uk/syko/SYKO-L1.ZIP:
2013-01-05 12:49:19 ERROR 404: Not Found.
2013-01-05 12:49:20 URL:http://www.nwnet.co.uk/syko/pics/SDD53.jpg [5587/5587] -> "www.nwnet.co.uk_syko_20130105/syko/pics/SDD53.jpg" [1]
http://www.nwnet.co.uk/syko/zips/gifcon.zip:
2013-01-05 12:49:20 ERROR 404: Not Found.
http://www.nwnet.co.uk/syko/gb/vgb48.zip:
2013-01-05 12:49:20 ERROR 404: Not Found.
2013-01-05 12:49:20 URL:http://www.nwnet.co.uk/syko/pics/gboy.jpg [1293/1293] -> "www.nwnet.co.uk_syko_20130105/syko/pics/gboy.jpg" [1]
http://www.nwnet.co.uk/syko/gb/aster.zip:
2013-01-05 12:49:20 ERROR 404: Not Found.
http://www.nwnet.co.uk/syko/gb/fish.zip:
2013-01-05 12:49:20 ERROR 404: Not Found.
http://www.nwnet.co.uk/syko/gb/drmario.zip:
2013-01-05 12:49:20 ERROR 404: Not Found.
http://www.nwnet.co.uk/syko/gb/gogo.zip:
2013-01-05 12:49:20 ERROR 404: Not Found.
2013-01-05 12:49:20 URL:http://www.nwnet.co.uk/syko/quake/ctf-qspy.zip [188/188] -> "www.nwnet.co.uk_syko_20130105/syko/quake/ctf-qspy.zip" [1]
2013-01-05 12:49:20 URL:http://www.nwnet.co.uk/syko/pics/qspy.gif [1804/1804] -> "www.nwnet.co.uk_syko_20130105/syko/pics/qspy.gif" [1]
2013-01-05 12:49:20 URL:http://www.nwnet.co.uk/syko/quake/tp-qspy.zip [183/183] -> "www.nwnet.co.uk_syko_20130105/syko/quake/tp-qspy.zip" [1]
2013-01-05 12:49:20 URL:http://www.nwnet.co.uk/syko/quake/arm-qspy.zip [208/208] -> "www.nwnet.co.uk_syko_20130105/syko/quake/arm-qspy.zip" [1]
2013-01-05 12:49:20 URL:http://www.nwnet.co.uk/syko/quake/dis-qspy.zip [220/220] -> "www.nwnet.co.uk_syko_20130105/syko/quake/dis-qspy.zip" [1]
2013-01-05 12:49:20 URL:http://www.nwnet.co.uk/syko/quake/fvf-qspy.zip [194/194] -> "www.nwnet.co.uk_syko_20130105/syko/quake/fvf-qspy.zip" [1]
2013-01-05 12:49:20 URL:http://www.nwnet.co.uk/syko/pics/myst.jpg [1673/1673] -> "www.nwnet.co.uk_syko_20130105/syko/pics/myst.jpg" [1]
2013-01-05 12:49:20 URL:http://www.nwnet.co.uk/syko/pics/gboy1.jpg [5728/5728] -> "www.nwnet.co.uk_syko_20130105/syko/pics/gboy1.jpg" [1]
2013-01-05 12:49:20 URL:http://www.nwnet.co.uk/syko/pics/boytit.gif [9897/9897] -> "www.nwnet.co.uk_syko_20130105/syko/pics/boytit.gif" [1]
http://www.nwnet.co.uk/syko/gb/ilist.zip:
2013-01-05 12:49:20 ERROR 404: Not Found.
2013-01-05 12:49:21 URL:http://www.nwnet.co.uk/syko/pics/hotdog.jpg [8217/8217] -> "www.nwnet.co.uk_syko_20130105/syko/pics/hotdog.jpg" [1]
2013-01-05 12:49:21 URL:http://www.nwnet.co.uk/syko/pics/liquid.jpg [8106/8106] -> "www.nwnet.co.uk_syko_20130105/syko/pics/liquid.jpg" [1]
2013-01-05 12:49:21 URL:http://www.nwnet.co.uk/syko/pics/homeback.jpg [4390/4390] -> "www.nwnet.co.uk_syko_20130105/syko/pics/homeback.jpg" [1]
http://www.nwnet.co.uk/syko/Webedit.html:
2013-01-05 12:49:21 ERROR 404: Not Found.
2013-01-05 12:49:21 URL:http://www.nwnet.co.uk/syko/pics/crawler.jpg [8818/8818] -> "www.nwnet.co.uk_syko_20130105/syko/pics/crawler.jpg" [1]
2013-01-05 12:49:21 URL:http://www.nwnet.co.uk/syko/pics/yahoo.jpg [9006/9006] -> "www.nwnet.co.uk_syko_20130105/syko/pics/yahoo.jpg" [1]
2013-01-05 12:49:21 URL:http://www.nwnet.co.uk/syko/pics/four111.gif [10289/10289] -> "www.nwnet.co.uk_syko_20130105/syko/pics/four111.gif" [1]
2013-01-05 12:49:21 URL:http://www.nwnet.co.uk/syko/pics/four112.gif [1218/1218] -> "www.nwnet.co.uk_syko_20130105/syko/pics/four112.gif" [1]
2013-01-05 12:49:21 URL:http://www.nwnet.co.uk/syko/pics/four113.gif [1208/1208] -> "www.nwnet.co.uk_syko_20130105/syko/pics/four113.gif" [1]
2013-01-05 12:49:21 URL:http://www.nwnet.co.uk/syko/pics/shark.jpg [17747/17747] -> "www.nwnet.co.uk_syko_20130105/syko/pics/shark.jpg" [1]
2013-01-05 12:49:21 URL:http://www.nwnet.co.uk/syko/pics/nwnet.jpg [4744/4744] -> "www.nwnet.co.uk_syko_20130105/syko/pics/nwnet.jpg" [1]
2013-01-05 12:49:21 URL:http://www.nwnet.co.uk/syko/pics/quaketit.gif [6508/6508] -> "www.nwnet.co.uk_syko_20130105/syko/pics/quaketit.gif" [1]
2013-01-05 12:49:21 URL:http://www.nwnet.co.uk/syko/nwclan1.html [299/299] -> "www.nwnet.co.uk_syko_20130105/syko/nwclan1.html" [1]
2013-01-05 12:49:21 URL:http://www.nwnet.co.uk/syko/pics/quakebak.jpg [1458/1458] -> "www.nwnet.co.uk_syko_20130105/syko/pics/quakebak.jpg" [1]
2013-01-05 12:49:21 URL:http://www.nwnet.co.uk/syko/quaketwo.html [303/303] -> "www.nwnet.co.uk_syko_20130105/syko/quaketwo.html" [1]
2013-01-05 12:49:21 URL:http://www.nwnet.co.uk/syko/pics/quake2.jpg [1687/1687] -> "www.nwnet.co.uk_syko_20130105/syko/pics/quake2.jpg" [1]
2013-01-05 12:49:23 URL:http://www.nwnet.co.uk/syko/quake/qwcl0613.exe [695808/695808] -> "www.nwnet.co.uk_syko_20130105/syko/quake/qwcl0613.exe" [1]
2013-01-05 12:49:23 URL:http://www.nwnet.co.uk/syko/pics/3dfx.jpg [4219/4219] -> "www.nwnet.co.uk_syko_20130105/syko/pics/3dfx.jpg" [1]
2013-01-05 12:49:23 URL:http://www.nwnet.co.uk/syko/quake/nwquake.txt [181/181] -> "www.nwnet.co.uk_syko_20130105/syko/quake/nwquake.txt" [1]
2013-01-05 12:49:23 URL:http://www.nwnet.co.uk/syko/pics/h3dbutton.gif [3010/3010] -> "www.nwnet.co.uk_syko_20130105/syko/pics/h3dbutton.gif" [1]
2013-01-05 12:49:23 URL:http://www.nwnet.co.uk/syko/clan/righ3d.gif [4425/4425] -> "www.nwnet.co.uk_syko_20130105/syko/clan/righ3d.gif" [1]
2013-01-05 12:49:23 URL:http://www.nwnet.co.uk/syko/quake/BOMBS.zip [163153/163153] -> "www.nwnet.co.uk_syko_20130105/syko/quake/BOMBS.zip" [1]
2013-01-05 12:49:24 URL:http://www.nwnet.co.uk/syko/quake/Server1.zip [277574/277574] -> "www.nwnet.co.uk_syko_20130105/syko/quake/Server1.zip" [1]
2013-01-05 12:49:24 URL:http://www.nwnet.co.uk/syko/pics/sham.jpg [8330/8330] -> "www.nwnet.co.uk_syko_20130105/syko/pics/sham.jpg" [1]
2013-01-05 12:49:24 URL:http://www.nwnet.co.uk/syko/quake/patv103.zip [442372/442372] -> "www.nwnet.co.uk_syko_20130105/syko/quake/patv103.zip" [1]
2013-01-05 12:49:25 URL:http://www.nwnet.co.uk/syko/quake2.html [2056/2056] -> "www.nwnet.co.uk_syko_20130105/syko/quake2.html" [1]
2013-01-05 12:49:25 URL:http://www.nwnet.co.uk/syko/pics/earth.gif [1682/1682] -> "www.nwnet.co.uk_syko_20130105/syko/pics/earth.gif" [1]
2013-01-05 12:49:25 URL:http://www.nwnet.co.uk/syko/quake/bgbot20a.zip [368937/368937] -> "www.nwnet.co.uk_syko_20130105/syko/quake/bgbot20a.zip" [1]
2013-01-05 12:49:25 URL:http://www.nwnet.co.uk/syko/qrally.html [1210/1210] -> "www.nwnet.co.uk_syko_20130105/syko/qrally.html" [1]
2013-01-05 12:49:25 URL:http://www.nwnet.co.uk/syko/quake/server_list.txt [9544/9544] -> "www.nwnet.co.uk_syko_20130105/syko/quake/server_list.txt" [1]
2013-01-05 12:49:25 URL:http://www.nwnet.co.uk/syko/quake/COMMNDS.TXT [18473/18473] -> "www.nwnet.co.uk_syko_20130105/syko/quake/COMMNDS.TXT" [1]
2013-01-05 12:49:25 URL:http://www.nwnet.co.uk/syko/pics/babetalk.jpg [3413/3413] -> "www.nwnet.co.uk_syko_20130105/syko/pics/babetalk.jpg" [1]
2013-01-05 12:49:26 URL:http://www.nwnet.co.uk/syko/pics/babe.jpg [3314/3314] -> "www.nwnet.co.uk_syko_20130105/syko/pics/babe.jpg" [1]
2013-01-05 12:49:26 URL:http://www.nwnet.co.uk/syko/pics/quakedud.jpg [4678/4678] -> "www.nwnet.co.uk_syko_20130105/syko/pics/quakedud.jpg" [1]
2013-01-05 12:49:26 URL:http://www.nwnet.co.uk/syko/pics/dudetalk.jpg [4148/4148] -> "www.nwnet.co.uk_syko_20130105/syko/pics/dudetalk.jpg" [1]
2013-01-05 12:49:26 URL:http://www.nwnet.co.uk/syko/pics/getquake.gif [5943/5943] -> "www.nwnet.co.uk_syko_20130105/syko/pics/getquake.gif" [1]
2013-01-05 12:49:26 URL:http://www.nwnet.co.uk/syko/pics/book.jpg [1797/1797] -> "www.nwnet.co.uk_syko_20130105/syko/pics/book.jpg" [1]
2013-01-05 12:49:26 URL:http://www.nwnet.co.uk/syko/qindex.html [3991/3991] -> "www.nwnet.co.uk_syko_20130105/syko/qindex.html" [1]
2013-01-05 12:49:26 URL:http://www.nwnet.co.uk/syko/qclan.html [5074/5074] -> "www.nwnet.co.uk_syko_20130105/syko/qclan.html" [1]
2013-01-05 12:49:26 URL:http://www.nwnet.co.uk/syko/qindex2.html [651/651] -> "www.nwnet.co.uk_syko_20130105/syko/qindex2.html" [1]
2013-01-05 12:49:26 URL:http://www.nwnet.co.uk/syko/qclan2.html [621/621] -> "www.nwnet.co.uk_syko_20130105/syko/qclan2.html" [1]
2013-01-05 12:49:26 URL:http://www.nwnet.co.uk/syko/pics/qcoin.gif [56647/56647] -> "www.nwnet.co.uk_syko_20130105/syko/pics/qcoin.gif" [1]
2013-01-05 12:49:26 URL:http://www.nwnet.co.uk/syko/pics/qspybtn.gif [9443/9443] -> "www.nwnet.co.uk_syko_20130105/syko/pics/qspybtn.gif" [1]
2013-01-05 12:49:26 URL:http://www.nwnet.co.uk/syko/qskin.html [1318/1318] -> "www.nwnet.co.uk_syko_20130105/syko/qskin.html" [1]
2013-01-05 12:49:26 URL:http://www.nwnet.co.uk/syko/clan/qrally1.jpg [15002/15002] -> "www.nwnet.co.uk_syko_20130105/syko/clan/qrally1.jpg" [1]
2013-01-05 12:49:26 URL:http://www.nwnet.co.uk/syko/clan/qrally2.jpg [17181/17181] -> "www.nwnet.co.uk_syko_20130105/syko/clan/qrally2.jpg" [1]
2013-01-05 12:49:27 URL:http://www.nwnet.co.uk/syko/qclanews.html [1964/1964] -> "www.nwnet.co.uk_syko_20130105/syko/qclanews.html" [1]
2013-01-05 12:49:27 URL:http://www.nwnet.co.uk/syko/qnews.html [1166/1166] -> "www.nwnet.co.uk_syko_20130105/syko/qnews.html" [1]
2013-01-05 12:49:27 URL:http://www.nwnet.co.uk/syko/qmembers.html [1980/1980] -> "www.nwnet.co.uk_syko_20130105/syko/qmembers.html" [1]
2013-01-05 12:49:27 URL:http://www.nwnet.co.uk/syko/qjoin.html [1945/1945] -> "www.nwnet.co.uk_syko_20130105/syko/qjoin.html" [1]
2013-01-05 12:49:27 URL:http://www.nwnet.co.uk/syko/qlevels.html [1753/1753] -> "www.nwnet.co.uk_syko_20130105/syko/qlevels.html" [1]
2013-01-05 12:49:27 URL:http://www.nwnet.co.uk/syko/hexen.html [1607/1607] -> "www.nwnet.co.uk_syko_20130105/syko/hexen.html" [1]
2013-01-05 12:49:27 URL:http://www.nwnet.co.uk/syko/quakeii.html [314/314] -> "www.nwnet.co.uk_syko_20130105/syko/quakeii.html" [1]
2013-01-05 12:49:27 URL:http://www.nwnet.co.uk/syko/qlinks.html [1782/1782] -> "www.nwnet.co.uk_syko_20130105/syko/qlinks.html" [1]
2013-01-05 12:49:27 URL:http://www.nwnet.co.uk/syko/qhero.html [575/575] -> "www.nwnet.co.uk_syko_20130105/syko/qhero.html" [1]
2013-01-05 12:49:27 URL:http://www.nwnet.co.uk/syko/qicq.html [1981/1981] -> "www.nwnet.co.uk_syko_20130105/syko/qicq.html" [1]
2013-01-05 12:49:27 URL:http://www.nwnet.co.uk/syko/qbots.html [925/925] -> "www.nwnet.co.uk_syko_20130105/syko/qbots.html" [1]
2013-01-05 12:49:27 URL:http://www.nwnet.co.uk/syko/qwar.html [812/812] -> "www.nwnet.co.uk_syko_20130105/syko/qwar.html" [1]
2013-01-05 12:49:27 URL:http://www.nwnet.co.uk/syko/qfodder.html [728/728] -> "www.nwnet.co.uk_syko_20130105/syko/qfodder.html" [1]
2013-01-05 12:49:27 URL:http://www.nwnet.co.uk/syko/painkeep.html [4175/4175] -> "www.nwnet.co.uk_syko_20130105/syko/painkeep.html" [1]
2013-01-05 12:49:27 URL:http://www.nwnet.co.uk/syko/pics/candle.gif [7417/7417] -> "www.nwnet.co.uk_syko_20130105/syko/pics/candle.gif" [1]
2013-01-05 12:49:28 URL:http://www.nwnet.co.uk/syko/pics/nwquake.gif [94329/94329] -> "www.nwnet.co.uk_syko_20130105/syko/pics/nwquake.gif" [1]
http://www.nwnet.co.uk/cgi-bin/counter.exe?link=syko1&style=C:
2013-01-05 12:49:28 ERROR 403: Forbidden.
http://www.nwnet.co.uk/syko/foo.quake:
2013-01-05 12:49:28 ERROR 404: Not Found.
2013-01-05 12:49:28 URL:http://www.nwnet.co.uk/syko/clan/girl.gif [15275/15275] -> "www.nwnet.co.uk_syko_20130105/syko/clan/girl.gif" [1]
2013-01-05 12:49:28 URL:http://www.nwnet.co.uk/syko/qlevels2.html [723/723] -> "www.nwnet.co.uk_syko_20130105/syko/qlevels2.html" [1]
http://www.nwnet.co.uk/cgi-bin/counter.exe?link=syko2&style=C:
2013-01-05 12:49:28 ERROR 403: Forbidden.
2013-01-05 12:49:28 URL:http://www.nwnet.co.uk/syko/pics/q2pic1.jpg [10255/10255] -> "www.nwnet.co.uk_syko_20130105/syko/pics/q2pic1.jpg" [1]
2013-01-05 12:49:28 URL:http://www.nwnet.co.uk/syko/pics/q2pic2.jpg [20794/20794] -> "www.nwnet.co.uk_syko_20130105/syko/pics/q2pic2.jpg" [1]
2013-01-05 12:49:28 URL:http://www.nwnet.co.uk/syko/clan/sykoskin.jpg [7815/7815] -> "www.nwnet.co.uk_syko_20130105/syko/clan/sykoskin.jpg" [1]
2013-01-05 12:49:28 URL:http://www.nwnet.co.uk/syko/clan/soldskin.jpg [8882/8882] -> "www.nwnet.co.uk_syko_20130105/syko/clan/soldskin.jpg" [1]
2013-01-05 12:49:28 URL:http://www.nwnet.co.uk/syko/clan/nekid.jpg [8149/8149] -> "www.nwnet.co.uk_syko_20130105/syko/clan/nekid.jpg" [1]
2013-01-05 12:49:28 URL:http://www.nwnet.co.uk/syko/clan/wand.jpg [8596/8596] -> "www.nwnet.co.uk_syko_20130105/syko/clan/wand.jpg" [1]
2013-01-05 12:49:28 URL:http://www.nwnet.co.uk/syko/clan/alb.jpg [8529/8529] -> "www.nwnet.co.uk_syko_20130105/syko/clan/alb.jpg" [1]
2013-01-05 12:49:29 URL:http://www.nwnet.co.uk/syko/clan/brooko.jpg [6362/6362] -> "www.nwnet.co.uk_syko_20130105/syko/clan/brooko.jpg" [1]
2013-01-05 12:49:29 URL:http://www.nwnet.co.uk/syko/clan/utd.jpg [7973/7973] -> "www.nwnet.co.uk_syko_20130105/syko/clan/utd.jpg" [1]
2013-01-05 12:49:29 URL:http://www.nwnet.co.uk/syko/clan/suit.jpg [6736/6736] -> "www.nwnet.co.uk_syko_20130105/syko/clan/suit.jpg" [1]
2013-01-05 12:49:29 URL:http://www.nwnet.co.uk/syko/clan/club.jpg [20686/20686] -> "www.nwnet.co.uk_syko_20130105/syko/clan/club.jpg" [1]
2013-01-05 12:49:29 URL:http://www.nwnet.co.uk/syko/clan/syko.jpg [19163/19163] -> "www.nwnet.co.uk_syko_20130105/syko/clan/syko.jpg" [1]
2013-01-05 12:49:29 URL:http://www.nwnet.co.uk/syko/clan/steve.jpg [20773/20773] -> "www.nwnet.co.uk_syko_20130105/syko/clan/steve.jpg" [1]
2013-01-05 12:49:29 URL:http://www.nwnet.co.uk/syko/clan/myra.jpg [23346/23346] -> "www.nwnet.co.uk_syko_20130105/syko/clan/myra.jpg" [1]
2013-01-05 12:49:29 URL:http://www.nwnet.co.uk/syko/clan/alec.jpg [17419/17419] -> "www.nwnet.co.uk_syko_20130105/syko/clan/alec.jpg" [1]
2013-01-05 12:49:29 URL:http://www.nwnet.co.uk/syko/clan/alan.jpg [18982/18982] -> "www.nwnet.co.uk_syko_20130105/syko/clan/alan.jpg" [1]
2013-01-05 12:49:29 URL:http://www.nwnet.co.uk/syko/pics/hexen2.gif [3798/3798] -> "www.nwnet.co.uk_syko_20130105/syko/pics/hexen2.gif" [1]
2013-01-05 12:49:29 URL:http://www.nwnet.co.uk/syko/clan/hex2.jpg [53454/53454] -> "www.nwnet.co.uk_syko_20130105/syko/clan/hex2.jpg" [1]
2013-01-05 12:49:29 URL:http://www.nwnet.co.uk/syko/clan/hexen2now.gif [3855/3855] -> "www.nwnet.co.uk_syko_20130105/syko/clan/hexen2now.gif" [1]
2013-01-05 12:49:30 URL:http://www.nwnet.co.uk/syko/clan/quake4.jpg [12021/12021] -> "www.nwnet.co.uk_syko_20130105/syko/clan/quake4.jpg" [1]
2013-01-05 12:49:30 URL:http://www.nwnet.co.uk/syko/clan/quake5.jpg [10584/10584] -> "www.nwnet.co.uk_syko_20130105/syko/clan/quake5.jpg" [1]
2013-01-05 12:49:30 URL:http://www.nwnet.co.uk/syko/clan/hero1.jpg [14534/14534] -> "www.nwnet.co.uk_syko_20130105/syko/clan/hero1.jpg" [1]
2013-01-05 12:49:30 URL:http://www.nwnet.co.uk/syko/clan/hero2.jpg [19150/19150] -> "www.nwnet.co.uk_syko_20130105/syko/clan/hero2.jpg" [1]
2013-01-05 12:49:30 URL:http://www.nwnet.co.uk/syko/clan/bot1.jpg [15717/15717] -> "www.nwnet.co.uk_syko_20130105/syko/clan/bot1.jpg" [1]
2013-01-05 12:49:30 URL:http://www.nwnet.co.uk/syko/clan/bot2.jpg [16231/16231] -> "www.nwnet.co.uk_syko_20130105/syko/clan/bot2.jpg" [1]
2013-01-05 12:49:30 URL:http://www.nwnet.co.uk/syko/clan/bot3.jpg [15600/15600] -> "www.nwnet.co.uk_syko_20130105/syko/clan/bot3.jpg" [1]
2013-01-05 12:49:30 URL:http://www.nwnet.co.uk/syko/clan/bot4.jpg [12526/12526] -> "www.nwnet.co.uk_syko_20130105/syko/clan/bot4.jpg" [1]
2013-01-05 12:49:30 URL:http://www.nwnet.co.uk/syko/clan/bot5.jpg [12108/12108] -> "www.nwnet.co.uk_syko_20130105/syko/clan/bot5.jpg" [1]
2013-01-05 12:49:30 URL:http://www.nwnet.co.uk/syko/clan/bot6.jpg [12106/12106] -> "www.nwnet.co.uk_syko_20130105/syko/clan/bot6.jpg" [1]
2013-01-05 12:49:30 URL:http://www.nwnet.co.uk/syko/clan/boys.jpg [88917/88917] -> "www.nwnet.co.uk_syko_20130105/syko/clan/boys.jpg" [1]
2013-01-05 12:49:31 URL:http://www.nwnet.co.uk/syko/clan/qfodder.jpg [41584/41584] -> "www.nwnet.co.uk_syko_20130105/syko/clan/qfodder.jpg" [1]
2013-01-05 12:49:31 URL:http://www.nwnet.co.uk/syko/clan/airfist.jpg [5464/5464] -> "www.nwnet.co.uk_syko_20130105/syko/clan/airfist.jpg" [1]
2013-01-05 12:49:31 URL:http://www.nwnet.co.uk/syko/clan/tnt.jpg [10497/10497] -> "www.nwnet.co.uk_syko_20130105/syko/clan/tnt.jpg" [1]
2013-01-05 12:49:31 URL:http://www.nwnet.co.uk/syko/clan/newnail.jpg [9025/9025] -> "www.nwnet.co.uk_syko_20130105/syko/clan/newnail.jpg" [1]
2013-01-05 12:49:31 URL:http://www.nwnet.co.uk/syko/clan/chain.jpg [7934/7934] -> "www.nwnet.co.uk_syko_20130105/syko/clan/chain.jpg" [1]
2013-01-05 12:49:31 URL:http://www.nwnet.co.uk/syko/clan/harpoon.jpg [6170/6170] -> "www.nwnet.co.uk_syko_20130105/syko/clan/harpoon.jpg" [1]
2013-01-05 12:49:31 URL:http://www.nwnet.co.uk/syko/clan/spy.jpg [11478/11478] -> "www.nwnet.co.uk_syko_20130105/syko/clan/spy.jpg" [1]
2013-01-05 12:49:31 URL:http://www.nwnet.co.uk/syko/clan/trap.jpg [13933/13933] -> "www.nwnet.co.uk_syko_20130105/syko/clan/trap.jpg" [1]
2013-01-05 12:49:31 URL:http://www.nwnet.co.uk/syko/clan/fart.jpg [15801/15801] -> "www.nwnet.co.uk_syko_20130105/syko/clan/fart.jpg" [1]
2013-01-05 12:49:31 URL:http://www.nwnet.co.uk/syko/clan/box.jpg [9396/9396] -> "www.nwnet.co.uk_syko_20130105/syko/clan/box.jpg" [1]
2013-01-05 12:49:31 URL:http://www.nwnet.co.uk/syko/pics/q2dm1.jpg [15911/15911] -> "www.nwnet.co.uk_syko_20130105/syko/pics/q2dm1.jpg" [1]
2013-01-05 12:49:31 URL:http://www.nwnet.co.uk/syko/pics/q2dm3.jpg [16091/16091] -> "www.nwnet.co.uk_syko_20130105/syko/pics/q2dm3.jpg" [1]
2013-01-05 12:49:32 URL:http://www.nwnet.co.uk/syko/pics/q2dm4.jpg [17118/17118] -> "www.nwnet.co.uk_syko_20130105/syko/pics/q2dm4.jpg" [1]
FINISHED --2013-01-05 12:49:32--
Total wall clock time: 16s
Downloaded: 180 files, 3.3M in 4.8s (711 KB/s)
