2021-12-01 17:42:28 URL:https://www.ihoc.net/ [1402] -> "www.ihoc.net/index.html" [1]
2021-12-01 17:42:28 URL:https://www.ihoc.net/robots.txt [96/96] -> "www.ihoc.net/robots.txt" [1]
2021-12-01 17:42:28 URL:https://www.ihoc.net/favicon.gif [586/586] -> "www.ihoc.net/favicon.gif" [1]
2021-12-01 17:42:29 URL:https://www.ihoc.net/sounds/cheese.mp3 [57255/57255] -> "www.ihoc.net/sounds/cheese.mp3" [1]
2021-12-01 17:42:29 URL:https://www.ihoc.net/taxman.gif [1050/1050] -> "www.ihoc.net/taxman.gif" [1]
2021-12-01 17:42:29 URL:https://www.ihoc.net/quake.html [184/184] -> "www.ihoc.net/quake.html" [1]
2021-12-01 17:42:29 URL:https://www.ihoc.net/hola.html [1438/1438] -> "www.ihoc.net/hola.html" [1]
2021-12-01 17:42:29 URL:https://www.ihoc.net/quake_archive/ [2659/2659] -> "www.ihoc.net/quake_archive.html" [1]
2021-12-01 17:42:29 URL:http://www.ihoc.net/robots.txt [96/96] -> "www.ihoc.net/robots.txt" [1]
https://www.ihoc.net/quake_archive/favicon.gif:
2021-12-01 17:42:29 ERROR 404: Not Found.
2021-12-01 17:42:29 URL:http://www.ihoc.net/ [1402] -> "www.ihoc.net/index.html" [1]
2021-12-01 17:42:30 URL:http://www.ihoc.net/taxman.gif [1050/1050] -> "www.ihoc.net/taxman.gif" [1]
2021-12-01 17:42:30 URL:https://www.ihoc.net/quake_archive/mods.html [5258/5258] -> "www.ihoc.net/quake_archive/mods.html" [1]
2021-12-01 17:42:30 URL:https://www.ihoc.net/quake_archive/servers.html [12215/12215] -> "www.ihoc.net/quake_archive/servers.html" [1]
2021-12-01 17:42:30 URL:https://www.ihoc.net/quake_archive/rules.html [10529/10529] -> "www.ihoc.net/quake_archive/rules.html" [1]
2021-12-01 17:42:30 URL:https://www.ihoc.net/quake_archive/hola.html [1438/1438] -> "www.ihoc.net/quake_archive/hola.html" [1]
2021-12-01 17:42:30 URL:https://www.ihoc.net/quake_archive/maps.html [6997/6997] -> "www.ihoc.net/quake_archive/maps.html" [1]
2021-12-01 17:42:30 URL:https://www.ihoc.net/quake_archive/autoexec.html [2420/2420] -> "www.ihoc.net/quake_archive/autoexec.html" [1]
2021-12-01 17:42:30 URL:https://www.ihoc.net/quake_archive/yugo2heck.jpg [2744/2744] -> "www.ihoc.net/quake_archive/yugo2heck.jpg" [1]
2021-12-01 17:42:31 URL:http://www.ihoc.net/quake.html [184/184] -> "www.ihoc.net/cgi-bin/servers-quake.html" [1]
2021-12-01 17:42:31 URL:http://www.ihoc.net/quake.html [184/184] -> "www.ihoc.net/cgi-bin/servers-quake-other.html" [1]
2021-12-01 17:42:31 URL:http://www.ihoc.net/favicon.gif [586/586] -> "www.ihoc.net/favicon.gif" [1]
2021-12-01 17:42:31 URL:http://www.ihoc.net/sounds/cheese.mp3 [57255/57255] -> "www.ihoc.net/sounds/cheese.mp3" [1]
2021-12-01 17:42:31 URL:http://www.ihoc.net/hola.html [1438/1438] -> "www.ihoc.net/hola.html" [1]
2021-12-01 17:42:31 URL:https://www.ihoc.net/quake_archive/commands.html [3612/3612] -> "www.ihoc.net/quake_archive/commands.html" [1]
2021-12-01 17:42:31 URL:https://www.ihoc.net/quake_archive/match.html [3236/3236] -> "www.ihoc.net/quake_archive/match.html" [1]
2021-12-01 17:42:32 URL:https://www.ihoc.net/quake_archive/pak2.html [2271/2271] -> "www.ihoc.net/quake_archive/pak2.html" [1]
2021-12-01 17:42:33 URL:https://www.ihoc.net/quake_archive/newmap1.zip [4794622/4794622] -> "www.ihoc.net/quake_archive/newmap1.zip" [1]
2021-12-01 17:42:37 URL:https://www.ihoc.net/quake_archive/newmap2.zip [5473919/5473919] -> "www.ihoc.net/quake_archive/newmap2.zip" [1]
2021-12-01 17:42:37 URL:https://www.ihoc.net/quake_archive/autoexec.cfg [1544/1544] -> "www.ihoc.net/quake_archive/autoexec.cfg.html" [1]
2021-12-01 17:42:38 URL:https://www.ihoc.net/quake_archive/ [2659/2659] -> "www.ihoc.net/quake_archive.html" [1]
2021-12-01 17:42:38 URL:https://www.ihoc.net/quake_archive/pix/pak2/big/quake05.jpg [53600/53600] -> "www.ihoc.net/quake_archive/pix/pak2/big/quake05.jpg" [1]
2021-12-01 17:42:38 URL:https://www.ihoc.net/quake_archive/pix/pak2/small/quake05.jpg [3618/3618] -> "www.ihoc.net/quake_archive/pix/pak2/small/quake05.jpg" [1]
2021-12-01 17:42:38 URL:https://www.ihoc.net/quake_archive/pix/pak2/ [1294/1294] -> "www.ihoc.net/quake_archive/pix/pak2.html" [1]
2021-12-01 17:42:38 URL:https://www.ihoc.net/quake_archive/pix/pak2/big/quake00.jpg [48576/48576] -> "www.ihoc.net/quake_archive/pix/pak2/big/quake00.jpg" [1]
2021-12-01 17:42:38 URL:https://www.ihoc.net/quake_archive/pix/pak2/small/quake00.jpg [3779/3779] -> "www.ihoc.net/quake_archive/pix/pak2/small/quake00.jpg" [1]
2021-12-01 17:42:39 URL:https://www.ihoc.net/quake_archive/pix/pak2/big/quake01.jpg [48408/48408] -> "www.ihoc.net/quake_archive/pix/pak2/big/quake01.jpg" [1]
2021-12-01 17:42:39 URL:https://www.ihoc.net/quake_archive/pix/pak2/small/quake01.jpg [3620/3620] -> "www.ihoc.net/quake_archive/pix/pak2/small/quake01.jpg" [1]
2021-12-01 17:42:39 URL:https://www.ihoc.net/quake_archive/pix/pak2/big/quake03.jpg [49135/49135] -> "www.ihoc.net/quake_archive/pix/pak2/big/quake03.jpg" [1]
2021-12-01 17:42:39 URL:https://www.ihoc.net/quake_archive/pix/pak2/small/quake03.jpg [3548/3548] -> "www.ihoc.net/quake_archive/pix/pak2/small/quake03.jpg" [1]
2021-12-01 17:42:39 URL:https://www.ihoc.net/quake_archive/pix/pak2/big/quake04.jpg [47360/47360] -> "www.ihoc.net/quake_archive/pix/pak2/big/quake04.jpg" [1]
2021-12-01 17:42:39 URL:https://www.ihoc.net/quake_archive/pix/pak2/small/quake04.jpg [3139/3139] -> "www.ihoc.net/quake_archive/pix/pak2/small/quake04.jpg" [1]
2021-12-01 17:42:39 URL:https://www.ihoc.net/quake_archive/pix/pak2/big/quake06.jpg [45451/45451] -> "www.ihoc.net/quake_archive/pix/pak2/big/quake06.jpg" [1]
2021-12-01 17:42:39 URL:https://www.ihoc.net/quake_archive/pix/pak2/small/quake06.jpg [3561/3561] -> "www.ihoc.net/quake_archive/pix/pak2/small/quake06.jpg" [1]
2021-12-01 17:42:39 URL:https://www.ihoc.net/quake_archive/pix/pak2/big/quake07.jpg [50523/50523] -> "www.ihoc.net/quake_archive/pix/pak2/big/quake07.jpg" [1]
2021-12-01 17:42:40 URL:https://www.ihoc.net/quake_archive/pix/pak2/small/quake07.jpg [3796/3796] -> "www.ihoc.net/quake_archive/pix/pak2/small/quake07.jpg" [1]
2021-12-01 17:42:40 URL:https://www.ihoc.net/quake_archive/pix/pak2/big/quake08.jpg [53494/53494] -> "www.ihoc.net/quake_archive/pix/pak2/big/quake08.jpg" [1]
2021-12-01 17:42:40 URL:https://www.ihoc.net/quake_archive/pix/pak2/small/quake08.jpg [3590/3590] -> "www.ihoc.net/quake_archive/pix/pak2/small/quake08.jpg" [1]
2021-12-01 17:42:40 URL:https://www.ihoc.net/quake_archive/pix/pak2/big/quake09.jpg [46641/46641] -> "www.ihoc.net/quake_archive/pix/pak2/big/quake09.jpg" [1]
2021-12-01 17:42:40 URL:https://www.ihoc.net/quake_archive/pix/pak2/small/quake09.jpg [3495/3495] -> "www.ihoc.net/quake_archive/pix/pak2/small/quake09.jpg" [1]
2021-12-01 17:42:40 URL:https://www.ihoc.net/quake_archive/pix/pak2/big/quake10.jpg [44395/44395] -> "www.ihoc.net/quake_archive/pix/pak2/big/quake10.jpg" [1]
2021-12-01 17:42:40 URL:https://www.ihoc.net/quake_archive/pix/pak2/small/quake10.jpg [3272/3272] -> "www.ihoc.net/quake_archive/pix/pak2/small/quake10.jpg" [1]
2021-12-01 17:42:40 URL:https://www.ihoc.net/quake_archive/pix/pak2/big/quake11.jpg [50018/50018] -> "www.ihoc.net/quake_archive/pix/pak2/big/quake11.jpg" [1]
2021-12-01 17:42:41 URL:https://www.ihoc.net/quake_archive/pix/pak2/small/quake11.jpg [3753/3753] -> "www.ihoc.net/quake_archive/pix/pak2/small/quake11.jpg" [1]
2021-12-01 17:42:41 URL:https://www.ihoc.net/quake_archive/pix/pak2/big/quake12.jpg [37007/37007] -> "www.ihoc.net/quake_archive/pix/pak2/big/quake12.jpg" [1]
2021-12-01 17:42:41 URL:https://www.ihoc.net/quake_archive/pix/pak2/small/quake12.jpg [3107/3107] -> "www.ihoc.net/quake_archive/pix/pak2/small/quake12.jpg" [1]
2021-12-01 17:42:41 URL:https://www.ihoc.net/quake_archive/pix/pak2/big/quake13.jpg [45905/45905] -> "www.ihoc.net/quake_archive/pix/pak2/big/quake13.jpg" [1]
2021-12-01 17:42:41 URL:https://www.ihoc.net/quake_archive/pix/pak2/small/quake13.jpg [3391/3391] -> "www.ihoc.net/quake_archive/pix/pak2/small/quake13.jpg" [1]
2021-12-01 17:42:41 URL:https://www.ihoc.net/quake_archive/pix/pak2/big/quake14.jpg [56134/56134] -> "www.ihoc.net/quake_archive/pix/pak2/big/quake14.jpg" [1]
2021-12-01 17:42:41 URL:https://www.ihoc.net/quake_archive/pix/pak2/small/quake14.jpg [4175/4175] -> "www.ihoc.net/quake_archive/pix/pak2/small/quake14.jpg" [1]
2021-12-01 17:42:41 URL:https://www.ihoc.net/quake_archive/pix/pak2/big/quake15.jpg [40548/40548] -> "www.ihoc.net/quake_archive/pix/pak2/big/quake15.jpg" [1]
2021-12-01 17:42:41 URL:https://www.ihoc.net/quake_archive/pix/pak2/small/quake15.jpg [2911/2911] -> "www.ihoc.net/quake_archive/pix/pak2/small/quake15.jpg" [1]
2021-12-01 17:42:42 URL:https://www.ihoc.net/quake_archive/pix/pak2/big/quake16.jpg [37077/37077] -> "www.ihoc.net/quake_archive/pix/pak2/big/quake16.jpg" [1]
2021-12-01 17:42:42 URL:https://www.ihoc.net/quake_archive/pix/pak2/small/quake16.jpg [2718/2718] -> "www.ihoc.net/quake_archive/pix/pak2/small/quake16.jpg" [1]
2021-12-01 17:42:42 URL:https://www.ihoc.net/quake_archive/pix/pak2/big/quake17.jpg [38950/38950] -> "www.ihoc.net/quake_archive/pix/pak2/big/quake17.jpg" [1]
2021-12-01 17:42:42 URL:https://www.ihoc.net/quake_archive/pix/pak2/small/quake17.jpg [2993/2993] -> "www.ihoc.net/quake_archive/pix/pak2/small/quake17.jpg" [1]
2021-12-01 17:42:42 URL:https://www.ihoc.net/quake_archive/pix/pak2/big/quake18.jpg [51517/51517] -> "www.ihoc.net/quake_archive/pix/pak2/big/quake18.jpg" [1]
2021-12-01 17:42:42 URL:https://www.ihoc.net/quake_archive/pix/pak2/small/quake18.jpg [3491/3491] -> "www.ihoc.net/quake_archive/pix/pak2/small/quake18.jpg" [1]
2021-12-01 17:42:42 URL:https://www.ihoc.net/quake_archive/pix/pak2/big/quake19.jpg [50908/50908] -> "www.ihoc.net/quake_archive/pix/pak2/big/quake19.jpg" [1]
2021-12-01 17:42:42 URL:https://www.ihoc.net/quake_archive/pix/pak2/small/quake19.jpg [3629/3629] -> "www.ihoc.net/quake_archive/pix/pak2/small/quake19.jpg" [1]
2021-12-01 17:42:43 URL:https://www.ihoc.net/quake_archive/pix/pak2/big/quake20.jpg [50451/50451] -> "www.ihoc.net/quake_archive/pix/pak2/big/quake20.jpg" [1]
2021-12-01 17:42:43 URL:https://www.ihoc.net/quake_archive/pix/pak2/small/quake20.jpg [3712/3712] -> "www.ihoc.net/quake_archive/pix/pak2/small/quake20.jpg" [1]
FINISHED --2021-12-01 17:42:43--
Total wall clock time: 15s
Downloaded: 71 files, 11M in 5.8s (1.87 MB/s)
