2023-02-07 17:12:17 URL:https://www.quake-info-pool.net/ [5302/5302] -> "www.quake-info-pool.net/index.html" [1]
2023-02-07 17:12:17 URL:https://www.quake-info-pool.net/robots.txt [54/54] -> "www.quake-info-pool.net/robots.txt" [1]
2023-02-07 17:12:17 URL:https://www.quake-info-pool.net/gfx/qsymbol_16_alpha.ico [766/766] -> "www.quake-info-pool.net/gfx/qsymbol_16_alpha.ico" [1]
2023-02-07 17:12:17 URL:https://www.quake-info-pool.net/home.htm [9529/9529] -> "www.quake-info-pool.net/home.htm" [1]
2023-02-07 17:12:17 URL:https://www.quake-info-pool.net/gfx/qip_ban.jpg [10152/10152] -> "www.quake-info-pool.net/gfx/qip_ban.jpg" [1]
2023-02-07 17:12:17 URL:https://www.quake-info-pool.net/gfx/gerflag.png [179/179] -> "www.quake-info-pool.net/gfx/gerflag.png" [1]
2023-02-07 17:12:17 URL:https://www.quake-info-pool.net/contact.php [6730] -> "www.quake-info-pool.net/contact.php.html" [1]
2023-02-07 17:12:17 URL:https://www.quake-info-pool.net/frame_left.htm [474/474] -> "www.quake-info-pool.net/frame_left.htm" [1]
2023-02-07 17:12:17 URL:https://www.quake-info-pool.net/frame_title.htm [722/722] -> "www.quake-info-pool.net/frame_title.htm" [1]
2023-02-07 17:12:17 URL:https://www.quake-info-pool.net/menu.htm [8537/8537] -> "www.quake-info-pool.net/menu.htm" [1]
2023-02-07 17:12:17 URL:https://www.quake-info-pool.net/empty.htm [727/727] -> "www.quake-info-pool.net/empty.htm" [1]
2023-02-07 17:12:17 URL:https://www.quake-info-pool.net/index.htm [5302/5302] -> "www.quake-info-pool.net/index.htm" [1]
2023-02-07 17:12:17 URL:https://www.quake-info-pool.net/news.htm [26696/26696] -> "www.quake-info-pool.net/news.htm" [1]
2023-02-07 17:12:17 URL:https://www.quake-info-pool.net/downloads.htm [1836/1836] -> "www.quake-info-pool.net/downloads.htm" [1]
2023-02-07 17:12:17 URL:https://www.quake-info-pool.net/q1/bugs.htm [96074/96074] -> "www.quake-info-pool.net/q1/bugs.htm" [1]
2023-02-07 17:12:17 URL:https://www.quake-info-pool.net/q1/quakec.htm [16419/16419] -> "www.quake-info-pool.net/q1/quakec.htm" [1]
2023-02-07 17:12:17 URL:https://www.quake-info-pool.net/q1/qfix.htm [22624/22624] -> "www.quake-info-pool.net/q1/qfix.htm" [1]
2023-02-07 17:12:17 URL:https://www.quake-info-pool.net/q1/startup.htm [15102/15102] -> "www.quake-info-pool.net/q1/startup.htm" [1]
2023-02-07 17:12:17 URL:https://www.quake-info-pool.net/q1/console.htm [241432/241432] -> "www.quake-info-pool.net/q1/console.htm" [1]
2023-02-07 17:12:17 URL:https://www.quake-info-pool.net/q1/water.htm [9276/9276] -> "www.quake-info-pool.net/q1/water.htm" [1]
2023-02-07 17:12:17 URL:https://www.quake-info-pool.net/q1/mailinglist.htm [2769/2769] -> "www.quake-info-pool.net/q1/mailinglist.htm" [1]
2023-02-07 17:12:17 URL:https://www.quake-info-pool.net/text/qsmlfaq.txt [7576/7576] -> "www.quake-info-pool.net/text/qsmlfaq.txt" [1]
2023-02-07 17:12:17 URL:https://www.quake-info-pool.net/q1/servers.htm [2656/2656] -> "www.quake-info-pool.net/q1/servers.htm" [1]
2023-02-07 17:12:17 URL:https://www.quake-info-pool.net/q1/allgemein.htm [6312/6312] -> "www.quake-info-pool.net/q1/allgemein.htm" [1]
2023-02-07 17:12:17 URL:https://www.quake-info-pool.net/q1/dosquake.htm [5116/5116] -> "www.quake-info-pool.net/q1/dosquake.htm" [1]
2023-02-07 17:12:17 URL:https://www.quake-info-pool.net/q1/winquake.htm [5493/5493] -> "www.quake-info-pool.net/q1/winquake.htm" [1]
2023-02-07 17:12:17 URL:https://www.quake-info-pool.net/q1/glquake.htm [10817/10817] -> "www.quake-info-pool.net/q1/glquake.htm" [1]
2023-02-07 17:12:17 URL:https://www.quake-info-pool.net/q1/vquake.htm [4559/4559] -> "www.quake-info-pool.net/q1/vquake.htm" [1]
2023-02-07 17:12:17 URL:https://www.quake-info-pool.net/q1/batchsystem.htm [6822/6822] -> "www.quake-info-pool.net/q1/batchsystem.htm" [1]
2023-02-07 17:12:17 URL:https://www.quake-info-pool.net/q1/verzeichnisse.htm [4204/4204] -> "www.quake-info-pool.net/q1/verzeichnisse.htm" [1]
2023-02-07 17:12:17 URL:https://www.quake-info-pool.net/q1/konfiguration.htm [16698/16698] -> "www.quake-info-pool.net/q1/konfiguration.htm" [1]
2023-02-07 17:12:17 URL:https://www.quake-info-pool.net/q1/addons.htm [6730/6730] -> "www.quake-info-pool.net/q1/addons.htm" [1]
2023-02-07 17:12:17 URL:https://www.quake-info-pool.net/q1/maps.htm [2975/2975] -> "www.quake-info-pool.net/q1/maps.htm" [1]
2023-02-07 17:12:17 URL:https://www.quake-info-pool.net/q1/wasser.htm [10499/10499] -> "www.quake-info-pool.net/q1/wasser.htm" [1]
2023-02-07 17:12:17 URL:https://www.quake-info-pool.net/dd-formmailer.css [3926/3926] -> "www.quake-info-pool.net/dd-formmailer.css" [1]
2023-02-07 17:12:17 URL:https://www.quake-info-pool.net/home.shtml [9477/9477] -> "www.quake-info-pool.net/home.shtml.html" [1]
2023-02-07 17:12:17 URL:https://www.quake-info-pool.net/verify.php?v=1 [154] -> "www.quake-info-pool.net/verify.php?v=1" [1]
2023-02-07 17:12:17 URL:https://www.quake-info-pool.net/gfx/background_left.jpg [713/713] -> "www.quake-info-pool.net/gfx/background_left.jpg" [1]
2023-02-07 17:12:17 URL:https://www.quake-info-pool.net/gfx/background_middle.jpg [17525/17525] -> "www.quake-info-pool.net/gfx/background_middle.jpg" [1]
2023-02-07 17:12:17 URL:https://www.quake-info-pool.net/gfx/background_qip.png [2257/2257] -> "www.quake-info-pool.net/gfx/background_qip.png" [1]
2023-02-07 17:12:17 URL:https://www.quake-info-pool.net/gfx/transparent.png [311/311] -> "www.quake-info-pool.net/gfx/transparent.png" [1]
2023-02-07 17:12:17 URL:https://www.quake-info-pool.net/menu_ger.htm [8833/8833] -> "www.quake-info-pool.net/menu_ger.htm" [1]
2023-02-07 17:12:17 URL:https://www.quake-info-pool.net/vispatch/ [1435/1435] -> "www.quake-info-pool.net/vispatch/index.html" [1]
2023-02-07 17:12:17 URL:https://www.quake-info-pool.net/gfx/gl_clear.jpg [17276/17276] -> "www.quake-info-pool.net/gfx/gl_clear.jpg" [1]
2023-02-07 17:12:17 URL:https://www.quake-info-pool.net/q1/bugstool.htm [17240/17240] -> "www.quake-info-pool.net/q1/bugstool.htm" [1]
2023-02-07 17:12:17 URL:https://www.quake-info-pool.net/news2000.htm [22080/22080] -> "www.quake-info-pool.net/news2000.htm" [1]
2023-02-07 17:12:17 URL:https://www.quake-info-pool.net/news1999.htm [60632/60632] -> "www.quake-info-pool.net/news1999.htm" [1]
2023-02-07 17:12:17 URL:https://www.quake-info-pool.net/news1998.htm [80123/80123] -> "www.quake-info-pool.net/news1998.htm" [1]
2023-02-07 17:12:17 URL:https://www.quake-info-pool.net/neues1997.htm [19437/19437] -> "www.quake-info-pool.net/neues1997.htm" [1]
2023-02-07 17:12:17 URL:https://www.quake-info-pool.net/files/ [5117/5117] -> "www.quake-info-pool.net/files/index.html" [1]
2023-02-07 17:12:17 URL:https://www.quake-info-pool.net/q1/bugsqw.htm [62291/62291] -> "www.quake-info-pool.net/q1/bugsqw.htm" [1]
2023-02-07 17:12:17 URL:https://www.quake-info-pool.net/q1/bugsmap.htm [25270/25270] -> "www.quake-info-pool.net/q1/bugsmap.htm" [1]
2023-02-07 17:12:17 URL:https://www.quake-info-pool.net/q1/bugsdemo.htm [7340/7340] -> "www.quake-info-pool.net/q1/bugsdemo.htm" [1]
2023-02-07 17:12:17 URL:https://www.quake-info-pool.net/q1/bugstodo.htm [11070/11070] -> "www.quake-info-pool.net/q1/bugstodo.htm" [1]
2023-02-07 17:12:17 URL:https://www.quake-info-pool.net/q1/bugswish.htm [15262/15262] -> "www.quake-info-pool.net/q1/bugswish.htm" [1]
2023-02-07 17:12:17 URL:https://www.quake-info-pool.net/q1/gfx/fishmdl1.jpg [10786/10786] -> "www.quake-info-pool.net/q1/gfx/fishmdl1.jpg" [1]
2023-02-07 17:12:17 URL:https://www.quake-info-pool.net/q1/gfx/fishmdl2.jpg [10887/10887] -> "www.quake-info-pool.net/q1/gfx/fishmdl2.jpg" [1]
2023-02-07 17:12:17 URL:https://www.quake-info-pool.net/q1/qcwa.htm [30353/30353] -> "www.quake-info-pool.net/q1/qcwa.htm" [1]
2023-02-07 17:12:17 URL:https://www.quake-info-pool.net/q1/qcfix.htm [67850/67850] -> "www.quake-info-pool.net/q1/qcfix.htm" [1]
2023-02-07 17:12:17 URL:https://www.quake-info-pool.net/q1/gfx/waisthigh.jpg [12120/12120] -> "www.quake-info-pool.net/q1/gfx/waisthigh.jpg" [1]
2023-02-07 17:12:17 URL:https://www.quake-info-pool.net/q1/qcenhanc.htm [60970/60970] -> "www.quake-info-pool.net/q1/qcenhanc.htm" [1]
https://www.quake-info-pool.net/text/bugtest.txt:
2023-02-07 17:12:17 ERROR 404: Not Found.
2023-02-07 17:12:17 URL:https://www.quake-info-pool.net/q1/gfx/seethrough.jpg [5953/5953] -> "www.quake-info-pool.net/q1/gfx/seethrough.jpg" [1]
2023-02-07 17:12:17 URL:https://www.quake-info-pool.net/q1/gfx/fov20.jpg [10043/10043] -> "www.quake-info-pool.net/q1/gfx/fov20.jpg" [1]
2023-02-07 17:12:17 URL:https://www.quake-info-pool.net/q1/gfx/e2m1gfxerror.jpg [8976/8976] -> "www.quake-info-pool.net/q1/gfx/e2m1gfxerror.jpg" [1]
2023-02-07 17:12:17 URL:https://www.quake-info-pool.net/q1/gfx/hall_of_mirrors.jpg [13466/13466] -> "www.quake-info-pool.net/q1/gfx/hall_of_mirrors.jpg" [1]
2023-02-07 17:12:17 URL:https://www.quake-info-pool.net/q1/gfx/glmissents1.jpg [8314/8314] -> "www.quake-info-pool.net/q1/gfx/glmissents1.jpg" [1]
2023-02-07 17:12:17 URL:https://www.quake-info-pool.net/q1/gfx/glmissents2.jpg [8036/8036] -> "www.quake-info-pool.net/q1/gfx/glmissents2.jpg" [1]
2023-02-07 17:12:17 URL:https://www.quake-info-pool.net/q1/gfx/messedp1.jpg [9526/9526] -> "www.quake-info-pool.net/q1/gfx/messedp1.jpg" [1]
2023-02-07 17:12:17 URL:https://www.quake-info-pool.net/q1/gfx/messedp2.jpg [9511/9511] -> "www.quake-info-pool.net/q1/gfx/messedp2.jpg" [1]
2023-02-07 17:12:17 URL:https://www.quake-info-pool.net/q1/gfx/messedp3.jpg [9506/9506] -> "www.quake-info-pool.net/q1/gfx/messedp3.jpg" [1]
2023-02-07 17:12:17 URL:https://www.quake-info-pool.net/q1/gfx/messedp4.jpg [9510/9510] -> "www.quake-info-pool.net/q1/gfx/messedp4.jpg" [1]
2023-02-07 17:12:17 URL:https://www.quake-info-pool.net/q1/gfx/messedm1.jpg [11851/11851] -> "www.quake-info-pool.net/q1/gfx/messedm1.jpg" [1]
2023-02-07 17:12:17 URL:https://www.quake-info-pool.net/q1/gfx/messedm2.jpg [12899/12899] -> "www.quake-info-pool.net/q1/gfx/messedm2.jpg" [1]
2023-02-07 17:12:17 URL:https://www.quake-info-pool.net/q1/gfx/dif_tex_img.jpg [9652/9652] -> "www.quake-info-pool.net/q1/gfx/dif_tex_img.jpg" [1]
2023-02-07 17:12:17 URL:https://www.quake-info-pool.net/q1/gfx/psychedelic.jpg [8042/8042] -> "www.quake-info-pool.net/q1/gfx/psychedelic.jpg" [1]
2023-02-07 17:12:17 URL:https://www.quake-info-pool.net/text/wincvs.txt [2565/2565] -> "www.quake-info-pool.net/text/wincvs.txt" [1]
https://www.quake-info-pool.net/q1/text/foo.quake:
2023-02-07 17:12:17 ERROR 404: Not Found.
https://www.quake-info-pool.net/q1/konfiguration.html:
2023-02-07 17:12:17 ERROR 404: Not Found.
https://www.quake-info-pool.net/q1/verzeichnisse.html:
2023-02-07 17:12:17 ERROR 404: Not Found.
https://www.quake-info-pool.net/q1/batchsystem.html:
2023-02-07 17:12:17 ERROR 404: Not Found.
https://www.quake-info-pool.net/js/anti_framing_standalone.js:
2023-02-07 17:12:17 ERROR 404: Not Found.
https://www.quake-info-pool.net/frame_commercial.shtml:
2023-02-07 17:12:17 ERROR 404: Not Found.
https://www.quake-info-pool.net/index.shtml:
2023-02-07 17:12:17 ERROR 404: Not Found.
https://www.quake-info-pool.net/q1/bugreport.htm:
2023-02-07 17:12:17 ERROR 404: Not Found.
2023-02-07 17:12:17 URL:https://www.quake-info-pool.net/vispatch/top.htm [374/374] -> "www.quake-info-pool.net/vispatch/top.htm" [1]
2023-02-07 17:12:17 URL:https://www.quake-info-pool.net/vispatch/menu.htm [6676/6676] -> "www.quake-info-pool.net/vispatch/menu.htm" [1]
2023-02-07 17:12:17 URL:https://www.quake-info-pool.net/vispatch/main.htm [28008/28008] -> "www.quake-info-pool.net/vispatch/main.htm" [1]
2023-02-07 17:12:17 URL:https://www.quake-info-pool.net/gfx/q1logo_small.png [366/366] -> "www.quake-info-pool.net/gfx/q1logo_small.png" [1]
2023-02-07 17:12:17 URL:https://www.quake-info-pool.net/gfx/q3logo_small.png [361/361] -> "www.quake-info-pool.net/gfx/q3logo_small.png" [1]
2023-02-07 17:12:17 URL:https://www.quake-info-pool.net/text/tntinfo.txt [5857/5857] -> "www.quake-info-pool.net/text/tntinfo.txt" [1]
https://www.quake-info-pool.net/text/urqp104.txt:
2023-02-07 17:12:17 ERROR 404: Not Found.
https://www.quake-info-pool.net/text/urqwp10.txt:
2023-02-07 17:12:17 ERROR 404: Not Found.
https://www.quake-info-pool.net/text/urqp103.txt:
2023-02-07 17:12:17 ERROR 404: Not Found.
2023-02-07 17:12:17 URL:https://www.quake-info-pool.net/gfx/new.png [1553/1553] -> "www.quake-info-pool.net/gfx/new.png" [1]
https://www.quake-info-pool.net/text/ogl16bit.txt:
2023-02-07 17:12:17 ERROR 404: Not Found.
https://www.quake-info-pool.net/text/bsptxren100.txt:
2023-02-07 17:12:17 ERROR 404: Not Found.
https://www.quake-info-pool.net/links.htm:
2023-02-07 17:12:17 ERROR 404: Not Found.
2023-02-07 17:12:17 URL:https://www.quake-info-pool.net/gfx/qipbtnan.gif [21631/21631] -> "www.quake-info-pool.net/gfx/qipbtnan.gif" [1]
2023-02-07 17:12:17 URL:https://www.quake-info-pool.net/gfx/qipbtnst.png [3953/3953] -> "www.quake-info-pool.net/gfx/qipbtnst.png" [1]
2023-02-07 17:12:17 URL:https://www.quake-info-pool.net/gfx/removed.png [1464/1464] -> "www.quake-info-pool.net/gfx/removed.png" [1]
2023-02-07 17:12:17 URL:https://www.quake-info-pool.net/gfx/gbflag.png [255/255] -> "www.quake-info-pool.net/gfx/gbflag.png" [1]
https://www.quake-info-pool.net/text/urqp101.txt:
2023-02-07 17:12:17 ERROR 404: Not Found.
https://www.quake-info-pool.net/text/ursp100.txt:
2023-02-07 17:12:17 ERROR 404: Not Found.
2023-02-07 17:12:17 URL:https://www.quake-info-pool.net/icons/blank.gif [148/148] -> "www.quake-info-pool.net/icons/blank.gif" [1]
2023-02-07 17:12:17 URL:https://www.quake-info-pool.net/files/?C=N;O=D [5117/5117] -> "www.quake-info-pool.net/files/index.html?C=N;O=D.html" [1]
2023-02-07 17:12:17 URL:https://www.quake-info-pool.net/files/?C=M;O=A [5117/5117] -> "www.quake-info-pool.net/files/index.html?C=M;O=A.html" [1]
2023-02-07 17:12:17 URL:https://www.quake-info-pool.net/files/?C=S;O=A [5117/5117] -> "www.quake-info-pool.net/files/index.html?C=S;O=A.html" [1]
2023-02-07 17:12:17 URL:https://www.quake-info-pool.net/files/?C=D;O=A [5117/5117] -> "www.quake-info-pool.net/files/index.html?C=D;O=A.html" [1]
2023-02-07 17:12:17 URL:https://www.quake-info-pool.net/icons/back.gif [216/216] -> "www.quake-info-pool.net/icons/back.gif" [1]
2023-02-07 17:12:17 URL:https://www.quake-info-pool.net/icons/text.gif [229/229] -> "www.quake-info-pool.net/icons/text.gif" [1]
2023-02-07 17:12:17 URL:https://www.quake-info-pool.net/files/_addons.txt [31/31] -> "www.quake-info-pool.net/files/_addons.txt" [1]
2023-02-07 17:12:17 URL:https://www.quake-info-pool.net/files/_cdrom.com.txt.txt [365/365] -> "www.quake-info-pool.net/files/_cdrom.com.txt.txt" [1]
2023-02-07 17:12:17 URL:https://www.quake-info-pool.net/files/_demos.txt [23/23] -> "www.quake-info-pool.net/files/_demos.txt" [1]
2023-02-07 17:12:17 URL:https://www.quake-info-pool.net/files/_engine.txt [46/46] -> "www.quake-info-pool.net/files/_engine.txt" [1]
2023-02-07 17:12:17 URL:https://www.quake-info-pool.net/files/_jk2.txt [26/26] -> "www.quake-info-pool.net/files/_jk2.txt" [1]
2023-02-07 17:12:17 URL:https://www.quake-info-pool.net/files/_mapfixes.txt [34/34] -> "www.quake-info-pool.net/files/_mapfixes.txt" [1]
2023-02-07 17:12:17 URL:https://www.quake-info-pool.net/files/_maps.txt [22/22] -> "www.quake-info-pool.net/files/_maps.txt" [1]
2023-02-07 17:12:17 URL:https://www.quake-info-pool.net/files/_misc.txt [23/23] -> "www.quake-info-pool.net/files/_misc.txt" [1]
2023-02-07 17:12:17 URL:https://www.quake-info-pool.net/files/_models.txt [24/24] -> "www.quake-info-pool.net/files/_models.txt" [1]
2023-02-07 17:12:17 URL:https://www.quake-info-pool.net/files/_tools.txt [53/53] -> "www.quake-info-pool.net/files/_tools.txt" [1]
2023-02-07 17:12:18 URL:https://www.quake-info-pool.net/files/_watervis.txt [78/78] -> "www.quake-info-pool.net/files/_watervis.txt" [1]
2023-02-07 17:12:18 URL:https://www.quake-info-pool.net/icons/folder.gif [225/225] -> "www.quake-info-pool.net/icons/folder.gif" [1]
2023-02-07 17:12:18 URL:https://www.quake-info-pool.net/files/addons/ [3689/3689] -> "www.quake-info-pool.net/files/addons/index.html" [1]
2023-02-07 17:12:18 URL:https://www.quake-info-pool.net/files/cdrom.com.html [178/178] -> "www.quake-info-pool.net/files/cdrom.com.html" [1]
2023-02-07 17:12:18 URL:https://www.quake-info-pool.net/files/demos/ [9171] -> "www.quake-info-pool.net/files/demos/index.html" [1]
2023-02-07 17:12:18 URL:https://www.quake-info-pool.net/files/engine/ [2567/2567] -> "www.quake-info-pool.net/files/engine/index.html" [1]
2023-02-07 17:12:18 URL:https://www.quake-info-pool.net/files/jk2/ [1307/1307] -> "www.quake-info-pool.net/files/jk2/index.html" [1]
2023-02-07 17:12:18 URL:https://www.quake-info-pool.net/files/mapfixes/ [8009] -> "www.quake-info-pool.net/files/mapfixes/index.html" [1]
2023-02-07 17:12:18 URL:https://www.quake-info-pool.net/files/maps/ [2049/2049] -> "www.quake-info-pool.net/files/maps/index.html" [1]
2023-02-07 17:12:18 URL:https://www.quake-info-pool.net/files/misc/ [1641/1641] -> "www.quake-info-pool.net/files/misc/index.html" [1]
2023-02-07 17:12:18 URL:https://www.quake-info-pool.net/files/models/ [1201/1201] -> "www.quake-info-pool.net/files/models/index.html" [1]
2023-02-07 17:12:18 URL:https://www.quake-info-pool.net/files/tools/ [7787/7787] -> "www.quake-info-pool.net/files/tools/index.html" [1]
2023-02-07 17:12:18 URL:https://www.quake-info-pool.net/files/watervis/ [1189/1189] -> "www.quake-info-pool.net/files/watervis/index.html" [1]
2023-02-07 17:12:18 URL:https://www.quake-info-pool.net/q1/gfx/qwecho.png [12601/12601] -> "www.quake-info-pool.net/q1/gfx/qwecho.png" [1]
2023-02-07 17:12:18 URL:https://www.quake-info-pool.net/q1/gfx/qwpsychedelic.jpg [9135/9135] -> "www.quake-info-pool.net/q1/gfx/qwpsychedelic.jpg" [1]
2023-02-07 17:12:18 URL:https://www.quake-info-pool.net/q1/gfx/mistake_e1m3.jpg [12555/12555] -> "www.quake-info-pool.net/q1/gfx/mistake_e1m3.jpg" [1]
2023-02-07 17:12:18 URL:https://www.quake-info-pool.net/q1/gfx/mistake_dm3.jpg [11510/11510] -> "www.quake-info-pool.net/q1/gfx/mistake_dm3.jpg" [1]
2023-02-07 17:12:18 URL:https://www.quake-info-pool.net/q1/gfx/mistake_dm3b.jpg [10521/10521] -> "www.quake-info-pool.net/q1/gfx/mistake_dm3b.jpg" [1]
2023-02-07 17:12:18 URL:https://www.quake-info-pool.net/q1/gfx/mistake_dm3c.jpg [12424/12424] -> "www.quake-info-pool.net/q1/gfx/mistake_dm3c.jpg" [1]
2023-02-07 17:12:18 URL:https://www.quake-info-pool.net/q1/gfx/mistake_e2m2a.jpg [10909/10909] -> "www.quake-info-pool.net/q1/gfx/mistake_e2m2a.jpg" [1]
2023-02-07 17:12:18 URL:https://www.quake-info-pool.net/q1/gfx/mistake_e2m2b.jpg [8584/8584] -> "www.quake-info-pool.net/q1/gfx/mistake_e2m2b.jpg" [1]
2023-02-07 17:12:18 URL:https://www.quake-info-pool.net/q1/gfx/trigger_crash.jpg [10659/10659] -> "www.quake-info-pool.net/q1/gfx/trigger_crash.jpg" [1]
2023-02-07 17:12:18 URL:https://www.quake-info-pool.net/q1/gfx/trigger_start.jpg [8707/8707] -> "www.quake-info-pool.net/q1/gfx/trigger_start.jpg" [1]
2023-02-07 17:12:18 URL:https://www.quake-info-pool.net/q1/gfx/trigger_e4m5.jpg [10821/10821] -> "www.quake-info-pool.net/q1/gfx/trigger_e4m5.jpg" [1]
2023-02-07 17:12:18 URL:https://www.quake-info-pool.net/q1/gfx/trigger_e4m8.jpg [5489/5489] -> "www.quake-info-pool.net/q1/gfx/trigger_e4m8.jpg" [1]
2023-02-07 17:12:18 URL:https://www.quake-info-pool.net/vispatch/images/watervis.gif [13380/13380] -> "www.quake-info-pool.net/vispatch/images/watervis.gif" [1]
2023-02-07 17:12:18 URL:https://www.quake-info-pool.net/vispatch/images/bullet3.gif [826/826] -> "www.quake-info-pool.net/vispatch/images/bullet3.gif" [1]
2023-02-07 17:12:18 URL:https://www.quake-info-pool.net/vispatch/files.htm [19548/19548] -> "www.quake-info-pool.net/vispatch/files.htm" [1]
2023-02-07 17:12:18 URL:https://www.quake-info-pool.net/vispatch/links.htm [1312/1312] -> "www.quake-info-pool.net/vispatch/links.htm" [1]
2023-02-07 17:12:18 URL:https://www.quake-info-pool.net/vispatch/patch.htm [2872/2872] -> "www.quake-info-pool.net/vispatch/patch.htm" [1]
2023-02-07 17:12:18 URL:https://www.quake-info-pool.net/vispatch/create.htm [8406/8406] -> "www.quake-info-pool.net/vispatch/create.htm" [1]
2023-02-07 17:12:18 URL:https://www.quake-info-pool.net/vispatch/errors.htm [3035/3035] -> "www.quake-info-pool.net/vispatch/errors.htm" [1]
2023-02-07 17:12:18 URL:https://www.quake-info-pool.net/vispatch/contacts.htm [1060/1060] -> "www.quake-info-pool.net/vispatch/contacts.htm" [1]
2023-02-07 17:12:18 URL:https://www.quake-info-pool.net/vispatch/credits.htm [1430/1430] -> "www.quake-info-pool.net/vispatch/credits.htm" [1]
2023-02-07 17:12:18 URL:https://www.quake-info-pool.net/files/watervis/patches/allstart_vis.zip [53465/53465] -> "www.quake-info-pool.net/files/watervis/patches/allstart_vis.zip" [1]
2023-02-07 17:12:18 URL:https://www.quake-info-pool.net/files/watervis/patches/twctf4_vis.zip [420263/420263] -> "www.quake-info-pool.net/files/watervis/patches/twctf4_vis.zip" [1]
2023-02-07 17:12:18 URL:https://www.quake-info-pool.net/files/watervis/patches/ukpak_vis.zip [138939/138939] -> "www.quake-info-pool.net/files/watervis/patches/ukpak_vis.zip" [1]
2023-02-07 17:12:18 URL:https://www.quake-info-pool.net/files/watervis/patches/xeno_vis.zip [417265/417265] -> "www.quake-info-pool.net/files/watervis/patches/xeno_vis.zip" [1]
2023-02-07 17:12:18 URL:https://www.quake-info-pool.net/files/watervis/tools/unixvis.zip [24725/24725] -> "www.quake-info-pool.net/files/watervis/tools/unixvis.zip" [1]
2023-02-07 17:12:18 URL:https://www.quake-info-pool.net/files/watervis/tools/vispsrc.zip [6830/6830] -> "www.quake-info-pool.net/files/watervis/tools/vispsrc.zip" [1]
2023-02-07 17:12:18 URL:https://www.quake-info-pool.net/vispatch/oz.txt [1798/1798] -> "www.quake-info-pool.net/vispatch/oz.txt" [1]
2023-02-07 17:12:18 URL:https://www.quake-info-pool.net/files/?C=N;O=A [5117/5117] -> "www.quake-info-pool.net/files/index.html?C=N;O=A.html" [1]
2023-02-07 17:12:18 URL:https://www.quake-info-pool.net/files/?C=M;O=D [5117/5117] -> "www.quake-info-pool.net/files/index.html?C=M;O=D.html" [1]
2023-02-07 17:12:18 URL:https://www.quake-info-pool.net/files/?C=S;O=D [5117/5117] -> "www.quake-info-pool.net/files/index.html?C=S;O=D.html" [1]
2023-02-07 17:12:18 URL:https://www.quake-info-pool.net/files/?C=D;O=D [5117/5117] -> "www.quake-info-pool.net/files/index.html?C=D;O=D.html" [1]
2023-02-07 17:12:18 URL:https://www.quake-info-pool.net/files/addons/?C=N;O=D [3689/3689] -> "www.quake-info-pool.net/files/addons/index.html?C=N;O=D.html" [1]
2023-02-07 17:12:18 URL:https://www.quake-info-pool.net/files/addons/?C=M;O=A [3689/3689] -> "www.quake-info-pool.net/files/addons/index.html?C=M;O=A.html" [1]
2023-02-07 17:12:18 URL:https://www.quake-info-pool.net/files/addons/?C=S;O=A [3689/3689] -> "www.quake-info-pool.net/files/addons/index.html?C=S;O=A.html" [1]
2023-02-07 17:12:18 URL:https://www.quake-info-pool.net/files/addons/?C=D;O=A [3689/3689] -> "www.quake-info-pool.net/files/addons/index.html?C=D;O=A.html" [1]
2023-02-07 17:12:18 URL:https://www.quake-info-pool.net/files/addons/_dominion.zip.txt [90/90] -> "www.quake-info-pool.net/files/addons/_dominion.zip.txt" [1]
2023-02-07 17:12:18 URL:https://www.quake-info-pool.net/files/addons/_e1m8grav.zip.txt [70/70] -> "www.quake-info-pool.net/files/addons/_e1m8grav.zip.txt" [1]
2023-02-07 17:12:18 URL:https://www.quake-info-pool.net/files/addons/_urqp106.zip.txt [1184/1184] -> "www.quake-info-pool.net/files/addons/_urqp106.zip.txt" [1]
2023-02-07 17:12:18 URL:https://www.quake-info-pool.net/files/addons/_urqp106a.zip.txt [1383/1383] -> "www.quake-info-pool.net/files/addons/_urqp106a.zip.txt" [1]
2023-02-07 17:12:18 URL:https://www.quake-info-pool.net/files/addons/_urqwp104f.zip.txt [444/444] -> "www.quake-info-pool.net/files/addons/_urqwp104f.zip.txt" [1]
2023-02-07 17:12:18 URL:https://www.quake-info-pool.net/files/addons/_ursp100.zip.txt [173/173] -> "www.quake-info-pool.net/files/addons/_ursp100.zip.txt" [1]
2023-02-07 17:12:18 URL:https://www.quake-info-pool.net/files/addons/aop/ [2278/2278] -> "www.quake-info-pool.net/files/addons/aop/index.html" [1]
2023-02-07 17:12:18 URL:https://www.quake-info-pool.net/icons/compressed.gif [1038/1038] -> "www.quake-info-pool.net/icons/compressed.gif" [1]
2023-02-07 17:12:19 URL:https://www.quake-info-pool.net/files/addons/dominion.zip [9024126/9024126] -> "www.quake-info-pool.net/files/addons/dominion.zip" [1]
2023-02-07 17:12:19 URL:https://www.quake-info-pool.net/files/addons/e1m8grav.zip [6314/6314] -> "www.quake-info-pool.net/files/addons/e1m8grav.zip" [1]
2023-02-07 17:12:19 URL:https://www.quake-info-pool.net/files/addons/old/ [1850/1850] -> "www.quake-info-pool.net/files/addons/old/index.html" [1]
2023-02-07 17:12:20 URL:https://www.quake-info-pool.net/files/addons/urqp106.zip [3527783/3527783] -> "www.quake-info-pool.net/files/addons/urqp106.zip" [1]
2023-02-07 17:12:20 URL:https://www.quake-info-pool.net/files/addons/urqp106a.zip [1231858/1231858] -> "www.quake-info-pool.net/files/addons/urqp106a.zip" [1]
2023-02-07 17:12:20 URL:https://www.quake-info-pool.net/files/addons/urqwp104f.zip [260418/260418] -> "www.quake-info-pool.net/files/addons/urqwp104f.zip" [1]
2023-02-07 17:12:20 URL:https://www.quake-info-pool.net/files/addons/ursp100.zip [392330/392330] -> "www.quake-info-pool.net/files/addons/ursp100.zip" [1]
2023-02-07 17:12:20 URL:https://www.quake-info-pool.net/files/demos/?C=N;O=D [9171] -> "www.quake-info-pool.net/files/demos/index.html?C=N;O=D.html" [1]
2023-02-07 17:12:20 URL:https://www.quake-info-pool.net/files/demos/?C=M;O=A [9171] -> "www.quake-info-pool.net/files/demos/index.html?C=M;O=A.html" [1]
2023-02-07 17:12:20 URL:https://www.quake-info-pool.net/files/demos/?C=S;O=A [9171] -> "www.quake-info-pool.net/files/demos/index.html?C=S;O=A.html" [1]
2023-02-07 17:12:20 URL:https://www.quake-info-pool.net/files/demos/?C=D;O=A [9171] -> "www.quake-info-pool.net/files/demos/index.html?C=D;O=A.html" [1]
2023-02-07 17:12:20 URL:https://www.quake-info-pool.net/files/demos/_bigass1.zip.txt [181/181] -> "www.quake-info-pool.net/files/demos/_bigass1.zip.txt" [1]
2023-02-07 17:12:20 URL:https://www.quake-info-pool.net/files/demos/_clipbug.zip.txt [51/51] -> "www.quake-info-pool.net/files/demos/_clipbug.zip.txt" [1]
2023-02-07 17:12:20 URL:https://www.quake-info-pool.net/files/demos/_dm4tele.zip.txt [40/40] -> "www.quake-info-pool.net/files/demos/_dm4tele.zip.txt" [1]
2023-02-07 17:12:20 URL:https://www.quake-info-pool.net/files/demos/_dm6plat.zip.txt [52/52] -> "www.quake-info-pool.net/files/demos/_dm6plat.zip.txt" [1]
2023-02-07 17:12:20 URL:https://www.quake-info-pool.net/files/demos/_e4m7zombie.zip.txt [66/66] -> "www.quake-info-pool.net/files/demos/_e4m7zombie.zip.txt" [1]
2023-02-07 17:12:20 URL:https://www.quake-info-pool.net/files/demos/_endexit.zip.txt [77/77] -> "www.quake-info-pool.net/files/demos/_endexit.zip.txt" [1]
2023-02-07 17:12:20 URL:https://www.quake-info-pool.net/files/demos/_fishes.zip.txt [45/45] -> "www.quake-info-pool.net/files/demos/_fishes.zip.txt" [1]
2023-02-07 17:12:20 URL:https://www.quake-info-pool.net/files/demos/_hipzombie.zip.txt [66/66] -> "www.quake-info-pool.net/files/demos/_hipzombie.zip.txt" [1]
2023-02-07 17:12:20 URL:https://www.quake-info-pool.net/files/demos/_jm_promo.zip.txt [38/38] -> "www.quake-info-pool.net/files/demos/_jm_promo.zip.txt" [1]
2023-02-07 17:12:20 URL:https://www.quake-info-pool.net/files/demos/_malsec1.zip.txt [72/72] -> "www.quake-info-pool.net/files/demos/_malsec1.zip.txt" [1]
2023-02-07 17:12:20 URL:https://www.quake-info-pool.net/files/demos/_qwctffly.zip.txt [66/66] -> "www.quake-info-pool.net/files/demos/_qwctffly.zip.txt" [1]
2023-02-07 17:12:20 URL:https://www.quake-info-pool.net/files/demos/_qwd_bug.zip.txt [76/76] -> "www.quake-info-pool.net/files/demos/_qwd_bug.zip.txt" [1]
2023-02-07 17:12:20 URL:https://www.quake-info-pool.net/files/demos/_qwjumpbug.zip.txt [100/100] -> "www.quake-info-pool.net/files/demos/_qwjumpbug.zip.txt" [1]
2023-02-07 17:12:20 URL:https://www.quake-info-pool.net/files/demos/_qwwtrjmp.zip.txt [61/61] -> "www.quake-info-pool.net/files/demos/_qwwtrjmp.zip.txt" [1]
2023-02-07 17:12:20 URL:https://www.quake-info-pool.net/files/demos/_shootbug.zip.txt [67/67] -> "www.quake-info-pool.net/files/demos/_shootbug.zip.txt" [1]
2023-02-07 17:12:20 URL:https://www.quake-info-pool.net/files/demos/_slide.zip.txt [40/40] -> "www.quake-info-pool.net/files/demos/_slide.zip.txt" [1]
2023-02-07 17:12:20 URL:https://www.quake-info-pool.net/files/demos/_slowfall.zip.txt [46/46] -> "www.quake-info-pool.net/files/demos/_slowfall.zip.txt" [1]
2023-02-07 17:12:20 URL:https://www.quake-info-pool.net/files/demos/_telechase.zip.txt [71/71] -> "www.quake-info-pool.net/files/demos/_telechase.zip.txt" [1]
2023-02-07 17:12:21 URL:https://www.quake-info-pool.net/files/demos/_teleloop.zip.txt [81/81] -> "www.quake-info-pool.net/files/demos/_teleloop.zip.txt" [1]
2023-02-07 17:12:21 URL:https://www.quake-info-pool.net/files/demos/_walkframe.zip.txt [65/65] -> "www.quake-info-pool.net/files/demos/_walkframe.zip.txt" [1]
2023-02-07 17:12:21 URL:https://www.quake-info-pool.net/files/demos/bigass1.zip [728632/728632] -> "www.quake-info-pool.net/files/demos/bigass1.zip" [1]
2023-02-07 17:12:21 URL:https://www.quake-info-pool.net/files/demos/clipbug.zip [18613/18613] -> "www.quake-info-pool.net/files/demos/clipbug.zip" [1]
2023-02-07 17:12:21 URL:https://www.quake-info-pool.net/files/demos/dm4tele.zip [56141/56141] -> "www.quake-info-pool.net/files/demos/dm4tele.zip" [1]
2023-02-07 17:12:21 URL:https://www.quake-info-pool.net/files/demos/dm6plat.zip [29034/29034] -> "www.quake-info-pool.net/files/demos/dm6plat.zip" [1]
2023-02-07 17:12:21 URL:https://www.quake-info-pool.net/files/demos/e4m7zombie.zip [84077/84077] -> "www.quake-info-pool.net/files/demos/e4m7zombie.zip" [1]
2023-02-07 17:12:21 URL:https://www.quake-info-pool.net/files/demos/endexit.zip [50436/50436] -> "www.quake-info-pool.net/files/demos/endexit.zip" [1]
2023-02-07 17:12:21 URL:https://www.quake-info-pool.net/files/demos/fishes.zip [89103/89103] -> "www.quake-info-pool.net/files/demos/fishes.zip" [1]
2023-02-07 17:12:21 URL:https://www.quake-info-pool.net/files/demos/hipzombie.zip [82458/82458] -> "www.quake-info-pool.net/files/demos/hipzombie.zip" [1]
2023-02-07 17:12:21 URL:https://www.quake-info-pool.net/files/demos/jm_promo.zip [4570708/4570708] -> "www.quake-info-pool.net/files/demos/jm_promo.zip" [1]
2023-02-07 17:12:21 URL:https://www.quake-info-pool.net/files/demos/malsec1.zip [2111577/2111577] -> "www.quake-info-pool.net/files/demos/malsec1.zip" [1]
2023-02-07 17:12:21 URL:https://www.quake-info-pool.net/files/demos/qwctffly.zip [263667/263667] -> "www.quake-info-pool.net/files/demos/qwctffly.zip" [1]
2023-02-07 17:12:21 URL:https://www.quake-info-pool.net/files/demos/qwd_bug.zip [18978/18978] -> "www.quake-info-pool.net/files/demos/qwd_bug.zip" [1]
2023-02-07 17:12:21 URL:https://www.quake-info-pool.net/files/demos/qwjumpbug.zip [133621/133621] -> "www.quake-info-pool.net/files/demos/qwjumpbug.zip" [1]
2023-02-07 17:12:21 URL:https://www.quake-info-pool.net/files/demos/qwwtrjmp.zip [61779/61779] -> "www.quake-info-pool.net/files/demos/qwwtrjmp.zip" [1]
2023-02-07 17:12:22 URL:https://www.quake-info-pool.net/files/demos/shootbug.zip [97622/97622] -> "www.quake-info-pool.net/files/demos/shootbug.zip" [1]
2023-02-07 17:12:22 URL:https://www.quake-info-pool.net/files/demos/slide.zip [50585/50585] -> "www.quake-info-pool.net/files/demos/slide.zip" [1]
2023-02-07 17:12:22 URL:https://www.quake-info-pool.net/files/demos/slowfall.zip [80106/80106] -> "www.quake-info-pool.net/files/demos/slowfall.zip" [1]
2023-02-07 17:12:22 URL:https://www.quake-info-pool.net/files/demos/telechase.zip [5585/5585] -> "www.quake-info-pool.net/files/demos/telechase.zip" [1]
2023-02-07 17:12:22 URL:https://www.quake-info-pool.net/files/demos/teleloop.zip [16279/16279] -> "www.quake-info-pool.net/files/demos/teleloop.zip" [1]
2023-02-07 17:12:22 URL:https://www.quake-info-pool.net/files/demos/walkframe.zip [46434/46434] -> "www.quake-info-pool.net/files/demos/walkframe.zip" [1]
2023-02-07 17:12:22 URL:https://www.quake-info-pool.net/files/engine/?C=N;O=D [2567/2567] -> "www.quake-info-pool.net/files/engine/index.html?C=N;O=D.html" [1]
2023-02-07 17:12:22 URL:https://www.quake-info-pool.net/files/engine/?C=M;O=A [2567/2567] -> "www.quake-info-pool.net/files/engine/index.html?C=M;O=A.html" [1]
2023-02-07 17:12:22 URL:https://www.quake-info-pool.net/files/engine/?C=S;O=A [2567/2567] -> "www.quake-info-pool.net/files/engine/index.html?C=S;O=A.html" [1]
2023-02-07 17:12:22 URL:https://www.quake-info-pool.net/files/engine/?C=D;O=A [2567/2567] -> "www.quake-info-pool.net/files/engine/index.html?C=D;O=A.html" [1]
2023-02-07 17:12:22 URL:https://www.quake-info-pool.net/files/engine/_lccwin32_20011205.exe.txt [171/171] -> "www.quake-info-pool.net/files/engine/_lccwin32_20011205.exe.txt" [1]
2023-02-07 17:12:22 URL:https://www.quake-info-pool.net/files/engine/_qip_exe_20020201.zip.txt [138/138] -> "www.quake-info-pool.net/files/engine/_qip_exe_20020201.zip.txt" [1]
2023-02-07 17:12:22 URL:https://www.quake-info-pool.net/files/engine/_qip_src_20020201.zip.txt [113/113] -> "www.quake-info-pool.net/files/engine/_qip_src_20020201.zip.txt" [1]
2023-02-07 17:12:22 URL:https://www.quake-info-pool.net/files/engine/_qip_src_general.zip.txt [775/775] -> "www.quake-info-pool.net/files/engine/_qip_src_general.zip.txt" [1]
2023-02-07 17:12:22 URL:https://www.quake-info-pool.net/files/engine/old/ [5396/5396] -> "www.quake-info-pool.net/files/engine/old/index.html" [1]
2023-02-07 17:12:22 URL:https://www.quake-info-pool.net/files/engine/qip_exe_20020201.zip [821895/821895] -> "www.quake-info-pool.net/files/engine/qip_exe_20020201.zip" [1]
2023-02-07 17:12:22 URL:https://www.quake-info-pool.net/files/engine/qip_src_20020201.zip [1096661/1096661] -> "www.quake-info-pool.net/files/engine/qip_src_20020201.zip" [1]
2023-02-07 17:12:22 URL:https://www.quake-info-pool.net/files/engine/qip_src_general.zip [232133/232133] -> "www.quake-info-pool.net/files/engine/qip_src_general.zip" [1]
2023-02-07 17:12:22 URL:https://www.quake-info-pool.net/files/jk2/?C=N;O=D [1307/1307] -> "www.quake-info-pool.net/files/jk2/index.html?C=N;O=D.html" [1]
2023-02-07 17:12:22 URL:https://www.quake-info-pool.net/files/jk2/?C=M;O=A [1307/1307] -> "www.quake-info-pool.net/files/jk2/index.html?C=M;O=A.html" [1]
2023-02-07 17:12:22 URL:https://www.quake-info-pool.net/files/jk2/?C=S;O=A [1307/1307] -> "www.quake-info-pool.net/files/jk2/index.html?C=S;O=A.html" [1]
2023-02-07 17:12:22 URL:https://www.quake-info-pool.net/files/jk2/?C=D;O=A [1307/1307] -> "www.quake-info-pool.net/files/jk2/index.html?C=D;O=A.html" [1]
2023-02-07 17:12:22 URL:https://www.quake-info-pool.net/files/jk2/_jk2_dismember_by_maddes_20020820.zip.txt [506/506] -> "www.quake-info-pool.net/files/jk2/_jk2_dismember_by_maddes_20020820.zip.txt" [1]
2023-02-07 17:12:22 URL:https://www.quake-info-pool.net/files/jk2/jk2_dismember_by_maddes_20020820.zip [49072/49072] -> "www.quake-info-pool.net/files/jk2/jk2_dismember_by_maddes_20020820.zip" [1]
2023-02-07 17:12:22 URL:https://www.quake-info-pool.net/files/mapfixes/?C=N;O=D [8009] -> "www.quake-info-pool.net/files/mapfixes/index.html?C=N;O=D.html" [1]
2023-02-07 17:12:22 URL:https://www.quake-info-pool.net/files/mapfixes/?C=M;O=A [8009] -> "www.quake-info-pool.net/files/mapfixes/index.html?C=M;O=A.html" [1]
2023-02-07 17:12:22 URL:https://www.quake-info-pool.net/files/mapfixes/?C=S;O=A [8009] -> "www.quake-info-pool.net/files/mapfixes/index.html?C=S;O=A.html" [1]
2023-02-07 17:12:22 URL:https://www.quake-info-pool.net/files/mapfixes/?C=D;O=A [8009] -> "www.quake-info-pool.net/files/mapfixes/index.html?C=D;O=A.html" [1]
2023-02-07 17:12:22 URL:https://www.quake-info-pool.net/files/mapfixes/_allstart_fix.zip.txt [137/137] -> "www.quake-info-pool.net/files/mapfixes/_allstart_fix.zip.txt" [1]
2023-02-07 17:12:22 URL:https://www.quake-info-pool.net/files/mapfixes/_critters_fix.zip.txt [118/118] -> "www.quake-info-pool.net/files/mapfixes/_critters_fix.zip.txt" [1]
2023-02-07 17:12:22 URL:https://www.quake-info-pool.net/files/mapfixes/_dm4_fix.zip.txt [179/179] -> "www.quake-info-pool.net/files/mapfixes/_dm4_fix.zip.txt" [1]
2023-02-07 17:12:22 URL:https://www.quake-info-pool.net/files/mapfixes/_e1m4_fix.zip.txt [368/368] -> "www.quake-info-pool.net/files/mapfixes/_e1m4_fix.zip.txt" [1]
2023-02-07 17:12:22 URL:https://www.quake-info-pool.net/files/mapfixes/_e2m3_fix.zip.txt [199/199] -> "www.quake-info-pool.net/files/mapfixes/_e2m3_fix.zip.txt" [1]
2023-02-07 17:12:22 URL:https://www.quake-info-pool.net/files/mapfixes/_e2m4_fix.zip.txt [229/229] -> "www.quake-info-pool.net/files/mapfixes/_e2m4_fix.zip.txt" [1]
2023-02-07 17:12:22 URL:https://www.quake-info-pool.net/files/mapfixes/_e2m6_fix.zip.txt [342/342] -> "www.quake-info-pool.net/files/mapfixes/_e2m6_fix.zip.txt" [1]
2023-02-07 17:12:22 URL:https://www.quake-info-pool.net/files/mapfixes/_e4m3_fix.zip.txt [625/625] -> "www.quake-info-pool.net/files/mapfixes/_e4m3_fix.zip.txt" [1]
2023-02-07 17:12:22 URL:https://www.quake-info-pool.net/files/mapfixes/_e4m5_fix.zip.txt [239/239] -> "www.quake-info-pool.net/files/mapfixes/_e4m5_fix.zip.txt" [1]
2023-02-07 17:12:22 URL:https://www.quake-info-pool.net/files/mapfixes/_e4m8_fix.zip.txt [240/240] -> "www.quake-info-pool.net/files/mapfixes/_e4m8_fix.zip.txt" [1]
2023-02-07 17:12:22 URL:https://www.quake-info-pool.net/files/mapfixes/_end_fix.zip.txt [303/303] -> "www.quake-info-pool.net/files/mapfixes/_end_fix.zip.txt" [1]
2023-02-07 17:12:22 URL:https://www.quake-info-pool.net/files/mapfixes/_hip2m4_fix.zip.txt [310/310] -> "www.quake-info-pool.net/files/mapfixes/_hip2m4_fix.zip.txt" [1]
2023-02-07 17:12:22 URL:https://www.quake-info-pool.net/files/mapfixes/_hip2m5_fix.zip.txt [311/311] -> "www.quake-info-pool.net/files/mapfixes/_hip2m5_fix.zip.txt" [1]
2023-02-07 17:12:22 URL:https://www.quake-info-pool.net/files/mapfixes/_r1m6_fix.zip.txt [305/305] -> "www.quake-info-pool.net/files/mapfixes/_r1m6_fix.zip.txt" [1]
2023-02-07 17:12:22 URL:https://www.quake-info-pool.net/files/mapfixes/_start_fix.zip.txt [279/279] -> "www.quake-info-pool.net/files/mapfixes/_start_fix.zip.txt" [1]
2023-02-07 17:12:22 URL:https://www.quake-info-pool.net/files/mapfixes/_twctf2m9_fix.zip.txt [138/138] -> "www.quake-info-pool.net/files/mapfixes/_twctf2m9_fix.zip.txt" [1]
2023-02-07 17:12:22 URL:https://www.quake-info-pool.net/files/mapfixes/_twctf9_fix.zip.txt [183/183] -> "www.quake-info-pool.net/files/mapfixes/_twctf9_fix.zip.txt" [1]
2023-02-07 17:12:22 URL:https://www.quake-info-pool.net/files/mapfixes/allstart_fix.zip [6471/6471] -> "www.quake-info-pool.net/files/mapfixes/allstart_fix.zip" [1]
2023-02-07 17:12:22 URL:https://www.quake-info-pool.net/files/mapfixes/critters_fix.zip [4970/4970] -> "www.quake-info-pool.net/files/mapfixes/critters_fix.zip" [1]
2023-02-07 17:12:22 URL:https://www.quake-info-pool.net/files/mapfixes/dm4_fix.zip [3111/3111] -> "www.quake-info-pool.net/files/mapfixes/dm4_fix.zip" [1]
2023-02-07 17:12:22 URL:https://www.quake-info-pool.net/files/mapfixes/e1m4_fix.zip [8734/8734] -> "www.quake-info-pool.net/files/mapfixes/e1m4_fix.zip" [1]
2023-02-07 17:12:22 URL:https://www.quake-info-pool.net/files/mapfixes/e2m3_fix.zip [7302/7302] -> "www.quake-info-pool.net/files/mapfixes/e2m3_fix.zip" [1]
2023-02-07 17:12:22 URL:https://www.quake-info-pool.net/files/mapfixes/e2m4_fix.zip [8029/8029] -> "www.quake-info-pool.net/files/mapfixes/e2m4_fix.zip" [1]
2023-02-07 17:12:22 URL:https://www.quake-info-pool.net/files/mapfixes/e2m6_fix.zip [8421/8421] -> "www.quake-info-pool.net/files/mapfixes/e2m6_fix.zip" [1]
2023-02-07 17:12:22 URL:https://www.quake-info-pool.net/files/mapfixes/e4m3_fix.zip [7922/7922] -> "www.quake-info-pool.net/files/mapfixes/e4m3_fix.zip" [1]
2023-02-07 17:12:22 URL:https://www.quake-info-pool.net/files/mapfixes/e4m5_fix.zip [8322/8322] -> "www.quake-info-pool.net/files/mapfixes/e4m5_fix.zip" [1]
2023-02-07 17:12:22 URL:https://www.quake-info-pool.net/files/mapfixes/e4m8_fix.zip [6970/6970] -> "www.quake-info-pool.net/files/mapfixes/e4m8_fix.zip" [1]
2023-02-07 17:12:22 URL:https://www.quake-info-pool.net/files/mapfixes/end_fix.zip [4758/4758] -> "www.quake-info-pool.net/files/mapfixes/end_fix.zip" [1]
2023-02-07 17:12:22 URL:https://www.quake-info-pool.net/files/mapfixes/hip2m4_fix.zip [11489/11489] -> "www.quake-info-pool.net/files/mapfixes/hip2m4_fix.zip" [1]
2023-02-07 17:12:22 URL:https://www.quake-info-pool.net/files/mapfixes/hip2m5_fix.zip [10684/10684] -> "www.quake-info-pool.net/files/mapfixes/hip2m5_fix.zip" [1]
2023-02-07 17:12:22 URL:https://www.quake-info-pool.net/files/mapfixes/r1m6_fix.zip [7183/7183] -> "www.quake-info-pool.net/files/mapfixes/r1m6_fix.zip" [1]
2023-02-07 17:12:22 URL:https://www.quake-info-pool.net/files/mapfixes/start_fix.zip [5881/5881] -> "www.quake-info-pool.net/files/mapfixes/start_fix.zip" [1]
2023-02-07 17:12:22 URL:https://www.quake-info-pool.net/files/mapfixes/twctf2m9_fix.zip [3675/3675] -> "www.quake-info-pool.net/files/mapfixes/twctf2m9_fix.zip" [1]
2023-02-07 17:12:22 URL:https://www.quake-info-pool.net/files/mapfixes/twctf9_fix.zip [5333/5333] -> "www.quake-info-pool.net/files/mapfixes/twctf9_fix.zip" [1]
2023-02-07 17:12:22 URL:https://www.quake-info-pool.net/files/maps/?C=N;O=D [2049/2049] -> "www.quake-info-pool.net/files/maps/index.html?C=N;O=D.html" [1]
2023-02-07 17:12:22 URL:https://www.quake-info-pool.net/files/maps/?C=M;O=A [2049/2049] -> "www.quake-info-pool.net/files/maps/index.html?C=M;O=A.html" [1]
2023-02-07 17:12:22 URL:https://www.quake-info-pool.net/files/maps/?C=S;O=A [2049/2049] -> "www.quake-info-pool.net/files/maps/index.html?C=S;O=A.html" [1]
2023-02-07 17:12:22 URL:https://www.quake-info-pool.net/files/maps/?C=D;O=A [2049/2049] -> "www.quake-info-pool.net/files/maps/index.html?C=D;O=A.html" [1]
2023-02-07 17:12:22 URL:https://www.quake-info-pool.net/files/maps/_bugtest.zip.txt [239/239] -> "www.quake-info-pool.net/files/maps/_bugtest.zip.txt" [1]
2023-02-07 17:12:22 URL:https://www.quake-info-pool.net/files/maps/_discharg.zip.txt [58/58] -> "www.quake-info-pool.net/files/maps/_discharg.zip.txt" [1]
2023-02-07 17:12:22 URL:https://www.quake-info-pool.net/files/maps/_teletest.zip.txt [62/62] -> "www.quake-info-pool.net/files/maps/_teletest.zip.txt" [1]
2023-02-07 17:12:22 URL:https://www.quake-info-pool.net/files/maps/bugtest.zip [55524/55524] -> "www.quake-info-pool.net/files/maps/bugtest.zip" [1]
2023-02-07 17:12:22 URL:https://www.quake-info-pool.net/files/maps/discharg.zip [37312/37312] -> "www.quake-info-pool.net/files/maps/discharg.zip" [1]
2023-02-07 17:12:22 URL:https://www.quake-info-pool.net/files/maps/teletest.zip [48452/48452] -> "www.quake-info-pool.net/files/maps/teletest.zip" [1]
2023-02-07 17:12:22 URL:https://www.quake-info-pool.net/files/misc/?C=N;O=D [1641/1641] -> "www.quake-info-pool.net/files/misc/index.html?C=N;O=D.html" [1]
2023-02-07 17:12:22 URL:https://www.quake-info-pool.net/files/misc/?C=M;O=A [1641/1641] -> "www.quake-info-pool.net/files/misc/index.html?C=M;O=A.html" [1]
2023-02-07 17:12:22 URL:https://www.quake-info-pool.net/files/misc/?C=S;O=A [1641/1641] -> "www.quake-info-pool.net/files/misc/index.html?C=S;O=A.html" [1]
2023-02-07 17:12:22 URL:https://www.quake-info-pool.net/files/misc/?C=D;O=A [1641/1641] -> "www.quake-info-pool.net/files/misc/index.html?C=D;O=A.html" [1]
2023-02-07 17:12:22 URL:https://www.quake-info-pool.net/files/misc/_config.zip.txt [67/67] -> "www.quake-info-pool.net/files/misc/_config.zip.txt" [1]
2023-02-07 17:12:22 URL:https://www.quake-info-pool.net/files/misc/_vb6rt_sp5_de.zip.txt [459/459] -> "www.quake-info-pool.net/files/misc/_vb6rt_sp5_de.zip.txt" [1]
2023-02-07 17:12:22 URL:https://www.quake-info-pool.net/files/misc/config.zip [41847/41847] -> "www.quake-info-pool.net/files/misc/config.zip" [1]
2023-02-07 17:12:23 URL:https://www.quake-info-pool.net/files/misc/vb6rt_sp5_de.zip [2544811/2544811] -> "www.quake-info-pool.net/files/misc/vb6rt_sp5_de.zip" [1]
2023-02-07 17:12:23 URL:https://www.quake-info-pool.net/files/models/?C=N;O=D [1201/1201] -> "www.quake-info-pool.net/files/models/index.html?C=N;O=D.html" [1]
2023-02-07 17:12:23 URL:https://www.quake-info-pool.net/files/models/?C=M;O=A [1201/1201] -> "www.quake-info-pool.net/files/models/index.html?C=M;O=A.html" [1]
2023-02-07 17:12:23 URL:https://www.quake-info-pool.net/files/models/?C=S;O=A [1201/1201] -> "www.quake-info-pool.net/files/models/index.html?C=S;O=A.html" [1]
2023-02-07 17:12:23 URL:https://www.quake-info-pool.net/files/models/?C=D;O=A [1201/1201] -> "www.quake-info-pool.net/files/models/index.html?C=D;O=A.html" [1]
2023-02-07 17:12:23 URL:https://www.quake-info-pool.net/files/models/_fish.zip.txt [86/86] -> "www.quake-info-pool.net/files/models/_fish.zip.txt" [1]
2023-02-07 17:12:23 URL:https://www.quake-info-pool.net/files/models/fish.zip [81693/81693] -> "www.quake-info-pool.net/files/models/fish.zip" [1]
2023-02-07 17:12:23 URL:https://www.quake-info-pool.net/files/tools/?C=N;O=D [7787/7787] -> "www.quake-info-pool.net/files/tools/index.html?C=N;O=D.html" [1]
2023-02-07 17:12:23 URL:https://www.quake-info-pool.net/files/tools/?C=M;O=A [7787/7787] -> "www.quake-info-pool.net/files/tools/index.html?C=M;O=A.html" [1]
2023-02-07 17:12:23 URL:https://www.quake-info-pool.net/files/tools/?C=S;O=A [7787/7787] -> "www.quake-info-pool.net/files/tools/index.html?C=S;O=A.html" [1]
2023-02-07 17:12:23 URL:https://www.quake-info-pool.net/files/tools/?C=D;O=A [7787/7787] -> "www.quake-info-pool.net/files/tools/index.html?C=D;O=A.html" [1]
2023-02-07 17:12:23 URL:https://www.quake-info-pool.net/files/tools/_adquedit_manual_v125.zip.txt [199/199] -> "www.quake-info-pool.net/files/tools/_adquedit_manual_v125.zip.txt" [1]
2023-02-07 17:12:23 URL:https://www.quake-info-pool.net/files/tools/_adquedit_v13.zip.txt [418/418] -> "www.quake-info-pool.net/files/tools/_adquedit_v13.zip.txt" [1]
2023-02-07 17:12:23 URL:https://www.quake-info-pool.net/files/tools/_bsp2prt10.zip.txt [492/492] -> "www.quake-info-pool.net/files/tools/_bsp2prt10.zip.txt" [1]
2023-02-07 17:12:23 URL:https://www.quake-info-pool.net/files/tools/_bspentex.zip.txt [696/696] -> "www.quake-info-pool.net/files/tools/_bspentex.zip.txt" [1]
2023-02-07 17:12:23 URL:https://www.quake-info-pool.net/files/tools/_bsptxren121.zip.txt [321/321] -> "www.quake-info-pool.net/files/tools/_bsptxren121.zip.txt" [1]
2023-02-07 17:12:23 URL:https://www.quake-info-pool.net/files/tools/_cachefix.zip.txt [73/73] -> "www.quake-info-pool.net/files/tools/_cachefix.zip.txt" [1]
2023-02-07 17:12:23 URL:https://www.quake-info-pool.net/files/tools/_doent.txt [136/136] -> "www.quake-info-pool.net/files/tools/_doent.txt" [1]
2023-02-07 17:12:23 URL:https://www.quake-info-pool.net/files/tools/_domhc.txt [273/273] -> "www.quake-info-pool.net/files/tools/_domhc.txt" [1]
2023-02-07 17:12:23 URL:https://www.quake-info-pool.net/files/tools/_fixsigsegv.zip.txt [125/125] -> "www.quake-info-pool.net/files/tools/_fixsigsegv.zip.txt" [1]
2023-02-07 17:12:23 URL:https://www.quake-info-pool.net/files/tools/_mapcon122b42.zip.txt [471/471] -> "www.quake-info-pool.net/files/tools/_mapcon122b42.zip.txt" [1]
2023-02-07 17:12:23 URL:https://www.quake-info-pool.net/files/tools/_mhcolour05.zip.txt [361/361] -> "www.quake-info-pool.net/files/tools/_mhcolour05.zip.txt" [1]
2023-02-07 17:12:23 URL:https://www.quake-info-pool.net/files/tools/_priority.zip.txt [192/192] -> "www.quake-info-pool.net/files/tools/_priority.zip.txt" [1]
2023-02-07 17:12:23 URL:https://www.quake-info-pool.net/files/tools/_vispatch12.zip.txt [449/449] -> "www.quake-info-pool.net/files/tools/_vispatch12.zip.txt" [1]
2023-02-07 17:12:23 URL:https://www.quake-info-pool.net/files/tools/_waterhack.zip.txt [594/594] -> "www.quake-info-pool.net/files/tools/_waterhack.zip.txt" [1]
2023-02-07 17:12:23 URL:https://www.quake-info-pool.net/files/tools/_wc2_4_q1.zip.txt [538/538] -> "www.quake-info-pool.net/files/tools/_wc2_4_q1.zip.txt" [1]
2023-02-07 17:12:23 URL:https://www.quake-info-pool.net/files/tools/_wkeykill.zip.txt [296/296] -> "www.quake-info-pool.net/files/tools/_wkeykill.zip.txt" [1]
2023-02-07 17:12:23 URL:https://www.quake-info-pool.net/files/tools/adquedit_manual_v125.zip [260077/260077] -> "www.quake-info-pool.net/files/tools/adquedit_manual_v125.zip" [1]
2023-02-07 17:12:23 URL:https://www.quake-info-pool.net/files/tools/adquedit_v13.zip [231044/231044] -> "www.quake-info-pool.net/files/tools/adquedit_v13.zip" [1]
2023-02-07 17:12:23 URL:https://www.quake-info-pool.net/files/tools/bsp2prt10.zip [44477/44477] -> "www.quake-info-pool.net/files/tools/bsp2prt10.zip" [1]
2023-02-07 17:12:23 URL:https://www.quake-info-pool.net/files/tools/bspentex.zip [35605/35605] -> "www.quake-info-pool.net/files/tools/bspentex.zip" [1]
2023-02-07 17:12:23 URL:https://www.quake-info-pool.net/files/tools/bsptxren121.zip [128539/128539] -> "www.quake-info-pool.net/files/tools/bsptxren121.zip" [1]
2023-02-07 17:12:23 URL:https://www.quake-info-pool.net/files/tools/cachefix.zip [65335/65335] -> "www.quake-info-pool.net/files/tools/cachefix.zip" [1]
2023-02-07 17:12:23 URL:https://www.quake-info-pool.net/files/tools/doent.zip [757/757] -> "www.quake-info-pool.net/files/tools/doent.zip" [1]
2023-02-07 17:12:23 URL:https://www.quake-info-pool.net/files/tools/domhc.zip [834/834] -> "www.quake-info-pool.net/files/tools/domhc.zip" [1]
2023-02-07 17:12:23 URL:https://www.quake-info-pool.net/files/tools/fixsigsegv.zip [33548/33548] -> "www.quake-info-pool.net/files/tools/fixsigsegv.zip" [1]
2023-02-07 17:12:23 URL:https://www.quake-info-pool.net/files/tools/mapcon122b42.zip [175830/175830] -> "www.quake-info-pool.net/files/tools/mapcon122b42.zip" [1]
2023-02-07 17:12:23 URL:https://www.quake-info-pool.net/files/tools/mhcolour05.zip [93690/93690] -> "www.quake-info-pool.net/files/tools/mhcolour05.zip" [1]
2023-02-07 17:12:23 URL:https://www.quake-info-pool.net/files/tools/old/ [2097/2097] -> "www.quake-info-pool.net/files/tools/old/index.html" [1]
2023-02-07 17:12:23 URL:https://www.quake-info-pool.net/files/tools/priority.zip [17045/17045] -> "www.quake-info-pool.net/files/tools/priority.zip" [1]
2023-02-07 17:12:23 URL:https://www.quake-info-pool.net/files/tools/vispatch12.zip [40818/40818] -> "www.quake-info-pool.net/files/tools/vispatch12.zip" [1]
2023-02-07 17:12:23 URL:https://www.quake-info-pool.net/files/tools/waterhack.zip [20470/20470] -> "www.quake-info-pool.net/files/tools/waterhack.zip" [1]
2023-02-07 17:12:23 URL:https://www.quake-info-pool.net/files/tools/wc2_4_q1.zip [148641/148641] -> "www.quake-info-pool.net/files/tools/wc2_4_q1.zip" [1]
2023-02-07 17:12:23 URL:https://www.quake-info-pool.net/files/tools/wkeykill.zip [84090/84090] -> "www.quake-info-pool.net/files/tools/wkeykill.zip" [1]
2023-02-07 17:12:23 URL:https://www.quake-info-pool.net/files/watervis/?C=N;O=D [1189/1189] -> "www.quake-info-pool.net/files/watervis/index.html?C=N;O=D.html" [1]
2023-02-07 17:12:23 URL:https://www.quake-info-pool.net/files/watervis/?C=M;O=A [1189/1189] -> "www.quake-info-pool.net/files/watervis/index.html?C=M;O=A.html" [1]
2023-02-07 17:12:23 URL:https://www.quake-info-pool.net/files/watervis/?C=S;O=A [1189/1189] -> "www.quake-info-pool.net/files/watervis/index.html?C=S;O=A.html" [1]
2023-02-07 17:12:23 URL:https://www.quake-info-pool.net/files/watervis/?C=D;O=A [1189/1189] -> "www.quake-info-pool.net/files/watervis/index.html?C=D;O=A.html" [1]
2023-02-07 17:12:23 URL:https://www.quake-info-pool.net/files/watervis/patches/ [6516/6516] -> "www.quake-info-pool.net/files/watervis/patches/index.html" [1]
2023-02-07 17:12:23 URL:https://www.quake-info-pool.net/files/watervis/tools/ [2052/2052] -> "www.quake-info-pool.net/files/watervis/tools/index.html" [1]
2023-02-07 17:12:23 URL:https://www.quake-info-pool.net/vispatch/images/id1-l.jpg [68048/68048] -> "www.quake-info-pool.net/vispatch/images/id1-l.jpg" [1]
2023-02-07 17:12:23 URL:https://www.quake-info-pool.net/vispatch/images/id1-s.jpg [16810/16810] -> "www.quake-info-pool.net/vispatch/images/id1-s.jpg" [1]
2023-02-07 17:12:23 URL:https://www.quake-info-pool.net/files/watervis/patches/id1.zip [992847/992847] -> "www.quake-info-pool.net/files/watervis/patches/id1.zip" [1]
https://www.quake-info-pool.net/vispatch/images/hip-l.jpg:
2023-02-07 17:12:23 ERROR 404: Not Found.
2023-02-07 17:12:23 URL:https://www.quake-info-pool.net/vispatch/images/hip-s.jpg [11997/11997] -> "www.quake-info-pool.net/vispatch/images/hip-s.jpg" [1]
2023-02-07 17:12:23 URL:https://www.quake-info-pool.net/files/watervis/patches/hipnotic.zip [811488/811488] -> "www.quake-info-pool.net/files/watervis/patches/hipnotic.zip" [1]
https://www.quake-info-pool.net/vispatch/images/rogue-l.jpg:
2023-02-07 17:12:23 ERROR 404: Not Found.
2023-02-07 17:12:23 URL:https://www.quake-info-pool.net/vispatch/images/rogue-s.jpg [11757/11757] -> "www.quake-info-pool.net/vispatch/images/rogue-s.jpg" [1]
2023-02-07 17:12:23 URL:https://www.quake-info-pool.net/files/watervis/patches/rogue.zip [790118/790118] -> "www.quake-info-pool.net/files/watervis/patches/rogue.zip" [1]
https://www.quake-info-pool.net/vispatch/images/ctf3-l.jpg:
2023-02-07 17:12:23 ERROR 404: Not Found.
2023-02-07 17:12:23 URL:https://www.quake-info-pool.net/vispatch/images/ctf3-s.jpg [12532/12532] -> "www.quake-info-pool.net/vispatch/images/ctf3-s.jpg" [1]
2023-02-07 17:12:23 URL:https://www.quake-info-pool.net/files/watervis/patches/ctf3.zip [291165/291165] -> "www.quake-info-pool.net/files/watervis/patches/ctf3.zip" [1]
https://www.quake-info-pool.net/vispatch/images/ctf4-l.jpg:
2023-02-07 17:12:23 ERROR 404: Not Found.
2023-02-07 17:12:23 URL:https://www.quake-info-pool.net/vispatch/images/ctf4-s.jpg [15503/15503] -> "www.quake-info-pool.net/vispatch/images/ctf4-s.jpg" [1]
2023-02-07 17:12:23 URL:https://www.quake-info-pool.net/files/watervis/patches/ctf4.zip [357389/357389] -> "www.quake-info-pool.net/files/watervis/patches/ctf4.zip" [1]
2023-02-07 17:12:23 URL:https://www.quake-info-pool.net/vispatch/images/twctf.jpg [71007/71007] -> "www.quake-info-pool.net/vispatch/images/twctf.jpg" [1]
2023-02-07 17:12:23 URL:https://www.quake-info-pool.net/vispatch/images/twctf-s.jpg [16596/16596] -> "www.quake-info-pool.net/vispatch/images/twctf-s.jpg" [1]
2023-02-07 17:12:23 URL:https://www.quake-info-pool.net/files/watervis/patches/twctf.zip [342019/342019] -> "www.quake-info-pool.net/files/watervis/patches/twctf.zip" [1]
2023-02-07 17:12:23 URL:https://www.quake-info-pool.net/vispatch/images/shrak-l.jpg [62351/62351] -> "www.quake-info-pool.net/vispatch/images/shrak-l.jpg" [1]
2023-02-07 17:12:23 URL:https://www.quake-info-pool.net/vispatch/images/shrak-s.jpg [15289/15289] -> "www.quake-info-pool.net/vispatch/images/shrak-s.jpg" [1]
2023-02-07 17:12:23 URL:https://www.quake-info-pool.net/files/watervis/patches/shrak.zip [605615/605615] -> "www.quake-info-pool.net/files/watervis/patches/shrak.zip" [1]
2023-02-07 17:12:23 URL:https://www.quake-info-pool.net/vispatch/images/elmdm-l.jpg [72127/72127] -> "www.quake-info-pool.net/vispatch/images/elmdm-l.jpg" [1]
2023-02-07 17:12:23 URL:https://www.quake-info-pool.net/vispatch/images/elmdm-s.jpg [18853/18853] -> "www.quake-info-pool.net/vispatch/images/elmdm-s.jpg" [1]
2023-02-07 17:12:24 URL:https://www.quake-info-pool.net/files/watervis/patches/elmdm.zip [110978/110978] -> "www.quake-info-pool.net/files/watervis/patches/elmdm.zip" [1]
2023-02-07 17:12:24 URL:https://www.quake-info-pool.net/vispatch/images/dimen-l.jpg [70110/70110] -> "www.quake-info-pool.net/vispatch/images/dimen-l.jpg" [1]
2023-02-07 17:12:24 URL:https://www.quake-info-pool.net/vispatch/images/dimen-s.jpg [18725/18725] -> "www.quake-info-pool.net/vispatch/images/dimen-s.jpg" [1]
2023-02-07 17:12:24 URL:https://www.quake-info-pool.net/files/watervis/patches/dimen.zip [267800/267800] -> "www.quake-info-pool.net/files/watervis/patches/dimen.zip" [1]
2023-02-07 17:12:24 URL:https://www.quake-info-pool.net/vispatch/images/dx-l.jpg [52976/52976] -> "www.quake-info-pool.net/vispatch/images/dx-l.jpg" [1]
2023-02-07 17:12:24 URL:https://www.quake-info-pool.net/vispatch/images/dx-s.jpg [11706/11706] -> "www.quake-info-pool.net/vispatch/images/dx-s.jpg" [1]
2023-02-07 17:12:24 URL:https://www.quake-info-pool.net/files/watervis/patches/dxmaps.zip [113964/113964] -> "www.quake-info-pool.net/files/watervis/patches/dxmaps.zip" [1]
2023-02-07 17:12:24 URL:https://www.quake-info-pool.net/vispatch/images/zoid-l.jpg [60405/60405] -> "www.quake-info-pool.net/vispatch/images/zoid-l.jpg" [1]
2023-02-07 17:12:24 URL:https://www.quake-info-pool.net/vispatch/images/zoid-s.jpg [13974/13974] -> "www.quake-info-pool.net/vispatch/images/zoid-s.jpg" [1]
2023-02-07 17:12:24 URL:https://www.quake-info-pool.net/files/watervis/patches/dm.zip [224925/224925] -> "www.quake-info-pool.net/files/watervis/patches/dm.zip" [1]
2023-02-07 17:12:24 URL:https://www.quake-info-pool.net/vispatch/images/mexx-l.jpg [49879/49879] -> "www.quake-info-pool.net/vispatch/images/mexx-l.jpg" [1]
2023-02-07 17:12:24 URL:https://www.quake-info-pool.net/vispatch/images/mexx-s.jpg [12001/12001] -> "www.quake-info-pool.net/vispatch/images/mexx-s.jpg" [1]
2023-02-07 17:12:24 URL:https://www.quake-info-pool.net/files/watervis/patches/mexx3-8.zip [179082/179082] -> "www.quake-info-pool.net/files/watervis/patches/mexx3-8.zip" [1]
2023-02-07 17:12:24 URL:https://www.quake-info-pool.net/vispatch/images/tfpatch1.jpg [56060/56060] -> "www.quake-info-pool.net/vispatch/images/tfpatch1.jpg" [1]
2023-02-07 17:12:24 URL:https://www.quake-info-pool.net/vispatch/images/tfpatc-s.jpg [13790/13790] -> "www.quake-info-pool.net/vispatch/images/tfpatc-s.jpg" [1]
2023-02-07 17:12:24 URL:https://www.quake-info-pool.net/files/watervis/patches/tfpatch1.zip [638063/638063] -> "www.quake-info-pool.net/files/watervis/patches/tfpatch1.zip" [1]
2023-02-07 17:12:24 URL:https://www.quake-info-pool.net/vispatch/images/qzone.jpg [40833/40833] -> "www.quake-info-pool.net/vispatch/images/qzone.jpg" [1]
2023-02-07 17:12:24 URL:https://www.quake-info-pool.net/vispatch/images/qzone-s.jpg [14431/14431] -> "www.quake-info-pool.net/vispatch/images/qzone-s.jpg" [1]
2023-02-07 17:12:24 URL:https://www.quake-info-pool.net/files/watervis/patches/qzone.zip [285969/285969] -> "www.quake-info-pool.net/files/watervis/patches/qzone.zip" [1]
2023-02-07 17:12:24 URL:https://www.quake-info-pool.net/vispatch/images/kqp.jpg [39556/39556] -> "www.quake-info-pool.net/vispatch/images/kqp.jpg" [1]
2023-02-07 17:12:24 URL:https://www.quake-info-pool.net/files/watervis/patches/kqp.zip [315307/315307] -> "www.quake-info-pool.net/files/watervis/patches/kqp.zip" [1]
2023-02-07 17:12:24 URL:https://www.quake-info-pool.net/vispatch/images/dcdm.jpg [48419/48419] -> "www.quake-info-pool.net/vispatch/images/dcdm.jpg" [1]
2023-02-07 17:12:24 URL:https://www.quake-info-pool.net/vispatch/images/dm.jpg [2062/2062] -> "www.quake-info-pool.net/vispatch/images/dm.jpg" [1]
2023-02-07 17:12:24 URL:https://www.quake-info-pool.net/files/watervis/patches/dcdm.zip [717891/717891] -> "www.quake-info-pool.net/files/watervis/patches/dcdm.zip" [1]
2023-02-07 17:12:24 URL:https://www.quake-info-pool.net/vispatch/images/pse.jpg [32419/32419] -> "www.quake-info-pool.net/vispatch/images/pse.jpg" [1]
2023-02-07 17:12:24 URL:https://www.quake-info-pool.net/vispatch/images/se.gif [10476/10476] -> "www.quake-info-pool.net/vispatch/images/se.gif" [1]
2023-02-07 17:12:24 URL:https://www.quake-info-pool.net/files/watervis/patches/pse.zip [887909/887909] -> "www.quake-info-pool.net/files/watervis/patches/pse.zip" [1]
2023-02-07 17:12:24 URL:https://www.quake-info-pool.net/vispatch/images/tfpatch2.jpg [41764/41764] -> "www.quake-info-pool.net/vispatch/images/tfpatch2.jpg" [1]
2023-02-07 17:12:24 URL:https://www.quake-info-pool.net/files/watervis/patches/tfpatch2.zip [50416/50416] -> "www.quake-info-pool.net/files/watervis/patches/tfpatch2.zip" [1]
2023-02-07 17:12:24 URL:https://www.quake-info-pool.net/files/watervis/patches/fortfest.zip [77108/77108] -> "www.quake-info-pool.net/files/watervis/patches/fortfest.zip" [1]
2023-02-07 17:12:24 URL:https://www.quake-info-pool.net/vispatch/images/fragtown6.jpg [62265/62265] -> "www.quake-info-pool.net/vispatch/images/fragtown6.jpg" [1]
2023-02-07 17:12:24 URL:https://www.quake-info-pool.net/files/watervis/patches/oz.zip [1378810/1378810] -> "www.quake-info-pool.net/files/watervis/patches/oz.zip" [1]
2023-02-07 17:12:24 URL:https://www.quake-info-pool.net/vispatch/images/qrally.jpg [46374/46374] -> "www.quake-info-pool.net/vispatch/images/qrally.jpg" [1]
2023-02-07 17:12:24 URL:https://www.quake-info-pool.net/files/watervis/patches/qr.zip [138053/138053] -> "www.quake-info-pool.net/files/watervis/patches/qr.zip" [1]
2023-02-07 17:12:24 URL:https://www.quake-info-pool.net/vispatch/images/zerstorer.jpg [41430/41430] -> "www.quake-info-pool.net/vispatch/images/zerstorer.jpg" [1]
2023-02-07 17:12:24 URL:https://www.quake-info-pool.net/files/watervis/patches/zer.zip [571302/571302] -> "www.quake-info-pool.net/files/watervis/patches/zer.zip" [1]
2023-02-07 17:12:24 URL:https://www.quake-info-pool.net/vispatch/images/miscdm1.jpg [55933/55933] -> "www.quake-info-pool.net/vispatch/images/miscdm1.jpg" [1]
2023-02-07 17:12:24 URL:https://www.quake-info-pool.net/files/watervis/patches/miscdm1.zip [212079/212079] -> "www.quake-info-pool.net/files/watervis/patches/miscdm1.zip" [1]
2023-02-07 17:12:24 URL:https://www.quake-info-pool.net/vispatch/images/locctf.jpg [35297/35297] -> "www.quake-info-pool.net/vispatch/images/locctf.jpg" [1]
2023-02-07 17:12:24 URL:https://www.quake-info-pool.net/files/watervis/patches/locctf.zip [110211/110211] -> "www.quake-info-pool.net/files/watervis/patches/locctf.zip" [1]
2023-02-07 17:12:24 URL:https://www.quake-info-pool.net/vispatch/images/xeno5.jpg [7173/7173] -> "www.quake-info-pool.net/vispatch/images/xeno5.jpg" [1]
2023-02-07 17:12:24 URL:https://www.quake-info-pool.net/vispatch/images/twctf2mc.jpg [22354/22354] -> "www.quake-info-pool.net/vispatch/images/twctf2mc.jpg" [1]
2023-02-07 17:12:24 URL:https://www.quake-info-pool.net/vispatch/images/ukpak.jpg [17536/17536] -> "www.quake-info-pool.net/vispatch/images/ukpak.jpg" [1]
2023-02-07 17:12:24 URL:https://www.quake-info-pool.net/vispatch/images/ukpak-s.jpg [9918/9918] -> "www.quake-info-pool.net/vispatch/images/ukpak-s.jpg" [1]
2023-02-07 17:12:24 URL:https://www.quake-info-pool.net/files/watervis/tools/vispatch.zip [39857/39857] -> "www.quake-info-pool.net/files/watervis/tools/vispatch.zip" [1]
2023-02-07 17:12:24 URL:https://www.quake-info-pool.net/files/watervis/tools/bsp2prt.zip [43698/43698] -> "www.quake-info-pool.net/files/watervis/tools/bsp2prt.zip" [1]
2023-02-07 17:12:24 URL:https://www.quake-info-pool.net/files/watervis/tools/vis.zip [38163/38163] -> "www.quake-info-pool.net/files/watervis/tools/vis.zip" [1]
2023-02-07 17:12:24 URL:https://www.quake-info-pool.net/files/addons/?C=N;O=A [3689/3689] -> "www.quake-info-pool.net/files/addons/index.html?C=N;O=A.html" [1]
2023-02-07 17:12:24 URL:https://www.quake-info-pool.net/files/addons/?C=M;O=D [3689/3689] -> "www.quake-info-pool.net/files/addons/index.html?C=M;O=D.html" [1]
2023-02-07 17:12:24 URL:https://www.quake-info-pool.net/files/addons/?C=S;O=D [3689/3689] -> "www.quake-info-pool.net/files/addons/index.html?C=S;O=D.html" [1]
2023-02-07 17:12:24 URL:https://www.quake-info-pool.net/files/addons/?C=D;O=D [3689/3689] -> "www.quake-info-pool.net/files/addons/index.html?C=D;O=D.html" [1]
2023-02-07 17:12:24 URL:https://www.quake-info-pool.net/files/addons/aop/?C=N;O=D [2278/2278] -> "www.quake-info-pool.net/files/addons/aop/index.html?C=N;O=D.html" [1]
2023-02-07 17:12:24 URL:https://www.quake-info-pool.net/files/addons/aop/?C=M;O=A [2278/2278] -> "www.quake-info-pool.net/files/addons/aop/index.html?C=M;O=A.html" [1]
2023-02-07 17:12:24 URL:https://www.quake-info-pool.net/files/addons/aop/?C=S;O=A [2278/2278] -> "www.quake-info-pool.net/files/addons/aop/index.html?C=S;O=A.html" [1]
2023-02-07 17:12:24 URL:https://www.quake-info-pool.net/files/addons/aop/?C=D;O=A [2278/2278] -> "www.quake-info-pool.net/files/addons/aop/index.html?C=D;O=A.html" [1]
2023-02-07 17:12:24 URL:https://www.quake-info-pool.net/icons/binary.gif [246/246] -> "www.quake-info-pool.net/icons/binary.gif" [1]
2023-02-07 17:12:25 URL:https://www.quake-info-pool.net/files/addons/aop/abyss-x86-up107.exe [234744/234744] -> "www.quake-info-pool.net/files/addons/aop/abyss-x86-up107.exe" [1]
2023-02-07 17:12:25 URL:https://www.quake-info-pool.net/files/addons/aop/abyss-x86-v200.exe [4602231/4602231] -> "www.quake-info-pool.net/files/addons/aop/abyss-x86-v200.exe" [1]
2023-02-07 17:12:26 URL:https://www.quake-info-pool.net/files/addons/aop/aopv105a.zip [3726331/3726331] -> "www.quake-info-pool.net/files/addons/aop/aopv105a.zip" [1]
2023-02-07 17:12:26 URL:https://www.quake-info-pool.net/files/addons/aop/aopv105b.zip [5121223/5121223] -> "www.quake-info-pool.net/files/addons/aop/aopv105b.zip" [1]
2023-02-07 17:12:26 URL:https://www.quake-info-pool.net/files/addons/aop/aopv105c.zip [2594224/2594224] -> "www.quake-info-pool.net/files/addons/aop/aopv105c.zip" [1]
2023-02-07 17:12:27 URL:https://www.quake-info-pool.net/files/addons/aop/aopv105d.zip [1654980/1654980] -> "www.quake-info-pool.net/files/addons/aop/aopv105d.zip" [1]
2023-02-07 17:12:27 URL:https://www.quake-info-pool.net/files/addons/aop/license.txt [11909/11909] -> "www.quake-info-pool.net/files/addons/aop/license.txt" [1]
2023-02-07 17:12:27 URL:https://www.quake-info-pool.net/files/addons/old/?C=N;O=D [1850/1850] -> "www.quake-info-pool.net/files/addons/old/index.html?C=N;O=D.html" [1]
2023-02-07 17:12:27 URL:https://www.quake-info-pool.net/files/addons/old/?C=M;O=A [1850/1850] -> "www.quake-info-pool.net/files/addons/old/index.html?C=M;O=A.html" [1]
2023-02-07 17:12:27 URL:https://www.quake-info-pool.net/files/addons/old/?C=S;O=A [1850/1850] -> "www.quake-info-pool.net/files/addons/old/index.html?C=S;O=A.html" [1]
2023-02-07 17:12:27 URL:https://www.quake-info-pool.net/files/addons/old/?C=D;O=A [1850/1850] -> "www.quake-info-pool.net/files/addons/old/index.html?C=D;O=A.html" [1]
2023-02-07 17:12:27 URL:https://www.quake-info-pool.net/files/addons/old/_urqp102.txt [7736/7736] -> "www.quake-info-pool.net/files/addons/old/_urqp102.txt" [1]
2023-02-07 17:12:27 URL:https://www.quake-info-pool.net/files/addons/old/_urqp104a.zip.txt [49/49] -> "www.quake-info-pool.net/files/addons/old/_urqp104a.zip.txt" [1]
2023-02-07 17:12:27 URL:https://www.quake-info-pool.net/files/addons/old/_urqp105.zip.txt [48/48] -> "www.quake-info-pool.net/files/addons/old/_urqp105.zip.txt" [1]
2023-02-07 17:12:27 URL:https://www.quake-info-pool.net/files/addons/old/urqp104a.zip [963712/963712] -> "www.quake-info-pool.net/files/addons/old/urqp104a.zip" [1]
2023-02-07 17:12:27 URL:https://www.quake-info-pool.net/files/addons/old/urqp105.zip [1089790/1089790] -> "www.quake-info-pool.net/files/addons/old/urqp105.zip" [1]
2023-02-07 17:12:27 URL:https://www.quake-info-pool.net/files/demos/?C=N;O=A [9171] -> "www.quake-info-pool.net/files/demos/index.html?C=N;O=A.html" [1]
2023-02-07 17:12:27 URL:https://www.quake-info-pool.net/files/demos/?C=M;O=D [9171] -> "www.quake-info-pool.net/files/demos/index.html?C=M;O=D.html" [1]
2023-02-07 17:12:27 URL:https://www.quake-info-pool.net/files/demos/?C=S;O=D [9171] -> "www.quake-info-pool.net/files/demos/index.html?C=S;O=D.html" [1]
2023-02-07 17:12:27 URL:https://www.quake-info-pool.net/files/demos/?C=D;O=D [9171] -> "www.quake-info-pool.net/files/demos/index.html?C=D;O=D.html" [1]
2023-02-07 17:12:27 URL:https://www.quake-info-pool.net/files/engine/?C=N;O=A [2567/2567] -> "www.quake-info-pool.net/files/engine/index.html?C=N;O=A.html" [1]
2023-02-07 17:12:27 URL:https://www.quake-info-pool.net/files/engine/?C=M;O=D [2567/2567] -> "www.quake-info-pool.net/files/engine/index.html?C=M;O=D.html" [1]
2023-02-07 17:12:27 URL:https://www.quake-info-pool.net/files/engine/?C=S;O=D [2567/2567] -> "www.quake-info-pool.net/files/engine/index.html?C=S;O=D.html" [1]
2023-02-07 17:12:27 URL:https://www.quake-info-pool.net/files/engine/?C=D;O=D [2567/2567] -> "www.quake-info-pool.net/files/engine/index.html?C=D;O=D.html" [1]
2023-02-07 17:12:27 URL:https://www.quake-info-pool.net/files/engine/old/?C=N;O=D [5396/5396] -> "www.quake-info-pool.net/files/engine/old/index.html?C=N;O=D.html" [1]
2023-02-07 17:12:27 URL:https://www.quake-info-pool.net/files/engine/old/?C=M;O=A [5396/5396] -> "www.quake-info-pool.net/files/engine/old/index.html?C=M;O=A.html" [1]
2023-02-07 17:12:27 URL:https://www.quake-info-pool.net/files/engine/old/?C=S;O=A [5396/5396] -> "www.quake-info-pool.net/files/engine/old/index.html?C=S;O=A.html" [1]
2023-02-07 17:12:27 URL:https://www.quake-info-pool.net/files/engine/old/?C=D;O=A [5396/5396] -> "www.quake-info-pool.net/files/engine/old/index.html?C=D;O=A.html" [1]
2023-02-07 17:12:27 URL:https://www.quake-info-pool.net/files/engine/old/_glquake_qip20000723.zip.txt [56/56] -> "www.quake-info-pool.net/files/engine/old/_glquake_qip20000723.zip.txt" [1]
2023-02-07 17:12:27 URL:https://www.quake-info-pool.net/files/engine/old/_glquake_qip20000820.zip.txt [56/56] -> "www.quake-info-pool.net/files/engine/old/_glquake_qip20000820.zip.txt" [1]
2023-02-07 17:12:27 URL:https://www.quake-info-pool.net/files/engine/old/_qip_exe_20020104.zip.txt [126/126] -> "www.quake-info-pool.net/files/engine/old/_qip_exe_20020104.zip.txt" [1]
2023-02-07 17:12:27 URL:https://www.quake-info-pool.net/files/engine/old/_qip_src_20020104.zip.txt [118/118] -> "www.quake-info-pool.net/files/engine/old/_qip_src_20020104.zip.txt" [1]
2023-02-07 17:12:27 URL:https://www.quake-info-pool.net/files/engine/old/_quake_qip20000723.zip.txt [51/51] -> "www.quake-info-pool.net/files/engine/old/_quake_qip20000723.zip.txt" [1]
2023-02-07 17:12:27 URL:https://www.quake-info-pool.net/files/engine/old/_quake_qip20000820.zip.txt [51/51] -> "www.quake-info-pool.net/files/engine/old/_quake_qip20000820.zip.txt" [1]
2023-02-07 17:12:27 URL:https://www.quake-info-pool.net/files/engine/old/_srcdelta20000820.zip.txt [103/103] -> "www.quake-info-pool.net/files/engine/old/_srcdelta20000820.zip.txt" [1]
2023-02-07 17:12:27 URL:https://www.quake-info-pool.net/files/engine/old/_srcfixes20000723.zip.txt [65/65] -> "www.quake-info-pool.net/files/engine/old/_srcfixes20000723.zip.txt" [1]
2023-02-07 17:12:27 URL:https://www.quake-info-pool.net/files/engine/old/_winquake_qip20000723.zip.txt [51/51] -> "www.quake-info-pool.net/files/engine/old/_winquake_qip20000723.zip.txt" [1]
2023-02-07 17:12:27 URL:https://www.quake-info-pool.net/files/engine/old/_winquake_qip20000820.zip.txt [51/51] -> "www.quake-info-pool.net/files/engine/old/_winquake_qip20000820.zip.txt" [1]
2023-02-07 17:12:27 URL:https://www.quake-info-pool.net/files/engine/old/glquake_qip20000723.zip [237512/237512] -> "www.quake-info-pool.net/files/engine/old/glquake_qip20000723.zip" [1]
2023-02-07 17:12:27 URL:https://www.quake-info-pool.net/files/engine/old/glquake_qip20000820.zip [237055/237055] -> "www.quake-info-pool.net/files/engine/old/glquake_qip20000820.zip" [1]
2023-02-07 17:12:27 URL:https://www.quake-info-pool.net/files/engine/old/qip_exe_20020104.zip [664669/664669] -> "www.quake-info-pool.net/files/engine/old/qip_exe_20020104.zip" [1]
2023-02-07 17:12:27 URL:https://www.quake-info-pool.net/files/engine/old/qip_src_20020104.zip [1088238/1088238] -> "www.quake-info-pool.net/files/engine/old/qip_src_20020104.zip" [1]
2023-02-07 17:12:27 URL:https://www.quake-info-pool.net/files/engine/old/quake_qip20000723.zip [275298/275298] -> "www.quake-info-pool.net/files/engine/old/quake_qip20000723.zip" [1]
2023-02-07 17:12:27 URL:https://www.quake-info-pool.net/files/engine/old/quake_qip20000820.zip [251765/251765] -> "www.quake-info-pool.net/files/engine/old/quake_qip20000820.zip" [1]
2023-02-07 17:12:27 URL:https://www.quake-info-pool.net/files/engine/old/srcdelta20000820.zip [222585/222585] -> "www.quake-info-pool.net/files/engine/old/srcdelta20000820.zip" [1]
2023-02-07 17:12:28 URL:https://www.quake-info-pool.net/files/engine/old/srcfixes20000723.zip [2233918/2233918] -> "www.quake-info-pool.net/files/engine/old/srcfixes20000723.zip" [1]
2023-02-07 17:12:28 URL:https://www.quake-info-pool.net/files/engine/old/winquake_qip20000723.zip [288859/288859] -> "www.quake-info-pool.net/files/engine/old/winquake_qip20000723.zip" [1]
2023-02-07 17:12:28 URL:https://www.quake-info-pool.net/files/engine/old/winquake_qip20000820.zip [288598/288598] -> "www.quake-info-pool.net/files/engine/old/winquake_qip20000820.zip" [1]
2023-02-07 17:12:28 URL:https://www.quake-info-pool.net/files/jk2/?C=N;O=A [1307/1307] -> "www.quake-info-pool.net/files/jk2/index.html?C=N;O=A.html" [1]
2023-02-07 17:12:28 URL:https://www.quake-info-pool.net/files/jk2/?C=M;O=D [1307/1307] -> "www.quake-info-pool.net/files/jk2/index.html?C=M;O=D.html" [1]
2023-02-07 17:12:28 URL:https://www.quake-info-pool.net/files/jk2/?C=S;O=D [1307/1307] -> "www.quake-info-pool.net/files/jk2/index.html?C=S;O=D.html" [1]
2023-02-07 17:12:28 URL:https://www.quake-info-pool.net/files/jk2/?C=D;O=D [1307/1307] -> "www.quake-info-pool.net/files/jk2/index.html?C=D;O=D.html" [1]
2023-02-07 17:12:28 URL:https://www.quake-info-pool.net/files/mapfixes/?C=N;O=A [8009] -> "www.quake-info-pool.net/files/mapfixes/index.html?C=N;O=A.html" [1]
2023-02-07 17:12:28 URL:https://www.quake-info-pool.net/files/mapfixes/?C=M;O=D [8009] -> "www.quake-info-pool.net/files/mapfixes/index.html?C=M;O=D.html" [1]
2023-02-07 17:12:28 URL:https://www.quake-info-pool.net/files/mapfixes/?C=S;O=D [8009] -> "www.quake-info-pool.net/files/mapfixes/index.html?C=S;O=D.html" [1]
2023-02-07 17:12:28 URL:https://www.quake-info-pool.net/files/mapfixes/?C=D;O=D [8009] -> "www.quake-info-pool.net/files/mapfixes/index.html?C=D;O=D.html" [1]
2023-02-07 17:12:28 URL:https://www.quake-info-pool.net/files/maps/?C=N;O=A [2049/2049] -> "www.quake-info-pool.net/files/maps/index.html?C=N;O=A.html" [1]
2023-02-07 17:12:28 URL:https://www.quake-info-pool.net/files/maps/?C=M;O=D [2049/2049] -> "www.quake-info-pool.net/files/maps/index.html?C=M;O=D.html" [1]
2023-02-07 17:12:28 URL:https://www.quake-info-pool.net/files/maps/?C=S;O=D [2049/2049] -> "www.quake-info-pool.net/files/maps/index.html?C=S;O=D.html" [1]
2023-02-07 17:12:28 URL:https://www.quake-info-pool.net/files/maps/?C=D;O=D [2049/2049] -> "www.quake-info-pool.net/files/maps/index.html?C=D;O=D.html" [1]
2023-02-07 17:12:28 URL:https://www.quake-info-pool.net/files/misc/?C=N;O=A [1641/1641] -> "www.quake-info-pool.net/files/misc/index.html?C=N;O=A.html" [1]
2023-02-07 17:12:28 URL:https://www.quake-info-pool.net/files/misc/?C=M;O=D [1641/1641] -> "www.quake-info-pool.net/files/misc/index.html?C=M;O=D.html" [1]
2023-02-07 17:12:28 URL:https://www.quake-info-pool.net/files/misc/?C=S;O=D [1641/1641] -> "www.quake-info-pool.net/files/misc/index.html?C=S;O=D.html" [1]
2023-02-07 17:12:28 URL:https://www.quake-info-pool.net/files/misc/?C=D;O=D [1641/1641] -> "www.quake-info-pool.net/files/misc/index.html?C=D;O=D.html" [1]
2023-02-07 17:12:28 URL:https://www.quake-info-pool.net/files/models/?C=N;O=A [1201/1201] -> "www.quake-info-pool.net/files/models/index.html?C=N;O=A.html" [1]
2023-02-07 17:12:28 URL:https://www.quake-info-pool.net/files/models/?C=M;O=D [1201/1201] -> "www.quake-info-pool.net/files/models/index.html?C=M;O=D.html" [1]
2023-02-07 17:12:28 URL:https://www.quake-info-pool.net/files/models/?C=S;O=D [1201/1201] -> "www.quake-info-pool.net/files/models/index.html?C=S;O=D.html" [1]
2023-02-07 17:12:28 URL:https://www.quake-info-pool.net/files/models/?C=D;O=D [1201/1201] -> "www.quake-info-pool.net/files/models/index.html?C=D;O=D.html" [1]
2023-02-07 17:12:28 URL:https://www.quake-info-pool.net/files/tools/?C=N;O=A [7787/7787] -> "www.quake-info-pool.net/files/tools/index.html?C=N;O=A.html" [1]
2023-02-07 17:12:28 URL:https://www.quake-info-pool.net/files/tools/?C=M;O=D [7787/7787] -> "www.quake-info-pool.net/files/tools/index.html?C=M;O=D.html" [1]
2023-02-07 17:12:28 URL:https://www.quake-info-pool.net/files/tools/?C=S;O=D [7787/7787] -> "www.quake-info-pool.net/files/tools/index.html?C=S;O=D.html" [1]
2023-02-07 17:12:28 URL:https://www.quake-info-pool.net/files/tools/?C=D;O=D [7787/7787] -> "www.quake-info-pool.net/files/tools/index.html?C=D;O=D.html" [1]
2023-02-07 17:12:28 URL:https://www.quake-info-pool.net/files/tools/old/?C=N;O=D [2097/2097] -> "www.quake-info-pool.net/files/tools/old/index.html?C=N;O=D.html" [1]
2023-02-07 17:12:28 URL:https://www.quake-info-pool.net/files/tools/old/?C=M;O=A [2097/2097] -> "www.quake-info-pool.net/files/tools/old/index.html?C=M;O=A.html" [1]
2023-02-07 17:12:28 URL:https://www.quake-info-pool.net/files/tools/old/?C=S;O=A [2097/2097] -> "www.quake-info-pool.net/files/tools/old/index.html?C=S;O=A.html" [1]
2023-02-07 17:12:28 URL:https://www.quake-info-pool.net/files/tools/old/?C=D;O=A [2097/2097] -> "www.quake-info-pool.net/files/tools/old/index.html?C=D;O=A.html" [1]
2023-02-07 17:12:28 URL:https://www.quake-info-pool.net/files/tools/old/_ogl16bit.zip.txt [92/92] -> "www.quake-info-pool.net/files/tools/old/_ogl16bit.zip.txt" [1]
2023-02-07 17:12:28 URL:https://www.quake-info-pool.net/files/tools/old/_qutils_fix.zip.txt [12/12] -> "www.quake-info-pool.net/files/tools/old/_qutils_fix.zip.txt" [1]
2023-02-07 17:12:28 URL:https://www.quake-info-pool.net/files/tools/old/_qutils_fix100.zip.txt [17/17] -> "www.quake-info-pool.net/files/tools/old/_qutils_fix100.zip.txt" [1]
2023-02-07 17:12:28 URL:https://www.quake-info-pool.net/files/tools/old/ogl16bit.zip [29395/29395] -> "www.quake-info-pool.net/files/tools/old/ogl16bit.zip" [1]
2023-02-07 17:12:28 URL:https://www.quake-info-pool.net/files/tools/old/qutils_fix.zip [67367/67367] -> "www.quake-info-pool.net/files/tools/old/qutils_fix.zip" [1]
2023-02-07 17:12:28 URL:https://www.quake-info-pool.net/files/tools/old/qutils_fix100.zip [501833/501833] -> "www.quake-info-pool.net/files/tools/old/qutils_fix100.zip" [1]
2023-02-07 17:12:28 URL:https://www.quake-info-pool.net/files/watervis/?C=N;O=A [1189/1189] -> "www.quake-info-pool.net/files/watervis/index.html?C=N;O=A.html" [1]
2023-02-07 17:12:28 URL:https://www.quake-info-pool.net/files/watervis/?C=M;O=D [1189/1189] -> "www.quake-info-pool.net/files/watervis/index.html?C=M;O=D.html" [1]
2023-02-07 17:12:28 URL:https://www.quake-info-pool.net/files/watervis/?C=S;O=D [1189/1189] -> "www.quake-info-pool.net/files/watervis/index.html?C=S;O=D.html" [1]
2023-02-07 17:12:28 URL:https://www.quake-info-pool.net/files/watervis/?C=D;O=D [1189/1189] -> "www.quake-info-pool.net/files/watervis/index.html?C=D;O=D.html" [1]
2023-02-07 17:12:28 URL:https://www.quake-info-pool.net/files/watervis/patches/?C=N;O=D [6516/6516] -> "www.quake-info-pool.net/files/watervis/patches/index.html?C=N;O=D.html" [1]
2023-02-07 17:12:28 URL:https://www.quake-info-pool.net/files/watervis/patches/?C=M;O=A [6516/6516] -> "www.quake-info-pool.net/files/watervis/patches/index.html?C=M;O=A.html" [1]
2023-02-07 17:12:28 URL:https://www.quake-info-pool.net/files/watervis/patches/?C=S;O=A [6516/6516] -> "www.quake-info-pool.net/files/watervis/patches/index.html?C=S;O=A.html" [1]
2023-02-07 17:12:28 URL:https://www.quake-info-pool.net/files/watervis/patches/?C=D;O=A [6516/6516] -> "www.quake-info-pool.net/files/watervis/patches/index.html?C=D;O=A.html" [1]
2023-02-07 17:12:28 URL:https://www.quake-info-pool.net/files/watervis/tools/?C=N;O=D [2052/2052] -> "www.quake-info-pool.net/files/watervis/tools/index.html?C=N;O=D.html" [1]
2023-02-07 17:12:28 URL:https://www.quake-info-pool.net/files/watervis/tools/?C=M;O=A [2052/2052] -> "www.quake-info-pool.net/files/watervis/tools/index.html?C=M;O=A.html" [1]
2023-02-07 17:12:28 URL:https://www.quake-info-pool.net/files/watervis/tools/?C=S;O=A [2052/2052] -> "www.quake-info-pool.net/files/watervis/tools/index.html?C=S;O=A.html" [1]
2023-02-07 17:12:28 URL:https://www.quake-info-pool.net/files/watervis/tools/?C=D;O=A [2052/2052] -> "www.quake-info-pool.net/files/watervis/tools/index.html?C=D;O=A.html" [1]
2023-02-07 17:12:28 URL:https://www.quake-info-pool.net/files/watervis/tools/pakexpl.zip [78502/78502] -> "www.quake-info-pool.net/files/watervis/tools/pakexpl.zip" [1]
2023-02-07 17:12:28 URL:https://www.quake-info-pool.net/files/addons/aop/?C=N;O=A [2278/2278] -> "www.quake-info-pool.net/files/addons/aop/index.html?C=N;O=A.html" [1]
2023-02-07 17:12:28 URL:https://www.quake-info-pool.net/files/addons/aop/?C=M;O=D [2278/2278] -> "www.quake-info-pool.net/files/addons/aop/index.html?C=M;O=D.html" [1]
2023-02-07 17:12:28 URL:https://www.quake-info-pool.net/files/addons/aop/?C=S;O=D [2278/2278] -> "www.quake-info-pool.net/files/addons/aop/index.html?C=S;O=D.html" [1]
2023-02-07 17:12:28 URL:https://www.quake-info-pool.net/files/addons/aop/?C=D;O=D [2278/2278] -> "www.quake-info-pool.net/files/addons/aop/index.html?C=D;O=D.html" [1]
2023-02-07 17:12:28 URL:https://www.quake-info-pool.net/files/addons/old/?C=N;O=A [1850/1850] -> "www.quake-info-pool.net/files/addons/old/index.html?C=N;O=A.html" [1]
2023-02-07 17:12:28 URL:https://www.quake-info-pool.net/files/addons/old/?C=M;O=D [1850/1850] -> "www.quake-info-pool.net/files/addons/old/index.html?C=M;O=D.html" [1]
2023-02-07 17:12:28 URL:https://www.quake-info-pool.net/files/addons/old/?C=S;O=D [1850/1850] -> "www.quake-info-pool.net/files/addons/old/index.html?C=S;O=D.html" [1]
2023-02-07 17:12:28 URL:https://www.quake-info-pool.net/files/addons/old/?C=D;O=D [1850/1850] -> "www.quake-info-pool.net/files/addons/old/index.html?C=D;O=D.html" [1]
2023-02-07 17:12:28 URL:https://www.quake-info-pool.net/files/engine/old/?C=N;O=A [5396/5396] -> "www.quake-info-pool.net/files/engine/old/index.html?C=N;O=A.html" [1]
2023-02-07 17:12:28 URL:https://www.quake-info-pool.net/files/engine/old/?C=M;O=D [5396/5396] -> "www.quake-info-pool.net/files/engine/old/index.html?C=M;O=D.html" [1]
2023-02-07 17:12:28 URL:https://www.quake-info-pool.net/files/engine/old/?C=S;O=D [5396/5396] -> "www.quake-info-pool.net/files/engine/old/index.html?C=S;O=D.html" [1]
2023-02-07 17:12:28 URL:https://www.quake-info-pool.net/files/engine/old/?C=D;O=D [5396/5396] -> "www.quake-info-pool.net/files/engine/old/index.html?C=D;O=D.html" [1]
2023-02-07 17:12:28 URL:https://www.quake-info-pool.net/files/tools/old/?C=N;O=A [2097/2097] -> "www.quake-info-pool.net/files/tools/old/index.html?C=N;O=A.html" [1]
2023-02-07 17:12:28 URL:https://www.quake-info-pool.net/files/tools/old/?C=M;O=D [2097/2097] -> "www.quake-info-pool.net/files/tools/old/index.html?C=M;O=D.html" [1]
2023-02-07 17:12:28 URL:https://www.quake-info-pool.net/files/tools/old/?C=S;O=D [2097/2097] -> "www.quake-info-pool.net/files/tools/old/index.html?C=S;O=D.html" [1]
2023-02-07 17:12:28 URL:https://www.quake-info-pool.net/files/tools/old/?C=D;O=D [2097/2097] -> "www.quake-info-pool.net/files/tools/old/index.html?C=D;O=D.html" [1]
2023-02-07 17:12:28 URL:https://www.quake-info-pool.net/files/watervis/patches/?C=N;O=A [6516/6516] -> "www.quake-info-pool.net/files/watervis/patches/index.html?C=N;O=A.html" [1]
2023-02-07 17:12:28 URL:https://www.quake-info-pool.net/files/watervis/patches/?C=M;O=D [6516/6516] -> "www.quake-info-pool.net/files/watervis/patches/index.html?C=M;O=D.html" [1]
2023-02-07 17:12:28 URL:https://www.quake-info-pool.net/files/watervis/patches/?C=S;O=D [6516/6516] -> "www.quake-info-pool.net/files/watervis/patches/index.html?C=S;O=D.html" [1]
2023-02-07 17:12:28 URL:https://www.quake-info-pool.net/files/watervis/patches/?C=D;O=D [6516/6516] -> "www.quake-info-pool.net/files/watervis/patches/index.html?C=D;O=D.html" [1]
2023-02-07 17:12:28 URL:https://www.quake-info-pool.net/files/watervis/tools/?C=N;O=A [2052/2052] -> "www.quake-info-pool.net/files/watervis/tools/index.html?C=N;O=A.html" [1]
2023-02-07 17:12:28 URL:https://www.quake-info-pool.net/files/watervis/tools/?C=M;O=D [2052/2052] -> "www.quake-info-pool.net/files/watervis/tools/index.html?C=M;O=D.html" [1]
2023-02-07 17:12:28 URL:https://www.quake-info-pool.net/files/watervis/tools/?C=S;O=D [2052/2052] -> "www.quake-info-pool.net/files/watervis/tools/index.html?C=S;O=D.html" [1]
2023-02-07 17:12:28 URL:https://www.quake-info-pool.net/files/watervis/tools/?C=D;O=D [2052/2052] -> "www.quake-info-pool.net/files/watervis/tools/index.html?C=D;O=D.html" [1]
FINISHED --2023-02-07 17:12:28--
Total wall clock time: 12s
Downloaded: 529 files, 68M in 4.1s (16.5 MB/s)
